#
# A fatal error has been detected by the Java Runtime Environment:
#
#  EXCEPTION_ACCESS_VIOLATION (0xc0000005) at pc=0x00007ff8356c82e9, pid=21852, tid=0x0000000000002018
#
# JRE version: Java(TM) SE Runtime Environment (8.0_471) (build 1.8.0_471-b09)
# Java VM: Java HotSpot(TM) 64-Bit Server VM (25.471-b09 mixed mode windows-amd64 compressed oops)
# Problematic frame:
# C  [nvoglv64.dll+0x8682e9]
#
# Failed to write core dump. Minidumps are not enabled by default on client versions of Windows
#
# If you would like to submit a bug report, please visit:
#   https://bugreport.java.com/bugreport/crash.jsp
#

---------------  T H R E A D  ---------------

Current thread (0x0000016c41269800):  VMThread [stack: 0x00000060d8b00000,0x00000060d8c00000] [id=8216]

siginfo: ExceptionCode=0xc0000005, reading address 0x0000000000001238

Registers:
RAX=0x0000000000000000, RBX=0x0000016c4580c9d0, RCX=0x0000000000000004, RDX=0x0000000000000000
RSP=0x00000060d8bfed78, RBP=0x0000000000000000, RSI=0x0000000000000000, RDI=0x0000016c4580c9d0
R8 =0x0000000000000000, R9 =0x0000016c6cbec040, R10=0xfffffffffffff000, R11=0x00000060d8bfed80
R12=0x0000016c73200000, R13=0x0000016c73333820, R14=0x0000000000000000, R15=0x0000000000000000
RIP=0x00007ff8356c82e9, EFLAGS=0x0000000000010202

Top of Stack: (sp=0x00000060d8bfed78)
0x00000060d8bfed78:   0000016c7320bbf1 0000000000000000
0x00000060d8bfed88:   0000000000000000 0000016c73333820
0x00000060d8bfed98:   0000016c73200000 fffffffffffffffe
0x00000060d8bfeda8:   00007ff8be9947b1 0000016c6cbec138
0x00000060d8bfedb8:   0000016c73208281 0000000000000000
0x00000060d8bfedc8:   0000000000000000 0000000000000000
0x00000060d8bfedd8:   0000006000000000 0000016c6cbec138
0x00000060d8bfede8:   0000016c73207c71 0000016c6cbec040
0x00000060d8bfedf8:   0000000000000000 0000016c456d49e0
0x00000060d8bfee08:   00007ff8be995ba1 0000016c73333840
0x00000060d8bfee18:   0000016c7324ac0d 0000000000000040
0x00000060d8bfee28:   00007ff800000000 00000060d8bfef68
0x00000060d8bfee38:   0000016c0a430000 0000016c73200000
0x00000060d8bfee48:   0000016c0a4d86e8 0000016c73293f4c
0x00000060d8bfee58:   0000000000000001 0000000000000001
0x00000060d8bfee68:   0000016c7320a083 0000000000000000 

Instructions: (pc=0x00007ff8356c82e9)
0x00007ff8356c82c9:   af af af af af af af c3 cc cc cc cc cc cc cc cc
0x00007ff8356c82d9:   cc cc cc cc cc cc cc 65 48 8b 04 25 30 16 00 00
0x00007ff8356c82e9:   ff a0 38 12 00 00 cc cc cc cc cc cc cc cc cc cc
0x00007ff8356c82f9:   cc cc cc cc cc cc cc cc cc cc cc cc cc cc cc cc 


Register to memory mapping:

RAX=0x0000000000000000 is an unknown value
RBX=0x0000016c4580c9d0 is an unknown value
RCX=0x0000000000000004 is an unknown value
RDX=0x0000000000000000 is an unknown value
RSP=0x00000060d8bfed78 is an unknown value
RBP=0x0000000000000000 is an unknown value
RSI=0x0000000000000000 is an unknown value
RDI=0x0000016c4580c9d0 is an unknown value
R8 =0x0000000000000000 is an unknown value
R9 =0x0000016c6cbec040 is an unknown value
R10=0xfffffffffffff000 is an unknown value
R11=0x00000060d8bfed80 is an unknown value
R12=0x0000016c73200000 is an unknown value
R13=0x0000016c73333820 is an unknown value
R14=0x0000000000000000 is an unknown value
R15=0x0000000000000000 is an unknown value


Stack: [0x00000060d8b00000,0x00000060d8c00000],  sp=0x00000060d8bfed78,  free space=1019k
Native frames: (J=compiled Java code, j=interpreted, Vv=VM code, C=native code)

VM_Operation (0x00000060d7dfe5c0): Exit, mode: safepoint, requested by thread 0x0000016c0a47b800


---------------  P R O C E S S  ---------------

Java Threads: ( => current thread )
  0x0000016c482c2800 JavaThread "File IO Thread" [_thread_blocked, id=22980, stack(0x00000060d7a00000,0x00000060d7b00000)]
  0x0000016c482bd800 JavaThread "Chunk I/O Executor Thread-1" daemon [_thread_blocked, id=23168, stack(0x00000060db000000,0x00000060db100000)]
  0x0000016c482c0800 JavaThread "Netty IO #1" daemon [_thread_in_native, id=23144, stack(0x00000060daf00000,0x00000060db000000)]
  0x0000016c482b8800 JavaThread "Netty Client IO #0" daemon [_thread_in_native, id=23140, stack(0x00000060dac00000,0x00000060dad00000)]
  0x0000016c482bf800 JavaThread "Netty IO #0" daemon [_thread_in_native, id=23136, stack(0x00000060da900000,0x00000060daa00000)]
  0x0000016c4a128800 JavaThread "LWJGL Timer" daemon [_thread_blocked, id=18080, stack(0x00000060da800000,0x00000060da900000)]
  0x0000016c43f7b800 JavaThread "Java2D Disposer" daemon [_thread_blocked, id=18876, stack(0x00000060da000000,0x00000060da100000)]
  0x0000016c43f7a800 JavaThread "Timer hack thread" daemon [_thread_blocked, id=10896, stack(0x00000060d9f00000,0x00000060da000000)]
  0x0000016c4b827800 JavaThread "Snooper Timer" daemon [_thread_blocked, id=4976, stack(0x00000060d9e00000,0x00000060d9f00000)]
  0x0000016c44053000 JavaThread "Service Thread" daemon [_thread_blocked, id=8196, stack(0x00000060d9c00000,0x00000060d9d00000)]
  0x0000016c43f7a000 JavaThread "C1 CompilerThread11" daemon [_thread_blocked, id=17552, stack(0x00000060d9b00000,0x00000060d9c00000)]
  0x0000016c43fe5800 JavaThread "C1 CompilerThread10" daemon [_thread_blocked, id=2044, stack(0x00000060d9a00000,0x00000060d9b00000)]
  0x0000016c43fca800 JavaThread "C1 CompilerThread9" daemon [_thread_blocked, id=10312, stack(0x00000060d9900000,0x00000060d9a00000)]
  0x0000016c43fad800 JavaThread "C1 CompilerThread8" daemon [_thread_blocked, id=19072, stack(0x00000060d9800000,0x00000060d9900000)]
  0x0000016c43fad000 JavaThread "C2 CompilerThread7" daemon [_thread_blocked, id=9468, stack(0x00000060d9700000,0x00000060d9800000)]
  0x0000016c43f9c000 JavaThread "C2 CompilerThread6" daemon [_thread_blocked, id=3736, stack(0x00000060d9600000,0x00000060d9700000)]
  0x0000016c43f92000 JavaThread "C2 CompilerThread5" daemon [_thread_blocked, id=14468, stack(0x00000060d9500000,0x00000060d9600000)]
  0x0000016c43f8b000 JavaThread "C2 CompilerThread4" daemon [_thread_blocked, id=22080, stack(0x00000060d9400000,0x00000060d9500000)]
  0x0000016c43f8a800 JavaThread "C2 CompilerThread3" daemon [_thread_blocked, id=11612, stack(0x00000060d9300000,0x00000060d9400000)]
  0x0000016c43f89800 JavaThread "C2 CompilerThread2" daemon [_thread_blocked, id=10908, stack(0x00000060d9200000,0x00000060d9300000)]
  0x0000016c43f85000 JavaThread "C2 CompilerThread1" daemon [_thread_blocked, id=3884, stack(0x00000060d9100000,0x00000060d9200000)]
  0x0000016c43f83800 JavaThread "C2 CompilerThread0" daemon [_thread_blocked, id=21744, stack(0x00000060d9000000,0x00000060d9100000)]
  0x0000016c43f80800 JavaThread "Attach Listener" daemon [_thread_blocked, id=2492, stack(0x00000060d8f00000,0x00000060d9000000)]
  0x0000016c43f7f000 JavaThread "Signal Dispatcher" daemon [_thread_blocked, id=18648, stack(0x00000060d8e00000,0x00000060d8f00000)]
  0x0000016c41279800 JavaThread "Finalizer" daemon [_thread_blocked, id=4332, stack(0x00000060d8d00000,0x00000060d8e00000)]
  0x0000016c43f50800 JavaThread "Reference Handler" daemon [_thread_blocked, id=4056, stack(0x00000060d8c00000,0x00000060d8d00000)]
  0x0000016c0a47b800 JavaThread "Client thread" [_thread_blocked, id=6976, stack(0x00000060d7d00000,0x00000060d7e00000)]

Other Threads:
=>0x0000016c41269800 VMThread [stack: 0x00000060d8b00000,0x00000060d8c00000] [id=8216]

VM state:at safepoint (shutting down)

VM Mutex/Monitor currently owned by a thread:  ([mutex/lock_event])
[0x0000016c0a4758b0] Threads_lock - owner thread: 0x0000016c41269800

heap address: 0x00000003c1400000, size: 16364 MB, Compressed Oops mode: Zero based, Oop shift amount: 3
Narrow klass base: 0x0000000000000000, Narrow klass shift: 3
Compressed class space size: 1073741824 Address: 0x00000007c0000000

Heap:
 PSYoungGen      total 838144K, used 821045K [0x000000066b180000, 0x00000006a5b80000, 0x00000007c0000000)
  eden space 772096K, 97% used [0x000000066b180000,0x0000000699443e08,0x000000069a380000)
  from space 66048K, 97% used [0x00000006a1b00000,0x00000006a5a098e8,0x00000006a5b80000)
  to   space 94208K, 0% used [0x000000069a380000,0x000000069a380000,0x000000069ff80000)
 ParOldGen       total 421376K, used 138760K [0x00000003c1400000, 0x00000003daf80000, 0x000000066b180000)
  object space 421376K, 32% used [0x00000003c1400000,0x00000003c9b82378,0x00000003daf80000)
 Metaspace       used 43509K, capacity 43921K, committed 44416K, reserved 1089536K
  class space    used 5002K, capacity 5123K, committed 5248K, reserved 1048576K

Card table byte_map: [0x0000016c1b2d0000,0x0000016c1d2d0000] byte_map_base: 0x0000016c194c6000

Marking Bits: (ParMarkBitMap*) 0x00007ffffd29a3e0
 Begin Bits: [0x0000016c1e820000, 0x0000016c2e7d0000)
 End Bits:   [0x0000016c2e7d0000, 0x0000016c3e780000)

Polling page: 0x0000016c0a400000

CodeCache: size=245760Kb used=33182Kb max_used=35785Kb free=212577Kb
 bounds [0x0000016c0bf10000, 0x0000016c0e260000, 0x0000016c1af10000]
 total_blobs=8530 nmethods=7680 adapters=755
 compilation: enabled

Compilation events (10 events):
Event: 190.133 Thread 0x0000016c43f89800 nmethod 11023 0x0000016c0d29ea10 code [0x0000016c0d29ebe0, 0x0000016c0d29f5a8]
Event: 190.137 Thread 0x0000016c43fad000 nmethod 11025 0x0000016c0d253290 code [0x0000016c0d253440, 0x0000016c0d2540a8]
Event: 190.178 Thread 0x0000016c43fad800 11026       3       java.util.concurrent.locks.AbstractQueuedSynchronizer$ConditionObject::signal (33 bytes)
Event: 190.179 Thread 0x0000016c43fad800 nmethod 11026 0x0000016c0d6beb90 code [0x0000016c0d6bed20, 0x0000016c0d6bf0b0]
Event: 190.215 Thread 0x0000016c43f7a000 11027       3       java.util.logging.LogManager$LoggerContext::ensureDefaultLogger (70 bytes)
Event: 190.216 Thread 0x0000016c43f7a000 nmethod 11027 0x0000016c0d29ccd0 code [0x0000016c0d29ce80, 0x0000016c0d29d730]
Event: 190.217 Thread 0x0000016c43fca800 11028       3       org.apache.logging.log4j.core.helpers.NameUtil::getSubName (32 bytes)
Event: 190.217 Thread 0x0000016c43fad800 11029       1       org.apache.logging.log4j.core.config.LoggerConfig::getLevel (5 bytes)
Event: 190.217 Thread 0x0000016c43fad800 nmethod 11029 0x0000016c0dcf6310 code [0x0000016c0dcf6460, 0x0000016c0dcf6578]
Event: 190.217 Thread 0x0000016c43fca800 nmethod 11028 0x0000016c0d3a4a10 code [0x0000016c0d3a4ba0, 0x0000016c0d3a5140]

GC Heap History (10 events):
Event: 52.212 GC heap before
{Heap before GC invocations=21 (full 5):
 PSYoungGen      total 806400K, used 767831K [0x000000066b180000, 0x00000006abc00000, 0x00000007c0000000)
  eden space 730624K, 100% used [0x000000066b180000,0x0000000697b00000,0x0000000697b00000)
  from space 75776K, 49% used [0x0000000697b00000,0x0000000699f55d60,0x000000069c500000)
  to   space 73728K, 0% used [0x00000006a7400000,0x00000006a7400000,0x00000006abc00000)
 ParOldGen       total 421376K, used 138728K [0x00000003c1400000, 0x00000003daf80000, 0x000000066b180000)
  object space 421376K, 32% used [0x00000003c1400000,0x00000003c9b7a378,0x00000003daf80000)
 Metaspace       used 43131K, capacity 43557K, committed 43776K, reserved 1087488K
  class space    used 4979K, capacity 5089K, committed 5120K, reserved 1048576K
Event: 52.222 GC heap after
Heap after GC invocations=21 (full 5):
 PSYoungGen      total 941568K, used 53688K [0x000000066b180000, 0x00000006aaa80000, 0x00000007c0000000)
  eden space 885760K, 0% used [0x000000066b180000,0x000000066b180000,0x00000006a1280000)
  from space 55808K, 96% used [0x00000006a7400000,0x00000006aa86e098,0x00000006aaa80000)
  to   space 77824K, 0% used [0x00000006a1280000,0x00000006a1280000,0x00000006a5e80000)
 ParOldGen       total 421376K, used 138736K [0x00000003c1400000, 0x00000003daf80000, 0x000000066b180000)
  object space 421376K, 32% used [0x00000003c1400000,0x00000003c9b7c378,0x00000003daf80000)
 Metaspace       used 43131K, capacity 43557K, committed 43776K, reserved 1087488K
  class space    used 4979K, capacity 5089K, committed 5120K, reserved 1048576K
}
Event: 100.392 GC heap before
{Heap before GC invocations=22 (full 5):
 PSYoungGen      total 941568K, used 939448K [0x000000066b180000, 0x00000006aaa80000, 0x00000007c0000000)
  eden space 885760K, 100% used [0x000000066b180000,0x00000006a1280000,0x00000006a1280000)
  from space 55808K, 96% used [0x00000006a7400000,0x00000006aa86e098,0x00000006aaa80000)
  to   space 77824K, 0% used [0x00000006a1280000,0x00000006a1280000,0x00000006a5e80000)
 ParOldGen       total 421376K, used 138736K [0x00000003c1400000, 0x00000003daf80000, 0x000000066b180000)
  object space 421376K, 32% used [0x00000003c1400000,0x00000003c9b7c378,0x00000003daf80000)
 Metaspace       used 43340K, capacity 43793K, committed 44160K, reserved 1087488K
  class space    used 4994K, capacity 5123K, committed 5248K, reserved 1048576K
Event: 100.403 GC heap after
Heap after GC invocations=22 (full 5):
 PSYoungGen      total 911872K, used 56114K [0x000000066b180000, 0x00000006a9400000, 0x00000007c0000000)
  eden space 855552K, 0% used [0x000000066b180000,0x000000066b180000,0x000000069f500000)
  from space 56320K, 99% used [0x00000006a1280000,0x00000006a494cad8,0x00000006a4980000)
  to   space 76288K, 0% used [0x00000006a4980000,0x00000006a4980000,0x00000006a9400000)
 ParOldGen       total 421376K, used 138744K [0x00000003c1400000, 0x00000003daf80000, 0x000000066b180000)
  object space 421376K, 32% used [0x00000003c1400000,0x00000003c9b7e378,0x00000003daf80000)
 Metaspace       used 43340K, capacity 43793K, committed 44160K, reserved 1087488K
  class space    used 4994K, capacity 5123K, committed 5248K, reserved 1048576K
}
Event: 155.096 GC heap before
{Heap before GC invocations=23 (full 5):
 PSYoungGen      total 911872K, used 902924K [0x000000066b180000, 0x00000006a9400000, 0x00000007c0000000)
  eden space 855552K, 98% used [0x000000066b180000,0x000000069ec76658,0x000000069f500000)
  from space 56320K, 99% used [0x00000006a1280000,0x00000006a494cad8,0x00000006a4980000)
  to   space 76288K, 0% used [0x00000006a4980000,0x00000006a4980000,0x00000006a9400000)
 ParOldGen       total 421376K, used 138744K [0x00000003c1400000, 0x00000003daf80000, 0x000000066b180000)
  object space 421376K, 32% used [0x00000003c1400000,0x00000003c9b7e378,0x00000003daf80000)
 Metaspace       used 43418K, capacity 43857K, committed 44416K, reserved 1089536K
  class space    used 4994K, capacity 5123K, committed 5248K, reserved 1048576K
Event: 155.105 GC heap after
Heap after GC invocations=23 (full 5):
 PSYoungGen      total 885760K, used 58987K [0x000000066b180000, 0x00000006a8380000, 0x00000007c0000000)
  eden space 826368K, 0% used [0x000000066b180000,0x000000066b180000,0x000000069d880000)
  from space 59392K, 99% used [0x00000006a4980000,0x00000006a831ae38,0x00000006a8380000)
  to   space 85504K, 0% used [0x000000069dc80000,0x000000069dc80000,0x00000006a3000000)
 ParOldGen       total 421376K, used 138752K [0x00000003c1400000, 0x00000003daf80000, 0x000000066b180000)
  object space 421376K, 32% used [0x00000003c1400000,0x00000003c9b80378,0x00000003daf80000)
 Metaspace       used 43418K, capacity 43857K, committed 44416K, reserved 1089536K
  class space    used 4994K, capacity 5123K, committed 5248K, reserved 1048576K
}
Event: 167.767 GC heap before
{Heap before GC invocations=24 (full 5):
 PSYoungGen      total 885760K, used 885355K [0x000000066b180000, 0x00000006a8380000, 0x00000007c0000000)
  eden space 826368K, 100% used [0x000000066b180000,0x000000069d880000,0x000000069d880000)
  from space 59392K, 99% used [0x00000006a4980000,0x00000006a831ae38,0x00000006a8380000)
  to   space 85504K, 0% used [0x000000069dc80000,0x000000069dc80000,0x00000006a3000000)
 ParOldGen       total 421376K, used 138752K [0x00000003c1400000, 0x00000003daf80000, 0x000000066b180000)
  object space 421376K, 32% used [0x00000003c1400000,0x00000003c9b80378,0x00000003daf80000)
 Metaspace       used 43453K, capacity 43857K, committed 44416K, reserved 1089536K
  class space    used 4994K, capacity 5123K, committed 5248K, reserved 1048576K
Event: 167.775 GC heap after
Heap after GC invocations=24 (full 5):
 PSYoungGen      total 862720K, used 63844K [0x000000066b180000, 0x00000006a6d80000, 0x00000007c0000000)
  eden space 798720K, 0% used [0x000000066b180000,0x000000066b180000,0x000000069bd80000)
  from space 64000K, 99% used [0x000000069dc80000,0x00000006a1ad9210,0x00000006a1b00000)
  to   space 84480K, 0% used [0x00000006a1b00000,0x00000006a1b00000,0x00000006a6d80000)
 ParOldGen       total 421376K, used 138760K [0x00000003c1400000, 0x00000003daf80000, 0x000000066b180000)
  object space 421376K, 32% used [0x00000003c1400000,0x00000003c9b82378,0x00000003daf80000)
 Metaspace       used 43453K, capacity 43857K, committed 44416K, reserved 1089536K
  class space    used 4994K, capacity 5123K, committed 5248K, reserved 1048576K
}
Event: 179.318 GC heap before
{Heap before GC invocations=25 (full 5):
 PSYoungGen      total 862720K, used 862564K [0x000000066b180000, 0x00000006a6d80000, 0x00000007c0000000)
  eden space 798720K, 100% used [0x000000066b180000,0x000000069bd80000,0x000000069bd80000)
  from space 64000K, 99% used [0x000000069dc80000,0x00000006a1ad9210,0x00000006a1b00000)
  to   space 84480K, 0% used [0x00000006a1b00000,0x00000006a1b00000,0x00000006a6d80000)
 ParOldGen       total 421376K, used 138760K [0x00000003c1400000, 0x00000003daf80000, 0x000000066b180000)
  object space 421376K, 32% used [0x00000003c1400000,0x00000003c9b82378,0x00000003daf80000)
 Metaspace       used 43463K, capacity 43921K, committed 44416K, reserved 1089536K
  class space    used 4994K, capacity 5123K, committed 5248K, reserved 1048576K
Event: 179.325 GC heap after
Heap after GC invocations=25 (full 5):
 PSYoungGen      total 838144K, used 64550K [0x000000066b180000, 0x00000006a5b80000, 0x00000007c0000000)
  eden space 772096K, 0% used [0x000000066b180000,0x000000066b180000,0x000000069a380000)
  from space 66048K, 97% used [0x00000006a1b00000,0x00000006a5a098e8,0x00000006a5b80000)
  to   space 94208K, 0% used [0x000000069a380000,0x000000069a380000,0x000000069ff80000)
 ParOldGen       total 421376K, used 138760K [0x00000003c1400000, 0x00000003daf80000, 0x000000066b180000)
  object space 421376K, 32% used [0x00000003c1400000,0x00000003c9b82378,0x00000003daf80000)
 Metaspace       used 43463K, capacity 43921K, committed 44416K, reserved 1089536K
  class space    used 4994K, capacity 5123K, committed 5248K, reserved 1048576K
}

Deoptimization events (10 events):
Event: 189.974 Thread 0x0000016c482b8800 Uncommon trap: reason=null_check action=make_not_entrant pc=0x0000016c0c856434 method=io.netty.util.DefaultAttributeMap.attr(Lio/netty/util/AttributeKey;)Lio/netty/util/Attribute; @ 46
Event: 189.974 Thread 0x0000016c482b8800 Uncommon trap: reason=unstable_if action=reinterpret pc=0x0000016c0c3f0994 method=io.netty.channel.local.LocalChannel.isActive()Z @ 5
Event: 189.974 Thread 0x0000016c482b8800 Uncommon trap: reason=unstable_if action=reinterpret pc=0x0000016c0c7d9b54 method=io.netty.channel.local.LocalChannel.isOpen()Z @ 5
Event: 189.974 Thread 0x0000016c482b8800 Uncommon trap: reason=unstable_if action=reinterpret pc=0x0000016c0c55eac0 method=io.netty.channel.local.LocalChannel.isActive()Z @ 5
Event: 190.125 Thread 0x0000016c482bb000 Uncommon trap: reason=unstable_if action=reinterpret pc=0x0000016c0c208194 method=java.util.Formatter$FormatSpecifier.print(ILjava/util/Locale;)V @ 4
Event: 190.125 Thread 0x0000016c482bb000 Uncommon trap: reason=unstable_if action=reinterpret pc=0x0000016c0d0e643c method=java.util.Formatter$FormatSpecifier.print(JLjava/util/Locale;)V @ 21
Event: 190.125 Thread 0x0000016c482bb000 Uncommon trap: reason=unstable_if action=reinterpret pc=0x0000016c0c6225d0 method=java.util.Formatter$FormatSpecifier.leadingSign(Ljava/lang/StringBuilder;Z)Ljava/lang/StringBuilder; @ 1
Event: 190.128 Thread 0x0000016c482bb000 Uncommon trap: reason=class_check action=maybe_recompile pc=0x0000016c0c56f044 method=cpw.mods.fml.common.asm.transformers.deobf.FMLDeobfuscatingRemapper.map(Ljava/lang/String;)Ljava/lang/String; @ 11
Event: 190.178 Thread 0x0000016c0a47b800 Uncommon trap: reason=unstable_if action=reinterpret pc=0x0000016c0ce3ade4 method=java.io.BufferedOutputStream.write([BII)V @ 6
Event: 190.214 Thread 0x0000016c0a47b800 Uncommon trap: reason=unstable_if action=reinterpret pc=0x0000016c0c67b398 method=cpw.mods.fml.relauncher.FMLSecurityManager.checkPermission(Ljava/security/Permission;)V @ 23

Classes redefined (0 events):
No events

Internal exceptions (10 events):
Event: 189.755 Thread 0x0000016c482bf000 Exception <a 'java/lang/InterruptedException': sleep interrupted> (0x00000006926a58c0) thrown at [C:\jenkins\workspace\8-2-build-windows-x64-cygwin-sans-NAS\jdk8u471\2292\hotspot\src\share\vm\prims\jvm.cpp, line 3359]
Event: 189.763 Thread 0x0000016c482bf000 Exception <a 'java/lang/InterruptedException': sleep interrupted> (0x00000006926a5b18) thrown at [C:\jenkins\workspace\8-2-build-windows-x64-cygwin-sans-NAS\jdk8u471\2292\hotspot\src\share\vm\prims\jvm.cpp, line 3359]
Event: 189.772 Thread 0x0000016c482bf000 Exception <a 'java/lang/InterruptedException': sleep interrupted> (0x00000006926a5d70) thrown at [C:\jenkins\workspace\8-2-build-windows-x64-cygwin-sans-NAS\jdk8u471\2292\hotspot\src\share\vm\prims\jvm.cpp, line 3359]
Event: 189.780 Thread 0x0000016c482bf000 Exception <a 'java/lang/InterruptedException': sleep interrupted> (0x00000006926a5fc8) thrown at [C:\jenkins\workspace\8-2-build-windows-x64-cygwin-sans-NAS\jdk8u471\2292\hotspot\src\share\vm\prims\jvm.cpp, line 3359]
Event: 189.790 Thread 0x0000016c482bf000 Exception <a 'java/lang/InterruptedException': sleep interrupted> (0x00000006926a6220) thrown at [C:\jenkins\workspace\8-2-build-windows-x64-cygwin-sans-NAS\jdk8u471\2292\hotspot\src\share\vm\prims\jvm.cpp, line 3359]
Event: 189.930 Thread 0x0000016c482bf000 Exception <a 'java/lang/InterruptedException': sleep interrupted> (0x00000006926a6478) thrown at [C:\jenkins\workspace\8-2-build-windows-x64-cygwin-sans-NAS\jdk8u471\2292\hotspot\src\share\vm\prims\jvm.cpp, line 3359]
Event: 189.969 Thread 0x0000016c482bf000 Exception <a 'java/lang/InterruptedException': sleep interrupted> (0x00000006926a66d0) thrown at [C:\jenkins\workspace\8-2-build-windows-x64-cygwin-sans-NAS\jdk8u471\2292\hotspot\src\share\vm\prims\jvm.cpp, line 3359]
Event: 189.969 Thread 0x0000016c482bf000 Exception <a 'java/lang/InterruptedException': sleep interrupted> (0x00000006926a6928) thrown at [C:\jenkins\workspace\8-2-build-windows-x64-cygwin-sans-NAS\jdk8u471\2292\hotspot\src\share\vm\prims\jvm.cpp, line 3359]
Event: 190.070 Thread 0x0000016c482ba000 Exception <a 'java/lang/InterruptedException': sleep interrupted> (0x0000000696263ef0) thrown at [C:\jenkins\workspace\8-2-build-windows-x64-cygwin-sans-NAS\jdk8u471\2292\hotspot\src\share\vm\prims\jvm.cpp, line 3359]
Event: 190.214 Thread 0x0000016c0a47b800 Exception <a 'org/lwjgl/LWJGLException': Failed to set device gamma.> (0x0000000696924478) thrown at [C:\jenkins\workspace\8-2-build-windows-x64-cygwin-sans-NAS\jdk8u471\2292\hotspot\src\share\vm\prims\jni.cpp, line 737]

Events (10 events):
Event: 190.215 Thread 0x0000016c482bf000 Thread exited: 0x0000016c482bf000
Event: 190.216 loading class javax/servlet/ServletContext
Event: 190.216 loading class javax/servlet/ServletContext done
Event: 190.216 Executing VM operation: RevokeBias
Event: 190.217 Executing VM operation: RevokeBias done
Event: 190.217 loading class javax/servlet/ServletContext
Event: 190.217 loading class javax/servlet/ServletContext done
Event: 190.217 Thread 0x0000016c482bb000 Thread exited: 0x0000016c482bb000
Event: 190.217 Thread 0x0000016c482be000 Thread exited: 0x0000016c482be000
Event: 190.217 Executing VM operation: Exit


Dynamic libraries:
0x00007ff60d2d0000 - 0x00007ff60d31f000 	C:\Program Files\Java\jdk-1.8\bin\java.exe
0x00007ff8be970000 - 0x00007ff8beb68000 	C:\Windows\SYSTEM32\ntdll.dll
0x00007ff8bd320000 - 0x00007ff8bd3e2000 	C:\Windows\System32\KERNEL32.DLL
0x00007ff8bc160000 - 0x00007ff8bc456000 	C:\Windows\System32\KERNELBASE.dll
0x00007ff8be7b0000 - 0x00007ff8be861000 	C:\Windows\System32\ADVAPI32.dll
0x00007ff8bcee0000 - 0x00007ff8bcf7e000 	C:\Windows\System32\msvcrt.dll
0x00007ff8be870000 - 0x00007ff8be90f000 	C:\Windows\System32\sechost.dll
0x00007ff8bd790000 - 0x00007ff8bd8b0000 	C:\Windows\System32\RPCRT4.dll
0x00007ff8bc960000 - 0x00007ff8bc987000 	C:\Windows\System32\bcrypt.dll
0x00007ff8bd8b0000 - 0x00007ff8bda51000 	C:\Windows\System32\USER32.dll
0x00007ff8bc510000 - 0x00007ff8bc532000 	C:\Windows\System32\win32u.dll
0x00007ff8bd5f0000 - 0x00007ff8bd61b000 	C:\Windows\System32\GDI32.dll
0x00007ff8bc5d0000 - 0x00007ff8bc6e9000 	C:\Windows\System32\gdi32full.dll
0x00007ff8bc8c0000 - 0x00007ff8bc95d000 	C:\Windows\System32\msvcp_win.dll
0x00007ff8bc6f0000 - 0x00007ff8bc7f0000 	C:\Windows\System32\ucrtbase.dll
0x00007ff89da80000 - 0x00007ff89dd1b000 	C:\Windows\WinSxS\amd64_microsoft.windows.common-controls_6595b64144ccf1df_6.0.19041.6456_none_60b8a6cb71f64256\COMCTL32.dll
0x00007ff8bd2f0000 - 0x00007ff8bd31f000 	C:\Windows\System32\IMM32.DLL
0x00007ff8b8530000 - 0x00007ff8b854b000 	C:\Program Files\Java\jdk-1.8\jre\bin\vcruntime140.dll
0x00007ff8b8520000 - 0x00007ff8b852c000 	C:\Program Files\Java\jdk-1.8\jre\bin\vcruntime140_1.dll
0x00007ff892f40000 - 0x00007ff892fce000 	C:\Program Files\Java\jdk-1.8\jre\bin\msvcp140.dll
0x00007ffffcac0000 - 0x00007ffffd36a000 	C:\Program Files\Java\jdk-1.8\jre\bin\server\jvm.dll
0x00007ff8be910000 - 0x00007ff8be918000 	C:\Windows\System32\PSAPI.DLL
0x00007ff8b19a0000 - 0x00007ff8b19c7000 	C:\Windows\SYSTEM32\WINMM.dll
0x00007ff8b8510000 - 0x00007ff8b8519000 	C:\Windows\SYSTEM32\WSOCK32.dll
0x00007ff8b4b00000 - 0x00007ff8b4b0a000 	C:\Windows\SYSTEM32\VERSION.dll
0x00007ff8bd6b0000 - 0x00007ff8bd71b000 	C:\Windows\System32\WS2_32.dll
0x00007ff8ba860000 - 0x00007ff8ba872000 	C:\Windows\SYSTEM32\kernel.appcore.dll
0x00007ff8b71b0000 - 0x00007ff8b71c0000 	C:\Program Files\Java\jdk-1.8\jre\bin\verify.dll
0x00007ff8b5b70000 - 0x00007ff8b5b9b000 	C:\Program Files\Java\jdk-1.8\jre\bin\java.dll
0x00007ff8b6e70000 - 0x00007ff8b6e88000 	C:\Program Files\Java\jdk-1.8\jre\bin\zip.dll
0x00007ff8bdf70000 - 0x00007ff8be6e0000 	C:\Windows\System32\SHELL32.dll
0x00007ff8b9c10000 - 0x00007ff8ba3b5000 	C:\Windows\SYSTEM32\windows.storage.dll
0x00007ff8bdc10000 - 0x00007ff8bdf64000 	C:\Windows\System32\combase.dll
0x00007ff8bb950000 - 0x00007ff8bb97b000 	C:\Windows\SYSTEM32\Wldp.dll
0x00007ff8be6e0000 - 0x00007ff8be7ad000 	C:\Windows\System32\OLEAUT32.dll
0x00007ff8bd240000 - 0x00007ff8bd2ed000 	C:\Windows\System32\SHCORE.dll
0x00007ff8bd000000 - 0x00007ff8bd05b000 	C:\Windows\System32\shlwapi.dll
0x00007ff8bbf30000 - 0x00007ff8bbf54000 	C:\Windows\SYSTEM32\profapi.dll
0x00007ff8b0b20000 - 0x00007ff8b0b2d000 	C:\Program Files\Java\jdk-1.8\jre\bin\management.dll
0x00007ff8a1af0000 - 0x00007ff8a1b0c000 	C:\Program Files\Java\jdk-1.8\jre\bin\net.dll
0x00007ff8bb6b0000 - 0x00007ff8bb71a000 	C:\Windows\system32\mswsock.dll
0x00007ff8a1ad0000 - 0x00007ff8a1ae3000 	C:\Program Files\Java\jdk-1.8\jre\bin\nio.dll
0x00007ff890b10000 - 0x00007ff890b27000 	C:\Windows\system32\napinsp.dll
0x00007ff890c50000 - 0x00007ff890c6b000 	C:\Windows\system32\pnrpnsp.dll
0x00007ff8b8830000 - 0x00007ff8b884d000 	C:\Windows\system32\wshbth.dll
0x00007ff8b8480000 - 0x00007ff8b849d000 	C:\Windows\system32\NLAapi.dll
0x00007ff8bb390000 - 0x00007ff8bb3cb000 	C:\Windows\SYSTEM32\IPHLPAPI.DLL
0x00007ff8bb3d0000 - 0x00007ff8bb49a000 	C:\Windows\SYSTEM32\DNSAPI.dll
0x00007ff8be920000 - 0x00007ff8be928000 	C:\Windows\System32\NSI.dll
0x00007ff890fb0000 - 0x00007ff890fc2000 	C:\Windows\System32\winrnr.dll
0x00007ff8b4a00000 - 0x00007ff8b4a0a000 	C:\Windows\System32\rasadhlp.dll
0x00007ff8a0b80000 - 0x00007ff8a0c00000 	C:\Windows\System32\fwpuclnt.dll
0x0000000180000000 - 0x0000000180051000 	C:\Users\chuck\.gradle\caches\minecraft\net\minecraft\minecraft_natives\1.7.10\lwjgl64.dll
0x00007ff837990000 - 0x00007ff837ab8000 	C:\Windows\SYSTEM32\OPENGL32.dll
0x00007ff841610000 - 0x00007ff84163c000 	C:\Windows\SYSTEM32\GLU32.dll
0x00007ff8bb8b0000 - 0x00007ff8bb8c8000 	C:\Windows\SYSTEM32\CRYPTSP.dll
0x00007ff8bafd0000 - 0x00007ff8bb008000 	C:\Windows\system32\rsaenh.dll
0x00007ff8bbef0000 - 0x00007ff8bbf1e000 	C:\Windows\SYSTEM32\USERENV.dll
0x00007ff8bc540000 - 0x00007ff8bc5c2000 	C:\Windows\System32\bcryptprimitives.dll
0x00007ff8bb8a0000 - 0x00007ff8bb8ac000 	C:\Windows\SYSTEM32\CRYPTBASE.dll
0x00007ff8b40d0000 - 0x00007ff8b40e7000 	C:\Windows\SYSTEM32\dhcpcsvc6.DLL
0x00007ff8b4ae0000 - 0x00007ff8b4afd000 	C:\Windows\SYSTEM32\dhcpcsvc.DLL
0x00007ff887290000 - 0x00007ff88740e000 	C:\Program Files\Java\jdk-1.8\jre\bin\awt.dll
0x00007ff8b8760000 - 0x00007ff8b87f4000 	C:\Windows\SYSTEM32\apphelp.dll
0x00007ff8ae780000 - 0x00007ff8ae82e000 	C:\Windows\SYSTEM32\mscms.dll
0x00007ff8ae760000 - 0x00007ff8ae771000 	C:\Windows\SYSTEM32\ColorAdapterClient.dll
0x00007ff8b9540000 - 0x00007ff8b95de000 	C:\Windows\system32\uxtheme.dll
0x0000016c4c460000 - 0x0000016c544d3000 	C:\Program Files (x86)\ASUS\GPUTweakIII\GTIII-OSD\x64\GTIII-OSD64-VK.dll
0x00007ff8bd110000 - 0x00007ff8bd23b000 	C:\Windows\System32\ole32.dll
0x00007ff837ac0000 - 0x00007ff837c46000 	C:\Windows\SYSTEM32\vulkan-1.dll
0x00007ff8bc7f0000 - 0x00007ff8bc83e000 	C:\Windows\System32\CFGMGR32.dll
0x00007ff8bd4d0000 - 0x00007ff8bd5e5000 	C:\Windows\System32\MSCTF.dll
0x00007ff8bd060000 - 0x00007ff8bd109000 	C:\Windows\System32\clbcatq.dll
0x00007ff834e60000 - 0x00007ff8377b4000 	C:\Windows\System32\DriverStore\FileRepository\nv_dispi.inf_amd64_20ae8f14a487d5db\nvoglv64.dll
0x00007ff8bc990000 - 0x00007ff8bce00000 	C:\Windows\System32\SETUPAPI.dll
0x00007ff8b5d00000 - 0x00007ff8b5d14000 	C:\Windows\SYSTEM32\WTSAPI32.dll
0x00007ff8bbae0000 - 0x00007ff8bbaf2000 	C:\Windows\SYSTEM32\msasn1.dll
0x00007ff8b4a10000 - 0x00007ff8b4a41000 	C:\Windows\SYSTEM32\cryptnet.dll
0x00007ff8bc000000 - 0x00007ff8bc15d000 	C:\Windows\System32\CRYPT32.dll
0x00007ff8b4130000 - 0x00007ff8b4277000 	C:\Windows\SYSTEM32\drvstore.dll
0x00007ff8bbcb0000 - 0x00007ff8bbce3000 	C:\Windows\SYSTEM32\devobj.dll
0x00007ff8bc840000 - 0x00007ff8bc8b3000 	C:\Windows\System32\WINTRUST.dll
0x00007ff8bb220000 - 0x00007ff8bb253000 	C:\Windows\SYSTEM32\ntmarta.dll
0x00007ff8bcf80000 - 0x00007ff8bcf9d000 	C:\Windows\System32\imagehlp.dll
0x00007ff8a93e0000 - 0x00007ff8ad174000 	C:\Windows\System32\DriverStore\FileRepository\nv_dispi.inf_amd64_20ae8f14a487d5db\nvgpucomp64.dll
0x00007ff8ad180000 - 0x00007ff8ad1bb000 	C:\Windows\SYSTEM32\dxcore.dll
0x00007ff8414c0000 - 0x00007ff841607000 	C:\Windows\system32\nvspcap64.dll
0x00007ff8b9850000 - 0x00007ff8b987e000 	C:\Windows\SYSTEM32\dwmapi.dll
0x00007ff8b0570000 - 0x00007ff8b0669000 	C:\Windows\SYSTEM32\textinputframework.dll
0x00007ff8b7ec0000 - 0x00007ff8b821b000 	C:\Windows\System32\CoreUIComponents.dll
0x00007ff8b8260000 - 0x00007ff8b8352000 	C:\Windows\System32\CoreMessaging.dll
0x00007ff8b8870000 - 0x00007ff8b89c7000 	C:\Windows\SYSTEM32\wintypes.dll
0x00007ff890c00000 - 0x00007ff890c45000 	C:\Windows\SYSTEM32\icm32.dll
0x00007ff8bbe60000 - 0x00007ff8bbeab000 	C:\Windows\SYSTEM32\powrprof.dll
0x00007ff8bbe40000 - 0x00007ff8bbe52000 	C:\Windows\SYSTEM32\UMPDC.dll
0x00007ff8bbd20000 - 0x00007ff8bbd83000 	C:\Windows\SYSTEM32\WINSTA.dll
0x0000000070a40000 - 0x0000000070adc000 	C:\Users\chuck\.gradle\caches\minecraft\net\minecraft\minecraft_natives\1.7.10\avutil-ttv-51.dll
0x0000000065980000 - 0x00000000659d6000 	C:\Users\chuck\.gradle\caches\minecraft\net\minecraft\minecraft_natives\1.7.10\swresample-ttv-0.dll
0x000000006eb80000 - 0x000000006ec50000 	C:\Users\chuck\.gradle\caches\minecraft\net\minecraft\minecraft_natives\1.7.10\libmp3lame-ttv.dll
0x00007ffffb710000 - 0x00007ffffcab4000 	C:\Users\chuck\.gradle\caches\minecraft\net\minecraft\minecraft_natives\1.7.10\libmfxsw64.dll
0x00007ff882850000 - 0x00007ff88297b000 	C:\Users\chuck\.gradle\caches\minecraft\net\minecraft\minecraft_natives\1.7.10\twitchsdk.dll
0x00007ff89ddf0000 - 0x00007ff89e2c6000 	C:\Windows\SYSTEM32\WININET.dll
0x0000016c73200000 - 0x0000016c7b251000 	C:\Program Files (x86)\ASUS\GPUTweakIII\GTIII-OSD\x64\GTIII-OSD64-GL.dll
0x000000006d580000 - 0x000000006d5e3000 	C:\Program Files (x86)\ASUS\GPUTweakIII\GTIII-OSD\x64\glew32.dll
0x0000016c00000000 - 0x0000016c08187000 	C:\Program Files (x86)\ASUS\GPUTweakIII\GTIII-OSD\x64\GTIII-OSD64.dll
0x00007ff837c50000 - 0x00007ff837eb3000 	C:\Windows\SYSTEM32\d3dx9_43.dll
0x00007ff8b60d0000 - 0x00007ff8b652d000 	C:\Windows\SYSTEM32\D3DCOMPILER_47.dll
0x00007ff837ec0000 - 0x00007ff837ef1000 	C:\Windows\SYSTEM32\d3d10_1.dll
0x00007ff89a4c0000 - 0x00007ff89a4e5000 	C:\Windows\SYSTEM32\d3d12.dll
0x00007ff85f320000 - 0x00007ff85f32d000 	C:\Windows\SYSTEM32\d3d10_1core.dll
0x00007ff8b6af0000 - 0x00007ff8b6d54000 	C:\Windows\SYSTEM32\d3d11.dll
0x00007ff8ba880000 - 0x00007ff8ba976000 	C:\Windows\SYSTEM32\dxgi.dll
0x00007ff88baa0000 - 0x00007ff88bc71000 	C:\Windows\SYSTEM32\d3d9.dll
0x00007ff8a2d80000 - 0x00007ff8a2e2c000 	C:\Windows\SYSTEM32\TextShaping.dll
0x0000016c09b00000 - 0x0000016c09b64000 	C:\Users\chuck\.gradle\caches\minecraft\net\minecraft\minecraft_natives\1.7.10\OpenAL64.dll
0x00007ff8b56c0000 - 0x00007ff8b5745000 	C:\Windows\System32\MMDevApi.dll
0x00007ff88a070000 - 0x00007ff88a10c000 	C:\Windows\SYSTEM32\dsound.dll
0x00007ff89d4b0000 - 0x00007ff89d4d6000 	C:\Windows\SYSTEM32\winmmbase.dll
0x00007ff8b5910000 - 0x00007ff8b5a91000 	C:\Windows\SYSTEM32\AUDIOSES.DLL
0x00007ff8b9610000 - 0x00007ff8b9624000 	C:\Windows\SYSTEM32\resourcepolicyclient.dll
0x00007ff8900d0000 - 0x00007ff890104000 	C:\Program Files\Java\jdk-1.8\jre\bin\jpeg.dll
0x00007ff8a1aa0000 - 0x00007ff8a1ac5000 	C:\Program Files\Java\jdk-1.8\jre\bin\sunec.dll
0x00007ff892f30000 - 0x00007ff892f3e000 	C:\Program Files\Java\jdk-1.8\jre\bin\sunmscapi.dll
0x00007ff8bb9c0000 - 0x00007ff8bb9e7000 	C:\Windows\SYSTEM32\ncrypt.dll
0x00007ff8bb980000 - 0x00007ff8bb9bb000 	C:\Windows\SYSTEM32\NTASN1.dll
0x00007ff8ba480000 - 0x00007ff8ba681000 	C:\Windows\SYSTEM32\dbghelp.dll

VM Arguments:
jvm_args: -Dfile.encoding=UTF-8 -Duser.country=US -Duser.language=en -Duser.variant 
java_command: GradleStart
java_class_path (initial): C:\Users\chuck\.gradle\caches\minecraft\net\minecraftforge\forge\1.7.10-10.13.4.1614-1.7.10\start;C:\Users\chuck\.gradle\caches\minecraft\net\minecraftforge\forge\1.7.10-10.13.4.1614-1.7.10\forgeSrc-1.7.10-10.13.4.1614-1.7.10.jar;C:\Users\chuck\.gradle\caches\modules-2\files-2.1\net.minecraft\launchwrapper\1.12\111e7bea9c968cdb3d06ef4632bf7ff0824d0f36\launchwrapper-1.12.jar;C:\Users\chuck\.gradle\caches\modules-2\files-2.1\com.google.code.findbugs\jsr305\1.3.9\40719ea6961c0cb6afaeb6a921eaa1f6afd4cfdf\jsr305-1.3.9.jar;C:\Users\chuck\.gradle\caches\modules-2\files-2.1\org.ow2.asm\asm-debug-all\5.0.3\f9e364ae2a66ce2a543012a4668856e84e5dab74\asm-debug-all-5.0.3.jar;C:\Users\chuck\.gradle\caches\modules-2\files-2.1\com.typesafe.akka\akka-actor_2.11\2.3.3\ed62e9fc709ca0f2ff1a3220daa8b70a2870078e\akka-actor_2.11-2.3.3.jar;C:\Users\chuck\.gradle\caches\modules-2\files-2.1\com.typesafe\config\1.2.1\f771f71fdae3df231bcd54d5ca2d57f0bf93f467\config-1.2.1.jar;C:\Users\chuck\.gradle\caches\modules-2\files-2.1\org.scala-lang\scala-actors-migration_2.11\1.1.0\dfa8bc42b181d5b9f1a5dd147f8ae308b893eb6f\scala-actors-migration_2.11-1.1.0.jar;C:\Users\chuck\.gradle\caches\modules-2\files-2.1\org.scala-lang.plugins\scala-continuations-plugin_2.11.1\1.0.2\f361a3283452c57fa30c1ee69448995de23c60f7\scala-continuations-plugin_2.11.1-1.0.2.jar;C:\Users\chuck\.gradle\caches\modules-2\files-2.1\org.scala-lang\scala-compiler\2.11.1\56ea2e6c025e0821f28d73ca271218b8dd04926a\scala-compiler-2.11.1.jar;C:\Users\chuck\.gradle\caches\modules-2\files-2.1\org.scala-lang.plugins\scala-continuations-library_2.11\1.0.2\e517c53a7e9acd6b1668c5a35eccbaa3bab9aac\scala-continuations-library_2.11-1.0.2.jar;C:\Users\chuck\.gradle\caches\modules-2\files-2.1\org.scala-lang\scala-reflect\2.11.1\6580347e61cc7f8e802941e7fde40fa83b8badeb\scala-reflect-2.11.1.jar;C:\Users\chuck\.gradle\caches\modules-2\files-2.1\org.scala-lang\scala-actors\2.11.0\8ccfb6541de179bb1c4d45cf414acee069b7f78b\scala-a
Launcher Type: SUN_STANDARD

Environment Variables:
PATH=C:\Program Files\Eclipse Adoptium\jdk-8.0.462.8-hotspot\bin;C:\Program Files\Common Files\Oracle\Java\javapath;C:\Program Files (x86)\Common Files\Oracle\Java\java8path;C:\Program Files (x86)\Common Files\Oracle\Java\javapath;C:\Program Files (x86)\Razer Chroma SDK\bin;C:\Program Files\Razer Chroma SDK\bin;C:\Program Files (x86)\Razer\ChromaBroadcast\bin;C:\Program Files\Razer\ChromaBroadcast\bin;C:\Windows\system32;C:\Windows;C:\Windows\System32\Wbem;C:\Windows\System32\WindowsPowerShell\v1.0\;C:\Windows\System32\OpenSSH\;C:\Program Files (x86)\NVIDIA Corporation\PhysX\Common;C:\Windows\system32\config\systemprofile\AppData\Local\Microsoft\WindowsApps;C:\Program Files\dotnet\;C:\Program Files (x86)\Windows Live\Shared;C:\Program Files\Git\cmd;C:\Program Files\WorldPainter;C:\Program Files\NVIDIA Corporation\NVIDIA app\NvDLISR;C:\Users\chuck\AppData\Local\Microsoft\WindowsApps;;C:\Program Files\JetBrains\IntelliJ IDEA 2024.2.0.1\bin;
USERNAME=chuck
OS=Windows_NT
PROCESSOR_IDENTIFIER=Intel64 Family 6 Model 158 Stepping 13, GenuineIntel



---------------  S Y S T E M  ---------------

OS: Windows 10 , 64 bit Build 19041 (10.0.19041.5915)

CPU:total 16 (initial active 16) (8 cores per cpu, 2 threads per core) family 6 model 158 stepping 13, cmov, cx8, fxsr, mmx, sse, sse2, sse3, ssse3, sse4.1, sse4.2, popcnt, avx, avx2, aes, clmul, erms, 3dnowpref, lzcnt, ht, tsc, tscinvbit, bmi1, bmi2, adx

Memory: 4k page, physical 67022948k(51098904k free), swap 71217252k(46487972k free)

vm_info: Java HotSpot(TM) 64-Bit Server VM (25.471-b09) for windows-amd64 JRE (1.8.0_471-b09), built on Sep 26 2025 05:08:27 by "java_re" with MS VC++ 17.6 (VS2022)

time: Thu Nov 20 18:25:05 2025
timezone: Eastern Standard Time
elapsed time: 190.905422 seconds (0d 0h 3m 10s)

