#
# A fatal error has been detected by the Java Runtime Environment:
#
#  EXCEPTION_ACCESS_VIOLATION (0xc0000005) at pc=0x00007ffb293382e9, pid=1436, tid=0x0000000000006978
#
# JRE version: Java(TM) SE Runtime Environment (8.0_471) (build 1.8.0_471-b09)
# Java VM: Java HotSpot(TM) 64-Bit Server VM (25.471-b09 mixed mode windows-amd64 compressed oops)
# Problematic frame:
# C  [nvoglv64.dll+0x8682e9]
#
# Failed to write core dump. Minidumps are not enabled by default on client versions of Windows
#
# If you would like to submit a bug report, please visit:
#   https://bugreport.java.com/bugreport/crash.jsp
#

---------------  T H R E A D  ---------------

Current thread (0x000001f6e3398000):  VMThread [stack: 0x0000002014900000,0x0000002014a00000] [id=27000]

siginfo: ExceptionCode=0xc0000005, reading address 0x0000000000001238

Registers:
RAX=0x0000000000000000, RBX=0x000001f6e8eaf6b0, RCX=0x0000000000000004, RDX=0x0000000000000000
RSP=0x00000020149ff118, RBP=0x0000000000000000, RSI=0x0000000000000000, RDI=0x000001f6e8eaf6b0
R8 =0x0000000000000000, R9 =0x000001f6edf50750, R10=0x000001f6cc540000, R11=0x00000020149ff120
R12=0x000001f6b8380000, R13=0x000001f6b84b3820, R14=0x0000000000000000, R15=0x0000000000000000
RIP=0x00007ffb293382e9, EFLAGS=0x0000000000010202

Top of Stack: (sp=0x00000020149ff118)
0x00000020149ff118:   000001f6b838bbf1 0000000000000000
0x00000020149ff128:   0000000000000000 000001f6b84b3820
0x00000020149ff138:   000001f6b8380000 fffffffffffffffe
0x00000020149ff148:   00007ffbaa1d47b1 000001f6edf50848
0x00000020149ff158:   000001f6b8388281 0000000000000000
0x00000020149ff168:   0000000000000000 0000000000000000
0x00000020149ff178:   0000002000000000 000001f6edf50848
0x00000020149ff188:   000001f6b8387c71 000001f6edf50750
0x00000020149ff198:   0000000000000000 000001f6e661abc0
0x00000020149ff1a8:   00007ffbaa1d5ba1 000001f6b84b3840
0x00000020149ff1b8:   000001f6b83cac0d 0000000000000040
0x00000020149ff1c8:   00007ffb00000000 00000020149ff308
0x00000020149ff1d8:   000001f6cc540000 000001f6b8380000
0x00000020149ff1e8:   000001f6e3189988 000001f6b8413f4c
0x00000020149ff1f8:   0000000000000001 0000000000000001
0x00000020149ff208:   000001f6b838a083 0000000000000000 

Instructions: (pc=0x00007ffb293382e9)
0x00007ffb293382c9:   af af af af af af af c3 cc cc cc cc cc cc cc cc
0x00007ffb293382d9:   cc cc cc cc cc cc cc 65 48 8b 04 25 30 16 00 00
0x00007ffb293382e9:   ff a0 38 12 00 00 cc cc cc cc cc cc cc cc cc cc
0x00007ffb293382f9:   cc cc cc cc cc cc cc cc cc cc cc cc cc cc cc cc 


Register to memory mapping:

RAX=0x0000000000000000 is an unknown value
RBX=0x000001f6e8eaf6b0 is an unknown value
RCX=0x0000000000000004 is an unknown value
RDX=0x0000000000000000 is an unknown value
RSP=0x00000020149ff118 is an unknown value
RBP=0x0000000000000000 is an unknown value
RSI=0x0000000000000000 is an unknown value
RDI=0x000001f6e8eaf6b0 is an unknown value
R8 =0x0000000000000000 is an unknown value
R9 =0x000001f6edf50750 is an unknown value
R10=0x000001f6cc540000 is an unknown value
R11=0x00000020149ff120 is an unknown value
R12=0x000001f6b8380000 is an unknown value
R13=0x000001f6b84b3820 is an unknown value
R14=0x0000000000000000 is an unknown value
R15=0x0000000000000000 is an unknown value


Stack: [0x0000002014900000,0x0000002014a00000],  sp=0x00000020149ff118,  free space=1020k
Native frames: (J=compiled Java code, j=interpreted, Vv=VM code, C=native code)

VM_Operation (0x0000002013bfe5b0): Exit, mode: safepoint, requested by thread 0x000001f6cc58b000


---------------  P R O C E S S  ---------------

Java Threads: ( => current thread )
  0x000001f6ec830800 JavaThread "AWT-Shutdown" [_thread_blocked, id=25292, stack(0x0000002013800000,0x0000002013900000)]
  0x000001f6ec830000 JavaThread "File IO Thread" [_thread_blocked, id=29120, stack(0x0000002013900000,0x0000002013a00000)]
  0x000001f6ec829000 JavaThread "Chunk I/O Executor Thread-1" daemon [_thread_blocked, id=28692, stack(0x0000002016f00000,0x0000002017000000)]
  0x000001f6e6a5a000 JavaThread "Netty IO #1" daemon [_thread_blocked, id=28616, stack(0x0000002016e00000,0x0000002016f00000)]
  0x000001f6e6a59800 JavaThread "Netty Client IO #0" daemon [_thread_blocked, id=28140, stack(0x0000002016b00000,0x0000002016c00000)]
  0x000001f6e6a50800 JavaThread "Netty IO #0" daemon [_thread_blocked, id=10060, stack(0x0000002016800000,0x0000002016900000)]
  0x000001f6e6a58000 JavaThread "LWJGL Timer" daemon [_thread_blocked, id=28240, stack(0x0000002016700000,0x0000002016800000)]
  0x000001f6e6a4f800 JavaThread "Java2D Disposer" daemon [_thread_blocked, id=28108, stack(0x0000002015e00000,0x0000002015f00000)]
  0x000001f6e6a4d800 JavaThread "Timer hack thread" daemon [_thread_blocked, id=28348, stack(0x0000002015d00000,0x0000002015e00000)]
  0x000001f6e6a52800 JavaThread "Snooper Timer" daemon [_thread_blocked, id=28352, stack(0x0000002015c00000,0x0000002015d00000)]
  0x000001f6e61c6800 JavaThread "Service Thread" daemon [_thread_blocked, id=23808, stack(0x0000002015a00000,0x0000002015b00000)]
  0x000001f6e60db000 JavaThread "C1 CompilerThread11" daemon [_thread_blocked, id=26748, stack(0x0000002015900000,0x0000002015a00000)]
  0x000001f6e60dd800 JavaThread "C1 CompilerThread10" daemon [_thread_blocked, id=21272, stack(0x0000002015800000,0x0000002015900000)]
  0x000001f6e60df800 JavaThread "C1 CompilerThread9" daemon [_thread_blocked, id=17480, stack(0x0000002015700000,0x0000002015800000)]
  0x000001f6e60df000 JavaThread "C1 CompilerThread8" daemon [_thread_blocked, id=27528, stack(0x0000002015600000,0x0000002015700000)]
  0x000001f6e60e2000 JavaThread "C2 CompilerThread7" daemon [_thread_blocked, id=17068, stack(0x0000002015500000,0x0000002015600000)]
  0x000001f6e60de000 JavaThread "C2 CompilerThread6" daemon [_thread_blocked, id=2916, stack(0x0000002015400000,0x0000002015500000)]
  0x000001f6e60e0800 JavaThread "C2 CompilerThread5" daemon [_thread_blocked, id=26688, stack(0x0000002015300000,0x0000002015400000)]
  0x000001f6e60e1000 JavaThread "C2 CompilerThread4" daemon [_thread_blocked, id=23392, stack(0x0000002015200000,0x0000002015300000)]
  0x000001f6e60dc000 JavaThread "C2 CompilerThread3" daemon [_thread_blocked, id=3700, stack(0x0000002015100000,0x0000002015200000)]
  0x000001f6e60dc800 JavaThread "C2 CompilerThread2" daemon [_thread_blocked, id=17524, stack(0x0000002015000000,0x0000002015100000)]
  0x000001f6e60d4000 JavaThread "C2 CompilerThread1" daemon [_thread_blocked, id=14600, stack(0x0000002014f00000,0x0000002015000000)]
  0x000001f6e60b7000 JavaThread "C2 CompilerThread0" daemon [_thread_blocked, id=27044, stack(0x0000002014e00000,0x0000002014f00000)]
  0x000001f6e60b4000 JavaThread "Attach Listener" daemon [_thread_blocked, id=1048, stack(0x0000002014d00000,0x0000002014e00000)]
  0x000001f6e60d3000 JavaThread "Signal Dispatcher" daemon [_thread_blocked, id=25624, stack(0x0000002014c00000,0x0000002014d00000)]
  0x000001f6e33a8000 JavaThread "Finalizer" daemon [_thread_blocked, id=8428, stack(0x0000002014b00000,0x0000002014c00000)]
  0x000001f6e60a0800 JavaThread "Reference Handler" daemon [_thread_blocked, id=17456, stack(0x0000002014a00000,0x0000002014b00000)]
  0x000001f6cc58b000 JavaThread "Client thread" [_thread_blocked, id=8120, stack(0x0000002013b00000,0x0000002013c00000)]

Other Threads:
=>0x000001f6e3398000 VMThread [stack: 0x0000002014900000,0x0000002014a00000] [id=27000]

VM state:at safepoint (shutting down)

VM Mutex/Monitor currently owned by a thread:  ([mutex/lock_event])
[0x000001f6cc584720] Threads_lock - owner thread: 0x000001f6e3398000

heap address: 0x00000003c1400000, size: 16364 MB, Compressed Oops mode: Zero based, Oop shift amount: 3
Narrow klass base: 0x0000000000000000, Narrow klass shift: 3
Compressed class space size: 1073741824 Address: 0x00000007c0000000

Heap:
 PSYoungGen      total 692224K, used 675728K [0x000000066b180000, 0x00000006a5a00000, 0x00000007c0000000)
  eden space 656384K, 97% used [0x000000066b180000,0x00000006922741f0,0x0000000693280000)
  from space 35840K, 99% used [0x00000006a3700000,0x00000006a59eff88,0x00000006a5a00000)
  to   space 62464K, 0% used [0x000000069e000000,0x000000069e000000,0x00000006a1d00000)
 ParOldGen       total 418304K, used 164231K [0x00000003c1400000, 0x00000003dac80000, 0x000000066b180000)
  object space 418304K, 39% used [0x00000003c1400000,0x00000003cb461f48,0x00000003dac80000)
 Metaspace       used 44113K, capacity 44541K, committed 44928K, reserved 1089536K
  class space    used 5086K, capacity 5223K, committed 5248K, reserved 1048576K

Card table byte_map: [0x000001f6dd220000,0x000001f6df220000] byte_map_base: 0x000001f6db416000

Marking Bits: (ParMarkBitMap*) 0x00007ffaed4da3e0
 Begin Bits: [0x000001f680000000, 0x000001f68ffb0000)
 End Bits:   [0x000001f68ffb0000, 0x000001f69ff60000)

Polling page: 0x000001f6cc520000

CodeCache: size=245760Kb used=32407Kb max_used=34360Kb free=213352Kb
 bounds [0x000001f6cde60000, 0x000001f6d0050000, 0x000001f6dce60000]
 total_blobs=8473 nmethods=7599 adapters=781
 compilation: enabled

Compilation events (10 events):
Event: 102.231 Thread 0x000001f6e60dd800 10692       3       com.google.common.collect.ImmutableMapEntry$TerminalEntry::<init> (7 bytes)
Event: 102.231 Thread 0x000001f6e60dd800 nmethod 10692 0x000001f6ce8c1590 code [0x000001f6ce8c1720, 0x000001f6ce8c1a50]
Event: 102.231 Thread 0x000001f6e60df800 nmethod 10691 0x000001f6ce8c0fd0 code [0x000001f6ce8c1140, 0x000001f6ce8c1410]
Event: 102.234 Thread 0x000001f6e60e1000 nmethod 10679 0x000001f6cfdec610 code [0x000001f6cfdec7e0, 0x000001f6cfded1a8]
Event: 102.234 Thread 0x000001f6e60dc000 nmethod 10689 0x000001f6cfd4a7d0 code [0x000001f6cfd4a9a0, 0x000001f6cfd4b248]
Event: 102.238 Thread 0x000001f6e60e2000 nmethod 10685 0x000001f6cf25f810 code [0x000001f6cf25f9c0, 0x000001f6cf260628]
Event: 102.322 Thread 0x000001f6e60df000 10693       3       org.apache.logging.log4j.core.helpers.NameUtil::getSubName (32 bytes)
Event: 102.322 Thread 0x000001f6e60db000 10694       1       org.apache.logging.log4j.core.config.LoggerConfig::getLevel (5 bytes)
Event: 102.322 Thread 0x000001f6e60db000 nmethod 10694 0x000001f6cf981d90 code [0x000001f6cf981ee0, 0x000001f6cf981ff8]
Event: 102.322 Thread 0x000001f6e60df000 nmethod 10693 0x000001f6ce8c0710 code [0x000001f6ce8c08a0, 0x000001f6ce8c0e40]

GC Heap History (10 events):
Event: 35.060 GC heap before
{Heap before GC invocations=21 (full 5):
 PSYoungGen      total 849408K, used 787995K [0x000000066b180000, 0x00000006aff00000, 0x00000007c0000000)
  eden space 772608K, 100% used [0x000000066b180000,0x000000069a400000,0x000000069a400000)
  from space 76800K, 20% used [0x000000069a400000,0x000000069b306c98,0x000000069ef00000)
  to   space 74752K, 0% used [0x00000006ab600000,0x00000006ab600000,0x00000006aff00000)
 ParOldGen       total 418304K, used 164172K [0x00000003c1400000, 0x00000003dac80000, 0x000000066b180000)
  object space 418304K, 39% used [0x00000003c1400000,0x00000003cb4532f8,0x00000003dac80000)
 Metaspace       used 42747K, capacity 43231K, committed 43776K, reserved 1087488K
  class space    used 4964K, capacity 5088K, committed 5120K, reserved 1048576K
Event: 35.065 GC heap after
Heap after GC invocations=21 (full 5):
 PSYoungGen      total 779264K, used 31764K [0x000000066b180000, 0x00000006ad580000, 0x00000007c0000000)
  eden space 747008K, 0% used [0x000000066b180000,0x000000066b180000,0x0000000698b00000)
  from space 32256K, 98% used [0x00000006ab600000,0x00000006ad505300,0x00000006ad580000)
  to   space 71168K, 0% used [0x00000006a4a80000,0x00000006a4a80000,0x00000006a9000000)
 ParOldGen       total 418304K, used 164180K [0x00000003c1400000, 0x00000003dac80000, 0x000000066b180000)
  object space 418304K, 39% used [0x00000003c1400000,0x00000003cb4552f8,0x00000003dac80000)
 Metaspace       used 42747K, capacity 43231K, committed 43776K, reserved 1087488K
  class space    used 4964K, capacity 5088K, committed 5120K, reserved 1048576K
}
Event: 50.276 GC heap before
{Heap before GC invocations=22 (full 5):
 PSYoungGen      total 779264K, used 778720K [0x000000066b180000, 0x00000006ad580000, 0x00000007c0000000)
  eden space 747008K, 99% used [0x000000066b180000,0x0000000698af2f68,0x0000000698b00000)
  from space 32256K, 98% used [0x00000006ab600000,0x00000006ad505300,0x00000006ad580000)
  to   space 71168K, 0% used [0x00000006a4a80000,0x00000006a4a80000,0x00000006a9000000)
 ParOldGen       total 418304K, used 164180K [0x00000003c1400000, 0x00000003dac80000, 0x000000066b180000)
  object space 418304K, 39% used [0x00000003c1400000,0x00000003cb4552f8,0x00000003dac80000)
 Metaspace       used 43753K, capacity 44177K, committed 44672K, reserved 1089536K
  class space    used 5060K, capacity 5189K, committed 5248K, reserved 1048576K
Event: 50.283 GC heap after
Heap after GC invocations=22 (full 5):
 PSYoungGen      total 755712K, used 32601K [0x000000066b180000, 0x00000006ab680000, 0x00000007c0000000)
  eden space 722944K, 0% used [0x000000066b180000,0x000000066b180000,0x0000000697380000)
  from space 32768K, 99% used [0x00000006a4a80000,0x00000006a6a56478,0x00000006a6a80000)
  to   space 68096K, 0% used [0x00000006a7400000,0x00000006a7400000,0x00000006ab680000)
 ParOldGen       total 418304K, used 164207K [0x00000003c1400000, 0x00000003dac80000, 0x000000066b180000)
  object space 418304K, 39% used [0x00000003c1400000,0x00000003cb45bf48,0x00000003dac80000)
 Metaspace       used 43753K, capacity 44177K, committed 44672K, reserved 1089536K
  class space    used 5060K, capacity 5189K, committed 5248K, reserved 1048576K
}
Event: 64.810 GC heap before
{Heap before GC invocations=23 (full 5):
 PSYoungGen      total 755712K, used 755545K [0x000000066b180000, 0x00000006ab680000, 0x00000007c0000000)
  eden space 722944K, 100% used [0x000000066b180000,0x0000000697380000,0x0000000697380000)
  from space 32768K, 99% used [0x00000006a4a80000,0x00000006a6a56478,0x00000006a6a80000)
  to   space 68096K, 0% used [0x00000006a7400000,0x00000006a7400000,0x00000006ab680000)
 ParOldGen       total 418304K, used 164207K [0x00000003c1400000, 0x00000003dac80000, 0x000000066b180000)
  object space 418304K, 39% used [0x00000003c1400000,0x00000003cb45bf48,0x00000003dac80000)
 Metaspace       used 43964K, capacity 44471K, committed 44928K, reserved 1089536K
  class space    used 5074K, capacity 5222K, committed 5248K, reserved 1048576K
Event: 64.817 GC heap after
Heap after GC invocations=23 (full 5):
 PSYoungGen      total 733696K, used 33587K [0x000000066b180000, 0x00000006a9500000, 0x00000007c0000000)
  eden space 699904K, 0% used [0x000000066b180000,0x000000066b180000,0x0000000695d00000)
  from space 33792K, 99% used [0x00000006a7400000,0x00000006a94ccf60,0x00000006a9500000)
  to   space 65536K, 0% used [0x00000006a1500000,0x00000006a1500000,0x00000006a5500000)
 ParOldGen       total 418304K, used 164215K [0x00000003c1400000, 0x00000003dac80000, 0x000000066b180000)
  object space 418304K, 39% used [0x00000003c1400000,0x00000003cb45df48,0x00000003dac80000)
 Metaspace       used 43964K, capacity 44471K, committed 44928K, reserved 1089536K
  class space    used 5074K, capacity 5222K, committed 5248K, reserved 1048576K
}
Event: 79.146 GC heap before
{Heap before GC invocations=24 (full 5):
 PSYoungGen      total 733696K, used 733491K [0x000000066b180000, 0x00000006a9500000, 0x00000007c0000000)
  eden space 699904K, 100% used [0x000000066b180000,0x0000000695d00000,0x0000000695d00000)
  from space 33792K, 99% used [0x00000006a7400000,0x00000006a94ccf60,0x00000006a9500000)
  to   space 65536K, 0% used [0x00000006a1500000,0x00000006a1500000,0x00000006a5500000)
 ParOldGen       total 418304K, used 164215K [0x00000003c1400000, 0x00000003dac80000, 0x000000066b180000)
  object space 418304K, 39% used [0x00000003c1400000,0x00000003cb45df48,0x00000003dac80000)
 Metaspace       used 44000K, capacity 44471K, committed 44928K, reserved 1089536K
  class space    used 5075K, capacity 5222K, committed 5248K, reserved 1048576K
Event: 79.155 GC heap after
Heap after GC invocations=24 (full 5):
 PSYoungGen      total 712704K, used 34547K [0x000000066b180000, 0x00000006a7480000, 0x00000007c0000000)
  eden space 677888K, 0% used [0x000000066b180000,0x000000066b180000,0x0000000694780000)
  from space 34816K, 99% used [0x00000006a1500000,0x00000006a36bcfb0,0x00000006a3700000)
  to   space 62976K, 0% used [0x00000006a3700000,0x00000006a3700000,0x00000006a7480000)
 ParOldGen       total 418304K, used 164223K [0x00000003c1400000, 0x00000003dac80000, 0x000000066b180000)
  object space 418304K, 39% used [0x00000003c1400000,0x00000003cb45ff48,0x00000003dac80000)
 Metaspace       used 44000K, capacity 44471K, committed 44928K, reserved 1089536K
  class space    used 5075K, capacity 5222K, committed 5248K, reserved 1048576K
}
Event: 91.107 GC heap before
{Heap before GC invocations=25 (full 5):
 PSYoungGen      total 712704K, used 712435K [0x000000066b180000, 0x00000006a7480000, 0x00000007c0000000)
  eden space 677888K, 100% used [0x000000066b180000,0x0000000694780000,0x0000000694780000)
  from space 34816K, 99% used [0x00000006a1500000,0x00000006a36bcfb0,0x00000006a3700000)
  to   space 62976K, 0% used [0x00000006a3700000,0x00000006a3700000,0x00000006a7480000)
 ParOldGen       total 418304K, used 164223K [0x00000003c1400000, 0x00000003dac80000, 0x000000066b180000)
  object space 418304K, 39% used [0x00000003c1400000,0x00000003cb45ff48,0x00000003dac80000)
 Metaspace       used 44032K, capacity 44535K, committed 44928K, reserved 1089536K
  class space    used 5076K, capacity 5222K, committed 5248K, reserved 1048576K
Event: 91.113 GC heap after
Heap after GC invocations=25 (full 5):
 PSYoungGen      total 692224K, used 35775K [0x000000066b180000, 0x00000006a5a00000, 0x00000007c0000000)
  eden space 656384K, 0% used [0x000000066b180000,0x000000066b180000,0x0000000693280000)
  from space 35840K, 99% used [0x00000006a3700000,0x00000006a59eff88,0x00000006a5a00000)
  to   space 62464K, 0% used [0x000000069e000000,0x000000069e000000,0x00000006a1d00000)
 ParOldGen       total 418304K, used 164231K [0x00000003c1400000, 0x00000003dac80000, 0x000000066b180000)
  object space 418304K, 39% used [0x00000003c1400000,0x00000003cb461f48,0x00000003dac80000)
 Metaspace       used 44032K, capacity 44535K, committed 44928K, reserved 1089536K
  class space    used 5076K, capacity 5222K, committed 5248K, reserved 1048576K
}

Deoptimization events (10 events):
Event: 102.073 Thread 0x000001f6e6a5a000 Uncommon trap: reason=unstable_if action=reinterpret pc=0x000001f6cf00aad0 method=io.netty.util.concurrent.DefaultPromise.addListeners([Lio/netty/util/concurrent/GenericFutureListener;)Lio/netty/util/concurrent/Promise; @ 25
Event: 102.073 Thread 0x000001f6e6a5a000 Uncommon trap: reason=class_check action=maybe_recompile pc=0x000001f6cf4104f4 method=io.netty.util.concurrent.DefaultPromise.notifyListener0(Lio/netty/util/concurrent/Future;Lio/netty/util/concurrent/GenericFutureListener;)V @ 2
Event: 102.073 Thread 0x000001f6e6a59800 Uncommon trap: reason=bimorphic action=maybe_recompile pc=0x000001f6ce9de0a8 method=net.minecraft.network.NetworkManager.channelRead0(Lio/netty/channel/ChannelHandlerContext;Lnet/minecraft/network/Packet;)V @ 24
Event: 102.073 Thread 0x000001f6e6a5a000 Uncommon trap: reason=null_check action=make_not_entrant pc=0x000001f6cfa25b74 method=io.netty.util.DefaultAttributeMap.attr(Lio/netty/util/AttributeKey;)Lio/netty/util/Attribute; @ 46
Event: 102.073 Thread 0x000001f6e6a59800 Uncommon trap: reason=null_check action=make_not_entrant pc=0x000001f6cfa25b74 method=io.netty.util.DefaultAttributeMap.attr(Lio/netty/util/AttributeKey;)Lio/netty/util/Attribute; @ 46
Event: 102.073 Thread 0x000001f6e6a59800 Uncommon trap: reason=unstable_if action=reinterpret pc=0x000001f6cf502ad4 method=io.netty.channel.local.LocalChannel.isActive()Z @ 5
Event: 102.073 Thread 0x000001f6e6a59800 Uncommon trap: reason=unstable_if action=reinterpret pc=0x000001f6cf4556d4 method=io.netty.channel.local.LocalChannel.isOpen()Z @ 5
Event: 102.073 Thread 0x000001f6e6a59800 Uncommon trap: reason=unstable_if action=reinterpret pc=0x000001f6ce281b00 method=io.netty.channel.local.LocalChannel.isActive()Z @ 5
Event: 102.228 Thread 0x000001f6e6a4f000 Uncommon trap: reason=class_check action=maybe_recompile pc=0x000001f6ce4bae04 method=cpw.mods.fml.common.asm.transformers.deobf.FMLDeobfuscatingRemapper.map(Ljava/lang/String;)Ljava/lang/String; @ 11
Event: 102.319 Thread 0x000001f6cc58b000 Uncommon trap: reason=unstable_if action=reinterpret pc=0x000001f6ce5d0618 method=cpw.mods.fml.relauncher.FMLSecurityManager.checkPermission(Ljava/security/Permission;)V @ 23

Classes redefined (0 events):
No events

Internal exceptions (10 events):
Event: 101.913 Thread 0x000001f6e6a5c800 Exception <a 'java/lang/InterruptedException': sleep interrupted> (0x000000068f57bca8) thrown at [C:\jenkins\workspace\8-2-build-windows-x64-cygwin-sans-NAS\jdk8u471\2292\hotspot\src\share\vm\prims\jvm.cpp, line 3359]
Event: 101.921 Thread 0x000001f6e6a5c800 Exception <a 'java/lang/InterruptedException': sleep interrupted> (0x000000068f57bf00) thrown at [C:\jenkins\workspace\8-2-build-windows-x64-cygwin-sans-NAS\jdk8u471\2292\hotspot\src\share\vm\prims\jvm.cpp, line 3359]
Event: 101.929 Thread 0x000001f6e6a5c800 Exception <a 'java/lang/InterruptedException': sleep interrupted> (0x000000068f57c158) thrown at [C:\jenkins\workspace\8-2-build-windows-x64-cygwin-sans-NAS\jdk8u471\2292\hotspot\src\share\vm\prims\jvm.cpp, line 3359]
Event: 102.023 Thread 0x000001f6e6a5c800 Exception <a 'java/lang/InterruptedException': sleep interrupted> (0x000000068f57c3b0) thrown at [C:\jenkins\workspace\8-2-build-windows-x64-cygwin-sans-NAS\jdk8u471\2292\hotspot\src\share\vm\prims\jvm.cpp, line 3359]
Event: 102.023 Thread 0x000001f6e6a5c800 Exception <a 'java/lang/InterruptedException': sleep interrupted> (0x000000068f57d1e0) thrown at [C:\jenkins\workspace\8-2-build-windows-x64-cygwin-sans-NAS\jdk8u471\2292\hotspot\src\share\vm\prims\jvm.cpp, line 3311]
Event: 102.024 Thread 0x000001f6e6a5c800 Exception <a 'java/lang/InterruptedException': sleep interrupted> (0x000000068f57d438) thrown at [C:\jenkins\workspace\8-2-build-windows-x64-cygwin-sans-NAS\jdk8u471\2292\hotspot\src\share\vm\prims\jvm.cpp, line 3359]
Event: 102.060 Thread 0x000001f6e6a5c800 Exception <a 'java/lang/InterruptedException': sleep interrupted> (0x000000068f57d690) thrown at [C:\jenkins\workspace\8-2-build-windows-x64-cygwin-sans-NAS\jdk8u471\2292\hotspot\src\share\vm\prims\jvm.cpp, line 3359]
Event: 102.060 Thread 0x000001f6e6a5c800 Exception <a 'java/lang/InterruptedException': sleep interrupted> (0x000000068f57d8e8) thrown at [C:\jenkins\workspace\8-2-build-windows-x64-cygwin-sans-NAS\jdk8u471\2292\hotspot\src\share\vm\prims\jvm.cpp, line 3359]
Event: 102.159 Thread 0x000001f6e6a5b000 Exception <a 'java/lang/InterruptedException': sleep interrupted> (0x000000068efcefe8) thrown at [C:\jenkins\workspace\8-2-build-windows-x64-cygwin-sans-NAS\jdk8u471\2292\hotspot\src\share\vm\prims\jvm.cpp, line 3359]
Event: 102.319 Thread 0x000001f6cc58b000 Exception <a 'org/lwjgl/LWJGLException': Failed to set device gamma.> (0x0000000690918b30) thrown at [C:\jenkins\workspace\8-2-build-windows-x64-cygwin-sans-NAS\jdk8u471\2292\hotspot\src\share\vm\prims\jni.cpp, line 737]

Events (10 events):
Event: 102.321 loading class javax/servlet/ServletContext done
Event: 102.321 Thread 0x000001f6ec82c000 Thread exited: 0x000001f6ec82c000
Event: 102.322 loading class javax/servlet/ServletContext
Event: 102.322 loading class javax/servlet/ServletContext done
Event: 102.322 Thread 0x000001f6e60db000 flushing nmethod 0x000001f6ce34ddd0
Event: 102.322 Thread 0x000001f6ec82b800 Thread exited: 0x000001f6ec82b800
Event: 102.322 Thread 0x000001f6ec832000 Thread exited: 0x000001f6ec832000
Event: 102.324 Thread 0x000001f6ec82f000 Thread exited: 0x000001f6ec82f000
Event: 102.421 Thread 0x000001f6ec831800 Thread exited: 0x000001f6ec831800
Event: 102.422 Executing VM operation: Exit


Dynamic libraries:
0x00007ff6dc810000 - 0x00007ff6dc85f000 	C:\Program Files\Java\jdk-1.8\bin\java.exe
0x00007ffbaa1b0000 - 0x00007ffbaa3a8000 	C:\Windows\SYSTEM32\ntdll.dll
0x00007ffba8580000 - 0x00007ffba8642000 	C:\Windows\System32\KERNEL32.DLL
0x00007ffba7ea0000 - 0x00007ffba8196000 	C:\Windows\System32\KERNELBASE.dll
0x00007ffba9800000 - 0x00007ffba98b1000 	C:\Windows\System32\ADVAPI32.dll
0x00007ffba9530000 - 0x00007ffba95ce000 	C:\Windows\System32\msvcrt.dll
0x00007ffba9f20000 - 0x00007ffba9fbf000 	C:\Windows\System32\sechost.dll
0x00007ffba8430000 - 0x00007ffba8550000 	C:\Windows\System32\RPCRT4.dll
0x00007ffba7dc0000 - 0x00007ffba7de7000 	C:\Windows\System32\bcrypt.dll
0x00007ffba9fc0000 - 0x00007ffbaa161000 	C:\Windows\System32\USER32.dll
0x00007ffba81a0000 - 0x00007ffba81c2000 	C:\Windows\System32\win32u.dll
0x00007ffba9e20000 - 0x00007ffba9e4b000 	C:\Windows\System32\GDI32.dll
0x00007ffba7a20000 - 0x00007ffba7b39000 	C:\Windows\System32\gdi32full.dll
0x00007ffba7cd0000 - 0x00007ffba7d6d000 	C:\Windows\System32\msvcp_win.dll
0x00007ffba7bd0000 - 0x00007ffba7cd0000 	C:\Windows\System32\ucrtbase.dll
0x00007ffb8a020000 - 0x00007ffb8a2bb000 	C:\Windows\WinSxS\amd64_microsoft.windows.common-controls_6595b64144ccf1df_6.0.19041.6456_none_60b8a6cb71f64256\COMCTL32.dll
0x00007ffba8550000 - 0x00007ffba857f000 	C:\Windows\System32\IMM32.DLL
0x00007ffba3e20000 - 0x00007ffba3e3b000 	C:\Program Files\Java\jdk-1.8\jre\bin\vcruntime140.dll
0x00007ffba1e70000 - 0x00007ffba1e7c000 	C:\Program Files\Java\jdk-1.8\jre\bin\vcruntime140_1.dll
0x00007ffb8dfa0000 - 0x00007ffb8e02e000 	C:\Program Files\Java\jdk-1.8\jre\bin\msvcp140.dll
0x00007ffaecd00000 - 0x00007ffaed5aa000 	C:\Program Files\Java\jdk-1.8\jre\bin\server\jvm.dll
0x00007ffba8270000 - 0x00007ffba8278000 	C:\Windows\System32\PSAPI.DLL
0x00007ffba0510000 - 0x00007ffba051a000 	C:\Windows\SYSTEM32\VERSION.dll
0x00007ffba1810000 - 0x00007ffba1819000 	C:\Windows\SYSTEM32\WSOCK32.dll
0x00007ffb9d2a0000 - 0x00007ffb9d2c7000 	C:\Windows\SYSTEM32\WINMM.dll
0x00007ffba9460000 - 0x00007ffba94cb000 	C:\Windows\System32\WS2_32.dll
0x00007ffba6080000 - 0x00007ffba6092000 	C:\Windows\SYSTEM32\kernel.appcore.dll
0x00007ffb8e060000 - 0x00007ffb8e070000 	C:\Program Files\Java\jdk-1.8\jre\bin\verify.dll
0x00007ffb8df70000 - 0x00007ffb8df9b000 	C:\Program Files\Java\jdk-1.8\jre\bin\java.dll
0x00007ffb8dd40000 - 0x00007ffb8dd58000 	C:\Program Files\Java\jdk-1.8\jre\bin\zip.dll
0x00007ffba8750000 - 0x00007ffba8ec0000 	C:\Windows\System32\SHELL32.dll
0x00007ffba5450000 - 0x00007ffba5bf5000 	C:\Windows\SYSTEM32\windows.storage.dll
0x00007ffba9a10000 - 0x00007ffba9d64000 	C:\Windows\System32\combase.dll
0x00007ffba7190000 - 0x00007ffba71bb000 	C:\Windows\SYSTEM32\Wldp.dll
0x00007ffba9e50000 - 0x00007ffba9f1d000 	C:\Windows\System32\OLEAUT32.dll
0x00007ffba95d0000 - 0x00007ffba967d000 	C:\Windows\System32\SHCORE.dll
0x00007ffba98c0000 - 0x00007ffba991b000 	C:\Windows\System32\shlwapi.dll
0x00007ffba7770000 - 0x00007ffba7794000 	C:\Windows\SYSTEM32\profapi.dll
0x00007ffb8e050000 - 0x00007ffb8e05d000 	C:\Program Files\Java\jdk-1.8\jre\bin\management.dll
0x00007ffb8dbd0000 - 0x00007ffb8dbec000 	C:\Program Files\Java\jdk-1.8\jre\bin\net.dll
0x00007ffba6ef0000 - 0x00007ffba6f5a000 	C:\Windows\system32\mswsock.dll
0x00007ffb8dbb0000 - 0x00007ffb8dbc3000 	C:\Program Files\Java\jdk-1.8\jre\bin\nio.dll
0x00007ffb7d3d0000 - 0x00007ffb7d3e7000 	C:\Windows\system32\napinsp.dll
0x00007ffb7d5f0000 - 0x00007ffb7d60b000 	C:\Windows\system32\pnrpnsp.dll
0x00007ffba2300000 - 0x00007ffba231d000 	C:\Windows\system32\wshbth.dll
0x00007ffba3790000 - 0x00007ffba37ad000 	C:\Windows\system32\NLAapi.dll
0x00007ffba6bd0000 - 0x00007ffba6c0b000 	C:\Windows\SYSTEM32\IPHLPAPI.DLL
0x00007ffba6c10000 - 0x00007ffba6cda000 	C:\Windows\SYSTEM32\DNSAPI.dll
0x00007ffba86b0000 - 0x00007ffba86b8000 	C:\Windows\System32\NSI.dll
0x00007ffb7d610000 - 0x00007ffb7d622000 	C:\Windows\System32\winrnr.dll
0x00007ffb9f850000 - 0x00007ffb9f85a000 	C:\Windows\System32\rasadhlp.dll
0x00007ffb8e0a0000 - 0x00007ffb8e120000 	C:\Windows\System32\fwpuclnt.dll
0x0000000180000000 - 0x0000000180051000 	C:\Users\chuck\.gradle\caches\minecraft\net\minecraft\minecraft_natives\1.7.10\lwjgl64.dll
0x00007ffb2dac0000 - 0x00007ffb2dbe8000 	C:\Windows\SYSTEM32\OPENGL32.dll
0x00007ffb2eb10000 - 0x00007ffb2eb3c000 	C:\Windows\SYSTEM32\GLU32.dll
0x00007ffba70f0000 - 0x00007ffba7108000 	C:\Windows\SYSTEM32\CRYPTSP.dll
0x00007ffba6810000 - 0x00007ffba6848000 	C:\Windows\system32\rsaenh.dll
0x00007ffba7730000 - 0x00007ffba775e000 	C:\Windows\SYSTEM32\USERENV.dll
0x00007ffba7b40000 - 0x00007ffba7bc2000 	C:\Windows\System32\bcryptprimitives.dll
0x00007ffba70e0000 - 0x00007ffba70ec000 	C:\Windows\SYSTEM32\CRYPTBASE.dll
0x00007ffba0290000 - 0x00007ffba02a7000 	C:\Windows\SYSTEM32\dhcpcsvc6.DLL
0x00007ffba05b0000 - 0x00007ffba05cd000 	C:\Windows\SYSTEM32\dhcpcsvc.DLL
0x00007ffad0ef0000 - 0x00007ffad106e000 	C:\Program Files\Java\jdk-1.8\jre\bin\awt.dll
0x00007ffba49d0000 - 0x00007ffba4a64000 	C:\Windows\SYSTEM32\apphelp.dll
0x00007ffb99f20000 - 0x00007ffb99fce000 	C:\Windows\SYSTEM32\mscms.dll
0x00007ffb99f00000 - 0x00007ffb99f11000 	C:\Windows\SYSTEM32\ColorAdapterClient.dll
0x00007ffba4da0000 - 0x00007ffba4e3e000 	C:\Windows\system32\uxtheme.dll
0x000001f6efb60000 - 0x000001f6f7bd3000 	C:\Program Files (x86)\ASUS\GPUTweakIII\GTIII-OSD\x64\GTIII-OSD64-VK.dll
0x00007ffba9330000 - 0x00007ffba945b000 	C:\Windows\System32\ole32.dll
0x00007ffb2e8a0000 - 0x00007ffb2ea26000 	C:\Windows\SYSTEM32\vulkan-1.dll
0x00007ffba7d70000 - 0x00007ffba7dbe000 	C:\Windows\System32\CFGMGR32.dll
0x00007ffba96e0000 - 0x00007ffba97f5000 	C:\Windows\System32\MSCTF.dll
0x00007ffba9d70000 - 0x00007ffba9e19000 	C:\Windows\System32\clbcatq.dll
0x00007ffb28ad0000 - 0x00007ffb2b424000 	C:\Windows\System32\DriverStore\FileRepository\nv_dispi.inf_amd64_20ae8f14a487d5db\nvoglv64.dll
0x00007ffba8ec0000 - 0x00007ffba9330000 	C:\Windows\System32\SETUPAPI.dll
0x00007ffba1260000 - 0x00007ffba1274000 	C:\Windows\SYSTEM32\WTSAPI32.dll
0x00007ffba7320000 - 0x00007ffba7332000 	C:\Windows\SYSTEM32\msasn1.dll
0x00007ffba04d0000 - 0x00007ffba0501000 	C:\Windows\SYSTEM32\cryptnet.dll
0x00007ffba7840000 - 0x00007ffba799d000 	C:\Windows\System32\CRYPT32.dll
0x00007ffba0320000 - 0x00007ffba0467000 	C:\Windows\SYSTEM32\drvstore.dll
0x00007ffba7510000 - 0x00007ffba7543000 	C:\Windows\SYSTEM32\devobj.dll
0x00007ffba79a0000 - 0x00007ffba7a13000 	C:\Windows\System32\WINTRUST.dll
0x00007ffba6a60000 - 0x00007ffba6a93000 	C:\Windows\SYSTEM32\ntmarta.dll
0x00007ffba8250000 - 0x00007ffba826d000 	C:\Windows\System32\imagehlp.dll
0x00007ffb944a0000 - 0x00007ffb98234000 	C:\Windows\System32\DriverStore\FileRepository\nv_dispi.inf_amd64_20ae8f14a487d5db\nvgpucomp64.dll
0x00007ffb98240000 - 0x00007ffb9827b000 	C:\Windows\SYSTEM32\dxcore.dll
0x00007ffb32210000 - 0x00007ffb32357000 	C:\Windows\system32\nvspcap64.dll
0x00007ffba5160000 - 0x00007ffba518e000 	C:\Windows\SYSTEM32\dwmapi.dll
0x00007ffb9b9e0000 - 0x00007ffb9bad9000 	C:\Windows\SYSTEM32\textinputframework.dll
0x00007ffba4490000 - 0x00007ffba47eb000 	C:\Windows\System32\CoreUIComponents.dll
0x00007ffba47f0000 - 0x00007ffba48e2000 	C:\Windows\System32\CoreMessaging.dll
0x00007ffba4330000 - 0x00007ffba4487000 	C:\Windows\SYSTEM32\wintypes.dll
0x00007ffb790f0000 - 0x00007ffb79135000 	C:\Windows\SYSTEM32\icm32.dll
0x00007ffba76a0000 - 0x00007ffba76eb000 	C:\Windows\SYSTEM32\powrprof.dll
0x00007ffba7680000 - 0x00007ffba7692000 	C:\Windows\SYSTEM32\UMPDC.dll
0x00007ffba7560000 - 0x00007ffba75c3000 	C:\Windows\SYSTEM32\WINSTA.dll
0x0000000070a40000 - 0x0000000070adc000 	C:\Users\chuck\.gradle\caches\minecraft\net\minecraft\minecraft_natives\1.7.10\avutil-ttv-51.dll
0x0000000065980000 - 0x00000000659d6000 	C:\Users\chuck\.gradle\caches\minecraft\net\minecraft\minecraft_natives\1.7.10\swresample-ttv-0.dll
0x000000006eb80000 - 0x000000006ec50000 	C:\Users\chuck\.gradle\caches\minecraft\net\minecraft\minecraft_natives\1.7.10\libmp3lame-ttv.dll
0x00007ffacfb40000 - 0x00007ffad0ee4000 	C:\Users\chuck\.gradle\caches\minecraft\net\minecraft\minecraft_natives\1.7.10\libmfxsw64.dll
0x00007ffacfa10000 - 0x00007ffacfb3b000 	C:\Users\chuck\.gradle\caches\minecraft\net\minecraft\minecraft_natives\1.7.10\twitchsdk.dll
0x00007ffb8ad40000 - 0x00007ffb8b216000 	C:\Windows\SYSTEM32\WININET.dll
0x000001f6b8380000 - 0x000001f6c03d1000 	C:\Program Files (x86)\ASUS\GPUTweakIII\GTIII-OSD\x64\GTIII-OSD64-GL.dll
0x0000000055f40000 - 0x0000000055fa3000 	C:\Program Files (x86)\ASUS\GPUTweakIII\GTIII-OSD\x64\glew32.dll
0x000001f6c03e0000 - 0x000001f6c8567000 	C:\Program Files (x86)\ASUS\GPUTweakIII\GTIII-OSD\x64\GTIII-OSD64.dll
0x00007ffb876a0000 - 0x00007ffb876c5000 	C:\Windows\SYSTEM32\d3d12.dll
0x00007ffba28a0000 - 0x00007ffba2cfd000 	C:\Windows\SYSTEM32\D3DCOMPILER_47.dll
0x00007ffb2eb40000 - 0x00007ffb2eb71000 	C:\Windows\SYSTEM32\d3d10_1.dll
0x00007ffb2fa50000 - 0x00007ffb2fa5d000 	C:\Windows\SYSTEM32\d3d10_1core.dll
0x00007ffba2e60000 - 0x00007ffba30c4000 	C:\Windows\SYSTEM32\d3d11.dll
0x00007ffba60c0000 - 0x00007ffba61b6000 	C:\Windows\SYSTEM32\dxgi.dll
0x000001f6c8570000 - 0x000001f6c87d3000 	C:\Windows\SYSTEM32\d3dx9_43.dll
0x00007ffb73500000 - 0x00007ffb736d1000 	C:\Windows\SYSTEM32\d3d9.dll
0x00007ffb8bd50000 - 0x00007ffb8bdfc000 	C:\Windows\SYSTEM32\TextShaping.dll
0x000001f6a7330000 - 0x000001f6a7394000 	C:\Users\chuck\.gradle\caches\minecraft\net\minecraft\minecraft_natives\1.7.10\OpenAL64.dll
0x00007ffba0df0000 - 0x00007ffba0e75000 	C:\Windows\System32\MMDevApi.dll
0x00007ffb6c200000 - 0x00007ffb6c29c000 	C:\Windows\SYSTEM32\dsound.dll
0x00007ffb8b400000 - 0x00007ffb8b426000 	C:\Windows\SYSTEM32\winmmbase.dll
0x00007ffba10c0000 - 0x00007ffba1241000 	C:\Windows\SYSTEM32\AUDIOSES.DLL
0x00007ffba4d80000 - 0x00007ffba4d94000 	C:\Windows\SYSTEM32\resourcepolicyclient.dll
0x00007ffb2c110000 - 0x00007ffb2c144000 	C:\Program Files\Java\jdk-1.8\jre\bin\jpeg.dll
0x00007ffb8aab0000 - 0x00007ffb8aad5000 	C:\Program Files\Java\jdk-1.8\jre\bin\sunec.dll
0x00007ffb8aaa0000 - 0x00007ffb8aaae000 	C:\Program Files\Java\jdk-1.8\jre\bin\sunmscapi.dll
0x00007ffba7200000 - 0x00007ffba7227000 	C:\Windows\SYSTEM32\ncrypt.dll
0x00007ffba71c0000 - 0x00007ffba71fb000 	C:\Windows\SYSTEM32\NTASN1.dll
0x00007ffba5cc0000 - 0x00007ffba5ec1000 	C:\Windows\SYSTEM32\dbghelp.dll

VM Arguments:
jvm_args: -Dfile.encoding=UTF-8 -Duser.country=US -Duser.language=en -Duser.variant 
java_command: GradleStart
java_class_path (initial): C:\Users\chuck\.gradle\caches\minecraft\net\minecraftforge\forge\1.7.10-10.13.4.1614-1.7.10\start;C:\Users\chuck\.gradle\caches\minecraft\net\minecraftforge\forge\1.7.10-10.13.4.1614-1.7.10\forgeSrc-1.7.10-10.13.4.1614-1.7.10.jar;C:\Users\chuck\.gradle\caches\modules-2\files-2.1\net.minecraft\launchwrapper\1.12\111e7bea9c968cdb3d06ef4632bf7ff0824d0f36\launchwrapper-1.12.jar;C:\Users\chuck\.gradle\caches\modules-2\files-2.1\com.google.code.findbugs\jsr305\1.3.9\40719ea6961c0cb6afaeb6a921eaa1f6afd4cfdf\jsr305-1.3.9.jar;C:\Users\chuck\.gradle\caches\modules-2\files-2.1\org.ow2.asm\asm-debug-all\5.0.3\f9e364ae2a66ce2a543012a4668856e84e5dab74\asm-debug-all-5.0.3.jar;C:\Users\chuck\.gradle\caches\modules-2\files-2.1\com.typesafe.akka\akka-actor_2.11\2.3.3\ed62e9fc709ca0f2ff1a3220daa8b70a2870078e\akka-actor_2.11-2.3.3.jar;C:\Users\chuck\.gradle\caches\modules-2\files-2.1\com.typesafe\config\1.2.1\f771f71fdae3df231bcd54d5ca2d57f0bf93f467\config-1.2.1.jar;C:\Users\chuck\.gradle\caches\modules-2\files-2.1\org.scala-lang\scala-actors-migration_2.11\1.1.0\dfa8bc42b181d5b9f1a5dd147f8ae308b893eb6f\scala-actors-migration_2.11-1.1.0.jar;C:\Users\chuck\.gradle\caches\modules-2\files-2.1\org.scala-lang.plugins\scala-continuations-plugin_2.11.1\1.0.2\f361a3283452c57fa30c1ee69448995de23c60f7\scala-continuations-plugin_2.11.1-1.0.2.jar;C:\Users\chuck\.gradle\caches\modules-2\files-2.1\org.scala-lang\scala-compiler\2.11.1\56ea2e6c025e0821f28d73ca271218b8dd04926a\scala-compiler-2.11.1.jar;C:\Users\chuck\.gradle\caches\modules-2\files-2.1\org.scala-lang.plugins\scala-continuations-library_2.11\1.0.2\e517c53a7e9acd6b1668c5a35eccbaa3bab9aac\scala-continuations-library_2.11-1.0.2.jar;C:\Users\chuck\.gradle\caches\modules-2\files-2.1\org.scala-lang\scala-reflect\2.11.1\6580347e61cc7f8e802941e7fde40fa83b8badeb\scala-reflect-2.11.1.jar;C:\Users\chuck\.gradle\caches\modules-2\files-2.1\org.scala-lang\scala-actors\2.11.0\8ccfb6541de179bb1c4d45cf414acee069b7f78b\scala-a
Launcher Type: SUN_STANDARD

Environment Variables:
PATH=C:\Program Files\Eclipse Adoptium\jdk-8.0.462.8-hotspot\bin;C:\Program Files\Common Files\Oracle\Java\javapath;C:\Program Files (x86)\Common Files\Oracle\Java\java8path;C:\Program Files (x86)\Common Files\Oracle\Java\javapath;C:\Program Files (x86)\Razer Chroma SDK\bin;C:\Program Files\Razer Chroma SDK\bin;C:\Program Files (x86)\Razer\ChromaBroadcast\bin;C:\Program Files\Razer\ChromaBroadcast\bin;C:\Windows\system32;C:\Windows;C:\Windows\System32\Wbem;C:\Windows\System32\WindowsPowerShell\v1.0\;C:\Windows\System32\OpenSSH\;C:\Program Files (x86)\NVIDIA Corporation\PhysX\Common;C:\Windows\system32\config\systemprofile\AppData\Local\Microsoft\WindowsApps;C:\Program Files\dotnet\;C:\Program Files (x86)\Windows Live\Shared;C:\Program Files\Git\cmd;C:\Program Files\WorldPainter;C:\Program Files\NVIDIA Corporation\NVIDIA app\NvDLISR;C:\Users\chuck\AppData\Local\Microsoft\WindowsApps;;C:\Program Files\JetBrains\IntelliJ IDEA 2024.2.0.1\bin;
USERNAME=chuck
OS=Windows_NT
PROCESSOR_IDENTIFIER=Intel64 Family 6 Model 158 Stepping 13, GenuineIntel



---------------  S Y S T E M  ---------------

OS: Windows 10 , 64 bit Build 19041 (10.0.19041.5915)

CPU:total 16 (initial active 16) (8 cores per cpu, 2 threads per core) family 6 model 158 stepping 13, cmov, cx8, fxsr, mmx, sse, sse2, sse3, ssse3, sse4.1, sse4.2, popcnt, avx, avx2, aes, clmul, erms, 3dnowpref, lzcnt, ht, tsc, tscinvbit, bmi1, bmi2, adx

Memory: 4k page, physical 67022948k(42812840k free), swap 71217252k(35513012k free)

vm_info: Java HotSpot(TM) 64-Bit Server VM (25.471-b09) for windows-amd64 JRE (1.8.0_471-b09), built on Sep 26 2025 05:08:27 by "java_re" with MS VC++ 17.6 (VS2022)

time: Thu Nov 20 00:13:05 2025
timezone: Eastern Standard Time
elapsed time: 102.995027 seconds (0d 0h 1m 42s)

