#
# A fatal error has been detected by the Java Runtime Environment:
#
#  EXCEPTION_ACCESS_VIOLATION (0xc0000005) at pc=0x00007ffe5df182e9, pid=11196, tid=0x0000000000000588
#
# JRE version: Java(TM) SE Runtime Environment (8.0_471) (build 1.8.0_471-b09)
# Java VM: Java HotSpot(TM) 64-Bit Server VM (25.471-b09 mixed mode windows-amd64 compressed oops)
# Problematic frame:
# C  [nvoglv64.dll+0x8682e9]
#
# Failed to write core dump. Minidumps are not enabled by default on client versions of Windows
#
# If you would like to submit a bug report, please visit:
#   https://bugreport.java.com/bugreport/crash.jsp
#

---------------  T H R E A D  ---------------

Current thread (0x000001a7f4f77000):  VMThread [stack: 0x0000002403c00000,0x0000002403d00000] [id=1416]

siginfo: ExceptionCode=0xc0000005, reading address 0x0000000000001238

Registers:
RAX=0x0000000000000000, RBX=0x000001a7faab7320, RCX=0x0000000000000004, RDX=0x0000000000000000
RSP=0x0000002403cff388, RBP=0x0000000000000000, RSI=0x0000000000000000, RDI=0x000001a7faab7320
R8 =0x0000000000000000, R9 =0x000001a7a7b58040, R10=0x000001a7be0d0000, R11=0x0000002403cff390
R12=0x000001a7b0db0000, R13=0x000001a7b0ee3820, R14=0x0000000000000000, R15=0x0000000000000000
RIP=0x00007ffe5df182e9, EFLAGS=0x0000000000010202

Top of Stack: (sp=0x0000002403cff388)
0x0000002403cff388:   000001a7b0dbbbf1 0000000000000000
0x0000002403cff398:   0000000000000000 000001a7b0ee3820
0x0000002403cff3a8:   000001a7b0db0000 fffffffffffffffe
0x0000002403cff3b8:   00007fff143b47b1 000001a7a7b58138
0x0000002403cff3c8:   000001a7b0db8281 0000000000000000
0x0000002403cff3d8:   0000000000000000 0000000000000000
0x0000002403cff3e8:   000001a700000000 000001a7a7b58138
0x0000002403cff3f8:   000001a7b0db7c71 000001a7a7b58040
0x0000002403cff408:   0000000000000000 000001a7f9934ff0
0x0000002403cff418:   00007fff143b5ba1 000001a7b0ee3840
0x0000002403cff428:   000001a7b0dfac0d 0000000000000040
0x0000002403cff438:   00007fff00000000 0000000000000000
0x0000002403cff448:   000001a7f9934fe8 000001a7b0db0000
0x0000002403cff458:   000001a7be3e0918 000001a7b0e43f4c
0x0000002403cff468:   0000000000000001 0000000000000001
0x0000002403cff478:   000001a7b0dba083 0000000000000000 

Instructions: (pc=0x00007ffe5df182e9)
0x00007ffe5df182c9:   af af af af af af af c3 cc cc cc cc cc cc cc cc
0x00007ffe5df182d9:   cc cc cc cc cc cc cc 65 48 8b 04 25 30 16 00 00
0x00007ffe5df182e9:   ff a0 38 12 00 00 cc cc cc cc cc cc cc cc cc cc
0x00007ffe5df182f9:   cc cc cc cc cc cc cc cc cc cc cc cc cc cc cc cc 


Register to memory mapping:

RAX=0x0000000000000000 is an unknown value
RBX=0x000001a7faab7320 is an unknown value
RCX=0x0000000000000004 is an unknown value
RDX=0x0000000000000000 is an unknown value
RSP=0x0000002403cff388 is an unknown value
RBP=0x0000000000000000 is an unknown value
RSI=0x0000000000000000 is an unknown value
RDI=0x000001a7faab7320 is an unknown value
R8 =0x0000000000000000 is an unknown value
R9 =0x000001a7a7b58040 is an unknown value
R10=0x000001a7be0d0000 is an unknown value
R11=0x0000002403cff390 is an unknown value
R12=0x000001a7b0db0000 is an unknown value
R13=0x000001a7b0ee3820 is an unknown value
R14=0x0000000000000000 is an unknown value
R15=0x0000000000000000 is an unknown value


Stack: [0x0000002403c00000,0x0000002403d00000],  sp=0x0000002403cff388,  free space=1020k
Native frames: (J=compiled Java code, j=interpreted, Vv=VM code, C=native code)

VM_Operation (0x0000002402efe480): Exit, mode: safepoint, requested by thread 0x000001a7be11b000


---------------  P R O C E S S  ---------------

Java Threads: ( => current thread )
  0x000001a78080a800 JavaThread "AWT-Shutdown" [_thread_blocked, id=28656, stack(0x0000002402d00000,0x0000002402e00000)]
  0x000001a7f81ed000 JavaThread "File IO Thread" [_thread_blocked, id=27180, stack(0x0000002402b00000,0x0000002402c00000)]
  0x000001a780808800 JavaThread "Netty IO #1" daemon [_thread_blocked, id=6736, stack(0x0000002406100000,0x0000002406200000)]
  0x000001a780809000 JavaThread "Netty Client IO #0" daemon [_thread_blocked, id=22008, stack(0x0000002405e00000,0x0000002405f00000)]
  0x000001a780804800 JavaThread "Netty IO #0" daemon [_thread_blocked, id=28536, stack(0x0000002405b00000,0x0000002405c00000)]
  0x000001a7f9156000 JavaThread "LWJGL Timer" daemon [_thread_blocked, id=22044, stack(0x0000002405a00000,0x0000002405b00000)]
  0x000001a7f7e7e800 JavaThread "Java2D Disposer" daemon [_thread_blocked, id=27320, stack(0x0000002405100000,0x0000002405200000)]
  0x000001a7fe407800 JavaThread "Timer hack thread" daemon [_thread_blocked, id=22944, stack(0x0000002405000000,0x0000002405100000)]
  0x000001a7fe209800 JavaThread "Snooper Timer" daemon [_thread_blocked, id=25872, stack(0x0000002404f00000,0x0000002405000000)]
  0x000001a7f7d83000 JavaThread "Service Thread" daemon [_thread_blocked, id=8972, stack(0x0000002404d00000,0x0000002404e00000)]
  0x000001a7f7d1e800 JavaThread "C1 CompilerThread11" daemon [_thread_blocked, id=24080, stack(0x0000002404c00000,0x0000002404d00000)]
  0x000001a7f7d0d000 JavaThread "C1 CompilerThread10" daemon [_thread_blocked, id=25728, stack(0x0000002404b00000,0x0000002404c00000)]
  0x000001a7f7cf2000 JavaThread "C1 CompilerThread9" daemon [_thread_blocked, id=3272, stack(0x0000002404a00000,0x0000002404b00000)]
  0x000001a7f7ce4800 JavaThread "C1 CompilerThread8" daemon [_thread_blocked, id=23428, stack(0x0000002404900000,0x0000002404a00000)]
  0x000001a7f7ccb800 JavaThread "C2 CompilerThread7" daemon [_thread_blocked, id=10080, stack(0x0000002404800000,0x0000002404900000)]
  0x000001a7f7cc3000 JavaThread "C2 CompilerThread6" daemon [_thread_blocked, id=16552, stack(0x0000002404700000,0x0000002404800000)]
  0x000001a7f7cc1000 JavaThread "C2 CompilerThread5" daemon [_thread_blocked, id=23864, stack(0x0000002404600000,0x0000002404700000)]
  0x000001a7f7cb9800 JavaThread "C2 CompilerThread4" daemon [_thread_blocked, id=2512, stack(0x0000002404500000,0x0000002404600000)]
  0x000001a7f7cb8800 JavaThread "C2 CompilerThread3" daemon [_thread_blocked, id=23676, stack(0x0000002404400000,0x0000002404500000)]
  0x000001a7f7cb8000 JavaThread "C2 CompilerThread2" daemon [_thread_blocked, id=21728, stack(0x0000002404300000,0x0000002404400000)]
  0x000001a7f7cb3000 JavaThread "C2 CompilerThread1" daemon [_thread_blocked, id=27332, stack(0x0000002404200000,0x0000002404300000)]
  0x000001a7f7caf800 JavaThread "C2 CompilerThread0" daemon [_thread_blocked, id=13148, stack(0x0000002404100000,0x0000002404200000)]
  0x000001a7f7cad000 JavaThread "Attach Listener" daemon [_thread_blocked, id=14800, stack(0x0000002404000000,0x0000002404100000)]
  0x000001a7f7cab000 JavaThread "Signal Dispatcher" daemon [_thread_blocked, id=26496, stack(0x0000002403f00000,0x0000002404000000)]
  0x000001a7f4f87000 JavaThread "Finalizer" daemon [_thread_blocked, id=22928, stack(0x0000002403e00000,0x0000002403f00000)]
  0x000001a7f7c80800 JavaThread "Reference Handler" daemon [_thread_blocked, id=22080, stack(0x0000002403d00000,0x0000002403e00000)]
  0x000001a7be11b000 JavaThread "Client thread" [_thread_blocked, id=17920, stack(0x0000002402e00000,0x0000002402f00000)]

Other Threads:
=>0x000001a7f4f77000 VMThread [stack: 0x0000002403c00000,0x0000002403d00000] [id=1416]

VM state:at safepoint (shutting down)

VM Mutex/Monitor currently owned by a thread:  ([mutex/lock_event])
[0x000001a7be114600] Threads_lock - owner thread: 0x000001a7f4f77000

heap address: 0x00000003c1400000, size: 16364 MB, Compressed Oops mode: Zero based, Oop shift amount: 3
Narrow klass base: 0x0000000000000000, Narrow klass shift: 3
Compressed class space size: 1073741824 Address: 0x00000007c0000000

Heap:
 PSYoungGen      total 174080K, used 47839K [0x000000066b180000, 0x0000000677500000, 0x00000007c0000000)
  eden space 157184K, 19% used [0x000000066b180000,0x000000066cfdcd80,0x0000000674b00000)
  from space 16896K, 99% used [0x0000000674d00000,0x0000000675d5b0d0,0x0000000675d80000)
  to   space 21504K, 0% used [0x0000000676000000,0x0000000676000000,0x0000000677500000)
 ParOldGen       total 415744K, used 183613K [0x00000003c1400000, 0x00000003daa00000, 0x000000066b180000)
  object space 415744K, 44% used [0x00000003c1400000,0x00000003cc74f518,0x00000003daa00000)
 Metaspace       used 44610K, capacity 45095K, committed 45440K, reserved 1089536K
  class space    used 5099K, capacity 5230K, committed 5248K, reserved 1048576K

Card table byte_map: [0x000001a7cefa0000,0x000001a7d0fa0000] byte_map_base: 0x000001a7cd196000

Marking Bits: (ParMarkBitMap*) 0x00007ffe6589a3e0
 Begin Bits: [0x000001a7d24f0000, 0x000001a7e24a0000)
 End Bits:   [0x000001a7e24a0000, 0x000001a7f2450000)

Polling page: 0x000001a7be2e0000

CodeCache: size=245760Kb used=34019Kb max_used=35001Kb free=211740Kb
 bounds [0x000001a7bfbe0000, 0x000001a7c1ef0000, 0x000001a7cebe0000]
 total_blobs=8941 nmethods=8062 adapters=786
 compilation: enabled

Compilation events (10 events):
Event: 303.110 Thread 0x000001a7f7d1e800 nmethod 11754 0x000001a7c0fa8c90 code [0x000001a7c0fa8de0, 0x000001a7c0fa8ef8]
Event: 303.110 Thread 0x000001a7f7d0d000 nmethod 11753 0x000001a7c0d7c090 code [0x000001a7c0d7c220, 0x000001a7c0d7c7c0]
Event: 303.124 Thread 0x000001a7f7cb9800 11755       4       net.minecraft.world.chunk.Chunk::needsSaving (68 bytes)
Event: 303.126 Thread 0x000001a7f7cb9800 nmethod 11755 0x000001a7c0fa8850 code [0x000001a7c0fa89a0, 0x000001a7c0fa8ad8]
Event: 303.141 Thread 0x000001a7f7cc1000 11756       4       com.google.common.collect.HashBiMap::containsKey (18 bytes)
Event: 303.141 Thread 0x000001a7f7d1e800 11757 %     3       java.util.Arrays::fill @ 5 (21 bytes)
Event: 303.141 Thread 0x000001a7f7d1e800 nmethod 11757% 0x000001a7c0e3c5d0 code [0x000001a7c0e3c740, 0x000001a7c0e3cad8]
Event: 303.141 Thread 0x000001a7f7cb9800 11758       4       net.minecraft.util.ObjectIntIdentityMap::func_148746_a (53 bytes)
Event: 303.143 Thread 0x000001a7f7cc1000 nmethod 11756 0x000001a7c0d7a490 code [0x000001a7c0d7a5e0, 0x000001a7c0d7a8f8]
Event: 303.151 Thread 0x000001a7f7cb9800 nmethod 11758 0x000001a7c00bded0 code [0x000001a7c00be0a0, 0x000001a7c00bea68]

GC Heap History (10 events):
Event: 297.257 GC heap before
{Heap before GC invocations=86 (full 5):
 PSYoungGen      total 187904K, used 185454K [0x000000066b180000, 0x0000000678000000, 0x00000007c0000000)
  eden space 167424K, 100% used [0x000000066b180000,0x0000000675500000,0x0000000675500000)
  from space 20480K, 88% used [0x0000000676c00000,0x0000000677d9b960,0x0000000678000000)
  to   space 22016K, 0% used [0x0000000675500000,0x0000000675500000,0x0000000676a80000)
 ParOldGen       total 415744K, used 183072K [0x00000003c1400000, 0x00000003daa00000, 0x000000066b180000)
  object space 415744K, 44% used [0x00000003c1400000,0x00000003cc6c83e8,0x00000003daa00000)
 Metaspace       used 44569K, capacity 45095K, committed 45440K, reserved 1089536K
  class space    used 5090K, capacity 5230K, committed 5248K, reserved 1048576K
Event: 297.259 GC heap after
Heap after GC invocations=86 (full 5):
 PSYoungGen      total 182272K, used 16636K [0x000000066b180000, 0x0000000677e00000, 0x00000007c0000000)
  eden space 165376K, 0% used [0x000000066b180000,0x000000066b180000,0x0000000675300000)
  from space 16896K, 98% used [0x0000000675500000,0x000000067653f3f0,0x0000000676580000)
  to   space 22016K, 0% used [0x0000000676880000,0x0000000676880000,0x0000000677e00000)
 ParOldGen       total 415744K, used 183217K [0x00000003c1400000, 0x00000003daa00000, 0x000000066b180000)
  object space 415744K, 44% used [0x00000003c1400000,0x00000003cc6ec488,0x00000003daa00000)
 Metaspace       used 44569K, capacity 45095K, committed 45440K, reserved 1089536K
  class space    used 5090K, capacity 5230K, committed 5248K, reserved 1048576K
}
Event: 298.558 GC heap before
{Heap before GC invocations=87 (full 5):
 PSYoungGen      total 182272K, used 182012K [0x000000066b180000, 0x0000000677e00000, 0x00000007c0000000)
  eden space 165376K, 100% used [0x000000066b180000,0x0000000675300000,0x0000000675300000)
  from space 16896K, 98% used [0x0000000675500000,0x000000067653f3f0,0x0000000676580000)
  to   space 22016K, 0% used [0x0000000676880000,0x0000000676880000,0x0000000677e00000)
 ParOldGen       total 415744K, used 183217K [0x00000003c1400000, 0x00000003daa00000, 0x000000066b180000)
  object space 415744K, 44% used [0x00000003c1400000,0x00000003cc6ec488,0x00000003daa00000)
 Metaspace       used 44569K, capacity 45095K, committed 45440K, reserved 1089536K
  class space    used 5090K, capacity 5230K, committed 5248K, reserved 1048576K
Event: 298.560 GC heap after
Heap after GC invocations=87 (full 5):
 PSYoungGen      total 182272K, used 15400K [0x000000066b180000, 0x0000000677b00000, 0x00000007c0000000)
  eden space 163328K, 0% used [0x000000066b180000,0x000000066b180000,0x0000000675100000)
  from space 18944K, 81% used [0x0000000676880000,0x000000067778a270,0x0000000677b00000)
  to   space 21504K, 0% used [0x0000000675100000,0x0000000675100000,0x0000000676600000)
 ParOldGen       total 415744K, used 183309K [0x00000003c1400000, 0x00000003daa00000, 0x000000066b180000)
  object space 415744K, 44% used [0x00000003c1400000,0x00000003cc7034d8,0x00000003daa00000)
 Metaspace       used 44569K, capacity 45095K, committed 45440K, reserved 1089536K
  class space    used 5090K, capacity 5230K, committed 5248K, reserved 1048576K
}
Event: 299.920 GC heap before
{Heap before GC invocations=88 (full 5):
 PSYoungGen      total 182272K, used 178728K [0x000000066b180000, 0x0000000677b00000, 0x00000007c0000000)
  eden space 163328K, 100% used [0x000000066b180000,0x0000000675100000,0x0000000675100000)
  from space 18944K, 81% used [0x0000000676880000,0x000000067778a270,0x0000000677b00000)
  to   space 21504K, 0% used [0x0000000675100000,0x0000000675100000,0x0000000676600000)
 ParOldGen       total 415744K, used 183309K [0x00000003c1400000, 0x00000003daa00000, 0x000000066b180000)
  object space 415744K, 44% used [0x00000003c1400000,0x00000003cc7034d8,0x00000003daa00000)
 Metaspace       used 44569K, capacity 45095K, committed 45440K, reserved 1089536K
  class space    used 5090K, capacity 5230K, committed 5248K, reserved 1048576K
Event: 299.922 GC heap after
Heap after GC invocations=88 (full 5):
 PSYoungGen      total 177152K, used 15811K [0x000000066b180000, 0x0000000677900000, 0x00000007c0000000)
  eden space 161280K, 0% used [0x000000066b180000,0x000000066b180000,0x0000000674f00000)
  from space 15872K, 99% used [0x0000000675100000,0x0000000676070d10,0x0000000676080000)
  to   space 21504K, 0% used [0x0000000676400000,0x0000000676400000,0x0000000677900000)
 ParOldGen       total 415744K, used 183373K [0x00000003c1400000, 0x00000003daa00000, 0x000000066b180000)
  object space 415744K, 44% used [0x00000003c1400000,0x00000003cc713518,0x00000003daa00000)
 Metaspace       used 44569K, capacity 45095K, committed 45440K, reserved 1089536K
  class space    used 5090K, capacity 5230K, committed 5248K, reserved 1048576K
}
Event: 301.308 GC heap before
{Heap before GC invocations=89 (full 5):
 PSYoungGen      total 177152K, used 177091K [0x000000066b180000, 0x0000000677900000, 0x00000007c0000000)
  eden space 161280K, 100% used [0x000000066b180000,0x0000000674f00000,0x0000000674f00000)
  from space 15872K, 99% used [0x0000000675100000,0x0000000676070d10,0x0000000676080000)
  to   space 21504K, 0% used [0x0000000676400000,0x0000000676400000,0x0000000677900000)
 ParOldGen       total 415744K, used 183373K [0x00000003c1400000, 0x00000003daa00000, 0x000000066b180000)
  object space 415744K, 44% used [0x00000003c1400000,0x00000003cc713518,0x00000003daa00000)
 Metaspace       used 44570K, capacity 45095K, committed 45440K, reserved 1089536K
  class space    used 5090K, capacity 5230K, committed 5248K, reserved 1048576K
Event: 301.311 GC heap after
Heap after GC invocations=89 (full 5):
 PSYoungGen      total 178688K, used 16433K [0x000000066b180000, 0x0000000677700000, 0x00000007c0000000)
  eden space 159232K, 0% used [0x000000066b180000,0x000000066b180000,0x0000000674d00000)
  from space 19456K, 84% used [0x0000000676400000,0x000000067740c460,0x0000000677700000)
  to   space 21504K, 0% used [0x0000000674d00000,0x0000000674d00000,0x0000000676200000)
 ParOldGen       total 415744K, used 183381K [0x00000003c1400000, 0x00000003daa00000, 0x000000066b180000)
  object space 415744K, 44% used [0x00000003c1400000,0x00000003cc715518,0x00000003daa00000)
 Metaspace       used 44570K, capacity 45095K, committed 45440K, reserved 1089536K
  class space    used 5090K, capacity 5230K, committed 5248K, reserved 1048576K
}
Event: 302.666 GC heap before
{Heap before GC invocations=90 (full 5):
 PSYoungGen      total 178688K, used 175665K [0x000000066b180000, 0x0000000677700000, 0x00000007c0000000)
  eden space 159232K, 100% used [0x000000066b180000,0x0000000674d00000,0x0000000674d00000)
  from space 19456K, 84% used [0x0000000676400000,0x000000067740c460,0x0000000677700000)
  to   space 21504K, 0% used [0x0000000674d00000,0x0000000674d00000,0x0000000676200000)
 ParOldGen       total 415744K, used 183381K [0x00000003c1400000, 0x00000003daa00000, 0x000000066b180000)
  object space 415744K, 44% used [0x00000003c1400000,0x00000003cc715518,0x00000003daa00000)
 Metaspace       used 44570K, capacity 45095K, committed 45440K, reserved 1089536K
  class space    used 5090K, capacity 5230K, committed 5248K, reserved 1048576K
Event: 302.668 GC heap after
Heap after GC invocations=90 (full 5):
 PSYoungGen      total 174080K, used 16748K [0x000000066b180000, 0x0000000677500000, 0x00000007c0000000)
  eden space 157184K, 0% used [0x000000066b180000,0x000000066b180000,0x0000000674b00000)
  from space 16896K, 99% used [0x0000000674d00000,0x0000000675d5b0d0,0x0000000675d80000)
  to   space 21504K, 0% used [0x0000000676000000,0x0000000676000000,0x0000000677500000)
 ParOldGen       total 415744K, used 183613K [0x00000003c1400000, 0x00000003daa00000, 0x000000066b180000)
  object space 415744K, 44% used [0x00000003c1400000,0x00000003cc74f518,0x00000003daa00000)
 Metaspace       used 44570K, capacity 45095K, committed 45440K, reserved 1089536K
  class space    used 5090K, capacity 5230K, committed 5248K, reserved 1048576K
}

Deoptimization events (10 events):
Event: 303.106 Thread 0x000001a7be11b000 Uncommon trap: reason=unstable_if action=reinterpret pc=0x000001a7c0349e98 method=cpw.mods.fml.relauncher.FMLSecurityManager.checkPermission(Ljava/security/Permission;)V @ 23
Event: 303.114 Thread 0x000001a7807fd800 Uncommon trap: reason=unstable_if action=reinterpret pc=0x000001a7c1d124d0 method=io.netty.channel.local.LocalChannel.isOpen()Z @ 5
Event: 303.124 Thread 0x000001a7807fd800 Uncommon trap: reason=unstable_if action=reinterpret pc=0x000001a7c0b65e34 method=com.google.common.collect.MapMakerInternalMap$Segment.getEntry(Ljava/lang/Object;I)Lcom/google/common/collect/MapMakerInternalMap$ReferenceEntry; @ 4
Event: 303.125 Thread 0x000001a7807fd800 Uncommon trap: reason=unstable_if action=reinterpret pc=0x000001a7bff81d1c method=com.google.common.collect.MapMakerInternalMap$Segment.getEntry(Ljava/lang/Object;I)Lcom/google/common/collect/MapMakerInternalMap$ReferenceEntry; @ 4
Event: 303.125 Thread 0x000001a7807fd800 Uncommon trap: reason=unstable_if action=reinterpret pc=0x000001a7c1041f94 method=com.google.common.collect.MapMakerInternalMap$Segment.getEntry(Ljava/lang/Object;I)Lcom/google/common/collect/MapMakerInternalMap$ReferenceEntry; @ 4
Event: 303.140 Thread 0x000001a7807fe800 Uncommon trap: reason=bimorphic action=maybe_recompile pc=0x000001a7c0fbc304 method=java.util.Hashtable.remove(Ljava/lang/Object;)Ljava/lang/Object; @ 6
Event: 303.140 Thread 0x000001a7807fe800 Uncommon trap: reason=bimorphic action=maybe_recompile pc=0x000001a7c0fbc304 method=java.util.Hashtable.remove(Ljava/lang/Object;)Ljava/lang/Object; @ 6
Event: 303.141 Thread 0x000001a7807fe800 Uncommon trap: reason=bimorphic action=maybe_recompile pc=0x000001a7c0fbc304 method=java.util.Hashtable.remove(Ljava/lang/Object;)Ljava/lang/Object; @ 6
Event: 303.141 Thread 0x000001a7807fe800 Uncommon trap: reason=bimorphic action=maybe_recompile pc=0x000001a7c0fbc304 method=java.util.Hashtable.remove(Ljava/lang/Object;)Ljava/lang/Object; @ 6
Event: 303.141 Thread 0x000001a7807fe800 Uncommon trap: reason=unstable_if action=reinterpret pc=0x000001a7c08e4668 method=org.lwjgl.opengl.Display.processMessages()V @ 9

Classes redefined (0 events):
No events

Internal exceptions (10 events):
Event: 302.718 Thread 0x000001a7807fd800 Exception <a 'java/lang/InterruptedException': sleep interrupted> (0x000000066b4ce518) thrown at [C:\jenkins\workspace\8-2-build-windows-x64-cygwin-sans-NAS\jdk8u471\2292\hotspot\src\share\vm\prims\jvm.cpp, line 3359]
Event: 302.727 Thread 0x000001a7807fd800 Exception <a 'java/lang/InterruptedException': sleep interrupted> (0x000000066b4ce770) thrown at [C:\jenkins\workspace\8-2-build-windows-x64-cygwin-sans-NAS\jdk8u471\2292\hotspot\src\share\vm\prims\jvm.cpp, line 3359]
Event: 302.727 Thread 0x000001a7807fd800 Exception <a 'java/lang/InterruptedException': sleep interrupted> (0x000000066ba8e538) thrown at [C:\jenkins\workspace\8-2-build-windows-x64-cygwin-sans-NAS\jdk8u471\2292\hotspot\src\share\vm\prims\jvm.cpp, line 3311]
Event: 302.737 Thread 0x000001a7807fd800 Exception <a 'java/lang/InterruptedException': sleep interrupted> (0x000000066ba8e790) thrown at [C:\jenkins\workspace\8-2-build-windows-x64-cygwin-sans-NAS\jdk8u471\2292\hotspot\src\share\vm\prims\jvm.cpp, line 3359]
Event: 302.744 Thread 0x000001a7807fd800 Exception <a 'java/lang/InterruptedException': sleep interrupted> (0x000000066ba8e9e8) thrown at [C:\jenkins\workspace\8-2-build-windows-x64-cygwin-sans-NAS\jdk8u471\2292\hotspot\src\share\vm\prims\jvm.cpp, line 3359]
Event: 302.783 Thread 0x000001a7807fd800 Exception <a 'java/lang/InterruptedException': sleep interrupted> (0x000000066bdb2ed8) thrown at [C:\jenkins\workspace\8-2-build-windows-x64-cygwin-sans-NAS\jdk8u471\2292\hotspot\src\share\vm\prims\jvm.cpp, line 3359]
Event: 302.840 Thread 0x000001a7807fd800 Exception <a 'java/lang/InterruptedException': sleep interrupted> (0x000000066bdb3130) thrown at [C:\jenkins\workspace\8-2-build-windows-x64-cygwin-sans-NAS\jdk8u471\2292\hotspot\src\share\vm\prims\jvm.cpp, line 3359]
Event: 302.840 Thread 0x000001a7807fd800 Exception <a 'java/lang/InterruptedException': sleep interrupted> (0x000000066bdb3388) thrown at [C:\jenkins\workspace\8-2-build-windows-x64-cygwin-sans-NAS\jdk8u471\2292\hotspot\src\share\vm\prims\jvm.cpp, line 3359]
Event: 302.940 Thread 0x000001a7807ff000 Exception <a 'java/lang/InterruptedException': sleep interrupted> (0x000000066b4a4bc0) thrown at [C:\jenkins\workspace\8-2-build-windows-x64-cygwin-sans-NAS\jdk8u471\2292\hotspot\src\share\vm\prims\jvm.cpp, line 3359]
Event: 303.106 Thread 0x000001a7be11b000 Exception <a 'org/lwjgl/LWJGLException': Failed to set device gamma.> (0x000000066bc08468) thrown at [C:\jenkins\workspace\8-2-build-windows-x64-cygwin-sans-NAS\jdk8u471\2292\hotspot\src\share\vm\prims\jni.cpp, line 737]

Events (10 events):
Event: 303.141 Thread 0x000001a7807fe800 DEOPT PACKING pc=0x000001a7c08e4668 sp=0x00000024059ff1c0
Event: 303.141 Thread 0x000001a7807fe800 DEOPT UNPACKING pc=0x000001a7bfc258c3 sp=0x00000024059ff178 mode 2
Event: 303.142 Executing VM operation: RevokeBias
Event: 303.142 Executing VM operation: RevokeBias done
Event: 303.142 Thread 0x000001a7807fe800 Thread exited: 0x000001a7807fe800
Event: 303.143 Thread 0x000001a7f7cc1000 flushing nmethod 0x000001a7c026be90
Event: 303.143 Thread 0x000001a7f7cc1000 flushing nmethod 0x000001a7c0314390
Event: 303.147 Thread 0x000001a7807fd800 Thread exited: 0x000001a7807fd800
Event: 303.209 Thread 0x000001a780803800 Thread exited: 0x000001a780803800
Event: 303.209 Executing VM operation: Exit


Dynamic libraries:
0x00007ff6b8270000 - 0x00007ff6b82bf000 	C:\Program Files\Java\jdk-1.8\bin\java.exe
0x00007fff14390000 - 0x00007fff14588000 	C:\Windows\SYSTEM32\ntdll.dll
0x00007fff12970000 - 0x00007fff12a32000 	C:\Windows\System32\KERNEL32.DLL
0x00007fff11d90000 - 0x00007fff12086000 	C:\Windows\System32\KERNELBASE.dll
0x00007fff12690000 - 0x00007fff12741000 	C:\Windows\System32\ADVAPI32.dll
0x00007fff12ec0000 - 0x00007fff12f5e000 	C:\Windows\System32\msvcrt.dll
0x00007fff12d60000 - 0x00007fff12dff000 	C:\Windows\System32\sechost.dll
0x00007fff13500000 - 0x00007fff13620000 	C:\Windows\System32\RPCRT4.dll
0x00007fff11a20000 - 0x00007fff11a47000 	C:\Windows\System32\bcrypt.dll
0x00007fff127c0000 - 0x00007fff12961000 	C:\Windows\System32\USER32.dll
0x00007fff11c60000 - 0x00007fff11c82000 	C:\Windows\System32\win32u.dll
0x00007fff13850000 - 0x00007fff1387b000 	C:\Windows\System32\GDI32.dll
0x00007fff12290000 - 0x00007fff123a9000 	C:\Windows\System32\gdi32full.dll
0x00007fff121f0000 - 0x00007fff1228d000 	C:\Windows\System32\msvcp_win.dll
0x00007fff11c90000 - 0x00007fff11d90000 	C:\Windows\System32\ucrtbase.dll
0x00007ffef30e0000 - 0x00007ffef337b000 	C:\Windows\WinSxS\amd64_microsoft.windows.common-controls_6595b64144ccf1df_6.0.19041.6456_none_60b8a6cb71f64256\COMCTL32.dll
0x00007fff12c20000 - 0x00007fff12c4f000 	C:\Windows\System32\IMM32.DLL
0x00007fff0c420000 - 0x00007fff0c43b000 	C:\Program Files\Java\jdk-1.8\jre\bin\vcruntime140.dll
0x00007fff0dfd0000 - 0x00007fff0dfdc000 	C:\Program Files\Java\jdk-1.8\jre\bin\vcruntime140_1.dll
0x00007ffef5ec0000 - 0x00007ffef5f4e000 	C:\Program Files\Java\jdk-1.8\jre\bin\msvcp140.dll
0x00007ffe650c0000 - 0x00007ffe6596a000 	C:\Program Files\Java\jdk-1.8\jre\bin\server\jvm.dll
0x00007fff12c10000 - 0x00007fff12c18000 	C:\Windows\System32\PSAPI.DLL
0x00007fff0c410000 - 0x00007fff0c419000 	C:\Windows\SYSTEM32\WSOCK32.dll
0x00007fff07340000 - 0x00007fff07367000 	C:\Windows\SYSTEM32\WINMM.dll
0x00007fff09db0000 - 0x00007fff09dba000 	C:\Windows\SYSTEM32\VERSION.dll
0x00007fff12750000 - 0x00007fff127bb000 	C:\Windows\System32\WS2_32.dll
0x00007fff10280000 - 0x00007fff10292000 	C:\Windows\SYSTEM32\kernel.appcore.dll
0x00007fff0c400000 - 0x00007fff0c410000 	C:\Program Files\Java\jdk-1.8\jre\bin\verify.dll
0x00007fff0b6c0000 - 0x00007fff0b6eb000 	C:\Program Files\Java\jdk-1.8\jre\bin\java.dll
0x00007fff0c3e0000 - 0x00007fff0c3f8000 	C:\Program Files\Java\jdk-1.8\jre\bin\zip.dll
0x00007fff13880000 - 0x00007fff13ff0000 	C:\Windows\System32\SHELL32.dll
0x00007fff0f630000 - 0x00007fff0fdd5000 	C:\Windows\SYSTEM32\windows.storage.dll
0x00007fff13ff0000 - 0x00007fff14344000 	C:\Windows\System32\combase.dll
0x00007fff11370000 - 0x00007fff1139b000 	C:\Windows\SYSTEM32\Wldp.dll
0x00007fff12560000 - 0x00007fff1262d000 	C:\Windows\System32\OLEAUT32.dll
0x00007fff13620000 - 0x00007fff136cd000 	C:\Windows\System32\SHCORE.dll
0x00007fff12630000 - 0x00007fff1268b000 	C:\Windows\System32\shlwapi.dll
0x00007fff11950000 - 0x00007fff11974000 	C:\Windows\SYSTEM32\profapi.dll
0x00007ffef5e70000 - 0x00007ffef5e7d000 	C:\Program Files\Java\jdk-1.8\jre\bin\management.dll
0x00007ffef7d90000 - 0x00007ffef7dac000 	C:\Program Files\Java\jdk-1.8\jre\bin\net.dll
0x00007fff110d0000 - 0x00007fff1113a000 	C:\Windows\system32\mswsock.dll
0x00007ffef7460000 - 0x00007ffef7473000 	C:\Program Files\Java\jdk-1.8\jre\bin\nio.dll
0x00007ffee67c0000 - 0x00007ffee67d7000 	C:\Windows\system32\napinsp.dll
0x00007ffee67e0000 - 0x00007ffee67fb000 	C:\Windows\system32\pnrpnsp.dll
0x00007fff0e0d0000 - 0x00007fff0e0ed000 	C:\Windows\system32\wshbth.dll
0x00007fff0dac0000 - 0x00007fff0dadd000 	C:\Windows\system32\NLAapi.dll
0x00007fff10db0000 - 0x00007fff10deb000 	C:\Windows\SYSTEM32\IPHLPAPI.DLL
0x00007fff10df0000 - 0x00007fff10eba000 	C:\Windows\SYSTEM32\DNSAPI.dll
0x00007fff12d40000 - 0x00007fff12d48000 	C:\Windows\System32\NSI.dll
0x00007ffee6f90000 - 0x00007ffee6fa2000 	C:\Windows\System32\winrnr.dll
0x00007ffef66e0000 - 0x00007ffef66ea000 	C:\Windows\System32\rasadhlp.dll
0x00007ffef6600000 - 0x00007ffef6680000 	C:\Windows\System32\fwpuclnt.dll
0x0000000180000000 - 0x0000000180051000 	C:\Users\chuck\.gradle\caches\minecraft\net\minecraft\minecraft_natives\1.7.10\lwjgl64.dll
0x00007ffe9c740000 - 0x00007ffe9c868000 	C:\Windows\SYSTEM32\OPENGL32.dll
0x00007ffe9c710000 - 0x00007ffe9c73c000 	C:\Windows\SYSTEM32\GLU32.dll
0x00007fff112d0000 - 0x00007fff112e8000 	C:\Windows\SYSTEM32\CRYPTSP.dll
0x00007fff109f0000 - 0x00007fff10a28000 	C:\Windows\system32\rsaenh.dll
0x00007fff11910000 - 0x00007fff1193e000 	C:\Windows\SYSTEM32\USERENV.dll
0x00007fff12160000 - 0x00007fff121e2000 	C:\Windows\System32\bcryptprimitives.dll
0x00007fff112c0000 - 0x00007fff112cc000 	C:\Windows\SYSTEM32\CRYPTBASE.dll
0x00007fff099f0000 - 0x00007fff09a07000 	C:\Windows\SYSTEM32\dhcpcsvc6.DLL
0x00007fff09dc0000 - 0x00007fff09ddd000 	C:\Windows\SYSTEM32\dhcpcsvc.DLL
0x00007ffe96bf0000 - 0x00007ffe96d6e000 	C:\Program Files\Java\jdk-1.8\jre\bin\awt.dll
0x00007fff0e730000 - 0x00007fff0e7c4000 	C:\Windows\SYSTEM32\apphelp.dll
0x00007fff04100000 - 0x00007fff041ae000 	C:\Windows\SYSTEM32\mscms.dll
0x00007fff040e0000 - 0x00007fff040f1000 	C:\Windows\SYSTEM32\ColorAdapterClient.dll
0x00007fff0ef60000 - 0x00007fff0effe000 	C:\Windows\system32\uxtheme.dll
0x000001a780fd0000 - 0x000001a789043000 	C:\Program Files (x86)\ASUS\GPUTweakIII\GTIII-OSD\x64\GTIII-OSD64-VK.dll
0x00007fff133d0000 - 0x00007fff134fb000 	C:\Windows\System32\ole32.dll
0x00007ffe9d090000 - 0x00007ffe9d216000 	C:\Windows\SYSTEM32\vulkan-1.dll
0x00007fff12090000 - 0x00007fff120de000 	C:\Windows\System32\CFGMGR32.dll
0x00007fff12af0000 - 0x00007fff12c05000 	C:\Windows\System32\MSCTF.dll
0x00007fff12a40000 - 0x00007fff12ae9000 	C:\Windows\System32\clbcatq.dll
0x00007ffe5d6b0000 - 0x00007ffe60004000 	C:\Windows\System32\DriverStore\FileRepository\nv_dispi.inf_amd64_20ae8f14a487d5db\nvoglv64.dll
0x00007fff12f60000 - 0x00007fff133d0000 	C:\Windows\System32\SETUPAPI.dll
0x00007fff0b470000 - 0x00007fff0b484000 	C:\Windows\SYSTEM32\WTSAPI32.dll
0x00007fff11500000 - 0x00007fff11512000 	C:\Windows\SYSTEM32\msasn1.dll
0x00007fff09d70000 - 0x00007fff09da1000 	C:\Windows\SYSTEM32\cryptnet.dll
0x00007fff11b00000 - 0x00007fff11c5d000 	C:\Windows\System32\CRYPT32.dll
0x00007fff09b40000 - 0x00007fff09c87000 	C:\Windows\SYSTEM32\drvstore.dll
0x00007fff116d0000 - 0x00007fff11703000 	C:\Windows\SYSTEM32\devobj.dll
0x00007fff120e0000 - 0x00007fff12153000 	C:\Windows\System32\WINTRUST.dll
0x00007fff10c40000 - 0x00007fff10c73000 	C:\Windows\SYSTEM32\ntmarta.dll
0x00007fff136d0000 - 0x00007fff136ed000 	C:\Windows\System32\imagehlp.dll
0x00007ffefe260000 - 0x00007fff01ff4000 	C:\Windows\System32\DriverStore\FileRepository\nv_dispi.inf_amd64_20ae8f14a487d5db\nvgpucomp64.dll
0x00007fff02430000 - 0x00007fff0246b000 	C:\Windows\SYSTEM32\dxcore.dll
0x00007ffe95dc0000 - 0x00007ffe95f07000 	C:\Windows\system32\nvspcap64.dll
0x00007fff0f270000 - 0x00007fff0f29e000 	C:\Windows\SYSTEM32\dwmapi.dll
0x00007fff05f10000 - 0x00007fff06009000 	C:\Windows\SYSTEM32\textinputframework.dll
0x00007fff0db20000 - 0x00007fff0de7b000 	C:\Windows\System32\CoreUIComponents.dll
0x00007fff0de80000 - 0x00007fff0df72000 	C:\Windows\System32\CoreMessaging.dll
0x00007fff0e0f0000 - 0x00007fff0e247000 	C:\Windows\SYSTEM32\wintypes.dll
0x00007ffef7db0000 - 0x00007ffef7df5000 	C:\Windows\SYSTEM32\icm32.dll
0x00007fff11880000 - 0x00007fff118cb000 	C:\Windows\SYSTEM32\powrprof.dll
0x00007fff11860000 - 0x00007fff11872000 	C:\Windows\SYSTEM32\UMPDC.dll
0x00007fff11740000 - 0x00007fff117a3000 	C:\Windows\SYSTEM32\WINSTA.dll
0x0000000070a40000 - 0x0000000070adc000 	C:\Users\chuck\.gradle\caches\minecraft\net\minecraft\minecraft_natives\1.7.10\avutil-ttv-51.dll
0x0000000065980000 - 0x00000000659d6000 	C:\Users\chuck\.gradle\caches\minecraft\net\minecraft\minecraft_natives\1.7.10\swresample-ttv-0.dll
0x000000006eb80000 - 0x000000006ec50000 	C:\Users\chuck\.gradle\caches\minecraft\net\minecraft\minecraft_natives\1.7.10\libmp3lame-ttv.dll
0x00007ffe51190000 - 0x00007ffe52534000 	C:\Users\chuck\.gradle\caches\minecraft\net\minecraft\minecraft_natives\1.7.10\libmfxsw64.dll
0x00007ffed3bd0000 - 0x00007ffed3cfb000 	C:\Users\chuck\.gradle\caches\minecraft\net\minecraft\minecraft_natives\1.7.10\twitchsdk.dll
0x00007ffef3380000 - 0x00007ffef3856000 	C:\Windows\SYSTEM32\WININET.dll
0x000001a795c70000 - 0x000001a79ddf7000 	C:\Program Files (x86)\ASUS\GPUTweakIII\GTIII-OSD\x64\GTIII-OSD64.dll
0x00007ffef8760000 - 0x00007ffef8785000 	C:\Windows\SYSTEM32\d3d12.dll
0x00007ffe9c870000 - 0x00007ffe9cad3000 	C:\Windows\SYSTEM32\d3dx9_43.dll
0x00007ffe9cae0000 - 0x00007ffe9cb11000 	C:\Windows\SYSTEM32\d3d10_1.dll
0x00007fff0c4d0000 - 0x00007fff0c92d000 	C:\Windows\SYSTEM32\D3DCOMPILER_47.dll
0x00007fff0ca00000 - 0x00007fff0cc64000 	C:\Windows\SYSTEM32\d3d11.dll
0x00007ffeba5f0000 - 0x00007ffeba5fd000 	C:\Windows\SYSTEM32\d3d10_1core.dll
0x00007fff103c0000 - 0x00007fff104b6000 	C:\Windows\SYSTEM32\dxgi.dll
0x00007ffedd660000 - 0x00007ffedd831000 	C:\Windows\SYSTEM32\d3d9.dll
0x000001a7b0db0000 - 0x000001a7b8e01000 	C:\Program Files (x86)\ASUS\GPUTweakIII\GTIII-OSD\x64\GTIII-OSD64-GL.dll
0x0000000060690000 - 0x00000000606f3000 	C:\Program Files (x86)\ASUS\GPUTweakIII\GTIII-OSD\x64\glew32.dll
0x00007ffef86b0000 - 0x00007ffef875c000 	C:\Windows\SYSTEM32\TextShaping.dll
0x000001a78e460000 - 0x000001a78e4c4000 	C:\Users\chuck\.gradle\caches\minecraft\net\minecraft\minecraft_natives\1.7.10\OpenAL64.dll
0x00007fff0ae30000 - 0x00007fff0aeb5000 	C:\Windows\System32\MMDevApi.dll
0x00007ffedf470000 - 0x00007ffedf50c000 	C:\Windows\SYSTEM32\dsound.dll
0x00007ffef3880000 - 0x00007ffef38a6000 	C:\Windows\SYSTEM32\winmmbase.dll
0x00007fff0af30000 - 0x00007fff0b0b1000 	C:\Windows\SYSTEM32\AUDIOSES.DLL
0x00007fff0f030000 - 0x00007fff0f044000 	C:\Windows\SYSTEM32\resourcepolicyclient.dll
0x00007ffed55e0000 - 0x00007ffed5614000 	C:\Program Files\Java\jdk-1.8\jre\bin\jpeg.dll
0x00007ffef1d10000 - 0x00007ffef1d35000 	C:\Program Files\Java\jdk-1.8\jre\bin\sunec.dll
0x00007fff0e080000 - 0x00007fff0e08e000 	C:\Program Files\Java\jdk-1.8\jre\bin\sunmscapi.dll
0x00007fff113e0000 - 0x00007fff11407000 	C:\Windows\SYSTEM32\ncrypt.dll
0x00007fff113a0000 - 0x00007fff113db000 	C:\Windows\SYSTEM32\NTASN1.dll
0x00007fff0fea0000 - 0x00007fff100a1000 	C:\Windows\SYSTEM32\dbghelp.dll

VM Arguments:
jvm_args: -Dfile.encoding=UTF-8 -Duser.country=US -Duser.language=en -Duser.variant 
java_command: GradleStart
java_class_path (initial): C:\Users\chuck\.gradle\caches\minecraft\net\minecraftforge\forge\1.7.10-10.13.4.1614-1.7.10\start;C:\Users\chuck\.gradle\caches\minecraft\net\minecraftforge\forge\1.7.10-10.13.4.1614-1.7.10\forgeSrc-1.7.10-10.13.4.1614-1.7.10.jar;C:\Users\chuck\.gradle\caches\modules-2\files-2.1\net.minecraft\launchwrapper\1.12\111e7bea9c968cdb3d06ef4632bf7ff0824d0f36\launchwrapper-1.12.jar;C:\Users\chuck\.gradle\caches\modules-2\files-2.1\com.google.code.findbugs\jsr305\1.3.9\40719ea6961c0cb6afaeb6a921eaa1f6afd4cfdf\jsr305-1.3.9.jar;C:\Users\chuck\.gradle\caches\modules-2\files-2.1\org.ow2.asm\asm-debug-all\5.0.3\f9e364ae2a66ce2a543012a4668856e84e5dab74\asm-debug-all-5.0.3.jar;C:\Users\chuck\.gradle\caches\modules-2\files-2.1\com.typesafe.akka\akka-actor_2.11\2.3.3\ed62e9fc709ca0f2ff1a3220daa8b70a2870078e\akka-actor_2.11-2.3.3.jar;C:\Users\chuck\.gradle\caches\modules-2\files-2.1\com.typesafe\config\1.2.1\f771f71fdae3df231bcd54d5ca2d57f0bf93f467\config-1.2.1.jar;C:\Users\chuck\.gradle\caches\modules-2\files-2.1\org.scala-lang\scala-actors-migration_2.11\1.1.0\dfa8bc42b181d5b9f1a5dd147f8ae308b893eb6f\scala-actors-migration_2.11-1.1.0.jar;C:\Users\chuck\.gradle\caches\modules-2\files-2.1\org.scala-lang.plugins\scala-continuations-plugin_2.11.1\1.0.2\f361a3283452c57fa30c1ee69448995de23c60f7\scala-continuations-plugin_2.11.1-1.0.2.jar;C:\Users\chuck\.gradle\caches\modules-2\files-2.1\org.scala-lang\scala-compiler\2.11.1\56ea2e6c025e0821f28d73ca271218b8dd04926a\scala-compiler-2.11.1.jar;C:\Users\chuck\.gradle\caches\modules-2\files-2.1\org.scala-lang.plugins\scala-continuations-library_2.11\1.0.2\e517c53a7e9acd6b1668c5a35eccbaa3bab9aac\scala-continuations-library_2.11-1.0.2.jar;C:\Users\chuck\.gradle\caches\modules-2\files-2.1\org.scala-lang\scala-reflect\2.11.1\6580347e61cc7f8e802941e7fde40fa83b8badeb\scala-reflect-2.11.1.jar;C:\Users\chuck\.gradle\caches\modules-2\files-2.1\org.scala-lang\scala-actors\2.11.0\8ccfb6541de179bb1c4d45cf414acee069b7f78b\scala-a
Launcher Type: SUN_STANDARD

Environment Variables:
PATH=C:\Program Files\Eclipse Adoptium\jdk-8.0.462.8-hotspot\bin;C:\Program Files\Common Files\Oracle\Java\javapath;C:\Program Files (x86)\Common Files\Oracle\Java\java8path;C:\Program Files (x86)\Common Files\Oracle\Java\javapath;C:\Program Files (x86)\Razer Chroma SDK\bin;C:\Program Files\Razer Chroma SDK\bin;C:\Program Files (x86)\Razer\ChromaBroadcast\bin;C:\Program Files\Razer\ChromaBroadcast\bin;C:\Windows\system32;C:\Windows;C:\Windows\System32\Wbem;C:\Windows\System32\WindowsPowerShell\v1.0\;C:\Windows\System32\OpenSSH\;C:\Program Files (x86)\NVIDIA Corporation\PhysX\Common;C:\Windows\system32\config\systemprofile\AppData\Local\Microsoft\WindowsApps;C:\Program Files\dotnet\;C:\Program Files (x86)\Windows Live\Shared;C:\Program Files\Git\cmd;C:\Program Files\WorldPainter;C:\Program Files\NVIDIA Corporation\NVIDIA app\NvDLISR;C:\Users\chuck\AppData\Local\Microsoft\WindowsApps;;C:\Program Files\JetBrains\IntelliJ IDEA 2024.2.0.1\bin;
USERNAME=chuck
OS=Windows_NT
PROCESSOR_IDENTIFIER=Intel64 Family 6 Model 158 Stepping 13, GenuineIntel



---------------  S Y S T E M  ---------------

OS: Windows 10 , 64 bit Build 19041 (10.0.19041.5915)

CPU:total 16 (initial active 16) (8 cores per cpu, 2 threads per core) family 6 model 158 stepping 13, cmov, cx8, fxsr, mmx, sse, sse2, sse3, ssse3, sse4.1, sse4.2, popcnt, avx, avx2, aes, clmul, erms, 3dnowpref, lzcnt, ht, tsc, tscinvbit, bmi1, bmi2, adx

Memory: 4k page, physical 67022948k(44701724k free), swap 71217252k(38382496k free)

vm_info: Java HotSpot(TM) 64-Bit Server VM (25.471-b09) for windows-amd64 JRE (1.8.0_471-b09), built on Sep 26 2025 05:08:27 by "java_re" with MS VC++ 17.6 (VS2022)

time: Mon Nov 24 22:58:04 2025
timezone: Eastern Standard Time
elapsed time: 303.477402 seconds (0d 0h 5m 3s)

