#
# A fatal error has been detected by the Java Runtime Environment:
#
#  EXCEPTION_ACCESS_VIOLATION (0xc0000005) at pc=0x00007ffb25e582e9, pid=14400, tid=0x0000000000006180
#
# JRE version: Java(TM) SE Runtime Environment (8.0_471) (build 1.8.0_471-b09)
# Java VM: Java HotSpot(TM) 64-Bit Server VM (25.471-b09 mixed mode windows-amd64 compressed oops)
# Problematic frame:
# C  [nvoglv64.dll+0x8682e9]
#
# Failed to write core dump. Minidumps are not enabled by default on client versions of Windows
#
# If you would like to submit a bug report, please visit:
#   https://bugreport.java.com/bugreport/crash.jsp
#

---------------  T H R E A D  ---------------

Current thread (0x000001ffff905800):  VMThread [stack: 0x000000f18b400000,0x000000f18b500000] [id=24960]

siginfo: ExceptionCode=0xc0000005, reading address 0x0000000000001238

Registers:
RAX=0x0000000000000000, RBX=0x000001ffb2e0df10, RCX=0x0000000000000004, RDX=0x0000000000000000
RSP=0x000000f18b4ff258, RBP=0x0000000000000000, RSI=0x0000000000000000, RDI=0x000001ffb2e0df10
R8 =0x0000000000000000, R9 =0x000001ffdf227060, R10=0x000001fff7740000, R11=0x000000f18b4ff260
R12=0x000001ffe2fa0000, R13=0x000001ffe30d3820, R14=0x0000000000000000, R15=0x0000000000000000
RIP=0x00007ffb25e582e9, EFLAGS=0x0000000000010202

Top of Stack: (sp=0x000000f18b4ff258)
0x000000f18b4ff258:   000001ffe2fabbf1 0000000000000000
0x000000f18b4ff268:   0000000000000000 000001ffe30d3820
0x000000f18b4ff278:   000001ffe2fa0000 fffffffffffffffe
0x000000f18b4ff288:   00007ffbcd0d47b1 000001ffdf227158
0x000000f18b4ff298:   000001ffe2fa8281 0000000000000000
0x000000f18b4ff2a8:   0000000000000000 0000000000000000
0x000000f18b4ff2b8:   000000f100000000 000001ffdf227158
0x000000f18b4ff2c8:   000001ffe2fa7c71 000001ffdf227060
0x000000f18b4ff2d8:   0000000000000000 000001ffb296cd30
0x000000f18b4ff2e8:   00007ffbcd0d5ba1 000001ffe30d3840
0x000000f18b4ff2f8:   000001ffe2feac0d 0000000000000040
0x000000f18b4ff308:   00007ffb00000000 000000f18b4ff448
0x000000f18b4ff318:   000001fff7740000 000001ffe2fa0000
0x000000f18b4ff328:   000001fff77f3808 000001ffe3033f4c
0x000000f18b4ff338:   0000000000000001 0000000000000001
0x000000f18b4ff348:   000001ffe2faa083 0000000000000000 

Instructions: (pc=0x00007ffb25e582e9)
0x00007ffb25e582c9:   af af af af af af af c3 cc cc cc cc cc cc cc cc
0x00007ffb25e582d9:   cc cc cc cc cc cc cc 65 48 8b 04 25 30 16 00 00
0x00007ffb25e582e9:   ff a0 38 12 00 00 cc cc cc cc cc cc cc cc cc cc
0x00007ffb25e582f9:   cc cc cc cc cc cc cc cc cc cc cc cc cc cc cc cc 


Register to memory mapping:

RAX=0x0000000000000000 is an unknown value
RBX=0x000001ffb2e0df10 is an unknown value
RCX=0x0000000000000004 is an unknown value
RDX=0x0000000000000000 is an unknown value
RSP=0x000000f18b4ff258 is an unknown value
RBP=0x0000000000000000 is an unknown value
RSI=0x0000000000000000 is an unknown value
RDI=0x000001ffb2e0df10 is an unknown value
R8 =0x0000000000000000 is an unknown value
R9 =0x000001ffdf227060 is an unknown value
R10=0x000001fff7740000 is an unknown value
R11=0x000000f18b4ff260 is an unknown value
R12=0x000001ffe2fa0000 is an unknown value
R13=0x000001ffe30d3820 is an unknown value
R14=0x0000000000000000 is an unknown value
R15=0x0000000000000000 is an unknown value


Stack: [0x000000f18b400000,0x000000f18b500000],  sp=0x000000f18b4ff258,  free space=1020k
Native frames: (J=compiled Java code, j=interpreted, Vv=VM code, C=native code)

VM_Operation (0x000000f18a6fe1a0): Exit, mode: safepoint, requested by thread 0x000001fff7787000


---------------  P R O C E S S  ---------------

Java Threads: ( => current thread )
  0x000001ffb7ab4800 JavaThread "File IO Thread" [_thread_blocked, id=8848, stack(0x000000f18db00000,0x000000f18dc00000)]
  0x000001ffb7ab8800 JavaThread "pool-2-thread-1" [_thread_blocked, id=19444, stack(0x000000f18da00000,0x000000f18db00000)]
  0x000001ffb7ab7000 JavaThread "Netty IO #1" daemon [_thread_in_native, id=24048, stack(0x000000f18d900000,0x000000f18da00000)]
  0x000001ffb7ab7800 JavaThread "Netty Client IO #0" daemon [_thread_in_native, id=27248, stack(0x000000f18d600000,0x000000f18d700000)]
  0x000001ffb7aab000 JavaThread "Netty IO #0" daemon [_thread_in_native, id=12664, stack(0x000000f18d300000,0x000000f18d400000)]
  0x000001ffb8205000 JavaThread "LWJGL Timer" daemon [_thread_blocked, id=6516, stack(0x000000f18d200000,0x000000f18d300000)]
  0x000001ffb79a4800 JavaThread "Java2D Disposer" daemon [_thread_blocked, id=26108, stack(0x000000f18c900000,0x000000f18ca00000)]
  0x000001ffb59d6800 JavaThread "Timer hack thread" daemon [_thread_blocked, id=22076, stack(0x000000f18c800000,0x000000f18c900000)]
  0x000001ffb1cdf000 JavaThread "Snooper Timer" daemon [_thread_blocked, id=21804, stack(0x000000f18c700000,0x000000f18c800000)]
  0x000001ffb1601800 JavaThread "Service Thread" daemon [_thread_blocked, id=24912, stack(0x000000f18c500000,0x000000f18c600000)]
  0x000001ffb151a800 JavaThread "C1 CompilerThread11" daemon [_thread_blocked, id=16252, stack(0x000000f18c400000,0x000000f18c500000)]
  0x000001ffb1518000 JavaThread "C1 CompilerThread10" daemon [_thread_blocked, id=24220, stack(0x000000f18c300000,0x000000f18c400000)]
  0x000001ffb1519800 JavaThread "C1 CompilerThread9" daemon [_thread_blocked, id=21712, stack(0x000000f18c200000,0x000000f18c300000)]
  0x000001ffb1519000 JavaThread "C1 CompilerThread8" daemon [_thread_blocked, id=18228, stack(0x000000f18c100000,0x000000f18c200000)]
  0x000001ffb1516800 JavaThread "C2 CompilerThread7" daemon [_thread_blocked, id=11992, stack(0x000000f18c000000,0x000000f18c100000)]
  0x000001ffb151d800 JavaThread "C2 CompilerThread6" daemon [_thread_blocked, id=24600, stack(0x000000f18bf00000,0x000000f18c000000)]
  0x000001ffb1517800 JavaThread "C2 CompilerThread5" daemon [_thread_blocked, id=23524, stack(0x000000f18be00000,0x000000f18bf00000)]
  0x000001ffb151c000 JavaThread "C2 CompilerThread4" daemon [_thread_blocked, id=19476, stack(0x000000f18bd00000,0x000000f18be00000)]
  0x000001ffb151c800 JavaThread "C2 CompilerThread3" daemon [_thread_blocked, id=22792, stack(0x000000f18bc00000,0x000000f18bd00000)]
  0x000001ffb1516000 JavaThread "C2 CompilerThread2" daemon [_thread_blocked, id=17232, stack(0x000000f18bb00000,0x000000f18bc00000)]
  0x000001ffb1512000 JavaThread "C2 CompilerThread1" daemon [_thread_blocked, id=23660, stack(0x000000f18ba00000,0x000000f18bb00000)]
  0x000001ffb150e000 JavaThread "C2 CompilerThread0" daemon [_thread_blocked, id=17824, stack(0x000000f18b900000,0x000000f18ba00000)]
  0x000001ffb150b800 JavaThread "Attach Listener" daemon [_thread_blocked, id=24232, stack(0x000000f18b800000,0x000000f18b900000)]
  0x000001ffb1507800 JavaThread "Signal Dispatcher" daemon [_thread_blocked, id=24432, stack(0x000000f18b700000,0x000000f18b800000)]
  0x000001ffb14e1800 JavaThread "Finalizer" daemon [_thread_blocked, id=25644, stack(0x000000f18b600000,0x000000f18b700000)]
  0x000001ffb14e0800 JavaThread "Reference Handler" daemon [_thread_blocked, id=16224, stack(0x000000f18b500000,0x000000f18b600000)]
  0x000001fff7787000 JavaThread "Client thread" [_thread_blocked, id=27632, stack(0x000000f18a600000,0x000000f18a700000)]

Other Threads:
=>0x000001ffff905800 VMThread [stack: 0x000000f18b400000,0x000000f18b500000] [id=24960]

VM state:at safepoint (shutting down)

VM Mutex/Monitor currently owned by a thread:  ([mutex/lock_event])
[0x000001fff7785da0] Threads_lock - owner thread: 0x000001ffff905800

heap address: 0x00000003c1400000, size: 16364 MB, Compressed Oops mode: Zero based, Oop shift amount: 3
Narrow klass base: 0x0000000000000000, Narrow klass shift: 3
Compressed class space size: 1073741824 Address: 0x00000007c0000000

Heap:
 PSYoungGen      total 669696K, used 208716K [0x000000066b180000, 0x000000069a480000, 0x00000007c0000000)
  eden space 609280K, 31% used [0x000000066b180000,0x0000000676ee3568,0x0000000690480000)
  from space 60416K, 24% used [0x0000000696980000,0x00000006977efe50,0x000000069a480000)
  to   space 81920K, 0% used [0x0000000690480000,0x0000000690480000,0x0000000695480000)
 ParOldGen       total 431616K, used 163959K [0x00000003c1400000, 0x00000003db980000, 0x000000066b180000)
  object space 431616K, 37% used [0x00000003c1400000,0x00000003cb41dfe0,0x00000003db980000)
 Metaspace       used 43432K, capacity 43823K, committed 44160K, reserved 1087488K
  class space    used 5004K, capacity 5128K, committed 5248K, reserved 1048576K

Card table byte_map: [0x000001fff95a0000,0x000001fffb5a0000] byte_map_base: 0x000001fff7796000

Marking Bits: (ParMarkBitMap*) 0x00007ffb15baa3e0
 Begin Bits: [0x000001ff8f000000, 0x000001ff9efb0000)
 End Bits:   [0x000001ff9efb0000, 0x000001ffaef60000)

Polling page: 0x000001fff7710000

CodeCache: size=245760Kb used=34540Kb max_used=36291Kb free=211219Kb
 bounds [0x000001ff80000000, 0x000001ff82440000, 0x000001ff8f000000]
 total_blobs=8476 nmethods=7624 adapters=757
 compilation: enabled

Compilation events (10 events):
Event: 68.979 Thread 0x000001ffb1512000 nmethod 10796 0x000001ff80656090 code [0x000001ff806561c0, 0x000001ff806562b8]
Event: 68.979 Thread 0x000001ffb1518000 nmethod 10798 0x000001ff80fc3f10 code [0x000001ff80fc40c0, 0x000001ff80fc4940]
Event: 68.980 Thread 0x000001ffb1519800 10800       3       java.util.logging.LogManager$LoggerContext::ensureDefaultLogger (70 bytes)
Event: 68.980 Thread 0x000001ffb1517800 nmethod 10795 0x000001ff82221750 code [0x000001ff822218a0, 0x000001ff82221bb8]
Event: 68.981 Thread 0x000001ffb1519800 nmethod 10800 0x000001ff816a55d0 code [0x000001ff816a5780, 0x000001ff816a6030]
Event: 68.982 Thread 0x000001ffb151c800 10801       4       java.util.concurrent.ConcurrentHashMap::addCount (281 bytes)
Event: 68.982 Thread 0x000001ffb151a800 10802       3       org.apache.logging.log4j.core.helpers.NameUtil::getSubName (32 bytes)
Event: 68.982 Thread 0x000001ffb1519000 10803       1       org.apache.logging.log4j.core.config.LoggerConfig::getLevel (5 bytes)
Event: 68.982 Thread 0x000001ffb1519000 nmethod 10803 0x000001ff814b1e50 code [0x000001ff814b1fa0, 0x000001ff814b20b8]
Event: 68.982 Thread 0x000001ffb151a800 nmethod 10802 0x000001ff816a4d10 code [0x000001ff816a4ea0, 0x000001ff816a5440]

GC Heap History (10 events):
Event: 26.808 GC heap before
{Heap before GC invocations=17 (full 5):
 PSYoungGen      total 617472K, used 531456K [0x000000066b180000, 0x0000000696880000, 0x00000007c0000000)
  eden space 531456K, 100% used [0x000000066b180000,0x000000068b880000,0x000000068b880000)
  from space 86016K, 0% used [0x000000068b880000,0x000000068b880000,0x0000000690c80000)
  to   space 89088K, 0% used [0x0000000691180000,0x0000000691180000,0x0000000696880000)
 ParOldGen       total 431616K, used 117309K [0x00000003c1400000, 0x00000003db980000, 0x000000066b180000)
  object space 431616K, 27% used [0x00000003c1400000,0x00000003c868f428,0x00000003db980000)
 Metaspace       used 42805K, capacity 43305K, committed 43648K, reserved 1087488K
  class space    used 4970K, capacity 5127K, committed 5248K, reserved 1048576K
Event: 26.815 GC heap after
Heap after GC invocations=17 (full 5):
 PSYoungGen      total 624128K, used 46127K [0x000000066b180000, 0x00000006a5b80000, 0x00000007c0000000)
  eden space 535040K, 0% used [0x000000066b180000,0x000000066b180000,0x000000068bc00000)
  from space 89088K, 51% used [0x0000000691180000,0x0000000693e8bff8,0x0000000696880000)
  to   space 87552K, 0% used [0x000000068bc00000,0x000000068bc00000,0x0000000691180000)
 ParOldGen       total 431616K, used 117325K [0x00000003c1400000, 0x00000003db980000, 0x000000066b180000)
  object space 431616K, 27% used [0x00000003c1400000,0x00000003c8693428,0x00000003db980000)
 Metaspace       used 42805K, capacity 43305K, committed 43648K, reserved 1087488K
  class space    used 4970K, capacity 5127K, committed 5248K, reserved 1048576K
}
Event: 40.540 GC heap before
{Heap before GC invocations=18 (full 5):
 PSYoungGen      total 624128K, used 581167K [0x000000066b180000, 0x00000006a5b80000, 0x00000007c0000000)
  eden space 535040K, 100% used [0x000000066b180000,0x000000068bc00000,0x000000068bc00000)
  from space 89088K, 51% used [0x0000000691180000,0x0000000693e8bff8,0x0000000696880000)
  to   space 87552K, 0% used [0x000000068bc00000,0x000000068bc00000,0x0000000691180000)
 ParOldGen       total 431616K, used 117325K [0x00000003c1400000, 0x00000003db980000, 0x000000066b180000)
  object space 431616K, 27% used [0x00000003c1400000,0x00000003c8693428,0x00000003db980000)
 Metaspace       used 43225K, capacity 43753K, committed 44160K, reserved 1087488K
  class space    used 4992K, capacity 5127K, committed 5248K, reserved 1048576K
Event: 40.552 GC heap after
Heap after GC invocations=18 (full 5):
 PSYoungGen      total 622592K, used 10498K [0x000000066b180000, 0x000000069e800000, 0x00000007c0000000)
  eden space 535040K, 0% used [0x000000066b180000,0x000000066b180000,0x000000068bc00000)
  from space 87552K, 11% used [0x000000068bc00000,0x000000068c640908,0x0000000691180000)
  to   space 87040K, 0% used [0x0000000699300000,0x0000000699300000,0x000000069e800000)
 ParOldGen       total 431616K, used 163935K [0x00000003c1400000, 0x00000003db980000, 0x000000066b180000)
  object space 431616K, 37% used [0x00000003c1400000,0x00000003cb417fe0,0x00000003db980000)
 Metaspace       used 43225K, capacity 43753K, committed 44160K, reserved 1087488K
  class space    used 4992K, capacity 5127K, committed 5248K, reserved 1048576K
}
Event: 49.719 GC heap before
{Heap before GC invocations=19 (full 5):
 PSYoungGen      total 622592K, used 545538K [0x000000066b180000, 0x000000069e800000, 0x00000007c0000000)
  eden space 535040K, 100% used [0x000000066b180000,0x000000068bc00000,0x000000068bc00000)
  from space 87552K, 11% used [0x000000068bc00000,0x000000068c640908,0x0000000691180000)
  to   space 87040K, 0% used [0x0000000699300000,0x0000000699300000,0x000000069e800000)
 ParOldGen       total 431616K, used 163935K [0x00000003c1400000, 0x00000003db980000, 0x000000066b180000)
  object space 431616K, 37% used [0x00000003c1400000,0x00000003cb417fe0,0x00000003db980000)
 Metaspace       used 43250K, capacity 43753K, committed 44160K, reserved 1087488K
  class space    used 4993K, capacity 5127K, committed 5248K, reserved 1048576K
Event: 49.722 GC heap after
Heap after GC invocations=19 (full 5):
 PSYoungGen      total 712192K, used 10540K [0x000000066b180000, 0x000000069d200000, 0x00000007c0000000)
  eden space 647680K, 0% used [0x000000066b180000,0x000000066b180000,0x0000000692a00000)
  from space 64512K, 16% used [0x0000000699300000,0x0000000699d4b0c8,0x000000069d200000)
  to   space 86016K, 0% used [0x0000000692a00000,0x0000000692a00000,0x0000000697e00000)
 ParOldGen       total 431616K, used 163943K [0x00000003c1400000, 0x00000003db980000, 0x000000066b180000)
  object space 431616K, 37% used [0x00000003c1400000,0x00000003cb419fe0,0x00000003db980000)
 Metaspace       used 43250K, capacity 43753K, committed 44160K, reserved 1087488K
  class space    used 4993K, capacity 5127K, committed 5248K, reserved 1048576K
}
Event: 59.369 GC heap before
{Heap before GC invocations=20 (full 5):
 PSYoungGen      total 712192K, used 658220K [0x000000066b180000, 0x000000069d200000, 0x00000007c0000000)
  eden space 647680K, 100% used [0x000000066b180000,0x0000000692a00000,0x0000000692a00000)
  from space 64512K, 16% used [0x0000000699300000,0x0000000699d4b0c8,0x000000069d200000)
  to   space 86016K, 0% used [0x0000000692a00000,0x0000000692a00000,0x0000000697e00000)
 ParOldGen       total 431616K, used 163943K [0x00000003c1400000, 0x00000003db980000, 0x000000066b180000)
  object space 431616K, 37% used [0x00000003c1400000,0x00000003cb419fe0,0x00000003db980000)
 Metaspace       used 43302K, capacity 43759K, committed 44160K, reserved 1087488K
  class space    used 4994K, capacity 5128K, committed 5248K, reserved 1048576K
Event: 59.371 GC heap after
Heap after GC invocations=20 (full 5):
 PSYoungGen      total 639488K, used 10999K [0x000000066b180000, 0x000000069bc00000, 0x00000007c0000000)
  eden space 628224K, 0% used [0x000000066b180000,0x000000066b180000,0x0000000691700000)
  from space 11264K, 97% used [0x0000000692a00000,0x00000006934bdfb0,0x0000000693500000)
  to   space 84480K, 0% used [0x0000000696980000,0x0000000696980000,0x000000069bc00000)
 ParOldGen       total 431616K, used 163951K [0x00000003c1400000, 0x00000003db980000, 0x000000066b180000)
  object space 431616K, 37% used [0x00000003c1400000,0x00000003cb41bfe0,0x00000003db980000)
 Metaspace       used 43302K, capacity 43759K, committed 44160K, reserved 1087488K
  class space    used 4994K, capacity 5128K, committed 5248K, reserved 1048576K
}
Event: 66.985 GC heap before
{Heap before GC invocations=21 (full 5):
 PSYoungGen      total 639488K, used 639223K [0x000000066b180000, 0x000000069bc00000, 0x00000007c0000000)
  eden space 628224K, 100% used [0x000000066b180000,0x0000000691700000,0x0000000691700000)
  from space 11264K, 97% used [0x0000000692a00000,0x00000006934bdfb0,0x0000000693500000)
  to   space 84480K, 0% used [0x0000000696980000,0x0000000696980000,0x000000069bc00000)
 ParOldGen       total 431616K, used 163951K [0x00000003c1400000, 0x00000003db980000, 0x000000066b180000)
  object space 431616K, 37% used [0x00000003c1400000,0x00000003cb41bfe0,0x00000003db980000)
 Metaspace       used 43386K, capacity 43823K, committed 44160K, reserved 1087488K
  class space    used 4995K, capacity 5128K, committed 5248K, reserved 1048576K
Event: 66.989 GC heap after
Heap after GC invocations=21 (full 5):
 PSYoungGen      total 669696K, used 14783K [0x000000066b180000, 0x000000069a480000, 0x00000007c0000000)
  eden space 609280K, 0% used [0x000000066b180000,0x000000066b180000,0x0000000690480000)
  from space 60416K, 24% used [0x0000000696980000,0x00000006977efe50,0x000000069a480000)
  to   space 81920K, 0% used [0x0000000690480000,0x0000000690480000,0x0000000695480000)
 ParOldGen       total 431616K, used 163959K [0x00000003c1400000, 0x00000003db980000, 0x000000066b180000)
  object space 431616K, 37% used [0x00000003c1400000,0x00000003cb41dfe0,0x00000003db980000)
 Metaspace       used 43386K, capacity 43823K, committed 44160K, reserved 1087488K
  class space    used 4995K, capacity 5128K, committed 5248K, reserved 1048576K
}

Deoptimization events (10 events):
Event: 68.708 Thread 0x000001ffb7ab7000 Uncommon trap: reason=unstable_if action=reinterpret pc=0x000001ff821c2c24 method=io.netty.util.concurrent.DefaultPromise.addListeners([Lio/netty/util/concurrent/GenericFutureListener;)Lio/netty/util/concurrent/Promise; @ 25
Event: 68.708 Thread 0x000001ffb7ab7000 Uncommon trap: reason=class_check action=maybe_recompile pc=0x000001ff820a797c method=io.netty.util.concurrent.DefaultPromise.notifyListener0(Lio/netty/util/concurrent/Future;Lio/netty/util/concurrent/GenericFutureListener;)V @ 2
Event: 68.708 Thread 0x000001ffb7ab7800 Uncommon trap: reason=bimorphic action=maybe_recompile pc=0x000001ff8219c2a8 method=net.minecraft.network.NetworkManager.channelRead0(Lio/netty/channel/ChannelHandlerContext;Lnet/minecraft/network/Packet;)V @ 24
Event: 68.708 Thread 0x000001ffb7ab7000 Uncommon trap: reason=null_check action=make_not_entrant pc=0x000001ff80e10ef4 method=io.netty.util.DefaultAttributeMap.attr(Lio/netty/util/AttributeKey;)Lio/netty/util/Attribute; @ 46
Event: 68.708 Thread 0x000001ffb7ab7800 Uncommon trap: reason=null_check action=make_not_entrant pc=0x000001ff80e10ef4 method=io.netty.util.DefaultAttributeMap.attr(Lio/netty/util/AttributeKey;)Lio/netty/util/Attribute; @ 46
Event: 68.708 Thread 0x000001ffb7ab7800 Uncommon trap: reason=unstable_if action=reinterpret pc=0x000001ff81415494 method=io.netty.channel.local.LocalChannel.isActive()Z @ 5
Event: 68.708 Thread 0x000001ffb7ab7800 Uncommon trap: reason=unstable_if action=reinterpret pc=0x000001ff813f7554 method=io.netty.channel.local.LocalChannel.isOpen()Z @ 5
Event: 68.708 Thread 0x000001ffb7ab7800 Uncommon trap: reason=unstable_if action=reinterpret pc=0x000001ff82199140 method=io.netty.channel.local.LocalChannel.isActive()Z @ 5
Event: 68.978 Thread 0x000001fff7787000 Uncommon trap: reason=unstable_if action=reinterpret pc=0x000001ff8075b298 method=cpw.mods.fml.relauncher.FMLSecurityManager.checkPermission(Ljava/security/Permission;)V @ 23
Event: 68.978 Thread 0x000001ffb7aaf800 Uncommon trap: reason=unstable_if action=reinterpret pc=0x000001ff822e5ba8 method=org.lwjgl.opengl.Display.processMessages()V @ 9

Classes redefined (0 events):
No events

Internal exceptions (10 events):
Event: 68.571 Thread 0x000001ffb7ab6000 Exception <a 'java/lang/InterruptedException': sleep interrupted> (0x0000000672169b00) thrown at [C:\jenkins\workspace\8-2-build-windows-x64-cygwin-sans-NAS\jdk8u471\2292\hotspot\src\share\vm\prims\jvm.cpp, line 3359]
Event: 68.579 Thread 0x000001ffb7ab6000 Exception <a 'java/lang/InterruptedException': sleep interrupted> (0x0000000672169d58) thrown at [C:\jenkins\workspace\8-2-build-windows-x64-cygwin-sans-NAS\jdk8u471\2292\hotspot\src\share\vm\prims\jvm.cpp, line 3359]
Event: 68.587 Thread 0x000001ffb7ab6000 Exception <a 'java/lang/InterruptedException': sleep interrupted> (0x0000000672169fb0) thrown at [C:\jenkins\workspace\8-2-build-windows-x64-cygwin-sans-NAS\jdk8u471\2292\hotspot\src\share\vm\prims\jvm.cpp, line 3359]
Event: 68.677 Thread 0x000001ffb7ab6000 Exception <a 'java/lang/InterruptedException': sleep interrupted> (0x000000067216a208) thrown at [C:\jenkins\workspace\8-2-build-windows-x64-cygwin-sans-NAS\jdk8u471\2292\hotspot\src\share\vm\prims\jvm.cpp, line 3359]
Event: 68.677 Thread 0x000001ffb7ab6000 Exception <a 'java/lang/InterruptedException': sleep interrupted> (0x000000067216a460) thrown at [C:\jenkins\workspace\8-2-build-windows-x64-cygwin-sans-NAS\jdk8u471\2292\hotspot\src\share\vm\prims\jvm.cpp, line 3359]
Event: 68.678 Thread 0x000001ffb7ab6000 Exception <a 'java/lang/InterruptedException': sleep interrupted> (0x000000067216b290) thrown at [C:\jenkins\workspace\8-2-build-windows-x64-cygwin-sans-NAS\jdk8u471\2292\hotspot\src\share\vm\prims\jvm.cpp, line 3359]
Event: 68.724 Thread 0x000001ffb7ab6000 Exception <a 'java/lang/InterruptedException': sleep interrupted> (0x000000067216b4e8) thrown at [C:\jenkins\workspace\8-2-build-windows-x64-cygwin-sans-NAS\jdk8u471\2292\hotspot\src\share\vm\prims\jvm.cpp, line 3359]
Event: 68.724 Thread 0x000001ffb7ab6000 Exception <a 'java/lang/InterruptedException': sleep interrupted> (0x000000067216b740) thrown at [C:\jenkins\workspace\8-2-build-windows-x64-cygwin-sans-NAS\jdk8u471\2292\hotspot\src\share\vm\prims\jvm.cpp, line 3359]
Event: 68.825 Thread 0x000001ffb7ab4000 Exception <a 'java/lang/InterruptedException': sleep interrupted> (0x00000006743c2870) thrown at [C:\jenkins\workspace\8-2-build-windows-x64-cygwin-sans-NAS\jdk8u471\2292\hotspot\src\share\vm\prims\jvm.cpp, line 3359]
Event: 68.978 Thread 0x000001fff7787000 Exception <a 'org/lwjgl/LWJGLException': Failed to set device gamma.> (0x00000006753c5380) thrown at [C:\jenkins\workspace\8-2-build-windows-x64-cygwin-sans-NAS\jdk8u471\2292\hotspot\src\share\vm\prims\jni.cpp, line 737]

Events (10 events):
Event: 68.981 loading class javax/servlet/ServletContext
Event: 68.981 loading class javax/servlet/ServletContext done
Event: 68.982 Executing VM operation: RevokeBias
Event: 68.982 Executing VM operation: RevokeBias done
Event: 68.982 loading class javax/servlet/ServletContext
Event: 68.982 loading class javax/servlet/ServletContext done
Event: 68.982 Thread 0x000001ffb7750800 Thread exited: 0x000001ffb7750800
Event: 68.982 Thread 0x000001ffb1519000 flushing nmethod 0x000001ff81500cd0
Event: 68.982 Thread 0x000001ffb7749800 Thread exited: 0x000001ffb7749800
Event: 68.982 Executing VM operation: Exit


Dynamic libraries:
0x00007ff793e20000 - 0x00007ff793e6f000 	C:\Program Files\Java\jdk-1.8\bin\java.exe
0x00007ffbcd0b0000 - 0x00007ffbcd2a8000 	C:\Windows\SYSTEM32\ntdll.dll
0x00007ffbcb840000 - 0x00007ffbcb902000 	C:\Windows\System32\KERNEL32.DLL
0x00007ffbcaab0000 - 0x00007ffbcada6000 	C:\Windows\System32\KERNELBASE.dll
0x00007ffbcbc90000 - 0x00007ffbcbd41000 	C:\Windows\System32\ADVAPI32.dll
0x00007ffbcb330000 - 0x00007ffbcb3ce000 	C:\Windows\System32\msvcrt.dll
0x00007ffbcbd50000 - 0x00007ffbcbdef000 	C:\Windows\System32\sechost.dll
0x00007ffbcb210000 - 0x00007ffbcb330000 	C:\Windows\System32\RPCRT4.dll
0x00007ffbcafc0000 - 0x00007ffbcafe7000 	C:\Windows\System32\bcrypt.dll
0x00007ffbccc60000 - 0x00007ffbcce01000 	C:\Windows\System32\USER32.dll
0x00007ffbcaff0000 - 0x00007ffbcb012000 	C:\Windows\System32\win32u.dll
0x00007ffbcb130000 - 0x00007ffbcb15b000 	C:\Windows\System32\GDI32.dll
0x00007ffbca790000 - 0x00007ffbca8a9000 	C:\Windows\System32\gdi32full.dll
0x00007ffbcaa10000 - 0x00007ffbcaaad000 	C:\Windows\System32\msvcp_win.dll
0x00007ffbcaec0000 - 0x00007ffbcafc0000 	C:\Windows\System32\ucrtbase.dll
0x00007ffbad690000 - 0x00007ffbad92b000 	C:\Windows\WinSxS\amd64_microsoft.windows.common-controls_6595b64144ccf1df_6.0.19041.6456_none_60b8a6cb71f64256\COMCTL32.dll
0x00007ffbccc30000 - 0x00007ffbccc5f000 	C:\Windows\System32\IMM32.DLL
0x00007ffbb0270000 - 0x00007ffbb028b000 	C:\Program Files\Java\jdk-1.8\jre\bin\vcruntime140.dll
0x00007ffbb0860000 - 0x00007ffbb086c000 	C:\Program Files\Java\jdk-1.8\jre\bin\vcruntime140_1.dll
0x00007ffbafef0000 - 0x00007ffbaff7e000 	C:\Program Files\Java\jdk-1.8\jre\bin\msvcp140.dll
0x00007ffb153d0000 - 0x00007ffb15c7a000 	C:\Program Files\Java\jdk-1.8\jre\bin\server\jvm.dll
0x00007ffbcb790000 - 0x00007ffbcb798000 	C:\Windows\System32\PSAPI.DLL
0x00007ffbc0310000 - 0x00007ffbc0337000 	C:\Windows\SYSTEM32\WINMM.dll
0x00007ffbb0890000 - 0x00007ffbb0899000 	C:\Windows\SYSTEM32\WSOCK32.dll
0x00007ffbc3dc0000 - 0x00007ffbc3dca000 	C:\Windows\SYSTEM32\VERSION.dll
0x00007ffbcb7d0000 - 0x00007ffbcb83b000 	C:\Windows\System32\WS2_32.dll
0x00007ffbc8fa0000 - 0x00007ffbc8fb2000 	C:\Windows\SYSTEM32\kernel.appcore.dll
0x00007ffbb0260000 - 0x00007ffbb0270000 	C:\Program Files\Java\jdk-1.8\jre\bin\verify.dll
0x00007ffbb01b0000 - 0x00007ffbb01db000 	C:\Program Files\Java\jdk-1.8\jre\bin\java.dll
0x00007ffbb0240000 - 0x00007ffbb0258000 	C:\Program Files\Java\jdk-1.8\jre\bin\zip.dll
0x00007ffbcbf80000 - 0x00007ffbcc6f0000 	C:\Windows\System32\SHELL32.dll
0x00007ffbc8350000 - 0x00007ffbc8af5000 	C:\Windows\SYSTEM32\windows.storage.dll
0x00007ffbcb3d0000 - 0x00007ffbcb724000 	C:\Windows\System32\combase.dll
0x00007ffbca090000 - 0x00007ffbca0bb000 	C:\Windows\SYSTEM32\Wldp.dll
0x00007ffbccb60000 - 0x00007ffbccc2d000 	C:\Windows\System32\OLEAUT32.dll
0x00007ffbcbed0000 - 0x00007ffbcbf7d000 	C:\Windows\System32\SHCORE.dll
0x00007ffbcb730000 - 0x00007ffbcb78b000 	C:\Windows\System32\shlwapi.dll
0x00007ffbca670000 - 0x00007ffbca694000 	C:\Windows\SYSTEM32\profapi.dll
0x00007ffbb0200000 - 0x00007ffbb020d000 	C:\Program Files\Java\jdk-1.8\jre\bin\management.dll
0x00007ffbb0190000 - 0x00007ffbb01ac000 	C:\Program Files\Java\jdk-1.8\jre\bin\net.dll
0x00007ffbc9df0000 - 0x00007ffbc9e5a000 	C:\Windows\system32\mswsock.dll
0x00007ffbb0170000 - 0x00007ffbb0183000 	C:\Program Files\Java\jdk-1.8\jre\bin\nio.dll
0x00007ffba0650000 - 0x00007ffba0667000 	C:\Windows\system32\napinsp.dll
0x00007ffba0670000 - 0x00007ffba068b000 	C:\Windows\system32\pnrpnsp.dll
0x00007ffbc64b0000 - 0x00007ffbc64cd000 	C:\Windows\system32\wshbth.dll
0x00007ffbc3cc0000 - 0x00007ffbc3cdd000 	C:\Windows\system32\NLAapi.dll
0x00007ffbc9ad0000 - 0x00007ffbc9b0b000 	C:\Windows\SYSTEM32\IPHLPAPI.DLL
0x00007ffbc9b10000 - 0x00007ffbc9bda000 	C:\Windows\SYSTEM32\DNSAPI.dll
0x00007ffbcce10000 - 0x00007ffbcce18000 	C:\Windows\System32\NSI.dll
0x00007ffba0690000 - 0x00007ffba06a2000 	C:\Windows\System32\winrnr.dll
0x00007ffbc2af0000 - 0x00007ffbc2afa000 	C:\Windows\System32\rasadhlp.dll
0x00007ffbb0a10000 - 0x00007ffbb0a90000 	C:\Windows\System32\fwpuclnt.dll
0x0000000180000000 - 0x0000000180051000 	C:\Users\chuck\.gradle\caches\minecraft\net\minecraft\minecraft_natives\1.7.10\lwjgl64.dll
0x00007ffb63ea0000 - 0x00007ffb63fc8000 	C:\Windows\SYSTEM32\OPENGL32.dll
0x00007ffb87670000 - 0x00007ffb8769c000 	C:\Windows\SYSTEM32\GLU32.dll
0x00007ffbc9ff0000 - 0x00007ffbca008000 	C:\Windows\SYSTEM32\CRYPTSP.dll
0x00007ffbc9710000 - 0x00007ffbc9748000 	C:\Windows\system32\rsaenh.dll
0x00007ffbca630000 - 0x00007ffbca65e000 	C:\Windows\SYSTEM32\USERENV.dll
0x00007ffbcadb0000 - 0x00007ffbcae32000 	C:\Windows\System32\bcryptprimitives.dll
0x00007ffbc9fe0000 - 0x00007ffbc9fec000 	C:\Windows\SYSTEM32\CRYPTBASE.dll
0x00007ffbc2b30000 - 0x00007ffbc2b47000 	C:\Windows\SYSTEM32\dhcpcsvc6.DLL
0x00007ffbc3940000 - 0x00007ffbc395d000 	C:\Windows\SYSTEM32\dhcpcsvc.DLL
0x00007ffb9e7a0000 - 0x00007ffb9e91e000 	C:\Program Files\Java\jdk-1.8\jre\bin\awt.dll
0x00007ffbc7890000 - 0x00007ffbc7924000 	C:\Windows\SYSTEM32\apphelp.dll
0x00007ffbbd230000 - 0x00007ffbbd2de000 	C:\Windows\SYSTEM32\mscms.dll
0x00007ffbbd210000 - 0x00007ffbbd221000 	C:\Windows\SYSTEM32\ColorAdapterClient.dll
0x00007ffbc7ca0000 - 0x00007ffbc7d3e000 	C:\Windows\system32\uxtheme.dll
0x000001ffb9f80000 - 0x000001ffc1ff3000 	C:\Program Files (x86)\ASUS\GPUTweakIII\GTIII-OSD\x64\GTIII-OSD64-VK.dll
0x00007ffbcce20000 - 0x00007ffbccf4b000 	C:\Windows\System32\ole32.dll
0x00007ffb64690000 - 0x00007ffb64816000 	C:\Windows\SYSTEM32\vulkan-1.dll
0x00007ffbca740000 - 0x00007ffbca78e000 	C:\Windows\System32\CFGMGR32.dll
0x00007ffbccf50000 - 0x00007ffbcd065000 	C:\Windows\System32\MSCTF.dll
0x00007ffbcb160000 - 0x00007ffbcb209000 	C:\Windows\System32\clbcatq.dll
0x00007ffb255f0000 - 0x00007ffb27f44000 	C:\Windows\System32\DriverStore\FileRepository\nv_dispi.inf_amd64_20ae8f14a487d5db\nvoglv64.dll
0x00007ffbcc6f0000 - 0x00007ffbccb60000 	C:\Windows\System32\SETUPAPI.dll
0x00007ffbc4960000 - 0x00007ffbc4974000 	C:\Windows\SYSTEM32\WTSAPI32.dll
0x00007ffbca220000 - 0x00007ffbca232000 	C:\Windows\SYSTEM32\msasn1.dll
0x00007ffbc3c80000 - 0x00007ffbc3cb1000 	C:\Windows\SYSTEM32\cryptnet.dll
0x00007ffbca8b0000 - 0x00007ffbcaa0d000 	C:\Windows\System32\CRYPT32.dll
0x00007ffbc3a20000 - 0x00007ffbc3b67000 	C:\Windows\SYSTEM32\drvstore.dll
0x00007ffbca3f0000 - 0x00007ffbca423000 	C:\Windows\SYSTEM32\devobj.dll
0x00007ffbcae40000 - 0x00007ffbcaeb3000 	C:\Windows\System32\WINTRUST.dll
0x00007ffbc9960000 - 0x00007ffbc9993000 	C:\Windows\SYSTEM32\ntmarta.dll
0x00007ffbcb7a0000 - 0x00007ffbcb7bd000 	C:\Windows\System32\imagehlp.dll
0x00007ffbb7850000 - 0x00007ffbbb5e4000 	C:\Windows\System32\DriverStore\FileRepository\nv_dispi.inf_amd64_20ae8f14a487d5db\nvgpucomp64.dll
0x00007ffbbcde0000 - 0x00007ffbbce1b000 	C:\Windows\SYSTEM32\dxcore.dll
0x00007ffb5d790000 - 0x00007ffb5d8d7000 	C:\Windows\system32\nvspcap64.dll
0x00007ffbc8060000 - 0x00007ffbc808e000 	C:\Windows\SYSTEM32\dwmapi.dll
0x00007ffbbe990000 - 0x00007ffbbea89000 	C:\Windows\SYSTEM32\textinputframework.dll
0x00007ffbc6e90000 - 0x00007ffbc71eb000 	C:\Windows\System32\CoreUIComponents.dll
0x00007ffbc71f0000 - 0x00007ffbc72e2000 	C:\Windows\System32\CoreMessaging.dll
0x00007ffbc6d30000 - 0x00007ffbc6e87000 	C:\Windows\SYSTEM32\wintypes.dll
0x00007ffbafe00000 - 0x00007ffbafe45000 	C:\Windows\SYSTEM32\icm32.dll
0x00007ffbca5a0000 - 0x00007ffbca5eb000 	C:\Windows\SYSTEM32\powrprof.dll
0x00007ffbca580000 - 0x00007ffbca592000 	C:\Windows\SYSTEM32\UMPDC.dll
0x00007ffbca460000 - 0x00007ffbca4c3000 	C:\Windows\SYSTEM32\WINSTA.dll
0x0000000070a40000 - 0x0000000070adc000 	C:\Users\chuck\.gradle\caches\minecraft\net\minecraft\minecraft_natives\1.7.10\avutil-ttv-51.dll
0x0000000065980000 - 0x00000000659d6000 	C:\Users\chuck\.gradle\caches\minecraft\net\minecraft\minecraft_natives\1.7.10\swresample-ttv-0.dll
0x000000006eb80000 - 0x000000006ec50000 	C:\Users\chuck\.gradle\caches\minecraft\net\minecraft\minecraft_natives\1.7.10\libmp3lame-ttv.dll
0x00007ffb139a0000 - 0x00007ffb14d44000 	C:\Users\chuck\.gradle\caches\minecraft\net\minecraft\minecraft_natives\1.7.10\libmfxsw64.dll
0x00007ffb5e0c0000 - 0x00007ffb5e1eb000 	C:\Users\chuck\.gradle\caches\minecraft\net\minecraft\minecraft_natives\1.7.10\twitchsdk.dll
0x00007ffbad970000 - 0x00007ffbade46000 	C:\Windows\SYSTEM32\WININET.dll
0x000001ffe2fa0000 - 0x000001ffeaff1000 	C:\Program Files (x86)\ASUS\GPUTweakIII\GTIII-OSD\x64\GTIII-OSD64-GL.dll
0x0000000073dc0000 - 0x0000000073e23000 	C:\Program Files (x86)\ASUS\GPUTweakIII\GTIII-OSD\x64\glew32.dll
0x000001ffeb000000 - 0x000001fff3187000 	C:\Program Files (x86)\ASUS\GPUTweakIII\GTIII-OSD\x64\GTIII-OSD64.dll
0x00007ffbaa9c0000 - 0x00007ffbaa9e5000 	C:\Windows\SYSTEM32\d3d12.dll
0x00007ffb63bf0000 - 0x00007ffb63e53000 	C:\Windows\SYSTEM32\d3dx9_43.dll
0x00007ffbc5450000 - 0x00007ffbc58ad000 	C:\Windows\SYSTEM32\D3DCOMPILER_47.dll
0x000001ffb9c90000 - 0x000001ffb9cc1000 	C:\Windows\SYSTEM32\d3d10_1.dll
0x00007ffba5b90000 - 0x00007ffba5b9d000 	C:\Windows\SYSTEM32\d3d10_1core.dll
0x00007ffbc51e0000 - 0x00007ffbc5444000 	C:\Windows\SYSTEM32\d3d11.dll
0x00007ffbc8fc0000 - 0x00007ffbc90b6000 	C:\Windows\SYSTEM32\dxgi.dll
0x00007ffb96d10000 - 0x00007ffb96ee1000 	C:\Windows\SYSTEM32\d3d9.dll
0x00007ffbaec50000 - 0x00007ffbaecfc000 	C:\Windows\SYSTEM32\TextShaping.dll
0x000001ffcf660000 - 0x000001ffcf6c4000 	C:\Users\chuck\.gradle\caches\minecraft\net\minecraft\minecraft_natives\1.7.10\OpenAL64.dll
0x00007ffbc43c0000 - 0x00007ffbc4445000 	C:\Windows\System32\MMDevApi.dll
0x00007ffb6f9a0000 - 0x00007ffb6fa3c000 	C:\Windows\SYSTEM32\dsound.dll
0x00007ffbadf50000 - 0x00007ffbadf76000 	C:\Windows\SYSTEM32\winmmbase.dll
0x00007ffbc44a0000 - 0x00007ffbc4621000 	C:\Windows\SYSTEM32\AUDIOSES.DLL
0x00007ffbc7c80000 - 0x00007ffbc7c94000 	C:\Windows\SYSTEM32\resourcepolicyclient.dll
0x00007ffb9f1c0000 - 0x00007ffb9f1f4000 	C:\Program Files\Java\jdk-1.8\jre\bin\jpeg.dll
0x00007ffbafc90000 - 0x00007ffbafcb5000 	C:\Program Files\Java\jdk-1.8\jre\bin\sunec.dll
0x00007ffbafee0000 - 0x00007ffbafeee000 	C:\Program Files\Java\jdk-1.8\jre\bin\sunmscapi.dll
0x00007ffbca100000 - 0x00007ffbca127000 	C:\Windows\SYSTEM32\ncrypt.dll
0x00007ffbca0c0000 - 0x00007ffbca0fb000 	C:\Windows\SYSTEM32\NTASN1.dll
0x00007ffbc8bc0000 - 0x00007ffbc8dc1000 	C:\Windows\SYSTEM32\dbghelp.dll

VM Arguments:
jvm_args: -Dfile.encoding=UTF-8 -Duser.country=US -Duser.language=en -Duser.variant 
java_command: GradleStart
java_class_path (initial): C:\Users\chuck\.gradle\caches\minecraft\net\minecraftforge\forge\1.7.10-10.13.4.1614-1.7.10\start;C:\Users\chuck\.gradle\caches\minecraft\net\minecraftforge\forge\1.7.10-10.13.4.1614-1.7.10\forgeSrc-1.7.10-10.13.4.1614-1.7.10.jar;C:\Users\chuck\.gradle\caches\modules-2\files-2.1\net.minecraft\launchwrapper\1.12\111e7bea9c968cdb3d06ef4632bf7ff0824d0f36\launchwrapper-1.12.jar;C:\Users\chuck\.gradle\caches\modules-2\files-2.1\com.google.code.findbugs\jsr305\1.3.9\40719ea6961c0cb6afaeb6a921eaa1f6afd4cfdf\jsr305-1.3.9.jar;C:\Users\chuck\.gradle\caches\modules-2\files-2.1\org.ow2.asm\asm-debug-all\5.0.3\f9e364ae2a66ce2a543012a4668856e84e5dab74\asm-debug-all-5.0.3.jar;C:\Users\chuck\.gradle\caches\modules-2\files-2.1\com.typesafe.akka\akka-actor_2.11\2.3.3\ed62e9fc709ca0f2ff1a3220daa8b70a2870078e\akka-actor_2.11-2.3.3.jar;C:\Users\chuck\.gradle\caches\modules-2\files-2.1\com.typesafe\config\1.2.1\f771f71fdae3df231bcd54d5ca2d57f0bf93f467\config-1.2.1.jar;C:\Users\chuck\.gradle\caches\modules-2\files-2.1\org.scala-lang\scala-actors-migration_2.11\1.1.0\dfa8bc42b181d5b9f1a5dd147f8ae308b893eb6f\scala-actors-migration_2.11-1.1.0.jar;C:\Users\chuck\.gradle\caches\modules-2\files-2.1\org.scala-lang.plugins\scala-continuations-plugin_2.11.1\1.0.2\f361a3283452c57fa30c1ee69448995de23c60f7\scala-continuations-plugin_2.11.1-1.0.2.jar;C:\Users\chuck\.gradle\caches\modules-2\files-2.1\org.scala-lang\scala-compiler\2.11.1\56ea2e6c025e0821f28d73ca271218b8dd04926a\scala-compiler-2.11.1.jar;C:\Users\chuck\.gradle\caches\modules-2\files-2.1\org.scala-lang.plugins\scala-continuations-library_2.11\1.0.2\e517c53a7e9acd6b1668c5a35eccbaa3bab9aac\scala-continuations-library_2.11-1.0.2.jar;C:\Users\chuck\.gradle\caches\modules-2\files-2.1\org.scala-lang\scala-reflect\2.11.1\6580347e61cc7f8e802941e7fde40fa83b8badeb\scala-reflect-2.11.1.jar;C:\Users\chuck\.gradle\caches\modules-2\files-2.1\org.scala-lang\scala-actors\2.11.0\8ccfb6541de179bb1c4d45cf414acee069b7f78b\scala-a
Launcher Type: SUN_STANDARD

Environment Variables:
PATH=C:\Program Files\Eclipse Adoptium\jdk-8.0.462.8-hotspot\bin;C:\Program Files\Common Files\Oracle\Java\javapath;C:\Program Files (x86)\Common Files\Oracle\Java\java8path;C:\Program Files (x86)\Common Files\Oracle\Java\javapath;C:\Program Files (x86)\Razer Chroma SDK\bin;C:\Program Files\Razer Chroma SDK\bin;C:\Program Files (x86)\Razer\ChromaBroadcast\bin;C:\Program Files\Razer\ChromaBroadcast\bin;C:\Windows\system32;C:\Windows;C:\Windows\System32\Wbem;C:\Windows\System32\WindowsPowerShell\v1.0\;C:\Windows\System32\OpenSSH\;C:\Program Files (x86)\NVIDIA Corporation\PhysX\Common;C:\Windows\system32\config\systemprofile\AppData\Local\Microsoft\WindowsApps;C:\Program Files\dotnet\;C:\Program Files (x86)\Windows Live\Shared;C:\Program Files\Git\cmd;C:\Program Files\WorldPainter;C:\Program Files\NVIDIA Corporation\NVIDIA app\NvDLISR;C:\Users\chuck\AppData\Local\Microsoft\WindowsApps;;C:\Program Files\JetBrains\IntelliJ IDEA 2024.2.0.1\bin;
USERNAME=chuck
OS=Windows_NT
PROCESSOR_IDENTIFIER=Intel64 Family 6 Model 158 Stepping 13, GenuineIntel



---------------  S Y S T E M  ---------------

OS: Windows 10 , 64 bit Build 19041 (10.0.19041.5915)

CPU:total 16 (initial active 16) (8 cores per cpu, 2 threads per core) family 6 model 158 stepping 13, cmov, cx8, fxsr, mmx, sse, sse2, sse3, ssse3, sse4.1, sse4.2, popcnt, avx, avx2, aes, clmul, erms, 3dnowpref, lzcnt, ht, tsc, tscinvbit, bmi1, bmi2, adx

Memory: 4k page, physical 67022948k(44793272k free), swap 71217252k(34784664k free)

vm_info: Java HotSpot(TM) 64-Bit Server VM (25.471-b09) for windows-amd64 JRE (1.8.0_471-b09), built on Sep 26 2025 05:08:27 by "java_re" with MS VC++ 17.6 (VS2022)

time: Sun Nov 23 19:22:10 2025
timezone: Eastern Standard Time
elapsed time: 69.756551 seconds (0d 0h 1m 9s)

