#
# A fatal error has been detected by the Java Runtime Environment:
#
#  EXCEPTION_ACCESS_VIOLATION (0xc0000005) at pc=0x00007ffb293382e9, pid=18652, tid=0x0000000000006564
#
# JRE version: Java(TM) SE Runtime Environment (8.0_471) (build 1.8.0_471-b09)
# Java VM: Java HotSpot(TM) 64-Bit Server VM (25.471-b09 mixed mode windows-amd64 compressed oops)
# Problematic frame:
# C  [nvoglv64.dll+0x8682e9]
#
# Failed to write core dump. Minidumps are not enabled by default on client versions of Windows
#
# If you would like to submit a bug report, please visit:
#   https://bugreport.java.com/bugreport/crash.jsp
#

---------------  T H R E A D  ---------------

Current thread (0x000001605c673000):  VMThread [stack: 0x0000000852c00000,0x0000000852d00000] [id=25956]

siginfo: ExceptionCode=0xc0000005, reading address 0x0000000000001238

Registers:
RAX=0x0000000000000000, RBX=0x0000016061b783b0, RCX=0x0000000000000004, RDX=0x0000000000000000
RSP=0x0000000852cff258, RBP=0x0000000000000000, RSI=0x0000000000000000, RDI=0x0000016061b783b0
R8 =0x0000000000000000, R9 =0x000001600c056460, R10=0x0000016025820000, R11=0x0000000852cff260
R12=0x000001601c230000, R13=0x000001601c363820, R14=0x0000000000000000, R15=0x0000000000000000
RIP=0x00007ffb293382e9, EFLAGS=0x0000000000010202

Top of Stack: (sp=0x0000000852cff258)
0x0000000852cff258:   000001601c23bbf1 0000000000000000
0x0000000852cff268:   0000000000000000 000001601c363820
0x0000000852cff278:   000001601c230000 fffffffffffffffe
0x0000000852cff288:   00007ffbaa1d47b1 000001600c056558
0x0000000852cff298:   000001601c238281 0000000000000000
0x0000000852cff2a8:   0000000000000000 0000000000000000
0x0000000852cff2b8:   0000016000000000 000001600c056558
0x0000000852cff2c8:   000001601c237c71 000001600c056460
0x0000000852cff2d8:   0000000000000000 0000016061044220
0x0000000852cff2e8:   00007ffbaa1d5ba1 000001601c363840
0x0000000852cff2f8:   000001601c27ac0d 0000000000000040
0x0000000852cff308:   00007ffb00000000 0000000000000000
0x0000000852cff318:   0000016061044218 000001601c230000
0x0000000852cff328:   000001602591e4c8 000001601c2c3f4c
0x0000000852cff338:   0000000000000001 0000000000000001
0x0000000852cff348:   000001601c23a083 0000000000000000 

Instructions: (pc=0x00007ffb293382e9)
0x00007ffb293382c9:   af af af af af af af c3 cc cc cc cc cc cc cc cc
0x00007ffb293382d9:   cc cc cc cc cc cc cc 65 48 8b 04 25 30 16 00 00
0x00007ffb293382e9:   ff a0 38 12 00 00 cc cc cc cc cc cc cc cc cc cc
0x00007ffb293382f9:   cc cc cc cc cc cc cc cc cc cc cc cc cc cc cc cc 


Register to memory mapping:

RAX=0x0000000000000000 is an unknown value
RBX=0x0000016061b783b0 is an unknown value
RCX=0x0000000000000004 is an unknown value
RDX=0x0000000000000000 is an unknown value
RSP=0x0000000852cff258 is an unknown value
RBP=0x0000000000000000 is an unknown value
RSI=0x0000000000000000 is an unknown value
RDI=0x0000016061b783b0 is an unknown value
R8 =0x0000000000000000 is an unknown value
R9 =0x000001600c056460 is an unknown value
R10=0x0000016025820000 is an unknown value
R11=0x0000000852cff260 is an unknown value
R12=0x000001601c230000 is an unknown value
R13=0x000001601c363820 is an unknown value
R14=0x0000000000000000 is an unknown value
R15=0x0000000000000000 is an unknown value


Stack: [0x0000000852c00000,0x0000000852d00000],  sp=0x0000000852cff258,  free space=1020k
Native frames: (J=compiled Java code, j=interpreted, Vv=VM code, C=native code)

VM_Operation (0x0000000851efe570): Exit, mode: safepoint, requested by thread 0x000001602586b000


---------------  P R O C E S S  ---------------

Java Threads: ( => current thread )
  0x0000016062585000 JavaThread "AWT-Shutdown" [_thread_blocked, id=24256, stack(0x0000000854a00000,0x0000000854b00000)]
  0x0000016062583800 JavaThread "File IO Thread" [_thread_blocked, id=6752, stack(0x0000000851b00000,0x0000000851c00000)]
  0x000001606257d800 JavaThread "Chunk I/O Executor Thread-1" daemon [_thread_blocked, id=13296, stack(0x0000000855000000,0x0000000855100000)]
  0x0000016062580800 JavaThread "Netty IO #1" daemon [_thread_in_native, id=10860, stack(0x0000000854f00000,0x0000000855000000)]
  0x000001606257c800 JavaThread "Netty Client IO #0" daemon [_thread_in_native, id=8304, stack(0x0000000854e00000,0x0000000854f00000)]
  0x0000016065b7c800 JavaThread "Netty IO #0" daemon [_thread_in_native, id=21568, stack(0x0000000854b00000,0x0000000854c00000)]
  0x00000160659bc800 JavaThread "LWJGL Timer" daemon [_thread_blocked, id=6208, stack(0x0000000854700000,0x0000000854800000)]
  0x0000016060d5c800 JavaThread "Java2D Disposer" daemon [_thread_blocked, id=2220, stack(0x0000000854100000,0x0000000854200000)]
  0x0000016064d21800 JavaThread "Timer hack thread" daemon [_thread_blocked, id=9944, stack(0x0000000854000000,0x0000000854100000)]
  0x00000160663df800 JavaThread "Snooper Timer" daemon [_thread_blocked, id=20484, stack(0x0000000853f00000,0x0000000854000000)]
  0x000001605f49d000 JavaThread "Service Thread" daemon [_thread_blocked, id=22116, stack(0x0000000853d00000,0x0000000853e00000)]
  0x000001605f3a9000 JavaThread "C1 CompilerThread11" daemon [_thread_blocked, id=11644, stack(0x0000000853c00000,0x0000000853d00000)]
  0x000001605f3a8800 JavaThread "C1 CompilerThread10" daemon [_thread_blocked, id=10192, stack(0x0000000853b00000,0x0000000853c00000)]
  0x000001605f3a7800 JavaThread "C1 CompilerThread9" daemon [_thread_blocked, id=26148, stack(0x0000000853a00000,0x0000000853b00000)]
  0x000001605f3ac000 JavaThread "C1 CompilerThread8" daemon [_thread_blocked, id=25392, stack(0x0000000853900000,0x0000000853a00000)]
  0x000001605f3aa800 JavaThread "C2 CompilerThread7" daemon [_thread_blocked, id=24116, stack(0x0000000853800000,0x0000000853900000)]
  0x000001605f3ab800 JavaThread "C2 CompilerThread6" daemon [_thread_blocked, id=24688, stack(0x0000000853700000,0x0000000853800000)]
  0x000001605f3aa000 JavaThread "C2 CompilerThread5" daemon [_thread_blocked, id=2832, stack(0x0000000853600000,0x0000000853700000)]
  0x000001605f3a6000 JavaThread "C2 CompilerThread4" daemon [_thread_blocked, id=2268, stack(0x0000000853500000,0x0000000853600000)]
  0x000001605f3bd000 JavaThread "C2 CompilerThread3" daemon [_thread_blocked, id=25868, stack(0x0000000853400000,0x0000000853500000)]
  0x000001605f3bb800 JavaThread "C2 CompilerThread2" daemon [_thread_blocked, id=8400, stack(0x0000000853300000,0x0000000853400000)]
  0x000001605f3b6800 JavaThread "C2 CompilerThread1" daemon [_thread_blocked, id=25936, stack(0x0000000853200000,0x0000000853300000)]
  0x000001605f3b4000 JavaThread "C2 CompilerThread0" daemon [_thread_blocked, id=16452, stack(0x0000000853100000,0x0000000853200000)]
  0x000001605f3b1800 JavaThread "Attach Listener" daemon [_thread_blocked, id=4372, stack(0x0000000853000000,0x0000000853100000)]
  0x000001605f3af800 JavaThread "Signal Dispatcher" daemon [_thread_blocked, id=21804, stack(0x0000000852f00000,0x0000000853000000)]
  0x000001605c685800 JavaThread "Finalizer" daemon [_thread_blocked, id=12796, stack(0x0000000852e00000,0x0000000852f00000)]
  0x000001605f380800 JavaThread "Reference Handler" daemon [_thread_blocked, id=15156, stack(0x0000000852d00000,0x0000000852e00000)]
  0x000001602586b000 JavaThread "Client thread" [_thread_blocked, id=6328, stack(0x0000000851e00000,0x0000000851f00000)]

Other Threads:
=>0x000001605c673000 VMThread [stack: 0x0000000852c00000,0x0000000852d00000] [id=25956]

VM state:at safepoint (shutting down)

VM Mutex/Monitor currently owned by a thread:  ([mutex/lock_event])
[0x0000016025864c00] Threads_lock - owner thread: 0x000001605c673000

heap address: 0x00000003c1400000, size: 16364 MB, Compressed Oops mode: Zero based, Oop shift amount: 3
Narrow klass base: 0x0000000000000000, Narrow klass shift: 3
Compressed class space size: 1073741824 Address: 0x00000007c0000000

Heap:
 PSYoungGen      total 359936K, used 50705K [0x000000066b180000, 0x0000000687b80000, 0x00000007c0000000)
  eden space 352256K, 12% used [0x000000066b180000,0x000000066dba6978,0x0000000680980000)
  from space 7680K, 98% used [0x0000000681180000,0x00000006818ddba8,0x0000000681900000)
  to   space 58368K, 0% used [0x0000000684280000,0x0000000684280000,0x0000000687b80000)
 ParOldGen       total 416768K, used 203683K [0x00000003c1400000, 0x00000003dab00000, 0x000000066b180000)
  object space 416768K, 48% used [0x00000003c1400000,0x00000003cdae8dd8,0x00000003dab00000)
 Metaspace       used 44464K, capacity 44995K, committed 45440K, reserved 1089536K
  class space    used 5095K, capacity 5224K, committed 5248K, reserved 1048576K

Card table byte_map: [0x00000160365a0000,0x00000160385a0000] byte_map_base: 0x0000016034796000

Marking Bits: (ParMarkBitMap*) 0x00007ffaed4da3e0
 Begin Bits: [0x0000016039af0000, 0x0000016049aa0000)
 End Bits:   [0x0000016049aa0000, 0x0000016059a50000)

Polling page: 0x0000016025a00000

CodeCache: size=245760Kb used=33117Kb max_used=35372Kb free=212642Kb
 bounds [0x00000160271e0000, 0x00000160294e0000, 0x00000160361e0000]
 total_blobs=8762 nmethods=7885 adapters=784
 compilation: enabled

Compilation events (10 events):
Event: 357.491 Thread 0x000001605f3b4000 nmethod 11387 0x0000016028d2bf50 code [0x0000016028d2c0a0, 0x0000016028d2c3b8]
Event: 357.497 Thread 0x000001605f3ab800 nmethod 11389 0x0000016027bf0910 code [0x0000016027bf0ae0, 0x0000016027bf15c8]
Event: 357.500 Thread 0x000001605f3bb800 nmethod 11390 0x0000016028ead8d0 code [0x0000016028eada80, 0x0000016028eae6c8]
Event: 357.504 Thread 0x000001605f3a9000 11392       1       sun.nio.cs.UTF_8$Encoder::implReplaceWith (8 bytes)
Event: 357.504 Thread 0x000001605f3a9000 nmethod 11392 0x00000160282e6990 code [0x00000160282e6ae0, 0x00000160282e6c18]
Event: 357.549 Thread 0x000001605f3a8800 11393       3       org.apache.logging.log4j.core.helpers.NameUtil::getSubName (32 bytes)
Event: 357.549 Thread 0x000001605f3ac000 11394       1       org.apache.logging.log4j.core.config.LoggerConfig::getLevel (5 bytes)
Event: 357.549 Thread 0x000001605f3ac000 nmethod 11394 0x0000016028ead610 code [0x0000016028ead760, 0x0000016028ead878]
Event: 357.549 Thread 0x000001605f3a8800 nmethod 11393 0x0000016028373f50 code [0x00000160283740e0, 0x0000016028374680]
Event: 357.649 Thread 0x000001605f3a9000 11395       3       java.util.IdentityHashMap$IdentityHashMapIterator::nextIndex (72 bytes)

GC Heap History (10 events):
Event: 342.307 GC heap before
{Heap before GC invocations=48 (full 5):
 PSYoungGen      total 459264K, used 405266K [0x000000066b180000, 0x000000068c980000, 0x00000007c0000000)
  eden space 397312K, 100% used [0x000000066b180000,0x0000000683580000,0x0000000683580000)
  from space 61952K, 12% used [0x0000000688d00000,0x00000006894c4ab8,0x000000068c980000)
  to   space 75776K, 0% used [0x0000000683580000,0x0000000683580000,0x0000000687f80000)
 ParOldGen       total 416768K, used 203179K [0x00000003c1400000, 0x00000003dab00000, 0x000000066b180000)
  object space 416768K, 48% used [0x00000003c1400000,0x00000003cda6add8,0x00000003dab00000)
 Metaspace       used 44415K, capacity 44867K, committed 45184K, reserved 1089536K
  class space    used 5086K, capacity 5224K, committed 5248K, reserved 1048576K
Event: 342.310 GC heap after
Heap after GC invocations=48 (full 5):
 PSYoungGen      total 395776K, used 8146K [0x000000066b180000, 0x000000068b900000, 0x00000007c0000000)
  eden space 387584K, 0% used [0x000000066b180000,0x000000066b180000,0x0000000682c00000)
  from space 8192K, 99% used [0x0000000683580000,0x0000000683d74ab8,0x0000000683d80000)
  to   space 72192K, 0% used [0x0000000687280000,0x0000000687280000,0x000000068b900000)
 ParOldGen       total 416768K, used 203283K [0x00000003c1400000, 0x00000003dab00000, 0x000000066b180000)
  object space 416768K, 48% used [0x00000003c1400000,0x00000003cda84dd8,0x00000003dab00000)
 Metaspace       used 44415K, capacity 44867K, committed 45184K, reserved 1089536K
  class space    used 5086K, capacity 5224K, committed 5248K, reserved 1048576K
}
Event: 346.158 GC heap before
{Heap before GC invocations=49 (full 5):
 PSYoungGen      total 395776K, used 395730K [0x000000066b180000, 0x000000068b900000, 0x00000007c0000000)
  eden space 387584K, 100% used [0x000000066b180000,0x0000000682c00000,0x0000000682c00000)
  from space 8192K, 99% used [0x0000000683580000,0x0000000683d74ab8,0x0000000683d80000)
  to   space 72192K, 0% used [0x0000000687280000,0x0000000687280000,0x000000068b900000)
 ParOldGen       total 416768K, used 203283K [0x00000003c1400000, 0x00000003dab00000, 0x000000066b180000)
  object space 416768K, 48% used [0x00000003c1400000,0x00000003cda84dd8,0x00000003dab00000)
 Metaspace       used 44419K, capacity 44867K, committed 45184K, reserved 1089536K
  class space    used 5086K, capacity 5224K, committed 5248K, reserved 1048576K
Event: 346.161 GC heap after
Heap after GC invocations=49 (full 5):
 PSYoungGen      total 434176K, used 8018K [0x000000066b180000, 0x000000068a900000, 0x00000007c0000000)
  eden space 378368K, 0% used [0x000000066b180000,0x000000066b180000,0x0000000682300000)
  from space 55808K, 14% used [0x0000000687280000,0x0000000687a54ab8,0x000000068a900000)
  to   space 68608K, 0% used [0x0000000682300000,0x0000000682300000,0x0000000686600000)
 ParOldGen       total 416768K, used 203387K [0x00000003c1400000, 0x00000003dab00000, 0x000000066b180000)
  object space 416768K, 48% used [0x00000003c1400000,0x00000003cda9edd8,0x00000003dab00000)
 Metaspace       used 44419K, capacity 44867K, committed 45184K, reserved 1089536K
  class space    used 5086K, capacity 5224K, committed 5248K, reserved 1048576K
}
Event: 349.913 GC heap before
{Heap before GC invocations=50 (full 5):
 PSYoungGen      total 434176K, used 386386K [0x000000066b180000, 0x000000068a900000, 0x00000007c0000000)
  eden space 378368K, 100% used [0x000000066b180000,0x0000000682300000,0x0000000682300000)
  from space 55808K, 14% used [0x0000000687280000,0x0000000687a54ab8,0x000000068a900000)
  to   space 68608K, 0% used [0x0000000682300000,0x0000000682300000,0x0000000686600000)
 ParOldGen       total 416768K, used 203387K [0x00000003c1400000, 0x00000003dab00000, 0x000000066b180000)
  object space 416768K, 48% used [0x00000003c1400000,0x00000003cda9edd8,0x00000003dab00000)
 Metaspace       used 44421K, capacity 44867K, committed 45184K, reserved 1089536K
  class space    used 5087K, capacity 5224K, committed 5248K, reserved 1048576K
Event: 349.916 GC heap after
Heap after GC invocations=50 (full 5):
 PSYoungGen      total 377344K, used 8082K [0x000000066b180000, 0x0000000689900000, 0x00000007c0000000)
  eden space 369152K, 0% used [0x000000066b180000,0x000000066b180000,0x0000000681a00000)
  from space 8192K, 98% used [0x0000000682300000,0x0000000682ae4ab8,0x0000000682b00000)
  to   space 65024K, 0% used [0x0000000685980000,0x0000000685980000,0x0000000689900000)
 ParOldGen       total 416768K, used 203475K [0x00000003c1400000, 0x00000003dab00000, 0x000000066b180000)
  object space 416768K, 48% used [0x00000003c1400000,0x00000003cdab4dd8,0x00000003dab00000)
 Metaspace       used 44421K, capacity 44867K, committed 45184K, reserved 1089536K
  class space    used 5087K, capacity 5224K, committed 5248K, reserved 1048576K
}
Event: 353.507 GC heap before
{Heap before GC invocations=51 (full 5):
 PSYoungGen      total 377344K, used 377234K [0x000000066b180000, 0x0000000689900000, 0x00000007c0000000)
  eden space 369152K, 100% used [0x000000066b180000,0x0000000681a00000,0x0000000681a00000)
  from space 8192K, 98% used [0x0000000682300000,0x0000000682ae4ab8,0x0000000682b00000)
  to   space 65024K, 0% used [0x0000000685980000,0x0000000685980000,0x0000000689900000)
 ParOldGen       total 416768K, used 203475K [0x00000003c1400000, 0x00000003dab00000, 0x000000066b180000)
  object space 416768K, 48% used [0x00000003c1400000,0x00000003cdab4dd8,0x00000003dab00000)
 Metaspace       used 44424K, capacity 44867K, committed 45184K, reserved 1089536K
  class space    used 5087K, capacity 5224K, committed 5248K, reserved 1048576K
Event: 353.510 GC heap after
Heap after GC invocations=51 (full 5):
 PSYoungGen      total 409600K, used 9938K [0x000000066b180000, 0x0000000688980000, 0x00000007c0000000)
  eden space 360448K, 0% used [0x000000066b180000,0x000000066b180000,0x0000000681180000)
  from space 49152K, 20% used [0x0000000685980000,0x0000000686334ab8,0x0000000688980000)
  to   space 61440K, 0% used [0x0000000681180000,0x0000000681180000,0x0000000684d80000)
 ParOldGen       total 416768K, used 203531K [0x00000003c1400000, 0x00000003dab00000, 0x000000066b180000)
  object space 416768K, 48% used [0x00000003c1400000,0x00000003cdac2dd8,0x00000003dab00000)
 Metaspace       used 44424K, capacity 44867K, committed 45184K, reserved 1089536K
  class space    used 5087K, capacity 5224K, committed 5248K, reserved 1048576K
}
Event: 357.016 GC heap before
{Heap before GC invocations=52 (full 5):
 PSYoungGen      total 409600K, used 370386K [0x000000066b180000, 0x0000000688980000, 0x00000007c0000000)
  eden space 360448K, 100% used [0x000000066b180000,0x0000000681180000,0x0000000681180000)
  from space 49152K, 20% used [0x0000000685980000,0x0000000686334ab8,0x0000000688980000)
  to   space 61440K, 0% used [0x0000000681180000,0x0000000681180000,0x0000000684d80000)
 ParOldGen       total 416768K, used 203531K [0x00000003c1400000, 0x00000003dab00000, 0x000000066b180000)
  object space 416768K, 48% used [0x00000003c1400000,0x00000003cdac2dd8,0x00000003dab00000)
 Metaspace       used 44424K, capacity 44867K, committed 45184K, reserved 1089536K
  class space    used 5087K, capacity 5224K, committed 5248K, reserved 1048576K
Event: 357.019 GC heap after
Heap after GC invocations=52 (full 5):
 PSYoungGen      total 359936K, used 7542K [0x000000066b180000, 0x0000000687b80000, 0x00000007c0000000)
  eden space 352256K, 0% used [0x000000066b180000,0x000000066b180000,0x0000000680980000)
  from space 7680K, 98% used [0x0000000681180000,0x00000006818ddba8,0x0000000681900000)
  to   space 58368K, 0% used [0x0000000684280000,0x0000000684280000,0x0000000687b80000)
 ParOldGen       total 416768K, used 203683K [0x00000003c1400000, 0x00000003dab00000, 0x000000066b180000)
  object space 416768K, 48% used [0x00000003c1400000,0x00000003cdae8dd8,0x00000003dab00000)
 Metaspace       used 44424K, capacity 44867K, committed 45184K, reserved 1089536K
  class space    used 5087K, capacity 5224K, committed 5248K, reserved 1048576K
}

Deoptimization events (10 events):
Event: 357.324 Thread 0x0000016062580800 Uncommon trap: reason=null_check action=make_not_entrant pc=0x0000016027ad1bf4 method=io.netty.util.DefaultAttributeMap.attr(Lio/netty/util/AttributeKey;)Lio/netty/util/Attribute; @ 46
Event: 357.324 Thread 0x000001606257c800 Uncommon trap: reason=null_check action=make_not_entrant pc=0x0000016027ad1bf4 method=io.netty.util.DefaultAttributeMap.attr(Lio/netty/util/AttributeKey;)Lio/netty/util/Attribute; @ 46
Event: 357.324 Thread 0x000001606257c800 Uncommon trap: reason=unstable_if action=reinterpret pc=0x0000016027b57814 method=io.netty.channel.local.LocalChannel.isActive()Z @ 5
Event: 357.324 Thread 0x000001606257c800 Uncommon trap: reason=unstable_if action=reinterpret pc=0x0000016027a3e054 method=io.netty.channel.local.LocalChannel.isOpen()Z @ 5
Event: 357.324 Thread 0x000001606257c800 Uncommon trap: reason=class_check action=maybe_recompile pc=0x0000016028e813c4 method=java.util.HashSet.remove(Ljava/lang/Object;)Z @ 5
Event: 357.324 Thread 0x000001606257c800 Uncommon trap: reason=unstable_if action=reinterpret pc=0x0000016028f10a80 method=io.netty.channel.local.LocalChannel.isActive()Z @ 5
Event: 357.325 Thread 0x0000016062580800 Uncommon trap: reason=class_check action=maybe_recompile pc=0x0000016028e813c4 method=java.util.HashSet.remove(Ljava/lang/Object;)Z @ 5
Event: 357.355 Thread 0x0000016062583800 Uncommon trap: reason=unstable_if action=reinterpret pc=0x000001602926e6b4 method=net.minecraft.world.storage.ThreadedFileIOBase.processQueue()V @ 68
Event: 357.491 Thread 0x0000016064514800 Uncommon trap: reason=class_check action=maybe_recompile pc=0x000001602783e784 method=cpw.mods.fml.common.asm.transformers.deobf.FMLDeobfuscatingRemapper.map(Ljava/lang/String;)Ljava/lang/String; @ 11
Event: 357.546 Thread 0x000001602586b000 Uncommon trap: reason=unstable_if action=reinterpret pc=0x00000160279441d8 method=cpw.mods.fml.relauncher.FMLSecurityManager.checkPermission(Ljava/security/Permission;)V @ 23

Classes redefined (0 events):
No events

Internal exceptions (10 events):
Event: 357.124 Thread 0x000001606614b000 Exception <a 'java/lang/InterruptedException': sleep interrupted> (0x000000066bbcf708) thrown at [C:\jenkins\workspace\8-2-build-windows-x64-cygwin-sans-NAS\jdk8u471\2292\hotspot\src\share\vm\prims\jvm.cpp, line 3359]
Event: 357.132 Thread 0x000001606614b000 Exception <a 'java/lang/InterruptedException': sleep interrupted> (0x000000066bbcf960) thrown at [C:\jenkins\workspace\8-2-build-windows-x64-cygwin-sans-NAS\jdk8u471\2292\hotspot\src\share\vm\prims\jvm.cpp, line 3359]
Event: 357.141 Thread 0x000001606614b000 Exception <a 'java/lang/InterruptedException': sleep interrupted> (0x000000066bbcfbb8) thrown at [C:\jenkins\workspace\8-2-build-windows-x64-cygwin-sans-NAS\jdk8u471\2292\hotspot\src\share\vm\prims\jvm.cpp, line 3359]
Event: 357.149 Thread 0x000001606614b000 Exception <a 'java/lang/InterruptedException': sleep interrupted> (0x000000066bbcfe10) thrown at [C:\jenkins\workspace\8-2-build-windows-x64-cygwin-sans-NAS\jdk8u471\2292\hotspot\src\share\vm\prims\jvm.cpp, line 3359]
Event: 357.157 Thread 0x000001606614b000 Exception <a 'java/lang/InterruptedException': sleep interrupted> (0x000000066bbd0068) thrown at [C:\jenkins\workspace\8-2-build-windows-x64-cygwin-sans-NAS\jdk8u471\2292\hotspot\src\share\vm\prims\jvm.cpp, line 3359]
Event: 357.169 Thread 0x000001606614b000 Exception <a 'java/lang/InterruptedException': sleep interrupted> (0x000000066bbd02c0) thrown at [C:\jenkins\workspace\8-2-build-windows-x64-cygwin-sans-NAS\jdk8u471\2292\hotspot\src\share\vm\prims\jvm.cpp, line 3359]
Event: 357.257 Thread 0x000001606614b000 Exception <a 'java/lang/InterruptedException': sleep interrupted> (0x000000066c5b4300) thrown at [C:\jenkins\workspace\8-2-build-windows-x64-cygwin-sans-NAS\jdk8u471\2292\hotspot\src\share\vm\prims\jvm.cpp, line 3359]
Event: 357.292 Thread 0x000001606614b000 Exception <a 'java/lang/InterruptedException': sleep interrupted> (0x000000066c5b4558) thrown at [C:\jenkins\workspace\8-2-build-windows-x64-cygwin-sans-NAS\jdk8u471\2292\hotspot\src\share\vm\prims\jvm.cpp, line 3359]
Event: 357.391 Thread 0x000001601a49c800 Exception <a 'java/lang/InterruptedException': sleep interrupted> (0x000000066d19cab8) thrown at [C:\jenkins\workspace\8-2-build-windows-x64-cygwin-sans-NAS\jdk8u471\2292\hotspot\src\share\vm\prims\jvm.cpp, line 3359]
Event: 357.546 Thread 0x000001602586b000 Exception <a 'org/lwjgl/LWJGLException': Failed to set device gamma.> (0x000000066c1a3f78) thrown at [C:\jenkins\workspace\8-2-build-windows-x64-cygwin-sans-NAS\jdk8u471\2292\hotspot\src\share\vm\prims\jni.cpp, line 737]

Events (10 events):
Event: 357.549 Executing VM operation: RevokeBias done
Event: 357.549 loading class javax/servlet/ServletContext
Event: 357.549 loading class javax/servlet/ServletContext done
Event: 357.549 Thread 0x000001606258a000 Thread exited: 0x000001606258a000
Event: 357.549 Thread 0x0000016062588000 Thread exited: 0x0000016062588000
Event: 357.550 Executing VM operation: RevokeBias
Event: 357.550 Executing VM operation: RevokeBias done
Event: 357.550 Thread 0x0000016062586800 Thread exited: 0x0000016062586800
Event: 357.649 Thread 0x0000016062587000 Thread exited: 0x0000016062587000
Event: 357.649 Executing VM operation: Exit


Dynamic libraries:
0x00007ff6dc810000 - 0x00007ff6dc85f000 	C:\Program Files\Java\jdk-1.8\bin\java.exe
0x00007ffbaa1b0000 - 0x00007ffbaa3a8000 	C:\Windows\SYSTEM32\ntdll.dll
0x00007ffba8580000 - 0x00007ffba8642000 	C:\Windows\System32\KERNEL32.DLL
0x00007ffba7ea0000 - 0x00007ffba8196000 	C:\Windows\System32\KERNELBASE.dll
0x00007ffba9800000 - 0x00007ffba98b1000 	C:\Windows\System32\ADVAPI32.dll
0x00007ffba9530000 - 0x00007ffba95ce000 	C:\Windows\System32\msvcrt.dll
0x00007ffba9f20000 - 0x00007ffba9fbf000 	C:\Windows\System32\sechost.dll
0x00007ffba8430000 - 0x00007ffba8550000 	C:\Windows\System32\RPCRT4.dll
0x00007ffba7dc0000 - 0x00007ffba7de7000 	C:\Windows\System32\bcrypt.dll
0x00007ffba9fc0000 - 0x00007ffbaa161000 	C:\Windows\System32\USER32.dll
0x00007ffba81a0000 - 0x00007ffba81c2000 	C:\Windows\System32\win32u.dll
0x00007ffba9e20000 - 0x00007ffba9e4b000 	C:\Windows\System32\GDI32.dll
0x00007ffba7a20000 - 0x00007ffba7b39000 	C:\Windows\System32\gdi32full.dll
0x00007ffba7cd0000 - 0x00007ffba7d6d000 	C:\Windows\System32\msvcp_win.dll
0x00007ffba7bd0000 - 0x00007ffba7cd0000 	C:\Windows\System32\ucrtbase.dll
0x00007ffb8a020000 - 0x00007ffb8a2bb000 	C:\Windows\WinSxS\amd64_microsoft.windows.common-controls_6595b64144ccf1df_6.0.19041.6456_none_60b8a6cb71f64256\COMCTL32.dll
0x00007ffba8550000 - 0x00007ffba857f000 	C:\Windows\System32\IMM32.DLL
0x00007ffba3e20000 - 0x00007ffba3e3b000 	C:\Program Files\Java\jdk-1.8\jre\bin\vcruntime140.dll
0x00007ffba1e70000 - 0x00007ffba1e7c000 	C:\Program Files\Java\jdk-1.8\jre\bin\vcruntime140_1.dll
0x00007ffb8dfa0000 - 0x00007ffb8e02e000 	C:\Program Files\Java\jdk-1.8\jre\bin\msvcp140.dll
0x00007ffaecd00000 - 0x00007ffaed5aa000 	C:\Program Files\Java\jdk-1.8\jre\bin\server\jvm.dll
0x00007ffba8270000 - 0x00007ffba8278000 	C:\Windows\System32\PSAPI.DLL
0x00007ffba1810000 - 0x00007ffba1819000 	C:\Windows\SYSTEM32\WSOCK32.dll
0x00007ffb9d2a0000 - 0x00007ffb9d2c7000 	C:\Windows\SYSTEM32\WINMM.dll
0x00007ffba0510000 - 0x00007ffba051a000 	C:\Windows\SYSTEM32\VERSION.dll
0x00007ffba9460000 - 0x00007ffba94cb000 	C:\Windows\System32\WS2_32.dll
0x00007ffba6080000 - 0x00007ffba6092000 	C:\Windows\SYSTEM32\kernel.appcore.dll
0x00007ffb8e060000 - 0x00007ffb8e070000 	C:\Program Files\Java\jdk-1.8\jre\bin\verify.dll
0x00007ffb8df70000 - 0x00007ffb8df9b000 	C:\Program Files\Java\jdk-1.8\jre\bin\java.dll
0x00007ffb8dd40000 - 0x00007ffb8dd58000 	C:\Program Files\Java\jdk-1.8\jre\bin\zip.dll
0x00007ffba8750000 - 0x00007ffba8ec0000 	C:\Windows\System32\SHELL32.dll
0x00007ffba5450000 - 0x00007ffba5bf5000 	C:\Windows\SYSTEM32\windows.storage.dll
0x00007ffba9a10000 - 0x00007ffba9d64000 	C:\Windows\System32\combase.dll
0x00007ffba7190000 - 0x00007ffba71bb000 	C:\Windows\SYSTEM32\Wldp.dll
0x00007ffba9e50000 - 0x00007ffba9f1d000 	C:\Windows\System32\OLEAUT32.dll
0x00007ffba95d0000 - 0x00007ffba967d000 	C:\Windows\System32\SHCORE.dll
0x00007ffba98c0000 - 0x00007ffba991b000 	C:\Windows\System32\shlwapi.dll
0x00007ffba7770000 - 0x00007ffba7794000 	C:\Windows\SYSTEM32\profapi.dll
0x00007ffb8e050000 - 0x00007ffb8e05d000 	C:\Program Files\Java\jdk-1.8\jre\bin\management.dll
0x00007ffb8dbd0000 - 0x00007ffb8dbec000 	C:\Program Files\Java\jdk-1.8\jre\bin\net.dll
0x00007ffba6ef0000 - 0x00007ffba6f5a000 	C:\Windows\system32\mswsock.dll
0x00007ffb8dbb0000 - 0x00007ffb8dbc3000 	C:\Program Files\Java\jdk-1.8\jre\bin\nio.dll
0x00007ffb7d3d0000 - 0x00007ffb7d3e7000 	C:\Windows\system32\napinsp.dll
0x00007ffb7d5f0000 - 0x00007ffb7d60b000 	C:\Windows\system32\pnrpnsp.dll
0x00007ffba2300000 - 0x00007ffba231d000 	C:\Windows\system32\wshbth.dll
0x00007ffba3790000 - 0x00007ffba37ad000 	C:\Windows\system32\NLAapi.dll
0x00007ffba6bd0000 - 0x00007ffba6c0b000 	C:\Windows\SYSTEM32\IPHLPAPI.DLL
0x00007ffba6c10000 - 0x00007ffba6cda000 	C:\Windows\SYSTEM32\DNSAPI.dll
0x00007ffba86b0000 - 0x00007ffba86b8000 	C:\Windows\System32\NSI.dll
0x00007ffb7d610000 - 0x00007ffb7d622000 	C:\Windows\System32\winrnr.dll
0x00007ffb9f850000 - 0x00007ffb9f85a000 	C:\Windows\System32\rasadhlp.dll
0x00007ffb8e0a0000 - 0x00007ffb8e120000 	C:\Windows\System32\fwpuclnt.dll
0x0000000180000000 - 0x0000000180051000 	C:\Users\chuck\.gradle\caches\minecraft\net\minecraft\minecraft_natives\1.7.10\lwjgl64.dll
0x00007ffb2dac0000 - 0x00007ffb2dbe8000 	C:\Windows\SYSTEM32\OPENGL32.dll
0x00007ffb2eb10000 - 0x00007ffb2eb3c000 	C:\Windows\SYSTEM32\GLU32.dll
0x00007ffba70f0000 - 0x00007ffba7108000 	C:\Windows\SYSTEM32\CRYPTSP.dll
0x00007ffba6810000 - 0x00007ffba6848000 	C:\Windows\system32\rsaenh.dll
0x00007ffba7730000 - 0x00007ffba775e000 	C:\Windows\SYSTEM32\USERENV.dll
0x00007ffba7b40000 - 0x00007ffba7bc2000 	C:\Windows\System32\bcryptprimitives.dll
0x00007ffba70e0000 - 0x00007ffba70ec000 	C:\Windows\SYSTEM32\CRYPTBASE.dll
0x00007ffba0290000 - 0x00007ffba02a7000 	C:\Windows\SYSTEM32\dhcpcsvc6.DLL
0x00007ffba05b0000 - 0x00007ffba05cd000 	C:\Windows\SYSTEM32\dhcpcsvc.DLL
0x00007ffb52a20000 - 0x00007ffb52b9e000 	C:\Program Files\Java\jdk-1.8\jre\bin\awt.dll
0x00007ffba49d0000 - 0x00007ffba4a64000 	C:\Windows\SYSTEM32\apphelp.dll
0x00007ffb99f20000 - 0x00007ffb99fce000 	C:\Windows\SYSTEM32\mscms.dll
0x00007ffb99f00000 - 0x00007ffb99f11000 	C:\Windows\SYSTEM32\ColorAdapterClient.dll
0x00007ffba4da0000 - 0x00007ffba4e3e000 	C:\Windows\system32\uxtheme.dll
0x0000016067dc0000 - 0x000001606fe33000 	C:\Program Files (x86)\ASUS\GPUTweakIII\GTIII-OSD\x64\GTIII-OSD64-VK.dll
0x00007ffba9330000 - 0x00007ffba945b000 	C:\Windows\System32\ole32.dll
0x00007ffb2e8a0000 - 0x00007ffb2ea26000 	C:\Windows\SYSTEM32\vulkan-1.dll
0x00007ffba7d70000 - 0x00007ffba7dbe000 	C:\Windows\System32\CFGMGR32.dll
0x00007ffba96e0000 - 0x00007ffba97f5000 	C:\Windows\System32\MSCTF.dll
0x00007ffba9d70000 - 0x00007ffba9e19000 	C:\Windows\System32\clbcatq.dll
0x00007ffb28ad0000 - 0x00007ffb2b424000 	C:\Windows\System32\DriverStore\FileRepository\nv_dispi.inf_amd64_20ae8f14a487d5db\nvoglv64.dll
0x00007ffba8ec0000 - 0x00007ffba9330000 	C:\Windows\System32\SETUPAPI.dll
0x00007ffba1260000 - 0x00007ffba1274000 	C:\Windows\SYSTEM32\WTSAPI32.dll
0x00007ffba7320000 - 0x00007ffba7332000 	C:\Windows\SYSTEM32\msasn1.dll
0x00007ffba04d0000 - 0x00007ffba0501000 	C:\Windows\SYSTEM32\cryptnet.dll
0x00007ffba7840000 - 0x00007ffba799d000 	C:\Windows\System32\CRYPT32.dll
0x00007ffba0320000 - 0x00007ffba0467000 	C:\Windows\SYSTEM32\drvstore.dll
0x00007ffba7510000 - 0x00007ffba7543000 	C:\Windows\SYSTEM32\devobj.dll
0x00007ffba79a0000 - 0x00007ffba7a13000 	C:\Windows\System32\WINTRUST.dll
0x00007ffba6a60000 - 0x00007ffba6a93000 	C:\Windows\SYSTEM32\ntmarta.dll
0x00007ffba8250000 - 0x00007ffba826d000 	C:\Windows\System32\imagehlp.dll
0x00007ffb944a0000 - 0x00007ffb98234000 	C:\Windows\System32\DriverStore\FileRepository\nv_dispi.inf_amd64_20ae8f14a487d5db\nvgpucomp64.dll
0x00007ffb98240000 - 0x00007ffb9827b000 	C:\Windows\SYSTEM32\dxcore.dll
0x00007ffb32210000 - 0x00007ffb32357000 	C:\Windows\system32\nvspcap64.dll
0x00007ffba5160000 - 0x00007ffba518e000 	C:\Windows\SYSTEM32\dwmapi.dll
0x00007ffb9b9e0000 - 0x00007ffb9bad9000 	C:\Windows\SYSTEM32\textinputframework.dll
0x00007ffba4490000 - 0x00007ffba47eb000 	C:\Windows\System32\CoreUIComponents.dll
0x00007ffba47f0000 - 0x00007ffba48e2000 	C:\Windows\System32\CoreMessaging.dll
0x00007ffba4330000 - 0x00007ffba4487000 	C:\Windows\SYSTEM32\wintypes.dll
0x00007ffb790f0000 - 0x00007ffb79135000 	C:\Windows\SYSTEM32\icm32.dll
0x00007ffba76a0000 - 0x00007ffba76eb000 	C:\Windows\SYSTEM32\powrprof.dll
0x00007ffba7680000 - 0x00007ffba7692000 	C:\Windows\SYSTEM32\UMPDC.dll
0x00007ffba7560000 - 0x00007ffba75c3000 	C:\Windows\SYSTEM32\WINSTA.dll
0x0000000070a40000 - 0x0000000070adc000 	C:\Users\chuck\.gradle\caches\minecraft\net\minecraft\minecraft_natives\1.7.10\avutil-ttv-51.dll
0x0000000065980000 - 0x00000000659d6000 	C:\Users\chuck\.gradle\caches\minecraft\net\minecraft\minecraft_natives\1.7.10\swresample-ttv-0.dll
0x000000006eb80000 - 0x000000006ec50000 	C:\Users\chuck\.gradle\caches\minecraft\net\minecraft\minecraft_natives\1.7.10\libmp3lame-ttv.dll
0x00007ffae7470000 - 0x00007ffae8814000 	C:\Users\chuck\.gradle\caches\minecraft\net\minecraft\minecraft_natives\1.7.10\libmfxsw64.dll
0x00007ffb512b0000 - 0x00007ffb513db000 	C:\Users\chuck\.gradle\caches\minecraft\net\minecraft\minecraft_natives\1.7.10\twitchsdk.dll
0x00007ffb8ad40000 - 0x00007ffb8b216000 	C:\Windows\SYSTEM32\WININET.dll
0x0000016000000000 - 0x0000016008187000 	C:\Program Files (x86)\ASUS\GPUTweakIII\GTIII-OSD\x64\GTIII-OSD64.dll
0x00007ffb2d850000 - 0x00007ffb2dab3000 	C:\Windows\SYSTEM32\d3dx9_43.dll
0x00007ffb876a0000 - 0x00007ffb876c5000 	C:\Windows\SYSTEM32\d3d12.dll
0x00007ffb2eb40000 - 0x00007ffb2eb71000 	C:\Windows\SYSTEM32\d3d10_1.dll
0x00007ffba28a0000 - 0x00007ffba2cfd000 	C:\Windows\SYSTEM32\D3DCOMPILER_47.dll
0x00007ffb2fa50000 - 0x00007ffb2fa5d000 	C:\Windows\SYSTEM32\d3d10_1core.dll
0x00007ffba2e60000 - 0x00007ffba30c4000 	C:\Windows\SYSTEM32\d3d11.dll
0x00007ffba60c0000 - 0x00007ffba61b6000 	C:\Windows\SYSTEM32\dxgi.dll
0x00007ffb73500000 - 0x00007ffb736d1000 	C:\Windows\SYSTEM32\d3d9.dll
0x000001601c230000 - 0x0000016024281000 	C:\Program Files (x86)\ASUS\GPUTweakIII\GTIII-OSD\x64\GTIII-OSD64-GL.dll
0x0000000055f40000 - 0x0000000055fa3000 	C:\Program Files (x86)\ASUS\GPUTweakIII\GTIII-OSD\x64\glew32.dll
0x00007ffb8bd50000 - 0x00007ffb8bdfc000 	C:\Windows\SYSTEM32\TextShaping.dll
0x000001600bde0000 - 0x000001600be44000 	C:\Users\chuck\.gradle\caches\minecraft\net\minecraft\minecraft_natives\1.7.10\OpenAL64.dll
0x00007ffba0df0000 - 0x00007ffba0e75000 	C:\Windows\System32\MMDevApi.dll
0x00007ffb6c200000 - 0x00007ffb6c29c000 	C:\Windows\SYSTEM32\dsound.dll
0x00007ffb8b400000 - 0x00007ffb8b426000 	C:\Windows\SYSTEM32\winmmbase.dll
0x00007ffba10c0000 - 0x00007ffba1241000 	C:\Windows\SYSTEM32\AUDIOSES.DLL
0x00007ffba4d80000 - 0x00007ffba4d94000 	C:\Windows\SYSTEM32\resourcepolicyclient.dll
0x00007ffb8a9b0000 - 0x00007ffb8a9e4000 	C:\Program Files\Java\jdk-1.8\jre\bin\jpeg.dll
0x00007ffb8aab0000 - 0x00007ffb8aad5000 	C:\Program Files\Java\jdk-1.8\jre\bin\sunec.dll
0x00007ffb8aaa0000 - 0x00007ffb8aaae000 	C:\Program Files\Java\jdk-1.8\jre\bin\sunmscapi.dll
0x00007ffba7200000 - 0x00007ffba7227000 	C:\Windows\SYSTEM32\ncrypt.dll
0x00007ffba71c0000 - 0x00007ffba71fb000 	C:\Windows\SYSTEM32\NTASN1.dll
0x00007ffba5cc0000 - 0x00007ffba5ec1000 	C:\Windows\SYSTEM32\dbghelp.dll

VM Arguments:
jvm_args: -Dfile.encoding=UTF-8 -Duser.country=US -Duser.language=en -Duser.variant 
java_command: GradleStart
java_class_path (initial): C:\Users\chuck\.gradle\caches\minecraft\net\minecraftforge\forge\1.7.10-10.13.4.1614-1.7.10\start;C:\Users\chuck\.gradle\caches\minecraft\net\minecraftforge\forge\1.7.10-10.13.4.1614-1.7.10\forgeSrc-1.7.10-10.13.4.1614-1.7.10.jar;C:\Users\chuck\.gradle\caches\modules-2\files-2.1\net.minecraft\launchwrapper\1.12\111e7bea9c968cdb3d06ef4632bf7ff0824d0f36\launchwrapper-1.12.jar;C:\Users\chuck\.gradle\caches\modules-2\files-2.1\com.google.code.findbugs\jsr305\1.3.9\40719ea6961c0cb6afaeb6a921eaa1f6afd4cfdf\jsr305-1.3.9.jar;C:\Users\chuck\.gradle\caches\modules-2\files-2.1\org.ow2.asm\asm-debug-all\5.0.3\f9e364ae2a66ce2a543012a4668856e84e5dab74\asm-debug-all-5.0.3.jar;C:\Users\chuck\.gradle\caches\modules-2\files-2.1\com.typesafe.akka\akka-actor_2.11\2.3.3\ed62e9fc709ca0f2ff1a3220daa8b70a2870078e\akka-actor_2.11-2.3.3.jar;C:\Users\chuck\.gradle\caches\modules-2\files-2.1\com.typesafe\config\1.2.1\f771f71fdae3df231bcd54d5ca2d57f0bf93f467\config-1.2.1.jar;C:\Users\chuck\.gradle\caches\modules-2\files-2.1\org.scala-lang\scala-actors-migration_2.11\1.1.0\dfa8bc42b181d5b9f1a5dd147f8ae308b893eb6f\scala-actors-migration_2.11-1.1.0.jar;C:\Users\chuck\.gradle\caches\modules-2\files-2.1\org.scala-lang.plugins\scala-continuations-plugin_2.11.1\1.0.2\f361a3283452c57fa30c1ee69448995de23c60f7\scala-continuations-plugin_2.11.1-1.0.2.jar;C:\Users\chuck\.gradle\caches\modules-2\files-2.1\org.scala-lang\scala-compiler\2.11.1\56ea2e6c025e0821f28d73ca271218b8dd04926a\scala-compiler-2.11.1.jar;C:\Users\chuck\.gradle\caches\modules-2\files-2.1\org.scala-lang.plugins\scala-continuations-library_2.11\1.0.2\e517c53a7e9acd6b1668c5a35eccbaa3bab9aac\scala-continuations-library_2.11-1.0.2.jar;C:\Users\chuck\.gradle\caches\modules-2\files-2.1\org.scala-lang\scala-reflect\2.11.1\6580347e61cc7f8e802941e7fde40fa83b8badeb\scala-reflect-2.11.1.jar;C:\Users\chuck\.gradle\caches\modules-2\files-2.1\org.scala-lang\scala-actors\2.11.0\8ccfb6541de179bb1c4d45cf414acee069b7f78b\scala-a
Launcher Type: SUN_STANDARD

Environment Variables:
PATH=C:\Program Files\Eclipse Adoptium\jdk-8.0.462.8-hotspot\bin;C:\Program Files\Common Files\Oracle\Java\javapath;C:\Program Files (x86)\Common Files\Oracle\Java\java8path;C:\Program Files (x86)\Common Files\Oracle\Java\javapath;C:\Program Files (x86)\Razer Chroma SDK\bin;C:\Program Files\Razer Chroma SDK\bin;C:\Program Files (x86)\Razer\ChromaBroadcast\bin;C:\Program Files\Razer\ChromaBroadcast\bin;C:\Windows\system32;C:\Windows;C:\Windows\System32\Wbem;C:\Windows\System32\WindowsPowerShell\v1.0\;C:\Windows\System32\OpenSSH\;C:\Program Files (x86)\NVIDIA Corporation\PhysX\Common;C:\Windows\system32\config\systemprofile\AppData\Local\Microsoft\WindowsApps;C:\Program Files\dotnet\;C:\Program Files (x86)\Windows Live\Shared;C:\Program Files\Git\cmd;C:\Program Files\WorldPainter;C:\Program Files\NVIDIA Corporation\NVIDIA app\NvDLISR;C:\Users\chuck\AppData\Local\Microsoft\WindowsApps;;C:\Program Files\JetBrains\IntelliJ IDEA 2024.2.0.1\bin;
USERNAME=chuck
OS=Windows_NT
PROCESSOR_IDENTIFIER=Intel64 Family 6 Model 158 Stepping 13, GenuineIntel



---------------  S Y S T E M  ---------------

OS: Windows 10 , 64 bit Build 19041 (10.0.19041.5915)

CPU:total 16 (initial active 16) (8 cores per cpu, 2 threads per core) family 6 model 158 stepping 13, cmov, cx8, fxsr, mmx, sse, sse2, sse3, ssse3, sse4.1, sse4.2, popcnt, avx, avx2, aes, clmul, erms, 3dnowpref, lzcnt, ht, tsc, tscinvbit, bmi1, bmi2, adx

Memory: 4k page, physical 67022948k(44946036k free), swap 71217252k(38415724k free)

vm_info: Java HotSpot(TM) 64-Bit Server VM (25.471-b09) for windows-amd64 JRE (1.8.0_471-b09), built on Sep 26 2025 05:08:27 by "java_re" with MS VC++ 17.6 (VS2022)

time: Wed Nov 19 22:58:07 2025
timezone: Eastern Standard Time
elapsed time: 358.010675 seconds (0d 0h 5m 58s)

