#
# A fatal error has been detected by the Java Runtime Environment:
#
#  EXCEPTION_ACCESS_VIOLATION (0xc0000005) at pc=0x00007ffe5df182e9, pid=564, tid=0x0000000000005ee0
#
# JRE version: Java(TM) SE Runtime Environment (8.0_471) (build 1.8.0_471-b09)
# Java VM: Java HotSpot(TM) 64-Bit Server VM (25.471-b09 mixed mode windows-amd64 compressed oops)
# Problematic frame:
# C  [nvoglv64.dll+0x8682e9]
#
# Failed to write core dump. Minidumps are not enabled by default on client versions of Windows
#
# If you would like to submit a bug report, please visit:
#   https://bugreport.java.com/bugreport/crash.jsp
#

---------------  T H R E A D  ---------------

Current thread (0x000001c837855000):  VMThread [stack: 0x000000832bb00000,0x000000832bc00000] [id=24288]

siginfo: ExceptionCode=0xc0000005, reading address 0x0000000000001238

Registers:
RAX=0x0000000000000000, RBX=0x000001c83d5ea6d0, RCX=0x0000000000000004, RDX=0x0000000000000000
RSP=0x000000832bbff4e8, RBP=0x0000000000000000, RSI=0x0000000000000000, RDI=0x000001c83d5ea6d0
R8 =0x0000000000000000, R9 =0x000001c85b079060, R10=0x000001c800960000, R11=0x000000832bbff4f0
R12=0x000001c86ac00000, R13=0x000001c86ad33820, R14=0x0000000000000000, R15=0x0000000000000000
RIP=0x00007ffe5df182e9, EFLAGS=0x0000000000010202

Top of Stack: (sp=0x000000832bbff4e8)
0x000000832bbff4e8:   000001c86ac0bbf1 0000000000000000
0x000000832bbff4f8:   0000000000000000 000001c86ad33820
0x000000832bbff508:   000001c86ac00000 fffffffffffffffe
0x000000832bbff518:   00007fff143b47b1 000001c85b079158
0x000000832bbff528:   000001c86ac08281 0000000000000000
0x000000832bbff538:   0000000000000000 0000000000000000
0x000000832bbff548:   0000008300000000 000001c85b079158
0x000000832bbff558:   000001c86ac07c71 000001c85b079060
0x000000832bbff568:   0000000000000000 000001c83e43d6d0
0x000000832bbff578:   00007fff143b5ba1 000001c86ad33840
0x000000832bbff588:   000001c86ac4ac0d 0000000000000040
0x000000832bbff598:   00007fff00000000 000000832bbff6d8
0x000000832bbff5a8:   000001c800960000 000001c86ac00000
0x000000832bbff5b8:   000001c837641f58 000001c86ac93f4c
0x000000832bbff5c8:   0000000000000001 0000000000000001
0x000000832bbff5d8:   000001c86ac0a083 0000000000000000 

Instructions: (pc=0x00007ffe5df182e9)
0x00007ffe5df182c9:   af af af af af af af c3 cc cc cc cc cc cc cc cc
0x00007ffe5df182d9:   cc cc cc cc cc cc cc 65 48 8b 04 25 30 16 00 00
0x00007ffe5df182e9:   ff a0 38 12 00 00 cc cc cc cc cc cc cc cc cc cc
0x00007ffe5df182f9:   cc cc cc cc cc cc cc cc cc cc cc cc cc cc cc cc 


Register to memory mapping:

RAX=0x0000000000000000 is an unknown value
RBX=0x000001c83d5ea6d0 is an unknown value
RCX=0x0000000000000004 is an unknown value
RDX=0x0000000000000000 is an unknown value
RSP=0x000000832bbff4e8 is an unknown value
RBP=0x0000000000000000 is an unknown value
RSI=0x0000000000000000 is an unknown value
RDI=0x000001c83d5ea6d0 is an unknown value
R8 =0x0000000000000000 is an unknown value
R9 =0x000001c85b079060 is an unknown value
R10=0x000001c800960000 is an unknown value
R11=0x000000832bbff4f0 is an unknown value
R12=0x000001c86ac00000 is an unknown value
R13=0x000001c86ad33820 is an unknown value
R14=0x0000000000000000 is an unknown value
R15=0x0000000000000000 is an unknown value


Stack: [0x000000832bb00000,0x000000832bc00000],  sp=0x000000832bbff4e8,  free space=1021k
Native frames: (J=compiled Java code, j=interpreted, Vv=VM code, C=native code)

VM_Operation (0x000000832adfe1f0): Exit, mode: safepoint, requested by thread 0x000001c8009ac000


---------------  P R O C E S S  ---------------

Java Threads: ( => current thread )
  0x000001c83ba19000 JavaThread "File IO Thread" [_thread_blocked, id=22804, stack(0x000000832e300000,0x000000832e400000)]
  0x000001c83ba18000 JavaThread "pool-2-thread-1" [_thread_blocked, id=24264, stack(0x000000832e200000,0x000000832e300000)]
  0x000001c83ba17000 JavaThread "Netty IO #1" daemon [_thread_in_native, id=6196, stack(0x000000832e100000,0x000000832e200000)]
  0x000001c83ba0c800 JavaThread "Netty Client IO #0" daemon [_thread_in_native, id=24404, stack(0x000000832e000000,0x000000832e100000)]
  0x000001c83ba13800 JavaThread "Netty IO #0" daemon [_thread_in_native, id=24204, stack(0x000000832da00000,0x000000832db00000)]
  0x000001c841407000 JavaThread "LWJGL Timer" daemon [_thread_blocked, id=21040, stack(0x000000832d900000,0x000000832da00000)]
  0x000001c83b084800 JavaThread "Java2D Disposer" daemon [_thread_blocked, id=22360, stack(0x000000832d000000,0x000000832d100000)]
  0x000001c8412e6000 JavaThread "Timer hack thread" daemon [_thread_blocked, id=9876, stack(0x000000832cf00000,0x000000832d000000)]
  0x000001c83db87800 JavaThread "Snooper Timer" daemon [_thread_blocked, id=10864, stack(0x000000832ce00000,0x000000832cf00000)]
  0x000001c83a66c000 JavaThread "Service Thread" daemon [_thread_blocked, id=23808, stack(0x000000832cc00000,0x000000832cd00000)]
  0x000001c83a5b5800 JavaThread "C1 CompilerThread11" daemon [_thread_blocked, id=19596, stack(0x000000832cb00000,0x000000832cc00000)]
  0x000001c83a5b5000 JavaThread "C1 CompilerThread10" daemon [_thread_blocked, id=18376, stack(0x000000832ca00000,0x000000832cb00000)]
  0x000001c83a5bc000 JavaThread "C1 CompilerThread9" daemon [_thread_blocked, id=16008, stack(0x000000832c900000,0x000000832ca00000)]
  0x000001c83a5ba800 JavaThread "C1 CompilerThread8" daemon [_thread_blocked, id=24024, stack(0x000000832c800000,0x000000832c900000)]
  0x000001c83a5b9000 JavaThread "C2 CompilerThread7" daemon [_thread_blocked, id=16464, stack(0x000000832c700000,0x000000832c800000)]
  0x000001c83a5b6800 JavaThread "C2 CompilerThread6" daemon [_thread_blocked, id=4208, stack(0x000000832c600000,0x000000832c700000)]
  0x000001c83a5bb000 JavaThread "C2 CompilerThread5" daemon [_thread_blocked, id=12704, stack(0x000000832c500000,0x000000832c600000)]
  0x000001c83a586000 JavaThread "C2 CompilerThread4" daemon [_thread_blocked, id=21892, stack(0x000000832c400000,0x000000832c500000)]
  0x000001c83a57b000 JavaThread "C2 CompilerThread3" daemon [_thread_blocked, id=23616, stack(0x000000832c300000,0x000000832c400000)]
  0x000001c83a56e000 JavaThread "C2 CompilerThread2" daemon [_thread_blocked, id=18032, stack(0x000000832c200000,0x000000832c300000)]
  0x000001c83a563000 JavaThread "C2 CompilerThread1" daemon [_thread_blocked, id=7620, stack(0x000000832c100000,0x000000832c200000)]
  0x000001c83a561000 JavaThread "C2 CompilerThread0" daemon [_thread_blocked, id=10204, stack(0x000000832c000000,0x000000832c100000)]
  0x000001c83a55e000 JavaThread "Attach Listener" daemon [_thread_blocked, id=14732, stack(0x000000832bf00000,0x000000832c000000)]
  0x000001c83a55b800 JavaThread "Signal Dispatcher" daemon [_thread_blocked, id=4116, stack(0x000000832be00000,0x000000832bf00000)]
  0x000001c837867000 JavaThread "Finalizer" daemon [_thread_blocked, id=8116, stack(0x000000832bd00000,0x000000832be00000)]
  0x000001c83a540800 JavaThread "Reference Handler" daemon [_thread_blocked, id=19296, stack(0x000000832bc00000,0x000000832bd00000)]
  0x000001c8009ac000 JavaThread "Client thread" [_thread_blocked, id=4304, stack(0x000000832ad00000,0x000000832ae00000)]

Other Threads:
=>0x000001c837855000 VMThread [stack: 0x000000832bb00000,0x000000832bc00000] [id=24288]

VM state:at safepoint (shutting down)

VM Mutex/Monitor currently owned by a thread:  ([mutex/lock_event])
[0x000001c8009a6060] Threads_lock - owner thread: 0x000001c837855000

heap address: 0x00000003c1400000, size: 16364 MB, Compressed Oops mode: Zero based, Oop shift amount: 3
Narrow klass base: 0x0000000000000000, Narrow klass shift: 3
Compressed class space size: 1073741824 Address: 0x00000007c0000000

Heap:
 PSYoungGen      total 650752K, used 83230K [0x000000066b180000, 0x00000006a1b00000, 0x00000007c0000000)
  eden space 562176K, 13% used [0x000000066b180000,0x000000066fcb5c40,0x000000068d680000)
  from space 88576K, 7% used [0x000000068d680000,0x000000068dc91c38,0x0000000692d00000)
  to   space 89088K, 0% used [0x000000069c400000,0x000000069c400000,0x00000006a1b00000)
 ParOldGen       total 429056K, used 165585K [0x00000003c1400000, 0x00000003db700000, 0x000000066b180000)
  object space 429056K, 38% used [0x00000003c1400000,0x00000003cb5b4470,0x00000003db700000)
 Metaspace       used 43152K, capacity 43619K, committed 44160K, reserved 1087488K
  class space    used 4992K, capacity 5126K, committed 5248K, reserved 1048576K

Card table byte_map: [0x000001c8118c0000,0x000001c8138c0000] byte_map_base: 0x000001c80fab6000

Marking Bits: (ParMarkBitMap*) 0x00007ffe6589a3e0
 Begin Bits: [0x000001c814e10000, 0x000001c824dc0000)
 End Bits:   [0x000001c824dc0000, 0x000001c834d70000)

Polling page: 0x000001c800930000

CodeCache: size=245760Kb used=32128Kb max_used=32140Kb free=213631Kb
 bounds [0x000001c802500000, 0x000001c8044a0000, 0x000001c811500000]
 total_blobs=8176 nmethods=7326 adapters=755
 compilation: enabled

Compilation events (10 events):
Event: 33.755 Thread 0x000001c83a563000 nmethod 9913 0x000001c80448bcd0 code [0x000001c80448be20, 0x000001c80448bf38]
Event: 33.792 Thread 0x000001c83a5ba800 9914       3       java.util.Arrays::fill (21 bytes)
Event: 33.792 Thread 0x000001c83a561000 9915       4       com.google.common.collect.HashBiMap::containsKey (18 bytes)
Event: 33.792 Thread 0x000001c83a5b6800 9916       4       cpw.mods.fml.common.functions.TypeCastFunction::apply (9 bytes)
Event: 33.792 Thread 0x000001c83a57b000 9917       4       net.minecraft.util.ObjectIntIdentityMap::func_148746_a (53 bytes)
Event: 33.792 Thread 0x000001c83a5ba800 nmethod 9914 0x000001c80448b710 code [0x000001c80448b880, 0x000001c80448bb98]
Event: 33.792 Thread 0x000001c83a5ba800 9918  s    3       java.lang.Throwable::getOurStackTrace (80 bytes)
Event: 33.793 Thread 0x000001c83a5b6800 nmethod 9916 0x000001c80448b3d0 code [0x000001c80448b500, 0x000001c80448b5f8]
Event: 33.793 Thread 0x000001c83a5ba800 nmethod 9918 0x000001c80448ea50 code [0x000001c80448ec00, 0x000001c80448f480]
Event: 33.794 Thread 0x000001c83a561000 nmethod 9915 0x000001c80448acd0 code [0x000001c80448ae20, 0x000001c80448b138]

GC Heap History (10 events):
Event: 14.338 GC heap before
{Heap before GC invocations=14 (full 4):
 PSYoungGen      total 643584K, used 0K [0x000000066b180000, 0x0000000697e80000, 0x00000007c0000000)
  eden space 559104K, 0% used [0x000000066b180000,0x000000066b180000,0x000000068d380000)
  from space 84480K, 0% used [0x0000000692800000,0x0000000692800000,0x0000000697a80000)
  to   space 86528K, 0% used [0x000000068d380000,0x000000068d380000,0x0000000692800000)
 ParOldGen       total 429056K, used 68725K [0x00000003c1400000, 0x00000003db700000, 0x000000066b180000)
  object space 429056K, 16% used [0x00000003c1400000,0x00000003c571d6e8,0x00000003db700000)
 Metaspace       used 31140K, capacity 31413K, committed 31616K, reserved 1077248K
  class space    used 3785K, capacity 3899K, committed 3968K, reserved 1048576K
Event: 14.360 GC heap after
Heap after GC invocations=14 (full 4):
 PSYoungGen      total 643584K, used 0K [0x000000066b180000, 0x0000000697e80000, 0x00000007c0000000)
  eden space 559104K, 0% used [0x000000066b180000,0x000000066b180000,0x000000068d380000)
  from space 84480K, 0% used [0x0000000692800000,0x0000000692800000,0x0000000697a80000)
  to   space 86528K, 0% used [0x000000068d380000,0x000000068d380000,0x0000000692800000)
 ParOldGen       total 429056K, used 68725K [0x00000003c1400000, 0x00000003db700000, 0x000000066b180000)
  object space 429056K, 16% used [0x00000003c1400000,0x00000003c571d6e8,0x00000003db700000)
 Metaspace       used 31140K, capacity 31413K, committed 31616K, reserved 1077248K
  class space    used 3785K, capacity 3899K, committed 3968K, reserved 1048576K
}
Event: 15.660 GC heap before
{Heap before GC invocations=15 (full 4):
 PSYoungGen      total 643584K, used 397110K [0x000000066b180000, 0x0000000697e80000, 0x00000007c0000000)
  eden space 559104K, 71% used [0x000000066b180000,0x000000068354d960,0x000000068d380000)
  from space 84480K, 0% used [0x0000000692800000,0x0000000692800000,0x0000000697a80000)
  to   space 86528K, 0% used [0x000000068d380000,0x000000068d380000,0x0000000692800000)
 ParOldGen       total 429056K, used 68725K [0x00000003c1400000, 0x00000003db700000, 0x000000066b180000)
  object space 429056K, 16% used [0x00000003c1400000,0x00000003c571d6e8,0x00000003db700000)
 Metaspace       used 36449K, capacity 36829K, committed 37120K, reserved 1081344K
  class space    used 4376K, capacity 4519K, committed 4608K, reserved 1048576K
Event: 15.670 GC heap after
Heap after GC invocations=15 (full 4):
 PSYoungGen      total 645632K, used 57634K [0x000000066b180000, 0x0000000698480000, 0x00000007c0000000)
  eden space 559104K, 0% used [0x000000066b180000,0x000000066b180000,0x000000068d380000)
  from space 86528K, 66% used [0x000000068d380000,0x0000000690bc8830,0x0000000692800000)
  to   space 89600K, 0% used [0x0000000692d00000,0x0000000692d00000,0x0000000698480000)
 ParOldGen       total 429056K, used 68733K [0x00000003c1400000, 0x00000003db700000, 0x000000066b180000)
  object space 429056K, 16% used [0x00000003c1400000,0x00000003c571f6e8,0x00000003db700000)
 Metaspace       used 36449K, capacity 36829K, committed 37120K, reserved 1081344K
  class space    used 4376K, capacity 4519K, committed 4608K, reserved 1048576K
}
Event: 15.670 GC heap before
{Heap before GC invocations=16 (full 5):
 PSYoungGen      total 645632K, used 57634K [0x000000066b180000, 0x0000000698480000, 0x00000007c0000000)
  eden space 559104K, 0% used [0x000000066b180000,0x000000066b180000,0x000000068d380000)
  from space 86528K, 66% used [0x000000068d380000,0x0000000690bc8830,0x0000000692800000)
  to   space 89600K, 0% used [0x0000000692d00000,0x0000000692d00000,0x0000000698480000)
 ParOldGen       total 429056K, used 68733K [0x00000003c1400000, 0x00000003db700000, 0x000000066b180000)
  object space 429056K, 16% used [0x00000003c1400000,0x00000003c571f6e8,0x00000003db700000)
 Metaspace       used 36449K, capacity 36829K, committed 37120K, reserved 1081344K
  class space    used 4376K, capacity 4519K, committed 4608K, reserved 1048576K
Event: 15.746 GC heap after
Heap after GC invocations=16 (full 5):
 PSYoungGen      total 645632K, used 0K [0x000000066b180000, 0x0000000698480000, 0x00000007c0000000)
  eden space 559104K, 0% used [0x000000066b180000,0x000000066b180000,0x000000068d380000)
  from space 86528K, 0% used [0x000000068d380000,0x000000068d380000,0x0000000692800000)
  to   space 89600K, 0% used [0x0000000692d00000,0x0000000692d00000,0x0000000698480000)
 ParOldGen       total 429056K, used 116054K [0x00000003c1400000, 0x00000003db700000, 0x000000066b180000)
  object space 429056K, 27% used [0x00000003c1400000,0x00000003c8555938,0x00000003db700000)
 Metaspace       used 36449K, capacity 36829K, committed 37120K, reserved 1081344K
  class space    used 4376K, capacity 4519K, committed 4608K, reserved 1048576K
}
Event: 21.969 GC heap before
{Heap before GC invocations=17 (full 5):
 PSYoungGen      total 645632K, used 559104K [0x000000066b180000, 0x0000000698480000, 0x00000007c0000000)
  eden space 559104K, 100% used [0x000000066b180000,0x000000068d380000,0x000000068d380000)
  from space 86528K, 0% used [0x000000068d380000,0x000000068d380000,0x0000000692800000)
  to   space 89600K, 0% used [0x0000000692d00000,0x0000000692d00000,0x0000000698480000)
 ParOldGen       total 429056K, used 116054K [0x00000003c1400000, 0x00000003db700000, 0x000000066b180000)
  object space 429056K, 27% used [0x00000003c1400000,0x00000003c8555938,0x00000003db700000)
 Metaspace       used 42788K, capacity 43203K, committed 43520K, reserved 1087488K
  class space    used 4973K, capacity 5094K, committed 5120K, reserved 1048576K
Event: 21.976 GC heap after
Heap after GC invocations=17 (full 5):
 PSYoungGen      total 651776K, used 47978K [0x000000066b180000, 0x00000006a9a80000, 0x00000007c0000000)
  eden space 562176K, 0% used [0x000000066b180000,0x000000066b180000,0x000000068d680000)
  from space 89600K, 53% used [0x0000000692d00000,0x0000000695bda938,0x0000000698480000)
  to   space 88576K, 0% used [0x000000068d680000,0x000000068d680000,0x0000000692d00000)
 ParOldGen       total 429056K, used 116070K [0x00000003c1400000, 0x00000003db700000, 0x000000066b180000)
  object space 429056K, 27% used [0x00000003c1400000,0x00000003c8559938,0x00000003db700000)
 Metaspace       used 42788K, capacity 43203K, committed 43520K, reserved 1087488K
  class space    used 4973K, capacity 5094K, committed 5120K, reserved 1048576K
}
Event: 32.196 GC heap before
{Heap before GC invocations=18 (full 5):
 PSYoungGen      total 651776K, used 610154K [0x000000066b180000, 0x00000006a9a80000, 0x00000007c0000000)
  eden space 562176K, 100% used [0x000000066b180000,0x000000068d680000,0x000000068d680000)
  from space 89600K, 53% used [0x0000000692d00000,0x0000000695bda938,0x0000000698480000)
  to   space 88576K, 0% used [0x000000068d680000,0x000000068d680000,0x0000000692d00000)
 ParOldGen       total 429056K, used 116070K [0x00000003c1400000, 0x00000003db700000, 0x000000066b180000)
  object space 429056K, 27% used [0x00000003c1400000,0x00000003c8559938,0x00000003db700000)
 Metaspace       used 43080K, capacity 43523K, committed 43776K, reserved 1087488K
  class space    used 4982K, capacity 5094K, committed 5120K, reserved 1048576K
Event: 32.209 GC heap after
Heap after GC invocations=18 (full 5):
 PSYoungGen      total 650752K, used 6215K [0x000000066b180000, 0x00000006a1b00000, 0x00000007c0000000)
  eden space 562176K, 0% used [0x000000066b180000,0x000000066b180000,0x000000068d680000)
  from space 88576K, 7% used [0x000000068d680000,0x000000068dc91c38,0x0000000692d00000)
  to   space 89088K, 0% used [0x000000069c400000,0x000000069c400000,0x00000006a1b00000)
 ParOldGen       total 429056K, used 165585K [0x00000003c1400000, 0x00000003db700000, 0x000000066b180000)
  object space 429056K, 38% used [0x00000003c1400000,0x00000003cb5b4470,0x00000003db700000)
 Metaspace       used 43080K, capacity 43523K, committed 43776K, reserved 1087488K
  class space    used 4982K, capacity 5094K, committed 5120K, reserved 1048576K
}

Deoptimization events (10 events):
Event: 33.498 Thread 0x000001c83ba0c800 Uncommon trap: reason=unstable_if action=reinterpret pc=0x000001c802cc8294 method=io.netty.channel.local.LocalChannel.isOpen()Z @ 5
Event: 33.498 Thread 0x000001c83ba0c800 Uncommon trap: reason=unstable_if action=reinterpret pc=0x000001c803b27c40 method=io.netty.channel.local.LocalChannel.isActive()Z @ 5
Event: 33.517 Thread 0x000001c83ba12000 Uncommon trap: reason=class_check action=maybe_recompile pc=0x000001c802f35894 method=java.util.concurrent.ConcurrentHashMap.putVal(Ljava/lang/Object;Ljava/lang/Object;Z)Ljava/lang/Object; @ 192
Event: 33.518 Thread 0x000001c83ba12000 Uncommon trap: reason=class_check action=maybe_recompile pc=0x000001c802f35894 method=java.util.concurrent.ConcurrentHashMap.putVal(Ljava/lang/Object;Ljava/lang/Object;Z)Ljava/lang/Object; @ 192
Event: 33.518 Thread 0x000001c83ba12000 Uncommon trap: reason=class_check action=maybe_recompile pc=0x000001c802f35894 method=java.util.concurrent.ConcurrentHashMap.putVal(Ljava/lang/Object;Ljava/lang/Object;Z)Ljava/lang/Object; @ 192
Event: 33.518 Thread 0x000001c83ba12000 Uncommon trap: reason=class_check action=maybe_recompile pc=0x000001c802f35894 method=java.util.concurrent.ConcurrentHashMap.putVal(Ljava/lang/Object;Ljava/lang/Object;Z)Ljava/lang/Object; @ 192
Event: 33.718 Thread 0x000001c8009ac000 Uncommon trap: reason=unstable_if action=reinterpret pc=0x000001c802c68ed8 method=cpw.mods.fml.relauncher.FMLSecurityManager.checkPermission(Ljava/security/Permission;)V @ 23
Event: 33.733 Thread 0x000001c83f4d0800 Uncommon trap: reason=unstable_if action=reinterpret pc=0x000001c803c3c9f4 method=com.google.common.collect.MapMakerInternalMap$Segment.getEntry(Ljava/lang/Object;I)Lcom/google/common/collect/MapMakerInternalMap$ReferenceEntry; @ 4
Event: 33.733 Thread 0x000001c83f4d0800 Uncommon trap: reason=unstable_if action=reinterpret pc=0x000001c803b9acf0 method=com.google.common.collect.MapMakerInternalMap$Segment.getEntry(Ljava/lang/Object;I)Lcom/google/common/collect/MapMakerInternalMap$ReferenceEntry; @ 4
Event: 33.733 Thread 0x000001c83f4d0800 Uncommon trap: reason=unstable_if action=reinterpret pc=0x000001c80286eda8 method=com.google.common.collect.MapMakerInternalMap$Segment.getEntry(Ljava/lang/Object;I)Lcom/google/common/collect/MapMakerInternalMap$ReferenceEntry; @ 4

Classes redefined (0 events):
No events

Internal exceptions (10 events):
Event: 33.353 Thread 0x000001c83ba0d800 Exception <a 'java/lang/InterruptedException': sleep interrupted> (0x000000066b942ad8) thrown at [C:\jenkins\workspace\8-2-build-windows-x64-cygwin-sans-NAS\jdk8u471\2292\hotspot\src\share\vm\prims\jvm.cpp, line 3359]
Event: 33.362 Thread 0x000001c83ba0d800 Exception <a 'java/lang/InterruptedException': sleep interrupted> (0x000000066b942d30) thrown at [C:\jenkins\workspace\8-2-build-windows-x64-cygwin-sans-NAS\jdk8u471\2292\hotspot\src\share\vm\prims\jvm.cpp, line 3359]
Event: 33.370 Thread 0x000001c83ba0d800 Exception <a 'java/lang/InterruptedException': sleep interrupted> (0x000000066b942f88) thrown at [C:\jenkins\workspace\8-2-build-windows-x64-cygwin-sans-NAS\jdk8u471\2292\hotspot\src\share\vm\prims\jvm.cpp, line 3359]
Event: 33.378 Thread 0x000001c83ba0d800 Exception <a 'java/lang/InterruptedException': sleep interrupted> (0x000000066b9431e0) thrown at [C:\jenkins\workspace\8-2-build-windows-x64-cygwin-sans-NAS\jdk8u471\2292\hotspot\src\share\vm\prims\jvm.cpp, line 3359]
Event: 33.388 Thread 0x000001c83ba0d800 Exception <a 'java/lang/InterruptedException': sleep interrupted> (0x000000066b943438) thrown at [C:\jenkins\workspace\8-2-build-windows-x64-cygwin-sans-NAS\jdk8u471\2292\hotspot\src\share\vm\prims\jvm.cpp, line 3359]
Event: 33.450 Thread 0x000001c83ba0d800 Exception <a 'java/lang/InterruptedException': sleep interrupted> (0x000000066b943690) thrown at [C:\jenkins\workspace\8-2-build-windows-x64-cygwin-sans-NAS\jdk8u471\2292\hotspot\src\share\vm\prims\jvm.cpp, line 3359]
Event: 33.487 Thread 0x000001c83ba0d800 Exception <a 'java/lang/InterruptedException': sleep interrupted> (0x000000066b9438e8) thrown at [C:\jenkins\workspace\8-2-build-windows-x64-cygwin-sans-NAS\jdk8u471\2292\hotspot\src\share\vm\prims\jvm.cpp, line 3359]
Event: 33.487 Thread 0x000001c83ba0d800 Exception <a 'java/lang/InterruptedException': sleep interrupted> (0x000000066b943b40) thrown at [C:\jenkins\workspace\8-2-build-windows-x64-cygwin-sans-NAS\jdk8u471\2292\hotspot\src\share\vm\prims\jvm.cpp, line 3359]
Event: 33.586 Thread 0x000001c83ba1b000 Exception <a 'java/lang/InterruptedException': sleep interrupted> (0x000000066ba39088) thrown at [C:\jenkins\workspace\8-2-build-windows-x64-cygwin-sans-NAS\jdk8u471\2292\hotspot\src\share\vm\prims\jvm.cpp, line 3359]
Event: 33.717 Thread 0x000001c8009ac000 Exception <a 'org/lwjgl/LWJGLException': Failed to set device gamma.> (0x000000066e2cb760) thrown at [C:\jenkins\workspace\8-2-build-windows-x64-cygwin-sans-NAS\jdk8u471\2292\hotspot\src\share\vm\prims\jni.cpp, line 737]

Events (10 events):
Event: 33.733 Thread 0x000001c83f4d0800 DEOPT PACKING pc=0x000001c80286eda8 sp=0x000000832d3fef50
Event: 33.733 Thread 0x000001c83f4d0800 DEOPT UNPACKING pc=0x000001c8025458c3 sp=0x000000832d3feea8 mode 2
Event: 33.792 Executing VM operation: RevokeBias
Event: 33.792 Executing VM operation: RevokeBias done
Event: 33.792 Thread 0x000001c83ba0f800 Thread exited: 0x000001c83ba0f800
Event: 33.792 Executing VM operation: RevokeBias
Event: 33.792 Executing VM operation: RevokeBias done
Event: 33.792 Thread 0x000001c83ba12000 Thread exited: 0x000001c83ba12000
Event: 33.795 Thread 0x000001c83f4d0800 Thread exited: 0x000001c83f4d0800
Event: 33.795 Executing VM operation: Exit


Dynamic libraries:
0x00007ff6b8270000 - 0x00007ff6b82bf000 	C:\Program Files\Java\jdk-1.8\bin\java.exe
0x00007fff14390000 - 0x00007fff14588000 	C:\Windows\SYSTEM32\ntdll.dll
0x00007fff12970000 - 0x00007fff12a32000 	C:\Windows\System32\KERNEL32.DLL
0x00007fff11d90000 - 0x00007fff12086000 	C:\Windows\System32\KERNELBASE.dll
0x00007fff12690000 - 0x00007fff12741000 	C:\Windows\System32\ADVAPI32.dll
0x00007fff12ec0000 - 0x00007fff12f5e000 	C:\Windows\System32\msvcrt.dll
0x00007fff12d60000 - 0x00007fff12dff000 	C:\Windows\System32\sechost.dll
0x00007fff13500000 - 0x00007fff13620000 	C:\Windows\System32\RPCRT4.dll
0x00007fff11a20000 - 0x00007fff11a47000 	C:\Windows\System32\bcrypt.dll
0x00007fff127c0000 - 0x00007fff12961000 	C:\Windows\System32\USER32.dll
0x00007fff11c60000 - 0x00007fff11c82000 	C:\Windows\System32\win32u.dll
0x00007fff13850000 - 0x00007fff1387b000 	C:\Windows\System32\GDI32.dll
0x00007fff12290000 - 0x00007fff123a9000 	C:\Windows\System32\gdi32full.dll
0x00007fff121f0000 - 0x00007fff1228d000 	C:\Windows\System32\msvcp_win.dll
0x00007fff11c90000 - 0x00007fff11d90000 	C:\Windows\System32\ucrtbase.dll
0x00007ffef30e0000 - 0x00007ffef337b000 	C:\Windows\WinSxS\amd64_microsoft.windows.common-controls_6595b64144ccf1df_6.0.19041.6456_none_60b8a6cb71f64256\COMCTL32.dll
0x00007fff12c20000 - 0x00007fff12c4f000 	C:\Windows\System32\IMM32.DLL
0x00007fff0c420000 - 0x00007fff0c43b000 	C:\Program Files\Java\jdk-1.8\jre\bin\vcruntime140.dll
0x00007fff0dfd0000 - 0x00007fff0dfdc000 	C:\Program Files\Java\jdk-1.8\jre\bin\vcruntime140_1.dll
0x00007ffef5ec0000 - 0x00007ffef5f4e000 	C:\Program Files\Java\jdk-1.8\jre\bin\msvcp140.dll
0x00007ffe650c0000 - 0x00007ffe6596a000 	C:\Program Files\Java\jdk-1.8\jre\bin\server\jvm.dll
0x00007fff12c10000 - 0x00007fff12c18000 	C:\Windows\System32\PSAPI.DLL
0x00007fff0c410000 - 0x00007fff0c419000 	C:\Windows\SYSTEM32\WSOCK32.dll
0x00007fff07340000 - 0x00007fff07367000 	C:\Windows\SYSTEM32\WINMM.dll
0x00007fff09db0000 - 0x00007fff09dba000 	C:\Windows\SYSTEM32\VERSION.dll
0x00007fff12750000 - 0x00007fff127bb000 	C:\Windows\System32\WS2_32.dll
0x00007fff10280000 - 0x00007fff10292000 	C:\Windows\SYSTEM32\kernel.appcore.dll
0x00007fff0c400000 - 0x00007fff0c410000 	C:\Program Files\Java\jdk-1.8\jre\bin\verify.dll
0x00007fff0b6c0000 - 0x00007fff0b6eb000 	C:\Program Files\Java\jdk-1.8\jre\bin\java.dll
0x00007fff0c3e0000 - 0x00007fff0c3f8000 	C:\Program Files\Java\jdk-1.8\jre\bin\zip.dll
0x00007fff13880000 - 0x00007fff13ff0000 	C:\Windows\System32\SHELL32.dll
0x00007fff0f630000 - 0x00007fff0fdd5000 	C:\Windows\SYSTEM32\windows.storage.dll
0x00007fff13ff0000 - 0x00007fff14344000 	C:\Windows\System32\combase.dll
0x00007fff11370000 - 0x00007fff1139b000 	C:\Windows\SYSTEM32\Wldp.dll
0x00007fff12560000 - 0x00007fff1262d000 	C:\Windows\System32\OLEAUT32.dll
0x00007fff13620000 - 0x00007fff136cd000 	C:\Windows\System32\SHCORE.dll
0x00007fff12630000 - 0x00007fff1268b000 	C:\Windows\System32\shlwapi.dll
0x00007fff11950000 - 0x00007fff11974000 	C:\Windows\SYSTEM32\profapi.dll
0x00007ffef5e70000 - 0x00007ffef5e7d000 	C:\Program Files\Java\jdk-1.8\jre\bin\management.dll
0x00007ffef7d90000 - 0x00007ffef7dac000 	C:\Program Files\Java\jdk-1.8\jre\bin\net.dll
0x00007fff110d0000 - 0x00007fff1113a000 	C:\Windows\system32\mswsock.dll
0x00007ffef7460000 - 0x00007ffef7473000 	C:\Program Files\Java\jdk-1.8\jre\bin\nio.dll
0x00007ffee67c0000 - 0x00007ffee67d7000 	C:\Windows\system32\napinsp.dll
0x00007ffee67e0000 - 0x00007ffee67fb000 	C:\Windows\system32\pnrpnsp.dll
0x00007fff0e0d0000 - 0x00007fff0e0ed000 	C:\Windows\system32\wshbth.dll
0x00007fff0dac0000 - 0x00007fff0dadd000 	C:\Windows\system32\NLAapi.dll
0x00007fff10db0000 - 0x00007fff10deb000 	C:\Windows\SYSTEM32\IPHLPAPI.DLL
0x00007fff10df0000 - 0x00007fff10eba000 	C:\Windows\SYSTEM32\DNSAPI.dll
0x00007fff12d40000 - 0x00007fff12d48000 	C:\Windows\System32\NSI.dll
0x00007ffee6f90000 - 0x00007ffee6fa2000 	C:\Windows\System32\winrnr.dll
0x00007ffef66e0000 - 0x00007ffef66ea000 	C:\Windows\System32\rasadhlp.dll
0x00007ffef6600000 - 0x00007ffef6680000 	C:\Windows\System32\fwpuclnt.dll
0x0000000180000000 - 0x0000000180051000 	C:\Users\chuck\.gradle\caches\minecraft\net\minecraft\minecraft_natives\1.7.10\lwjgl64.dll
0x00007ffe9c740000 - 0x00007ffe9c868000 	C:\Windows\SYSTEM32\OPENGL32.dll
0x00007ffe9c710000 - 0x00007ffe9c73c000 	C:\Windows\SYSTEM32\GLU32.dll
0x00007fff112d0000 - 0x00007fff112e8000 	C:\Windows\SYSTEM32\CRYPTSP.dll
0x00007fff109f0000 - 0x00007fff10a28000 	C:\Windows\system32\rsaenh.dll
0x00007fff11910000 - 0x00007fff1193e000 	C:\Windows\SYSTEM32\USERENV.dll
0x00007fff12160000 - 0x00007fff121e2000 	C:\Windows\System32\bcryptprimitives.dll
0x00007fff112c0000 - 0x00007fff112cc000 	C:\Windows\SYSTEM32\CRYPTBASE.dll
0x00007fff099f0000 - 0x00007fff09a07000 	C:\Windows\SYSTEM32\dhcpcsvc6.DLL
0x00007fff09dc0000 - 0x00007fff09ddd000 	C:\Windows\SYSTEM32\dhcpcsvc.DLL
0x00007ffeba330000 - 0x00007ffeba4ae000 	C:\Program Files\Java\jdk-1.8\jre\bin\awt.dll
0x00007fff0e730000 - 0x00007fff0e7c4000 	C:\Windows\SYSTEM32\apphelp.dll
0x00007fff04100000 - 0x00007fff041ae000 	C:\Windows\SYSTEM32\mscms.dll
0x00007fff040e0000 - 0x00007fff040f1000 	C:\Windows\SYSTEM32\ColorAdapterClient.dll
0x00007fff0ef60000 - 0x00007fff0effe000 	C:\Windows\system32\uxtheme.dll
0x000001c842c50000 - 0x000001c84acc3000 	C:\Program Files (x86)\ASUS\GPUTweakIII\GTIII-OSD\x64\GTIII-OSD64-VK.dll
0x00007fff133d0000 - 0x00007fff134fb000 	C:\Windows\System32\ole32.dll
0x00007ffe9d090000 - 0x00007ffe9d216000 	C:\Windows\SYSTEM32\vulkan-1.dll
0x00007fff12090000 - 0x00007fff120de000 	C:\Windows\System32\CFGMGR32.dll
0x00007fff12af0000 - 0x00007fff12c05000 	C:\Windows\System32\MSCTF.dll
0x00007fff12a40000 - 0x00007fff12ae9000 	C:\Windows\System32\clbcatq.dll
0x00007ffe5d6b0000 - 0x00007ffe60004000 	C:\Windows\System32\DriverStore\FileRepository\nv_dispi.inf_amd64_20ae8f14a487d5db\nvoglv64.dll
0x00007fff12f60000 - 0x00007fff133d0000 	C:\Windows\System32\SETUPAPI.dll
0x00007fff0b470000 - 0x00007fff0b484000 	C:\Windows\SYSTEM32\WTSAPI32.dll
0x00007fff11500000 - 0x00007fff11512000 	C:\Windows\SYSTEM32\msasn1.dll
0x00007fff09d70000 - 0x00007fff09da1000 	C:\Windows\SYSTEM32\cryptnet.dll
0x00007fff11b00000 - 0x00007fff11c5d000 	C:\Windows\System32\CRYPT32.dll
0x00007fff09b40000 - 0x00007fff09c87000 	C:\Windows\SYSTEM32\drvstore.dll
0x00007fff116d0000 - 0x00007fff11703000 	C:\Windows\SYSTEM32\devobj.dll
0x00007fff120e0000 - 0x00007fff12153000 	C:\Windows\System32\WINTRUST.dll
0x00007fff10c40000 - 0x00007fff10c73000 	C:\Windows\SYSTEM32\ntmarta.dll
0x00007fff136d0000 - 0x00007fff136ed000 	C:\Windows\System32\imagehlp.dll
0x00007ffefe260000 - 0x00007fff01ff4000 	C:\Windows\System32\DriverStore\FileRepository\nv_dispi.inf_amd64_20ae8f14a487d5db\nvgpucomp64.dll
0x00007fff02430000 - 0x00007fff0246b000 	C:\Windows\SYSTEM32\dxcore.dll
0x00007ffe95dc0000 - 0x00007ffe95f07000 	C:\Windows\system32\nvspcap64.dll
0x00007fff0f270000 - 0x00007fff0f29e000 	C:\Windows\SYSTEM32\dwmapi.dll
0x00007fff05f10000 - 0x00007fff06009000 	C:\Windows\SYSTEM32\textinputframework.dll
0x00007fff0db20000 - 0x00007fff0de7b000 	C:\Windows\System32\CoreUIComponents.dll
0x00007fff0de80000 - 0x00007fff0df72000 	C:\Windows\System32\CoreMessaging.dll
0x00007fff0e0f0000 - 0x00007fff0e247000 	C:\Windows\SYSTEM32\wintypes.dll
0x00007ffef7db0000 - 0x00007ffef7df5000 	C:\Windows\SYSTEM32\icm32.dll
0x00007fff11880000 - 0x00007fff118cb000 	C:\Windows\SYSTEM32\powrprof.dll
0x00007fff11860000 - 0x00007fff11872000 	C:\Windows\SYSTEM32\UMPDC.dll
0x00007fff11740000 - 0x00007fff117a3000 	C:\Windows\SYSTEM32\WINSTA.dll
0x0000000070a40000 - 0x0000000070adc000 	C:\Users\chuck\.gradle\caches\minecraft\net\minecraft\minecraft_natives\1.7.10\avutil-ttv-51.dll
0x0000000065980000 - 0x00000000659d6000 	C:\Users\chuck\.gradle\caches\minecraft\net\minecraft\minecraft_natives\1.7.10\swresample-ttv-0.dll
0x000000006eb80000 - 0x000000006ec50000 	C:\Users\chuck\.gradle\caches\minecraft\net\minecraft\minecraft_natives\1.7.10\libmp3lame-ttv.dll
0x00007ffe553f0000 - 0x00007ffe56794000 	C:\Users\chuck\.gradle\caches\minecraft\net\minecraft\minecraft_natives\1.7.10\libmfxsw64.dll
0x00007ffe98430000 - 0x00007ffe9855b000 	C:\Users\chuck\.gradle\caches\minecraft\net\minecraft\minecraft_natives\1.7.10\twitchsdk.dll
0x00007ffef3380000 - 0x00007ffef3856000 	C:\Windows\SYSTEM32\WININET.dll
0x000001c86ac00000 - 0x000001c872c51000 	C:\Program Files (x86)\ASUS\GPUTweakIII\GTIII-OSD\x64\GTIII-OSD64-GL.dll
0x0000000060690000 - 0x00000000606f3000 	C:\Program Files (x86)\ASUS\GPUTweakIII\GTIII-OSD\x64\glew32.dll
0x000001c872c60000 - 0x000001c87ade7000 	C:\Program Files (x86)\ASUS\GPUTweakIII\GTIII-OSD\x64\GTIII-OSD64.dll
0x00007ffef8760000 - 0x00007ffef8785000 	C:\Windows\SYSTEM32\d3d12.dll
0x00007ffe9c870000 - 0x00007ffe9cad3000 	C:\Windows\SYSTEM32\d3dx9_43.dll
0x00007fff0c4d0000 - 0x00007fff0c92d000 	C:\Windows\SYSTEM32\D3DCOMPILER_47.dll
0x00007ffe9cae0000 - 0x00007ffe9cb11000 	C:\Windows\SYSTEM32\d3d10_1.dll
0x00007ffeba5f0000 - 0x00007ffeba5fd000 	C:\Windows\SYSTEM32\d3d10_1core.dll
0x00007fff0ca00000 - 0x00007fff0cc64000 	C:\Windows\SYSTEM32\d3d11.dll
0x00007fff103c0000 - 0x00007fff104b6000 	C:\Windows\SYSTEM32\dxgi.dll
0x00007ffedd660000 - 0x00007ffedd831000 	C:\Windows\SYSTEM32\d3d9.dll
0x00007ffef86b0000 - 0x00007ffef875c000 	C:\Windows\SYSTEM32\TextShaping.dll
0x000001c8419a0000 - 0x000001c841a04000 	C:\Users\chuck\.gradle\caches\minecraft\net\minecraft\minecraft_natives\1.7.10\OpenAL64.dll
0x00007fff0ae30000 - 0x00007fff0aeb5000 	C:\Windows\System32\MMDevApi.dll
0x00007ffedf470000 - 0x00007ffedf50c000 	C:\Windows\SYSTEM32\dsound.dll
0x00007ffef3880000 - 0x00007ffef38a6000 	C:\Windows\SYSTEM32\winmmbase.dll
0x00007fff0af30000 - 0x00007fff0b0b1000 	C:\Windows\SYSTEM32\AUDIOSES.DLL
0x00007fff0f030000 - 0x00007fff0f044000 	C:\Windows\SYSTEM32\resourcepolicyclient.dll
0x00007ffedbca0000 - 0x00007ffedbcd4000 	C:\Program Files\Java\jdk-1.8\jre\bin\jpeg.dll
0x00007ffef5dc0000 - 0x00007ffef5de5000 	C:\Program Files\Java\jdk-1.8\jre\bin\sunec.dll
0x00007ffef5e60000 - 0x00007ffef5e6e000 	C:\Program Files\Java\jdk-1.8\jre\bin\sunmscapi.dll
0x00007fff113e0000 - 0x00007fff11407000 	C:\Windows\SYSTEM32\ncrypt.dll
0x00007fff113a0000 - 0x00007fff113db000 	C:\Windows\SYSTEM32\NTASN1.dll
0x00007fff0fea0000 - 0x00007fff100a1000 	C:\Windows\SYSTEM32\dbghelp.dll

VM Arguments:
jvm_args: -Dfile.encoding=UTF-8 -Duser.country=US -Duser.language=en -Duser.variant 
java_command: GradleStart
java_class_path (initial): C:\Users\chuck\.gradle\caches\minecraft\net\minecraftforge\forge\1.7.10-10.13.4.1614-1.7.10\start;C:\Users\chuck\.gradle\caches\minecraft\net\minecraftforge\forge\1.7.10-10.13.4.1614-1.7.10\forgeSrc-1.7.10-10.13.4.1614-1.7.10.jar;C:\Users\chuck\.gradle\caches\modules-2\files-2.1\net.minecraft\launchwrapper\1.12\111e7bea9c968cdb3d06ef4632bf7ff0824d0f36\launchwrapper-1.12.jar;C:\Users\chuck\.gradle\caches\modules-2\files-2.1\com.google.code.findbugs\jsr305\1.3.9\40719ea6961c0cb6afaeb6a921eaa1f6afd4cfdf\jsr305-1.3.9.jar;C:\Users\chuck\.gradle\caches\modules-2\files-2.1\org.ow2.asm\asm-debug-all\5.0.3\f9e364ae2a66ce2a543012a4668856e84e5dab74\asm-debug-all-5.0.3.jar;C:\Users\chuck\.gradle\caches\modules-2\files-2.1\com.typesafe.akka\akka-actor_2.11\2.3.3\ed62e9fc709ca0f2ff1a3220daa8b70a2870078e\akka-actor_2.11-2.3.3.jar;C:\Users\chuck\.gradle\caches\modules-2\files-2.1\com.typesafe\config\1.2.1\f771f71fdae3df231bcd54d5ca2d57f0bf93f467\config-1.2.1.jar;C:\Users\chuck\.gradle\caches\modules-2\files-2.1\org.scala-lang\scala-actors-migration_2.11\1.1.0\dfa8bc42b181d5b9f1a5dd147f8ae308b893eb6f\scala-actors-migration_2.11-1.1.0.jar;C:\Users\chuck\.gradle\caches\modules-2\files-2.1\org.scala-lang.plugins\scala-continuations-plugin_2.11.1\1.0.2\f361a3283452c57fa30c1ee69448995de23c60f7\scala-continuations-plugin_2.11.1-1.0.2.jar;C:\Users\chuck\.gradle\caches\modules-2\files-2.1\org.scala-lang\scala-compiler\2.11.1\56ea2e6c025e0821f28d73ca271218b8dd04926a\scala-compiler-2.11.1.jar;C:\Users\chuck\.gradle\caches\modules-2\files-2.1\org.scala-lang.plugins\scala-continuations-library_2.11\1.0.2\e517c53a7e9acd6b1668c5a35eccbaa3bab9aac\scala-continuations-library_2.11-1.0.2.jar;C:\Users\chuck\.gradle\caches\modules-2\files-2.1\org.scala-lang\scala-reflect\2.11.1\6580347e61cc7f8e802941e7fde40fa83b8badeb\scala-reflect-2.11.1.jar;C:\Users\chuck\.gradle\caches\modules-2\files-2.1\org.scala-lang\scala-actors\2.11.0\8ccfb6541de179bb1c4d45cf414acee069b7f78b\scala-a
Launcher Type: SUN_STANDARD

Environment Variables:
PATH=C:\Program Files\Eclipse Adoptium\jdk-8.0.462.8-hotspot\bin;C:\Program Files\Common Files\Oracle\Java\javapath;C:\Program Files (x86)\Common Files\Oracle\Java\java8path;C:\Program Files (x86)\Common Files\Oracle\Java\javapath;C:\Program Files (x86)\Razer Chroma SDK\bin;C:\Program Files\Razer Chroma SDK\bin;C:\Program Files (x86)\Razer\ChromaBroadcast\bin;C:\Program Files\Razer\ChromaBroadcast\bin;C:\Windows\system32;C:\Windows;C:\Windows\System32\Wbem;C:\Windows\System32\WindowsPowerShell\v1.0\;C:\Windows\System32\OpenSSH\;C:\Program Files (x86)\NVIDIA Corporation\PhysX\Common;C:\Windows\system32\config\systemprofile\AppData\Local\Microsoft\WindowsApps;C:\Program Files\dotnet\;C:\Program Files (x86)\Windows Live\Shared;C:\Program Files\Git\cmd;C:\Program Files\WorldPainter;C:\Program Files\NVIDIA Corporation\NVIDIA app\NvDLISR;C:\Users\chuck\AppData\Local\Microsoft\WindowsApps;;C:\Program Files\JetBrains\IntelliJ IDEA 2024.2.0.1\bin;
USERNAME=chuck
OS=Windows_NT
PROCESSOR_IDENTIFIER=Intel64 Family 6 Model 158 Stepping 13, GenuineIntel



---------------  S Y S T E M  ---------------

OS: Windows 10 , 64 bit Build 19041 (10.0.19041.5915)

CPU:total 16 (initial active 16) (8 cores per cpu, 2 threads per core) family 6 model 158 stepping 13, cmov, cx8, fxsr, mmx, sse, sse2, sse3, ssse3, sse4.1, sse4.2, popcnt, avx, avx2, aes, clmul, erms, 3dnowpref, lzcnt, ht, tsc, tscinvbit, bmi1, bmi2, adx

Memory: 4k page, physical 67022948k(50284220k free), swap 71217252k(43999076k free)

vm_info: Java HotSpot(TM) 64-Bit Server VM (25.471-b09) for windows-amd64 JRE (1.8.0_471-b09), built on Sep 26 2025 05:08:27 by "java_re" with MS VC++ 17.6 (VS2022)

time: Mon Nov 24 15:33:27 2025
timezone: Eastern Standard Time
elapsed time: 34.633238 seconds (0d 0h 0m 34s)

