#
# A fatal error has been detected by the Java Runtime Environment:
#
#  EXCEPTION_ACCESS_VIOLATION (0xc0000005) at pc=0x00007ffe5df182e9, pid=6344, tid=0x0000000000003510
#
# JRE version: Java(TM) SE Runtime Environment (8.0_471) (build 1.8.0_471-b09)
# Java VM: Java HotSpot(TM) 64-Bit Server VM (25.471-b09 mixed mode windows-amd64 compressed oops)
# Problematic frame:
# C  [nvoglv64.dll+0x8682e9]
#
# Failed to write core dump. Minidumps are not enabled by default on client versions of Windows
#
# If you would like to submit a bug report, please visit:
#   https://bugreport.java.com/bugreport/crash.jsp
#

---------------  T H R E A D  ---------------

Current thread (0x0000025df6438800):  VMThread [stack: 0x000000646aa00000,0x000000646ab00000] [id=13584]

siginfo: ExceptionCode=0xc0000005, reading address 0x0000000000001238

Registers:
RAX=0x0000000000000000, RBX=0x0000025dfad578e0, RCX=0x0000000000000004, RDX=0x0000000000000000
RSP=0x000000646aaff1a8, RBP=0x0000000000000000, RSI=0x0000000000000000, RDI=0x0000025dfad578e0
R8 =0x0000000000000000, R9 =0x0000025dacfd0040, R10=0x0000025dbf620000, R11=0x000000646aaff1b0
R12=0x0000025db26f0000, R13=0x0000025db2823820, R14=0x0000000000000000, R15=0x0000000000000000
RIP=0x00007ffe5df182e9, EFLAGS=0x0000000000010202

Top of Stack: (sp=0x000000646aaff1a8)
0x000000646aaff1a8:   0000025db26fbbf1 0000000000000000
0x000000646aaff1b8:   0000000000000000 0000025db2823820
0x000000646aaff1c8:   0000025db26f0000 fffffffffffffffe
0x000000646aaff1d8:   00007fff143b47b1 0000025dacfd0138
0x000000646aaff1e8:   0000025db26f8281 0000000000000000
0x000000646aaff1f8:   0000000000000000 0000000000000000
0x000000646aaff208:   0000025d00000000 0000025dacfd0138
0x000000646aaff218:   0000025db26f7c71 0000025dacfd0040
0x000000646aaff228:   0000000000000000 0000025dfae3c720
0x000000646aaff238:   00007fff143b5ba1 0000025db2823840
0x000000646aaff248:   0000025db273ac0d 0000000000000040
0x000000646aaff258:   00007fff00000000 0000000000000000
0x000000646aaff268:   0000025dfae3c718 0000025db26f0000
0x000000646aaff278:   0000025dbf6c71a8 0000025db2783f4c
0x000000646aaff288:   0000000000000001 0000000000000001
0x000000646aaff298:   0000025db26fa083 0000000000000000 

Instructions: (pc=0x00007ffe5df182e9)
0x00007ffe5df182c9:   af af af af af af af c3 cc cc cc cc cc cc cc cc
0x00007ffe5df182d9:   cc cc cc cc cc cc cc 65 48 8b 04 25 30 16 00 00
0x00007ffe5df182e9:   ff a0 38 12 00 00 cc cc cc cc cc cc cc cc cc cc
0x00007ffe5df182f9:   cc cc cc cc cc cc cc cc cc cc cc cc cc cc cc cc 


Register to memory mapping:

RAX=0x0000000000000000 is an unknown value
RBX=0x0000025dfad578e0 is an unknown value
RCX=0x0000000000000004 is an unknown value
RDX=0x0000000000000000 is an unknown value
RSP=0x000000646aaff1a8 is an unknown value
RBP=0x0000000000000000 is an unknown value
RSI=0x0000000000000000 is an unknown value
RDI=0x0000025dfad578e0 is an unknown value
R8 =0x0000000000000000 is an unknown value
R9 =0x0000025dacfd0040 is an unknown value
R10=0x0000025dbf620000 is an unknown value
R11=0x000000646aaff1b0 is an unknown value
R12=0x0000025db26f0000 is an unknown value
R13=0x0000025db2823820 is an unknown value
R14=0x0000000000000000 is an unknown value
R15=0x0000000000000000 is an unknown value


Stack: [0x000000646aa00000,0x000000646ab00000],  sp=0x000000646aaff1a8,  free space=1020k
Native frames: (J=compiled Java code, j=interpreted, Vv=VM code, C=native code)

VM_Operation (0x0000006469cfe400): Exit, mode: safepoint, requested by thread 0x0000025dbf66c000


---------------  P R O C E S S  ---------------

Java Threads: ( => current thread )
  0x0000025dfa4b8800 JavaThread "File IO Thread" [_thread_blocked, id=28664, stack(0x000000646d100000,0x000000646d200000)]
  0x0000025dff3f1800 JavaThread "Netty IO #1" daemon [_thread_in_native, id=24060, stack(0x000000646cf00000,0x000000646d000000)]
  0x0000025dff3ee800 JavaThread "Netty Client IO #0" daemon [_thread_in_native, id=28124, stack(0x000000646cc00000,0x000000646cd00000)]
  0x0000025dff3eb800 JavaThread "Netty IO #0" daemon [_thread_in_native, id=26024, stack(0x000000646c900000,0x000000646ca00000)]
  0x0000025dff3eb000 JavaThread "LWJGL Timer" daemon [_thread_blocked, id=1520, stack(0x000000646c800000,0x000000646c900000)]
  0x0000025dff3e5000 JavaThread "Java2D Disposer" daemon [_thread_blocked, id=26480, stack(0x000000646bf00000,0x000000646c000000)]
  0x0000025dff3e5800 JavaThread "Timer hack thread" daemon [_thread_blocked, id=26824, stack(0x000000646be00000,0x000000646bf00000)]
  0x0000025df9199800 JavaThread "Snooper Timer" daemon [_thread_blocked, id=16172, stack(0x000000646bd00000,0x000000646be00000)]
  0x0000025df927c000 JavaThread "Service Thread" daemon [_thread_blocked, id=16552, stack(0x000000646bb00000,0x000000646bc00000)]
  0x0000025df9199000 JavaThread "C1 CompilerThread11" daemon [_thread_blocked, id=26168, stack(0x000000646ba00000,0x000000646bb00000)]
  0x0000025df919e000 JavaThread "C1 CompilerThread10" daemon [_thread_blocked, id=23816, stack(0x000000646b900000,0x000000646ba00000)]
  0x0000025df919b000 JavaThread "C1 CompilerThread9" daemon [_thread_blocked, id=28616, stack(0x000000646b800000,0x000000646b900000)]
  0x0000025df919c000 JavaThread "C1 CompilerThread8" daemon [_thread_blocked, id=28648, stack(0x000000646b700000,0x000000646b800000)]
  0x0000025df9198000 JavaThread "C2 CompilerThread7" daemon [_thread_blocked, id=10872, stack(0x000000646b600000,0x000000646b700000)]
  0x0000025df919d800 JavaThread "C2 CompilerThread6" daemon [_thread_blocked, id=17728, stack(0x000000646b500000,0x000000646b600000)]
  0x0000025df9197800 JavaThread "C2 CompilerThread5" daemon [_thread_blocked, id=22540, stack(0x000000646b400000,0x000000646b500000)]
  0x0000025df919c800 JavaThread "C2 CompilerThread4" daemon [_thread_blocked, id=20576, stack(0x000000646b300000,0x000000646b400000)]
  0x0000025df91aa000 JavaThread "C2 CompilerThread3" daemon [_thread_blocked, id=4620, stack(0x000000646b200000,0x000000646b300000)]
  0x0000025df91a8800 JavaThread "C2 CompilerThread2" daemon [_thread_blocked, id=5572, stack(0x000000646b100000,0x000000646b200000)]
  0x0000025df91a7800 JavaThread "C2 CompilerThread1" daemon [_thread_blocked, id=11576, stack(0x000000646b000000,0x000000646b100000)]
  0x0000025df91a6000 JavaThread "C2 CompilerThread0" daemon [_thread_blocked, id=15240, stack(0x000000646af00000,0x000000646b000000)]
  0x0000025df91a3000 JavaThread "Attach Listener" daemon [_thread_blocked, id=7712, stack(0x000000646ae00000,0x000000646af00000)]
  0x0000025df919f800 JavaThread "Signal Dispatcher" daemon [_thread_blocked, id=4048, stack(0x000000646ad00000,0x000000646ae00000)]
  0x0000025df9171000 JavaThread "Finalizer" daemon [_thread_blocked, id=28260, stack(0x000000646ac00000,0x000000646ad00000)]
  0x0000025df6445800 JavaThread "Reference Handler" daemon [_thread_blocked, id=22640, stack(0x000000646ab00000,0x000000646ac00000)]
  0x0000025dbf66c000 JavaThread "Client thread" [_thread_blocked, id=28132, stack(0x0000006469c00000,0x0000006469d00000)]

Other Threads:
=>0x0000025df6438800 VMThread [stack: 0x000000646aa00000,0x000000646ab00000] [id=13584]

VM state:at safepoint (shutting down)

VM Mutex/Monitor currently owned by a thread:  ([mutex/lock_event])
[0x0000025dbf6655c0] Threads_lock - owner thread: 0x0000025df6438800

heap address: 0x00000003c1400000, size: 16364 MB, Compressed Oops mode: Zero based, Oop shift amount: 3
Narrow klass base: 0x0000000000000000, Narrow klass shift: 3
Compressed class space size: 1073741824 Address: 0x00000007c0000000

Heap:
 PSYoungGen      total 531456K, used 436296K [0x000000066b180000, 0x0000000698100000, 0x00000007c0000000)
  eden space 521216K, 81% used [0x000000066b180000,0x00000006851bbca0,0x000000068ae80000)
  from space 10240K, 98% used [0x0000000697700000,0x00000006980d6540,0x0000000698100000)
  to   space 83456K, 0% used [0x000000068de00000,0x000000068de00000,0x0000000692f80000)
 ParOldGen       total 408576K, used 166469K [0x00000003c1400000, 0x00000003da300000, 0x000000066b180000)
  object space 408576K, 40% used [0x00000003c1400000,0x00000003cb691608,0x00000003da300000)
 Metaspace       used 43403K, capacity 43887K, committed 44416K, reserved 1089536K
  class space    used 5006K, capacity 5128K, committed 5248K, reserved 1048576K

Card table byte_map: [0x0000025dd0360000,0x0000025dd2360000] byte_map_base: 0x0000025dce556000

Marking Bits: (ParMarkBitMap*) 0x00007ffe6589a3e0
 Begin Bits: [0x0000025dd38b0000, 0x0000025de3860000)
 End Bits:   [0x0000025de3860000, 0x0000025df3810000)

Polling page: 0x0000025dc0f70000

CodeCache: size=245760Kb used=34164Kb max_used=35925Kb free=211595Kb
 bounds [0x0000025dc0fa0000, 0x0000025dc3340000, 0x0000025dcffa0000]
 total_blobs=8485 nmethods=7635 adapters=757
 compilation: enabled

Compilation events (10 events):
Event: 95.284 Thread 0x0000025df9197800 10892       4       net.minecraft.nbt.NBTTagCompound::setInteger (20 bytes)
Event: 95.284 Thread 0x0000025df919d800 10893  s    4       java.io.BufferedOutputStream::write (67 bytes)
Event: 95.284 Thread 0x0000025df919c800 nmethod 10891 0x0000025dc1527390 code [0x0000025dc15274c0, 0x0000025dc15275b8]
Event: 95.286 Thread 0x0000025df919d800 nmethod 10893 0x0000025dc12a0350 code [0x0000025dc12a04c0, 0x0000025dc12a0a28]
Event: 95.286 Thread 0x0000025df9197800 nmethod 10892 0x0000025dc1762150 code [0x0000025dc17622a0, 0x0000025dc1762588]
Event: 95.309 Thread 0x0000025df919e000 10895       3       java.util.Arrays::fill (21 bytes)
Event: 95.309 Thread 0x0000025df919c800 10896       4       com.google.common.collect.HashBiMap::containsKey (18 bytes)
Event: 95.309 Thread 0x0000025df919e000 nmethod 10895 0x0000025dc1485050 code [0x0000025dc14851c0, 0x0000025dc14854d8]
Event: 95.309 Thread 0x0000025df9197800 10897       4       net.minecraft.util.ObjectIntIdentityMap::func_148746_a (53 bytes)
Event: 95.311 Thread 0x0000025df919c800 nmethod 10896 0x0000025dc2194150 code [0x0000025dc21942a0, 0x0000025dc21945b8]

GC Heap History (10 events):
Event: 35.275 GC heap before
{Heap before GC invocations=17 (full 5):
 PSYoungGen      total 650752K, used 566784K [0x000000066b180000, 0x0000000698900000, 0x00000007c0000000)
  eden space 566784K, 100% used [0x000000066b180000,0x000000068db00000,0x000000068db00000)
  from space 83968K, 0% used [0x000000068db00000,0x000000068db00000,0x0000000692d00000)
  to   space 88064K, 0% used [0x0000000693300000,0x0000000693300000,0x0000000698900000)
 ParOldGen       total 408576K, used 117031K [0x00000003c1400000, 0x00000003da300000, 0x000000066b180000)
  object space 408576K, 28% used [0x00000003c1400000,0x00000003c8649f30,0x00000003da300000)
 Metaspace       used 42937K, capacity 43401K, committed 43776K, reserved 1087488K
  class space    used 4974K, capacity 5095K, committed 5120K, reserved 1048576K
Event: 35.282 GC heap after
Heap after GC invocations=17 (full 5):
 PSYoungGen      total 657920K, used 47940K [0x000000066b180000, 0x00000006aa380000, 0x00000007c0000000)
  eden space 569856K, 0% used [0x000000066b180000,0x000000066b180000,0x000000068de00000)
  from space 88064K, 54% used [0x0000000693300000,0x00000006961d1100,0x0000000698900000)
  to   space 87040K, 0% used [0x000000068de00000,0x000000068de00000,0x0000000693300000)
 ParOldGen       total 408576K, used 117047K [0x00000003c1400000, 0x00000003da300000, 0x000000066b180000)
  object space 408576K, 28% used [0x00000003c1400000,0x00000003c864df30,0x00000003da300000)
 Metaspace       used 42937K, capacity 43401K, committed 43776K, reserved 1087488K
  class space    used 4974K, capacity 5095K, committed 5120K, reserved 1048576K
}
Event: 53.351 GC heap before
{Heap before GC invocations=18 (full 5):
 PSYoungGen      total 657920K, used 617796K [0x000000066b180000, 0x00000006aa380000, 0x00000007c0000000)
  eden space 569856K, 100% used [0x000000066b180000,0x000000068de00000,0x000000068de00000)
  from space 88064K, 54% used [0x0000000693300000,0x00000006961d1100,0x0000000698900000)
  to   space 87040K, 0% used [0x000000068de00000,0x000000068de00000,0x0000000693300000)
 ParOldGen       total 408576K, used 117047K [0x00000003c1400000, 0x00000003da300000, 0x000000066b180000)
  object space 408576K, 28% used [0x00000003c1400000,0x00000003c864df30,0x00000003da300000)
 Metaspace       used 43195K, capacity 43657K, committed 44032K, reserved 1087488K
  class space    used 4985K, capacity 5095K, committed 5120K, reserved 1048576K
Event: 53.362 GC heap after
Heap after GC invocations=18 (full 5):
 PSYoungGen      total 656896K, used 4678K [0x000000066b180000, 0x00000006a2000000, 0x00000007c0000000)
  eden space 569856K, 0% used [0x000000066b180000,0x000000066b180000,0x000000068de00000)
  from space 87040K, 5% used [0x000000068de00000,0x000000068e2919a8,0x0000000693300000)
  to   space 87552K, 0% used [0x000000069ca80000,0x000000069ca80000,0x00000006a2000000)
 ParOldGen       total 408576K, used 166445K [0x00000003c1400000, 0x00000003da300000, 0x000000066b180000)
  object space 408576K, 40% used [0x00000003c1400000,0x00000003cb68b608,0x00000003da300000)
 Metaspace       used 43195K, capacity 43657K, committed 44032K, reserved 1087488K
  class space    used 4985K, capacity 5095K, committed 5120K, reserved 1048576K
}
Event: 65.396 GC heap before
{Heap before GC invocations=19 (full 5):
 PSYoungGen      total 656896K, used 574534K [0x000000066b180000, 0x00000006a2000000, 0x00000007c0000000)
  eden space 569856K, 100% used [0x000000066b180000,0x000000068de00000,0x000000068de00000)
  from space 87040K, 5% used [0x000000068de00000,0x000000068e2919a8,0x0000000693300000)
  to   space 87552K, 0% used [0x000000069ca80000,0x000000069ca80000,0x00000006a2000000)
 ParOldGen       total 408576K, used 166445K [0x00000003c1400000, 0x00000003da300000, 0x000000066b180000)
  object space 408576K, 40% used [0x00000003c1400000,0x00000003cb68b608,0x00000003da300000)
 Metaspace       used 43210K, capacity 43657K, committed 44032K, reserved 1087488K
  class space    used 4986K, capacity 5095K, committed 5120K, reserved 1048576K
Event: 65.399 GC heap after
Heap after GC invocations=19 (full 5):
 PSYoungGen      total 558592K, used 5429K [0x000000066b180000, 0x000000069d000000, 0x00000007c0000000)
  eden space 552960K, 0% used [0x000000066b180000,0x000000066b180000,0x000000068cd80000)
  from space 5632K, 96% used [0x000000069ca80000,0x000000069cfcd440,0x000000069d000000)
  to   space 87552K, 0% used [0x0000000692500000,0x0000000692500000,0x0000000697a80000)
 ParOldGen       total 408576K, used 166453K [0x00000003c1400000, 0x00000003da300000, 0x000000066b180000)
  object space 408576K, 40% used [0x00000003c1400000,0x00000003cb68d608,0x00000003da300000)
 Metaspace       used 43210K, capacity 43657K, committed 44032K, reserved 1087488K
  class space    used 4986K, capacity 5095K, committed 5120K, reserved 1048576K
}
Event: 75.057 GC heap before
{Heap before GC invocations=20 (full 5):
 PSYoungGen      total 558592K, used 558389K [0x000000066b180000, 0x000000069d000000, 0x00000007c0000000)
  eden space 552960K, 100% used [0x000000066b180000,0x000000068cd80000,0x000000068cd80000)
  from space 5632K, 96% used [0x000000069ca80000,0x000000069cfcd440,0x000000069d000000)
  to   space 87552K, 0% used [0x0000000692500000,0x0000000692500000,0x0000000697a80000)
 ParOldGen       total 408576K, used 166453K [0x00000003c1400000, 0x00000003da300000, 0x000000066b180000)
  object space 408576K, 40% used [0x00000003c1400000,0x00000003cb68d608,0x00000003da300000)
 Metaspace       used 43295K, capacity 43823K, committed 44160K, reserved 1087488K
  class space    used 4995K, capacity 5128K, committed 5248K, reserved 1048576K
Event: 75.059 GC heap after
Heap after GC invocations=20 (full 5):
 PSYoungGen      total 544768K, used 7872K [0x000000066b180000, 0x000000069cb00000, 0x00000007c0000000)
  eden space 536576K, 0% used [0x000000066b180000,0x000000066b180000,0x000000068bd80000)
  from space 8192K, 96% used [0x0000000692500000,0x0000000692cb03e8,0x0000000692d00000)
  to   space 86016K, 0% used [0x0000000697700000,0x0000000697700000,0x000000069cb00000)
 ParOldGen       total 408576K, used 166461K [0x00000003c1400000, 0x00000003da300000, 0x000000066b180000)
  object space 408576K, 40% used [0x00000003c1400000,0x00000003cb68f608,0x00000003da300000)
 Metaspace       used 43295K, capacity 43823K, committed 44160K, reserved 1087488K
  class space    used 4995K, capacity 5128K, committed 5248K, reserved 1048576K
}
Event: 86.902 GC heap before
{Heap before GC invocations=21 (full 5):
 PSYoungGen      total 544768K, used 544448K [0x000000066b180000, 0x000000069cb00000, 0x00000007c0000000)
  eden space 536576K, 100% used [0x000000066b180000,0x000000068bd80000,0x000000068bd80000)
  from space 8192K, 96% used [0x0000000692500000,0x0000000692cb03e8,0x0000000692d00000)
  to   space 86016K, 0% used [0x0000000697700000,0x0000000697700000,0x000000069cb00000)
 ParOldGen       total 408576K, used 166461K [0x00000003c1400000, 0x00000003da300000, 0x000000066b180000)
  object space 408576K, 40% used [0x00000003c1400000,0x00000003cb68f608,0x00000003da300000)
 Metaspace       used 43351K, capacity 43823K, committed 44160K, reserved 1087488K
  class space    used 4996K, capacity 5128K, committed 5248K, reserved 1048576K
Event: 86.906 GC heap after
Heap after GC invocations=21 (full 5):
 PSYoungGen      total 531456K, used 10073K [0x000000066b180000, 0x0000000698100000, 0x00000007c0000000)
  eden space 521216K, 0% used [0x000000066b180000,0x000000066b180000,0x000000068ae80000)
  from space 10240K, 98% used [0x0000000697700000,0x00000006980d6540,0x0000000698100000)
  to   space 83456K, 0% used [0x000000068de00000,0x000000068de00000,0x0000000692f80000)
 ParOldGen       total 408576K, used 166469K [0x00000003c1400000, 0x00000003da300000, 0x000000066b180000)
  object space 408576K, 40% used [0x00000003c1400000,0x00000003cb691608,0x00000003da300000)
 Metaspace       used 43351K, capacity 43823K, committed 44160K, reserved 1087488K
  class space    used 4996K, capacity 5128K, committed 5248K, reserved 1048576K
}

Deoptimization events (10 events):
Event: 95.006 Thread 0x0000025dff3ee800 Uncommon trap: reason=unstable_if action=reinterpret pc=0x0000025dc1d97214 method=io.netty.channel.local.LocalChannel.isActive()Z @ 5
Event: 95.006 Thread 0x0000025dff3ee800 Uncommon trap: reason=unstable_if action=reinterpret pc=0x0000025dc13e6854 method=io.netty.channel.local.LocalChannel.isOpen()Z @ 5
Event: 95.006 Thread 0x0000025dff3ee800 Uncommon trap: reason=class_check action=maybe_recompile pc=0x0000025dc2c4b4c8 method=java.util.HashSet.remove(Ljava/lang/Object;)Z @ 5
Event: 95.006 Thread 0x0000025dff3ee800 Uncommon trap: reason=unstable_if action=reinterpret pc=0x0000025dc29e8b00 method=io.netty.channel.local.LocalChannel.isActive()Z @ 5
Event: 95.008 Thread 0x0000025dff3f1800 Uncommon trap: reason=class_check action=maybe_recompile pc=0x0000025dc2c4b4c8 method=java.util.HashSet.remove(Ljava/lang/Object;)Z @ 5
Event: 95.274 Thread 0x0000025dbf66c000 Uncommon trap: reason=unstable_if action=reinterpret pc=0x0000025dc16e3ad8 method=cpw.mods.fml.relauncher.FMLSecurityManager.checkPermission(Ljava/security/Permission;)V @ 23
Event: 95.281 Thread 0x0000025dfa4ba000 Uncommon trap: reason=unstable_if action=reinterpret pc=0x0000025dc2a017d0 method=io.netty.channel.local.LocalChannel.isOpen()Z @ 5
Event: 95.289 Thread 0x0000025dfa4ba000 Uncommon trap: reason=unstable_if action=reinterpret pc=0x0000025dc1cc3aec method=com.google.common.collect.MapMakerInternalMap$Segment.getEntry(Ljava/lang/Object;I)Lcom/google/common/collect/MapMakerInternalMap$ReferenceEntry; @ 4
Event: 95.290 Thread 0x0000025dfa4ba000 Uncommon trap: reason=unstable_if action=reinterpret pc=0x0000025dc12c4d00 method=com.google.common.collect.MapMakerInternalMap$Segment.getEntry(Ljava/lang/Object;I)Lcom/google/common/collect/MapMakerInternalMap$ReferenceEntry; @ 4
Event: 95.309 Thread 0x0000025dff3ee000 Uncommon trap: reason=unstable_if action=reinterpret pc=0x0000025dc2d9a390 method=org.lwjgl.opengl.Display.processMessages()V @ 9

Classes redefined (0 events):
No events

Internal exceptions (10 events):
Event: 94.856 Thread 0x0000025dff3ed000 Exception <a 'java/lang/InterruptedException': sleep interrupted> (0x000000067da56798) thrown at [C:\jenkins\workspace\8-2-build-windows-x64-cygwin-sans-NAS\jdk8u471\2292\hotspot\src\share\vm\prims\jvm.cpp, line 3359]
Event: 94.863 Thread 0x0000025dff3ed000 Exception <a 'java/lang/InterruptedException': sleep interrupted> (0x000000067da569f0) thrown at [C:\jenkins\workspace\8-2-build-windows-x64-cygwin-sans-NAS\jdk8u471\2292\hotspot\src\share\vm\prims\jvm.cpp, line 3359]
Event: 94.871 Thread 0x0000025dff3ed000 Exception <a 'java/lang/InterruptedException': sleep interrupted> (0x000000067da56c48) thrown at [C:\jenkins\workspace\8-2-build-windows-x64-cygwin-sans-NAS\jdk8u471\2292\hotspot\src\share\vm\prims\jvm.cpp, line 3359]
Event: 94.880 Thread 0x0000025dff3ed000 Exception <a 'java/lang/InterruptedException': sleep interrupted> (0x000000067da56ea0) thrown at [C:\jenkins\workspace\8-2-build-windows-x64-cygwin-sans-NAS\jdk8u471\2292\hotspot\src\share\vm\prims\jvm.cpp, line 3359]
Event: 94.887 Thread 0x0000025dff3ed000 Exception <a 'java/lang/InterruptedException': sleep interrupted> (0x000000067da570f8) thrown at [C:\jenkins\workspace\8-2-build-windows-x64-cygwin-sans-NAS\jdk8u471\2292\hotspot\src\share\vm\prims\jvm.cpp, line 3359]
Event: 94.969 Thread 0x0000025dff3ed000 Exception <a 'java/lang/InterruptedException': sleep interrupted> (0x000000067da57350) thrown at [C:\jenkins\workspace\8-2-build-windows-x64-cygwin-sans-NAS\jdk8u471\2292\hotspot\src\share\vm\prims\jvm.cpp, line 3359]
Event: 95.016 Thread 0x0000025dff3ed000 Exception <a 'java/lang/InterruptedException': sleep interrupted> (0x000000067da575a8) thrown at [C:\jenkins\workspace\8-2-build-windows-x64-cygwin-sans-NAS\jdk8u471\2292\hotspot\src\share\vm\prims\jvm.cpp, line 3359]
Event: 95.017 Thread 0x0000025dff3ed000 Exception <a 'java/lang/InterruptedException': sleep interrupted> (0x000000067da57800) thrown at [C:\jenkins\workspace\8-2-build-windows-x64-cygwin-sans-NAS\jdk8u471\2292\hotspot\src\share\vm\prims\jvm.cpp, line 3359]
Event: 95.116 Thread 0x0000025dff3f2800 Exception <a 'java/lang/InterruptedException': sleep interrupted> (0x000000068269f998) thrown at [C:\jenkins\workspace\8-2-build-windows-x64-cygwin-sans-NAS\jdk8u471\2292\hotspot\src\share\vm\prims\jvm.cpp, line 3359]
Event: 95.274 Thread 0x0000025dbf66c000 Exception <a 'org/lwjgl/LWJGLException': Failed to set device gamma.> (0x00000006838387f8) thrown at [C:\jenkins\workspace\8-2-build-windows-x64-cygwin-sans-NAS\jdk8u471\2292\hotspot\src\share\vm\prims\jni.cpp, line 737]

Events (10 events):
Event: 95.309 Executing VM operation: RevokeBias done
Event: 95.309 Thread 0x0000025dff3ec800 Thread exited: 0x0000025dff3ec800
Event: 95.309 Thread 0x0000025dff3ee000 Uncommon trap: trap_request=0xffffff65 fr.pc=0x0000025dc2d9a390
Event: 95.309 Thread 0x0000025dff3ee000 DEOPT PACKING pc=0x0000025dc2d9a390 sp=0x000000646c7ff1e0
Event: 95.309 Thread 0x0000025dff3ee000 DEOPT UNPACKING pc=0x0000025dc0fe58c3 sp=0x000000646c7ff198 mode 2
Event: 95.310 Executing VM operation: RevokeBias
Event: 95.310 Executing VM operation: RevokeBias done
Event: 95.310 Thread 0x0000025dff3ee000 Thread exited: 0x0000025dff3ee000
Event: 95.312 Thread 0x0000025dfa4ba000 Thread exited: 0x0000025dfa4ba000
Event: 95.312 Executing VM operation: Exit


Dynamic libraries:
0x00007ff6b8270000 - 0x00007ff6b82bf000 	C:\Program Files\Java\jdk-1.8\bin\java.exe
0x00007fff14390000 - 0x00007fff14588000 	C:\Windows\SYSTEM32\ntdll.dll
0x00007fff12970000 - 0x00007fff12a32000 	C:\Windows\System32\KERNEL32.DLL
0x00007fff11d90000 - 0x00007fff12086000 	C:\Windows\System32\KERNELBASE.dll
0x00007fff12690000 - 0x00007fff12741000 	C:\Windows\System32\ADVAPI32.dll
0x00007fff12ec0000 - 0x00007fff12f5e000 	C:\Windows\System32\msvcrt.dll
0x00007fff12d60000 - 0x00007fff12dff000 	C:\Windows\System32\sechost.dll
0x00007fff13500000 - 0x00007fff13620000 	C:\Windows\System32\RPCRT4.dll
0x00007fff11a20000 - 0x00007fff11a47000 	C:\Windows\System32\bcrypt.dll
0x00007fff127c0000 - 0x00007fff12961000 	C:\Windows\System32\USER32.dll
0x00007fff11c60000 - 0x00007fff11c82000 	C:\Windows\System32\win32u.dll
0x00007fff13850000 - 0x00007fff1387b000 	C:\Windows\System32\GDI32.dll
0x00007fff12290000 - 0x00007fff123a9000 	C:\Windows\System32\gdi32full.dll
0x00007fff121f0000 - 0x00007fff1228d000 	C:\Windows\System32\msvcp_win.dll
0x00007fff11c90000 - 0x00007fff11d90000 	C:\Windows\System32\ucrtbase.dll
0x00007ffef30e0000 - 0x00007ffef337b000 	C:\Windows\WinSxS\amd64_microsoft.windows.common-controls_6595b64144ccf1df_6.0.19041.6456_none_60b8a6cb71f64256\COMCTL32.dll
0x00007fff12c20000 - 0x00007fff12c4f000 	C:\Windows\System32\IMM32.DLL
0x00007fff0c420000 - 0x00007fff0c43b000 	C:\Program Files\Java\jdk-1.8\jre\bin\vcruntime140.dll
0x00007fff0dfd0000 - 0x00007fff0dfdc000 	C:\Program Files\Java\jdk-1.8\jre\bin\vcruntime140_1.dll
0x00007ffef5ec0000 - 0x00007ffef5f4e000 	C:\Program Files\Java\jdk-1.8\jre\bin\msvcp140.dll
0x00007ffe650c0000 - 0x00007ffe6596a000 	C:\Program Files\Java\jdk-1.8\jre\bin\server\jvm.dll
0x00007fff12c10000 - 0x00007fff12c18000 	C:\Windows\System32\PSAPI.DLL
0x00007fff07340000 - 0x00007fff07367000 	C:\Windows\SYSTEM32\WINMM.dll
0x00007fff0c410000 - 0x00007fff0c419000 	C:\Windows\SYSTEM32\WSOCK32.dll
0x00007fff09db0000 - 0x00007fff09dba000 	C:\Windows\SYSTEM32\VERSION.dll
0x00007fff12750000 - 0x00007fff127bb000 	C:\Windows\System32\WS2_32.dll
0x00007fff10280000 - 0x00007fff10292000 	C:\Windows\SYSTEM32\kernel.appcore.dll
0x00007fff0c400000 - 0x00007fff0c410000 	C:\Program Files\Java\jdk-1.8\jre\bin\verify.dll
0x00007fff0b6c0000 - 0x00007fff0b6eb000 	C:\Program Files\Java\jdk-1.8\jre\bin\java.dll
0x00007fff0c3e0000 - 0x00007fff0c3f8000 	C:\Program Files\Java\jdk-1.8\jre\bin\zip.dll
0x00007fff13880000 - 0x00007fff13ff0000 	C:\Windows\System32\SHELL32.dll
0x00007fff0f630000 - 0x00007fff0fdd5000 	C:\Windows\SYSTEM32\windows.storage.dll
0x00007fff13ff0000 - 0x00007fff14344000 	C:\Windows\System32\combase.dll
0x00007fff11370000 - 0x00007fff1139b000 	C:\Windows\SYSTEM32\Wldp.dll
0x00007fff12560000 - 0x00007fff1262d000 	C:\Windows\System32\OLEAUT32.dll
0x00007fff13620000 - 0x00007fff136cd000 	C:\Windows\System32\SHCORE.dll
0x00007fff12630000 - 0x00007fff1268b000 	C:\Windows\System32\shlwapi.dll
0x00007fff11950000 - 0x00007fff11974000 	C:\Windows\SYSTEM32\profapi.dll
0x00007ffef5e70000 - 0x00007ffef5e7d000 	C:\Program Files\Java\jdk-1.8\jre\bin\management.dll
0x00007ffef7d90000 - 0x00007ffef7dac000 	C:\Program Files\Java\jdk-1.8\jre\bin\net.dll
0x00007fff110d0000 - 0x00007fff1113a000 	C:\Windows\system32\mswsock.dll
0x00007ffef7460000 - 0x00007ffef7473000 	C:\Program Files\Java\jdk-1.8\jre\bin\nio.dll
0x00007ffee67c0000 - 0x00007ffee67d7000 	C:\Windows\system32\napinsp.dll
0x00007ffee67e0000 - 0x00007ffee67fb000 	C:\Windows\system32\pnrpnsp.dll
0x00007fff0e0d0000 - 0x00007fff0e0ed000 	C:\Windows\system32\wshbth.dll
0x00007fff0dac0000 - 0x00007fff0dadd000 	C:\Windows\system32\NLAapi.dll
0x00007fff10db0000 - 0x00007fff10deb000 	C:\Windows\SYSTEM32\IPHLPAPI.DLL
0x00007fff10df0000 - 0x00007fff10eba000 	C:\Windows\SYSTEM32\DNSAPI.dll
0x00007fff12d40000 - 0x00007fff12d48000 	C:\Windows\System32\NSI.dll
0x00007ffee6f90000 - 0x00007ffee6fa2000 	C:\Windows\System32\winrnr.dll
0x00007ffef66e0000 - 0x00007ffef66ea000 	C:\Windows\System32\rasadhlp.dll
0x00007ffef6600000 - 0x00007ffef6680000 	C:\Windows\System32\fwpuclnt.dll
0x0000000180000000 - 0x0000000180051000 	C:\Users\chuck\.gradle\caches\minecraft\net\minecraft\minecraft_natives\1.7.10\lwjgl64.dll
0x00007ffe9c740000 - 0x00007ffe9c868000 	C:\Windows\SYSTEM32\OPENGL32.dll
0x00007ffe9c710000 - 0x00007ffe9c73c000 	C:\Windows\SYSTEM32\GLU32.dll
0x00007fff112d0000 - 0x00007fff112e8000 	C:\Windows\SYSTEM32\CRYPTSP.dll
0x00007fff109f0000 - 0x00007fff10a28000 	C:\Windows\system32\rsaenh.dll
0x00007fff11910000 - 0x00007fff1193e000 	C:\Windows\SYSTEM32\USERENV.dll
0x00007fff12160000 - 0x00007fff121e2000 	C:\Windows\System32\bcryptprimitives.dll
0x00007fff112c0000 - 0x00007fff112cc000 	C:\Windows\SYSTEM32\CRYPTBASE.dll
0x00007fff099f0000 - 0x00007fff09a07000 	C:\Windows\SYSTEM32\dhcpcsvc6.DLL
0x00007fff09dc0000 - 0x00007fff09ddd000 	C:\Windows\SYSTEM32\dhcpcsvc.DLL
0x00007ffeba330000 - 0x00007ffeba4ae000 	C:\Program Files\Java\jdk-1.8\jre\bin\awt.dll
0x00007fff0e730000 - 0x00007fff0e7c4000 	C:\Windows\SYSTEM32\apphelp.dll
0x00007fff04100000 - 0x00007fff041ae000 	C:\Windows\SYSTEM32\mscms.dll
0x00007fff040e0000 - 0x00007fff040f1000 	C:\Windows\SYSTEM32\ColorAdapterClient.dll
0x00007fff0ef60000 - 0x00007fff0effe000 	C:\Windows\system32\uxtheme.dll
0x0000025d81f60000 - 0x0000025d89fd3000 	C:\Program Files (x86)\ASUS\GPUTweakIII\GTIII-OSD\x64\GTIII-OSD64-VK.dll
0x00007fff133d0000 - 0x00007fff134fb000 	C:\Windows\System32\ole32.dll
0x00007ffe9d090000 - 0x00007ffe9d216000 	C:\Windows\SYSTEM32\vulkan-1.dll
0x00007fff12090000 - 0x00007fff120de000 	C:\Windows\System32\CFGMGR32.dll
0x00007fff12af0000 - 0x00007fff12c05000 	C:\Windows\System32\MSCTF.dll
0x00007fff12a40000 - 0x00007fff12ae9000 	C:\Windows\System32\clbcatq.dll
0x00007ffe5d6b0000 - 0x00007ffe60004000 	C:\Windows\System32\DriverStore\FileRepository\nv_dispi.inf_amd64_20ae8f14a487d5db\nvoglv64.dll
0x00007fff12f60000 - 0x00007fff133d0000 	C:\Windows\System32\SETUPAPI.dll
0x00007fff0b470000 - 0x00007fff0b484000 	C:\Windows\SYSTEM32\WTSAPI32.dll
0x00007fff11500000 - 0x00007fff11512000 	C:\Windows\SYSTEM32\msasn1.dll
0x00007fff09d70000 - 0x00007fff09da1000 	C:\Windows\SYSTEM32\cryptnet.dll
0x00007fff11b00000 - 0x00007fff11c5d000 	C:\Windows\System32\CRYPT32.dll
0x00007fff09b40000 - 0x00007fff09c87000 	C:\Windows\SYSTEM32\drvstore.dll
0x00007fff116d0000 - 0x00007fff11703000 	C:\Windows\SYSTEM32\devobj.dll
0x00007fff120e0000 - 0x00007fff12153000 	C:\Windows\System32\WINTRUST.dll
0x00007fff10c40000 - 0x00007fff10c73000 	C:\Windows\SYSTEM32\ntmarta.dll
0x00007fff136d0000 - 0x00007fff136ed000 	C:\Windows\System32\imagehlp.dll
0x00007ffefe260000 - 0x00007fff01ff4000 	C:\Windows\System32\DriverStore\FileRepository\nv_dispi.inf_amd64_20ae8f14a487d5db\nvgpucomp64.dll
0x00007fff02430000 - 0x00007fff0246b000 	C:\Windows\SYSTEM32\dxcore.dll
0x00007ffe95dc0000 - 0x00007ffe95f07000 	C:\Windows\system32\nvspcap64.dll
0x00007fff0f270000 - 0x00007fff0f29e000 	C:\Windows\SYSTEM32\dwmapi.dll
0x00007fff05f10000 - 0x00007fff06009000 	C:\Windows\SYSTEM32\textinputframework.dll
0x00007fff0db20000 - 0x00007fff0de7b000 	C:\Windows\System32\CoreUIComponents.dll
0x00007fff0de80000 - 0x00007fff0df72000 	C:\Windows\System32\CoreMessaging.dll
0x00007fff0e0f0000 - 0x00007fff0e247000 	C:\Windows\SYSTEM32\wintypes.dll
0x00007ffef7db0000 - 0x00007ffef7df5000 	C:\Windows\SYSTEM32\icm32.dll
0x00007fff11880000 - 0x00007fff118cb000 	C:\Windows\SYSTEM32\powrprof.dll
0x00007fff11860000 - 0x00007fff11872000 	C:\Windows\SYSTEM32\UMPDC.dll
0x00007fff11740000 - 0x00007fff117a3000 	C:\Windows\SYSTEM32\WINSTA.dll
0x0000025d923c0000 - 0x0000025d9a547000 	C:\Program Files (x86)\ASUS\GPUTweakIII\GTIII-OSD\x64\GTIII-OSD64.dll
0x00007ffe9c870000 - 0x00007ffe9cad3000 	C:\Windows\SYSTEM32\d3dx9_43.dll
0x00007fff0c4d0000 - 0x00007fff0c92d000 	C:\Windows\SYSTEM32\D3DCOMPILER_47.dll
0x00007ffe9cae0000 - 0x00007ffe9cb11000 	C:\Windows\SYSTEM32\d3d10_1.dll
0x00007ffef8760000 - 0x00007ffef8785000 	C:\Windows\SYSTEM32\d3d12.dll
0x00007ffeba5f0000 - 0x00007ffeba5fd000 	C:\Windows\SYSTEM32\d3d10_1core.dll
0x00007fff0ca00000 - 0x00007fff0cc64000 	C:\Windows\SYSTEM32\d3d11.dll
0x00007fff103c0000 - 0x00007fff104b6000 	C:\Windows\SYSTEM32\dxgi.dll
0x00007ffedd660000 - 0x00007ffedd831000 	C:\Windows\SYSTEM32\d3d9.dll
0x0000000070a40000 - 0x0000000070adc000 	C:\Users\chuck\.gradle\caches\minecraft\net\minecraft\minecraft_natives\1.7.10\avutil-ttv-51.dll
0x0000000065980000 - 0x00000000659d6000 	C:\Users\chuck\.gradle\caches\minecraft\net\minecraft\minecraft_natives\1.7.10\swresample-ttv-0.dll
0x000000006eb80000 - 0x000000006ec50000 	C:\Users\chuck\.gradle\caches\minecraft\net\minecraft\minecraft_natives\1.7.10\libmp3lame-ttv.dll
0x00007ffe52190000 - 0x00007ffe53534000 	C:\Users\chuck\.gradle\caches\minecraft\net\minecraft\minecraft_natives\1.7.10\libmfxsw64.dll
0x00007ffe96c40000 - 0x00007ffe96d6b000 	C:\Users\chuck\.gradle\caches\minecraft\net\minecraft\minecraft_natives\1.7.10\twitchsdk.dll
0x00007ffef3380000 - 0x00007ffef3856000 	C:\Windows\SYSTEM32\WININET.dll
0x0000025db26f0000 - 0x0000025dba741000 	C:\Program Files (x86)\ASUS\GPUTweakIII\GTIII-OSD\x64\GTIII-OSD64-GL.dll
0x0000000060690000 - 0x00000000606f3000 	C:\Program Files (x86)\ASUS\GPUTweakIII\GTIII-OSD\x64\glew32.dll
0x00007ffef86b0000 - 0x00007ffef875c000 	C:\Windows\SYSTEM32\TextShaping.dll
0x0000025d90110000 - 0x0000025d90174000 	C:\Users\chuck\.gradle\caches\minecraft\net\minecraft\minecraft_natives\1.7.10\OpenAL64.dll
0x00007fff0ae30000 - 0x00007fff0aeb5000 	C:\Windows\System32\MMDevApi.dll
0x00007ffedf470000 - 0x00007ffedf50c000 	C:\Windows\SYSTEM32\dsound.dll
0x00007ffef3880000 - 0x00007ffef38a6000 	C:\Windows\SYSTEM32\winmmbase.dll
0x00007fff0af30000 - 0x00007fff0b0b1000 	C:\Windows\SYSTEM32\AUDIOSES.DLL
0x00007fff0f030000 - 0x00007fff0f044000 	C:\Windows\SYSTEM32\resourcepolicyclient.dll
0x00007ffed46e0000 - 0x00007ffed4714000 	C:\Program Files\Java\jdk-1.8\jre\bin\jpeg.dll
0x00007ffef1d10000 - 0x00007ffef1d35000 	C:\Program Files\Java\jdk-1.8\jre\bin\sunec.dll
0x00007fff0e080000 - 0x00007fff0e08e000 	C:\Program Files\Java\jdk-1.8\jre\bin\sunmscapi.dll
0x00007fff113e0000 - 0x00007fff11407000 	C:\Windows\SYSTEM32\ncrypt.dll
0x00007fff113a0000 - 0x00007fff113db000 	C:\Windows\SYSTEM32\NTASN1.dll
0x00007fff0fea0000 - 0x00007fff100a1000 	C:\Windows\SYSTEM32\dbghelp.dll

VM Arguments:
jvm_args: -Dfile.encoding=UTF-8 -Duser.country=US -Duser.language=en -Duser.variant 
java_command: GradleStart
java_class_path (initial): C:\Users\chuck\.gradle\caches\minecraft\net\minecraftforge\forge\1.7.10-10.13.4.1614-1.7.10\start;C:\Users\chuck\.gradle\caches\minecraft\net\minecraftforge\forge\1.7.10-10.13.4.1614-1.7.10\forgeSrc-1.7.10-10.13.4.1614-1.7.10.jar;C:\Users\chuck\.gradle\caches\modules-2\files-2.1\net.minecraft\launchwrapper\1.12\111e7bea9c968cdb3d06ef4632bf7ff0824d0f36\launchwrapper-1.12.jar;C:\Users\chuck\.gradle\caches\modules-2\files-2.1\com.google.code.findbugs\jsr305\1.3.9\40719ea6961c0cb6afaeb6a921eaa1f6afd4cfdf\jsr305-1.3.9.jar;C:\Users\chuck\.gradle\caches\modules-2\files-2.1\org.ow2.asm\asm-debug-all\5.0.3\f9e364ae2a66ce2a543012a4668856e84e5dab74\asm-debug-all-5.0.3.jar;C:\Users\chuck\.gradle\caches\modules-2\files-2.1\com.typesafe.akka\akka-actor_2.11\2.3.3\ed62e9fc709ca0f2ff1a3220daa8b70a2870078e\akka-actor_2.11-2.3.3.jar;C:\Users\chuck\.gradle\caches\modules-2\files-2.1\com.typesafe\config\1.2.1\f771f71fdae3df231bcd54d5ca2d57f0bf93f467\config-1.2.1.jar;C:\Users\chuck\.gradle\caches\modules-2\files-2.1\org.scala-lang\scala-actors-migration_2.11\1.1.0\dfa8bc42b181d5b9f1a5dd147f8ae308b893eb6f\scala-actors-migration_2.11-1.1.0.jar;C:\Users\chuck\.gradle\caches\modules-2\files-2.1\org.scala-lang.plugins\scala-continuations-plugin_2.11.1\1.0.2\f361a3283452c57fa30c1ee69448995de23c60f7\scala-continuations-plugin_2.11.1-1.0.2.jar;C:\Users\chuck\.gradle\caches\modules-2\files-2.1\org.scala-lang\scala-compiler\2.11.1\56ea2e6c025e0821f28d73ca271218b8dd04926a\scala-compiler-2.11.1.jar;C:\Users\chuck\.gradle\caches\modules-2\files-2.1\org.scala-lang.plugins\scala-continuations-library_2.11\1.0.2\e517c53a7e9acd6b1668c5a35eccbaa3bab9aac\scala-continuations-library_2.11-1.0.2.jar;C:\Users\chuck\.gradle\caches\modules-2\files-2.1\org.scala-lang\scala-reflect\2.11.1\6580347e61cc7f8e802941e7fde40fa83b8badeb\scala-reflect-2.11.1.jar;C:\Users\chuck\.gradle\caches\modules-2\files-2.1\org.scala-lang\scala-actors\2.11.0\8ccfb6541de179bb1c4d45cf414acee069b7f78b\scala-a
Launcher Type: SUN_STANDARD

Environment Variables:
PATH=C:\Program Files\Eclipse Adoptium\jdk-8.0.462.8-hotspot\bin;C:\Program Files\Common Files\Oracle\Java\javapath;C:\Program Files (x86)\Common Files\Oracle\Java\java8path;C:\Program Files (x86)\Common Files\Oracle\Java\javapath;C:\Program Files (x86)\Razer Chroma SDK\bin;C:\Program Files\Razer Chroma SDK\bin;C:\Program Files (x86)\Razer\ChromaBroadcast\bin;C:\Program Files\Razer\ChromaBroadcast\bin;C:\Windows\system32;C:\Windows;C:\Windows\System32\Wbem;C:\Windows\System32\WindowsPowerShell\v1.0\;C:\Windows\System32\OpenSSH\;C:\Program Files (x86)\NVIDIA Corporation\PhysX\Common;C:\Windows\system32\config\systemprofile\AppData\Local\Microsoft\WindowsApps;C:\Program Files\dotnet\;C:\Program Files (x86)\Windows Live\Shared;C:\Program Files\Git\cmd;C:\Program Files\WorldPainter;C:\Program Files\NVIDIA Corporation\NVIDIA app\NvDLISR;C:\Users\chuck\AppData\Local\Microsoft\WindowsApps;;C:\Program Files\JetBrains\IntelliJ IDEA 2024.2.0.1\bin;
USERNAME=chuck
OS=Windows_NT
PROCESSOR_IDENTIFIER=Intel64 Family 6 Model 158 Stepping 13, GenuineIntel



---------------  S Y S T E M  ---------------

OS: Windows 10 , 64 bit Build 19041 (10.0.19041.5915)

CPU:total 16 (initial active 16) (8 cores per cpu, 2 threads per core) family 6 model 158 stepping 13, cmov, cx8, fxsr, mmx, sse, sse2, sse3, ssse3, sse4.1, sse4.2, popcnt, avx, avx2, aes, clmul, erms, 3dnowpref, lzcnt, ht, tsc, tscinvbit, bmi1, bmi2, adx

Memory: 4k page, physical 67022948k(46035792k free), swap 71217252k(39221356k free)

vm_info: Java HotSpot(TM) 64-Bit Server VM (25.471-b09) for windows-amd64 JRE (1.8.0_471-b09), built on Sep 26 2025 05:08:27 by "java_re" with MS VC++ 17.6 (VS2022)

time: Mon Nov 24 22:31:36 2025
timezone: Eastern Standard Time
elapsed time: 95.673425 seconds (0d 0h 1m 35s)

