#
# A fatal error has been detected by the Java Runtime Environment:
#
#  EXCEPTION_ACCESS_VIOLATION (0xc0000005) at pc=0x00007ffe5df182e9, pid=14508, tid=0x0000000000006448
#
# JRE version: Java(TM) SE Runtime Environment (8.0_471) (build 1.8.0_471-b09)
# Java VM: Java HotSpot(TM) 64-Bit Server VM (25.471-b09 mixed mode windows-amd64 compressed oops)
# Problematic frame:
# C  [nvoglv64.dll+0x8682e9]
#
# Failed to write core dump. Minidumps are not enabled by default on client versions of Windows
#
# If you would like to submit a bug report, please visit:
#   https://bugreport.java.com/bugreport/crash.jsp
#

---------------  T H R E A D  ---------------

Current thread (0x0000025fe9419000):  VMThread [stack: 0x000000bb3fe00000,0x000000bb3ff00000] [id=25672]

siginfo: ExceptionCode=0xc0000005, reading address 0x0000000000001238

Registers:
RAX=0x0000000000000000, RBX=0x0000025ff0002040, RCX=0x0000000000000004, RDX=0x0000000000000000
RSP=0x000000bb3feff168, RBP=0x0000000000000000, RSI=0x0000000000000000, RDI=0x0000025ff0002040
R8 =0x0000000000000000, R9 =0x0000025fb6f400a0, R10=0x0000025fd2210000, R11=0x000000bb3feff170
R12=0x0000025fbcde0000, R13=0x0000025fbcf13820, R14=0x0000000000000000, R15=0x0000000000000000
RIP=0x00007ffe5df182e9, EFLAGS=0x0000000000010202

Top of Stack: (sp=0x000000bb3feff168)
0x000000bb3feff168:   0000025fbcdebbf1 0000000000000000
0x000000bb3feff178:   0000000000000000 0000025fbcf13820
0x000000bb3feff188:   0000025fbcde0000 fffffffffffffffe
0x000000bb3feff198:   00007fff143b47b1 0000025fb6f40198
0x000000bb3feff1a8:   0000025fbcde8281 0000000000000000
0x000000bb3feff1b8:   0000000000000000 0000000000000000
0x000000bb3feff1c8:   000000bb00000000 0000025fb6f40198
0x000000bb3feff1d8:   0000025fbcde7c71 0000025fb6f400a0
0x000000bb3feff1e8:   0000000000000000 0000025fef105f30
0x000000bb3feff1f8:   00007fff143b5ba1 0000025fbcf13840
0x000000bb3feff208:   0000025fbce2ac0d 0000000000000040
0x000000bb3feff218:   00007fff00000000 000000bb3feff358
0x000000bb3feff228:   0000025fd2210000 0000025fbcde0000
0x000000bb3feff238:   0000025fe901d828 0000025fbce73f4c
0x000000bb3feff248:   0000000000000001 0000000000000001
0x000000bb3feff258:   0000025fbcdea083 0000000000000000 

Instructions: (pc=0x00007ffe5df182e9)
0x00007ffe5df182c9:   af af af af af af af c3 cc cc cc cc cc cc cc cc
0x00007ffe5df182d9:   cc cc cc cc cc cc cc 65 48 8b 04 25 30 16 00 00
0x00007ffe5df182e9:   ff a0 38 12 00 00 cc cc cc cc cc cc cc cc cc cc
0x00007ffe5df182f9:   cc cc cc cc cc cc cc cc cc cc cc cc cc cc cc cc 


Register to memory mapping:

RAX=0x0000000000000000 is an unknown value
RBX=0x0000025ff0002040 is an unknown value
RCX=0x0000000000000004 is an unknown value
RDX=0x0000000000000000 is an unknown value
RSP=0x000000bb3feff168 is an unknown value
RBP=0x0000000000000000 is an unknown value
RSI=0x0000000000000000 is an unknown value
RDI=0x0000025ff0002040 is an unknown value
R8 =0x0000000000000000 is an unknown value
R9 =0x0000025fb6f400a0 is an unknown value
R10=0x0000025fd2210000 is an unknown value
R11=0x000000bb3feff170 is an unknown value
R12=0x0000025fbcde0000 is an unknown value
R13=0x0000025fbcf13820 is an unknown value
R14=0x0000000000000000 is an unknown value
R15=0x0000000000000000 is an unknown value


Stack: [0x000000bb3fe00000,0x000000bb3ff00000],  sp=0x000000bb3feff168,  free space=1020k
Native frames: (J=compiled Java code, j=interpreted, Vv=VM code, C=native code)

VM_Operation (0x000000bb3f0fe360): Exit, mode: safepoint, requested by thread 0x0000025fd225b000


---------------  P R O C E S S  ---------------

Java Threads: ( => current thread )
  0x0000025ff15b8800 JavaThread "File IO Thread" [_thread_blocked, id=2688, stack(0x000000bb3ed00000,0x000000bb3ee00000)]
  0x0000025fed7c8000 JavaThread "Netty IO #1" daemon [_thread_in_native, id=20652, stack(0x000000bb42400000,0x000000bb42500000)]
  0x0000025fed7cf000 JavaThread "Netty Client IO #0" daemon [_thread_in_native, id=7664, stack(0x000000bb42300000,0x000000bb42400000)]
  0x0000025fed7c6800 JavaThread "Netty IO #0" daemon [_thread_in_native, id=24808, stack(0x000000bb41d00000,0x000000bb41e00000)]
  0x0000025fed7c4800 JavaThread "Server thread" [_thread_blocked, id=27448, stack(0x000000bb41b00000,0x000000bb41c00000)]
  0x0000025ff0e6e800 JavaThread "LWJGL Timer" daemon [_thread_blocked, id=19012, stack(0x000000bb41c00000,0x000000bb41d00000)]
  0x0000025fed02e000 JavaThread "Java2D Disposer" daemon [_thread_blocked, id=10192, stack(0x000000bb41300000,0x000000bb41400000)]
  0x0000025ff2e7c000 JavaThread "Timer hack thread" daemon [_thread_blocked, id=17948, stack(0x000000bb41200000,0x000000bb41300000)]
  0x0000025ff2dda800 JavaThread "Snooper Timer" daemon [_thread_blocked, id=8740, stack(0x000000bb41100000,0x000000bb41200000)]
  0x0000025fec13e800 JavaThread "Service Thread" daemon [_thread_blocked, id=24988, stack(0x000000bb40f00000,0x000000bb41000000)]
  0x0000025fec048000 JavaThread "C1 CompilerThread11" daemon [_thread_blocked, id=24068, stack(0x000000bb40e00000,0x000000bb40f00000)]
  0x0000025fec047000 JavaThread "C1 CompilerThread10" daemon [_thread_blocked, id=17336, stack(0x000000bb40d00000,0x000000bb40e00000)]
  0x0000025fec046800 JavaThread "C1 CompilerThread9" daemon [_thread_blocked, id=5080, stack(0x000000bb40c00000,0x000000bb40d00000)]
  0x0000025fec045800 JavaThread "C1 CompilerThread8" daemon [_thread_blocked, id=26000, stack(0x000000bb40b00000,0x000000bb40c00000)]
  0x0000025fec04b000 JavaThread "C2 CompilerThread7" daemon [_thread_blocked, id=7712, stack(0x000000bb40a00000,0x000000bb40b00000)]
  0x0000025fec049800 JavaThread "C2 CompilerThread6" daemon [_thread_blocked, id=7036, stack(0x000000bb40900000,0x000000bb40a00000)]
  0x0000025fec044800 JavaThread "C2 CompilerThread5" daemon [_thread_blocked, id=4344, stack(0x000000bb40800000,0x000000bb40900000)]
  0x0000025fec04a000 JavaThread "C2 CompilerThread4" daemon [_thread_blocked, id=26356, stack(0x000000bb40700000,0x000000bb40800000)]
  0x0000025fec044000 JavaThread "C2 CompilerThread3" daemon [_thread_blocked, id=27596, stack(0x000000bb40600000,0x000000bb40700000)]
  0x0000025fec05b000 JavaThread "C2 CompilerThread2" daemon [_thread_blocked, id=26492, stack(0x000000bb40500000,0x000000bb40600000)]
  0x0000025fec054000 JavaThread "C2 CompilerThread1" daemon [_thread_blocked, id=23464, stack(0x000000bb40400000,0x000000bb40500000)]
  0x0000025fec051800 JavaThread "C2 CompilerThread0" daemon [_thread_blocked, id=20600, stack(0x000000bb40300000,0x000000bb40400000)]
  0x0000025fec04e800 JavaThread "Attach Listener" daemon [_thread_blocked, id=23720, stack(0x000000bb40200000,0x000000bb40300000)]
  0x0000025fec04d000 JavaThread "Signal Dispatcher" daemon [_thread_blocked, id=23152, stack(0x000000bb40100000,0x000000bb40200000)]
  0x0000025fe9428800 JavaThread "Finalizer" daemon [_thread_blocked, id=23840, stack(0x000000bb40000000,0x000000bb40100000)]
  0x0000025fec020800 JavaThread "Reference Handler" daemon [_thread_blocked, id=27568, stack(0x000000bb3ff00000,0x000000bb40000000)]
  0x0000025fd225b000 JavaThread "Client thread" [_thread_blocked, id=15192, stack(0x000000bb3f000000,0x000000bb3f100000)]

Other Threads:
=>0x0000025fe9419000 VMThread [stack: 0x000000bb3fe00000,0x000000bb3ff00000] [id=25672]

VM state:at safepoint (shutting down)

VM Mutex/Monitor currently owned by a thread:  ([mutex/lock_event])
[0x0000025fd2255280] Threads_lock - owner thread: 0x0000025fe9419000

heap address: 0x00000003c1400000, size: 16364 MB, Compressed Oops mode: Zero based, Oop shift amount: 3
Narrow klass base: 0x0000000000000000, Narrow klass shift: 3
Compressed class space size: 1073741824 Address: 0x00000007c0000000

Heap:
 PSYoungGen      total 474112K, used 325698K [0x000000066b180000, 0x000000068f880000, 0x00000007c0000000)
  eden space 465920K, 68% used [0x000000066b180000,0x000000067e79ffd8,0x0000000687880000)
  from space 8192K, 99% used [0x0000000688580000,0x0000000688d70a68,0x0000000688d80000)
  to   space 65536K, 0% used [0x000000068b880000,0x000000068b880000,0x000000068f880000)
 ParOldGen       total 404480K, used 171738K [0x00000003c1400000, 0x00000003d9f00000, 0x000000066b180000)
  object space 404480K, 42% used [0x00000003c1400000,0x00000003cbbb6ba0,0x00000003d9f00000)
 Metaspace       used 43433K, capacity 43899K, committed 44416K, reserved 1089536K
  class space    used 5000K, capacity 5130K, committed 5248K, reserved 1048576K

Card table byte_map: [0x0000025fe30b0000,0x0000025fe50b0000] byte_map_base: 0x0000025fe12a6000

Marking Bits: (ParMarkBitMap*) 0x00007ffe6589a3e0
 Begin Bits: [0x0000025f80000000, 0x0000025f8ffb0000)
 End Bits:   [0x0000025f8ffb0000, 0x0000025f9ff60000)

Polling page: 0x0000025fd24e0000

CodeCache: size=245760Kb used=32094Kb max_used=34124Kb free=213665Kb
 bounds [0x0000025fd3cf0000, 0x0000025fd5eb0000, 0x0000025fe2cf0000]
 total_blobs=8469 nmethods=7618 adapters=757
 compilation: enabled

Compilation events (10 events):
Event: 127.358 Thread 0x0000025fec045800 10864       3       com.google.gson.JsonArray::add (20 bytes)
Event: 127.358 Thread 0x0000025fec048000 10865       3       com.google.gson.stream.JsonWriter::replaceTop (13 bytes)
Event: 127.358 Thread 0x0000025fec048000 nmethod 10865 0x0000025fd4b44ad0 code [0x0000025fd4b44c20, 0x0000025fd4b44db8]
Event: 127.358 Thread 0x0000025fec045800 nmethod 10864 0x0000025fd4b44590 code [0x0000025fd4b44700, 0x0000025fd4b449d0]
Event: 127.362 Thread 0x0000025fec04b000 10866       4       cpw.mods.fml.common.functions.TypeCastFunction::apply (9 bytes)
Event: 127.362 Thread 0x0000025fec05b000 10867       4       net.minecraft.nbt.NBTTagCompound::setString (20 bytes)
Event: 127.363 Thread 0x0000025fec04b000 nmethod 10866 0x0000025fd4db1290 code [0x0000025fd4db13c0, 0x0000025fd4db14b8]
Event: 127.363 Thread 0x0000025fec044000 10869  s    4       java.io.BufferedOutputStream::write (67 bytes)
Event: 127.365 Thread 0x0000025fec044000 nmethod 10869 0x0000025fd4db0890 code [0x0000025fd4db0a00, 0x0000025fd4db0f68]
Event: 127.365 Thread 0x0000025fec05b000 nmethod 10867 0x0000025fd571dc50 code [0x0000025fd571ddc0, 0x0000025fd571e0d8]

GC Heap History (10 events):
Event: 95.270 GC heap before
{Heap before GC invocations=24 (full 5):
 PSYoungGen      total 543744K, used 543421K [0x000000066b180000, 0x0000000698d80000, 0x00000007c0000000)
  eden space 537600K, 100% used [0x000000066b180000,0x000000068be80000,0x000000068be80000)
  from space 6144K, 94% used [0x0000000698780000,0x0000000698d2f4a8,0x0000000698d80000)
  to   space 82432K, 0% used [0x000000068ec80000,0x000000068ec80000,0x0000000693d00000)
 ParOldGen       total 404480K, used 171738K [0x00000003c1400000, 0x00000003d9f00000, 0x000000066b180000)
  object space 404480K, 42% used [0x00000003c1400000,0x00000003cbbb6ba0,0x00000003d9f00000)
 Metaspace       used 43353K, capacity 43829K, committed 44160K, reserved 1087488K
  class space    used 4990K, capacity 5129K, committed 5248K, reserved 1048576K
Event: 95.272 GC heap after
Heap after GC invocations=24 (full 5):
 PSYoungGen      total 528896K, used 6327K [0x000000066b180000, 0x0000000698800000, 0x00000007c0000000)
  eden space 522240K, 0% used [0x000000066b180000,0x000000066b180000,0x000000068af80000)
  from space 6656K, 95% used [0x000000068ec80000,0x000000068f2adf38,0x000000068f300000)
  to   space 79360K, 0% used [0x0000000693a80000,0x0000000693a80000,0x0000000698800000)
 ParOldGen       total 404480K, used 171738K [0x00000003c1400000, 0x00000003d9f00000, 0x000000066b180000)
  object space 404480K, 42% used [0x00000003c1400000,0x00000003cbbb6ba0,0x00000003d9f00000)
 Metaspace       used 43353K, capacity 43829K, committed 44160K, reserved 1087488K
  class space    used 4990K, capacity 5129K, committed 5248K, reserved 1048576K
}
Event: 102.684 GC heap before
{Heap before GC invocations=25 (full 5):
 PSYoungGen      total 528896K, used 528567K [0x000000066b180000, 0x0000000698800000, 0x00000007c0000000)
  eden space 522240K, 100% used [0x000000066b180000,0x000000068af80000,0x000000068af80000)
  from space 6656K, 95% used [0x000000068ec80000,0x000000068f2adf38,0x000000068f300000)
  to   space 79360K, 0% used [0x0000000693a80000,0x0000000693a80000,0x0000000698800000)
 ParOldGen       total 404480K, used 171738K [0x00000003c1400000, 0x00000003d9f00000, 0x000000066b180000)
  object space 404480K, 42% used [0x00000003c1400000,0x00000003cbbb6ba0,0x00000003d9f00000)
 Metaspace       used 43361K, capacity 43829K, committed 44160K, reserved 1087488K
  class space    used 4990K, capacity 5129K, committed 5248K, reserved 1048576K
Event: 102.687 GC heap after
Heap after GC invocations=25 (full 5):
 PSYoungGen      total 514048K, used 6629K [0x000000066b180000, 0x0000000694100000, 0x00000007c0000000)
  eden space 507392K, 0% used [0x000000066b180000,0x000000066b180000,0x000000068a100000)
  from space 6656K, 99% used [0x0000000693a80000,0x00000006940f9518,0x0000000694100000)
  to   space 76288K, 0% used [0x000000068ac00000,0x000000068ac00000,0x000000068f680000)
 ParOldGen       total 404480K, used 171738K [0x00000003c1400000, 0x00000003d9f00000, 0x000000066b180000)
  object space 404480K, 42% used [0x00000003c1400000,0x00000003cbbb6ba0,0x00000003d9f00000)
 Metaspace       used 43361K, capacity 43829K, committed 44160K, reserved 1087488K
  class space    used 4990K, capacity 5129K, committed 5248K, reserved 1048576K
}
Event: 109.413 GC heap before
{Heap before GC invocations=26 (full 5):
 PSYoungGen      total 514048K, used 514021K [0x000000066b180000, 0x0000000694100000, 0x00000007c0000000)
  eden space 507392K, 100% used [0x000000066b180000,0x000000068a100000,0x000000068a100000)
  from space 6656K, 99% used [0x0000000693a80000,0x00000006940f9518,0x0000000694100000)
  to   space 76288K, 0% used [0x000000068ac00000,0x000000068ac00000,0x000000068f680000)
 ParOldGen       total 404480K, used 171738K [0x00000003c1400000, 0x00000003d9f00000, 0x000000066b180000)
  object space 404480K, 42% used [0x00000003c1400000,0x00000003cbbb6ba0,0x00000003d9f00000)
 Metaspace       used 43377K, capacity 43829K, committed 44160K, reserved 1087488K
  class space    used 4990K, capacity 5129K, committed 5248K, reserved 1048576K
Event: 109.415 GC heap after
Heap after GC invocations=26 (full 5):
 PSYoungGen      total 498688K, used 5388K [0x000000066b180000, 0x0000000693b00000, 0x00000007c0000000)
  eden space 493056K, 0% used [0x000000066b180000,0x000000066b180000,0x0000000689300000)
  from space 5632K, 95% used [0x000000068ac00000,0x000000068b143198,0x000000068b180000)
  to   space 72704K, 0% used [0x000000068f400000,0x000000068f400000,0x0000000693b00000)
 ParOldGen       total 404480K, used 171738K [0x00000003c1400000, 0x00000003d9f00000, 0x000000066b180000)
  object space 404480K, 42% used [0x00000003c1400000,0x00000003cbbb6ba0,0x00000003d9f00000)
 Metaspace       used 43377K, capacity 43829K, committed 44160K, reserved 1087488K
  class space    used 4990K, capacity 5129K, committed 5248K, reserved 1048576K
}
Event: 116.321 GC heap before
{Heap before GC invocations=27 (full 5):
 PSYoungGen      total 498688K, used 498444K [0x000000066b180000, 0x0000000693b00000, 0x00000007c0000000)
  eden space 493056K, 100% used [0x000000066b180000,0x0000000689300000,0x0000000689300000)
  from space 5632K, 95% used [0x000000068ac00000,0x000000068b143198,0x000000068b180000)
  to   space 72704K, 0% used [0x000000068f400000,0x000000068f400000,0x0000000693b00000)
 ParOldGen       total 404480K, used 171738K [0x00000003c1400000, 0x00000003d9f00000, 0x000000066b180000)
  object space 404480K, 42% used [0x00000003c1400000,0x00000003cbbb6ba0,0x00000003d9f00000)
 Metaspace       used 43379K, capacity 43829K, committed 44160K, reserved 1087488K
  class space    used 4990K, capacity 5129K, committed 5248K, reserved 1048576K
Event: 116.325 GC heap after
Heap after GC invocations=27 (full 5):
 PSYoungGen      total 505344K, used 7015K [0x000000066b180000, 0x0000000690d80000, 0x00000007c0000000)
  eden space 479232K, 0% used [0x000000066b180000,0x000000066b180000,0x0000000688580000)
  from space 26112K, 26% used [0x000000068f400000,0x000000068fad9dc0,0x0000000690d80000)
  to   space 69632K, 0% used [0x0000000688580000,0x0000000688580000,0x000000068c980000)
 ParOldGen       total 404480K, used 171738K [0x00000003c1400000, 0x00000003d9f00000, 0x000000066b180000)
  object space 404480K, 42% used [0x00000003c1400000,0x00000003cbbb6ba0,0x00000003d9f00000)
 Metaspace       used 43379K, capacity 43829K, committed 44160K, reserved 1087488K
  class space    used 4990K, capacity 5129K, committed 5248K, reserved 1048576K
}
Event: 122.931 GC heap before
{Heap before GC invocations=28 (full 5):
 PSYoungGen      total 505344K, used 486247K [0x000000066b180000, 0x0000000690d80000, 0x00000007c0000000)
  eden space 479232K, 100% used [0x000000066b180000,0x0000000688580000,0x0000000688580000)
  from space 26112K, 26% used [0x000000068f400000,0x000000068fad9dc0,0x0000000690d80000)
  to   space 69632K, 0% used [0x0000000688580000,0x0000000688580000,0x000000068c980000)
 ParOldGen       total 404480K, used 171738K [0x00000003c1400000, 0x00000003d9f00000, 0x000000066b180000)
  object space 404480K, 42% used [0x00000003c1400000,0x00000003cbbb6ba0,0x00000003d9f00000)
 Metaspace       used 43380K, capacity 43829K, committed 44160K, reserved 1087488K
  class space    used 4990K, capacity 5129K, committed 5248K, reserved 1048576K
Event: 122.934 GC heap after
Heap after GC invocations=28 (full 5):
 PSYoungGen      total 474112K, used 8130K [0x000000066b180000, 0x000000068f880000, 0x00000007c0000000)
  eden space 465920K, 0% used [0x000000066b180000,0x000000066b180000,0x0000000687880000)
  from space 8192K, 99% used [0x0000000688580000,0x0000000688d70a68,0x0000000688d80000)
  to   space 65536K, 0% used [0x000000068b880000,0x000000068b880000,0x000000068f880000)
 ParOldGen       total 404480K, used 171738K [0x00000003c1400000, 0x00000003d9f00000, 0x000000066b180000)
  object space 404480K, 42% used [0x00000003c1400000,0x00000003cbbb6ba0,0x00000003d9f00000)
 Metaspace       used 43380K, capacity 43829K, committed 44160K, reserved 1087488K
  class space    used 4990K, capacity 5129K, committed 5248K, reserved 1048576K
}

Deoptimization events (10 events):
Event: 127.076 Thread 0x0000025fed7cf000 Uncommon trap: reason=null_check action=make_not_entrant pc=0x0000025fd4b04a74 method=io.netty.util.DefaultAttributeMap.attr(Lio/netty/util/AttributeKey;)Lio/netty/util/Attribute; @ 46
Event: 127.076 Thread 0x0000025fed7c8000 Uncommon trap: reason=null_check action=make_not_entrant pc=0x0000025fd4b04a74 method=io.netty.util.DefaultAttributeMap.attr(Lio/netty/util/AttributeKey;)Lio/netty/util/Attribute; @ 46
Event: 127.076 Thread 0x0000025fed7cf000 Uncommon trap: reason=unstable_if action=reinterpret pc=0x0000025fd4e50054 method=io.netty.channel.local.LocalChannel.isActive()Z @ 5
Event: 127.076 Thread 0x0000025fed7cf000 Uncommon trap: reason=unstable_if action=reinterpret pc=0x0000025fd4ebe9d4 method=io.netty.channel.local.LocalChannel.isOpen()Z @ 5
Event: 127.076 Thread 0x0000025fed7cf000 Uncommon trap: reason=unstable_if action=reinterpret pc=0x0000025fd5827c00 method=io.netty.channel.local.LocalChannel.isActive()Z @ 5
Event: 127.352 Thread 0x0000025fd225b000 Uncommon trap: reason=unstable_if action=reinterpret pc=0x0000025fd4486f18 method=cpw.mods.fml.relauncher.FMLSecurityManager.checkPermission(Ljava/security/Permission;)V @ 23
Event: 127.359 Thread 0x0000025ff15ba000 Uncommon trap: reason=unstable_if action=reinterpret pc=0x0000025fd54ba5d0 method=io.netty.channel.local.LocalChannel.isOpen()Z @ 5
Event: 127.368 Thread 0x0000025ff15ba000 Uncommon trap: reason=unstable_if action=reinterpret pc=0x0000025fd5283c34 method=com.google.common.collect.MapMakerInternalMap$Segment.getEntry(Ljava/lang/Object;I)Lcom/google/common/collect/MapMakerInternalMap$ReferenceEntry; @ 4
Event: 127.369 Thread 0x0000025ff15ba000 Uncommon trap: reason=unstable_if action=reinterpret pc=0x0000025fd41d01a8 method=com.google.common.collect.MapMakerInternalMap$Segment.getEntry(Ljava/lang/Object;I)Lcom/google/common/collect/MapMakerInternalMap$ReferenceEntry; @ 4
Event: 127.369 Thread 0x0000025ff15ba000 Uncommon trap: reason=unstable_if action=reinterpret pc=0x0000025fd4078e7c method=com.google.common.collect.MapMakerInternalMap$Segment.getEntry(Ljava/lang/Object;I)Lcom/google/common/collect/MapMakerInternalMap$ReferenceEntry; @ 4

Classes redefined (0 events):
No events

Internal exceptions (10 events):
Event: 126.944 Thread 0x0000025fed7cb800 Exception <a 'java/lang/InterruptedException': sleep interrupted> (0x000000067c953268) thrown at [C:\jenkins\workspace\8-2-build-windows-x64-cygwin-sans-NAS\jdk8u471\2292\hotspot\src\share\vm\prims\jvm.cpp, line 3359]
Event: 126.953 Thread 0x0000025fed7cb800 Exception <a 'java/lang/InterruptedException': sleep interrupted> (0x000000067c9534c0) thrown at [C:\jenkins\workspace\8-2-build-windows-x64-cygwin-sans-NAS\jdk8u471\2292\hotspot\src\share\vm\prims\jvm.cpp, line 3359]
Event: 126.961 Thread 0x0000025fed7cb800 Exception <a 'java/lang/InterruptedException': sleep interrupted> (0x000000067c953718) thrown at [C:\jenkins\workspace\8-2-build-windows-x64-cygwin-sans-NAS\jdk8u471\2292\hotspot\src\share\vm\prims\jvm.cpp, line 3359]
Event: 126.969 Thread 0x0000025fed7cb800 Exception <a 'java/lang/InterruptedException': sleep interrupted> (0x000000067c953970) thrown at [C:\jenkins\workspace\8-2-build-windows-x64-cygwin-sans-NAS\jdk8u471\2292\hotspot\src\share\vm\prims\jvm.cpp, line 3359]
Event: 126.977 Thread 0x0000025fed7cb800 Exception <a 'java/lang/InterruptedException': sleep interrupted> (0x000000067c953bc8) thrown at [C:\jenkins\workspace\8-2-build-windows-x64-cygwin-sans-NAS\jdk8u471\2292\hotspot\src\share\vm\prims\jvm.cpp, line 3359]
Event: 127.040 Thread 0x0000025fed7cb800 Exception <a 'java/lang/InterruptedException': sleep interrupted> (0x000000067c953e20) thrown at [C:\jenkins\workspace\8-2-build-windows-x64-cygwin-sans-NAS\jdk8u471\2292\hotspot\src\share\vm\prims\jvm.cpp, line 3359]
Event: 127.093 Thread 0x0000025fed7cb800 Exception <a 'java/lang/InterruptedException': sleep interrupted> (0x000000067c954078) thrown at [C:\jenkins\workspace\8-2-build-windows-x64-cygwin-sans-NAS\jdk8u471\2292\hotspot\src\share\vm\prims\jvm.cpp, line 3359]
Event: 127.093 Thread 0x0000025fed7cb800 Exception <a 'java/lang/InterruptedException': sleep interrupted> (0x000000067c9542d0) thrown at [C:\jenkins\workspace\8-2-build-windows-x64-cygwin-sans-NAS\jdk8u471\2292\hotspot\src\share\vm\prims\jvm.cpp, line 3359]
Event: 127.193 Thread 0x0000025fed7cd800 Exception <a 'java/lang/InterruptedException': sleep interrupted> (0x0000000679cd5168) thrown at [C:\jenkins\workspace\8-2-build-windows-x64-cygwin-sans-NAS\jdk8u471\2292\hotspot\src\share\vm\prims\jvm.cpp, line 3359]
Event: 127.352 Thread 0x0000025fd225b000 Exception <a 'org/lwjgl/LWJGLException': Failed to set device gamma.> (0x000000067cdcd2b8) thrown at [C:\jenkins\workspace\8-2-build-windows-x64-cygwin-sans-NAS\jdk8u471\2292\hotspot\src\share\vm\prims\jni.cpp, line 737]

Events (10 events):
Event: 127.369 Thread 0x0000025ff15ba000 Uncommon trap: trap_request=0xffffff65 fr.pc=0x0000025fd4078e7c
Event: 127.369 Thread 0x0000025ff15ba000 DEOPT PACKING pc=0x0000025fd4078e7c sp=0x000000bb3eefe8c0
Event: 127.369 Thread 0x0000025ff15ba000 DEOPT UNPACKING pc=0x0000025fd3d358c3 sp=0x000000bb3eefe888 mode 2
Event: 127.369 Executing VM operation: RevokeBias
Event: 127.369 Executing VM operation: RevokeBias done
Event: 127.369 Thread 0x0000025ff15ba000 Thread exited: 0x0000025ff15ba000
Event: 127.369 Executing VM operation: RevokeBias
Event: 127.369 Executing VM operation: RevokeBias done
Event: 127.369 Thread 0x0000025fed7c3800 Thread exited: 0x0000025fed7c3800
Event: 127.369 Executing VM operation: Exit


Dynamic libraries:
0x00007ff6b8270000 - 0x00007ff6b82bf000 	C:\Program Files\Java\jdk-1.8\bin\java.exe
0x00007fff14390000 - 0x00007fff14588000 	C:\Windows\SYSTEM32\ntdll.dll
0x00007fff12970000 - 0x00007fff12a32000 	C:\Windows\System32\KERNEL32.DLL
0x00007fff11d90000 - 0x00007fff12086000 	C:\Windows\System32\KERNELBASE.dll
0x00007fff12690000 - 0x00007fff12741000 	C:\Windows\System32\ADVAPI32.dll
0x00007fff12ec0000 - 0x00007fff12f5e000 	C:\Windows\System32\msvcrt.dll
0x00007fff12d60000 - 0x00007fff12dff000 	C:\Windows\System32\sechost.dll
0x00007fff13500000 - 0x00007fff13620000 	C:\Windows\System32\RPCRT4.dll
0x00007fff11a20000 - 0x00007fff11a47000 	C:\Windows\System32\bcrypt.dll
0x00007fff127c0000 - 0x00007fff12961000 	C:\Windows\System32\USER32.dll
0x00007fff11c60000 - 0x00007fff11c82000 	C:\Windows\System32\win32u.dll
0x00007fff13850000 - 0x00007fff1387b000 	C:\Windows\System32\GDI32.dll
0x00007fff12290000 - 0x00007fff123a9000 	C:\Windows\System32\gdi32full.dll
0x00007fff121f0000 - 0x00007fff1228d000 	C:\Windows\System32\msvcp_win.dll
0x00007fff11c90000 - 0x00007fff11d90000 	C:\Windows\System32\ucrtbase.dll
0x00007ffef30e0000 - 0x00007ffef337b000 	C:\Windows\WinSxS\amd64_microsoft.windows.common-controls_6595b64144ccf1df_6.0.19041.6456_none_60b8a6cb71f64256\COMCTL32.dll
0x00007fff12c20000 - 0x00007fff12c4f000 	C:\Windows\System32\IMM32.DLL
0x00007fff0c420000 - 0x00007fff0c43b000 	C:\Program Files\Java\jdk-1.8\jre\bin\vcruntime140.dll
0x00007fff0dfd0000 - 0x00007fff0dfdc000 	C:\Program Files\Java\jdk-1.8\jre\bin\vcruntime140_1.dll
0x00007ffef5ec0000 - 0x00007ffef5f4e000 	C:\Program Files\Java\jdk-1.8\jre\bin\msvcp140.dll
0x00007ffe650c0000 - 0x00007ffe6596a000 	C:\Program Files\Java\jdk-1.8\jre\bin\server\jvm.dll
0x00007fff12c10000 - 0x00007fff12c18000 	C:\Windows\System32\PSAPI.DLL
0x00007fff09db0000 - 0x00007fff09dba000 	C:\Windows\SYSTEM32\VERSION.dll
0x00007fff0c410000 - 0x00007fff0c419000 	C:\Windows\SYSTEM32\WSOCK32.dll
0x00007fff07340000 - 0x00007fff07367000 	C:\Windows\SYSTEM32\WINMM.dll
0x00007fff12750000 - 0x00007fff127bb000 	C:\Windows\System32\WS2_32.dll
0x00007fff10280000 - 0x00007fff10292000 	C:\Windows\SYSTEM32\kernel.appcore.dll
0x00007fff0c400000 - 0x00007fff0c410000 	C:\Program Files\Java\jdk-1.8\jre\bin\verify.dll
0x00007fff0b6c0000 - 0x00007fff0b6eb000 	C:\Program Files\Java\jdk-1.8\jre\bin\java.dll
0x00007fff0c3e0000 - 0x00007fff0c3f8000 	C:\Program Files\Java\jdk-1.8\jre\bin\zip.dll
0x00007fff13880000 - 0x00007fff13ff0000 	C:\Windows\System32\SHELL32.dll
0x00007fff0f630000 - 0x00007fff0fdd5000 	C:\Windows\SYSTEM32\windows.storage.dll
0x00007fff13ff0000 - 0x00007fff14344000 	C:\Windows\System32\combase.dll
0x00007fff11370000 - 0x00007fff1139b000 	C:\Windows\SYSTEM32\Wldp.dll
0x00007fff12560000 - 0x00007fff1262d000 	C:\Windows\System32\OLEAUT32.dll
0x00007fff13620000 - 0x00007fff136cd000 	C:\Windows\System32\SHCORE.dll
0x00007fff12630000 - 0x00007fff1268b000 	C:\Windows\System32\shlwapi.dll
0x00007fff11950000 - 0x00007fff11974000 	C:\Windows\SYSTEM32\profapi.dll
0x00007ffef5e70000 - 0x00007ffef5e7d000 	C:\Program Files\Java\jdk-1.8\jre\bin\management.dll
0x00007ffef7d90000 - 0x00007ffef7dac000 	C:\Program Files\Java\jdk-1.8\jre\bin\net.dll
0x00007fff110d0000 - 0x00007fff1113a000 	C:\Windows\system32\mswsock.dll
0x00007ffef7460000 - 0x00007ffef7473000 	C:\Program Files\Java\jdk-1.8\jre\bin\nio.dll
0x00007ffee67c0000 - 0x00007ffee67d7000 	C:\Windows\system32\napinsp.dll
0x00007ffee67e0000 - 0x00007ffee67fb000 	C:\Windows\system32\pnrpnsp.dll
0x00007fff0e0d0000 - 0x00007fff0e0ed000 	C:\Windows\system32\wshbth.dll
0x00007fff0dac0000 - 0x00007fff0dadd000 	C:\Windows\system32\NLAapi.dll
0x00007fff10db0000 - 0x00007fff10deb000 	C:\Windows\SYSTEM32\IPHLPAPI.DLL
0x00007fff10df0000 - 0x00007fff10eba000 	C:\Windows\SYSTEM32\DNSAPI.dll
0x00007fff12d40000 - 0x00007fff12d48000 	C:\Windows\System32\NSI.dll
0x00007ffee6f90000 - 0x00007ffee6fa2000 	C:\Windows\System32\winrnr.dll
0x00007ffef66e0000 - 0x00007ffef66ea000 	C:\Windows\System32\rasadhlp.dll
0x00007ffef6600000 - 0x00007ffef6680000 	C:\Windows\System32\fwpuclnt.dll
0x0000000180000000 - 0x0000000180051000 	C:\Users\chuck\.gradle\caches\minecraft\net\minecraft\minecraft_natives\1.7.10\lwjgl64.dll
0x00007ffe9c740000 - 0x00007ffe9c868000 	C:\Windows\SYSTEM32\OPENGL32.dll
0x00007ffe9c710000 - 0x00007ffe9c73c000 	C:\Windows\SYSTEM32\GLU32.dll
0x00007fff112d0000 - 0x00007fff112e8000 	C:\Windows\SYSTEM32\CRYPTSP.dll
0x00007fff109f0000 - 0x00007fff10a28000 	C:\Windows\system32\rsaenh.dll
0x00007fff11910000 - 0x00007fff1193e000 	C:\Windows\SYSTEM32\USERENV.dll
0x00007fff12160000 - 0x00007fff121e2000 	C:\Windows\System32\bcryptprimitives.dll
0x00007fff112c0000 - 0x00007fff112cc000 	C:\Windows\SYSTEM32\CRYPTBASE.dll
0x00007fff099f0000 - 0x00007fff09a07000 	C:\Windows\SYSTEM32\dhcpcsvc6.DLL
0x00007fff09dc0000 - 0x00007fff09ddd000 	C:\Windows\SYSTEM32\dhcpcsvc.DLL
0x00007ffe7b3d0000 - 0x00007ffe7b54e000 	C:\Program Files\Java\jdk-1.8\jre\bin\awt.dll
0x00007fff0e730000 - 0x00007fff0e7c4000 	C:\Windows\SYSTEM32\apphelp.dll
0x00007fff04100000 - 0x00007fff041ae000 	C:\Windows\SYSTEM32\mscms.dll
0x00007fff040e0000 - 0x00007fff040f1000 	C:\Windows\SYSTEM32\ColorAdapterClient.dll
0x00007fff0ef60000 - 0x00007fff0effe000 	C:\Windows\system32\uxtheme.dll
0x0000025ff4320000 - 0x0000025ffc393000 	C:\Program Files (x86)\ASUS\GPUTweakIII\GTIII-OSD\x64\GTIII-OSD64-VK.dll
0x00007fff133d0000 - 0x00007fff134fb000 	C:\Windows\System32\ole32.dll
0x00007ffe9d090000 - 0x00007ffe9d216000 	C:\Windows\SYSTEM32\vulkan-1.dll
0x00007fff12090000 - 0x00007fff120de000 	C:\Windows\System32\CFGMGR32.dll
0x00007fff12af0000 - 0x00007fff12c05000 	C:\Windows\System32\MSCTF.dll
0x00007fff12a40000 - 0x00007fff12ae9000 	C:\Windows\System32\clbcatq.dll
0x00007ffe5d6b0000 - 0x00007ffe60004000 	C:\Windows\System32\DriverStore\FileRepository\nv_dispi.inf_amd64_20ae8f14a487d5db\nvoglv64.dll
0x00007fff12f60000 - 0x00007fff133d0000 	C:\Windows\System32\SETUPAPI.dll
0x00007fff0b470000 - 0x00007fff0b484000 	C:\Windows\SYSTEM32\WTSAPI32.dll
0x00007fff11500000 - 0x00007fff11512000 	C:\Windows\SYSTEM32\msasn1.dll
0x00007fff09d70000 - 0x00007fff09da1000 	C:\Windows\SYSTEM32\cryptnet.dll
0x00007fff11b00000 - 0x00007fff11c5d000 	C:\Windows\System32\CRYPT32.dll
0x00007fff09b40000 - 0x00007fff09c87000 	C:\Windows\SYSTEM32\drvstore.dll
0x00007fff116d0000 - 0x00007fff11703000 	C:\Windows\SYSTEM32\devobj.dll
0x00007fff120e0000 - 0x00007fff12153000 	C:\Windows\System32\WINTRUST.dll
0x00007fff10c40000 - 0x00007fff10c73000 	C:\Windows\SYSTEM32\ntmarta.dll
0x00007fff136d0000 - 0x00007fff136ed000 	C:\Windows\System32\imagehlp.dll
0x00007ffefe260000 - 0x00007fff01ff4000 	C:\Windows\System32\DriverStore\FileRepository\nv_dispi.inf_amd64_20ae8f14a487d5db\nvgpucomp64.dll
0x00007fff02430000 - 0x00007fff0246b000 	C:\Windows\SYSTEM32\dxcore.dll
0x00007ffe95dc0000 - 0x00007ffe95f07000 	C:\Windows\system32\nvspcap64.dll
0x00007fff0f270000 - 0x00007fff0f29e000 	C:\Windows\SYSTEM32\dwmapi.dll
0x00007fff05f10000 - 0x00007fff06009000 	C:\Windows\SYSTEM32\textinputframework.dll
0x00007fff0db20000 - 0x00007fff0de7b000 	C:\Windows\System32\CoreUIComponents.dll
0x00007fff0de80000 - 0x00007fff0df72000 	C:\Windows\System32\CoreMessaging.dll
0x00007fff0e0f0000 - 0x00007fff0e247000 	C:\Windows\SYSTEM32\wintypes.dll
0x00007ffef7db0000 - 0x00007ffef7df5000 	C:\Windows\SYSTEM32\icm32.dll
0x00007fff11880000 - 0x00007fff118cb000 	C:\Windows\SYSTEM32\powrprof.dll
0x00007fff11860000 - 0x00007fff11872000 	C:\Windows\SYSTEM32\UMPDC.dll
0x00007fff11740000 - 0x00007fff117a3000 	C:\Windows\SYSTEM32\WINSTA.dll
0x0000000070a40000 - 0x0000000070adc000 	C:\Users\chuck\.gradle\caches\minecraft\net\minecraft\minecraft_natives\1.7.10\avutil-ttv-51.dll
0x0000000065980000 - 0x00000000659d6000 	C:\Users\chuck\.gradle\caches\minecraft\net\minecraft\minecraft_natives\1.7.10\swresample-ttv-0.dll
0x000000006eb80000 - 0x000000006ec50000 	C:\Users\chuck\.gradle\caches\minecraft\net\minecraft\minecraft_natives\1.7.10\libmp3lame-ttv.dll
0x00007ffe50de0000 - 0x00007ffe52184000 	C:\Users\chuck\.gradle\caches\minecraft\net\minecraft\minecraft_natives\1.7.10\libmfxsw64.dll
0x00007ffed4ef0000 - 0x00007ffed501b000 	C:\Users\chuck\.gradle\caches\minecraft\net\minecraft\minecraft_natives\1.7.10\twitchsdk.dll
0x00007ffef3380000 - 0x00007ffef3856000 	C:\Windows\SYSTEM32\WININET.dll
0x0000025fbcde0000 - 0x0000025fc4e31000 	C:\Program Files (x86)\ASUS\GPUTweakIII\GTIII-OSD\x64\GTIII-OSD64-GL.dll
0x0000000060690000 - 0x00000000606f3000 	C:\Program Files (x86)\ASUS\GPUTweakIII\GTIII-OSD\x64\glew32.dll
0x0000025fc4e40000 - 0x0000025fccfc7000 	C:\Program Files (x86)\ASUS\GPUTweakIII\GTIII-OSD\x64\GTIII-OSD64.dll
0x00007ffef8760000 - 0x00007ffef8785000 	C:\Windows\SYSTEM32\d3d12.dll
0x00007ffe9c870000 - 0x00007ffe9cad3000 	C:\Windows\SYSTEM32\d3dx9_43.dll
0x00007ffe9cae0000 - 0x00007ffe9cb11000 	C:\Windows\SYSTEM32\d3d10_1.dll
0x00007fff0c4d0000 - 0x00007fff0c92d000 	C:\Windows\SYSTEM32\D3DCOMPILER_47.dll
0x00007ffeba5f0000 - 0x00007ffeba5fd000 	C:\Windows\SYSTEM32\d3d10_1core.dll
0x00007fff0ca00000 - 0x00007fff0cc64000 	C:\Windows\SYSTEM32\d3d11.dll
0x00007fff103c0000 - 0x00007fff104b6000 	C:\Windows\SYSTEM32\dxgi.dll
0x00007ffedd660000 - 0x00007ffedd831000 	C:\Windows\SYSTEM32\d3d9.dll
0x00007ffef86b0000 - 0x00007ffef875c000 	C:\Windows\SYSTEM32\TextShaping.dll
0x0000025fa0420000 - 0x0000025fa0484000 	C:\Users\chuck\.gradle\caches\minecraft\net\minecraft\minecraft_natives\1.7.10\OpenAL64.dll
0x00007fff0ae30000 - 0x00007fff0aeb5000 	C:\Windows\System32\MMDevApi.dll
0x00007ffedf470000 - 0x00007ffedf50c000 	C:\Windows\SYSTEM32\dsound.dll
0x00007ffef3880000 - 0x00007ffef38a6000 	C:\Windows\SYSTEM32\winmmbase.dll
0x00007fff0af30000 - 0x00007fff0b0b1000 	C:\Windows\SYSTEM32\AUDIOSES.DLL
0x00007fff0f030000 - 0x00007fff0f044000 	C:\Windows\SYSTEM32\resourcepolicyclient.dll
0x00007ffed4c90000 - 0x00007ffed4cc4000 	C:\Program Files\Java\jdk-1.8\jre\bin\jpeg.dll
0x00007ffef1d10000 - 0x00007ffef1d35000 	C:\Program Files\Java\jdk-1.8\jre\bin\sunec.dll
0x00007fff0e080000 - 0x00007fff0e08e000 	C:\Program Files\Java\jdk-1.8\jre\bin\sunmscapi.dll
0x00007fff113e0000 - 0x00007fff11407000 	C:\Windows\SYSTEM32\ncrypt.dll
0x00007fff113a0000 - 0x00007fff113db000 	C:\Windows\SYSTEM32\NTASN1.dll
0x00007fff0fea0000 - 0x00007fff100a1000 	C:\Windows\SYSTEM32\dbghelp.dll

VM Arguments:
jvm_args: -Dfile.encoding=UTF-8 -Duser.country=US -Duser.language=en -Duser.variant 
java_command: GradleStart
java_class_path (initial): C:\Users\chuck\.gradle\caches\minecraft\net\minecraftforge\forge\1.7.10-10.13.4.1614-1.7.10\start;C:\Users\chuck\.gradle\caches\minecraft\net\minecraftforge\forge\1.7.10-10.13.4.1614-1.7.10\forgeSrc-1.7.10-10.13.4.1614-1.7.10.jar;C:\Users\chuck\.gradle\caches\modules-2\files-2.1\net.minecraft\launchwrapper\1.12\111e7bea9c968cdb3d06ef4632bf7ff0824d0f36\launchwrapper-1.12.jar;C:\Users\chuck\.gradle\caches\modules-2\files-2.1\com.google.code.findbugs\jsr305\1.3.9\40719ea6961c0cb6afaeb6a921eaa1f6afd4cfdf\jsr305-1.3.9.jar;C:\Users\chuck\.gradle\caches\modules-2\files-2.1\org.ow2.asm\asm-debug-all\5.0.3\f9e364ae2a66ce2a543012a4668856e84e5dab74\asm-debug-all-5.0.3.jar;C:\Users\chuck\.gradle\caches\modules-2\files-2.1\com.typesafe.akka\akka-actor_2.11\2.3.3\ed62e9fc709ca0f2ff1a3220daa8b70a2870078e\akka-actor_2.11-2.3.3.jar;C:\Users\chuck\.gradle\caches\modules-2\files-2.1\com.typesafe\config\1.2.1\f771f71fdae3df231bcd54d5ca2d57f0bf93f467\config-1.2.1.jar;C:\Users\chuck\.gradle\caches\modules-2\files-2.1\org.scala-lang\scala-actors-migration_2.11\1.1.0\dfa8bc42b181d5b9f1a5dd147f8ae308b893eb6f\scala-actors-migration_2.11-1.1.0.jar;C:\Users\chuck\.gradle\caches\modules-2\files-2.1\org.scala-lang.plugins\scala-continuations-plugin_2.11.1\1.0.2\f361a3283452c57fa30c1ee69448995de23c60f7\scala-continuations-plugin_2.11.1-1.0.2.jar;C:\Users\chuck\.gradle\caches\modules-2\files-2.1\org.scala-lang\scala-compiler\2.11.1\56ea2e6c025e0821f28d73ca271218b8dd04926a\scala-compiler-2.11.1.jar;C:\Users\chuck\.gradle\caches\modules-2\files-2.1\org.scala-lang.plugins\scala-continuations-library_2.11\1.0.2\e517c53a7e9acd6b1668c5a35eccbaa3bab9aac\scala-continuations-library_2.11-1.0.2.jar;C:\Users\chuck\.gradle\caches\modules-2\files-2.1\org.scala-lang\scala-reflect\2.11.1\6580347e61cc7f8e802941e7fde40fa83b8badeb\scala-reflect-2.11.1.jar;C:\Users\chuck\.gradle\caches\modules-2\files-2.1\org.scala-lang\scala-actors\2.11.0\8ccfb6541de179bb1c4d45cf414acee069b7f78b\scala-a
Launcher Type: SUN_STANDARD

Environment Variables:
PATH=C:\Program Files\Eclipse Adoptium\jdk-8.0.462.8-hotspot\bin;C:\Program Files\Common Files\Oracle\Java\javapath;C:\Program Files (x86)\Common Files\Oracle\Java\java8path;C:\Program Files (x86)\Common Files\Oracle\Java\javapath;C:\Program Files (x86)\Razer Chroma SDK\bin;C:\Program Files\Razer Chroma SDK\bin;C:\Program Files (x86)\Razer\ChromaBroadcast\bin;C:\Program Files\Razer\ChromaBroadcast\bin;C:\Windows\system32;C:\Windows;C:\Windows\System32\Wbem;C:\Windows\System32\WindowsPowerShell\v1.0\;C:\Windows\System32\OpenSSH\;C:\Program Files (x86)\NVIDIA Corporation\PhysX\Common;C:\Windows\system32\config\systemprofile\AppData\Local\Microsoft\WindowsApps;C:\Program Files\dotnet\;C:\Program Files (x86)\Windows Live\Shared;C:\Program Files\Git\cmd;C:\Program Files\WorldPainter;C:\Program Files\NVIDIA Corporation\NVIDIA app\NvDLISR;C:\Users\chuck\AppData\Local\Microsoft\WindowsApps;;C:\Program Files\JetBrains\IntelliJ IDEA 2024.2.0.1\bin;
USERNAME=chuck
OS=Windows_NT
PROCESSOR_IDENTIFIER=Intel64 Family 6 Model 158 Stepping 13, GenuineIntel



---------------  S Y S T E M  ---------------

OS: Windows 10 , 64 bit Build 19041 (10.0.19041.5915)

CPU:total 16 (initial active 16) (8 cores per cpu, 2 threads per core) family 6 model 158 stepping 13, cmov, cx8, fxsr, mmx, sse, sse2, sse3, ssse3, sse4.1, sse4.2, popcnt, avx, avx2, aes, clmul, erms, 3dnowpref, lzcnt, ht, tsc, tscinvbit, bmi1, bmi2, adx

Memory: 4k page, physical 67022948k(42638936k free), swap 71217252k(32747532k free)

vm_info: Java HotSpot(TM) 64-Bit Server VM (25.471-b09) for windows-amd64 JRE (1.8.0_471-b09), built on Sep 26 2025 05:08:27 by "java_re" with MS VC++ 17.6 (VS2022)

time: Mon Nov 24 22:23:53 2025
timezone: Eastern Standard Time
elapsed time: 128.138235 seconds (0d 0h 2m 8s)

