#
# A fatal error has been detected by the Java Runtime Environment:
#
#  EXCEPTION_ACCESS_VIOLATION (0xc0000005) at pc=0x00007ffb25e582e9, pid=9320, tid=0x0000000000006b24
#
# JRE version: Java(TM) SE Runtime Environment (8.0_471) (build 1.8.0_471-b09)
# Java VM: Java HotSpot(TM) 64-Bit Server VM (25.471-b09 mixed mode windows-amd64 compressed oops)
# Problematic frame:
# C  [nvoglv64.dll+0x8682e9]
#
# Failed to write core dump. Minidumps are not enabled by default on client versions of Windows
#
# If you would like to submit a bug report, please visit:
#   https://bugreport.java.com/bugreport/crash.jsp
#

---------------  T H R E A D  ---------------

Current thread (0x000001d7d18c8800):  VMThread [stack: 0x00000012b0a00000,0x00000012b0b00000] [id=27428]

siginfo: ExceptionCode=0xc0000005, reading address 0x0000000000001238

Registers:
RAX=0x0000000000000000, RBX=0x000001d7f02a1b20, RCX=0x0000000000000004, RDX=0x0000000000000000
RSP=0x00000012b0aff288, RBP=0x0000000000000000, RSI=0x0000000000000000, RDI=0x000001d7f02a1b20
R8 =0x0000000000000000, R9 =0x000001d7a03f8040, R10=0x000001d7d17d0000, R11=0x00000012b0aff290
R12=0x000001d7bc060000, R13=0x000001d7bc193820, R14=0x0000000000000000, R15=0x0000000000000000
RIP=0x00007ffb25e582e9, EFLAGS=0x0000000000010202

Top of Stack: (sp=0x00000012b0aff288)
0x00000012b0aff288:   000001d7bc06bbf1 0000000000000000
0x00000012b0aff298:   0000000000000000 000001d7bc193820
0x00000012b0aff2a8:   000001d7bc060000 fffffffffffffffe
0x00000012b0aff2b8:   00007ffbcd0d47b1 000001d7a03f8138
0x00000012b0aff2c8:   000001d7bc068281 0000000000000000
0x00000012b0aff2d8:   0000000000000000 0000000000000000
0x00000012b0aff2e8:   0000001200000000 000001d7a03f8138
0x00000012b0aff2f8:   000001d7bc067c71 000001d7a03f8040
0x00000012b0aff308:   0000000000000000 000001d7f26714a0
0x00000012b0aff318:   00007ffbcd0d5ba1 000001d7bc193840
0x00000012b0aff328:   000001d7bc0aac0d 0000000000000040
0x00000012b0aff338:   00007ffb00000000 00000012b0aff478
0x00000012b0aff348:   000001d7d17d0000 000001d7bc060000
0x00000012b0aff358:   000001d7d1883f88 000001d7bc0f3f4c
0x00000012b0aff368:   0000000000000001 0000000000000001
0x00000012b0aff378:   000001d7bc06a083 0000000000000000 

Instructions: (pc=0x00007ffb25e582e9)
0x00007ffb25e582c9:   af af af af af af af c3 cc cc cc cc cc cc cc cc
0x00007ffb25e582d9:   cc cc cc cc cc cc cc 65 48 8b 04 25 30 16 00 00
0x00007ffb25e582e9:   ff a0 38 12 00 00 cc cc cc cc cc cc cc cc cc cc
0x00007ffb25e582f9:   cc cc cc cc cc cc cc cc cc cc cc cc cc cc cc cc 


Register to memory mapping:

RAX=0x0000000000000000 is an unknown value
RBX=0x000001d7f02a1b20 is an unknown value
RCX=0x0000000000000004 is an unknown value
RDX=0x0000000000000000 is an unknown value
RSP=0x00000012b0aff288 is an unknown value
RBP=0x0000000000000000 is an unknown value
RSI=0x0000000000000000 is an unknown value
RDI=0x000001d7f02a1b20 is an unknown value
R8 =0x0000000000000000 is an unknown value
R9 =0x000001d7a03f8040 is an unknown value
R10=0x000001d7d17d0000 is an unknown value
R11=0x00000012b0aff290 is an unknown value
R12=0x000001d7bc060000 is an unknown value
R13=0x000001d7bc193820 is an unknown value
R14=0x0000000000000000 is an unknown value
R15=0x0000000000000000 is an unknown value


Stack: [0x00000012b0a00000,0x00000012b0b00000],  sp=0x00000012b0aff288,  free space=1020k
Native frames: (J=compiled Java code, j=interpreted, Vv=VM code, C=native code)

VM_Operation (0x00000012afcfe620): Exit, mode: safepoint, requested by thread 0x000001d7d1817000


---------------  P R O C E S S  ---------------

Java Threads: ( => current thread )
  0x000001d7f19c5000 JavaThread "File IO Thread" [_thread_blocked, id=13712, stack(0x00000012b2a00000,0x00000012b2b00000)]
  0x000001d7f19cf000 JavaThread "pool-2-thread-1" [_thread_blocked, id=7700, stack(0x00000012b3100000,0x00000012b3200000)]
  0x000001d7f19cf800 JavaThread "Netty IO #1" daemon [_thread_blocked, id=24064, stack(0x00000012b3000000,0x00000012b3100000)]
  0x000001d7f19c7800 JavaThread "Netty Client IO #0" daemon [_thread_blocked, id=9492, stack(0x00000012b2f00000,0x00000012b3000000)]
  0x000001d7f19c9000 JavaThread "Netty IO #0" daemon [_thread_blocked, id=13676, stack(0x00000012b2900000,0x00000012b2a00000)]
  0x000001d7f19c6800 JavaThread "Server thread" [_thread_blocked, id=25828, stack(0x00000012b2700000,0x00000012b2800000)]
  0x000001d7f19cc000 JavaThread "Snooper Timer" daemon [_thread_blocked, id=3060, stack(0x00000012b2600000,0x00000012b2700000)]
  0x000001d7ee0be000 JavaThread "LWJGL Timer" daemon [_thread_blocked, id=5112, stack(0x00000012b2800000,0x00000012b2900000)]
  0x000001d7ebc76800 JavaThread "Java2D Disposer" daemon [_thread_blocked, id=17828, stack(0x00000012b1f00000,0x00000012b2000000)]
  0x000001d7f2ecf800 JavaThread "Timer hack thread" daemon [_thread_blocked, id=4008, stack(0x00000012b1e00000,0x00000012b1f00000)]
  0x000001d7f242d800 JavaThread "Snooper Timer" daemon [_thread_blocked, id=25084, stack(0x00000012b1d00000,0x00000012b1e00000)]
  0x000001d7eb691800 JavaThread "Service Thread" daemon [_thread_blocked, id=25740, stack(0x00000012b1b00000,0x00000012b1c00000)]
  0x000001d7eb5f0800 JavaThread "C1 CompilerThread11" daemon [_thread_blocked, id=24340, stack(0x00000012b1a00000,0x00000012b1b00000)]
  0x000001d7eb5ed000 JavaThread "C1 CompilerThread10" daemon [_thread_blocked, id=26492, stack(0x00000012b1900000,0x00000012b1a00000)]
  0x000001d7eb5ec000 JavaThread "C1 CompilerThread9" daemon [_thread_blocked, id=27000, stack(0x00000012b1800000,0x00000012b1900000)]
  0x000001d7eb5ee800 JavaThread "C1 CompilerThread8" daemon [_thread_blocked, id=24080, stack(0x00000012b1700000,0x00000012b1800000)]
  0x000001d7eb5f0000 JavaThread "C2 CompilerThread7" daemon [_thread_blocked, id=27132, stack(0x00000012b1600000,0x00000012b1700000)]
  0x000001d7eb5ea000 JavaThread "C2 CompilerThread6" daemon [_thread_blocked, id=26700, stack(0x00000012b1500000,0x00000012b1600000)]
  0x000001d7eb5b8000 JavaThread "C2 CompilerThread5" daemon [_thread_blocked, id=26356, stack(0x00000012b1400000,0x00000012b1500000)]
  0x000001d7eb5a4800 JavaThread "C2 CompilerThread4" daemon [_thread_blocked, id=22224, stack(0x00000012b1300000,0x00000012b1400000)]
  0x000001d7eb5a3800 JavaThread "C2 CompilerThread3" daemon [_thread_blocked, id=12412, stack(0x00000012b1200000,0x00000012b1300000)]
  0x000001d7eb59f800 JavaThread "C2 CompilerThread2" daemon [_thread_blocked, id=16184, stack(0x00000012b1100000,0x00000012b1200000)]
  0x000001d7eb59e800 JavaThread "C2 CompilerThread1" daemon [_thread_blocked, id=25592, stack(0x00000012b1000000,0x00000012b1100000)]
  0x000001d7eb59c000 JavaThread "C2 CompilerThread0" daemon [_thread_blocked, id=1580, stack(0x00000012b0f00000,0x00000012b1000000)]
  0x000001d7eb599800 JavaThread "Attach Listener" daemon [_thread_blocked, id=19328, stack(0x00000012b0e00000,0x00000012b0f00000)]
  0x000001d7eb595800 JavaThread "Signal Dispatcher" daemon [_thread_blocked, id=25880, stack(0x00000012b0d00000,0x00000012b0e00000)]
  0x000001d7eb571000 JavaThread "Finalizer" daemon [_thread_blocked, id=25532, stack(0x00000012b0c00000,0x00000012b0d00000)]
  0x000001d7eb570800 JavaThread "Reference Handler" daemon [_thread_blocked, id=27484, stack(0x00000012b0b00000,0x00000012b0c00000)]
  0x000001d7d1817000 JavaThread "Client thread" [_thread_blocked, id=26680, stack(0x00000012afc00000,0x00000012afd00000)]

Other Threads:
=>0x000001d7d18c8800 VMThread [stack: 0x00000012b0a00000,0x00000012b0b00000] [id=27428]

VM state:at safepoint (shutting down)

VM Mutex/Monitor currently owned by a thread:  ([mutex/lock_event])
[0x000001d7d1814d20] Threads_lock - owner thread: 0x000001d7d18c8800

heap address: 0x00000003c1400000, size: 16364 MB, Compressed Oops mode: Zero based, Oop shift amount: 3
Narrow klass base: 0x0000000000000000, Narrow klass shift: 3
Compressed class space size: 1073741824 Address: 0x00000007c0000000

Heap:
 PSYoungGen      total 624640K, used 310167K [0x000000066b180000, 0x00000006a5c80000, 0x00000007c0000000)
  eden space 534016K, 49% used [0x000000066b180000,0x000000067b20b3c0,0x000000068bb00000)
  from space 90624K, 52% used [0x0000000691200000,0x000000069405aad0,0x0000000696a80000)
  to   space 89088K, 0% used [0x000000068bb00000,0x000000068bb00000,0x0000000691200000)
 ParOldGen       total 432128K, used 117019K [0x00000003c1400000, 0x00000003dba00000, 0x000000066b180000)
  object space 432128K, 27% used [0x00000003c1400000,0x00000003c8646cc0,0x00000003dba00000)
 Metaspace       used 43095K, capacity 43625K, committed 44160K, reserved 1087488K
  class space    used 4991K, capacity 5127K, committed 5248K, reserved 1048576K

Card table byte_map: [0x000001d7e2600000,0x000001d7e4600000] byte_map_base: 0x000001d7e07f6000

Marking Bits: (ParMarkBitMap*) 0x00007ffb15baa3e0
 Begin Bits: [0x000001d780000000, 0x000001d78ffb0000)
 End Bits:   [0x000001d78ffb0000, 0x000001d79ff60000)

Polling page: 0x000001d7d17c0000

CodeCache: size=245760Kb used=32566Kb max_used=32577Kb free=213193Kb
 bounds [0x000001d7d3240000, 0x000001d7d5260000, 0x000001d7e2240000]
 total_blobs=8094 nmethods=7245 adapters=754
 compilation: enabled

Compilation events (10 events):
Event: 25.733 Thread 0x000001d7eb5f0000 9774       4       java.io.DataOutputStream::writeLong (118 bytes)
Event: 25.734 Thread 0x000001d7eb5f0000 nmethod 9774 0x000001d7d4b69690 code [0x000001d7d4b697e0, 0x000001d7d4b69958]
Event: 25.738 Thread 0x000001d7eb5a3800 9775       4       com.google.common.collect.TransformedIterator::next (14 bytes)
Event: 25.738 Thread 0x000001d7eb5f0000 9776       4       com.google.common.collect.Iterators$8::transform (11 bytes)
Event: 25.738 Thread 0x000001d7eb5f0000 nmethod 9776 0x000001d7d42ef710 code [0x000001d7d42ef840, 0x000001d7d42ef8d8]
Event: 25.739 Thread 0x000001d7eb5a3800 nmethod 9775 0x000001d7d4b69350 code [0x000001d7d4b694a0, 0x000001d7d4b69578]
Event: 25.739 Thread 0x000001d7eb5b8000 9777  s    4       java.io.BufferedOutputStream::write (35 bytes)
Event: 25.740 Thread 0x000001d7eb5b8000 nmethod 9777 0x000001d7d4a16c90 code [0x000001d7d4a16de0, 0x000001d7d4a171b8]
Event: 25.744 Thread 0x000001d7eb5ed000 9778       1       net.minecraft.world.WorldProvider::canRespawnHere (2 bytes)
Event: 25.744 Thread 0x000001d7eb5ed000 nmethod 9778 0x000001d7d4b69090 code [0x000001d7d4b691e0, 0x000001d7d4b692f8]

GC Heap History (10 events):
Event: 12.949 GC heap before
{Heap before GC invocations=13 (full 3):
 PSYoungGen      total 558080K, used 0K [0x000000066b180000, 0x0000000695f80000, 0x00000007c0000000)
  eden space 532480K, 0% used [0x000000066b180000,0x000000066b180000,0x000000068b980000)
  from space 25600K, 0% used [0x000000068b980000,0x000000068b980000,0x000000068d280000)
  to   space 84992K, 0% used [0x0000000690c80000,0x0000000690c80000,0x0000000695f80000)
 ParOldGen       total 432128K, used 69219K [0x00000003c1400000, 0x00000003dba00000, 0x000000066b180000)
  object space 432128K, 16% used [0x00000003c1400000,0x00000003c5798c90,0x00000003dba00000)
 Metaspace       used 31152K, capacity 31413K, committed 31616K, reserved 1077248K
  class space    used 3784K, capacity 3899K, committed 3968K, reserved 1048576K
Event: 12.950 GC heap after
Heap after GC invocations=13 (full 3):
 PSYoungGen      total 615424K, used 0K [0x000000066b180000, 0x0000000696380000, 0x00000007c0000000)
  eden space 530432K, 0% used [0x000000066b180000,0x000000066b180000,0x000000068b780000)
  from space 84992K, 0% used [0x0000000690c80000,0x0000000690c80000,0x0000000695f80000)
  to   space 87040K, 0% used [0x000000068b780000,0x000000068b780000,0x0000000690c80000)
 ParOldGen       total 432128K, used 69219K [0x00000003c1400000, 0x00000003dba00000, 0x000000066b180000)
  object space 432128K, 16% used [0x00000003c1400000,0x00000003c5798c90,0x00000003dba00000)
 Metaspace       used 31152K, capacity 31413K, committed 31616K, reserved 1077248K
  class space    used 3784K, capacity 3899K, committed 3968K, reserved 1048576K
}
Event: 12.950 GC heap before
{Heap before GC invocations=14 (full 4):
 PSYoungGen      total 615424K, used 0K [0x000000066b180000, 0x0000000696380000, 0x00000007c0000000)
  eden space 530432K, 0% used [0x000000066b180000,0x000000066b180000,0x000000068b780000)
  from space 84992K, 0% used [0x0000000690c80000,0x0000000690c80000,0x0000000695f80000)
  to   space 87040K, 0% used [0x000000068b780000,0x000000068b780000,0x0000000690c80000)
 ParOldGen       total 432128K, used 69219K [0x00000003c1400000, 0x00000003dba00000, 0x000000066b180000)
  object space 432128K, 16% used [0x00000003c1400000,0x00000003c5798c90,0x00000003dba00000)
 Metaspace       used 31152K, capacity 31413K, committed 31616K, reserved 1077248K
  class space    used 3784K, capacity 3899K, committed 3968K, reserved 1048576K
Event: 12.972 GC heap after
Heap after GC invocations=14 (full 4):
 PSYoungGen      total 615424K, used 0K [0x000000066b180000, 0x0000000696380000, 0x00000007c0000000)
  eden space 530432K, 0% used [0x000000066b180000,0x000000066b180000,0x000000068b780000)
  from space 84992K, 0% used [0x0000000690c80000,0x0000000690c80000,0x0000000695f80000)
  to   space 87040K, 0% used [0x000000068b780000,0x000000068b780000,0x0000000690c80000)
 ParOldGen       total 432128K, used 69219K [0x00000003c1400000, 0x00000003dba00000, 0x000000066b180000)
  object space 432128K, 16% used [0x00000003c1400000,0x00000003c5798c90,0x00000003dba00000)
 Metaspace       used 31152K, capacity 31413K, committed 31616K, reserved 1077248K
  class space    used 3784K, capacity 3899K, committed 3968K, reserved 1048576K
}
Event: 14.394 GC heap before
{Heap before GC invocations=15 (full 4):
 PSYoungGen      total 615424K, used 407331K [0x000000066b180000, 0x0000000696380000, 0x00000007c0000000)
  eden space 530432K, 76% used [0x000000066b180000,0x0000000683f48fd0,0x000000068b780000)
  from space 84992K, 0% used [0x0000000690c80000,0x0000000690c80000,0x0000000695f80000)
  to   space 87040K, 0% used [0x000000068b780000,0x000000068b780000,0x0000000690c80000)
 ParOldGen       total 432128K, used 69219K [0x00000003c1400000, 0x00000003dba00000, 0x000000066b180000)
  object space 432128K, 16% used [0x00000003c1400000,0x00000003c5798c90,0x00000003dba00000)
 Metaspace       used 36484K, capacity 36829K, committed 37120K, reserved 1081344K
  class space    used 4377K, capacity 4519K, committed 4608K, reserved 1048576K
Event: 14.405 GC heap after
Heap after GC invocations=15 (full 4):
 PSYoungGen      total 617472K, used 58608K [0x000000066b180000, 0x0000000696a80000, 0x00000007c0000000)
  eden space 530432K, 0% used [0x000000066b180000,0x000000066b180000,0x000000068b780000)
  from space 87040K, 67% used [0x000000068b780000,0x000000068f0bc088,0x0000000690c80000)
  to   space 90624K, 0% used [0x0000000691200000,0x0000000691200000,0x0000000696a80000)
 ParOldGen       total 432128K, used 69227K [0x00000003c1400000, 0x00000003dba00000, 0x000000066b180000)
  object space 432128K, 16% used [0x00000003c1400000,0x00000003c579ac90,0x00000003dba00000)
 Metaspace       used 36484K, capacity 36829K, committed 37120K, reserved 1081344K
  class space    used 4377K, capacity 4519K, committed 4608K, reserved 1048576K
}
Event: 14.405 GC heap before
{Heap before GC invocations=16 (full 5):
 PSYoungGen      total 617472K, used 58608K [0x000000066b180000, 0x0000000696a80000, 0x00000007c0000000)
  eden space 530432K, 0% used [0x000000066b180000,0x000000066b180000,0x000000068b780000)
  from space 87040K, 67% used [0x000000068b780000,0x000000068f0bc088,0x0000000690c80000)
  to   space 90624K, 0% used [0x0000000691200000,0x0000000691200000,0x0000000696a80000)
 ParOldGen       total 432128K, used 69227K [0x00000003c1400000, 0x00000003dba00000, 0x000000066b180000)
  object space 432128K, 16% used [0x00000003c1400000,0x00000003c579ac90,0x00000003dba00000)
 Metaspace       used 36484K, capacity 36829K, committed 37120K, reserved 1081344K
  class space    used 4377K, capacity 4519K, committed 4608K, reserved 1048576K
Event: 14.498 GC heap after
Heap after GC invocations=16 (full 5):
 PSYoungGen      total 617472K, used 0K [0x000000066b180000, 0x0000000696a80000, 0x00000007c0000000)
  eden space 530432K, 0% used [0x000000066b180000,0x000000066b180000,0x000000068b780000)
  from space 87040K, 0% used [0x000000068b780000,0x000000068b780000,0x0000000690c80000)
  to   space 90624K, 0% used [0x0000000691200000,0x0000000691200000,0x0000000696a80000)
 ParOldGen       total 432128K, used 117003K [0x00000003c1400000, 0x00000003dba00000, 0x000000066b180000)
  object space 432128K, 27% used [0x00000003c1400000,0x00000003c8642cc0,0x00000003dba00000)
 Metaspace       used 36484K, capacity 36829K, committed 37120K, reserved 1081344K
  class space    used 4377K, capacity 4519K, committed 4608K, reserved 1048576K
}
Event: 19.972 GC heap before
{Heap before GC invocations=17 (full 5):
 PSYoungGen      total 617472K, used 530432K [0x000000066b180000, 0x0000000696a80000, 0x00000007c0000000)
  eden space 530432K, 100% used [0x000000066b180000,0x000000068b780000,0x000000068b780000)
  from space 87040K, 0% used [0x000000068b780000,0x000000068b780000,0x0000000690c80000)
  to   space 90624K, 0% used [0x0000000691200000,0x0000000691200000,0x0000000696a80000)
 ParOldGen       total 432128K, used 117003K [0x00000003c1400000, 0x00000003dba00000, 0x000000066b180000)
  object space 432128K, 27% used [0x00000003c1400000,0x00000003c8642cc0,0x00000003dba00000)
 Metaspace       used 42674K, capacity 43209K, committed 43520K, reserved 1087488K
  class space    used 4969K, capacity 5095K, committed 5120K, reserved 1048576K
Event: 19.978 GC heap after
Heap after GC invocations=17 (full 5):
 PSYoungGen      total 624640K, used 47466K [0x000000066b180000, 0x00000006a5c80000, 0x00000007c0000000)
  eden space 534016K, 0% used [0x000000066b180000,0x000000066b180000,0x000000068bb00000)
  from space 90624K, 52% used [0x0000000691200000,0x000000069405aad0,0x0000000696a80000)
  to   space 89088K, 0% used [0x000000068bb00000,0x000000068bb00000,0x0000000691200000)
 ParOldGen       total 432128K, used 117019K [0x00000003c1400000, 0x00000003dba00000, 0x000000066b180000)
  object space 432128K, 27% used [0x00000003c1400000,0x00000003c8646cc0,0x00000003dba00000)
 Metaspace       used 42674K, capacity 43209K, committed 43520K, reserved 1087488K
  class space    used 4969K, capacity 5095K, committed 5120K, reserved 1048576K
}

Deoptimization events (10 events):
Event: 25.498 Thread 0x000001d7f19cf800 Uncommon trap: reason=unstable_if action=reinterpret pc=0x000001d7d4456794 method=io.netty.channel.local.LocalChannel.isActive()Z @ 5
Event: 25.498 Thread 0x000001d7f19cf800 Uncommon trap: reason=unstable_if action=reinterpret pc=0x000001d7d463d454 method=io.netty.channel.local.LocalChannel.isOpen()Z @ 5
Event: 25.528 Thread 0x000001d7f19c6800 Uncommon trap: reason=class_check action=maybe_recompile pc=0x000001d7d3ca5194 method=java.util.concurrent.ConcurrentHashMap.putVal(Ljava/lang/Object;Ljava/lang/Object;Z)Ljava/lang/Object; @ 192
Event: 25.528 Thread 0x000001d7f19c6800 Uncommon trap: reason=class_check action=maybe_recompile pc=0x000001d7d3ca5194 method=java.util.concurrent.ConcurrentHashMap.putVal(Ljava/lang/Object;Ljava/lang/Object;Z)Ljava/lang/Object; @ 192
Event: 25.528 Thread 0x000001d7f19c6800 Uncommon trap: reason=class_check action=maybe_recompile pc=0x000001d7d3ca5194 method=java.util.concurrent.ConcurrentHashMap.putVal(Ljava/lang/Object;Ljava/lang/Object;Z)Ljava/lang/Object; @ 192
Event: 25.528 Thread 0x000001d7f19c6800 Uncommon trap: reason=class_check action=maybe_recompile pc=0x000001d7d3ca5194 method=java.util.concurrent.ConcurrentHashMap.putVal(Ljava/lang/Object;Ljava/lang/Object;Z)Ljava/lang/Object; @ 192
Event: 25.729 Thread 0x000001d7d1817000 Uncommon trap: reason=unstable_if action=reinterpret pc=0x000001d7d398af58 method=cpw.mods.fml.relauncher.FMLSecurityManager.checkPermission(Ljava/security/Permission;)V @ 23
Event: 25.744 Thread 0x000001d7f19c9800 Uncommon trap: reason=unstable_if action=reinterpret pc=0x000001d7d46f96f4 method=com.google.common.collect.MapMakerInternalMap$Segment.getEntry(Ljava/lang/Object;I)Lcom/google/common/collect/MapMakerInternalMap$ReferenceEntry; @ 4
Event: 25.744 Thread 0x000001d7f19c9800 Uncommon trap: reason=unstable_if action=reinterpret pc=0x000001d7d46e8fb0 method=com.google.common.collect.MapMakerInternalMap$Segment.getEntry(Ljava/lang/Object;I)Lcom/google/common/collect/MapMakerInternalMap$ReferenceEntry; @ 4
Event: 25.744 Thread 0x000001d7f19c9800 Uncommon trap: reason=unstable_if action=reinterpret pc=0x000001d7d35d11a8 method=com.google.common.collect.MapMakerInternalMap$Segment.getEntry(Ljava/lang/Object;I)Lcom/google/common/collect/MapMakerInternalMap$ReferenceEntry; @ 4

Classes redefined (0 events):
No events

Internal exceptions (10 events):
Event: 25.380 Thread 0x000001d7f19c5000 Exception <a 'java/lang/InterruptedException': sleep interrupted> (0x000000066bd94a90) thrown at [C:\jenkins\workspace\8-2-build-windows-x64-cygwin-sans-NAS\jdk8u471\2292\hotspot\src\share\vm\prims\jvm.cpp, line 3359]
Event: 25.388 Thread 0x000001d7f19c5000 Exception <a 'java/lang/InterruptedException': sleep interrupted> (0x000000066bd94d38) thrown at [C:\jenkins\workspace\8-2-build-windows-x64-cygwin-sans-NAS\jdk8u471\2292\hotspot\src\share\vm\prims\jvm.cpp, line 3359]
Event: 25.389 Thread 0x000001d7f19c5000 Exception <a 'java/lang/InterruptedException': sleep interrupted> (0x000000066bd95b68) thrown at [C:\jenkins\workspace\8-2-build-windows-x64-cygwin-sans-NAS\jdk8u471\2292\hotspot\src\share\vm\prims\jvm.cpp, line 3359]
Event: 25.397 Thread 0x000001d7f19c5000 Exception <a 'java/lang/InterruptedException': sleep interrupted> (0x000000066bd95e10) thrown at [C:\jenkins\workspace\8-2-build-windows-x64-cygwin-sans-NAS\jdk8u471\2292\hotspot\src\share\vm\prims\jvm.cpp, line 3359]
Event: 25.447 Thread 0x000001d7f19c5000 Exception <a 'java/lang/InterruptedException': sleep interrupted> (0x000000066bd960b8) thrown at [C:\jenkins\workspace\8-2-build-windows-x64-cygwin-sans-NAS\jdk8u471\2292\hotspot\src\share\vm\prims\jvm.cpp, line 3359]
Event: 25.448 Thread 0x000001d7f19c5000 Exception <a 'java/lang/InterruptedException': sleep interrupted> (0x000000066bd96310) thrown at [C:\jenkins\workspace\8-2-build-windows-x64-cygwin-sans-NAS\jdk8u471\2292\hotspot\src\share\vm\prims\jvm.cpp, line 3359]
Event: 25.452 Thread 0x000001d7f19c5000 Exception <a 'java/lang/InterruptedException': sleep interrupted> (0x000000066bd965b8) thrown at [C:\jenkins\workspace\8-2-build-windows-x64-cygwin-sans-NAS\jdk8u471\2292\hotspot\src\share\vm\prims\jvm.cpp, line 3359]
Event: 25.452 Thread 0x000001d7f19c5000 Exception <a 'java/lang/InterruptedException': sleep interrupted> (0x000000066bd96810) thrown at [C:\jenkins\workspace\8-2-build-windows-x64-cygwin-sans-NAS\jdk8u471\2292\hotspot\src\share\vm\prims\jvm.cpp, line 3359]
Event: 25.552 Thread 0x000001d7f19c9800 Exception <a 'java/lang/InterruptedException': sleep interrupted> (0x0000000679c3f1b0) thrown at [C:\jenkins\workspace\8-2-build-windows-x64-cygwin-sans-NAS\jdk8u471\2292\hotspot\src\share\vm\prims\jvm.cpp, line 3359]
Event: 25.729 Thread 0x000001d7d1817000 Exception <a 'org/lwjgl/LWJGLException': Failed to set device gamma.> (0x000000067975cd60) thrown at [C:\jenkins\workspace\8-2-build-windows-x64-cygwin-sans-NAS\jdk8u471\2292\hotspot\src\share\vm\prims\jni.cpp, line 737]

Events (10 events):
Event: 25.744 Thread 0x000001d7f19c9800 Uncommon trap: trap_request=0xffffff65 fr.pc=0x000001d7d46e8fb0
Event: 25.744 Thread 0x000001d7f19c9800 DEOPT PACKING pc=0x000001d7d46e8fb0 sp=0x00000012b2bfef80
Event: 25.744 Thread 0x000001d7f19c9800 DEOPT UNPACKING pc=0x000001d7d32858c3 sp=0x00000012b2bfee60 mode 2
Event: 25.744 Thread 0x000001d7f19c9800 Uncommon trap: trap_request=0xffffff65 fr.pc=0x000001d7d35d11a8
Event: 25.744 Thread 0x000001d7f19c9800 DEOPT PACKING pc=0x000001d7d35d11a8 sp=0x00000012b2bfef00
Event: 25.744 Thread 0x000001d7f19c9800 DEOPT UNPACKING pc=0x000001d7d32858c3 sp=0x00000012b2bfee58 mode 2
Event: 25.786 Executing VM operation: RevokeBias
Event: 25.786 Executing VM operation: RevokeBias done
Event: 25.786 Thread 0x000001d7f19c9800 Thread exited: 0x000001d7f19c9800
Event: 25.787 Executing VM operation: RevokeBias


Dynamic libraries:
0x00007ff793e20000 - 0x00007ff793e6f000 	C:\Program Files\Java\jdk-1.8\bin\java.exe
0x00007ffbcd0b0000 - 0x00007ffbcd2a8000 	C:\Windows\SYSTEM32\ntdll.dll
0x00007ffbcb840000 - 0x00007ffbcb902000 	C:\Windows\System32\KERNEL32.DLL
0x00007ffbcaab0000 - 0x00007ffbcada6000 	C:\Windows\System32\KERNELBASE.dll
0x00007ffbcbc90000 - 0x00007ffbcbd41000 	C:\Windows\System32\ADVAPI32.dll
0x00007ffbcb330000 - 0x00007ffbcb3ce000 	C:\Windows\System32\msvcrt.dll
0x00007ffbcbd50000 - 0x00007ffbcbdef000 	C:\Windows\System32\sechost.dll
0x00007ffbcb210000 - 0x00007ffbcb330000 	C:\Windows\System32\RPCRT4.dll
0x00007ffbcafc0000 - 0x00007ffbcafe7000 	C:\Windows\System32\bcrypt.dll
0x00007ffbccc60000 - 0x00007ffbcce01000 	C:\Windows\System32\USER32.dll
0x00007ffbcaff0000 - 0x00007ffbcb012000 	C:\Windows\System32\win32u.dll
0x00007ffbcb130000 - 0x00007ffbcb15b000 	C:\Windows\System32\GDI32.dll
0x00007ffbca790000 - 0x00007ffbca8a9000 	C:\Windows\System32\gdi32full.dll
0x00007ffbcaa10000 - 0x00007ffbcaaad000 	C:\Windows\System32\msvcp_win.dll
0x00007ffbcaec0000 - 0x00007ffbcafc0000 	C:\Windows\System32\ucrtbase.dll
0x00007ffbad690000 - 0x00007ffbad92b000 	C:\Windows\WinSxS\amd64_microsoft.windows.common-controls_6595b64144ccf1df_6.0.19041.6456_none_60b8a6cb71f64256\COMCTL32.dll
0x00007ffbccc30000 - 0x00007ffbccc5f000 	C:\Windows\System32\IMM32.DLL
0x00007ffbb0270000 - 0x00007ffbb028b000 	C:\Program Files\Java\jdk-1.8\jre\bin\vcruntime140.dll
0x00007ffbb0860000 - 0x00007ffbb086c000 	C:\Program Files\Java\jdk-1.8\jre\bin\vcruntime140_1.dll
0x00007ffbafef0000 - 0x00007ffbaff7e000 	C:\Program Files\Java\jdk-1.8\jre\bin\msvcp140.dll
0x00007ffb153d0000 - 0x00007ffb15c7a000 	C:\Program Files\Java\jdk-1.8\jre\bin\server\jvm.dll
0x00007ffbcb790000 - 0x00007ffbcb798000 	C:\Windows\System32\PSAPI.DLL
0x00007ffbc0310000 - 0x00007ffbc0337000 	C:\Windows\SYSTEM32\WINMM.dll
0x00007ffbb0890000 - 0x00007ffbb0899000 	C:\Windows\SYSTEM32\WSOCK32.dll
0x00007ffbc3dc0000 - 0x00007ffbc3dca000 	C:\Windows\SYSTEM32\VERSION.dll
0x00007ffbcb7d0000 - 0x00007ffbcb83b000 	C:\Windows\System32\WS2_32.dll
0x00007ffbc8fa0000 - 0x00007ffbc8fb2000 	C:\Windows\SYSTEM32\kernel.appcore.dll
0x00007ffbb0260000 - 0x00007ffbb0270000 	C:\Program Files\Java\jdk-1.8\jre\bin\verify.dll
0x00007ffbb01b0000 - 0x00007ffbb01db000 	C:\Program Files\Java\jdk-1.8\jre\bin\java.dll
0x00007ffbb0240000 - 0x00007ffbb0258000 	C:\Program Files\Java\jdk-1.8\jre\bin\zip.dll
0x00007ffbcbf80000 - 0x00007ffbcc6f0000 	C:\Windows\System32\SHELL32.dll
0x00007ffbc8350000 - 0x00007ffbc8af5000 	C:\Windows\SYSTEM32\windows.storage.dll
0x00007ffbcb3d0000 - 0x00007ffbcb724000 	C:\Windows\System32\combase.dll
0x00007ffbca090000 - 0x00007ffbca0bb000 	C:\Windows\SYSTEM32\Wldp.dll
0x00007ffbccb60000 - 0x00007ffbccc2d000 	C:\Windows\System32\OLEAUT32.dll
0x00007ffbcbed0000 - 0x00007ffbcbf7d000 	C:\Windows\System32\SHCORE.dll
0x00007ffbcb730000 - 0x00007ffbcb78b000 	C:\Windows\System32\shlwapi.dll
0x00007ffbca670000 - 0x00007ffbca694000 	C:\Windows\SYSTEM32\profapi.dll
0x00007ffbb0200000 - 0x00007ffbb020d000 	C:\Program Files\Java\jdk-1.8\jre\bin\management.dll
0x00007ffbb0190000 - 0x00007ffbb01ac000 	C:\Program Files\Java\jdk-1.8\jre\bin\net.dll
0x00007ffbc9df0000 - 0x00007ffbc9e5a000 	C:\Windows\system32\mswsock.dll
0x00007ffbb0170000 - 0x00007ffbb0183000 	C:\Program Files\Java\jdk-1.8\jre\bin\nio.dll
0x00007ffba0650000 - 0x00007ffba0667000 	C:\Windows\system32\napinsp.dll
0x00007ffba0670000 - 0x00007ffba068b000 	C:\Windows\system32\pnrpnsp.dll
0x00007ffbc64b0000 - 0x00007ffbc64cd000 	C:\Windows\system32\wshbth.dll
0x00007ffbc3cc0000 - 0x00007ffbc3cdd000 	C:\Windows\system32\NLAapi.dll
0x00007ffbc9ad0000 - 0x00007ffbc9b0b000 	C:\Windows\SYSTEM32\IPHLPAPI.DLL
0x00007ffbc9b10000 - 0x00007ffbc9bda000 	C:\Windows\SYSTEM32\DNSAPI.dll
0x00007ffbcce10000 - 0x00007ffbcce18000 	C:\Windows\System32\NSI.dll
0x00007ffba0690000 - 0x00007ffba06a2000 	C:\Windows\System32\winrnr.dll
0x00007ffbc2af0000 - 0x00007ffbc2afa000 	C:\Windows\System32\rasadhlp.dll
0x00007ffbb0a10000 - 0x00007ffbb0a90000 	C:\Windows\System32\fwpuclnt.dll
0x0000000180000000 - 0x0000000180051000 	C:\Users\chuck\.gradle\caches\minecraft\net\minecraft\minecraft_natives\1.7.10\lwjgl64.dll
0x00007ffb63ea0000 - 0x00007ffb63fc8000 	C:\Windows\SYSTEM32\OPENGL32.dll
0x00007ffb87670000 - 0x00007ffb8769c000 	C:\Windows\SYSTEM32\GLU32.dll
0x00007ffbc9ff0000 - 0x00007ffbca008000 	C:\Windows\SYSTEM32\CRYPTSP.dll
0x00007ffbc9710000 - 0x00007ffbc9748000 	C:\Windows\system32\rsaenh.dll
0x00007ffbca630000 - 0x00007ffbca65e000 	C:\Windows\SYSTEM32\USERENV.dll
0x00007ffbcadb0000 - 0x00007ffbcae32000 	C:\Windows\System32\bcryptprimitives.dll
0x00007ffbc9fe0000 - 0x00007ffbc9fec000 	C:\Windows\SYSTEM32\CRYPTBASE.dll
0x00007ffbc2b30000 - 0x00007ffbc2b47000 	C:\Windows\SYSTEM32\dhcpcsvc6.DLL
0x00007ffbc3940000 - 0x00007ffbc395d000 	C:\Windows\SYSTEM32\dhcpcsvc.DLL
0x00007ffb5ab00000 - 0x00007ffb5ac7e000 	C:\Program Files\Java\jdk-1.8\jre\bin\awt.dll
0x00007ffbc7890000 - 0x00007ffbc7924000 	C:\Windows\SYSTEM32\apphelp.dll
0x00007ffbbd230000 - 0x00007ffbbd2de000 	C:\Windows\SYSTEM32\mscms.dll
0x00007ffbbd210000 - 0x00007ffbbd221000 	C:\Windows\SYSTEM32\ColorAdapterClient.dll
0x00007ffbc7ca0000 - 0x00007ffbc7d3e000 	C:\Windows\system32\uxtheme.dll
0x000001d7f3c70000 - 0x000001d7fbce3000 	C:\Program Files (x86)\ASUS\GPUTweakIII\GTIII-OSD\x64\GTIII-OSD64-VK.dll
0x00007ffbcce20000 - 0x00007ffbccf4b000 	C:\Windows\System32\ole32.dll
0x00007ffb64690000 - 0x00007ffb64816000 	C:\Windows\SYSTEM32\vulkan-1.dll
0x00007ffbca740000 - 0x00007ffbca78e000 	C:\Windows\System32\CFGMGR32.dll
0x00007ffbccf50000 - 0x00007ffbcd065000 	C:\Windows\System32\MSCTF.dll
0x00007ffbcb160000 - 0x00007ffbcb209000 	C:\Windows\System32\clbcatq.dll
0x00007ffb255f0000 - 0x00007ffb27f44000 	C:\Windows\System32\DriverStore\FileRepository\nv_dispi.inf_amd64_20ae8f14a487d5db\nvoglv64.dll
0x00007ffbcc6f0000 - 0x00007ffbccb60000 	C:\Windows\System32\SETUPAPI.dll
0x00007ffbc4960000 - 0x00007ffbc4974000 	C:\Windows\SYSTEM32\WTSAPI32.dll
0x00007ffbca220000 - 0x00007ffbca232000 	C:\Windows\SYSTEM32\msasn1.dll
0x00007ffbc3c80000 - 0x00007ffbc3cb1000 	C:\Windows\SYSTEM32\cryptnet.dll
0x00007ffbca8b0000 - 0x00007ffbcaa0d000 	C:\Windows\System32\CRYPT32.dll
0x00007ffbc3a20000 - 0x00007ffbc3b67000 	C:\Windows\SYSTEM32\drvstore.dll
0x00007ffbca3f0000 - 0x00007ffbca423000 	C:\Windows\SYSTEM32\devobj.dll
0x00007ffbcae40000 - 0x00007ffbcaeb3000 	C:\Windows\System32\WINTRUST.dll
0x00007ffbc9960000 - 0x00007ffbc9993000 	C:\Windows\SYSTEM32\ntmarta.dll
0x00007ffbcb7a0000 - 0x00007ffbcb7bd000 	C:\Windows\System32\imagehlp.dll
0x00007ffbb7850000 - 0x00007ffbbb5e4000 	C:\Windows\System32\DriverStore\FileRepository\nv_dispi.inf_amd64_20ae8f14a487d5db\nvgpucomp64.dll
0x00007ffbbcde0000 - 0x00007ffbbce1b000 	C:\Windows\SYSTEM32\dxcore.dll
0x00007ffb5d790000 - 0x00007ffb5d8d7000 	C:\Windows\system32\nvspcap64.dll
0x00007ffbc8060000 - 0x00007ffbc808e000 	C:\Windows\SYSTEM32\dwmapi.dll
0x00007ffbbe990000 - 0x00007ffbbea89000 	C:\Windows\SYSTEM32\textinputframework.dll
0x00007ffbc71f0000 - 0x00007ffbc72e2000 	C:\Windows\System32\CoreMessaging.dll
0x00007ffbc6e90000 - 0x00007ffbc71eb000 	C:\Windows\System32\CoreUIComponents.dll
0x00007ffbc6d30000 - 0x00007ffbc6e87000 	C:\Windows\SYSTEM32\wintypes.dll
0x00007ffbafe00000 - 0x00007ffbafe45000 	C:\Windows\SYSTEM32\icm32.dll
0x00007ffbca5a0000 - 0x00007ffbca5eb000 	C:\Windows\SYSTEM32\powrprof.dll
0x00007ffbca580000 - 0x00007ffbca592000 	C:\Windows\SYSTEM32\UMPDC.dll
0x00007ffbca460000 - 0x00007ffbca4c3000 	C:\Windows\SYSTEM32\WINSTA.dll
0x0000000070a40000 - 0x0000000070adc000 	C:\Users\chuck\.gradle\caches\minecraft\net\minecraft\minecraft_natives\1.7.10\avutil-ttv-51.dll
0x0000000065980000 - 0x00000000659d6000 	C:\Users\chuck\.gradle\caches\minecraft\net\minecraft\minecraft_natives\1.7.10\swresample-ttv-0.dll
0x000000006eb80000 - 0x000000006ec50000 	C:\Users\chuck\.gradle\caches\minecraft\net\minecraft\minecraft_natives\1.7.10\libmp3lame-ttv.dll
0x00007ffb139a0000 - 0x00007ffb14d44000 	C:\Users\chuck\.gradle\caches\minecraft\net\minecraft\minecraft_natives\1.7.10\libmfxsw64.dll
0x00007ffb442d0000 - 0x00007ffb443fb000 	C:\Users\chuck\.gradle\caches\minecraft\net\minecraft\minecraft_natives\1.7.10\twitchsdk.dll
0x00007ffbad970000 - 0x00007ffbade46000 	C:\Windows\SYSTEM32\WININET.dll
0x000001d7bc060000 - 0x000001d7c40b1000 	C:\Program Files (x86)\ASUS\GPUTweakIII\GTIII-OSD\x64\GTIII-OSD64-GL.dll
0x0000000073dc0000 - 0x0000000073e23000 	C:\Program Files (x86)\ASUS\GPUTweakIII\GTIII-OSD\x64\glew32.dll
0x000001d7c40c0000 - 0x000001d7cc247000 	C:\Program Files (x86)\ASUS\GPUTweakIII\GTIII-OSD\x64\GTIII-OSD64.dll
0x00007ffb63bf0000 - 0x00007ffb63e53000 	C:\Windows\SYSTEM32\d3dx9_43.dll
0x00007ffbaa9c0000 - 0x00007ffbaa9e5000 	C:\Windows\SYSTEM32\d3d12.dll
0x00007ffbc5450000 - 0x00007ffbc58ad000 	C:\Windows\SYSTEM32\D3DCOMPILER_47.dll
0x000001d7a2110000 - 0x000001d7a2141000 	C:\Windows\SYSTEM32\d3d10_1.dll
0x00007ffba5b90000 - 0x00007ffba5b9d000 	C:\Windows\SYSTEM32\d3d10_1core.dll
0x00007ffbc51e0000 - 0x00007ffbc5444000 	C:\Windows\SYSTEM32\d3d11.dll
0x00007ffbc8fc0000 - 0x00007ffbc90b6000 	C:\Windows\SYSTEM32\dxgi.dll
0x00007ffb96d10000 - 0x00007ffb96ee1000 	C:\Windows\SYSTEM32\d3d9.dll
0x00007ffbaec50000 - 0x00007ffbaecfc000 	C:\Windows\SYSTEM32\TextShaping.dll
0x000001d7a22f0000 - 0x000001d7a2354000 	C:\Users\chuck\.gradle\caches\minecraft\net\minecraft\minecraft_natives\1.7.10\OpenAL64.dll
0x00007ffbc43c0000 - 0x00007ffbc4445000 	C:\Windows\System32\MMDevApi.dll
0x00007ffb6f9a0000 - 0x00007ffb6fa3c000 	C:\Windows\SYSTEM32\dsound.dll
0x00007ffbadf50000 - 0x00007ffbadf76000 	C:\Windows\SYSTEM32\winmmbase.dll
0x00007ffbc44a0000 - 0x00007ffbc4621000 	C:\Windows\SYSTEM32\AUDIOSES.DLL
0x00007ffbc7c80000 - 0x00007ffbc7c94000 	C:\Windows\SYSTEM32\resourcepolicyclient.dll
0x00007ffb9ee00000 - 0x00007ffb9ee34000 	C:\Program Files\Java\jdk-1.8\jre\bin\jpeg.dll
0x00007ffbafc90000 - 0x00007ffbafcb5000 	C:\Program Files\Java\jdk-1.8\jre\bin\sunec.dll
0x00007ffbafee0000 - 0x00007ffbafeee000 	C:\Program Files\Java\jdk-1.8\jre\bin\sunmscapi.dll
0x00007ffbca100000 - 0x00007ffbca127000 	C:\Windows\SYSTEM32\ncrypt.dll
0x00007ffbca0c0000 - 0x00007ffbca0fb000 	C:\Windows\SYSTEM32\NTASN1.dll
0x00007ffbc8bc0000 - 0x00007ffbc8dc1000 	C:\Windows\SYSTEM32\dbghelp.dll

VM Arguments:
jvm_args: -Dfile.encoding=UTF-8 -Duser.country=US -Duser.language=en -Duser.variant 
java_command: GradleStart
java_class_path (initial): C:\Users\chuck\.gradle\caches\minecraft\net\minecraftforge\forge\1.7.10-10.13.4.1614-1.7.10\start;C:\Users\chuck\.gradle\caches\minecraft\net\minecraftforge\forge\1.7.10-10.13.4.1614-1.7.10\forgeSrc-1.7.10-10.13.4.1614-1.7.10.jar;C:\Users\chuck\.gradle\caches\modules-2\files-2.1\net.minecraft\launchwrapper\1.12\111e7bea9c968cdb3d06ef4632bf7ff0824d0f36\launchwrapper-1.12.jar;C:\Users\chuck\.gradle\caches\modules-2\files-2.1\com.google.code.findbugs\jsr305\1.3.9\40719ea6961c0cb6afaeb6a921eaa1f6afd4cfdf\jsr305-1.3.9.jar;C:\Users\chuck\.gradle\caches\modules-2\files-2.1\org.ow2.asm\asm-debug-all\5.0.3\f9e364ae2a66ce2a543012a4668856e84e5dab74\asm-debug-all-5.0.3.jar;C:\Users\chuck\.gradle\caches\modules-2\files-2.1\com.typesafe.akka\akka-actor_2.11\2.3.3\ed62e9fc709ca0f2ff1a3220daa8b70a2870078e\akka-actor_2.11-2.3.3.jar;C:\Users\chuck\.gradle\caches\modules-2\files-2.1\com.typesafe\config\1.2.1\f771f71fdae3df231bcd54d5ca2d57f0bf93f467\config-1.2.1.jar;C:\Users\chuck\.gradle\caches\modules-2\files-2.1\org.scala-lang\scala-actors-migration_2.11\1.1.0\dfa8bc42b181d5b9f1a5dd147f8ae308b893eb6f\scala-actors-migration_2.11-1.1.0.jar;C:\Users\chuck\.gradle\caches\modules-2\files-2.1\org.scala-lang.plugins\scala-continuations-plugin_2.11.1\1.0.2\f361a3283452c57fa30c1ee69448995de23c60f7\scala-continuations-plugin_2.11.1-1.0.2.jar;C:\Users\chuck\.gradle\caches\modules-2\files-2.1\org.scala-lang\scala-compiler\2.11.1\56ea2e6c025e0821f28d73ca271218b8dd04926a\scala-compiler-2.11.1.jar;C:\Users\chuck\.gradle\caches\modules-2\files-2.1\org.scala-lang.plugins\scala-continuations-library_2.11\1.0.2\e517c53a7e9acd6b1668c5a35eccbaa3bab9aac\scala-continuations-library_2.11-1.0.2.jar;C:\Users\chuck\.gradle\caches\modules-2\files-2.1\org.scala-lang\scala-reflect\2.11.1\6580347e61cc7f8e802941e7fde40fa83b8badeb\scala-reflect-2.11.1.jar;C:\Users\chuck\.gradle\caches\modules-2\files-2.1\org.scala-lang\scala-actors\2.11.0\8ccfb6541de179bb1c4d45cf414acee069b7f78b\scala-a
Launcher Type: SUN_STANDARD

Environment Variables:
PATH=C:\Program Files\Eclipse Adoptium\jdk-8.0.462.8-hotspot\bin;C:\Program Files\Common Files\Oracle\Java\javapath;C:\Program Files (x86)\Common Files\Oracle\Java\java8path;C:\Program Files (x86)\Common Files\Oracle\Java\javapath;C:\Program Files (x86)\Razer Chroma SDK\bin;C:\Program Files\Razer Chroma SDK\bin;C:\Program Files (x86)\Razer\ChromaBroadcast\bin;C:\Program Files\Razer\ChromaBroadcast\bin;C:\Windows\system32;C:\Windows;C:\Windows\System32\Wbem;C:\Windows\System32\WindowsPowerShell\v1.0\;C:\Windows\System32\OpenSSH\;C:\Program Files (x86)\NVIDIA Corporation\PhysX\Common;C:\Windows\system32\config\systemprofile\AppData\Local\Microsoft\WindowsApps;C:\Program Files\dotnet\;C:\Program Files (x86)\Windows Live\Shared;C:\Program Files\Git\cmd;C:\Program Files\WorldPainter;C:\Program Files\NVIDIA Corporation\NVIDIA app\NvDLISR;C:\Users\chuck\AppData\Local\Microsoft\WindowsApps;;C:\Program Files\JetBrains\IntelliJ IDEA 2024.2.0.1\bin;
USERNAME=chuck
OS=Windows_NT
PROCESSOR_IDENTIFIER=Intel64 Family 6 Model 158 Stepping 13, GenuineIntel



---------------  S Y S T E M  ---------------

OS: Windows 10 , 64 bit Build 19041 (10.0.19041.5915)

CPU:total 16 (initial active 16) (8 cores per cpu, 2 threads per core) family 6 model 158 stepping 13, cmov, cx8, fxsr, mmx, sse, sse2, sse3, ssse3, sse4.1, sse4.2, popcnt, avx, avx2, aes, clmul, erms, 3dnowpref, lzcnt, ht, tsc, tscinvbit, bmi1, bmi2, adx

Memory: 4k page, physical 67022948k(44798044k free), swap 71217252k(34113332k free)

vm_info: Java HotSpot(TM) 64-Bit Server VM (25.471-b09) for windows-amd64 JRE (1.8.0_471-b09), built on Sep 26 2025 05:08:27 by "java_re" with MS VC++ 17.6 (VS2022)

time: Sun Nov 23 19:37:11 2025
timezone: Eastern Standard Time
elapsed time: 26.512020 seconds (0d 0h 0m 26s)

