#
# A fatal error has been detected by the Java Runtime Environment:
#
#  EXCEPTION_ACCESS_VIOLATION (0xc0000005) at pc=0x00007ffb293382e9, pid=26504, tid=0x0000000000005dcc
#
# JRE version: Java(TM) SE Runtime Environment (8.0_471) (build 1.8.0_471-b09)
# Java VM: Java HotSpot(TM) 64-Bit Server VM (25.471-b09 mixed mode windows-amd64 compressed oops)
# Problematic frame:
# C  [nvoglv64.dll+0x8682e9]
#
# Failed to write core dump. Minidumps are not enabled by default on client versions of Windows
#
# If you would like to submit a bug report, please visit:
#   https://bugreport.java.com/bugreport/crash.jsp
#

---------------  T H R E A D  ---------------

Current thread (0x00000184ff097000):  VMThread [stack: 0x00000076e3a00000,0x00000076e3b00000] [id=24012]

siginfo: ExceptionCode=0xc0000005, reading address 0x0000000000001238

Registers:
RAX=0x0000000000000000, RBX=0x00000184b34eb470, RCX=0x0000000000000004, RDX=0x0000000000000000
RSP=0x00000076e3aff028, RBP=0x0000000000000000, RSI=0x0000000000000000, RDI=0x00000184b34eb470
R8 =0x0000000000000000, R9 =0x00000184b3d8a610, R10=0x00000184f7110000, R11=0x00000076e3aff030
R12=0x00000184ea000000, R13=0x00000184ea133820, R14=0x0000000000000000, R15=0x0000000000000000
RIP=0x00007ffb293382e9, EFLAGS=0x0000000000010202

Top of Stack: (sp=0x00000076e3aff028)
0x00000076e3aff028:   00000184ea00bbf1 0000000000000000
0x00000076e3aff038:   0000000000000000 00000184ea133820
0x00000076e3aff048:   00000184ea000000 fffffffffffffffe
0x00000076e3aff058:   00007ffbaa1d47b1 00000184b3d8a708
0x00000076e3aff068:   00000184ea008281 0000000000000000
0x00000076e3aff078:   0000000000000000 0000000000000000
0x00000076e3aff088:   0000018400000000 00000184b3d8a708
0x00000076e3aff098:   00000184ea007c71 00000184b3d8a610
0x00000076e3aff0a8:   0000000000000000 00000184b2a24990
0x00000076e3aff0b8:   00007ffbaa1d5ba1 00000184ea133840
0x00000076e3aff0c8:   00000184ea04ac0d 0000000000000040
0x00000076e3aff0d8:   00007ffb00000000 0000000000000000
0x00000076e3aff0e8:   00000184b2a24988 00000184ea000000
0x00000076e3aff0f8:   00000184f71bc298 00000184ea093f4c
0x00000076e3aff108:   0000000000000001 0000000000000001
0x00000076e3aff118:   00000184ea00a083 0000000000000000 

Instructions: (pc=0x00007ffb293382e9)
0x00007ffb293382c9:   af af af af af af af c3 cc cc cc cc cc cc cc cc
0x00007ffb293382d9:   cc cc cc cc cc cc cc 65 48 8b 04 25 30 16 00 00
0x00007ffb293382e9:   ff a0 38 12 00 00 cc cc cc cc cc cc cc cc cc cc
0x00007ffb293382f9:   cc cc cc cc cc cc cc cc cc cc cc cc cc cc cc cc 


Register to memory mapping:

RAX=0x0000000000000000 is an unknown value
RBX=0x00000184b34eb470 is an unknown value
RCX=0x0000000000000004 is an unknown value
RDX=0x0000000000000000 is an unknown value
RSP=0x00000076e3aff028 is an unknown value
RBP=0x0000000000000000 is an unknown value
RSI=0x0000000000000000 is an unknown value
RDI=0x00000184b34eb470 is an unknown value
R8 =0x0000000000000000 is an unknown value
R9 =0x00000184b3d8a610 is an unknown value
R10=0x00000184f7110000 is an unknown value
R11=0x00000076e3aff030 is an unknown value
R12=0x00000184ea000000 is an unknown value
R13=0x00000184ea133820 is an unknown value
R14=0x0000000000000000 is an unknown value
R15=0x0000000000000000 is an unknown value


Stack: [0x00000076e3a00000,0x00000076e3b00000],  sp=0x00000076e3aff028,  free space=1020k
Native frames: (J=compiled Java code, j=interpreted, Vv=VM code, C=native code)

VM_Operation (0x00000076e2cfe370): Exit, mode: safepoint, requested by thread 0x00000184f715b800


---------------  P R O C E S S  ---------------

Java Threads: ( => current thread )
  0x00000184e69d8800 JavaThread "AWT-Shutdown" [_thread_blocked, id=19892, stack(0x00000076e6400000,0x00000076e6500000)]
  0x00000184e69db800 JavaThread "File IO Thread" [_thread_blocked, id=9740, stack(0x00000076e5a00000,0x00000076e5b00000)]
  0x00000184b6347000 JavaThread "pool-2-thread-1" [_thread_blocked, id=21712, stack(0x00000076e6100000,0x00000076e6200000)]
  0x00000184b634e000 JavaThread "Chunk I/O Executor Thread-1" daemon [_thread_blocked, id=26780, stack(0x00000076e5c00000,0x00000076e5d00000)]
  0x00000184b6348000 JavaThread "Netty IO #1" daemon [_thread_blocked, id=9504, stack(0x00000076e6000000,0x00000076e6100000)]
  0x00000184b634b800 JavaThread "Netty Client IO #0" daemon [_thread_blocked, id=13868, stack(0x00000076e5f00000,0x00000076e6000000)]
  0x00000184b6346800 JavaThread "Netty IO #0" daemon [_thread_blocked, id=10336, stack(0x00000076e5900000,0x00000076e5a00000)]
  0x00000184b8a79000 JavaThread "LWJGL Timer" daemon [_thread_blocked, id=16828, stack(0x00000076e5800000,0x00000076e5900000)]
  0x00000184b178c000 JavaThread "Java2D Disposer" daemon [_thread_blocked, id=13228, stack(0x00000076e4f00000,0x00000076e5000000)]
  0x00000184b77f9800 JavaThread "Timer hack thread" daemon [_thread_blocked, id=12464, stack(0x00000076e4e00000,0x00000076e4f00000)]
  0x00000184b5914800 JavaThread "Snooper Timer" daemon [_thread_blocked, id=27216, stack(0x00000076e4d00000,0x00000076e4e00000)]
  0x00000184b0e60800 JavaThread "Service Thread" daemon [_thread_blocked, id=18976, stack(0x00000076e4b00000,0x00000076e4c00000)]
  0x00000184b0dda000 JavaThread "C1 CompilerThread11" daemon [_thread_blocked, id=27384, stack(0x00000076e4a00000,0x00000076e4b00000)]
  0x00000184b0ddb800 JavaThread "C1 CompilerThread10" daemon [_thread_blocked, id=20216, stack(0x00000076e4900000,0x00000076e4a00000)]
  0x00000184b0dda800 JavaThread "C1 CompilerThread9" daemon [_thread_blocked, id=27040, stack(0x00000076e4800000,0x00000076e4900000)]
  0x00000184b0ddd000 JavaThread "C1 CompilerThread8" daemon [_thread_blocked, id=6536, stack(0x00000076e4700000,0x00000076e4800000)]
  0x00000184b0dd9000 JavaThread "C2 CompilerThread7" daemon [_thread_blocked, id=23408, stack(0x00000076e4600000,0x00000076e4700000)]
  0x00000184b0dd7800 JavaThread "C2 CompilerThread6" daemon [_thread_blocked, id=7976, stack(0x00000076e4500000,0x00000076e4600000)]
  0x00000184b0dd8800 JavaThread "C2 CompilerThread5" daemon [_thread_blocked, id=26040, stack(0x00000076e4400000,0x00000076e4500000)]
  0x00000184b0dbb000 JavaThread "C2 CompilerThread4" daemon [_thread_blocked, id=16348, stack(0x00000076e4300000,0x00000076e4400000)]
  0x00000184b0d97000 JavaThread "C2 CompilerThread3" daemon [_thread_blocked, id=1632, stack(0x00000076e4200000,0x00000076e4300000)]
  0x00000184b0d7d800 JavaThread "C2 CompilerThread2" daemon [_thread_blocked, id=9020, stack(0x00000076e4100000,0x00000076e4200000)]
  0x00000184b0d7c800 JavaThread "C2 CompilerThread1" daemon [_thread_blocked, id=8336, stack(0x00000076e4000000,0x00000076e4100000)]
  0x00000184b0d7b000 JavaThread "C2 CompilerThread0" daemon [_thread_blocked, id=16752, stack(0x00000076e3f00000,0x00000076e4000000)]
  0x00000184b0d78800 JavaThread "Attach Listener" daemon [_thread_blocked, id=19476, stack(0x00000076e3e00000,0x00000076e3f00000)]
  0x00000184b0d76800 JavaThread "Signal Dispatcher" daemon [_thread_blocked, id=15800, stack(0x00000076e3d00000,0x00000076e3e00000)]
  0x00000184b0d60800 JavaThread "Finalizer" daemon [_thread_blocked, id=11776, stack(0x00000076e3c00000,0x00000076e3d00000)]
  0x00000184ff0a0800 JavaThread "Reference Handler" daemon [_thread_blocked, id=14044, stack(0x00000076e3b00000,0x00000076e3c00000)]
  0x00000184f715b800 JavaThread "Client thread" [_thread_blocked, id=27016, stack(0x00000076e2c00000,0x00000076e2d00000)]

Other Threads:
=>0x00000184ff097000 VMThread [stack: 0x00000076e3a00000,0x00000076e3b00000] [id=24012]

VM state:at safepoint (shutting down)

VM Mutex/Monitor currently owned by a thread:  ([mutex/lock_event])
[0x00000184f7154e50] Threads_lock - owner thread: 0x00000184ff097000

heap address: 0x00000003c1400000, size: 16364 MB, Compressed Oops mode: Zero based, Oop shift amount: 3
Narrow klass base: 0x0000000000000000, Narrow klass shift: 3
Compressed class space size: 1073741824 Address: 0x00000007c0000000

Heap:
 PSYoungGen      total 1010176K, used 672741K [0x000000066b180000, 0x00000006adc00000, 0x00000007c0000000)
  eden space 937472K, 66% used [0x000000066b180000,0x0000000690fad160,0x00000006a4500000)
  from space 72704K, 71% used [0x00000006a9500000,0x00000006ac7cc550,0x00000006adc00000)
  to   space 77312K, 0% used [0x00000006a4500000,0x00000006a4500000,0x00000006a9080000)
 ParOldGen       total 411136K, used 138026K [0x00000003c1400000, 0x00000003da580000, 0x000000066b180000)
  object space 411136K, 33% used [0x00000003c1400000,0x00000003c9aca998,0x00000003da580000)
 Metaspace       used 43896K, capacity 44337K, committed 44672K, reserved 1089536K
  class space    used 5077K, capacity 5221K, committed 5248K, reserved 1048576K

Card table byte_map: [0x00000184f8f20000,0x00000184faf20000] byte_map_base: 0x00000184f7116000

Marking Bits: (ParMarkBitMap*) 0x00007ffaed4da3e0
 Begin Bits: [0x000001848f000000, 0x000001849efb0000)
 End Bits:   [0x000001849efb0000, 0x00000184aef60000)

Polling page: 0x00000184f7300000

CodeCache: size=245760Kb used=33100Kb max_used=34296Kb free=212659Kb
 bounds [0x0000018480000000, 0x00000184821b0000, 0x000001848f000000]
 total_blobs=8218 nmethods=7341 adapters=782
 compilation: enabled

Compilation events (10 events):
Event: 33.354 Thread 0x00000184b0dd7800 9875       4       org.lwjgl.MemoryUtil::getAddress (9 bytes)
Event: 33.354 Thread 0x00000184b0dda000 9876       3       com.jcraft.jorbis.StaticCodeBook::clear (1 bytes)
Event: 33.354 Thread 0x00000184b0dda000 nmethod 9876 0x00000184815345d0 code [0x0000018481534720, 0x0000018481534878]
Event: 33.355 Thread 0x00000184b0dd7800 nmethod 9875 0x0000018482187890 code [0x00000184821879c0, 0x0000018482187a38]
Event: 33.361 Thread 0x00000184b0dbb000 9877       4       java.util.concurrent.ConcurrentHashMap$Traverser::advance (188 bytes)
Event: 33.362 Thread 0x00000184b0dbb000 nmethod 9877 0x00000184817147d0 code [0x0000018481714920, 0x0000018481714af8]
Event: 33.389 Thread 0x00000184b0ddd000 9878       3       org.apache.logging.log4j.core.helpers.NameUtil::getSubName (32 bytes)
Event: 33.389 Thread 0x00000184b0ddb800 9879       1       org.apache.logging.log4j.core.config.LoggerConfig::getLevel (5 bytes)
Event: 33.389 Thread 0x00000184b0ddb800 nmethod 9879 0x0000018481661590 code [0x00000184816616e0, 0x00000184816617f8]
Event: 33.389 Thread 0x00000184b0ddd000 nmethod 9878 0x000001848137c990 code [0x000001848137cb20, 0x000001848137d0c0]

GC Heap History (10 events):
Event: 15.440 GC heap before
{Heap before GC invocations=17 (full 5):
 PSYoungGen      total 663552K, used 581120K [0x000000066b180000, 0x0000000698e00000, 0x00000007c0000000)
  eden space 581120K, 100% used [0x000000066b180000,0x000000068e900000,0x000000068e900000)
  from space 82432K, 0% used [0x000000068e900000,0x000000068e900000,0x0000000693980000)
  to   space 83456K, 0% used [0x0000000693c80000,0x0000000693c80000,0x0000000698e00000)
 ParOldGen       total 411136K, used 108480K [0x00000003c1400000, 0x00000003da580000, 0x000000066b180000)
  object space 411136K, 26% used [0x00000003c1400000,0x00000003c7df0200,0x00000003da580000)
 Metaspace       used 41846K, capacity 42265K, committed 42496K, reserved 1087488K
  class space    used 4954K, capacity 5087K, committed 5120K, reserved 1048576K
Event: 15.445 GC heap after
Heap after GC invocations=17 (full 5):
 PSYoungGen      total 668672K, used 18898K [0x000000066b180000, 0x00000006ac700000, 0x00000007c0000000)
  eden space 585216K, 0% used [0x000000066b180000,0x000000066b180000,0x000000068ed00000)
  from space 83456K, 22% used [0x0000000693c80000,0x0000000694ef48c0,0x0000000698e00000)
  to   space 81408K, 0% used [0x000000068ed00000,0x000000068ed00000,0x0000000693c80000)
 ParOldGen       total 411136K, used 108496K [0x00000003c1400000, 0x00000003da580000, 0x000000066b180000)
  object space 411136K, 26% used [0x00000003c1400000,0x00000003c7df4200,0x00000003da580000)
 Metaspace       used 41846K, capacity 42265K, committed 42496K, reserved 1087488K
  class space    used 4954K, capacity 5087K, committed 5120K, reserved 1048576K
}
Event: 17.534 GC heap before
{Heap before GC invocations=18 (full 5):
 PSYoungGen      total 668672K, used 604114K [0x000000066b180000, 0x00000006ac700000, 0x00000007c0000000)
  eden space 585216K, 100% used [0x000000066b180000,0x000000068ed00000,0x000000068ed00000)
  from space 83456K, 22% used [0x0000000693c80000,0x0000000694ef48c0,0x0000000698e00000)
  to   space 81408K, 0% used [0x000000068ed00000,0x000000068ed00000,0x0000000693c80000)
 ParOldGen       total 411136K, used 108496K [0x00000003c1400000, 0x00000003da580000, 0x000000066b180000)
  object space 411136K, 26% used [0x00000003c1400000,0x00000003c7df4200,0x00000003da580000)
 Metaspace       used 43211K, capacity 43659K, committed 44160K, reserved 1087488K
  class space    used 5053K, capacity 5188K, committed 5248K, reserved 1048576K
Event: 17.540 GC heap after
Heap after GC invocations=18 (full 5):
 PSYoungGen      total 666624K, used 16340K [0x000000066b180000, 0x00000006a3800000, 0x00000007c0000000)
  eden space 585216K, 0% used [0x000000066b180000,0x000000066b180000,0x000000068ed00000)
  from space 81408K, 20% used [0x000000068ed00000,0x000000068fcf5040,0x0000000693c80000)
  to   space 79872K, 0% used [0x000000069ea00000,0x000000069ea00000,0x00000006a3800000)
 ParOldGen       total 411136K, used 123454K [0x00000003c1400000, 0x00000003da580000, 0x000000066b180000)
  object space 411136K, 30% used [0x00000003c1400000,0x00000003c8c8fbb0,0x00000003da580000)
 Metaspace       used 43211K, capacity 43659K, committed 44160K, reserved 1087488K
  class space    used 5053K, capacity 5188K, committed 5248K, reserved 1048576K
}
Event: 19.186 GC heap before
{Heap before GC invocations=19 (full 5):
 PSYoungGen      total 666624K, used 601556K [0x000000066b180000, 0x00000006a3800000, 0x00000007c0000000)
  eden space 585216K, 100% used [0x000000066b180000,0x000000068ed00000,0x000000068ed00000)
  from space 81408K, 20% used [0x000000068ed00000,0x000000068fcf5040,0x0000000693c80000)
  to   space 79872K, 0% used [0x000000069ea00000,0x000000069ea00000,0x00000006a3800000)
 ParOldGen       total 411136K, used 123454K [0x00000003c1400000, 0x00000003da580000, 0x000000066b180000)
  object space 411136K, 30% used [0x00000003c1400000,0x00000003c8c8fbb0,0x00000003da580000)
 Metaspace       used 43347K, capacity 43851K, committed 44160K, reserved 1087488K
  class space    used 5053K, capacity 5188K, committed 5248K, reserved 1048576K
Event: 19.191 GC heap after
Heap after GC invocations=19 (full 5):
 PSYoungGen      total 811520K, used 18960K [0x000000066b180000, 0x00000006a2580000, 0x00000007c0000000)
  eden space 750592K, 0% used [0x000000066b180000,0x000000066b180000,0x0000000698e80000)
  from space 60928K, 31% used [0x000000069ea00000,0x000000069fc84270,0x00000006a2580000)
  to   space 77312K, 0% used [0x0000000698e80000,0x0000000698e80000,0x000000069da00000)
 ParOldGen       total 411136K, used 138010K [0x00000003c1400000, 0x00000003da580000, 0x000000066b180000)
  object space 411136K, 33% used [0x00000003c1400000,0x00000003c9ac6998,0x00000003da580000)
 Metaspace       used 43347K, capacity 43851K, committed 44160K, reserved 1087488K
  class space    used 5053K, capacity 5188K, committed 5248K, reserved 1048576K
}
Event: 21.382 GC heap before
{Heap before GC invocations=20 (full 5):
 PSYoungGen      total 811520K, used 769552K [0x000000066b180000, 0x00000006a2580000, 0x00000007c0000000)
  eden space 750592K, 100% used [0x000000066b180000,0x0000000698e80000,0x0000000698e80000)
  from space 60928K, 31% used [0x000000069ea00000,0x000000069fc84270,0x00000006a2580000)
  to   space 77312K, 0% used [0x0000000698e80000,0x0000000698e80000,0x000000069da00000)
 ParOldGen       total 411136K, used 138010K [0x00000003c1400000, 0x00000003da580000, 0x000000066b180000)
  object space 411136K, 33% used [0x00000003c1400000,0x00000003c9ac6998,0x00000003da580000)
 Metaspace       used 43449K, capacity 43985K, committed 44416K, reserved 1089536K
  class space    used 5059K, capacity 5189K, committed 5248K, reserved 1048576K
Event: 21.389 GC heap after
Heap after GC invocations=20 (full 5):
 PSYoungGen      total 827904K, used 34797K [0x000000066b180000, 0x00000006add80000, 0x00000007c0000000)
  eden space 750592K, 0% used [0x000000066b180000,0x000000066b180000,0x0000000698e80000)
  from space 77312K, 45% used [0x0000000698e80000,0x000000069b07b688,0x000000069da00000)
  to   space 74240K, 0% used [0x00000006a9500000,0x00000006a9500000,0x00000006add80000)
 ParOldGen       total 411136K, used 138018K [0x00000003c1400000, 0x00000003da580000, 0x000000066b180000)
  object space 411136K, 33% used [0x00000003c1400000,0x00000003c9ac8998,0x00000003da580000)
 Metaspace       used 43449K, capacity 43985K, committed 44416K, reserved 1089536K
  class space    used 5059K, capacity 5189K, committed 5248K, reserved 1048576K
}
Event: 23.685 GC heap before
{Heap before GC invocations=21 (full 5):
 PSYoungGen      total 827904K, used 785389K [0x000000066b180000, 0x00000006add80000, 0x00000007c0000000)
  eden space 750592K, 100% used [0x000000066b180000,0x0000000698e80000,0x0000000698e80000)
  from space 77312K, 45% used [0x0000000698e80000,0x000000069b07b688,0x000000069da00000)
  to   space 74240K, 0% used [0x00000006a9500000,0x00000006a9500000,0x00000006add80000)
 ParOldGen       total 411136K, used 138018K [0x00000003c1400000, 0x00000003da580000, 0x000000066b180000)
  object space 411136K, 33% used [0x00000003c1400000,0x00000003c9ac8998,0x00000003da580000)
 Metaspace       used 43585K, capacity 44049K, committed 44416K, reserved 1089536K
  class space    used 5062K, capacity 5189K, committed 5248K, reserved 1048576K
Event: 23.694 GC heap after
Heap after GC invocations=21 (full 5):
 PSYoungGen      total 1010176K, used 52017K [0x000000066b180000, 0x00000006adc00000, 0x00000007c0000000)
  eden space 937472K, 0% used [0x000000066b180000,0x000000066b180000,0x00000006a4500000)
  from space 72704K, 71% used [0x00000006a9500000,0x00000006ac7cc550,0x00000006adc00000)
  to   space 77312K, 0% used [0x00000006a4500000,0x00000006a4500000,0x00000006a9080000)
 ParOldGen       total 411136K, used 138026K [0x00000003c1400000, 0x00000003da580000, 0x000000066b180000)
  object space 411136K, 33% used [0x00000003c1400000,0x00000003c9aca998,0x00000003da580000)
 Metaspace       used 43585K, capacity 44049K, committed 44416K, reserved 1089536K
  class space    used 5062K, capacity 5189K, committed 5248K, reserved 1048576K
}

Deoptimization events (10 events):
Event: 33.187 Thread 0x00000184b634b000 Uncommon trap: reason=class_check action=maybe_recompile pc=0x0000018480a34d14 method=java.util.concurrent.ConcurrentHashMap.putVal(Ljava/lang/Object;Ljava/lang/Object;Z)Ljava/lang/Object; @ 192
Event: 33.187 Thread 0x00000184b634b000 Uncommon trap: reason=class_check action=maybe_recompile pc=0x0000018480a34d14 method=java.util.concurrent.ConcurrentHashMap.putVal(Ljava/lang/Object;Ljava/lang/Object;Z)Ljava/lang/Object; @ 192
Event: 33.187 Thread 0x00000184b634b000 Uncommon trap: reason=class_check action=maybe_recompile pc=0x0000018480a34d14 method=java.util.concurrent.ConcurrentHashMap.putVal(Ljava/lang/Object;Ljava/lang/Object;Z)Ljava/lang/Object; @ 192
Event: 33.187 Thread 0x00000184b634b000 Uncommon trap: reason=class_check action=maybe_recompile pc=0x0000018480a34d14 method=java.util.concurrent.ConcurrentHashMap.putVal(Ljava/lang/Object;Ljava/lang/Object;Z)Ljava/lang/Object; @ 192
Event: 33.327 Thread 0x00000184b634b000 Uncommon trap: reason=bimorphic action=maybe_recompile pc=0x0000018480f546b4 method=java.util.Hashtable.remove(Ljava/lang/Object;)Ljava/lang/Object; @ 6
Event: 33.327 Thread 0x00000184b634b000 Uncommon trap: reason=bimorphic action=maybe_recompile pc=0x0000018480f546b4 method=java.util.Hashtable.remove(Ljava/lang/Object;)Ljava/lang/Object; @ 6
Event: 33.327 Thread 0x00000184b634b000 Uncommon trap: reason=bimorphic action=maybe_recompile pc=0x0000018480f546b4 method=java.util.Hashtable.remove(Ljava/lang/Object;)Ljava/lang/Object; @ 6
Event: 33.327 Thread 0x00000184b634b000 Uncommon trap: reason=bimorphic action=maybe_recompile pc=0x0000018480f546b4 method=java.util.Hashtable.remove(Ljava/lang/Object;)Ljava/lang/Object; @ 6
Event: 33.330 Thread 0x00000184b634b000 Uncommon trap: reason=class_check action=maybe_recompile pc=0x0000018480657584 method=cpw.mods.fml.common.asm.transformers.deobf.FMLDeobfuscatingRemapper.map(Ljava/lang/String;)Ljava/lang/String; @ 11
Event: 33.386 Thread 0x00000184f715b800 Uncommon trap: reason=unstable_if action=reinterpret pc=0x0000018480769d58 method=cpw.mods.fml.relauncher.FMLSecurityManager.checkPermission(Ljava/security/Permission;)V @ 23

Classes redefined (0 events):
No events

Internal exceptions (10 events):
Event: 33.019 Thread 0x00000184b634d000 Exception <a 'java/lang/InterruptedException': sleep interrupted> (0x000000068b144698) thrown at [C:\jenkins\workspace\8-2-build-windows-x64-cygwin-sans-NAS\jdk8u471\2292\hotspot\src\share\vm\prims\jvm.cpp, line 3359]
Event: 33.029 Thread 0x00000184b634d000 Exception <a 'java/lang/InterruptedException': sleep interrupted> (0x000000068b1448f0) thrown at [C:\jenkins\workspace\8-2-build-windows-x64-cygwin-sans-NAS\jdk8u471\2292\hotspot\src\share\vm\prims\jvm.cpp, line 3359]
Event: 33.036 Thread 0x00000184b634d000 Exception <a 'java/lang/InterruptedException': sleep interrupted> (0x000000068b144b48) thrown at [C:\jenkins\workspace\8-2-build-windows-x64-cygwin-sans-NAS\jdk8u471\2292\hotspot\src\share\vm\prims\jvm.cpp, line 3359]
Event: 33.044 Thread 0x00000184b634d000 Exception <a 'java/lang/InterruptedException': sleep interrupted> (0x000000068b144da0) thrown at [C:\jenkins\workspace\8-2-build-windows-x64-cygwin-sans-NAS\jdk8u471\2292\hotspot\src\share\vm\prims\jvm.cpp, line 3359]
Event: 33.126 Thread 0x00000184b634d000 Exception <a 'java/lang/InterruptedException': sleep interrupted> (0x000000068b144ff8) thrown at [C:\jenkins\workspace\8-2-build-windows-x64-cygwin-sans-NAS\jdk8u471\2292\hotspot\src\share\vm\prims\jvm.cpp, line 3359]
Event: 33.128 Thread 0x00000184b634d000 Exception <a 'java/lang/InterruptedException': sleep interrupted> (0x000000068b145250) thrown at [C:\jenkins\workspace\8-2-build-windows-x64-cygwin-sans-NAS\jdk8u471\2292\hotspot\src\share\vm\prims\jvm.cpp, line 3359]
Event: 33.153 Thread 0x00000184b634d000 Exception <a 'java/lang/InterruptedException': sleep interrupted> (0x000000068b1454a8) thrown at [C:\jenkins\workspace\8-2-build-windows-x64-cygwin-sans-NAS\jdk8u471\2292\hotspot\src\share\vm\prims\jvm.cpp, line 3359]
Event: 33.153 Thread 0x00000184b634d000 Exception <a 'java/lang/InterruptedException': sleep interrupted> (0x000000068b145700) thrown at [C:\jenkins\workspace\8-2-build-windows-x64-cygwin-sans-NAS\jdk8u471\2292\hotspot\src\share\vm\prims\jvm.cpp, line 3359]
Event: 33.253 Thread 0x00000184b6348800 Exception <a 'java/lang/InterruptedException': sleep interrupted> (0x000000068d6e5500) thrown at [C:\jenkins\workspace\8-2-build-windows-x64-cygwin-sans-NAS\jdk8u471\2292\hotspot\src\share\vm\prims\jvm.cpp, line 3359]
Event: 33.386 Thread 0x00000184f715b800 Exception <a 'org/lwjgl/LWJGLException': Failed to set device gamma.> (0x000000068e66aba0) thrown at [C:\jenkins\workspace\8-2-build-windows-x64-cygwin-sans-NAS\jdk8u471\2292\hotspot\src\share\vm\prims\jni.cpp, line 737]

Events (10 events):
Event: 33.388 loading class javax/servlet/ServletContext done
Event: 33.389 loading class javax/servlet/ServletContext
Event: 33.389 loading class javax/servlet/ServletContext done
Event: 33.389 Thread 0x00000184e69d7000 Thread exited: 0x00000184e69d7000
Event: 33.389 Thread 0x00000184e69da800 Thread exited: 0x00000184e69da800
Event: 33.390 Executing VM operation: RevokeBias
Event: 33.390 Executing VM operation: RevokeBias done
Event: 33.390 Thread 0x00000184b6351800 Thread exited: 0x00000184b6351800
Event: 33.488 Thread 0x00000184e69d9000 Thread exited: 0x00000184e69d9000
Event: 33.488 Executing VM operation: Exit


Dynamic libraries:
0x00007ff6dc810000 - 0x00007ff6dc85f000 	C:\Program Files\Java\jdk-1.8\bin\java.exe
0x00007ffbaa1b0000 - 0x00007ffbaa3a8000 	C:\Windows\SYSTEM32\ntdll.dll
0x00007ffba8580000 - 0x00007ffba8642000 	C:\Windows\System32\KERNEL32.DLL
0x00007ffba7ea0000 - 0x00007ffba8196000 	C:\Windows\System32\KERNELBASE.dll
0x00007ffba9800000 - 0x00007ffba98b1000 	C:\Windows\System32\ADVAPI32.dll
0x00007ffba9530000 - 0x00007ffba95ce000 	C:\Windows\System32\msvcrt.dll
0x00007ffba9f20000 - 0x00007ffba9fbf000 	C:\Windows\System32\sechost.dll
0x00007ffba8430000 - 0x00007ffba8550000 	C:\Windows\System32\RPCRT4.dll
0x00007ffba7dc0000 - 0x00007ffba7de7000 	C:\Windows\System32\bcrypt.dll
0x00007ffba9fc0000 - 0x00007ffbaa161000 	C:\Windows\System32\USER32.dll
0x00007ffba81a0000 - 0x00007ffba81c2000 	C:\Windows\System32\win32u.dll
0x00007ffba9e20000 - 0x00007ffba9e4b000 	C:\Windows\System32\GDI32.dll
0x00007ffba7a20000 - 0x00007ffba7b39000 	C:\Windows\System32\gdi32full.dll
0x00007ffba7cd0000 - 0x00007ffba7d6d000 	C:\Windows\System32\msvcp_win.dll
0x00007ffba7bd0000 - 0x00007ffba7cd0000 	C:\Windows\System32\ucrtbase.dll
0x00007ffb8a020000 - 0x00007ffb8a2bb000 	C:\Windows\WinSxS\amd64_microsoft.windows.common-controls_6595b64144ccf1df_6.0.19041.6456_none_60b8a6cb71f64256\COMCTL32.dll
0x00007ffba8550000 - 0x00007ffba857f000 	C:\Windows\System32\IMM32.DLL
0x00007ffba3e20000 - 0x00007ffba3e3b000 	C:\Program Files\Java\jdk-1.8\jre\bin\vcruntime140.dll
0x00007ffba1e70000 - 0x00007ffba1e7c000 	C:\Program Files\Java\jdk-1.8\jre\bin\vcruntime140_1.dll
0x00007ffb8dfa0000 - 0x00007ffb8e02e000 	C:\Program Files\Java\jdk-1.8\jre\bin\msvcp140.dll
0x00007ffaecd00000 - 0x00007ffaed5aa000 	C:\Program Files\Java\jdk-1.8\jre\bin\server\jvm.dll
0x00007ffba8270000 - 0x00007ffba8278000 	C:\Windows\System32\PSAPI.DLL
0x00007ffba1810000 - 0x00007ffba1819000 	C:\Windows\SYSTEM32\WSOCK32.dll
0x00007ffba9460000 - 0x00007ffba94cb000 	C:\Windows\System32\WS2_32.dll
0x00007ffb9d2a0000 - 0x00007ffb9d2c7000 	C:\Windows\SYSTEM32\WINMM.dll
0x00007ffba0510000 - 0x00007ffba051a000 	C:\Windows\SYSTEM32\VERSION.dll
0x00007ffba6080000 - 0x00007ffba6092000 	C:\Windows\SYSTEM32\kernel.appcore.dll
0x00007ffb8e060000 - 0x00007ffb8e070000 	C:\Program Files\Java\jdk-1.8\jre\bin\verify.dll
0x00007ffb8df70000 - 0x00007ffb8df9b000 	C:\Program Files\Java\jdk-1.8\jre\bin\java.dll
0x00007ffb8dd40000 - 0x00007ffb8dd58000 	C:\Program Files\Java\jdk-1.8\jre\bin\zip.dll
0x00007ffba8750000 - 0x00007ffba8ec0000 	C:\Windows\System32\SHELL32.dll
0x00007ffba5450000 - 0x00007ffba5bf5000 	C:\Windows\SYSTEM32\windows.storage.dll
0x00007ffba9a10000 - 0x00007ffba9d64000 	C:\Windows\System32\combase.dll
0x00007ffba7190000 - 0x00007ffba71bb000 	C:\Windows\SYSTEM32\Wldp.dll
0x00007ffba9e50000 - 0x00007ffba9f1d000 	C:\Windows\System32\OLEAUT32.dll
0x00007ffba95d0000 - 0x00007ffba967d000 	C:\Windows\System32\SHCORE.dll
0x00007ffba98c0000 - 0x00007ffba991b000 	C:\Windows\System32\shlwapi.dll
0x00007ffba7770000 - 0x00007ffba7794000 	C:\Windows\SYSTEM32\profapi.dll
0x00007ffb8e050000 - 0x00007ffb8e05d000 	C:\Program Files\Java\jdk-1.8\jre\bin\management.dll
0x00007ffb8dbd0000 - 0x00007ffb8dbec000 	C:\Program Files\Java\jdk-1.8\jre\bin\net.dll
0x00007ffba6ef0000 - 0x00007ffba6f5a000 	C:\Windows\system32\mswsock.dll
0x00007ffb8dbb0000 - 0x00007ffb8dbc3000 	C:\Program Files\Java\jdk-1.8\jre\bin\nio.dll
0x00007ffb7d3d0000 - 0x00007ffb7d3e7000 	C:\Windows\system32\napinsp.dll
0x00007ffb7d5f0000 - 0x00007ffb7d60b000 	C:\Windows\system32\pnrpnsp.dll
0x00007ffba2300000 - 0x00007ffba231d000 	C:\Windows\system32\wshbth.dll
0x00007ffba3790000 - 0x00007ffba37ad000 	C:\Windows\system32\NLAapi.dll
0x00007ffba6bd0000 - 0x00007ffba6c0b000 	C:\Windows\SYSTEM32\IPHLPAPI.DLL
0x00007ffba6c10000 - 0x00007ffba6cda000 	C:\Windows\SYSTEM32\DNSAPI.dll
0x00007ffba86b0000 - 0x00007ffba86b8000 	C:\Windows\System32\NSI.dll
0x00007ffb7d610000 - 0x00007ffb7d622000 	C:\Windows\System32\winrnr.dll
0x00007ffb9f850000 - 0x00007ffb9f85a000 	C:\Windows\System32\rasadhlp.dll
0x00007ffb8e0a0000 - 0x00007ffb8e120000 	C:\Windows\System32\fwpuclnt.dll
0x0000000180000000 - 0x0000000180051000 	C:\Users\chuck\.gradle\caches\minecraft\net\minecraft\minecraft_natives\1.7.10\lwjgl64.dll
0x00007ffb2dac0000 - 0x00007ffb2dbe8000 	C:\Windows\SYSTEM32\OPENGL32.dll
0x00007ffb2eb10000 - 0x00007ffb2eb3c000 	C:\Windows\SYSTEM32\GLU32.dll
0x00007ffba70f0000 - 0x00007ffba7108000 	C:\Windows\SYSTEM32\CRYPTSP.dll
0x00007ffba6810000 - 0x00007ffba6848000 	C:\Windows\system32\rsaenh.dll
0x00007ffba7730000 - 0x00007ffba775e000 	C:\Windows\SYSTEM32\USERENV.dll
0x00007ffba7b40000 - 0x00007ffba7bc2000 	C:\Windows\System32\bcryptprimitives.dll
0x00007ffba70e0000 - 0x00007ffba70ec000 	C:\Windows\SYSTEM32\CRYPTBASE.dll
0x00007ffba0290000 - 0x00007ffba02a7000 	C:\Windows\SYSTEM32\dhcpcsvc6.DLL
0x00007ffba05b0000 - 0x00007ffba05cd000 	C:\Windows\SYSTEM32\dhcpcsvc.DLL
0x00007ffb52a20000 - 0x00007ffb52b9e000 	C:\Program Files\Java\jdk-1.8\jre\bin\awt.dll
0x00007ffba49d0000 - 0x00007ffba4a64000 	C:\Windows\SYSTEM32\apphelp.dll
0x00007ffb99f20000 - 0x00007ffb99fce000 	C:\Windows\SYSTEM32\mscms.dll
0x00007ffb99f00000 - 0x00007ffb99f11000 	C:\Windows\SYSTEM32\ColorAdapterClient.dll
0x00007ffba4da0000 - 0x00007ffba4e3e000 	C:\Windows\system32\uxtheme.dll
0x00000184b9890000 - 0x00000184c1903000 	C:\Program Files (x86)\ASUS\GPUTweakIII\GTIII-OSD\x64\GTIII-OSD64-VK.dll
0x00007ffba9330000 - 0x00007ffba945b000 	C:\Windows\System32\ole32.dll
0x00007ffb2e8a0000 - 0x00007ffb2ea26000 	C:\Windows\SYSTEM32\vulkan-1.dll
0x00007ffba7d70000 - 0x00007ffba7dbe000 	C:\Windows\System32\CFGMGR32.dll
0x00007ffba96e0000 - 0x00007ffba97f5000 	C:\Windows\System32\MSCTF.dll
0x00007ffba9d70000 - 0x00007ffba9e19000 	C:\Windows\System32\clbcatq.dll
0x00007ffb28ad0000 - 0x00007ffb2b424000 	C:\Windows\System32\DriverStore\FileRepository\nv_dispi.inf_amd64_20ae8f14a487d5db\nvoglv64.dll
0x00007ffba8ec0000 - 0x00007ffba9330000 	C:\Windows\System32\SETUPAPI.dll
0x00007ffba1260000 - 0x00007ffba1274000 	C:\Windows\SYSTEM32\WTSAPI32.dll
0x00007ffba7320000 - 0x00007ffba7332000 	C:\Windows\SYSTEM32\msasn1.dll
0x00007ffba04d0000 - 0x00007ffba0501000 	C:\Windows\SYSTEM32\cryptnet.dll
0x00007ffba7840000 - 0x00007ffba799d000 	C:\Windows\System32\CRYPT32.dll
0x00007ffba0320000 - 0x00007ffba0467000 	C:\Windows\SYSTEM32\drvstore.dll
0x00007ffba7510000 - 0x00007ffba7543000 	C:\Windows\SYSTEM32\devobj.dll
0x00007ffba79a0000 - 0x00007ffba7a13000 	C:\Windows\System32\WINTRUST.dll
0x00007ffba6a60000 - 0x00007ffba6a93000 	C:\Windows\SYSTEM32\ntmarta.dll
0x00007ffba8250000 - 0x00007ffba826d000 	C:\Windows\System32\imagehlp.dll
0x00007ffb944a0000 - 0x00007ffb98234000 	C:\Windows\System32\DriverStore\FileRepository\nv_dispi.inf_amd64_20ae8f14a487d5db\nvgpucomp64.dll
0x00007ffb98240000 - 0x00007ffb9827b000 	C:\Windows\SYSTEM32\dxcore.dll
0x00007ffb32210000 - 0x00007ffb32357000 	C:\Windows\system32\nvspcap64.dll
0x00007ffba5160000 - 0x00007ffba518e000 	C:\Windows\SYSTEM32\dwmapi.dll
0x00007ffb9b9e0000 - 0x00007ffb9bad9000 	C:\Windows\SYSTEM32\textinputframework.dll
0x00007ffba47f0000 - 0x00007ffba48e2000 	C:\Windows\System32\CoreMessaging.dll
0x00007ffba4490000 - 0x00007ffba47eb000 	C:\Windows\System32\CoreUIComponents.dll
0x00007ffba4330000 - 0x00007ffba4487000 	C:\Windows\SYSTEM32\wintypes.dll
0x00007ffb790f0000 - 0x00007ffb79135000 	C:\Windows\SYSTEM32\icm32.dll
0x00007ffba76a0000 - 0x00007ffba76eb000 	C:\Windows\SYSTEM32\powrprof.dll
0x00007ffba7680000 - 0x00007ffba7692000 	C:\Windows\SYSTEM32\UMPDC.dll
0x00007ffba7560000 - 0x00007ffba75c3000 	C:\Windows\SYSTEM32\WINSTA.dll
0x0000000070a40000 - 0x0000000070adc000 	C:\Users\chuck\.gradle\caches\minecraft\net\minecraft\minecraft_natives\1.7.10\avutil-ttv-51.dll
0x0000000065980000 - 0x00000000659d6000 	C:\Users\chuck\.gradle\caches\minecraft\net\minecraft\minecraft_natives\1.7.10\swresample-ttv-0.dll
0x000000006eb80000 - 0x000000006ec50000 	C:\Users\chuck\.gradle\caches\minecraft\net\minecraft\minecraft_natives\1.7.10\libmp3lame-ttv.dll
0x00007ffae7470000 - 0x00007ffae8814000 	C:\Users\chuck\.gradle\caches\minecraft\net\minecraft\minecraft_natives\1.7.10\libmfxsw64.dll
0x00007ffb52220000 - 0x00007ffb5234b000 	C:\Users\chuck\.gradle\caches\minecraft\net\minecraft\minecraft_natives\1.7.10\twitchsdk.dll
0x00007ffb8ad40000 - 0x00007ffb8b216000 	C:\Windows\SYSTEM32\WININET.dll
0x00000184ccf70000 - 0x00000184d50f7000 	C:\Program Files (x86)\ASUS\GPUTweakIII\GTIII-OSD\x64\GTIII-OSD64.dll
0x00007ffb2d850000 - 0x00007ffb2dab3000 	C:\Windows\SYSTEM32\d3dx9_43.dll
0x00007ffb2eb40000 - 0x00007ffb2eb71000 	C:\Windows\SYSTEM32\d3d10_1.dll
0x00007ffb876a0000 - 0x00007ffb876c5000 	C:\Windows\SYSTEM32\d3d12.dll
0x00007ffba28a0000 - 0x00007ffba2cfd000 	C:\Windows\SYSTEM32\D3DCOMPILER_47.dll
0x00007ffb2fa50000 - 0x00007ffb2fa5d000 	C:\Windows\SYSTEM32\d3d10_1core.dll
0x00007ffba2e60000 - 0x00007ffba30c4000 	C:\Windows\SYSTEM32\d3d11.dll
0x00007ffba60c0000 - 0x00007ffba61b6000 	C:\Windows\SYSTEM32\dxgi.dll
0x00007ffb73500000 - 0x00007ffb736d1000 	C:\Windows\SYSTEM32\d3d9.dll
0x00000184ea000000 - 0x00000184f2051000 	C:\Program Files (x86)\ASUS\GPUTweakIII\GTIII-OSD\x64\GTIII-OSD64-GL.dll
0x0000000055f40000 - 0x0000000055fa3000 	C:\Program Files (x86)\ASUS\GPUTweakIII\GTIII-OSD\x64\glew32.dll
0x00007ffb8bd50000 - 0x00007ffb8bdfc000 	C:\Windows\SYSTEM32\TextShaping.dll
0x00000184b8570000 - 0x00000184b85d4000 	C:\Users\chuck\.gradle\caches\minecraft\net\minecraft\minecraft_natives\1.7.10\OpenAL64.dll
0x00007ffba0df0000 - 0x00007ffba0e75000 	C:\Windows\System32\MMDevApi.dll
0x00007ffb6c200000 - 0x00007ffb6c29c000 	C:\Windows\SYSTEM32\dsound.dll
0x00007ffb8b400000 - 0x00007ffb8b426000 	C:\Windows\SYSTEM32\winmmbase.dll
0x00007ffba10c0000 - 0x00007ffba1241000 	C:\Windows\SYSTEM32\AUDIOSES.DLL
0x00007ffba4d80000 - 0x00007ffba4d94000 	C:\Windows\SYSTEM32\resourcepolicyclient.dll
0x00007ffb75050000 - 0x00007ffb75084000 	C:\Program Files\Java\jdk-1.8\jre\bin\jpeg.dll
0x00007ffb8aab0000 - 0x00007ffb8aad5000 	C:\Program Files\Java\jdk-1.8\jre\bin\sunec.dll
0x00007ffb8aaa0000 - 0x00007ffb8aaae000 	C:\Program Files\Java\jdk-1.8\jre\bin\sunmscapi.dll
0x00007ffba7200000 - 0x00007ffba7227000 	C:\Windows\SYSTEM32\ncrypt.dll
0x00007ffba71c0000 - 0x00007ffba71fb000 	C:\Windows\SYSTEM32\NTASN1.dll
0x00007ffba5cc0000 - 0x00007ffba5ec1000 	C:\Windows\SYSTEM32\dbghelp.dll

VM Arguments:
jvm_args: -Dfile.encoding=UTF-8 -Duser.country=US -Duser.language=en -Duser.variant 
java_command: GradleStart
java_class_path (initial): C:\Users\chuck\.gradle\caches\minecraft\net\minecraftforge\forge\1.7.10-10.13.4.1614-1.7.10\start;C:\Users\chuck\.gradle\caches\minecraft\net\minecraftforge\forge\1.7.10-10.13.4.1614-1.7.10\forgeSrc-1.7.10-10.13.4.1614-1.7.10.jar;C:\Users\chuck\.gradle\caches\modules-2\files-2.1\net.minecraft\launchwrapper\1.12\111e7bea9c968cdb3d06ef4632bf7ff0824d0f36\launchwrapper-1.12.jar;C:\Users\chuck\.gradle\caches\modules-2\files-2.1\com.google.code.findbugs\jsr305\1.3.9\40719ea6961c0cb6afaeb6a921eaa1f6afd4cfdf\jsr305-1.3.9.jar;C:\Users\chuck\.gradle\caches\modules-2\files-2.1\org.ow2.asm\asm-debug-all\5.0.3\f9e364ae2a66ce2a543012a4668856e84e5dab74\asm-debug-all-5.0.3.jar;C:\Users\chuck\.gradle\caches\modules-2\files-2.1\com.typesafe.akka\akka-actor_2.11\2.3.3\ed62e9fc709ca0f2ff1a3220daa8b70a2870078e\akka-actor_2.11-2.3.3.jar;C:\Users\chuck\.gradle\caches\modules-2\files-2.1\com.typesafe\config\1.2.1\f771f71fdae3df231bcd54d5ca2d57f0bf93f467\config-1.2.1.jar;C:\Users\chuck\.gradle\caches\modules-2\files-2.1\org.scala-lang\scala-actors-migration_2.11\1.1.0\dfa8bc42b181d5b9f1a5dd147f8ae308b893eb6f\scala-actors-migration_2.11-1.1.0.jar;C:\Users\chuck\.gradle\caches\modules-2\files-2.1\org.scala-lang.plugins\scala-continuations-plugin_2.11.1\1.0.2\f361a3283452c57fa30c1ee69448995de23c60f7\scala-continuations-plugin_2.11.1-1.0.2.jar;C:\Users\chuck\.gradle\caches\modules-2\files-2.1\org.scala-lang\scala-compiler\2.11.1\56ea2e6c025e0821f28d73ca271218b8dd04926a\scala-compiler-2.11.1.jar;C:\Users\chuck\.gradle\caches\modules-2\files-2.1\org.scala-lang.plugins\scala-continuations-library_2.11\1.0.2\e517c53a7e9acd6b1668c5a35eccbaa3bab9aac\scala-continuations-library_2.11-1.0.2.jar;C:\Users\chuck\.gradle\caches\modules-2\files-2.1\org.scala-lang\scala-reflect\2.11.1\6580347e61cc7f8e802941e7fde40fa83b8badeb\scala-reflect-2.11.1.jar;C:\Users\chuck\.gradle\caches\modules-2\files-2.1\org.scala-lang\scala-actors\2.11.0\8ccfb6541de179bb1c4d45cf414acee069b7f78b\scala-a
Launcher Type: SUN_STANDARD

Environment Variables:
PATH=C:\Program Files\Eclipse Adoptium\jdk-8.0.462.8-hotspot\bin;C:\Program Files\Common Files\Oracle\Java\javapath;C:\Program Files (x86)\Common Files\Oracle\Java\java8path;C:\Program Files (x86)\Common Files\Oracle\Java\javapath;C:\Program Files (x86)\Razer Chroma SDK\bin;C:\Program Files\Razer Chroma SDK\bin;C:\Program Files (x86)\Razer\ChromaBroadcast\bin;C:\Program Files\Razer\ChromaBroadcast\bin;C:\Windows\system32;C:\Windows;C:\Windows\System32\Wbem;C:\Windows\System32\WindowsPowerShell\v1.0\;C:\Windows\System32\OpenSSH\;C:\Program Files (x86)\NVIDIA Corporation\PhysX\Common;C:\Windows\system32\config\systemprofile\AppData\Local\Microsoft\WindowsApps;C:\Program Files\dotnet\;C:\Program Files (x86)\Windows Live\Shared;C:\Program Files\Git\cmd;C:\Program Files\WorldPainter;C:\Program Files\NVIDIA Corporation\NVIDIA app\NvDLISR;C:\Users\chuck\AppData\Local\Microsoft\WindowsApps;;C:\Program Files\JetBrains\IntelliJ IDEA 2024.2.0.1\bin;
USERNAME=chuck
OS=Windows_NT
PROCESSOR_IDENTIFIER=Intel64 Family 6 Model 158 Stepping 13, GenuineIntel



---------------  S Y S T E M  ---------------

OS: Windows 10 , 64 bit Build 19041 (10.0.19041.5915)

CPU:total 16 (initial active 16) (8 cores per cpu, 2 threads per core) family 6 model 158 stepping 13, cmov, cx8, fxsr, mmx, sse, sse2, sse3, ssse3, sse4.1, sse4.2, popcnt, avx, avx2, aes, clmul, erms, 3dnowpref, lzcnt, ht, tsc, tscinvbit, bmi1, bmi2, adx

Memory: 4k page, physical 67022948k(43498240k free), swap 71217252k(36574084k free)

vm_info: Java HotSpot(TM) 64-Bit Server VM (25.471-b09) for windows-amd64 JRE (1.8.0_471-b09), built on Sep 26 2025 05:08:27 by "java_re" with MS VC++ 17.6 (VS2022)

time: Thu Nov 20 00:07:41 2025
timezone: Eastern Standard Time
elapsed time: 33.777664 seconds (0d 0h 0m 33s)

