#
# A fatal error has been detected by the Java Runtime Environment:
#
#  EXCEPTION_ACCESS_VIOLATION (0xc0000005) at pc=0x00007ffb293382e9, pid=22132, tid=0x0000000000002fe8
#
# JRE version: Java(TM) SE Runtime Environment (8.0_471) (build 1.8.0_471-b09)
# Java VM: Java HotSpot(TM) 64-Bit Server VM (25.471-b09 mixed mode windows-amd64 compressed oops)
# Problematic frame:
# C  [nvoglv64.dll+0x8682e9]
#
# Failed to write core dump. Minidumps are not enabled by default on client versions of Windows
#
# If you would like to submit a bug report, please visit:
#   https://bugreport.java.com/bugreport/crash.jsp
#

---------------  T H R E A D  ---------------

Current thread (0x0000025d5f6f4800):  VMThread [stack: 0x0000006582e00000,0x0000006582f00000] [id=12264]

siginfo: ExceptionCode=0xc0000005, reading address 0x0000000000001238

Registers:
RAX=0x0000000000000000, RBX=0x0000025d6a07bef0, RCX=0x0000000000000004, RDX=0x0000000000000000
RSP=0x0000006582eff478, RBP=0x0000000000000000, RSI=0x0000000000000000, RDI=0x0000025d6a07bef0
R8 =0x0000000000000000, R9 =0x0000025d69205020, R10=0x0000025d288f0000, R11=0x0000006582eff480
R12=0x0000025d12da0000, R13=0x0000025d12ed3820, R14=0x0000000000000000, R15=0x0000000000000000
RIP=0x00007ffb293382e9, EFLAGS=0x0000000000010202

Top of Stack: (sp=0x0000006582eff478)
0x0000006582eff478:   0000025d12dabbf1 0000000000000000
0x0000006582eff488:   0000000000000000 0000025d12ed3820
0x0000006582eff498:   0000025d12da0000 fffffffffffffffe
0x0000006582eff4a8:   00007ffbaa1d47b1 0000025d69205118
0x0000006582eff4b8:   0000025d12da8281 0000000000000000
0x0000006582eff4c8:   0000000000000000 0000000000000000
0x0000006582eff4d8:   0000006500000000 0000025d69205118
0x0000006582eff4e8:   0000025d12da7c71 0000025d69205020
0x0000006582eff4f8:   0000000000000000 0000025d64f1d080
0x0000006582eff508:   00007ffbaa1d5ba1 0000025d12ed3840
0x0000006582eff518:   0000025d12deac0d 0000000000000040
0x0000006582eff528:   00007ffb00000000 0000006582eff668
0x0000006582eff538:   0000025d288f0000 0000025d12da0000
0x0000006582eff548:   0000025d5f4e2f08 0000025d12e33f4c
0x0000006582eff558:   0000000000000001 0000000000000001
0x0000006582eff568:   0000025d12daa083 0000000000000000 

Instructions: (pc=0x00007ffb293382e9)
0x00007ffb293382c9:   af af af af af af af c3 cc cc cc cc cc cc cc cc
0x00007ffb293382d9:   cc cc cc cc cc cc cc 65 48 8b 04 25 30 16 00 00
0x00007ffb293382e9:   ff a0 38 12 00 00 cc cc cc cc cc cc cc cc cc cc
0x00007ffb293382f9:   cc cc cc cc cc cc cc cc cc cc cc cc cc cc cc cc 


Register to memory mapping:

RAX=0x0000000000000000 is an unknown value
RBX=0x0000025d6a07bef0 is an unknown value
RCX=0x0000000000000004 is an unknown value
RDX=0x0000000000000000 is an unknown value
RSP=0x0000006582eff478 is an unknown value
RBP=0x0000000000000000 is an unknown value
RSI=0x0000000000000000 is an unknown value
RDI=0x0000025d6a07bef0 is an unknown value
R8 =0x0000000000000000 is an unknown value
R9 =0x0000025d69205020 is an unknown value
R10=0x0000025d288f0000 is an unknown value
R11=0x0000006582eff480 is an unknown value
R12=0x0000025d12da0000 is an unknown value
R13=0x0000025d12ed3820 is an unknown value
R14=0x0000000000000000 is an unknown value
R15=0x0000000000000000 is an unknown value


Stack: [0x0000006582e00000,0x0000006582f00000],  sp=0x0000006582eff478,  free space=1021k
Native frames: (J=compiled Java code, j=interpreted, Vv=VM code, C=native code)

VM_Operation (0x00000065820fe1c0): Exit, mode: safepoint, requested by thread 0x0000025d28938000


---------------  P R O C E S S  ---------------

Java Threads: ( => current thread )
  0x0000025d6692b000 JavaThread "AWT-Shutdown" [_thread_blocked, id=24580, stack(0x0000006581d00000,0x0000006581e00000)]
  0x0000025d6692e000 JavaThread "Chunk I/O Executor Thread-1" daemon [_thread_blocked, id=25548, stack(0x0000006585800000,0x0000006585900000)]
  0x0000025d66929800 JavaThread "Netty IO #3" daemon [_thread_in_native, id=23408, stack(0x0000006585700000,0x0000006585800000)]
  0x0000025d63455000 JavaThread "Netty Client IO #1" daemon [_thread_in_native, id=18012, stack(0x0000006585600000,0x0000006585700000)]
  0x0000025d63449000 JavaThread "Netty IO #2" daemon [_thread_in_native, id=18292, stack(0x0000006585500000,0x0000006585600000)]
  0x0000025d6344d800 JavaThread "File IO Thread" [_thread_blocked, id=10172, stack(0x0000006585400000,0x0000006585500000)]
  0x0000025d63454000 JavaThread "Netty IO #1" daemon [_thread_in_native, id=15336, stack(0x0000006585300000,0x0000006585400000)]
  0x0000025d63453800 JavaThread "Netty Client IO #0" daemon [_thread_in_native, id=10152, stack(0x0000006585000000,0x0000006585100000)]
  0x0000025d63452000 JavaThread "Netty IO #0" daemon [_thread_in_native, id=14152, stack(0x0000006584d00000,0x0000006584e00000)]
  0x0000025d67260800 JavaThread "LWJGL Timer" daemon [_thread_blocked, id=6064, stack(0x0000006584c00000,0x0000006584d00000)]
  0x0000025d6524f000 JavaThread "Java2D Disposer" daemon [_thread_blocked, id=10924, stack(0x0000006584300000,0x0000006584400000)]
  0x0000025d69bb0000 JavaThread "Timer hack thread" daemon [_thread_blocked, id=16240, stack(0x0000006584200000,0x0000006584300000)]
  0x0000025d690ec800 JavaThread "Snooper Timer" daemon [_thread_blocked, id=9336, stack(0x0000006584100000,0x0000006584200000)]
  0x0000025d624f0800 JavaThread "Service Thread" daemon [_thread_blocked, id=19180, stack(0x0000006583f00000,0x0000006584000000)]
  0x0000025d62415000 JavaThread "C1 CompilerThread11" daemon [_thread_blocked, id=9196, stack(0x0000006583e00000,0x0000006583f00000)]
  0x0000025d62416800 JavaThread "C1 CompilerThread10" daemon [_thread_blocked, id=9748, stack(0x0000006583d00000,0x0000006583e00000)]
  0x0000025d6241b000 JavaThread "C1 CompilerThread9" daemon [_thread_blocked, id=24808, stack(0x0000006583c00000,0x0000006583d00000)]
  0x0000025d62415800 JavaThread "C1 CompilerThread8" daemon [_thread_blocked, id=12872, stack(0x0000006583b00000,0x0000006583c00000)]
  0x0000025d62414000 JavaThread "C2 CompilerThread7" daemon [_thread_blocked, id=2052, stack(0x0000006583a00000,0x0000006583b00000)]
  0x0000025d62418000 JavaThread "C2 CompilerThread6" daemon [_thread_blocked, id=20912, stack(0x0000006583900000,0x0000006583a00000)]
  0x0000025d6241a000 JavaThread "C2 CompilerThread5" daemon [_thread_blocked, id=15580, stack(0x0000006583800000,0x0000006583900000)]
  0x0000025d62419800 JavaThread "C2 CompilerThread4" daemon [_thread_blocked, id=9384, stack(0x0000006583700000,0x0000006583800000)]
  0x0000025d62417000 JavaThread "C2 CompilerThread3" daemon [_thread_blocked, id=21268, stack(0x0000006583600000,0x0000006583700000)]
  0x0000025d62418800 JavaThread "C2 CompilerThread2" daemon [_thread_blocked, id=9736, stack(0x0000006583500000,0x0000006583600000)]
  0x0000025d62424800 JavaThread "C2 CompilerThread1" daemon [_thread_blocked, id=15788, stack(0x0000006583400000,0x0000006583500000)]
  0x0000025d62422000 JavaThread "C2 CompilerThread0" daemon [_thread_blocked, id=7832, stack(0x0000006583300000,0x0000006583400000)]
  0x0000025d6241f000 JavaThread "Attach Listener" daemon [_thread_blocked, id=22704, stack(0x0000006583200000,0x0000006583300000)]
  0x0000025d62412800 JavaThread "Signal Dispatcher" daemon [_thread_blocked, id=16124, stack(0x0000006583100000,0x0000006583200000)]
  0x0000025d5f704800 JavaThread "Finalizer" daemon [_thread_blocked, id=9936, stack(0x0000006583000000,0x0000006583100000)]
  0x0000025d623f0800 JavaThread "Reference Handler" daemon [_thread_blocked, id=25248, stack(0x0000006582f00000,0x0000006583000000)]
  0x0000025d28938000 JavaThread "Client thread" [_thread_blocked, id=21692, stack(0x0000006582000000,0x0000006582100000)]

Other Threads:
=>0x0000025d5f6f4800 VMThread [stack: 0x0000006582e00000,0x0000006582f00000] [id=12264]

VM state:at safepoint (shutting down)

VM Mutex/Monitor currently owned by a thread:  ([mutex/lock_event])
[0x0000025d28935ef0] Threads_lock - owner thread: 0x0000025d5f6f4800

heap address: 0x00000003c1400000, size: 16364 MB, Compressed Oops mode: Zero based, Oop shift amount: 3
Narrow klass base: 0x0000000000000000, Narrow klass shift: 3
Compressed class space size: 1073741824 Address: 0x00000007c0000000

Heap:
 PSYoungGen      total 1259008K, used 594346K [0x000000066b180000, 0x00000006c3900000, 0x00000007c0000000)
  eden space 1213440K, 45% used [0x000000066b180000,0x000000068c9802b0,0x00000006b5280000)
  from space 45568K, 99% used [0x00000006ba400000,0x00000006bd06a5f0,0x00000006bd080000)
  to   space 107008K, 0% used [0x00000006bd080000,0x00000006bd080000,0x00000006c3900000)
 ParOldGen       total 410624K, used 151154K [0x00000003c1400000, 0x00000003da500000, 0x000000066b180000)
  object space 410624K, 36% used [0x00000003c1400000,0x00000003ca79c8d8,0x00000003da500000)
 Metaspace       used 44276K, capacity 44801K, committed 45312K, reserved 1089536K
  class space    used 5097K, capacity 5261K, committed 5376K, reserved 1048576K

Card table byte_map: [0x0000025d39620000,0x0000025d3b620000] byte_map_base: 0x0000025d37816000

Marking Bits: (ParMarkBitMap*) 0x00007ffb531aa3e0
 Begin Bits: [0x0000025d3cb70000, 0x0000025d4cb20000)
 End Bits:   [0x0000025d4cb20000, 0x0000025d5cad0000)

Polling page: 0x0000025d288e0000

CodeCache: size=245760Kb used=33650Kb max_used=35746Kb free=212109Kb
 bounds [0x0000025d2a260000, 0x0000025d2c5b0000, 0x0000025d39260000]
 total_blobs=8631 nmethods=7757 adapters=781
 compilation: enabled

Compilation events (10 events):
Event: 122.852 Thread 0x0000025d62416800 nmethod 11128 0x0000025d2a8b4c50 code [0x0000025d2a8b4da0, 0x0000025d2a8b4eb8]
Event: 122.852 Thread 0x0000025d62416800 11129       1       java.lang.InheritableThreadLocal::getMap (5 bytes)
Event: 122.852 Thread 0x0000025d62416800 nmethod 11129 0x0000025d2adb8410 code [0x0000025d2adb8560, 0x0000025d2adb8678]
Event: 122.853 Thread 0x0000025d62415000 nmethod 11127 0x0000025d2affcc10 code [0x0000025d2affd0a0, 0x0000025d2afffc60]
Event: 122.909 Thread 0x0000025d62415800 11130   !   3       java.io.PrintStream::write (69 bytes)
Event: 122.910 Thread 0x0000025d62415800 nmethod 11130 0x0000025d2c18c250 code [0x0000025d2c18c420, 0x0000025d2c18cba0]
Event: 122.948 Thread 0x0000025d6241b000 11131       3       org.apache.logging.log4j.core.helpers.NameUtil::getSubName (32 bytes)
Event: 122.948 Thread 0x0000025d62416800 11132       1       org.apache.logging.log4j.core.config.LoggerConfig::getLevel (5 bytes)
Event: 122.948 Thread 0x0000025d62416800 nmethod 11132 0x0000025d2adb8150 code [0x0000025d2adb82a0, 0x0000025d2adb83b8]
Event: 122.948 Thread 0x0000025d6241b000 nmethod 11131 0x0000025d2b548390 code [0x0000025d2b548520, 0x0000025d2b548ac0]

GC Heap History (10 events):
Event: 35.737 GC heap before
{Heap before GC invocations=24 (full 7):
 PSYoungGen      total 1173504K, used 1157025K [0x000000066b180000, 0x00000006b8a00000, 0x00000007c0000000)
  eden space 1113600K, 100% used [0x000000066b180000,0x00000006af100000,0x00000006af100000)
  from space 59904K, 72% used [0x00000006b4f80000,0x00000006b79e86b8,0x00000006b8a00000)
  to   space 78336K, 0% used [0x00000006af100000,0x00000006af100000,0x00000006b3d80000)
 ParOldGen       total 410624K, used 109927K [0x00000003c1400000, 0x00000003da500000, 0x000000066b180000)
  object space 410624K, 26% used [0x00000003c1400000,0x00000003c7f59e68,0x00000003da500000)
 Metaspace       used 43726K, capacity 44195K, committed 44672K, reserved 1089536K
  class space    used 5068K, capacity 5192K, committed 5248K, reserved 1048576K
Event: 35.748 GC heap after
Heap after GC invocations=24 (full 7):
 PSYoungGen      total 1191936K, used 65461K [0x000000066b180000, 0x00000006cab80000, 0x00000007c0000000)
  eden space 1113600K, 0% used [0x000000066b180000,0x000000066b180000,0x00000006af100000)
  from space 78336K, 83% used [0x00000006af100000,0x00000006b30ed540,0x00000006b3d80000)
  to   space 86528K, 0% used [0x00000006c5700000,0x00000006c5700000,0x00000006cab80000)
 ParOldGen       total 410624K, used 109935K [0x00000003c1400000, 0x00000003da500000, 0x000000066b180000)
  object space 410624K, 26% used [0x00000003c1400000,0x00000003c7f5be68,0x00000003da500000)
 Metaspace       used 43726K, capacity 44195K, committed 44672K, reserved 1089536K
  class space    used 5068K, capacity 5192K, committed 5248K, reserved 1048576K
}
Event: 44.495 GC heap before
{Heap before GC invocations=25 (full 7):
 PSYoungGen      total 1191936K, used 1179061K [0x000000066b180000, 0x00000006cab80000, 0x00000007c0000000)
  eden space 1113600K, 100% used [0x000000066b180000,0x00000006af100000,0x00000006af100000)
  from space 78336K, 83% used [0x00000006af100000,0x00000006b30ed540,0x00000006b3d80000)
  to   space 86528K, 0% used [0x00000006c5700000,0x00000006c5700000,0x00000006cab80000)
 ParOldGen       total 410624K, used 109935K [0x00000003c1400000, 0x00000003da500000, 0x000000066b180000)
  object space 410624K, 26% used [0x00000003c1400000,0x00000003c7f5be68,0x00000003da500000)
 Metaspace       used 43912K, capacity 44387K, committed 45056K, reserved 1089536K
  class space    used 5073K, capacity 5256K, committed 5376K, reserved 1048576K
Event: 44.512 GC heap after
Heap after GC invocations=25 (full 7):
 PSYoungGen      total 1448448K, used 82501K [0x000000066b180000, 0x00000006ca800000, 0x00000007c0000000)
  eden space 1365504K, 0% used [0x000000066b180000,0x000000066b180000,0x00000006be700000)
  from space 82944K, 99% used [0x00000006c5700000,0x00000006ca791640,0x00000006ca800000)
  to   space 98816K, 0% used [0x00000006be700000,0x00000006be700000,0x00000006c4780000)
 ParOldGen       total 410624K, used 109943K [0x00000003c1400000, 0x00000003da500000, 0x000000066b180000)
  object space 410624K, 26% used [0x00000003c1400000,0x00000003c7f5de68,0x00000003da500000)
 Metaspace       used 43912K, capacity 44387K, committed 45056K, reserved 1089536K
  class space    used 5073K, capacity 5256K, committed 5376K, reserved 1048576K
}
Event: 63.431 GC heap before
{Heap before GC invocations=26 (full 7):
 PSYoungGen      total 1448448K, used 1448005K [0x000000066b180000, 0x00000006ca800000, 0x00000007c0000000)
  eden space 1365504K, 100% used [0x000000066b180000,0x00000006be700000,0x00000006be700000)
  from space 82944K, 99% used [0x00000006c5700000,0x00000006ca791640,0x00000006ca800000)
  to   space 98816K, 0% used [0x00000006be700000,0x00000006be700000,0x00000006c4780000)
 ParOldGen       total 410624K, used 109943K [0x00000003c1400000, 0x00000003da500000, 0x000000066b180000)
  object space 410624K, 26% used [0x00000003c1400000,0x00000003c7f5de68,0x00000003da500000)
 Metaspace       used 44102K, capacity 44643K, committed 45312K, reserved 1089536K
  class space    used 5086K, capacity 5256K, committed 5376K, reserved 1048576K
Event: 63.446 GC heap after
Heap after GC invocations=26 (full 7):
 PSYoungGen      total 1395712K, used 83169K [0x000000066b180000, 0x00000006c8800000, 0x00000007c0000000)
  eden space 1312256K, 0% used [0x000000066b180000,0x000000066b180000,0x00000006bb300000)
  from space 83456K, 99% used [0x00000006be700000,0x00000006c3838708,0x00000006c3880000)
  to   space 81408K, 0% used [0x00000006c3880000,0x00000006c3880000,0x00000006c8800000)
 ParOldGen       total 410624K, used 109951K [0x00000003c1400000, 0x00000003da500000, 0x000000066b180000)
  object space 410624K, 26% used [0x00000003c1400000,0x00000003c7f5fe68,0x00000003da500000)
 Metaspace       used 44102K, capacity 44643K, committed 45312K, reserved 1089536K
  class space    used 5086K, capacity 5256K, committed 5376K, reserved 1048576K
}
Event: 82.235 GC heap before
{Heap before GC invocations=27 (full 7):
 PSYoungGen      total 1395712K, used 1395425K [0x000000066b180000, 0x00000006c8800000, 0x00000007c0000000)
  eden space 1312256K, 100% used [0x000000066b180000,0x00000006bb300000,0x00000006bb300000)
  from space 83456K, 99% used [0x00000006be700000,0x00000006c3838708,0x00000006c3880000)
  to   space 81408K, 0% used [0x00000006c3880000,0x00000006c3880000,0x00000006c8800000)
 ParOldGen       total 410624K, used 109951K [0x00000003c1400000, 0x00000003da500000, 0x000000066b180000)
  object space 410624K, 26% used [0x00000003c1400000,0x00000003c7f5fe68,0x00000003da500000)
 Metaspace       used 44190K, capacity 44719K, committed 45312K, reserved 1089536K
  class space    used 5091K, capacity 5258K, committed 5376K, reserved 1048576K
Event: 82.246 GC heap after
Heap after GC invocations=27 (full 7):
 PSYoungGen      total 1342976K, used 81407K [0x000000066b180000, 0x00000006c8800000, 0x00000007c0000000)
  eden space 1261568K, 0% used [0x000000066b180000,0x000000066b180000,0x00000006b8180000)
  from space 81408K, 99% used [0x00000006c3880000,0x00000006c87fffb0,0x00000006c8800000)
  to   space 116736K, 0% used [0x00000006ba400000,0x00000006ba400000,0x00000006c1600000)
 ParOldGen       total 410624K, used 111553K [0x00000003c1400000, 0x00000003da500000, 0x000000066b180000)
  object space 410624K, 27% used [0x00000003c1400000,0x00000003c80f0738,0x00000003da500000)
 Metaspace       used 44190K, capacity 44719K, committed 45312K, reserved 1089536K
  class space    used 5091K, capacity 5258K, committed 5376K, reserved 1048576K
}
Event: 108.736 GC heap before
{Heap before GC invocations=28 (full 7):
 PSYoungGen      total 1342976K, used 1342975K [0x000000066b180000, 0x00000006c8800000, 0x00000007c0000000)
  eden space 1261568K, 100% used [0x000000066b180000,0x00000006b8180000,0x00000006b8180000)
  from space 81408K, 99% used [0x00000006c3880000,0x00000006c87fffb0,0x00000006c8800000)
  to   space 116736K, 0% used [0x00000006ba400000,0x00000006ba400000,0x00000006c1600000)
 ParOldGen       total 410624K, used 111553K [0x00000003c1400000, 0x00000003da500000, 0x000000066b180000)
  object space 410624K, 27% used [0x00000003c1400000,0x00000003c80f0738,0x00000003da500000)
 Metaspace       used 44216K, capacity 44719K, committed 45312K, reserved 1089536K
  class space    used 5092K, capacity 5258K, committed 5376K, reserved 1048576K
Event: 108.750 GC heap after
Heap after GC invocations=28 (full 7):
 PSYoungGen      total 1259008K, used 45481K [0x000000066b180000, 0x00000006c3900000, 0x00000007c0000000)
  eden space 1213440K, 0% used [0x000000066b180000,0x000000066b180000,0x00000006b5280000)
  from space 45568K, 99% used [0x00000006ba400000,0x00000006bd06a5f0,0x00000006bd080000)
  to   space 107008K, 0% used [0x00000006bd080000,0x00000006bd080000,0x00000006c3900000)
 ParOldGen       total 410624K, used 151154K [0x00000003c1400000, 0x00000003da500000, 0x000000066b180000)
  object space 410624K, 36% used [0x00000003c1400000,0x00000003ca79c8d8,0x00000003da500000)
 Metaspace       used 44216K, capacity 44719K, committed 45312K, reserved 1089536K
  class space    used 5092K, capacity 5258K, committed 5376K, reserved 1048576K
}

Deoptimization events (10 events):
Event: 122.683 Thread 0x0000025d6344f000 Uncommon trap: reason=unstable_if action=reinterpret pc=0x0000025d2c3bbfc8 method=java.util.regex.Pattern$3.isSatisfiedBy(I)Z @ 37
Event: 122.684 Thread 0x0000025d63449000 Uncommon trap: reason=unstable_if action=reinterpret pc=0x0000025d2bfeef18 method=io.netty.util.concurrent.SingleThreadEventExecutor.execute(Ljava/lang/Runnable;)V @ 20
Event: 122.684 Thread 0x0000025d63449000 Uncommon trap: reason=unstable_if action=reinterpret pc=0x0000025d2bf47f40 method=io.netty.channel.nio.NioEventLoop.wakeup(Z)V @ 1
Event: 122.692 Thread 0x0000025d66929800 Uncommon trap: reason=unstable_if action=reinterpret pc=0x0000025d2c1047d0 method=io.netty.util.concurrent.DefaultPromise.addListeners([Lio/netty/util/concurrent/GenericFutureListener;)Lio/netty/util/concurrent/Promise; @ 25
Event: 122.692 Thread 0x0000025d66929800 Uncommon trap: reason=class_check action=maybe_recompile pc=0x0000025d2c1c437c method=io.netty.util.concurrent.DefaultPromise.notifyListener0(Lio/netty/util/concurrent/Future;Lio/netty/util/concurrent/GenericFutureListener;)V @ 2
Event: 122.692 Thread 0x0000025d63455000 Uncommon trap: reason=bimorphic action=maybe_recompile pc=0x0000025d2c1de928 method=net.minecraft.network.NetworkManager.channelRead0(Lio/netty/channel/ChannelHandlerContext;Lnet/minecraft/network/Packet;)V @ 24
Event: 122.692 Thread 0x0000025d63455000 Uncommon trap: reason=unstable_if action=reinterpret pc=0x0000025d2be2bbd4 method=io.netty.channel.local.LocalChannel.isActive()Z @ 5
Event: 122.692 Thread 0x0000025d63455000 Uncommon trap: reason=unstable_if action=reinterpret pc=0x0000025d2b6fb954 method=io.netty.channel.local.LocalChannel.isOpen()Z @ 5
Event: 122.692 Thread 0x0000025d63455000 Uncommon trap: reason=unstable_if action=reinterpret pc=0x0000025d2c146500 method=io.netty.channel.local.LocalChannel.isActive()Z @ 5
Event: 122.945 Thread 0x0000025d28938000 Uncommon trap: reason=unstable_if action=reinterpret pc=0x0000025d2a9f3998 method=cpw.mods.fml.relauncher.FMLSecurityManager.checkPermission(Ljava/security/Permission;)V @ 23

Classes redefined (0 events):
No events

Internal exceptions (10 events):
Event: 122.565 Thread 0x0000025d63448000 Exception <a 'java/lang/InterruptedException': sleep interrupted> (0x0000000687af3df0) thrown at [C:\jenkins\workspace\8-2-build-windows-x64-cygwin-sans-NAS\jdk8u471\2292\hotspot\src\share\vm\prims\jvm.cpp, line 3359]
Event: 122.574 Thread 0x0000025d63448000 Exception <a 'java/lang/InterruptedException': sleep interrupted> (0x0000000687af4070) thrown at [C:\jenkins\workspace\8-2-build-windows-x64-cygwin-sans-NAS\jdk8u471\2292\hotspot\src\share\vm\prims\jvm.cpp, line 3359]
Event: 122.582 Thread 0x0000025d63448000 Exception <a 'java/lang/InterruptedException': sleep interrupted> (0x0000000687af42f0) thrown at [C:\jenkins\workspace\8-2-build-windows-x64-cygwin-sans-NAS\jdk8u471\2292\hotspot\src\share\vm\prims\jvm.cpp, line 3359]
Event: 122.582 Thread 0x0000025d63448000 Exception <a 'java/lang/InterruptedException': sleep interrupted> (0x0000000687af5120) thrown at [C:\jenkins\workspace\8-2-build-windows-x64-cygwin-sans-NAS\jdk8u471\2292\hotspot\src\share\vm\prims\jvm.cpp, line 3311]
Event: 122.583 Thread 0x0000025d63448000 Exception <a 'java/lang/InterruptedException': sleep interrupted> (0x0000000687af5378) thrown at [C:\jenkins\workspace\8-2-build-windows-x64-cygwin-sans-NAS\jdk8u471\2292\hotspot\src\share\vm\prims\jvm.cpp, line 3359]
Event: 122.671 Thread 0x0000025d63448000 Exception <a 'java/lang/InterruptedException': sleep interrupted> (0x0000000687af55f8) thrown at [C:\jenkins\workspace\8-2-build-windows-x64-cygwin-sans-NAS\jdk8u471\2292\hotspot\src\share\vm\prims\jvm.cpp, line 3359]
Event: 122.701 Thread 0x0000025d63448000 Exception <a 'java/lang/InterruptedException': sleep interrupted> (0x0000000687af5878) thrown at [C:\jenkins\workspace\8-2-build-windows-x64-cygwin-sans-NAS\jdk8u471\2292\hotspot\src\share\vm\prims\jvm.cpp, line 3359]
Event: 122.701 Thread 0x0000025d63448000 Exception <a 'java/lang/InterruptedException': sleep interrupted> (0x0000000687af5ad0) thrown at [C:\jenkins\workspace\8-2-build-windows-x64-cygwin-sans-NAS\jdk8u471\2292\hotspot\src\share\vm\prims\jvm.cpp, line 3359]
Event: 122.802 Thread 0x0000025d63452800 Exception <a 'java/lang/InterruptedException': sleep interrupted> (0x0000000689f04248) thrown at [C:\jenkins\workspace\8-2-build-windows-x64-cygwin-sans-NAS\jdk8u471\2292\hotspot\src\share\vm\prims\jvm.cpp, line 3359]
Event: 122.945 Thread 0x0000025d28938000 Exception <a 'org/lwjgl/LWJGLException': Failed to set device gamma.> (0x000000068b6e5568) thrown at [C:\jenkins\workspace\8-2-build-windows-x64-cygwin-sans-NAS\jdk8u471\2292\hotspot\src\share\vm\prims\jni.cpp, line 737]

Events (10 events):
Event: 122.946 Thread 0x0000025d6692b000 Thread added: 0x0000025d6692b000
Event: 122.947 loading class javax/servlet/ServletContext
Event: 122.947 loading class javax/servlet/ServletContext done
Event: 122.947 loading class javax/servlet/ServletContext
Event: 122.947 loading class javax/servlet/ServletContext done
Event: 122.947 Thread 0x0000025d6692d800 Thread exited: 0x0000025d6692d800
Event: 122.948 Thread 0x0000025d66930800 Thread exited: 0x0000025d66930800
Event: 122.948 Thread 0x0000025d6692a800 Thread exited: 0x0000025d6692a800
Event: 123.048 Thread 0x0000025d66932000 Thread exited: 0x0000025d66932000
Event: 123.048 Executing VM operation: Exit


Dynamic libraries:
0x00007ff6dc810000 - 0x00007ff6dc85f000 	C:\Program Files\Java\jdk-1.8\bin\java.exe
0x00007ffbaa1b0000 - 0x00007ffbaa3a8000 	C:\Windows\SYSTEM32\ntdll.dll
0x00007ffba8580000 - 0x00007ffba8642000 	C:\Windows\System32\KERNEL32.DLL
0x00007ffba7ea0000 - 0x00007ffba8196000 	C:\Windows\System32\KERNELBASE.dll
0x00007ffba9800000 - 0x00007ffba98b1000 	C:\Windows\System32\ADVAPI32.dll
0x00007ffba9530000 - 0x00007ffba95ce000 	C:\Windows\System32\msvcrt.dll
0x00007ffba9f20000 - 0x00007ffba9fbf000 	C:\Windows\System32\sechost.dll
0x00007ffba8430000 - 0x00007ffba8550000 	C:\Windows\System32\RPCRT4.dll
0x00007ffba7dc0000 - 0x00007ffba7de7000 	C:\Windows\System32\bcrypt.dll
0x00007ffba9fc0000 - 0x00007ffbaa161000 	C:\Windows\System32\USER32.dll
0x00007ffba81a0000 - 0x00007ffba81c2000 	C:\Windows\System32\win32u.dll
0x00007ffba9e20000 - 0x00007ffba9e4b000 	C:\Windows\System32\GDI32.dll
0x00007ffba7a20000 - 0x00007ffba7b39000 	C:\Windows\System32\gdi32full.dll
0x00007ffba7cd0000 - 0x00007ffba7d6d000 	C:\Windows\System32\msvcp_win.dll
0x00007ffba7bd0000 - 0x00007ffba7cd0000 	C:\Windows\System32\ucrtbase.dll
0x00007ffb8a020000 - 0x00007ffb8a2bb000 	C:\Windows\WinSxS\amd64_microsoft.windows.common-controls_6595b64144ccf1df_6.0.19041.6456_none_60b8a6cb71f64256\COMCTL32.dll
0x00007ffba8550000 - 0x00007ffba857f000 	C:\Windows\System32\IMM32.DLL
0x00007ffb8df90000 - 0x00007ffb8dfab000 	C:\Program Files\Java\jdk-1.8\jre\bin\vcruntime140.dll
0x00007ffba1e70000 - 0x00007ffba1e7c000 	C:\Program Files\Java\jdk-1.8\jre\bin\vcruntime140_1.dll
0x00007ffb8aa70000 - 0x00007ffb8aafe000 	C:\Program Files\Java\jdk-1.8\jre\bin\msvcp140.dll
0x00007ffb529d0000 - 0x00007ffb5327a000 	C:\Program Files\Java\jdk-1.8\jre\bin\server\jvm.dll
0x00007ffba8270000 - 0x00007ffba8278000 	C:\Windows\System32\PSAPI.DLL
0x00007ffba1810000 - 0x00007ffba1819000 	C:\Windows\SYSTEM32\WSOCK32.dll
0x00007ffba0510000 - 0x00007ffba051a000 	C:\Windows\SYSTEM32\VERSION.dll
0x00007ffb9d2a0000 - 0x00007ffb9d2c7000 	C:\Windows\SYSTEM32\WINMM.dll
0x00007ffba9460000 - 0x00007ffba94cb000 	C:\Windows\System32\WS2_32.dll
0x00007ffba6080000 - 0x00007ffba6092000 	C:\Windows\SYSTEM32\kernel.appcore.dll
0x00007ffb8df80000 - 0x00007ffb8df90000 	C:\Program Files\Java\jdk-1.8\jre\bin\verify.dll
0x00007ffb8dbc0000 - 0x00007ffb8dbeb000 	C:\Program Files\Java\jdk-1.8\jre\bin\java.dll
0x00007ffb8dd40000 - 0x00007ffb8dd58000 	C:\Program Files\Java\jdk-1.8\jre\bin\zip.dll
0x00007ffba8750000 - 0x00007ffba8ec0000 	C:\Windows\System32\SHELL32.dll
0x00007ffba5450000 - 0x00007ffba5bf5000 	C:\Windows\SYSTEM32\windows.storage.dll
0x00007ffba9a10000 - 0x00007ffba9d64000 	C:\Windows\System32\combase.dll
0x00007ffba7190000 - 0x00007ffba71bb000 	C:\Windows\SYSTEM32\Wldp.dll
0x00007ffba9e50000 - 0x00007ffba9f1d000 	C:\Windows\System32\OLEAUT32.dll
0x00007ffba95d0000 - 0x00007ffba967d000 	C:\Windows\System32\SHCORE.dll
0x00007ffba98c0000 - 0x00007ffba991b000 	C:\Windows\System32\shlwapi.dll
0x00007ffba7770000 - 0x00007ffba7794000 	C:\Windows\SYSTEM32\profapi.dll
0x00007ffb8df70000 - 0x00007ffb8df7d000 	C:\Program Files\Java\jdk-1.8\jre\bin\management.dll
0x00007ffb8da90000 - 0x00007ffb8daac000 	C:\Program Files\Java\jdk-1.8\jre\bin\net.dll
0x00007ffba6ef0000 - 0x00007ffba6f5a000 	C:\Windows\system32\mswsock.dll
0x00007ffb7f7d0000 - 0x00007ffb7f7e3000 	C:\Program Files\Java\jdk-1.8\jre\bin\nio.dll
0x00007ffb7d3d0000 - 0x00007ffb7d3e7000 	C:\Windows\system32\napinsp.dll
0x00007ffb7d5f0000 - 0x00007ffb7d60b000 	C:\Windows\system32\pnrpnsp.dll
0x00007ffba2300000 - 0x00007ffba231d000 	C:\Windows\system32\wshbth.dll
0x00007ffba3790000 - 0x00007ffba37ad000 	C:\Windows\system32\NLAapi.dll
0x00007ffba6bd0000 - 0x00007ffba6c0b000 	C:\Windows\SYSTEM32\IPHLPAPI.DLL
0x00007ffba6c10000 - 0x00007ffba6cda000 	C:\Windows\SYSTEM32\DNSAPI.dll
0x00007ffba86b0000 - 0x00007ffba86b8000 	C:\Windows\System32\NSI.dll
0x00007ffb7d610000 - 0x00007ffb7d622000 	C:\Windows\System32\winrnr.dll
0x00007ffb9f850000 - 0x00007ffb9f85a000 	C:\Windows\System32\rasadhlp.dll
0x00007ffb8e0a0000 - 0x00007ffb8e120000 	C:\Windows\System32\fwpuclnt.dll
0x0000000180000000 - 0x0000000180051000 	C:\Users\chuck\.gradle\caches\minecraft\net\minecraft\minecraft_natives\1.7.10\lwjgl64.dll
0x00007ffb2dac0000 - 0x00007ffb2dbe8000 	C:\Windows\SYSTEM32\OPENGL32.dll
0x00007ffb2eb10000 - 0x00007ffb2eb3c000 	C:\Windows\SYSTEM32\GLU32.dll
0x00007ffba70f0000 - 0x00007ffba7108000 	C:\Windows\SYSTEM32\CRYPTSP.dll
0x00007ffba6810000 - 0x00007ffba6848000 	C:\Windows\system32\rsaenh.dll
0x00007ffba7730000 - 0x00007ffba775e000 	C:\Windows\SYSTEM32\USERENV.dll
0x00007ffba7b40000 - 0x00007ffba7bc2000 	C:\Windows\System32\bcryptprimitives.dll
0x00007ffba70e0000 - 0x00007ffba70ec000 	C:\Windows\SYSTEM32\CRYPTBASE.dll
0x00007ffba0290000 - 0x00007ffba02a7000 	C:\Windows\SYSTEM32\dhcpcsvc6.DLL
0x00007ffba05b0000 - 0x00007ffba05cd000 	C:\Windows\SYSTEM32\dhcpcsvc.DLL
0x00007ffb523b0000 - 0x00007ffb5252e000 	C:\Program Files\Java\jdk-1.8\jre\bin\awt.dll
0x00007ffba49d0000 - 0x00007ffba4a64000 	C:\Windows\SYSTEM32\apphelp.dll
0x00007ffb99f20000 - 0x00007ffb99fce000 	C:\Windows\SYSTEM32\mscms.dll
0x00007ffb99f00000 - 0x00007ffb99f11000 	C:\Windows\SYSTEM32\ColorAdapterClient.dll
0x00007ffba4da0000 - 0x00007ffba4e3e000 	C:\Windows\system32\uxtheme.dll
0x0000025d6ae40000 - 0x0000025d72eb3000 	C:\Program Files (x86)\ASUS\GPUTweakIII\GTIII-OSD\x64\GTIII-OSD64-VK.dll
0x00007ffba9330000 - 0x00007ffba945b000 	C:\Windows\System32\ole32.dll
0x00007ffb2e8a0000 - 0x00007ffb2ea26000 	C:\Windows\SYSTEM32\vulkan-1.dll
0x00007ffba7d70000 - 0x00007ffba7dbe000 	C:\Windows\System32\CFGMGR32.dll
0x00007ffba96e0000 - 0x00007ffba97f5000 	C:\Windows\System32\MSCTF.dll
0x00007ffba9d70000 - 0x00007ffba9e19000 	C:\Windows\System32\clbcatq.dll
0x00007ffb28ad0000 - 0x00007ffb2b424000 	C:\Windows\System32\DriverStore\FileRepository\nv_dispi.inf_amd64_20ae8f14a487d5db\nvoglv64.dll
0x00007ffba8ec0000 - 0x00007ffba9330000 	C:\Windows\System32\SETUPAPI.dll
0x00007ffba1260000 - 0x00007ffba1274000 	C:\Windows\SYSTEM32\WTSAPI32.dll
0x00007ffba7320000 - 0x00007ffba7332000 	C:\Windows\SYSTEM32\msasn1.dll
0x00007ffba04d0000 - 0x00007ffba0501000 	C:\Windows\SYSTEM32\cryptnet.dll
0x00007ffba7840000 - 0x00007ffba799d000 	C:\Windows\System32\CRYPT32.dll
0x00007ffba0320000 - 0x00007ffba0467000 	C:\Windows\SYSTEM32\drvstore.dll
0x00007ffba7510000 - 0x00007ffba7543000 	C:\Windows\SYSTEM32\devobj.dll
0x00007ffba79a0000 - 0x00007ffba7a13000 	C:\Windows\System32\WINTRUST.dll
0x00007ffba6a60000 - 0x00007ffba6a93000 	C:\Windows\SYSTEM32\ntmarta.dll
0x00007ffba8250000 - 0x00007ffba826d000 	C:\Windows\System32\imagehlp.dll
0x00007ffb944a0000 - 0x00007ffb98234000 	C:\Windows\System32\DriverStore\FileRepository\nv_dispi.inf_amd64_20ae8f14a487d5db\nvgpucomp64.dll
0x00007ffb98240000 - 0x00007ffb9827b000 	C:\Windows\SYSTEM32\dxcore.dll
0x00007ffb32210000 - 0x00007ffb32357000 	C:\Windows\system32\nvspcap64.dll
0x00007ffba5160000 - 0x00007ffba518e000 	C:\Windows\SYSTEM32\dwmapi.dll
0x00007ffb9b9e0000 - 0x00007ffb9bad9000 	C:\Windows\SYSTEM32\textinputframework.dll
0x00007ffba47f0000 - 0x00007ffba48e2000 	C:\Windows\System32\CoreMessaging.dll
0x00007ffba4490000 - 0x00007ffba47eb000 	C:\Windows\System32\CoreUIComponents.dll
0x00007ffba4330000 - 0x00007ffba4487000 	C:\Windows\SYSTEM32\wintypes.dll
0x00007ffb790f0000 - 0x00007ffb79135000 	C:\Windows\SYSTEM32\icm32.dll
0x00007ffba76a0000 - 0x00007ffba76eb000 	C:\Windows\SYSTEM32\powrprof.dll
0x00007ffba7680000 - 0x00007ffba7692000 	C:\Windows\SYSTEM32\UMPDC.dll
0x00007ffba7560000 - 0x00007ffba75c3000 	C:\Windows\SYSTEM32\WINSTA.dll
0x0000000070a40000 - 0x0000000070adc000 	C:\Users\chuck\.gradle\caches\minecraft\net\minecraft\minecraft_natives\1.7.10\avutil-ttv-51.dll
0x0000000065980000 - 0x00000000659d6000 	C:\Users\chuck\.gradle\caches\minecraft\net\minecraft\minecraft_natives\1.7.10\swresample-ttv-0.dll
0x000000006eb80000 - 0x000000006ec50000 	C:\Users\chuck\.gradle\caches\minecraft\net\minecraft\minecraft_natives\1.7.10\libmp3lame-ttv.dll
0x00007ffaec200000 - 0x00007ffaed5a4000 	C:\Users\chuck\.gradle\caches\minecraft\net\minecraft\minecraft_natives\1.7.10\libmfxsw64.dll
0x00007ffb512b0000 - 0x00007ffb513db000 	C:\Users\chuck\.gradle\caches\minecraft\net\minecraft\minecraft_natives\1.7.10\twitchsdk.dll
0x00007ffb8ad40000 - 0x00007ffb8b216000 	C:\Windows\SYSTEM32\WININET.dll
0x0000025d12da0000 - 0x0000025d1adf1000 	C:\Program Files (x86)\ASUS\GPUTweakIII\GTIII-OSD\x64\GTIII-OSD64-GL.dll
0x0000000055f40000 - 0x0000000055fa3000 	C:\Program Files (x86)\ASUS\GPUTweakIII\GTIII-OSD\x64\glew32.dll
0x0000025d1ae00000 - 0x0000025d22f87000 	C:\Program Files (x86)\ASUS\GPUTweakIII\GTIII-OSD\x64\GTIII-OSD64.dll
0x00007ffb876a0000 - 0x00007ffb876c5000 	C:\Windows\SYSTEM32\d3d12.dll
0x00007ffba28a0000 - 0x00007ffba2cfd000 	C:\Windows\SYSTEM32\D3DCOMPILER_47.dll
0x00007ffb2eb40000 - 0x00007ffb2eb71000 	C:\Windows\SYSTEM32\d3d10_1.dll
0x00007ffb2fa50000 - 0x00007ffb2fa5d000 	C:\Windows\SYSTEM32\d3d10_1core.dll
0x00007ffba2e60000 - 0x00007ffba30c4000 	C:\Windows\SYSTEM32\d3d11.dll
0x00007ffba60c0000 - 0x00007ffba61b6000 	C:\Windows\SYSTEM32\dxgi.dll
0x0000025d05920000 - 0x0000025d05b83000 	C:\Windows\SYSTEM32\d3dx9_43.dll
0x00007ffb73500000 - 0x00007ffb736d1000 	C:\Windows\SYSTEM32\d3d9.dll
0x00007ffb8bd50000 - 0x00007ffb8bdfc000 	C:\Windows\SYSTEM32\TextShaping.dll
0x0000025d04630000 - 0x0000025d04694000 	C:\Users\chuck\.gradle\caches\minecraft\net\minecraft\minecraft_natives\1.7.10\OpenAL64.dll
0x00007ffba0df0000 - 0x00007ffba0e75000 	C:\Windows\System32\MMDevApi.dll
0x00007ffb6c200000 - 0x00007ffb6c29c000 	C:\Windows\SYSTEM32\dsound.dll
0x00007ffb8b400000 - 0x00007ffb8b426000 	C:\Windows\SYSTEM32\winmmbase.dll
0x00007ffba10c0000 - 0x00007ffba1241000 	C:\Windows\SYSTEM32\AUDIOSES.DLL
0x00007ffba4d80000 - 0x00007ffba4d94000 	C:\Windows\SYSTEM32\resourcepolicyclient.dll
0x00007ffb75110000 - 0x00007ffb75144000 	C:\Program Files\Java\jdk-1.8\jre\bin\jpeg.dll
0x00007ffb8dfc0000 - 0x00007ffb8dfe5000 	C:\Program Files\Java\jdk-1.8\jre\bin\sunec.dll
0x00007ffb8e060000 - 0x00007ffb8e06e000 	C:\Program Files\Java\jdk-1.8\jre\bin\sunmscapi.dll
0x00007ffba7200000 - 0x00007ffba7227000 	C:\Windows\SYSTEM32\ncrypt.dll
0x00007ffba71c0000 - 0x00007ffba71fb000 	C:\Windows\SYSTEM32\NTASN1.dll
0x00007ffba5cc0000 - 0x00007ffba5ec1000 	C:\Windows\SYSTEM32\dbghelp.dll

VM Arguments:
jvm_args: -Dfile.encoding=UTF-8 -Duser.country=US -Duser.language=en -Duser.variant 
java_command: GradleStart
java_class_path (initial): C:\Users\chuck\.gradle\caches\minecraft\net\minecraftforge\forge\1.7.10-10.13.4.1614-1.7.10\start;C:\Users\chuck\.gradle\caches\minecraft\net\minecraftforge\forge\1.7.10-10.13.4.1614-1.7.10\forgeSrc-1.7.10-10.13.4.1614-1.7.10.jar;C:\Users\chuck\.gradle\caches\modules-2\files-2.1\net.minecraft\launchwrapper\1.12\111e7bea9c968cdb3d06ef4632bf7ff0824d0f36\launchwrapper-1.12.jar;C:\Users\chuck\.gradle\caches\modules-2\files-2.1\com.google.code.findbugs\jsr305\1.3.9\40719ea6961c0cb6afaeb6a921eaa1f6afd4cfdf\jsr305-1.3.9.jar;C:\Users\chuck\.gradle\caches\modules-2\files-2.1\org.ow2.asm\asm-debug-all\5.0.3\f9e364ae2a66ce2a543012a4668856e84e5dab74\asm-debug-all-5.0.3.jar;C:\Users\chuck\.gradle\caches\modules-2\files-2.1\com.typesafe.akka\akka-actor_2.11\2.3.3\ed62e9fc709ca0f2ff1a3220daa8b70a2870078e\akka-actor_2.11-2.3.3.jar;C:\Users\chuck\.gradle\caches\modules-2\files-2.1\com.typesafe\config\1.2.1\f771f71fdae3df231bcd54d5ca2d57f0bf93f467\config-1.2.1.jar;C:\Users\chuck\.gradle\caches\modules-2\files-2.1\org.scala-lang\scala-actors-migration_2.11\1.1.0\dfa8bc42b181d5b9f1a5dd147f8ae308b893eb6f\scala-actors-migration_2.11-1.1.0.jar;C:\Users\chuck\.gradle\caches\modules-2\files-2.1\org.scala-lang.plugins\scala-continuations-plugin_2.11.1\1.0.2\f361a3283452c57fa30c1ee69448995de23c60f7\scala-continuations-plugin_2.11.1-1.0.2.jar;C:\Users\chuck\.gradle\caches\modules-2\files-2.1\org.scala-lang\scala-compiler\2.11.1\56ea2e6c025e0821f28d73ca271218b8dd04926a\scala-compiler-2.11.1.jar;C:\Users\chuck\.gradle\caches\modules-2\files-2.1\org.scala-lang.plugins\scala-continuations-library_2.11\1.0.2\e517c53a7e9acd6b1668c5a35eccbaa3bab9aac\scala-continuations-library_2.11-1.0.2.jar;C:\Users\chuck\.gradle\caches\modules-2\files-2.1\org.scala-lang\scala-reflect\2.11.1\6580347e61cc7f8e802941e7fde40fa83b8badeb\scala-reflect-2.11.1.jar;C:\Users\chuck\.gradle\caches\modules-2\files-2.1\org.scala-lang\scala-actors\2.11.0\8ccfb6541de179bb1c4d45cf414acee069b7f78b\scala-a
Launcher Type: SUN_STANDARD

Environment Variables:
PATH=C:\Program Files\Eclipse Adoptium\jdk-8.0.462.8-hotspot\bin;C:\Program Files\Common Files\Oracle\Java\javapath;C:\Program Files (x86)\Common Files\Oracle\Java\java8path;C:\Program Files (x86)\Common Files\Oracle\Java\javapath;C:\Program Files (x86)\Razer Chroma SDK\bin;C:\Program Files\Razer Chroma SDK\bin;C:\Program Files (x86)\Razer\ChromaBroadcast\bin;C:\Program Files\Razer\ChromaBroadcast\bin;C:\Windows\system32;C:\Windows;C:\Windows\System32\Wbem;C:\Windows\System32\WindowsPowerShell\v1.0\;C:\Windows\System32\OpenSSH\;C:\Program Files (x86)\NVIDIA Corporation\PhysX\Common;C:\Windows\system32\config\systemprofile\AppData\Local\Microsoft\WindowsApps;C:\Program Files\dotnet\;C:\Program Files (x86)\Windows Live\Shared;C:\Program Files\Git\cmd;C:\Program Files\WorldPainter;C:\Program Files\NVIDIA Corporation\NVIDIA app\NvDLISR;C:\Users\chuck\AppData\Local\Microsoft\WindowsApps;;C:\Program Files\JetBrains\IntelliJ IDEA 2024.2.0.1\bin;
USERNAME=chuck
OS=Windows_NT
PROCESSOR_IDENTIFIER=Intel64 Family 6 Model 158 Stepping 13, GenuineIntel



---------------  S Y S T E M  ---------------

OS: Windows 10 , 64 bit Build 19041 (10.0.19041.5915)

CPU:total 16 (initial active 16) (8 cores per cpu, 2 threads per core) family 6 model 158 stepping 13, cmov, cx8, fxsr, mmx, sse, sse2, sse3, ssse3, sse4.1, sse4.2, popcnt, avx, avx2, aes, clmul, erms, 3dnowpref, lzcnt, ht, tsc, tscinvbit, bmi1, bmi2, adx

Memory: 4k page, physical 67022948k(48024824k free), swap 71217252k(40808208k free)

vm_info: Java HotSpot(TM) 64-Bit Server VM (25.471-b09) for windows-amd64 JRE (1.8.0_471-b09), built on Sep 26 2025 05:08:27 by "java_re" with MS VC++ 17.6 (VS2022)

time: Wed Nov 19 17:33:26 2025
timezone: Eastern Standard Time
elapsed time: 123.780018 seconds (0d 0h 2m 3s)

