#
# A fatal error has been detected by the Java Runtime Environment:
#
#  EXCEPTION_ACCESS_VIOLATION (0xc0000005) at pc=0x00007ffb293382e9, pid=12212, tid=0x0000000000005ec8
#
# JRE version: Java(TM) SE Runtime Environment (8.0_471) (build 1.8.0_471-b09)
# Java VM: Java HotSpot(TM) 64-Bit Server VM (25.471-b09 mixed mode windows-amd64 compressed oops)
# Problematic frame:
# C  [nvoglv64.dll+0x8682e9]
#
# Failed to write core dump. Minidumps are not enabled by default on client versions of Windows
#
# If you would like to submit a bug report, please visit:
#   https://bugreport.java.com/bugreport/crash.jsp
#

---------------  T H R E A D  ---------------

Current thread (0x000002d8ed054000):  VMThread [stack: 0x000000f51d400000,0x000000f51d500000] [id=24264]

siginfo: ExceptionCode=0xc0000005, reading address 0x0000000000001238

Registers:
RAX=0x0000000000000000, RBX=0x000002d8f252dd20, RCX=0x0000000000000004, RDX=0x0000000000000000
RSP=0x000000f51d4fee08, RBP=0x0000000000000000, RSI=0x0000000000000000, RDI=0x000002d8f252dd20
R8 =0x0000000000000000, R9 =0x000002d8c13b2fb0, R10=0x000002d8d5ee0000, R11=0x000000f51d4fee10
R12=0x000002d8c6ba0000, R13=0x000002d8c6cd3820, R14=0x0000000000000000, R15=0x0000000000000000
RIP=0x00007ffb293382e9, EFLAGS=0x0000000000010202

Top of Stack: (sp=0x000000f51d4fee08)
0x000000f51d4fee08:   000002d8c6babbf1 0000000000000000
0x000000f51d4fee18:   0000000000000000 000002d8c6cd3820
0x000000f51d4fee28:   000002d8c6ba0000 fffffffffffffffe
0x000000f51d4fee38:   00007ffbaa1d47b1 000002d8c13b30a8
0x000000f51d4fee48:   000002d8c6ba8281 0000000000000000
0x000000f51d4fee58:   0000000000000000 0000000000000000
0x000000f51d4fee68:   000000f500000000 000002d8c13b30a8
0x000000f51d4fee78:   000002d8c6ba7c71 000002d8c13b2fb0
0x000000f51d4fee88:   0000000000000000 000002d8f47441f0
0x000000f51d4fee98:   00007ffbaa1d5ba1 000002d8c6cd3840
0x000000f51d4feea8:   000002d8c6beac0d 0000000000000040
0x000000f51d4feeb8:   00007ffb00000000 000000f51d4feff8
0x000000f51d4feec8:   000002d8d5ee0000 000002d8c6ba0000
0x000000f51d4feed8:   000002d8ecc3f8f8 000002d8c6c33f4c
0x000000f51d4feee8:   0000000000000001 0000000000000001
0x000000f51d4feef8:   000002d8c6baa083 0000000000000000 

Instructions: (pc=0x00007ffb293382e9)
0x00007ffb293382c9:   af af af af af af af c3 cc cc cc cc cc cc cc cc
0x00007ffb293382d9:   cc cc cc cc cc cc cc 65 48 8b 04 25 30 16 00 00
0x00007ffb293382e9:   ff a0 38 12 00 00 cc cc cc cc cc cc cc cc cc cc
0x00007ffb293382f9:   cc cc cc cc cc cc cc cc cc cc cc cc cc cc cc cc 


Register to memory mapping:

RAX=0x0000000000000000 is an unknown value
RBX=0x000002d8f252dd20 is an unknown value
RCX=0x0000000000000004 is an unknown value
RDX=0x0000000000000000 is an unknown value
RSP=0x000000f51d4fee08 is an unknown value
RBP=0x0000000000000000 is an unknown value
RSI=0x0000000000000000 is an unknown value
RDI=0x000002d8f252dd20 is an unknown value
R8 =0x0000000000000000 is an unknown value
R9 =0x000002d8c13b2fb0 is an unknown value
R10=0x000002d8d5ee0000 is an unknown value
R11=0x000000f51d4fee10 is an unknown value
R12=0x000002d8c6ba0000 is an unknown value
R13=0x000002d8c6cd3820 is an unknown value
R14=0x0000000000000000 is an unknown value
R15=0x0000000000000000 is an unknown value


Stack: [0x000000f51d400000,0x000000f51d500000],  sp=0x000000f51d4fee08,  free space=1019k
Native frames: (J=compiled Java code, j=interpreted, Vv=VM code, C=native code)

VM_Operation (0x000000f51c6fe6d0): Exit, mode: safepoint, requested by thread 0x000002d8d5f28000


---------------  P R O C E S S  ---------------

Java Threads: ( => current thread )
  0x000002d8f80cb800 JavaThread "AWT-Shutdown" [_thread_blocked, id=13424, stack(0x000000f51f100000,0x000000f51f200000)]
  0x000002d8f80c7000 JavaThread "File IO Thread" [_thread_blocked, id=18884, stack(0x000000f51fe00000,0x000000f51ff00000)]
  0x000002d8f1640000 JavaThread "Chunk I/O Executor Thread-1" daemon [_thread_blocked, id=17076, stack(0x000000f51fb00000,0x000000f51fc00000)]
  0x000002d8f1638800 JavaThread "Netty IO #1" daemon [_thread_in_native, id=22760, stack(0x000000f51fa00000,0x000000f51fb00000)]
  0x000002d8f163f800 JavaThread "Netty Client IO #0" daemon [_thread_in_native, id=13220, stack(0x000000f51f900000,0x000000f51fa00000)]
  0x000002d8f163e800 JavaThread "Netty IO #0" daemon [_thread_in_native, id=16212, stack(0x000000f51f300000,0x000000f51f400000)]
  0x000002d8f128b800 JavaThread "LWJGL Timer" daemon [_thread_blocked, id=13276, stack(0x000000f51f200000,0x000000f51f300000)]
  0x000002d8f47c4000 JavaThread "Java2D Disposer" daemon [_thread_blocked, id=25812, stack(0x000000f51e900000,0x000000f51ea00000)]
  0x000002d8f746b000 JavaThread "Timer hack thread" daemon [_thread_blocked, id=26300, stack(0x000000f51e800000,0x000000f51e900000)]
  0x000002d8f5147800 JavaThread "Snooper Timer" daemon [_thread_blocked, id=19364, stack(0x000000f51e700000,0x000000f51e800000)]
  0x000002d8efd56800 JavaThread "Service Thread" daemon [_thread_blocked, id=26096, stack(0x000000f51e500000,0x000000f51e600000)]
  0x000002d8efc59000 JavaThread "C1 CompilerThread11" daemon [_thread_blocked, id=24128, stack(0x000000f51e400000,0x000000f51e500000)]
  0x000002d8efc58000 JavaThread "C1 CompilerThread10" daemon [_thread_blocked, id=16768, stack(0x000000f51e300000,0x000000f51e400000)]
  0x000002d8efc5a800 JavaThread "C1 CompilerThread9" daemon [_thread_blocked, id=23488, stack(0x000000f51e200000,0x000000f51e300000)]
  0x000002d8efc59800 JavaThread "C1 CompilerThread8" daemon [_thread_blocked, id=25084, stack(0x000000f51e100000,0x000000f51e200000)]
  0x000002d8efc5f000 JavaThread "C2 CompilerThread7" daemon [_thread_blocked, id=26296, stack(0x000000f51e000000,0x000000f51e100000)]
  0x000002d8efcad000 JavaThread "C2 CompilerThread6" daemon [_thread_blocked, id=15784, stack(0x000000f51df00000,0x000000f51e000000)]
  0x000002d8efc84000 JavaThread "C2 CompilerThread5" daemon [_thread_blocked, id=14404, stack(0x000000f51de00000,0x000000f51df00000)]
  0x000002d8efc72000 JavaThread "C2 CompilerThread4" daemon [_thread_blocked, id=13292, stack(0x000000f51dd00000,0x000000f51de00000)]
  0x000002d8efc70800 JavaThread "C2 CompilerThread3" daemon [_thread_blocked, id=9808, stack(0x000000f51dc00000,0x000000f51dd00000)]
  0x000002d8efc6f800 JavaThread "C2 CompilerThread2" daemon [_thread_blocked, id=26452, stack(0x000000f51db00000,0x000000f51dc00000)]
  0x000002d8efc6b800 JavaThread "C2 CompilerThread1" daemon [_thread_blocked, id=19180, stack(0x000000f51da00000,0x000000f51db00000)]
  0x000002d8efc68800 JavaThread "C2 CompilerThread0" daemon [_thread_blocked, id=13268, stack(0x000000f51d900000,0x000000f51da00000)]
  0x000002d8efc65000 JavaThread "Attach Listener" daemon [_thread_blocked, id=26308, stack(0x000000f51d800000,0x000000f51d900000)]
  0x000002d8efc57800 JavaThread "Signal Dispatcher" daemon [_thread_blocked, id=12880, stack(0x000000f51d700000,0x000000f51d800000)]
  0x000002d8efc30800 JavaThread "Finalizer" daemon [_thread_blocked, id=24600, stack(0x000000f51d600000,0x000000f51d700000)]
  0x000002d8d5fd8000 JavaThread "Reference Handler" daemon [_thread_blocked, id=21812, stack(0x000000f51d500000,0x000000f51d600000)]
  0x000002d8d5f28000 JavaThread "Client thread" [_thread_blocked, id=3568, stack(0x000000f51c600000,0x000000f51c700000)]

Other Threads:
=>0x000002d8ed054000 VMThread [stack: 0x000000f51d400000,0x000000f51d500000] [id=24264]

VM state:at safepoint (shutting down)

VM Mutex/Monitor currently owned by a thread:  ([mutex/lock_event])
[0x000002d8d5f24240] Threads_lock - owner thread: 0x000002d8ed054000

heap address: 0x00000003c1400000, size: 16364 MB, Compressed Oops mode: Zero based, Oop shift amount: 3
Narrow klass base: 0x0000000000000000, Narrow klass shift: 3
Compressed class space size: 1073741824 Address: 0x00000007c0000000

Heap:
 PSYoungGen      total 1017344K, used 778312K [0x000000066b180000, 0x00000006b1c80000, 0x00000007c0000000)
  eden space 945664K, 74% used [0x000000066b180000,0x00000006963abd50,0x00000006a4d00000)
  from space 71680K, 99% used [0x00000006ad680000,0x00000006b1c662c0,0x00000006b1c80000)
  to   space 104448K, 0% used [0x00000006a5080000,0x00000006a5080000,0x00000006ab680000)
 ParOldGen       total 417280K, used 126048K [0x00000003c1400000, 0x00000003dab80000, 0x000000066b180000)
  object space 417280K, 30% used [0x00000003c1400000,0x00000003c8f180e8,0x00000003dab80000)
 Metaspace       used 44067K, capacity 44509K, committed 45056K, reserved 1089536K
  class space    used 5079K, capacity 5255K, committed 5376K, reserved 1048576K

Card table byte_map: [0x000002d8e6ce0000,0x000002d8e8ce0000] byte_map_base: 0x000002d8e4ed6000

Marking Bits: (ParMarkBitMap*) 0x00007ffb531aa3e0
 Begin Bits: [0x000002d880000000, 0x000002d88ffb0000)
 End Bits:   [0x000002d88ffb0000, 0x000002d89ff60000)

Polling page: 0x000002d8d6140000

CodeCache: size=245760Kb used=32252Kb max_used=34797Kb free=213508Kb
 bounds [0x000002d8d7920000, 0x000002d8d9b80000, 0x000002d8e6920000]
 total_blobs=8412 nmethods=7538 adapters=781
 compilation: enabled

Compilation events (10 events):
Event: 117.169 Thread 0x000002d8efc5a800 nmethod 10713 0x000002d8d8e95b10 code [0x000002d8d8e95ce0, 0x000002d8d8e964e0]
Event: 117.169 Thread 0x000002d8efc58000 nmethod 10712 0x000002d8d86f5fd0 code [0x000002d8d86f62e0, 0x000002d8d86f7cc0]
Event: 117.174 Thread 0x000002d8efc84000 nmethod 10701 0x000002d8d961d650 code [0x000002d8d961d820, 0x000002d8d961e1e8]
Event: 117.178 Thread 0x000002d8efc5f000 nmethod 10708 0x000002d8d80c1890 code [0x000002d8d80c1a40, 0x000002d8d80c26a8]
Event: 117.266 Thread 0x000002d8efc59000 10714       1       sun.nio.cs.UTF_8$Encoder::implReplaceWith (8 bytes)
Event: 117.266 Thread 0x000002d8efc59000 nmethod 10714 0x000002d8d8d2fed0 code [0x000002d8d8d30020, 0x000002d8d8d30158]
Event: 117.307 Thread 0x000002d8efc59800 10715       3       org.apache.logging.log4j.core.helpers.NameUtil::getSubName (32 bytes)
Event: 117.307 Thread 0x000002d8efc5a800 10716       1       org.apache.logging.log4j.core.config.LoggerConfig::getLevel (5 bytes)
Event: 117.308 Thread 0x000002d8efc5a800 nmethod 10716 0x000002d8d961d350 code [0x000002d8d961d4a0, 0x000002d8d961d5b8]
Event: 117.308 Thread 0x000002d8efc59800 nmethod 10715 0x000002d8d8274f50 code [0x000002d8d82750e0, 0x000002d8d8275680]

GC Heap History (10 events):
Event: 25.203 GC heap before
{Heap before GC invocations=21 (full 5):
 PSYoungGen      total 779264K, used 743868K [0x000000066b180000, 0x00000006a9900000, 0x00000007c0000000)
  eden space 700416K, 100% used [0x000000066b180000,0x0000000695d80000,0x0000000695d80000)
  from space 78848K, 55% used [0x0000000695d80000,0x00000006987ef0f8,0x000000069aa80000)
  to   space 78336K, 0% used [0x00000006a4c80000,0x00000006a4c80000,0x00000006a9900000)
 ParOldGen       total 417280K, used 126008K [0x00000003c1400000, 0x00000003dab80000, 0x000000066b180000)
  object space 417280K, 30% used [0x00000003c1400000,0x00000003c8f0e0e8,0x00000003dab80000)
 Metaspace       used 42505K, capacity 43045K, committed 43264K, reserved 1087488K
  class space    used 4949K, capacity 5089K, committed 5120K, reserved 1048576K
Event: 25.212 GC heap after
Heap after GC invocations=21 (full 5):
 PSYoungGen      total 941568K, used 55767K [0x000000066b180000, 0x00000006a9d00000, 0x00000007c0000000)
  eden space 863232K, 0% used [0x000000066b180000,0x000000066b180000,0x000000069fc80000)
  from space 78336K, 71% used [0x00000006a4c80000,0x00000006a82f5e00,0x00000006a9900000)
  to   space 81920K, 0% used [0x000000069fc80000,0x000000069fc80000,0x00000006a4c80000)
 ParOldGen       total 417280K, used 126016K [0x00000003c1400000, 0x00000003dab80000, 0x000000066b180000)
  object space 417280K, 30% used [0x00000003c1400000,0x00000003c8f100e8,0x00000003dab80000)
 Metaspace       used 42505K, capacity 43045K, committed 43264K, reserved 1087488K
  class space    used 4949K, capacity 5089K, committed 5120K, reserved 1048576K
}
Event: 32.824 GC heap before
{Heap before GC invocations=22 (full 5):
 PSYoungGen      total 941568K, used 918999K [0x000000066b180000, 0x00000006a9d00000, 0x00000007c0000000)
  eden space 863232K, 100% used [0x000000066b180000,0x000000069fc80000,0x000000069fc80000)
  from space 78336K, 71% used [0x00000006a4c80000,0x00000006a82f5e00,0x00000006a9900000)
  to   space 81920K, 0% used [0x000000069fc80000,0x000000069fc80000,0x00000006a4c80000)
 ParOldGen       total 417280K, used 126016K [0x00000003c1400000, 0x00000003dab80000, 0x000000066b180000)
  object space 417280K, 30% used [0x00000003c1400000,0x00000003c8f100e8,0x00000003dab80000)
 Metaspace       used 42651K, capacity 43109K, committed 43520K, reserved 1087488K
  class space    used 4952K, capacity 5089K, committed 5120K, reserved 1048576K
Event: 32.836 GC heap after
Heap after GC invocations=22 (full 5):
 PSYoungGen      total 945152K, used 67972K [0x000000066b180000, 0x00000006b5900000, 0x00000007c0000000)
  eden space 863232K, 0% used [0x000000066b180000,0x000000066b180000,0x000000069fc80000)
  from space 81920K, 82% used [0x000000069fc80000,0x00000006a3ee1218,0x00000006a4c80000)
  to   space 89600K, 0% used [0x00000006b0180000,0x00000006b0180000,0x00000006b5900000)
 ParOldGen       total 417280K, used 126024K [0x00000003c1400000, 0x00000003dab80000, 0x000000066b180000)
  object space 417280K, 30% used [0x00000003c1400000,0x00000003c8f120e8,0x00000003dab80000)
 Metaspace       used 42651K, capacity 43109K, committed 43520K, reserved 1087488K
  class space    used 4952K, capacity 5089K, committed 5120K, reserved 1048576K
}
Event: 44.266 GC heap before
{Heap before GC invocations=23 (full 5):
 PSYoungGen      total 945152K, used 931204K [0x000000066b180000, 0x00000006b5900000, 0x00000007c0000000)
  eden space 863232K, 100% used [0x000000066b180000,0x000000069fc80000,0x000000069fc80000)
  from space 81920K, 82% used [0x000000069fc80000,0x00000006a3ee1218,0x00000006a4c80000)
  to   space 89600K, 0% used [0x00000006b0180000,0x00000006b0180000,0x00000006b5900000)
 ParOldGen       total 417280K, used 126024K [0x00000003c1400000, 0x00000003dab80000, 0x000000066b180000)
  object space 417280K, 30% used [0x00000003c1400000,0x00000003c8f120e8,0x00000003dab80000)
 Metaspace       used 42702K, capacity 43173K, committed 43520K, reserved 1087488K
  class space    used 4954K, capacity 5089K, committed 5120K, reserved 1048576K
Event: 44.278 GC heap after
Heap after GC invocations=23 (full 5):
 PSYoungGen      total 1093632K, used 68149K [0x000000066b180000, 0x00000006b4c80000, 0x00000007c0000000)
  eden space 1016832K, 0% used [0x000000066b180000,0x000000066b180000,0x00000006a9280000)
  from space 76800K, 88% used [0x00000006b0180000,0x00000006b440d500,0x00000006b4c80000)
  to   space 95232K, 0% used [0x00000006a9280000,0x00000006a9280000,0x00000006aef80000)
 ParOldGen       total 417280K, used 126032K [0x00000003c1400000, 0x00000003dab80000, 0x000000066b180000)
  object space 417280K, 30% used [0x00000003c1400000,0x00000003c8f140e8,0x00000003dab80000)
 Metaspace       used 42702K, capacity 43173K, committed 43520K, reserved 1087488K
  class space    used 4954K, capacity 5089K, committed 5120K, reserved 1048576K
}
Event: 77.323 GC heap before
{Heap before GC invocations=24 (full 5):
 PSYoungGen      total 1093632K, used 1084981K [0x000000066b180000, 0x00000006b4c80000, 0x00000007c0000000)
  eden space 1016832K, 100% used [0x000000066b180000,0x00000006a9280000,0x00000006a9280000)
  from space 76800K, 88% used [0x00000006b0180000,0x00000006b440d500,0x00000006b4c80000)
  to   space 95232K, 0% used [0x00000006a9280000,0x00000006a9280000,0x00000006aef80000)
 ParOldGen       total 417280K, used 126032K [0x00000003c1400000, 0x00000003dab80000, 0x000000066b180000)
  object space 417280K, 30% used [0x00000003c1400000,0x00000003c8f140e8,0x00000003dab80000)
 Metaspace       used 43877K, capacity 44413K, committed 44672K, reserved 1089536K
  class space    used 5063K, capacity 5223K, committed 5248K, reserved 1048576K
Event: 77.336 GC heap after
Heap after GC invocations=24 (full 5):
 PSYoungGen      total 1050112K, used 69511K [0x000000066b180000, 0x00000006b3300000, 0x00000007c0000000)
  eden space 980480K, 0% used [0x000000066b180000,0x000000066b180000,0x00000006a6f00000)
  from space 69632K, 99% used [0x00000006a9280000,0x00000006ad661cd0,0x00000006ad680000)
  to   space 94720K, 0% used [0x00000006ad680000,0x00000006ad680000,0x00000006b3300000)
 ParOldGen       total 417280K, used 126040K [0x00000003c1400000, 0x00000003dab80000, 0x000000066b180000)
  object space 417280K, 30% used [0x00000003c1400000,0x00000003c8f160e8,0x00000003dab80000)
 Metaspace       used 43877K, capacity 44413K, committed 44672K, reserved 1089536K
  class space    used 5063K, capacity 5223K, committed 5248K, reserved 1048576K
}
Event: 95.769 GC heap before
{Heap before GC invocations=25 (full 5):
 PSYoungGen      total 1050112K, used 1049991K [0x000000066b180000, 0x00000006b3300000, 0x00000007c0000000)
  eden space 980480K, 100% used [0x000000066b180000,0x00000006a6f00000,0x00000006a6f00000)
  from space 69632K, 99% used [0x00000006a9280000,0x00000006ad661cd0,0x00000006ad680000)
  to   space 94720K, 0% used [0x00000006ad680000,0x00000006ad680000,0x00000006b3300000)
 ParOldGen       total 417280K, used 126040K [0x00000003c1400000, 0x00000003dab80000, 0x000000066b180000)
  object space 417280K, 30% used [0x00000003c1400000,0x00000003c8f160e8,0x00000003dab80000)
 Metaspace       used 43913K, capacity 44413K, committed 44672K, reserved 1089536K
  class space    used 5063K, capacity 5223K, committed 5248K, reserved 1048576K
Event: 95.779 GC heap after
Heap after GC invocations=25 (full 5):
 PSYoungGen      total 1017344K, used 71576K [0x000000066b180000, 0x00000006b1c80000, 0x00000007c0000000)
  eden space 945664K, 0% used [0x000000066b180000,0x000000066b180000,0x00000006a4d00000)
  from space 71680K, 99% used [0x00000006ad680000,0x00000006b1c662c0,0x00000006b1c80000)
  to   space 104448K, 0% used [0x00000006a5080000,0x00000006a5080000,0x00000006ab680000)
 ParOldGen       total 417280K, used 126048K [0x00000003c1400000, 0x00000003dab80000, 0x000000066b180000)
  object space 417280K, 30% used [0x00000003c1400000,0x00000003c8f180e8,0x00000003dab80000)
 Metaspace       used 43913K, capacity 44413K, committed 44672K, reserved 1089536K
  class space    used 5063K, capacity 5223K, committed 5248K, reserved 1048576K
}

Deoptimization events (10 events):
Event: 117.081 Thread 0x000002d8f1638800 Uncommon trap: reason=class_check action=maybe_recompile pc=0x000002d8d86c5bc4 method=io.netty.util.concurrent.DefaultPromise.notifyListener0(Lio/netty/util/concurrent/Future;Lio/netty/util/concurrent/GenericFutureListener;)V @ 2
Event: 117.081 Thread 0x000002d8f163f800 Uncommon trap: reason=bimorphic action=maybe_recompile pc=0x000002d8d8d65b68 method=net.minecraft.network.NetworkManager.channelRead0(Lio/netty/channel/ChannelHandlerContext;Lnet/minecraft/network/Packet;)V @ 24
Event: 117.081 Thread 0x000002d8f1638800 Uncommon trap: reason=null_check action=make_not_entrant pc=0x000002d8d94345b4 method=io.netty.util.DefaultAttributeMap.attr(Lio/netty/util/AttributeKey;)Lio/netty/util/Attribute; @ 46
Event: 117.081 Thread 0x000002d8f163f800 Uncommon trap: reason=null_check action=make_not_entrant pc=0x000002d8d94345b4 method=io.netty.util.DefaultAttributeMap.attr(Lio/netty/util/AttributeKey;)Lio/netty/util/Attribute; @ 46
Event: 117.081 Thread 0x000002d8f163f800 Uncommon trap: reason=unstable_if action=reinterpret pc=0x000002d8d86b3854 method=io.netty.channel.local.LocalChannel.isActive()Z @ 5
Event: 117.081 Thread 0x000002d8f163f800 Uncommon trap: reason=unstable_if action=reinterpret pc=0x000002d8d91c6a94 method=io.netty.channel.local.LocalChannel.isOpen()Z @ 5
Event: 117.081 Thread 0x000002d8f163f800 Uncommon trap: reason=unstable_if action=reinterpret pc=0x000002d8d7ea5eb4 method=io.netty.channel.local.LocalChannel.isActive()Z @ 5
Event: 117.169 Thread 0x000002d8f163a000 Uncommon trap: reason=class_check action=maybe_recompile pc=0x000002d8d7f794c4 method=cpw.mods.fml.common.asm.transformers.deobf.FMLDeobfuscatingRemapper.map(Ljava/lang/String;)Ljava/lang/String; @ 11
Event: 117.266 Thread 0x000002d8d5f28000 Uncommon trap: reason=unstable_if action=reinterpret pc=0x000002d8d8e58fa4 method=java.io.BufferedOutputStream.write([BII)V @ 6
Event: 117.305 Thread 0x000002d8d5f28000 Uncommon trap: reason=unstable_if action=reinterpret pc=0x000002d8d80a8f98 method=cpw.mods.fml.relauncher.FMLSecurityManager.checkPermission(Ljava/security/Permission;)V @ 23

Classes redefined (0 events):
No events

Internal exceptions (10 events):
Event: 116.904 Thread 0x000002d8f1639800 Exception <a 'java/lang/InterruptedException': sleep interrupted> (0x00000006956e91e8) thrown at [C:\jenkins\workspace\8-2-build-windows-x64-cygwin-sans-NAS\jdk8u471\2292\hotspot\src\share\vm\prims\jvm.cpp, line 3359]
Event: 116.912 Thread 0x000002d8f1639800 Exception <a 'java/lang/InterruptedException': sleep interrupted> (0x00000006956e9440) thrown at [C:\jenkins\workspace\8-2-build-windows-x64-cygwin-sans-NAS\jdk8u471\2292\hotspot\src\share\vm\prims\jvm.cpp, line 3359]
Event: 116.920 Thread 0x000002d8f1639800 Exception <a 'java/lang/InterruptedException': sleep interrupted> (0x00000006956e9698) thrown at [C:\jenkins\workspace\8-2-build-windows-x64-cygwin-sans-NAS\jdk8u471\2292\hotspot\src\share\vm\prims\jvm.cpp, line 3359]
Event: 116.929 Thread 0x000002d8f1639800 Exception <a 'java/lang/InterruptedException': sleep interrupted> (0x00000006956e98f0) thrown at [C:\jenkins\workspace\8-2-build-windows-x64-cygwin-sans-NAS\jdk8u471\2292\hotspot\src\share\vm\prims\jvm.cpp, line 3359]
Event: 116.936 Thread 0x000002d8f1639800 Exception <a 'java/lang/InterruptedException': sleep interrupted> (0x00000006956e9b48) thrown at [C:\jenkins\workspace\8-2-build-windows-x64-cygwin-sans-NAS\jdk8u471\2292\hotspot\src\share\vm\prims\jvm.cpp, line 3359]
Event: 117.026 Thread 0x000002d8f1639800 Exception <a 'java/lang/InterruptedException': sleep interrupted> (0x00000006956e9da0) thrown at [C:\jenkins\workspace\8-2-build-windows-x64-cygwin-sans-NAS\jdk8u471\2292\hotspot\src\share\vm\prims\jvm.cpp, line 3359]
Event: 117.061 Thread 0x000002d8f1639800 Exception <a 'java/lang/InterruptedException': sleep interrupted> (0x00000006956e9ff8) thrown at [C:\jenkins\workspace\8-2-build-windows-x64-cygwin-sans-NAS\jdk8u471\2292\hotspot\src\share\vm\prims\jvm.cpp, line 3359]
Event: 117.062 Thread 0x000002d8f1639800 Exception <a 'java/lang/InterruptedException': sleep interrupted> (0x00000006956ea250) thrown at [C:\jenkins\workspace\8-2-build-windows-x64-cygwin-sans-NAS\jdk8u471\2292\hotspot\src\share\vm\prims\jvm.cpp, line 3359]
Event: 117.161 Thread 0x000002d8f1635800 Exception <a 'java/lang/InterruptedException': sleep interrupted> (0x000000069484fcd8) thrown at [C:\jenkins\workspace\8-2-build-windows-x64-cygwin-sans-NAS\jdk8u471\2292\hotspot\src\share\vm\prims\jvm.cpp, line 3359]
Event: 117.304 Thread 0x000002d8d5f28000 Exception <a 'org/lwjgl/LWJGLException': Failed to set device gamma.> (0x00000006944c4d28) thrown at [C:\jenkins\workspace\8-2-build-windows-x64-cygwin-sans-NAS\jdk8u471\2292\hotspot\src\share\vm\prims\jni.cpp, line 737]

Events (10 events):
Event: 117.307 Executing VM operation: RevokeBias done
Event: 117.307 loading class javax/servlet/ServletContext
Event: 117.307 loading class javax/servlet/ServletContext done
Event: 117.307 Thread 0x000002d8f80c9800 Thread exited: 0x000002d8f80c9800
Event: 117.308 Thread 0x000002d8f80cb000 Thread exited: 0x000002d8f80cb000
Event: 117.308 Thread 0x000002d8efc5a800 flushing nmethod 0x000002d8d8c71c50
Event: 117.308 Thread 0x000002d8f80c5000 Thread exited: 0x000002d8f80c5000
Event: 117.308 Thread 0x000002d8efc5a800 flushing nmethod 0x000002d8d8d10a90
Event: 117.407 Thread 0x000002d8f80c8000 Thread exited: 0x000002d8f80c8000
Event: 117.407 Executing VM operation: Exit


Dynamic libraries:
0x00007ff6dc810000 - 0x00007ff6dc85f000 	C:\Program Files\Java\jdk-1.8\bin\java.exe
0x00007ffbaa1b0000 - 0x00007ffbaa3a8000 	C:\Windows\SYSTEM32\ntdll.dll
0x00007ffba8580000 - 0x00007ffba8642000 	C:\Windows\System32\KERNEL32.DLL
0x00007ffba7ea0000 - 0x00007ffba8196000 	C:\Windows\System32\KERNELBASE.dll
0x00007ffba9800000 - 0x00007ffba98b1000 	C:\Windows\System32\ADVAPI32.dll
0x00007ffba9530000 - 0x00007ffba95ce000 	C:\Windows\System32\msvcrt.dll
0x00007ffba9f20000 - 0x00007ffba9fbf000 	C:\Windows\System32\sechost.dll
0x00007ffba8430000 - 0x00007ffba8550000 	C:\Windows\System32\RPCRT4.dll
0x00007ffba7dc0000 - 0x00007ffba7de7000 	C:\Windows\System32\bcrypt.dll
0x00007ffba9fc0000 - 0x00007ffbaa161000 	C:\Windows\System32\USER32.dll
0x00007ffba81a0000 - 0x00007ffba81c2000 	C:\Windows\System32\win32u.dll
0x00007ffba9e20000 - 0x00007ffba9e4b000 	C:\Windows\System32\GDI32.dll
0x00007ffba7a20000 - 0x00007ffba7b39000 	C:\Windows\System32\gdi32full.dll
0x00007ffba7cd0000 - 0x00007ffba7d6d000 	C:\Windows\System32\msvcp_win.dll
0x00007ffba7bd0000 - 0x00007ffba7cd0000 	C:\Windows\System32\ucrtbase.dll
0x00007ffb8a020000 - 0x00007ffb8a2bb000 	C:\Windows\WinSxS\amd64_microsoft.windows.common-controls_6595b64144ccf1df_6.0.19041.6456_none_60b8a6cb71f64256\COMCTL32.dll
0x00007ffba8550000 - 0x00007ffba857f000 	C:\Windows\System32\IMM32.DLL
0x00007ffb8df90000 - 0x00007ffb8dfab000 	C:\Program Files\Java\jdk-1.8\jre\bin\vcruntime140.dll
0x00007ffba1e70000 - 0x00007ffba1e7c000 	C:\Program Files\Java\jdk-1.8\jre\bin\vcruntime140_1.dll
0x00007ffb8aa70000 - 0x00007ffb8aafe000 	C:\Program Files\Java\jdk-1.8\jre\bin\msvcp140.dll
0x00007ffb529d0000 - 0x00007ffb5327a000 	C:\Program Files\Java\jdk-1.8\jre\bin\server\jvm.dll
0x00007ffba8270000 - 0x00007ffba8278000 	C:\Windows\System32\PSAPI.DLL
0x00007ffba1810000 - 0x00007ffba1819000 	C:\Windows\SYSTEM32\WSOCK32.dll
0x00007ffba0510000 - 0x00007ffba051a000 	C:\Windows\SYSTEM32\VERSION.dll
0x00007ffb9d2a0000 - 0x00007ffb9d2c7000 	C:\Windows\SYSTEM32\WINMM.dll
0x00007ffba9460000 - 0x00007ffba94cb000 	C:\Windows\System32\WS2_32.dll
0x00007ffba6080000 - 0x00007ffba6092000 	C:\Windows\SYSTEM32\kernel.appcore.dll
0x00007ffb8df80000 - 0x00007ffb8df90000 	C:\Program Files\Java\jdk-1.8\jre\bin\verify.dll
0x00007ffb8dbc0000 - 0x00007ffb8dbeb000 	C:\Program Files\Java\jdk-1.8\jre\bin\java.dll
0x00007ffb8dd40000 - 0x00007ffb8dd58000 	C:\Program Files\Java\jdk-1.8\jre\bin\zip.dll
0x00007ffba8750000 - 0x00007ffba8ec0000 	C:\Windows\System32\SHELL32.dll
0x00007ffba5450000 - 0x00007ffba5bf5000 	C:\Windows\SYSTEM32\windows.storage.dll
0x00007ffba9a10000 - 0x00007ffba9d64000 	C:\Windows\System32\combase.dll
0x00007ffba7190000 - 0x00007ffba71bb000 	C:\Windows\SYSTEM32\Wldp.dll
0x00007ffba9e50000 - 0x00007ffba9f1d000 	C:\Windows\System32\OLEAUT32.dll
0x00007ffba95d0000 - 0x00007ffba967d000 	C:\Windows\System32\SHCORE.dll
0x00007ffba98c0000 - 0x00007ffba991b000 	C:\Windows\System32\shlwapi.dll
0x00007ffba7770000 - 0x00007ffba7794000 	C:\Windows\SYSTEM32\profapi.dll
0x00007ffb8df70000 - 0x00007ffb8df7d000 	C:\Program Files\Java\jdk-1.8\jre\bin\management.dll
0x00007ffb8da90000 - 0x00007ffb8daac000 	C:\Program Files\Java\jdk-1.8\jre\bin\net.dll
0x00007ffba6ef0000 - 0x00007ffba6f5a000 	C:\Windows\system32\mswsock.dll
0x00007ffb7f7d0000 - 0x00007ffb7f7e3000 	C:\Program Files\Java\jdk-1.8\jre\bin\nio.dll
0x00007ffb7d3d0000 - 0x00007ffb7d3e7000 	C:\Windows\system32\napinsp.dll
0x00007ffb7d5f0000 - 0x00007ffb7d60b000 	C:\Windows\system32\pnrpnsp.dll
0x00007ffba2300000 - 0x00007ffba231d000 	C:\Windows\system32\wshbth.dll
0x00007ffba3790000 - 0x00007ffba37ad000 	C:\Windows\system32\NLAapi.dll
0x00007ffba6bd0000 - 0x00007ffba6c0b000 	C:\Windows\SYSTEM32\IPHLPAPI.DLL
0x00007ffba6c10000 - 0x00007ffba6cda000 	C:\Windows\SYSTEM32\DNSAPI.dll
0x00007ffba86b0000 - 0x00007ffba86b8000 	C:\Windows\System32\NSI.dll
0x00007ffb7d610000 - 0x00007ffb7d622000 	C:\Windows\System32\winrnr.dll
0x00007ffb9f850000 - 0x00007ffb9f85a000 	C:\Windows\System32\rasadhlp.dll
0x00007ffb8e0a0000 - 0x00007ffb8e120000 	C:\Windows\System32\fwpuclnt.dll
0x0000000180000000 - 0x0000000180051000 	C:\Users\chuck\.gradle\caches\minecraft\net\minecraft\minecraft_natives\1.7.10\lwjgl64.dll
0x00007ffb2dac0000 - 0x00007ffb2dbe8000 	C:\Windows\SYSTEM32\OPENGL32.dll
0x00007ffb2eb10000 - 0x00007ffb2eb3c000 	C:\Windows\SYSTEM32\GLU32.dll
0x00007ffba70f0000 - 0x00007ffba7108000 	C:\Windows\SYSTEM32\CRYPTSP.dll
0x00007ffba6810000 - 0x00007ffba6848000 	C:\Windows\system32\rsaenh.dll
0x00007ffba7730000 - 0x00007ffba775e000 	C:\Windows\SYSTEM32\USERENV.dll
0x00007ffba7b40000 - 0x00007ffba7bc2000 	C:\Windows\System32\bcryptprimitives.dll
0x00007ffba70e0000 - 0x00007ffba70ec000 	C:\Windows\SYSTEM32\CRYPTBASE.dll
0x00007ffba0290000 - 0x00007ffba02a7000 	C:\Windows\SYSTEM32\dhcpcsvc6.DLL
0x00007ffba05b0000 - 0x00007ffba05cd000 	C:\Windows\SYSTEM32\dhcpcsvc.DLL
0x00007ffb52040000 - 0x00007ffb521be000 	C:\Program Files\Java\jdk-1.8\jre\bin\awt.dll
0x00007ffba49d0000 - 0x00007ffba4a64000 	C:\Windows\SYSTEM32\apphelp.dll
0x00007ffb99f20000 - 0x00007ffb99fce000 	C:\Windows\SYSTEM32\mscms.dll
0x00007ffb99f00000 - 0x00007ffb99f11000 	C:\Windows\SYSTEM32\ColorAdapterClient.dll
0x00007ffba4da0000 - 0x00007ffba4e3e000 	C:\Windows\system32\uxtheme.dll
0x000002d89ff60000 - 0x000002d8a7fd3000 	C:\Program Files (x86)\ASUS\GPUTweakIII\GTIII-OSD\x64\GTIII-OSD64-VK.dll
0x00007ffba9330000 - 0x00007ffba945b000 	C:\Windows\System32\ole32.dll
0x00007ffb2e8a0000 - 0x00007ffb2ea26000 	C:\Windows\SYSTEM32\vulkan-1.dll
0x00007ffba7d70000 - 0x00007ffba7dbe000 	C:\Windows\System32\CFGMGR32.dll
0x00007ffba96e0000 - 0x00007ffba97f5000 	C:\Windows\System32\MSCTF.dll
0x00007ffba9d70000 - 0x00007ffba9e19000 	C:\Windows\System32\clbcatq.dll
0x00007ffb28ad0000 - 0x00007ffb2b424000 	C:\Windows\System32\DriverStore\FileRepository\nv_dispi.inf_amd64_20ae8f14a487d5db\nvoglv64.dll
0x00007ffba8ec0000 - 0x00007ffba9330000 	C:\Windows\System32\SETUPAPI.dll
0x00007ffba1260000 - 0x00007ffba1274000 	C:\Windows\SYSTEM32\WTSAPI32.dll
0x00007ffba7320000 - 0x00007ffba7332000 	C:\Windows\SYSTEM32\msasn1.dll
0x00007ffba04d0000 - 0x00007ffba0501000 	C:\Windows\SYSTEM32\cryptnet.dll
0x00007ffba7840000 - 0x00007ffba799d000 	C:\Windows\System32\CRYPT32.dll
0x00007ffba0320000 - 0x00007ffba0467000 	C:\Windows\SYSTEM32\drvstore.dll
0x00007ffba7510000 - 0x00007ffba7543000 	C:\Windows\SYSTEM32\devobj.dll
0x00007ffba79a0000 - 0x00007ffba7a13000 	C:\Windows\System32\WINTRUST.dll
0x00007ffba6a60000 - 0x00007ffba6a93000 	C:\Windows\SYSTEM32\ntmarta.dll
0x00007ffba8250000 - 0x00007ffba826d000 	C:\Windows\System32\imagehlp.dll
0x00007ffb944a0000 - 0x00007ffb98234000 	C:\Windows\System32\DriverStore\FileRepository\nv_dispi.inf_amd64_20ae8f14a487d5db\nvgpucomp64.dll
0x00007ffb98240000 - 0x00007ffb9827b000 	C:\Windows\SYSTEM32\dxcore.dll
0x00007ffb32210000 - 0x00007ffb32357000 	C:\Windows\system32\nvspcap64.dll
0x00007ffba5160000 - 0x00007ffba518e000 	C:\Windows\SYSTEM32\dwmapi.dll
0x00007ffb9b9e0000 - 0x00007ffb9bad9000 	C:\Windows\SYSTEM32\textinputframework.dll
0x00007ffba4490000 - 0x00007ffba47eb000 	C:\Windows\System32\CoreUIComponents.dll
0x00007ffba47f0000 - 0x00007ffba48e2000 	C:\Windows\System32\CoreMessaging.dll
0x00007ffba4330000 - 0x00007ffba4487000 	C:\Windows\SYSTEM32\wintypes.dll
0x00007ffb790f0000 - 0x00007ffb79135000 	C:\Windows\SYSTEM32\icm32.dll
0x00007ffba76a0000 - 0x00007ffba76eb000 	C:\Windows\SYSTEM32\powrprof.dll
0x00007ffba7680000 - 0x00007ffba7692000 	C:\Windows\SYSTEM32\UMPDC.dll
0x00007ffba7560000 - 0x00007ffba75c3000 	C:\Windows\SYSTEM32\WINSTA.dll
0x0000000070a40000 - 0x0000000070adc000 	C:\Users\chuck\.gradle\caches\minecraft\net\minecraft\minecraft_natives\1.7.10\avutil-ttv-51.dll
0x0000000065980000 - 0x00000000659d6000 	C:\Users\chuck\.gradle\caches\minecraft\net\minecraft\minecraft_natives\1.7.10\swresample-ttv-0.dll
0x000000006eb80000 - 0x000000006ec50000 	C:\Users\chuck\.gradle\caches\minecraft\net\minecraft\minecraft_natives\1.7.10\libmp3lame-ttv.dll
0x00007ffaec200000 - 0x00007ffaed5a4000 	C:\Users\chuck\.gradle\caches\minecraft\net\minecraft\minecraft_natives\1.7.10\libmfxsw64.dll
0x00007ffb51150000 - 0x00007ffb5127b000 	C:\Users\chuck\.gradle\caches\minecraft\net\minecraft\minecraft_natives\1.7.10\twitchsdk.dll
0x00007ffb8ad40000 - 0x00007ffb8b216000 	C:\Windows\SYSTEM32\WININET.dll
0x000002d8c6ba0000 - 0x000002d8cebf1000 	C:\Program Files (x86)\ASUS\GPUTweakIII\GTIII-OSD\x64\GTIII-OSD64-GL.dll
0x0000000055f40000 - 0x0000000055fa3000 	C:\Program Files (x86)\ASUS\GPUTweakIII\GTIII-OSD\x64\glew32.dll
0x000002d8f95b0000 - 0x000002d901737000 	C:\Program Files (x86)\ASUS\GPUTweakIII\GTIII-OSD\x64\GTIII-OSD64.dll
0x00007ffb876a0000 - 0x00007ffb876c5000 	C:\Windows\SYSTEM32\d3d12.dll
0x00007ffba28a0000 - 0x00007ffba2cfd000 	C:\Windows\SYSTEM32\D3DCOMPILER_47.dll
0x00007ffb2eb40000 - 0x00007ffb2eb71000 	C:\Windows\SYSTEM32\d3d10_1.dll
0x00007ffb2fa50000 - 0x00007ffb2fa5d000 	C:\Windows\SYSTEM32\d3d10_1core.dll
0x00007ffba2e60000 - 0x00007ffba30c4000 	C:\Windows\SYSTEM32\d3d11.dll
0x00007ffba60c0000 - 0x00007ffba61b6000 	C:\Windows\SYSTEM32\dxgi.dll
0x000002d8b9720000 - 0x000002d8b9983000 	C:\Windows\SYSTEM32\d3dx9_43.dll
0x00007ffb73500000 - 0x00007ffb736d1000 	C:\Windows\SYSTEM32\d3d9.dll
0x00007ffb8bd50000 - 0x00007ffb8bdfc000 	C:\Windows\SYSTEM32\TextShaping.dll
0x000002d8b8510000 - 0x000002d8b8574000 	C:\Users\chuck\.gradle\caches\minecraft\net\minecraft\minecraft_natives\1.7.10\OpenAL64.dll
0x00007ffba0df0000 - 0x00007ffba0e75000 	C:\Windows\System32\MMDevApi.dll
0x00007ffb6c200000 - 0x00007ffb6c29c000 	C:\Windows\SYSTEM32\dsound.dll
0x00007ffb8b400000 - 0x00007ffb8b426000 	C:\Windows\SYSTEM32\winmmbase.dll
0x00007ffba10c0000 - 0x00007ffba1241000 	C:\Windows\SYSTEM32\AUDIOSES.DLL
0x00007ffba4d80000 - 0x00007ffba4d94000 	C:\Windows\SYSTEM32\resourcepolicyclient.dll
0x00007ffb8aa30000 - 0x00007ffb8aa64000 	C:\Program Files\Java\jdk-1.8\jre\bin\jpeg.dll
0x00007ffb8dfc0000 - 0x00007ffb8dfe5000 	C:\Program Files\Java\jdk-1.8\jre\bin\sunec.dll
0x00007ffb8e060000 - 0x00007ffb8e06e000 	C:\Program Files\Java\jdk-1.8\jre\bin\sunmscapi.dll
0x00007ffba7200000 - 0x00007ffba7227000 	C:\Windows\SYSTEM32\ncrypt.dll
0x00007ffba71c0000 - 0x00007ffba71fb000 	C:\Windows\SYSTEM32\NTASN1.dll
0x00007ffba5cc0000 - 0x00007ffba5ec1000 	C:\Windows\SYSTEM32\dbghelp.dll

VM Arguments:
jvm_args: -Dfile.encoding=UTF-8 -Duser.country=US -Duser.language=en -Duser.variant 
java_command: GradleStart
java_class_path (initial): C:\Users\chuck\.gradle\caches\minecraft\net\minecraftforge\forge\1.7.10-10.13.4.1614-1.7.10\start;C:\Users\chuck\.gradle\caches\minecraft\net\minecraftforge\forge\1.7.10-10.13.4.1614-1.7.10\forgeSrc-1.7.10-10.13.4.1614-1.7.10.jar;C:\Users\chuck\.gradle\caches\modules-2\files-2.1\net.minecraft\launchwrapper\1.12\111e7bea9c968cdb3d06ef4632bf7ff0824d0f36\launchwrapper-1.12.jar;C:\Users\chuck\.gradle\caches\modules-2\files-2.1\com.google.code.findbugs\jsr305\1.3.9\40719ea6961c0cb6afaeb6a921eaa1f6afd4cfdf\jsr305-1.3.9.jar;C:\Users\chuck\.gradle\caches\modules-2\files-2.1\org.ow2.asm\asm-debug-all\5.0.3\f9e364ae2a66ce2a543012a4668856e84e5dab74\asm-debug-all-5.0.3.jar;C:\Users\chuck\.gradle\caches\modules-2\files-2.1\com.typesafe.akka\akka-actor_2.11\2.3.3\ed62e9fc709ca0f2ff1a3220daa8b70a2870078e\akka-actor_2.11-2.3.3.jar;C:\Users\chuck\.gradle\caches\modules-2\files-2.1\com.typesafe\config\1.2.1\f771f71fdae3df231bcd54d5ca2d57f0bf93f467\config-1.2.1.jar;C:\Users\chuck\.gradle\caches\modules-2\files-2.1\org.scala-lang\scala-actors-migration_2.11\1.1.0\dfa8bc42b181d5b9f1a5dd147f8ae308b893eb6f\scala-actors-migration_2.11-1.1.0.jar;C:\Users\chuck\.gradle\caches\modules-2\files-2.1\org.scala-lang.plugins\scala-continuations-plugin_2.11.1\1.0.2\f361a3283452c57fa30c1ee69448995de23c60f7\scala-continuations-plugin_2.11.1-1.0.2.jar;C:\Users\chuck\.gradle\caches\modules-2\files-2.1\org.scala-lang\scala-compiler\2.11.1\56ea2e6c025e0821f28d73ca271218b8dd04926a\scala-compiler-2.11.1.jar;C:\Users\chuck\.gradle\caches\modules-2\files-2.1\org.scala-lang.plugins\scala-continuations-library_2.11\1.0.2\e517c53a7e9acd6b1668c5a35eccbaa3bab9aac\scala-continuations-library_2.11-1.0.2.jar;C:\Users\chuck\.gradle\caches\modules-2\files-2.1\org.scala-lang\scala-reflect\2.11.1\6580347e61cc7f8e802941e7fde40fa83b8badeb\scala-reflect-2.11.1.jar;C:\Users\chuck\.gradle\caches\modules-2\files-2.1\org.scala-lang\scala-actors\2.11.0\8ccfb6541de179bb1c4d45cf414acee069b7f78b\scala-a
Launcher Type: SUN_STANDARD

Environment Variables:
PATH=C:\Program Files\Eclipse Adoptium\jdk-8.0.462.8-hotspot\bin;C:\Program Files\Common Files\Oracle\Java\javapath;C:\Program Files (x86)\Common Files\Oracle\Java\java8path;C:\Program Files (x86)\Common Files\Oracle\Java\javapath;C:\Program Files (x86)\Razer Chroma SDK\bin;C:\Program Files\Razer Chroma SDK\bin;C:\Program Files (x86)\Razer\ChromaBroadcast\bin;C:\Program Files\Razer\ChromaBroadcast\bin;C:\Windows\system32;C:\Windows;C:\Windows\System32\Wbem;C:\Windows\System32\WindowsPowerShell\v1.0\;C:\Windows\System32\OpenSSH\;C:\Program Files (x86)\NVIDIA Corporation\PhysX\Common;C:\Windows\system32\config\systemprofile\AppData\Local\Microsoft\WindowsApps;C:\Program Files\dotnet\;C:\Program Files (x86)\Windows Live\Shared;C:\Program Files\Git\cmd;C:\Program Files\WorldPainter;C:\Program Files\NVIDIA Corporation\NVIDIA app\NvDLISR;C:\Users\chuck\AppData\Local\Microsoft\WindowsApps;;C:\Program Files\JetBrains\IntelliJ IDEA 2024.2.0.1\bin;
USERNAME=chuck
OS=Windows_NT
PROCESSOR_IDENTIFIER=Intel64 Family 6 Model 158 Stepping 13, GenuineIntel



---------------  S Y S T E M  ---------------

OS: Windows 10 , 64 bit Build 19041 (10.0.19041.5915)

CPU:total 16 (initial active 16) (8 cores per cpu, 2 threads per core) family 6 model 158 stepping 13, cmov, cx8, fxsr, mmx, sse, sse2, sse3, ssse3, sse4.1, sse4.2, popcnt, avx, avx2, aes, clmul, erms, 3dnowpref, lzcnt, ht, tsc, tscinvbit, bmi1, bmi2, adx

Memory: 4k page, physical 67022948k(46326068k free), swap 71217252k(40131092k free)

vm_info: Java HotSpot(TM) 64-Bit Server VM (25.471-b09) for windows-amd64 JRE (1.8.0_471-b09), built on Sep 26 2025 05:08:27 by "java_re" with MS VC++ 17.6 (VS2022)

time: Wed Nov 19 20:10:21 2025
timezone: Eastern Standard Time
elapsed time: 118.164500 seconds (0d 0h 1m 58s)

