#
# A fatal error has been detected by the Java Runtime Environment:
#
#  EXCEPTION_ACCESS_VIOLATION (0xc0000005) at pc=0x00007ffe62fc82e9, pid=10064, tid=0x0000000000001e68
#
# JRE version: Java(TM) SE Runtime Environment (8.0_471) (build 1.8.0_471-b09)
# Java VM: Java HotSpot(TM) 64-Bit Server VM (25.471-b09 mixed mode windows-amd64 compressed oops)
# Problematic frame:
# C  [nvoglv64.dll+0x8682e9]
#
# Failed to write core dump. Minidumps are not enabled by default on client versions of Windows
#
# If you would like to submit a bug report, please visit:
#   https://bugreport.java.com/bugreport/crash.jsp
#

---------------  T H R E A D  ---------------

Current thread (0x0000018659109800):  VMThread [stack: 0x000000127ad00000,0x000000127ae00000] [id=7784]

siginfo: ExceptionCode=0xc0000005, reading address 0x0000000000001238

Registers:
RAX=0x0000000000000000, RBX=0x0000018662010c60, RCX=0x0000000000000004, RDX=0x0000000000000000
RSP=0x000000127adfee78, RBP=0x0000000000000000, RSI=0x0000000000000000, RDI=0x0000018662010c60
R8 =0x0000000000000000, R9 =0x0000018611974000, R10=0x0000018622210000, R11=0x000000127adfee80
R12=0x0000018677fd0000, R13=0x0000018678103820, R14=0x0000000000000000, R15=0x0000000000000000
RIP=0x00007ffe62fc82e9, EFLAGS=0x0000000000010202

Top of Stack: (sp=0x000000127adfee78)
0x000000127adfee78:   0000018677fdbbf1 0000000000000000
0x000000127adfee88:   0000000000000000 0000018678103820
0x000000127adfee98:   0000018677fd0000 fffffffffffffffe
0x000000127adfeea8:   00007fff143b47b1 00000186119740f8
0x000000127adfeeb8:   0000018677fd8281 0000000000000000
0x000000127adfeec8:   0000000000000000 0000000000000000
0x000000127adfeed8:   0000018600000000 00000186119740f8
0x000000127adfeee8:   0000018677fd7c71 0000018611974000
0x000000127adfeef8:   0000000000000000 000001865dab3cd0
0x000000127adfef08:   00007fff143b5ba1 0000018678103840
0x000000127adfef18:   000001867801ac0d 0000000000000040
0x000000127adfef28:   00007fff00000000 0000000000000000
0x000000127adfef38:   000001865dab3cc8 0000018677fd0000
0x000000127adfef48:   00000186222bcf78 0000018678063f4c
0x000000127adfef58:   0000000000000001 0000000000000001
0x000000127adfef68:   0000018677fda083 0000000000000000 

Instructions: (pc=0x00007ffe62fc82e9)
0x00007ffe62fc82c9:   af af af af af af af c3 cc cc cc cc cc cc cc cc
0x00007ffe62fc82d9:   cc cc cc cc cc cc cc 65 48 8b 04 25 30 16 00 00
0x00007ffe62fc82e9:   ff a0 38 12 00 00 cc cc cc cc cc cc cc cc cc cc
0x00007ffe62fc82f9:   cc cc cc cc cc cc cc cc cc cc cc cc cc cc cc cc 


Register to memory mapping:

RAX=0x0000000000000000 is an unknown value
RBX=0x0000018662010c60 is an unknown value
RCX=0x0000000000000004 is an unknown value
RDX=0x0000000000000000 is an unknown value
RSP=0x000000127adfee78 is an unknown value
RBP=0x0000000000000000 is an unknown value
RSI=0x0000000000000000 is an unknown value
RDI=0x0000018662010c60 is an unknown value
R8 =0x0000000000000000 is an unknown value
R9 =0x0000018611974000 is an unknown value
R10=0x0000018622210000 is an unknown value
R11=0x000000127adfee80 is an unknown value
R12=0x0000018677fd0000 is an unknown value
R13=0x0000018678103820 is an unknown value
R14=0x0000000000000000 is an unknown value
R15=0x0000000000000000 is an unknown value


Stack: [0x000000127ad00000,0x000000127ae00000],  sp=0x000000127adfee78,  free space=1019k
Native frames: (J=compiled Java code, j=interpreted, Vv=VM code, C=native code)

VM_Operation (0x0000001279ffe130): Exit, mode: safepoint, requested by thread 0x000001862225d000


---------------  P R O C E S S  ---------------

Java Threads: ( => current thread )
  0x00000186627f3800 JavaThread "File IO Thread" [_thread_blocked, id=22876, stack(0x000000127c500000,0x000000127c600000)]
  0x00000186627ed000 JavaThread "pool-2-thread-1" [_thread_blocked, id=22656, stack(0x000000127d300000,0x000000127d400000)]
  0x00000186627eb800 JavaThread "Netty IO #1" daemon [_thread_blocked, id=22616, stack(0x000000127d200000,0x000000127d300000)]
  0x00000186627ef000 JavaThread "Netty Client IO #0" daemon [_thread_blocked, id=22612, stack(0x000000127cf00000,0x000000127d000000)]
  0x00000186627f0000 JavaThread "Netty IO #0" daemon [_thread_blocked, id=22608, stack(0x000000127cc00000,0x000000127cd00000)]
  0x00000186627ea800 JavaThread "Server thread" [_thread_blocked, id=5332, stack(0x000000127ca00000,0x000000127cb00000)]
  0x0000018661e70800 JavaThread "LWJGL Timer" daemon [_thread_blocked, id=20844, stack(0x000000127cb00000,0x000000127cc00000)]
  0x0000018661115800 JavaThread "Java2D Disposer" daemon [_thread_blocked, id=14736, stack(0x000000127c200000,0x000000127c300000)]
  0x0000018663402000 JavaThread "Timer hack thread" daemon [_thread_blocked, id=15760, stack(0x000000127c100000,0x000000127c200000)]
  0x0000018661813000 JavaThread "Snooper Timer" daemon [_thread_blocked, id=9720, stack(0x000000127c000000,0x000000127c100000)]
  0x000001865bf07800 JavaThread "Service Thread" daemon [_thread_blocked, id=14780, stack(0x000000127be00000,0x000000127bf00000)]
  0x000001865be19000 JavaThread "C1 CompilerThread11" daemon [_thread_blocked, id=21696, stack(0x000000127bd00000,0x000000127be00000)]
  0x000001865be1d000 JavaThread "C1 CompilerThread10" daemon [_thread_blocked, id=21836, stack(0x000000127bc00000,0x000000127bd00000)]
  0x000001865be18800 JavaThread "C1 CompilerThread9" daemon [_thread_blocked, id=6380, stack(0x000000127bb00000,0x000000127bc00000)]
  0x000001865be41800 JavaThread "C1 CompilerThread8" daemon [_thread_blocked, id=15264, stack(0x000000127ba00000,0x000000127bb00000)]
  0x000001865be38000 JavaThread "C2 CompilerThread7" daemon [_thread_blocked, id=5796, stack(0x000000127b900000,0x000000127ba00000)]
  0x000001865be36800 JavaThread "C2 CompilerThread6" daemon [_thread_blocked, id=8264, stack(0x000000127b800000,0x000000127b900000)]
  0x000001865be35000 JavaThread "C2 CompilerThread5" daemon [_thread_blocked, id=5716, stack(0x000000127b700000,0x000000127b800000)]
  0x000001865be2d000 JavaThread "C2 CompilerThread4" daemon [_thread_blocked, id=16168, stack(0x000000127b600000,0x000000127b700000)]
  0x000001865be2c000 JavaThread "C2 CompilerThread3" daemon [_thread_blocked, id=20492, stack(0x000000127b500000,0x000000127b600000)]
  0x000001865be2b800 JavaThread "C2 CompilerThread2" daemon [_thread_blocked, id=13696, stack(0x000000127b400000,0x000000127b500000)]
  0x000001865be26800 JavaThread "C2 CompilerThread1" daemon [_thread_blocked, id=11012, stack(0x000000127b300000,0x000000127b400000)]
  0x000001865be24000 JavaThread "C2 CompilerThread0" daemon [_thread_blocked, id=4304, stack(0x000000127b200000,0x000000127b300000)]
  0x000001865be21000 JavaThread "Attach Listener" daemon [_thread_blocked, id=3668, stack(0x000000127b100000,0x000000127b200000)]
  0x000001865be1f800 JavaThread "Signal Dispatcher" daemon [_thread_blocked, id=13704, stack(0x000000127b000000,0x000000127b100000)]
  0x000001865bdf1800 JavaThread "Finalizer" daemon [_thread_blocked, id=8180, stack(0x000000127af00000,0x000000127b000000)]
  0x000001865bdf0800 JavaThread "Reference Handler" daemon [_thread_blocked, id=10196, stack(0x000000127ae00000,0x000000127af00000)]
  0x000001862225d000 JavaThread "Client thread" [_thread_blocked, id=2336, stack(0x0000001279f00000,0x000000127a000000)]

Other Threads:
=>0x0000018659109800 VMThread [stack: 0x000000127ad00000,0x000000127ae00000] [id=7784]

VM state:at safepoint (shutting down)

VM Mutex/Monitor currently owned by a thread:  ([mutex/lock_event])
[0x0000018622256c30] Threads_lock - owner thread: 0x0000018659109800

heap address: 0x00000003c1400000, size: 16364 MB, Compressed Oops mode: Zero based, Oop shift amount: 3
Narrow klass base: 0x0000000000000000, Narrow klass shift: 3
Compressed class space size: 1073741824 Address: 0x00000007c0000000

Heap:
 PSYoungGen      total 663552K, used 511591K [0x000000066b180000, 0x00000006aa980000, 0x00000007c0000000)
  eden space 576512K, 80% used [0x000000066b180000,0x00000006874daf70,0x000000068e480000)
  from space 87040K, 56% used [0x0000000693900000,0x000000069693ef78,0x0000000698e00000)
  to   space 86528K, 0% used [0x000000068e480000,0x000000068e480000,0x0000000693900000)
 ParOldGen       total 409600K, used 116815K [0x00000003c1400000, 0x00000003da400000, 0x000000066b180000)
  object space 409600K, 28% used [0x00000003c1400000,0x00000003c8613c98,0x00000003da400000)
 Metaspace       used 43184K, capacity 43683K, committed 44160K, reserved 1087488K
  class space    used 4992K, capacity 5126K, committed 5248K, reserved 1048576K

Card table byte_map: [0x0000018633030000,0x0000018635030000] byte_map_base: 0x0000018631226000

Marking Bits: (ParMarkBitMap*) 0x00007ffe6589a3e0
 Begin Bits: [0x0000018636580000, 0x0000018646530000)
 End Bits:   [0x0000018646530000, 0x00000186564e0000)

Polling page: 0x00000186221f0000

CodeCache: size=245760Kb used=32701Kb max_used=33449Kb free=213058Kb
 bounds [0x0000018623c70000, 0x0000018625d50000, 0x0000018632c70000]
 total_blobs=8117 nmethods=7272 adapters=753
 compilation: enabled

Compilation events (10 events):
Event: 45.166 Thread 0x000001865be1d000 9934   !   3       java.util.zip.Deflater::end (50 bytes)
Event: 45.166 Thread 0x000001865be41800 9935       3       java.util.zip.Deflater::<init> (39 bytes)
Event: 45.166 Thread 0x000001865be1d000 nmethod 9934 0x00000186251b8fd0 code [0x00000186251b9160, 0x00000186251b9610]
Event: 45.166 Thread 0x000001865be41800 nmethod 9935 0x0000018625429350 code [0x00000186254294e0, 0x0000018625429910]
Event: 45.168 Thread 0x000001865be19000 9937       3       java.util.zip.DeflaterOutputStream::<init> (64 bytes)
Event: 45.168 Thread 0x000001865be19000 nmethod 9937 0x0000018625a46d10 code [0x0000018625a46ec0, 0x0000018625a47440]
Event: 45.169 Thread 0x000001865be18800 9938   !   3       java.util.zip.DeflaterOutputStream::close (58 bytes)
Event: 45.169 Thread 0x000001865be1d000 9939   !   3       java.util.zip.Deflater::finish (23 bytes)
Event: 45.169 Thread 0x000001865be1d000 nmethod 9939 0x0000018624d311d0 code [0x0000018624d31340, 0x0000018624d31638]
Event: 45.169 Thread 0x000001865be18800 nmethod 9938 0x00000186255b9190 code [0x00000186255b9340, 0x00000186255b97e0]

GC Heap History (10 events):
Event: 27.153 GC heap before
{Heap before GC invocations=13 (full 3):
 PSYoungGen      total 600064K, used 1920K [0x000000066b180000, 0x0000000698200000, 0x00000007c0000000)
  eden space 576000K, 0% used [0x000000066b180000,0x000000066b360010,0x000000068e400000)
  from space 24064K, 0% used [0x000000068e400000,0x000000068e400000,0x000000068fb80000)
  to   space 80896K, 0% used [0x0000000693300000,0x0000000693300000,0x0000000698200000)
 ParOldGen       total 409600K, used 64644K [0x00000003c1400000, 0x00000003da400000, 0x000000066b180000)
  object space 409600K, 15% used [0x00000003c1400000,0x00000003c5321248,0x00000003da400000)
 Metaspace       used 31413K, capacity 31739K, committed 32128K, reserved 1077248K
  class space    used 3785K, capacity 3900K, committed 3968K, reserved 1048576K
Event: 27.155 GC heap after
Heap after GC invocations=13 (full 3):
 PSYoungGen      total 654848K, used 0K [0x000000066b180000, 0x0000000698600000, 0x00000007c0000000)
  eden space 573952K, 0% used [0x000000066b180000,0x000000066b180000,0x000000068e200000)
  from space 80896K, 0% used [0x0000000693300000,0x0000000693300000,0x0000000698200000)
  to   space 82944K, 0% used [0x000000068e200000,0x000000068e200000,0x0000000693300000)
 ParOldGen       total 409600K, used 64644K [0x00000003c1400000, 0x00000003da400000, 0x000000066b180000)
  object space 409600K, 15% used [0x00000003c1400000,0x00000003c5321248,0x00000003da400000)
 Metaspace       used 31413K, capacity 31739K, committed 32128K, reserved 1077248K
  class space    used 3785K, capacity 3900K, committed 3968K, reserved 1048576K
}
Event: 27.155 GC heap before
{Heap before GC invocations=14 (full 4):
 PSYoungGen      total 654848K, used 0K [0x000000066b180000, 0x0000000698600000, 0x00000007c0000000)
  eden space 573952K, 0% used [0x000000066b180000,0x000000066b180000,0x000000068e200000)
  from space 80896K, 0% used [0x0000000693300000,0x0000000693300000,0x0000000698200000)
  to   space 82944K, 0% used [0x000000068e200000,0x000000068e200000,0x0000000693300000)
 ParOldGen       total 409600K, used 64644K [0x00000003c1400000, 0x00000003da400000, 0x000000066b180000)
  object space 409600K, 15% used [0x00000003c1400000,0x00000003c5321248,0x00000003da400000)
 Metaspace       used 31413K, capacity 31739K, committed 32128K, reserved 1077248K
  class space    used 3785K, capacity 3900K, committed 3968K, reserved 1048576K
Event: 27.181 GC heap after
Heap after GC invocations=14 (full 4):
 PSYoungGen      total 654848K, used 0K [0x000000066b180000, 0x0000000698600000, 0x00000007c0000000)
  eden space 573952K, 0% used [0x000000066b180000,0x000000066b180000,0x000000068e200000)
  from space 80896K, 0% used [0x0000000693300000,0x0000000693300000,0x0000000698200000)
  to   space 82944K, 0% used [0x000000068e200000,0x000000068e200000,0x0000000693300000)
 ParOldGen       total 409600K, used 64644K [0x00000003c1400000, 0x00000003da400000, 0x000000066b180000)
  object space 409600K, 15% used [0x00000003c1400000,0x00000003c5321210,0x00000003da400000)
 Metaspace       used 31413K, capacity 31739K, committed 32128K, reserved 1077248K
  class space    used 3785K, capacity 3900K, committed 3968K, reserved 1048576K
}
Event: 28.710 GC heap before
{Heap before GC invocations=15 (full 4):
 PSYoungGen      total 654848K, used 404862K [0x000000066b180000, 0x0000000698600000, 0x00000007c0000000)
  eden space 573952K, 70% used [0x000000066b180000,0x0000000683cdf838,0x000000068e200000)
  from space 80896K, 0% used [0x0000000693300000,0x0000000693300000,0x0000000698200000)
  to   space 82944K, 0% used [0x000000068e200000,0x000000068e200000,0x0000000693300000)
 ParOldGen       total 409600K, used 64644K [0x00000003c1400000, 0x00000003da400000, 0x000000066b180000)
  object space 409600K, 15% used [0x00000003c1400000,0x00000003c5321210,0x00000003da400000)
 Metaspace       used 36674K, capacity 37143K, committed 37376K, reserved 1081344K
  class space    used 4371K, capacity 4518K, committed 4608K, reserved 1048576K
Event: 28.721 GC heap after
Heap after GC invocations=15 (full 4):
 PSYoungGen      total 656896K, used 57457K [0x000000066b180000, 0x0000000698e00000, 0x00000007c0000000)
  eden space 573952K, 0% used [0x000000066b180000,0x000000066b180000,0x000000068e200000)
  from space 82944K, 69% used [0x000000068e200000,0x0000000691a1c4f0,0x0000000693300000)
  to   space 87040K, 0% used [0x0000000693900000,0x0000000693900000,0x0000000698e00000)
 ParOldGen       total 409600K, used 64652K [0x00000003c1400000, 0x00000003da400000, 0x000000066b180000)
  object space 409600K, 15% used [0x00000003c1400000,0x00000003c5323210,0x00000003da400000)
 Metaspace       used 36674K, capacity 37143K, committed 37376K, reserved 1081344K
  class space    used 4371K, capacity 4518K, committed 4608K, reserved 1048576K
}
Event: 28.721 GC heap before
{Heap before GC invocations=16 (full 5):
 PSYoungGen      total 656896K, used 57457K [0x000000066b180000, 0x0000000698e00000, 0x00000007c0000000)
  eden space 573952K, 0% used [0x000000066b180000,0x000000066b180000,0x000000068e200000)
  from space 82944K, 69% used [0x000000068e200000,0x0000000691a1c4f0,0x0000000693300000)
  to   space 87040K, 0% used [0x0000000693900000,0x0000000693900000,0x0000000698e00000)
 ParOldGen       total 409600K, used 64652K [0x00000003c1400000, 0x00000003da400000, 0x000000066b180000)
  object space 409600K, 15% used [0x00000003c1400000,0x00000003c5323210,0x00000003da400000)
 Metaspace       used 36674K, capacity 37143K, committed 37376K, reserved 1081344K
  class space    used 4371K, capacity 4518K, committed 4608K, reserved 1048576K
Event: 28.809 GC heap after
Heap after GC invocations=16 (full 5):
 PSYoungGen      total 656896K, used 0K [0x000000066b180000, 0x0000000698e00000, 0x00000007c0000000)
  eden space 573952K, 0% used [0x000000066b180000,0x000000066b180000,0x000000068e200000)
  from space 82944K, 0% used [0x000000068e200000,0x000000068e200000,0x0000000693300000)
  to   space 87040K, 0% used [0x0000000693900000,0x0000000693900000,0x0000000698e00000)
 ParOldGen       total 409600K, used 116799K [0x00000003c1400000, 0x00000003da400000, 0x000000066b180000)
  object space 409600K, 28% used [0x00000003c1400000,0x00000003c860fc98,0x00000003da400000)
 Metaspace       used 36674K, capacity 37143K, committed 37376K, reserved 1081344K
  class space    used 4371K, capacity 4518K, committed 4608K, reserved 1048576K
}
Event: 36.593 GC heap before
{Heap before GC invocations=17 (full 5):
 PSYoungGen      total 656896K, used 573952K [0x000000066b180000, 0x0000000698e00000, 0x00000007c0000000)
  eden space 573952K, 100% used [0x000000066b180000,0x000000068e200000,0x000000068e200000)
  from space 82944K, 0% used [0x000000068e200000,0x000000068e200000,0x0000000693300000)
  to   space 87040K, 0% used [0x0000000693900000,0x0000000693900000,0x0000000698e00000)
 ParOldGen       total 409600K, used 116799K [0x00000003c1400000, 0x00000003da400000, 0x000000066b180000)
  object space 409600K, 28% used [0x00000003c1400000,0x00000003c860fc98,0x00000003da400000)
 Metaspace       used 42847K, capacity 43331K, committed 43776K, reserved 1087488K
  class space    used 4973K, capacity 5094K, committed 5120K, reserved 1048576K
Event: 36.600 GC heap after
Heap after GC invocations=17 (full 5):
 PSYoungGen      total 663552K, used 49403K [0x000000066b180000, 0x00000006aa980000, 0x00000007c0000000)
  eden space 576512K, 0% used [0x000000066b180000,0x000000066b180000,0x000000068e480000)
  from space 87040K, 56% used [0x0000000693900000,0x000000069693ef78,0x0000000698e00000)
  to   space 86528K, 0% used [0x000000068e480000,0x000000068e480000,0x0000000693900000)
 ParOldGen       total 409600K, used 116815K [0x00000003c1400000, 0x00000003da400000, 0x000000066b180000)
  object space 409600K, 28% used [0x00000003c1400000,0x00000003c8613c98,0x00000003da400000)
 Metaspace       used 42847K, capacity 43331K, committed 43776K, reserved 1087488K
  class space    used 4973K, capacity 5094K, committed 5120K, reserved 1048576K
}

Deoptimization events (10 events):
Event: 44.865 Thread 0x00000186627ef000 Uncommon trap: reason=class_check action=maybe_recompile pc=0x0000018624785e20 method=java.util.HashSet.remove(Ljava/lang/Object;)Z @ 5
Event: 44.865 Thread 0x00000186627ef000 Uncommon trap: reason=unstable_if action=reinterpret pc=0x00000186258a5fc0 method=io.netty.channel.local.LocalChannel.isActive()Z @ 5
Event: 44.897 Thread 0x00000186627ea800 Uncommon trap: reason=class_check action=maybe_recompile pc=0x00000186246c94d4 method=java.util.concurrent.ConcurrentHashMap.putVal(Ljava/lang/Object;Ljava/lang/Object;Z)Ljava/lang/Object; @ 192
Event: 44.897 Thread 0x00000186627ea800 Uncommon trap: reason=class_check action=maybe_recompile pc=0x00000186246c94d4 method=java.util.concurrent.ConcurrentHashMap.putVal(Ljava/lang/Object;Ljava/lang/Object;Z)Ljava/lang/Object; @ 192
Event: 44.897 Thread 0x00000186627ea800 Uncommon trap: reason=class_check action=maybe_recompile pc=0x00000186246c94d4 method=java.util.concurrent.ConcurrentHashMap.putVal(Ljava/lang/Object;Ljava/lang/Object;Z)Ljava/lang/Object; @ 192
Event: 44.897 Thread 0x00000186627ea800 Uncommon trap: reason=class_check action=maybe_recompile pc=0x00000186246c94d4 method=java.util.concurrent.ConcurrentHashMap.putVal(Ljava/lang/Object;Ljava/lang/Object;Z)Ljava/lang/Object; @ 192
Event: 45.069 Thread 0x000001862225d000 Uncommon trap: reason=unstable_if action=reinterpret pc=0x00000186243d5f98 method=cpw.mods.fml.relauncher.FMLSecurityManager.checkPermission(Ljava/security/Permission;)V @ 23
Event: 45.081 Thread 0x00000186627ea000 Uncommon trap: reason=unstable_if action=reinterpret pc=0x0000018625933c50 method=io.netty.channel.local.LocalChannel.isOpen()Z @ 5
Event: 45.089 Thread 0x00000186627ea000 Uncommon trap: reason=unstable_if action=reinterpret pc=0x000001862529f6f4 method=com.google.common.collect.MapMakerInternalMap$Segment.getEntry(Ljava/lang/Object;I)Lcom/google/common/collect/MapMakerInternalMap$ReferenceEntry; @ 4
Event: 45.089 Thread 0x00000186627ea000 Uncommon trap: reason=unstable_if action=reinterpret pc=0x0000018623fddd28 method=com.google.common.collect.MapMakerInternalMap$Segment.getEntry(Ljava/lang/Object;I)Lcom/google/common/collect/MapMakerInternalMap$ReferenceEntry; @ 4

Classes redefined (0 events):
No events

Internal exceptions (10 events):
Event: 44.674 Thread 0x00000186627ee800 Exception <a 'java/lang/InterruptedException': sleep interrupted> (0x0000000684394460) thrown at [C:\jenkins\workspace\8-2-build-windows-x64-cygwin-sans-NAS\jdk8u471\2292\hotspot\src\share\vm\prims\jvm.cpp, line 3359]
Event: 44.683 Thread 0x00000186627ee800 Exception <a 'java/lang/InterruptedException': sleep interrupted> (0x00000006843946b8) thrown at [C:\jenkins\workspace\8-2-build-windows-x64-cygwin-sans-NAS\jdk8u471\2292\hotspot\src\share\vm\prims\jvm.cpp, line 3359]
Event: 44.691 Thread 0x00000186627ee800 Exception <a 'java/lang/InterruptedException': sleep interrupted> (0x0000000684394910) thrown at [C:\jenkins\workspace\8-2-build-windows-x64-cygwin-sans-NAS\jdk8u471\2292\hotspot\src\share\vm\prims\jvm.cpp, line 3359]
Event: 44.699 Thread 0x00000186627ee800 Exception <a 'java/lang/InterruptedException': sleep interrupted> (0x0000000684394b68) thrown at [C:\jenkins\workspace\8-2-build-windows-x64-cygwin-sans-NAS\jdk8u471\2292\hotspot\src\share\vm\prims\jvm.cpp, line 3359]
Event: 44.708 Thread 0x00000186627ee800 Exception <a 'java/lang/InterruptedException': sleep interrupted> (0x0000000684394dc0) thrown at [C:\jenkins\workspace\8-2-build-windows-x64-cygwin-sans-NAS\jdk8u471\2292\hotspot\src\share\vm\prims\jvm.cpp, line 3359]
Event: 44.717 Thread 0x00000186627ee800 Exception <a 'java/lang/InterruptedException': sleep interrupted> (0x0000000684395018) thrown at [C:\jenkins\workspace\8-2-build-windows-x64-cygwin-sans-NAS\jdk8u471\2292\hotspot\src\share\vm\prims\jvm.cpp, line 3359]
Event: 44.789 Thread 0x00000186627ee800 Exception <a 'java/lang/InterruptedException': sleep interrupted> (0x0000000684395270) thrown at [C:\jenkins\workspace\8-2-build-windows-x64-cygwin-sans-NAS\jdk8u471\2292\hotspot\src\share\vm\prims\jvm.cpp, line 3359]
Event: 44.828 Thread 0x00000186627ee800 Exception <a 'java/lang/InterruptedException': sleep interrupted> (0x00000006843954c8) thrown at [C:\jenkins\workspace\8-2-build-windows-x64-cygwin-sans-NAS\jdk8u471\2292\hotspot\src\share\vm\prims\jvm.cpp, line 3359]
Event: 44.928 Thread 0x00000186627ea000 Exception <a 'java/lang/InterruptedException': sleep interrupted> (0x00000006864572a0) thrown at [C:\jenkins\workspace\8-2-build-windows-x64-cygwin-sans-NAS\jdk8u471\2292\hotspot\src\share\vm\prims\jvm.cpp, line 3359]
Event: 45.068 Thread 0x000001862225d000 Exception <a 'org/lwjgl/LWJGLException': Failed to set device gamma.> (0x0000000685885c88) thrown at [C:\jenkins\workspace\8-2-build-windows-x64-cygwin-sans-NAS\jdk8u471\2292\hotspot\src\share\vm\prims\jni.cpp, line 737]

Events (10 events):
Event: 45.164 Thread 0x000001865be41800 flushing nmethod 0x0000018625c4cfd0
Event: 45.164 Thread 0x000001865be41800 flushing nmethod 0x0000018625c6d490
Event: 45.164 Thread 0x000001865be41800 flushing nmethod 0x0000018625c71e90
Event: 45.176 Executing VM operation: RevokeBias
Event: 45.176 Executing VM operation: RevokeBias done
Event: 45.176 Thread 0x00000186627ea000 Thread exited: 0x00000186627ea000
Event: 45.176 Executing VM operation: RevokeBias
Event: 45.176 Executing VM operation: RevokeBias done
Event: 45.176 Thread 0x00000186627f0800 Thread exited: 0x00000186627f0800
Event: 45.176 Executing VM operation: Exit


Dynamic libraries:
0x00007ff6b8270000 - 0x00007ff6b82bf000 	C:\Program Files\Java\jdk-1.8\bin\java.exe
0x00007fff14390000 - 0x00007fff14588000 	C:\Windows\SYSTEM32\ntdll.dll
0x00007fff12970000 - 0x00007fff12a32000 	C:\Windows\System32\KERNEL32.DLL
0x00007fff11d90000 - 0x00007fff12086000 	C:\Windows\System32\KERNELBASE.dll
0x00007fff12690000 - 0x00007fff12741000 	C:\Windows\System32\ADVAPI32.dll
0x00007fff12ec0000 - 0x00007fff12f5e000 	C:\Windows\System32\msvcrt.dll
0x00007fff12d60000 - 0x00007fff12dff000 	C:\Windows\System32\sechost.dll
0x00007fff13500000 - 0x00007fff13620000 	C:\Windows\System32\RPCRT4.dll
0x00007fff11a20000 - 0x00007fff11a47000 	C:\Windows\System32\bcrypt.dll
0x00007fff127c0000 - 0x00007fff12961000 	C:\Windows\System32\USER32.dll
0x00007fff11c60000 - 0x00007fff11c82000 	C:\Windows\System32\win32u.dll
0x00007fff13850000 - 0x00007fff1387b000 	C:\Windows\System32\GDI32.dll
0x00007fff12290000 - 0x00007fff123a9000 	C:\Windows\System32\gdi32full.dll
0x00007fff121f0000 - 0x00007fff1228d000 	C:\Windows\System32\msvcp_win.dll
0x00007fff11c90000 - 0x00007fff11d90000 	C:\Windows\System32\ucrtbase.dll
0x00007ffef30e0000 - 0x00007ffef337b000 	C:\Windows\WinSxS\amd64_microsoft.windows.common-controls_6595b64144ccf1df_6.0.19041.6456_none_60b8a6cb71f64256\COMCTL32.dll
0x00007fff12c20000 - 0x00007fff12c4f000 	C:\Windows\System32\IMM32.DLL
0x00007fff0c420000 - 0x00007fff0c43b000 	C:\Program Files\Java\jdk-1.8\jre\bin\vcruntime140.dll
0x00007fff0dfd0000 - 0x00007fff0dfdc000 	C:\Program Files\Java\jdk-1.8\jre\bin\vcruntime140_1.dll
0x00007ffef5ec0000 - 0x00007ffef5f4e000 	C:\Program Files\Java\jdk-1.8\jre\bin\msvcp140.dll
0x00007ffe650c0000 - 0x00007ffe6596a000 	C:\Program Files\Java\jdk-1.8\jre\bin\server\jvm.dll
0x00007fff12c10000 - 0x00007fff12c18000 	C:\Windows\System32\PSAPI.DLL
0x00007fff0c410000 - 0x00007fff0c419000 	C:\Windows\SYSTEM32\WSOCK32.dll
0x00007fff09db0000 - 0x00007fff09dba000 	C:\Windows\SYSTEM32\VERSION.dll
0x00007fff07340000 - 0x00007fff07367000 	C:\Windows\SYSTEM32\WINMM.dll
0x00007fff12750000 - 0x00007fff127bb000 	C:\Windows\System32\WS2_32.dll
0x00007fff10280000 - 0x00007fff10292000 	C:\Windows\SYSTEM32\kernel.appcore.dll
0x00007fff0c400000 - 0x00007fff0c410000 	C:\Program Files\Java\jdk-1.8\jre\bin\verify.dll
0x00007fff0b6c0000 - 0x00007fff0b6eb000 	C:\Program Files\Java\jdk-1.8\jre\bin\java.dll
0x00007fff0c3e0000 - 0x00007fff0c3f8000 	C:\Program Files\Java\jdk-1.8\jre\bin\zip.dll
0x00007fff13880000 - 0x00007fff13ff0000 	C:\Windows\System32\SHELL32.dll
0x00007fff0f630000 - 0x00007fff0fdd5000 	C:\Windows\SYSTEM32\windows.storage.dll
0x00007fff13ff0000 - 0x00007fff14344000 	C:\Windows\System32\combase.dll
0x00007fff11370000 - 0x00007fff1139b000 	C:\Windows\SYSTEM32\Wldp.dll
0x00007fff12560000 - 0x00007fff1262d000 	C:\Windows\System32\OLEAUT32.dll
0x00007fff13620000 - 0x00007fff136cd000 	C:\Windows\System32\SHCORE.dll
0x00007fff12630000 - 0x00007fff1268b000 	C:\Windows\System32\shlwapi.dll
0x00007fff11950000 - 0x00007fff11974000 	C:\Windows\SYSTEM32\profapi.dll
0x00007ffef5e70000 - 0x00007ffef5e7d000 	C:\Program Files\Java\jdk-1.8\jre\bin\management.dll
0x00007ffef7d90000 - 0x00007ffef7dac000 	C:\Program Files\Java\jdk-1.8\jre\bin\net.dll
0x00007fff110d0000 - 0x00007fff1113a000 	C:\Windows\system32\mswsock.dll
0x00007ffef7460000 - 0x00007ffef7473000 	C:\Program Files\Java\jdk-1.8\jre\bin\nio.dll
0x00007ffee67c0000 - 0x00007ffee67d7000 	C:\Windows\system32\napinsp.dll
0x00007ffee67e0000 - 0x00007ffee67fb000 	C:\Windows\system32\pnrpnsp.dll
0x00007fff0e0d0000 - 0x00007fff0e0ed000 	C:\Windows\system32\wshbth.dll
0x00007fff0dac0000 - 0x00007fff0dadd000 	C:\Windows\system32\NLAapi.dll
0x00007fff10db0000 - 0x00007fff10deb000 	C:\Windows\SYSTEM32\IPHLPAPI.DLL
0x00007fff10df0000 - 0x00007fff10eba000 	C:\Windows\SYSTEM32\DNSAPI.dll
0x00007fff12d40000 - 0x00007fff12d48000 	C:\Windows\System32\NSI.dll
0x00007ffee6f90000 - 0x00007ffee6fa2000 	C:\Windows\System32\winrnr.dll
0x00007ffef66e0000 - 0x00007ffef66ea000 	C:\Windows\System32\rasadhlp.dll
0x00007ffef6600000 - 0x00007ffef6680000 	C:\Windows\System32\fwpuclnt.dll
0x0000000180000000 - 0x0000000180051000 	C:\Users\chuck\.gradle\caches\minecraft\net\minecraft\minecraft_natives\1.7.10\lwjgl64.dll
0x00007ffe9c740000 - 0x00007ffe9c868000 	C:\Windows\SYSTEM32\OPENGL32.dll
0x00007ffe9c710000 - 0x00007ffe9c73c000 	C:\Windows\SYSTEM32\GLU32.dll
0x00007fff112d0000 - 0x00007fff112e8000 	C:\Windows\SYSTEM32\CRYPTSP.dll
0x00007fff109f0000 - 0x00007fff10a28000 	C:\Windows\system32\rsaenh.dll
0x00007fff11910000 - 0x00007fff1193e000 	C:\Windows\SYSTEM32\USERENV.dll
0x00007fff12160000 - 0x00007fff121e2000 	C:\Windows\System32\bcryptprimitives.dll
0x00007fff112c0000 - 0x00007fff112cc000 	C:\Windows\SYSTEM32\CRYPTBASE.dll
0x00007fff099f0000 - 0x00007fff09a07000 	C:\Windows\SYSTEM32\dhcpcsvc6.DLL
0x00007fff09dc0000 - 0x00007fff09ddd000 	C:\Windows\SYSTEM32\dhcpcsvc.DLL
0x00007ffed4700000 - 0x00007ffed487e000 	C:\Program Files\Java\jdk-1.8\jre\bin\awt.dll
0x00007fff0e730000 - 0x00007fff0e7c4000 	C:\Windows\SYSTEM32\apphelp.dll
0x00007fff04100000 - 0x00007fff041ae000 	C:\Windows\SYSTEM32\mscms.dll
0x00007fff040e0000 - 0x00007fff040f1000 	C:\Windows\SYSTEM32\ColorAdapterClient.dll
0x00007fff0ef60000 - 0x00007fff0effe000 	C:\Windows\system32\uxtheme.dll
0x0000018664700000 - 0x000001866c773000 	C:\Program Files (x86)\ASUS\GPUTweakIII\GTIII-OSD\x64\GTIII-OSD64-VK.dll
0x00007fff133d0000 - 0x00007fff134fb000 	C:\Windows\System32\ole32.dll
0x00007ffe9d090000 - 0x00007ffe9d216000 	C:\Windows\SYSTEM32\vulkan-1.dll
0x00007fff12090000 - 0x00007fff120de000 	C:\Windows\System32\CFGMGR32.dll
0x00007fff12af0000 - 0x00007fff12c05000 	C:\Windows\System32\MSCTF.dll
0x00007fff12a40000 - 0x00007fff12ae9000 	C:\Windows\System32\clbcatq.dll
0x00007ffe62760000 - 0x00007ffe650b4000 	C:\Windows\System32\DriverStore\FileRepository\nv_dispi.inf_amd64_20ae8f14a487d5db\nvoglv64.dll
0x00007fff12f60000 - 0x00007fff133d0000 	C:\Windows\System32\SETUPAPI.dll
0x00007fff0b470000 - 0x00007fff0b484000 	C:\Windows\SYSTEM32\WTSAPI32.dll
0x00007fff11500000 - 0x00007fff11512000 	C:\Windows\SYSTEM32\msasn1.dll
0x00007fff09d70000 - 0x00007fff09da1000 	C:\Windows\SYSTEM32\cryptnet.dll
0x00007fff11b00000 - 0x00007fff11c5d000 	C:\Windows\System32\CRYPT32.dll
0x00007fff09b40000 - 0x00007fff09c87000 	C:\Windows\SYSTEM32\drvstore.dll
0x00007fff116d0000 - 0x00007fff11703000 	C:\Windows\SYSTEM32\devobj.dll
0x00007fff120e0000 - 0x00007fff12153000 	C:\Windows\System32\WINTRUST.dll
0x00007fff10c40000 - 0x00007fff10c73000 	C:\Windows\SYSTEM32\ntmarta.dll
0x00007fff136d0000 - 0x00007fff136ed000 	C:\Windows\System32\imagehlp.dll
0x00007ffefe260000 - 0x00007fff01ff4000 	C:\Windows\System32\DriverStore\FileRepository\nv_dispi.inf_amd64_20ae8f14a487d5db\nvgpucomp64.dll
0x00007fff02430000 - 0x00007fff0246b000 	C:\Windows\SYSTEM32\dxcore.dll
0x00007ffe95dc0000 - 0x00007ffe95f07000 	C:\Windows\system32\nvspcap64.dll
0x00007fff0f270000 - 0x00007fff0f29e000 	C:\Windows\SYSTEM32\dwmapi.dll
0x00007fff05f10000 - 0x00007fff06009000 	C:\Windows\SYSTEM32\textinputframework.dll
0x00007fff0db20000 - 0x00007fff0de7b000 	C:\Windows\System32\CoreUIComponents.dll
0x00007fff0de80000 - 0x00007fff0df72000 	C:\Windows\System32\CoreMessaging.dll
0x00007fff0e0f0000 - 0x00007fff0e247000 	C:\Windows\SYSTEM32\wintypes.dll
0x00007ffef7db0000 - 0x00007ffef7df5000 	C:\Windows\SYSTEM32\icm32.dll
0x00007fff11880000 - 0x00007fff118cb000 	C:\Windows\SYSTEM32\powrprof.dll
0x00007fff11860000 - 0x00007fff11872000 	C:\Windows\SYSTEM32\UMPDC.dll
0x00007fff11740000 - 0x00007fff117a3000 	C:\Windows\SYSTEM32\WINSTA.dll
0x0000000070a40000 - 0x0000000070adc000 	C:\Users\chuck\.gradle\caches\minecraft\net\minecraft\minecraft_natives\1.7.10\avutil-ttv-51.dll
0x0000000065980000 - 0x00000000659d6000 	C:\Users\chuck\.gradle\caches\minecraft\net\minecraft\minecraft_natives\1.7.10\swresample-ttv-0.dll
0x000000006eb80000 - 0x000000006ec50000 	C:\Users\chuck\.gradle\caches\minecraft\net\minecraft\minecraft_natives\1.7.10\libmp3lame-ttv.dll
0x00007ffe613b0000 - 0x00007ffe62754000 	C:\Users\chuck\.gradle\caches\minecraft\net\minecraft\minecraft_natives\1.7.10\libmfxsw64.dll
0x00007ffee5330000 - 0x00007ffee545b000 	C:\Users\chuck\.gradle\caches\minecraft\net\minecraft\minecraft_natives\1.7.10\twitchsdk.dll
0x00007ffef3380000 - 0x00007ffef3856000 	C:\Windows\SYSTEM32\WININET.dll
0x0000018600000000 - 0x0000018608187000 	C:\Program Files (x86)\ASUS\GPUTweakIII\GTIII-OSD\x64\GTIII-OSD64.dll
0x00007ffe9c870000 - 0x00007ffe9cad3000 	C:\Windows\SYSTEM32\d3dx9_43.dll
0x00007ffe9cae0000 - 0x00007ffe9cb11000 	C:\Windows\SYSTEM32\d3d10_1.dll
0x00007fff0c4d0000 - 0x00007fff0c92d000 	C:\Windows\SYSTEM32\D3DCOMPILER_47.dll
0x00007ffef8760000 - 0x00007ffef8785000 	C:\Windows\SYSTEM32\d3d12.dll
0x00007ffeba5f0000 - 0x00007ffeba5fd000 	C:\Windows\SYSTEM32\d3d10_1core.dll
0x00007fff0ca00000 - 0x00007fff0cc64000 	C:\Windows\SYSTEM32\d3d11.dll
0x00007fff103c0000 - 0x00007fff104b6000 	C:\Windows\SYSTEM32\dxgi.dll
0x00007ffedd660000 - 0x00007ffedd831000 	C:\Windows\SYSTEM32\d3d9.dll
0x0000018677fd0000 - 0x0000018680021000 	C:\Program Files (x86)\ASUS\GPUTweakIII\GTIII-OSD\x64\GTIII-OSD64-GL.dll
0x0000000060690000 - 0x00000000606f3000 	C:\Program Files (x86)\ASUS\GPUTweakIII\GTIII-OSD\x64\glew32.dll
0x00007ffef86b0000 - 0x00007ffef875c000 	C:\Windows\SYSTEM32\TextShaping.dll
0x0000018609c50000 - 0x0000018609cb4000 	C:\Users\chuck\.gradle\caches\minecraft\net\minecraft\minecraft_natives\1.7.10\OpenAL64.dll
0x00007fff0ae30000 - 0x00007fff0aeb5000 	C:\Windows\System32\MMDevApi.dll
0x00007ffedf470000 - 0x00007ffedf50c000 	C:\Windows\SYSTEM32\dsound.dll
0x00007ffef3880000 - 0x00007ffef38a6000 	C:\Windows\SYSTEM32\winmmbase.dll
0x00007fff0af30000 - 0x00007fff0b0b1000 	C:\Windows\SYSTEM32\AUDIOSES.DLL
0x00007fff0f030000 - 0x00007fff0f044000 	C:\Windows\SYSTEM32\resourcepolicyclient.dll
0x00007ffee9fe0000 - 0x00007ffeea014000 	C:\Program Files\Java\jdk-1.8\jre\bin\jpeg.dll
0x00007ffef5dc0000 - 0x00007ffef5de5000 	C:\Program Files\Java\jdk-1.8\jre\bin\sunec.dll
0x00007ffef5e60000 - 0x00007ffef5e6e000 	C:\Program Files\Java\jdk-1.8\jre\bin\sunmscapi.dll
0x00007fff113e0000 - 0x00007fff11407000 	C:\Windows\SYSTEM32\ncrypt.dll
0x00007fff113a0000 - 0x00007fff113db000 	C:\Windows\SYSTEM32\NTASN1.dll
0x00007fff0fea0000 - 0x00007fff100a1000 	C:\Windows\SYSTEM32\dbghelp.dll

VM Arguments:
jvm_args: -Dfile.encoding=UTF-8 -Duser.country=US -Duser.language=en -Duser.variant 
java_command: GradleStart
java_class_path (initial): C:\Users\chuck\.gradle\caches\minecraft\net\minecraftforge\forge\1.7.10-10.13.4.1614-1.7.10\start;C:\Users\chuck\.gradle\caches\minecraft\net\minecraftforge\forge\1.7.10-10.13.4.1614-1.7.10\forgeSrc-1.7.10-10.13.4.1614-1.7.10.jar;C:\Users\chuck\.gradle\caches\modules-2\files-2.1\net.minecraft\launchwrapper\1.12\111e7bea9c968cdb3d06ef4632bf7ff0824d0f36\launchwrapper-1.12.jar;C:\Users\chuck\.gradle\caches\modules-2\files-2.1\com.google.code.findbugs\jsr305\1.3.9\40719ea6961c0cb6afaeb6a921eaa1f6afd4cfdf\jsr305-1.3.9.jar;C:\Users\chuck\.gradle\caches\modules-2\files-2.1\org.ow2.asm\asm-debug-all\5.0.3\f9e364ae2a66ce2a543012a4668856e84e5dab74\asm-debug-all-5.0.3.jar;C:\Users\chuck\.gradle\caches\modules-2\files-2.1\com.typesafe.akka\akka-actor_2.11\2.3.3\ed62e9fc709ca0f2ff1a3220daa8b70a2870078e\akka-actor_2.11-2.3.3.jar;C:\Users\chuck\.gradle\caches\modules-2\files-2.1\com.typesafe\config\1.2.1\f771f71fdae3df231bcd54d5ca2d57f0bf93f467\config-1.2.1.jar;C:\Users\chuck\.gradle\caches\modules-2\files-2.1\org.scala-lang\scala-actors-migration_2.11\1.1.0\dfa8bc42b181d5b9f1a5dd147f8ae308b893eb6f\scala-actors-migration_2.11-1.1.0.jar;C:\Users\chuck\.gradle\caches\modules-2\files-2.1\org.scala-lang.plugins\scala-continuations-plugin_2.11.1\1.0.2\f361a3283452c57fa30c1ee69448995de23c60f7\scala-continuations-plugin_2.11.1-1.0.2.jar;C:\Users\chuck\.gradle\caches\modules-2\files-2.1\org.scala-lang\scala-compiler\2.11.1\56ea2e6c025e0821f28d73ca271218b8dd04926a\scala-compiler-2.11.1.jar;C:\Users\chuck\.gradle\caches\modules-2\files-2.1\org.scala-lang.plugins\scala-continuations-library_2.11\1.0.2\e517c53a7e9acd6b1668c5a35eccbaa3bab9aac\scala-continuations-library_2.11-1.0.2.jar;C:\Users\chuck\.gradle\caches\modules-2\files-2.1\org.scala-lang\scala-reflect\2.11.1\6580347e61cc7f8e802941e7fde40fa83b8badeb\scala-reflect-2.11.1.jar;C:\Users\chuck\.gradle\caches\modules-2\files-2.1\org.scala-lang\scala-actors\2.11.0\8ccfb6541de179bb1c4d45cf414acee069b7f78b\scala-a
Launcher Type: SUN_STANDARD

Environment Variables:
PATH=C:\Program Files\Eclipse Adoptium\jdk-8.0.462.8-hotspot\bin;C:\Program Files\Common Files\Oracle\Java\javapath;C:\Program Files (x86)\Common Files\Oracle\Java\java8path;C:\Program Files (x86)\Common Files\Oracle\Java\javapath;C:\Program Files (x86)\Razer Chroma SDK\bin;C:\Program Files\Razer Chroma SDK\bin;C:\Program Files (x86)\Razer\ChromaBroadcast\bin;C:\Program Files\Razer\ChromaBroadcast\bin;C:\Windows\system32;C:\Windows;C:\Windows\System32\Wbem;C:\Windows\System32\WindowsPowerShell\v1.0\;C:\Windows\System32\OpenSSH\;C:\Program Files (x86)\NVIDIA Corporation\PhysX\Common;C:\Windows\system32\config\systemprofile\AppData\Local\Microsoft\WindowsApps;C:\Program Files\dotnet\;C:\Program Files (x86)\Windows Live\Shared;C:\Program Files\Git\cmd;C:\Program Files\WorldPainter;C:\Program Files\NVIDIA Corporation\NVIDIA app\NvDLISR;C:\Users\chuck\AppData\Local\Microsoft\WindowsApps;;C:\Program Files\JetBrains\IntelliJ IDEA 2024.2.0.1\bin;
USERNAME=chuck
OS=Windows_NT
PROCESSOR_IDENTIFIER=Intel64 Family 6 Model 158 Stepping 13, GenuineIntel



---------------  S Y S T E M  ---------------

OS: Windows 10 , 64 bit Build 19041 (10.0.19041.5915)

CPU:total 16 (initial active 16) (8 cores per cpu, 2 threads per core) family 6 model 158 stepping 13, cmov, cx8, fxsr, mmx, sse, sse2, sse3, ssse3, sse4.1, sse4.2, popcnt, avx, avx2, aes, clmul, erms, 3dnowpref, lzcnt, ht, tsc, tscinvbit, bmi1, bmi2, adx

Memory: 4k page, physical 67022948k(52019824k free), swap 71217252k(46805420k free)

vm_info: Java HotSpot(TM) 64-Bit Server VM (25.471-b09) for windows-amd64 JRE (1.8.0_471-b09), built on Sep 26 2025 05:08:27 by "java_re" with MS VC++ 17.6 (VS2022)

time: Mon Nov 24 14:10:03 2025
timezone: Eastern Standard Time
elapsed time: 45.413314 seconds (0d 0h 0m 45s)

