#
# A fatal error has been detected by the Java Runtime Environment:
#
#  EXCEPTION_ACCESS_VIOLATION (0xc0000005) at pc=0x00007ff85cf582e9, pid=3820, tid=0x00000000000058c4
#
# JRE version: Java(TM) SE Runtime Environment (8.0_471) (build 1.8.0_471-b09)
# Java VM: Java HotSpot(TM) 64-Bit Server VM (25.471-b09 mixed mode windows-amd64 compressed oops)
# Problematic frame:
# C  [nvoglv64.dll+0x8682e9]
#
# Failed to write core dump. Minidumps are not enabled by default on client versions of Windows
#
# If you would like to submit a bug report, please visit:
#   https://bugreport.java.com/bugreport/crash.jsp
#

---------------  T H R E A D  ---------------

Current thread (0x0000020f5e3e7000):  VMThread [stack: 0x0000001abed00000,0x0000001abee00000] [id=22724]

siginfo: ExceptionCode=0xc0000005, reading address 0x0000000000001238

Registers:
RAX=0x0000000000000000, RBX=0x0000020f68a3e9f0, RCX=0x0000000000000004, RDX=0x0000000000000000
RSP=0x0000001abedfef78, RBP=0x0000000000000000, RSI=0x0000000000000000, RDI=0x0000020f68a3e9f0
R8 =0x0000000000000000, R9 =0x0000020f0d11eff0, R10=0x0000020f27400000, R11=0x0000001abedfef80
R12=0x0000020f10cd0000, R13=0x0000020f10e03820, R14=0x0000000000000000, R15=0x0000000000000000
RIP=0x00007ff85cf582e9, EFLAGS=0x0000000000010202

Top of Stack: (sp=0x0000001abedfef78)
0x0000001abedfef78:   0000020f10cdbbf1 0000000000000000
0x0000001abedfef88:   0000000000000000 0000020f10e03820
0x0000001abedfef98:   0000020f10cd0000 fffffffffffffffe
0x0000001abedfefa8:   00007ff90b5747b1 0000020f0d11f0e8
0x0000001abedfefb8:   0000020f10cd8281 0000000000000000
0x0000001abedfefc8:   0000000000000000 0000000000000000
0x0000001abedfefd8:   0000001a00000000 0000020f0d11f0e8
0x0000001abedfefe8:   0000020f10cd7c71 0000020f0d11eff0
0x0000001abedfeff8:   0000000000000000 0000020f68b9cb90
0x0000001abedff008:   00007ff90b575ba1 0000020f10e03840
0x0000001abedff018:   0000020f10d1ac0d 0000000000000040
0x0000001abedff028:   00007ff900000000 0000001abedff168
0x0000001abedff038:   0000020f27400000 0000020f10cd0000
0x0000001abedff048:   0000020f274a43d8 0000020f10d63f4c
0x0000001abedff058:   0000000000000001 0000000000000001
0x0000001abedff068:   0000020f10cda083 0000000000000000 

Instructions: (pc=0x00007ff85cf582e9)
0x00007ff85cf582c9:   af af af af af af af c3 cc cc cc cc cc cc cc cc
0x00007ff85cf582d9:   cc cc cc cc cc cc cc 65 48 8b 04 25 30 16 00 00
0x00007ff85cf582e9:   ff a0 38 12 00 00 cc cc cc cc cc cc cc cc cc cc
0x00007ff85cf582f9:   cc cc cc cc cc cc cc cc cc cc cc cc cc cc cc cc 


Register to memory mapping:

RAX=0x0000000000000000 is an unknown value
RBX=0x0000020f68a3e9f0 is an unknown value
RCX=0x0000000000000004 is an unknown value
RDX=0x0000000000000000 is an unknown value
RSP=0x0000001abedfef78 is an unknown value
RBP=0x0000000000000000 is an unknown value
RSI=0x0000000000000000 is an unknown value
RDI=0x0000020f68a3e9f0 is an unknown value
R8 =0x0000000000000000 is an unknown value
R9 =0x0000020f0d11eff0 is an unknown value
R10=0x0000020f27400000 is an unknown value
R11=0x0000001abedfef80 is an unknown value
R12=0x0000020f10cd0000 is an unknown value
R13=0x0000020f10e03820 is an unknown value
R14=0x0000000000000000 is an unknown value
R15=0x0000000000000000 is an unknown value


Stack: [0x0000001abed00000,0x0000001abee00000],  sp=0x0000001abedfef78,  free space=1019k
Native frames: (J=compiled Java code, j=interpreted, Vv=VM code, C=native code)

VM_Operation (0x0000001abdffe350): Exit, mode: safepoint, requested by thread 0x0000020f2744b000


---------------  P R O C E S S  ---------------

Java Threads: ( => current thread )
  0x0000020f62d8c800 JavaThread "LWJGL Timer" daemon [_thread_blocked, id=11664, stack(0x0000001ac0b00000,0x0000001ac0c00000)]
  0x0000020f689c3000 JavaThread "Java2D Disposer" daemon [_thread_blocked, id=15528, stack(0x0000001ac0200000,0x0000001ac0300000)]
  0x0000020f6389c800 JavaThread "Timer hack thread" daemon [_thread_blocked, id=22272, stack(0x0000001ac0100000,0x0000001ac0200000)]
  0x0000020f67710000 JavaThread "Snooper Timer" daemon [_thread_blocked, id=1896, stack(0x0000001ac0000000,0x0000001ac0100000)]
  0x0000020f611fe800 JavaThread "Service Thread" daemon [_thread_blocked, id=21092, stack(0x0000001abfe00000,0x0000001abff00000)]
  0x0000020f61105800 JavaThread "C1 CompilerThread11" daemon [_thread_blocked, id=21884, stack(0x0000001abfd00000,0x0000001abfe00000)]
  0x0000020f61109800 JavaThread "C1 CompilerThread10" daemon [_thread_blocked, id=10420, stack(0x0000001abfc00000,0x0000001abfd00000)]
  0x0000020f61106800 JavaThread "C1 CompilerThread9" daemon [_thread_blocked, id=22756, stack(0x0000001abfb00000,0x0000001abfc00000)]
  0x0000020f61107000 JavaThread "C1 CompilerThread8" daemon [_thread_blocked, id=16344, stack(0x0000001abfa00000,0x0000001abfb00000)]
  0x0000020f61104000 JavaThread "C2 CompilerThread7" daemon [_thread_blocked, id=11280, stack(0x0000001abf900000,0x0000001abfa00000)]
  0x0000020f6110a000 JavaThread "C2 CompilerThread6" daemon [_thread_blocked, id=8552, stack(0x0000001abf800000,0x0000001abf900000)]
  0x0000020f61103800 JavaThread "C2 CompilerThread5" daemon [_thread_blocked, id=13852, stack(0x0000001abf700000,0x0000001abf800000)]
  0x0000020f6111f000 JavaThread "C2 CompilerThread4" daemon [_thread_blocked, id=12012, stack(0x0000001abf600000,0x0000001abf700000)]
  0x0000020f6111d000 JavaThread "C2 CompilerThread3" daemon [_thread_blocked, id=24508, stack(0x0000001abf500000,0x0000001abf600000)]
  0x0000020f6111c800 JavaThread "C2 CompilerThread2" daemon [_thread_blocked, id=22524, stack(0x0000001abf400000,0x0000001abf500000)]
  0x0000020f61114800 JavaThread "C2 CompilerThread1" daemon [_thread_blocked, id=16376, stack(0x0000001abf300000,0x0000001abf400000)]
  0x0000020f61112000 JavaThread "C2 CompilerThread0" daemon [_thread_blocked, id=13932, stack(0x0000001abf200000,0x0000001abf300000)]
  0x0000020f6110f000 JavaThread "Attach Listener" daemon [_thread_blocked, id=21404, stack(0x0000001abf100000,0x0000001abf200000)]
  0x0000020f6110d800 JavaThread "Signal Dispatcher" daemon [_thread_blocked, id=2132, stack(0x0000001abf000000,0x0000001abf100000)]
  0x0000020f610e0800 JavaThread "Finalizer" daemon [_thread_blocked, id=22100, stack(0x0000001abef00000,0x0000001abf000000)]
  0x0000020f5e3f2000 JavaThread "Reference Handler" daemon [_thread_blocked, id=4020, stack(0x0000001abee00000,0x0000001abef00000)]
  0x0000020f2744b000 JavaThread "Client thread" [_thread_blocked, id=13344, stack(0x0000001abdf00000,0x0000001abe000000)]

Other Threads:
=>0x0000020f5e3e7000 VMThread [stack: 0x0000001abed00000,0x0000001abee00000] [id=22724]

VM state:at safepoint (shutting down)

VM Mutex/Monitor currently owned by a thread:  ([mutex/lock_event])
[0x0000020f27445900] Threads_lock - owner thread: 0x0000020f5e3e7000

heap address: 0x00000003c1400000, size: 16364 MB, Compressed Oops mode: Zero based, Oop shift amount: 3
Narrow klass base: 0x0000000000000000, Narrow klass shift: 3
Compressed class space size: 1073741824 Address: 0x00000007c0000000

Heap:
 PSYoungGen      total 646656K, used 309460K [0x000000066b180000, 0x0000000698980000, 0x00000007c0000000)
  eden space 573440K, 46% used [0x000000066b180000,0x000000067b39a008,0x000000068e180000)
  from space 73216K, 61% used [0x0000000694200000,0x0000000696e1b0c8,0x0000000698980000)
  to   space 86016K, 0% used [0x000000068e180000,0x000000068e180000,0x0000000693580000)
 ParOldGen       total 416256K, used 80059K [0x00000003c1400000, 0x00000003daa80000, 0x000000066b180000)
  object space 416256K, 19% used [0x00000003c1400000,0x00000003c622eed8,0x00000003daa80000)
 Metaspace       used 31328K, capacity 31675K, committed 32128K, reserved 1077248K
  class space    used 3776K, capacity 3900K, committed 3968K, reserved 1048576K

Card table byte_map: [0x0000020f38310000,0x0000020f3a310000] byte_map_base: 0x0000020f36506000

Marking Bits: (ParMarkBitMap*) 0x00007ff8422aa3e0
 Begin Bits: [0x0000020f3b860000, 0x0000020f4b810000)
 End Bits:   [0x0000020f4b810000, 0x0000020f5b7c0000)

Polling page: 0x0000020f276d0000

CodeCache: size=245760Kb used=17799Kb max_used=18480Kb free=227961Kb
 bounds [0x0000020f28f50000, 0x0000020f2a180000, 0x0000020f37f50000]
 total_blobs=4867 nmethods=4154 adapters=621
 compilation: enabled

Compilation events (10 events):
Event: 48.732 Thread 0x0000020f61107000 nmethod 5420 0x0000020f29be3dd0 code [0x0000020f29be3f20, 0x0000020f29be4078]
Event: 48.945 Thread 0x0000020f61105800 5421  s    3       java.io.BufferedOutputStream::flush (12 bytes)
Event: 48.945 Thread 0x0000020f61105800 nmethod 5421 0x0000020f29761010 code [0x0000020f297611a0, 0x0000020f297616a0]
Event: 48.981 Thread 0x0000020f61109800 5422  s    3       java.util.Hashtable::containsKey (65 bytes)
Event: 48.982 Thread 0x0000020f61109800 nmethod 5422 0x0000020f29aa7fd0 code [0x0000020f29aa8160, 0x0000020f29aa87a0]
Event: 48.982 Thread 0x0000020f61106800 5423       3       org.apache.logging.log4j.core.helpers.NameUtil::getSubName (32 bytes)
Event: 48.982 Thread 0x0000020f61107000 5424       3       java.util.AbstractList$Itr::<init> (6 bytes)
Event: 48.982 Thread 0x0000020f61105800 5425       3       java.util.AbstractList$Itr::<init> (31 bytes)
Event: 48.982 Thread 0x0000020f61106800 nmethod 5423 0x0000020f29311e50 code [0x0000020f29311fe0, 0x0000020f29312580]
Event: 48.982 Thread 0x0000020f61107000 nmethod 5424 0x0000020f2924f310 code [0x0000020f2924f480, 0x0000020f2924f6d8]

GC Heap History (10 events):
Event: 4.727 GC heap before
{Heap before GC invocations=6 (full 2):
 PSYoungGen      total 305664K, used 262144K [0x000000066b180000, 0x0000000680680000, 0x00000007c0000000)
  eden space 262144K, 100% used [0x000000066b180000,0x000000067b180000,0x000000067b180000)
  from space 43520K, 0% used [0x000000067b180000,0x000000067b180000,0x000000067dc00000)
  to   space 43520K, 0% used [0x000000067dc00000,0x000000067dc00000,0x0000000680680000)
 ParOldGen       total 416256K, used 28367K [0x00000003c1400000, 0x00000003daa80000, 0x000000066b180000)
  object space 416256K, 6% used [0x00000003c1400000,0x00000003c2fb3f00,0x00000003daa80000)
 Metaspace       used 25319K, capacity 25523K, committed 25728K, reserved 1071104K
  class space    used 3104K, capacity 3178K, committed 3200K, reserved 1048576K
Event: 4.734 GC heap after
Heap after GC invocations=6 (full 2):
 PSYoungGen      total 305664K, used 25048K [0x000000066b180000, 0x0000000688000000, 0x00000007c0000000)
  eden space 262144K, 0% used [0x000000066b180000,0x000000066b180000,0x000000067b180000)
  from space 43520K, 57% used [0x000000067dc00000,0x000000067f476310,0x0000000680680000)
  to   space 43520K, 0% used [0x000000067b180000,0x000000067b180000,0x000000067dc00000)
 ParOldGen       total 416256K, used 28375K [0x00000003c1400000, 0x00000003daa80000, 0x000000066b180000)
  object space 416256K, 6% used [0x00000003c1400000,0x00000003c2fb5f00,0x00000003daa80000)
 Metaspace       used 25319K, capacity 25523K, committed 25728K, reserved 1071104K
  class space    used 3104K, capacity 3178K, committed 3200K, reserved 1048576K
}
Event: 6.278 GC heap before
{Heap before GC invocations=7 (full 2):
 PSYoungGen      total 305664K, used 287192K [0x000000066b180000, 0x0000000688000000, 0x00000007c0000000)
  eden space 262144K, 100% used [0x000000066b180000,0x000000067b180000,0x000000067b180000)
  from space 43520K, 57% used [0x000000067dc00000,0x000000067f476310,0x0000000680680000)
  to   space 43520K, 0% used [0x000000067b180000,0x000000067b180000,0x000000067dc00000)
 ParOldGen       total 416256K, used 28375K [0x00000003c1400000, 0x00000003daa80000, 0x000000066b180000)
  object space 416256K, 6% used [0x00000003c1400000,0x00000003c2fb5f00,0x00000003daa80000)
 Metaspace       used 25341K, capacity 25523K, committed 25728K, reserved 1071104K
  class space    used 3104K, capacity 3178K, committed 3200K, reserved 1048576K
Event: 6.300 GC heap after
Heap after GC invocations=7 (full 2):
 PSYoungGen      total 305664K, used 43493K [0x000000066b180000, 0x0000000688f00000, 0x00000007c0000000)
  eden space 262144K, 0% used [0x000000066b180000,0x000000066b180000,0x000000067b180000)
  from space 43520K, 99% used [0x000000067b180000,0x000000067dbf9720,0x000000067dc00000)
  to   space 43520K, 0% used [0x0000000686480000,0x0000000686480000,0x0000000688f00000)
 ParOldGen       total 416256K, used 47646K [0x00000003c1400000, 0x00000003daa80000, 0x000000066b180000)
  object space 416256K, 11% used [0x00000003c1400000,0x00000003c4287800,0x00000003daa80000)
 Metaspace       used 25341K, capacity 25523K, committed 25728K, reserved 1071104K
  class space    used 3104K, capacity 3178K, committed 3200K, reserved 1048576K
}
Event: 7.278 GC heap before
{Heap before GC invocations=8 (full 2):
 PSYoungGen      total 305664K, used 305637K [0x000000066b180000, 0x0000000688f00000, 0x00000007c0000000)
  eden space 262144K, 100% used [0x000000066b180000,0x000000067b180000,0x000000067b180000)
  from space 43520K, 99% used [0x000000067b180000,0x000000067dbf9720,0x000000067dc00000)
  to   space 43520K, 0% used [0x0000000686480000,0x0000000686480000,0x0000000688f00000)
 ParOldGen       total 416256K, used 47646K [0x00000003c1400000, 0x00000003daa80000, 0x000000066b180000)
  object space 416256K, 11% used [0x00000003c1400000,0x00000003c4287800,0x00000003daa80000)
 Metaspace       used 25448K, capacity 25715K, committed 25984K, reserved 1073152K
  class space    used 3104K, capacity 3178K, committed 3200K, reserved 1048576K
Event: 7.304 GC heap after
Heap after GC invocations=8 (full 2):
 PSYoungGen      total 404992K, used 43492K [0x000000066b180000, 0x000000068f800000, 0x00000007c0000000)
  eden space 361472K, 0% used [0x000000066b180000,0x000000066b180000,0x0000000681280000)
  from space 43520K, 99% used [0x0000000686480000,0x0000000688ef9278,0x0000000688f00000)
  to   space 83968K, 0% used [0x0000000681280000,0x0000000681280000,0x0000000686480000)
 ParOldGen       total 416256K, used 80043K [0x00000003c1400000, 0x00000003daa80000, 0x000000066b180000)
  object space 416256K, 19% used [0x00000003c1400000,0x00000003c622aed8,0x00000003daa80000)
 Metaspace       used 25448K, capacity 25715K, committed 25984K, reserved 1073152K
  class space    used 3104K, capacity 3178K, committed 3200K, reserved 1048576K
}
Event: 9.362 GC heap before
{Heap before GC invocations=9 (full 2):
 PSYoungGen      total 404992K, used 404960K [0x000000066b180000, 0x000000068f800000, 0x00000007c0000000)
  eden space 361472K, 99% used [0x000000066b180000,0x000000068127eea0,0x0000000681280000)
  from space 43520K, 99% used [0x0000000686480000,0x0000000688ef9278,0x0000000688f00000)
  to   space 83968K, 0% used [0x0000000681280000,0x0000000681280000,0x0000000686480000)
 ParOldGen       total 416256K, used 80043K [0x00000003c1400000, 0x00000003daa80000, 0x000000066b180000)
  object space 416256K, 19% used [0x00000003c1400000,0x00000003c622aed8,0x00000003daa80000)
 Metaspace       used 29042K, capacity 29347K, committed 29824K, reserved 1075200K
  class space    used 3554K, capacity 3638K, committed 3712K, reserved 1048576K
Event: 9.379 GC heap after
Heap after GC invocations=9 (full 2):
 PSYoungGen      total 445440K, used 61228K [0x000000066b180000, 0x0000000699980000, 0x00000007c0000000)
  eden space 361472K, 0% used [0x000000066b180000,0x000000066b180000,0x0000000681280000)
  from space 83968K, 72% used [0x0000000681280000,0x0000000684e4b330,0x0000000686480000)
  to   space 89600K, 0% used [0x0000000694200000,0x0000000694200000,0x0000000699980000)
 ParOldGen       total 416256K, used 80051K [0x00000003c1400000, 0x00000003daa80000, 0x000000066b180000)
  object space 416256K, 19% used [0x00000003c1400000,0x00000003c622ced8,0x00000003daa80000)
 Metaspace       used 29042K, capacity 29347K, committed 29824K, reserved 1075200K
  class space    used 3554K, capacity 3638K, committed 3712K, reserved 1048576K
}
Event: 10.728 GC heap before
{Heap before GC invocations=10 (full 2):
 PSYoungGen      total 445440K, used 422700K [0x000000066b180000, 0x0000000699980000, 0x00000007c0000000)
  eden space 361472K, 100% used [0x000000066b180000,0x0000000681280000,0x0000000681280000)
  from space 83968K, 72% used [0x0000000681280000,0x0000000684e4b330,0x0000000686480000)
  to   space 89600K, 0% used [0x0000000694200000,0x0000000694200000,0x0000000699980000)
 ParOldGen       total 416256K, used 80051K [0x00000003c1400000, 0x00000003daa80000, 0x000000066b180000)
  object space 416256K, 19% used [0x00000003c1400000,0x00000003c622ced8,0x00000003daa80000)
 Metaspace       used 30625K, capacity 30901K, committed 31232K, reserved 1077248K
  class space    used 3735K, capacity 3835K, committed 3840K, reserved 1048576K
Event: 10.737 GC heap after
Heap after GC invocations=10 (full 2):
 PSYoungGen      total 646656K, used 45164K [0x000000066b180000, 0x0000000698980000, 0x00000007c0000000)
  eden space 573440K, 0% used [0x000000066b180000,0x000000066b180000,0x000000068e180000)
  from space 73216K, 61% used [0x0000000694200000,0x0000000696e1b0c8,0x0000000698980000)
  to   space 86016K, 0% used [0x000000068e180000,0x000000068e180000,0x0000000693580000)
 ParOldGen       total 416256K, used 80059K [0x00000003c1400000, 0x00000003daa80000, 0x000000066b180000)
  object space 416256K, 19% used [0x00000003c1400000,0x00000003c622eed8,0x00000003daa80000)
 Metaspace       used 30625K, capacity 30901K, committed 31232K, reserved 1077248K
  class space    used 3735K, capacity 3835K, committed 3840K, reserved 1048576K
}

Deoptimization events (10 events):
Event: 48.698 Thread 0x0000020f65158000 Uncommon trap: reason=bimorphic action=maybe_recompile pc=0x0000020f297541ac method=java.util.regex.Pattern$Curly.study(Ljava/util/regex/Pattern$TreeInfo;)Z @ 31
Event: 48.699 Thread 0x0000020f65158000 Uncommon trap: reason=unstable_if action=reinterpret pc=0x0000020f295bd6e4 method=java.io.ExpiringCache.entryFor(Ljava/lang/String;)Ljava/io/ExpiringCache$Entry; @ 39
Event: 48.702 Thread 0x0000020f65158000 Uncommon trap: reason=unstable_if action=reinterpret pc=0x0000020f294b6a24 method=com.jcraft.jorbis.Block.synthesis(Lcom/jcraft/jogg/Packet;)I @ 217
Event: 48.702 Thread 0x0000020f65158000 Uncommon trap: reason=unstable_if action=reinterpret pc=0x0000020f2a0edac0 method=com.jcraft.jorbis.Residue0._2inverse(Lcom/jcraft/jorbis/Block;Ljava/lang/Object;[[FI)I @ 74
Event: 48.702 Thread 0x0000020f65158000 Uncommon trap: reason=unstable_if action=reinterpret pc=0x0000020f2a0c8264 method=com.jcraft.jorbis.Residue0._2inverse(Lcom/jcraft/jorbis/Block;Ljava/lang/Object;[[FI)I @ 177
Event: 48.702 Thread 0x0000020f65158000 Uncommon trap: reason=unstable_if action=reinterpret pc=0x0000020f297bad60 method=paulscode.sound.codecs.CodecJOrbis.readBytes()[B @ 292
Event: 48.703 Thread 0x0000020f65158000 Uncommon trap: reason=unstable_if action=reinterpret pc=0x0000020f2a151354 method=com.jcraft.jorbis.Floor1.inverse1(Lcom/jcraft/jorbis/Block;Ljava/lang/Object;Ljava/lang/Object;)Ljava/lang/Object; @ 31
Event: 48.703 Thread 0x0000020f65158000 Uncommon trap: reason=unstable_if action=reinterpret pc=0x0000020f2998531c method=com.jcraft.jorbis.Mapping0.inverse(Lcom/jcraft/jorbis/Block;Ljava/lang/Object;)I @ 214
Event: 48.980 Thread 0x0000020f2744b000 Uncommon trap: reason=unstable_if action=reinterpret pc=0x0000020f296bf1d8 method=cpw.mods.fml.relauncher.FMLSecurityManager.checkPermission(Ljava/security/Permission;)V @ 23
Event: 48.981 Thread 0x0000020f65157000 Uncommon trap: reason=unstable_if action=reinterpret pc=0x0000020f2975e344 method=java.util.Hashtable$Enumerator.nextElement()Ljava/lang/Object; @ 71

Classes redefined (0 events):
No events

Internal exceptions (10 events):
Event: 16.416 Thread 0x0000020f65158000 Exception <a 'java/lang/InterruptedException': sleep interrupted> (0x000000067205bf60) thrown at [C:\jenkins\workspace\8-2-build-windows-x64-cygwin-sans-NAS\jdk8u471\2292\hotspot\src\share\vm\prims\jvm.cpp, line 3311]
Event: 16.416 Thread 0x0000020f65151000 Exception <a 'java/lang/InterruptedException': sleep interrupted> (0x00000006720bbc80) thrown at [C:\jenkins\workspace\8-2-build-windows-x64-cygwin-sans-NAS\jdk8u471\2292\hotspot\src\share\vm\prims\jvm.cpp, line 3359]
Event: 48.697 Thread 0x0000020f65158000 Exception <a 'java/lang/InterruptedException': sleep interrupted> (0x000000067205c1b8) thrown at [C:\jenkins\workspace\8-2-build-windows-x64-cygwin-sans-NAS\jdk8u471\2292\hotspot\src\share\vm\prims\jvm.cpp, line 3359]
Event: 48.702 Thread 0x0000020f65158000 Implicit null exception at 0x0000020f294b65f2 to 0x0000020f294b6a0a
Event: 48.704 Thread 0x0000020f65158000 Exception <a 'java/lang/InterruptedException': sleep interrupted> (0x000000067acfd5b0) thrown at [C:\jenkins\workspace\8-2-build-windows-x64-cygwin-sans-NAS\jdk8u471\2292\hotspot\src\share\vm\prims\jvm.cpp, line 3311]
Event: 48.704 Thread 0x0000020f65158000 Exception <a 'java/lang/InterruptedException': sleep interrupted> (0x000000067acffbd0) thrown at [C:\jenkins\workspace\8-2-build-windows-x64-cygwin-sans-NAS\jdk8u471\2292\hotspot\src\share\vm\prims\jvm.cpp, line 3311]
Event: 48.731 Thread 0x0000020f65158000 Exception <a 'java/lang/InterruptedException': sleep interrupted> (0x000000067acffe28) thrown at [C:\jenkins\workspace\8-2-build-windows-x64-cygwin-sans-NAS\jdk8u471\2292\hotspot\src\share\vm\prims\jvm.cpp, line 3359]
Event: 48.731 Thread 0x0000020f65158000 Exception <a 'java/lang/InterruptedException': sleep interrupted> (0x000000067ad00080) thrown at [C:\jenkins\workspace\8-2-build-windows-x64-cygwin-sans-NAS\jdk8u471\2292\hotspot\src\share\vm\prims\jvm.cpp, line 3359]
Event: 48.832 Thread 0x0000020f65151000 Exception <a 'java/lang/InterruptedException': sleep interrupted> (0x000000067abb3728) thrown at [C:\jenkins\workspace\8-2-build-windows-x64-cygwin-sans-NAS\jdk8u471\2292\hotspot\src\share\vm\prims\jvm.cpp, line 3359]
Event: 48.980 Thread 0x0000020f2744b000 Exception <a 'org/lwjgl/LWJGLException': Failed to set device gamma.> (0x000000067a2a2cd8) thrown at [C:\jenkins\workspace\8-2-build-windows-x64-cygwin-sans-NAS\jdk8u471\2292\hotspot\src\share\vm\prims\jni.cpp, line 737]

Events (10 events):
Event: 48.981 Thread 0x0000020f65157000 Thread exited: 0x0000020f65157000
Event: 48.981 loading class javax/servlet/ServletContext
Event: 48.981 loading class javax/servlet/ServletContext done
Event: 48.982 Thread 0x0000020f61109800 flushing nmethod 0x0000020f29664910
Event: 48.982 Thread 0x0000020f61109800 flushing nmethod 0x0000020f29701e10
Event: 48.982 loading class javax/servlet/ServletContext
Event: 48.982 loading class javax/servlet/ServletContext done
Event: 48.982 Thread 0x0000020f6514f800 Thread exited: 0x0000020f6514f800
Event: 48.982 Thread 0x0000020f65150000 Thread exited: 0x0000020f65150000
Event: 48.982 Executing VM operation: Exit


Dynamic libraries:
0x00007ff6cb8e0000 - 0x00007ff6cb92f000 	C:\Program Files\Java\jdk-1.8\bin\java.exe
0x00007ff90b550000 - 0x00007ff90b748000 	C:\Windows\SYSTEM32\ntdll.dll
0x00007ff90a370000 - 0x00007ff90a432000 	C:\Windows\System32\KERNEL32.DLL
0x00007ff9091c0000 - 0x00007ff9094b6000 	C:\Windows\System32\KERNELBASE.dll
0x00007ff90b0f0000 - 0x00007ff90b1a1000 	C:\Windows\System32\ADVAPI32.dll
0x00007ff90a4a0000 - 0x00007ff90a53e000 	C:\Windows\System32\msvcrt.dll
0x00007ff90a5a0000 - 0x00007ff90a63f000 	C:\Windows\System32\sechost.dll
0x00007ff90a890000 - 0x00007ff90a9b0000 	C:\Windows\System32\RPCRT4.dll
0x00007ff909190000 - 0x00007ff9091b7000 	C:\Windows\System32\bcrypt.dll
0x00007ff90ae90000 - 0x00007ff90b031000 	C:\Windows\System32\USER32.dll
0x00007ff9094c0000 - 0x00007ff9094e2000 	C:\Windows\System32\win32u.dll
0x00007ff909e70000 - 0x00007ff909e9b000 	C:\Windows\System32\GDI32.dll
0x00007ff908cd0000 - 0x00007ff908de9000 	C:\Windows\System32\gdi32full.dll
0x00007ff908c30000 - 0x00007ff908ccd000 	C:\Windows\System32\msvcp_win.dll
0x00007ff908df0000 - 0x00007ff908ef0000 	C:\Windows\System32\ucrtbase.dll
0x00007ff8eebf0000 - 0x00007ff8eee8b000 	C:\Windows\WinSxS\amd64_microsoft.windows.common-controls_6595b64144ccf1df_6.0.19041.6456_none_60b8a6cb71f64256\COMCTL32.dll
0x00007ff90a7e0000 - 0x00007ff90a80f000 	C:\Windows\System32\IMM32.DLL
0x00007ff905210000 - 0x00007ff90522b000 	C:\Program Files\Java\jdk-1.8\jre\bin\vcruntime140.dll
0x00007ff905170000 - 0x00007ff90517c000 	C:\Program Files\Java\jdk-1.8\jre\bin\vcruntime140_1.dll
0x00007ff8ed4c0000 - 0x00007ff8ed54e000 	C:\Program Files\Java\jdk-1.8\jre\bin\msvcp140.dll
0x00007ff841ad0000 - 0x00007ff84237a000 	C:\Program Files\Java\jdk-1.8\jre\bin\server\jvm.dll
0x00007ff90a360000 - 0x00007ff90a368000 	C:\Windows\System32\PSAPI.DLL
0x00007ff9019b0000 - 0x00007ff9019ba000 	C:\Windows\SYSTEM32\VERSION.dll
0x00007ff905150000 - 0x00007ff905159000 	C:\Windows\SYSTEM32\WSOCK32.dll
0x00007ff900230000 - 0x00007ff900257000 	C:\Windows\SYSTEM32\WINMM.dll
0x00007ff90a640000 - 0x00007ff90a6ab000 	C:\Windows\System32\WS2_32.dll
0x00007ff907440000 - 0x00007ff907452000 	C:\Windows\SYSTEM32\kernel.appcore.dll
0x00007ff905140000 - 0x00007ff905150000 	C:\Program Files\Java\jdk-1.8\jre\bin\verify.dll
0x00007ff8ed490000 - 0x00007ff8ed4bb000 	C:\Program Files\Java\jdk-1.8\jre\bin\java.dll
0x00007ff8ed470000 - 0x00007ff8ed488000 	C:\Program Files\Java\jdk-1.8\jre\bin\zip.dll
0x00007ff909570000 - 0x00007ff909ce0000 	C:\Windows\System32\SHELL32.dll
0x00007ff9067f0000 - 0x00007ff906f95000 	C:\Windows\SYSTEM32\windows.storage.dll
0x00007ff90b1b0000 - 0x00007ff90b504000 	C:\Windows\System32\combase.dll
0x00007ff908530000 - 0x00007ff90855b000 	C:\Windows\SYSTEM32\Wldp.dll
0x00007ff909cf0000 - 0x00007ff909dbd000 	C:\Windows\System32\OLEAUT32.dll
0x00007ff909dc0000 - 0x00007ff909e6d000 	C:\Windows\System32\SHCORE.dll
0x00007ff90a440000 - 0x00007ff90a49b000 	C:\Windows\System32\shlwapi.dll
0x00007ff908b10000 - 0x00007ff908b34000 	C:\Windows\SYSTEM32\profapi.dll
0x00007ff903230000 - 0x00007ff90323d000 	C:\Program Files\Java\jdk-1.8\jre\bin\management.dll
0x00007ff8ed450000 - 0x00007ff8ed46c000 	C:\Program Files\Java\jdk-1.8\jre\bin\net.dll
0x00007ff908290000 - 0x00007ff9082fa000 	C:\Windows\system32\mswsock.dll
0x00007ff8ed430000 - 0x00007ff8ed443000 	C:\Program Files\Java\jdk-1.8\jre\bin\nio.dll
0x00007ff8dda60000 - 0x00007ff8dda77000 	C:\Windows\system32\napinsp.dll
0x00007ff8ddd20000 - 0x00007ff8ddd3b000 	C:\Windows\system32\pnrpnsp.dll
0x00007ff905290000 - 0x00007ff9052ad000 	C:\Windows\system32\wshbth.dll
0x00007ff904be0000 - 0x00007ff904bfd000 	C:\Windows\system32\NLAapi.dll
0x00007ff907f70000 - 0x00007ff907fab000 	C:\Windows\SYSTEM32\IPHLPAPI.DLL
0x00007ff907fb0000 - 0x00007ff90807a000 	C:\Windows\SYSTEM32\DNSAPI.dll
0x00007ff90ae20000 - 0x00007ff90ae28000 	C:\Windows\System32\NSI.dll
0x00007ff8dddf0000 - 0x00007ff8dde02000 	C:\Windows\System32\winrnr.dll
0x00007ff8ed600000 - 0x00007ff8ed60a000 	C:\Windows\System32\rasadhlp.dll
0x00007ff8edca0000 - 0x00007ff8edd20000 	C:\Windows\System32\fwpuclnt.dll
0x0000000180000000 - 0x0000000180051000 	C:\Users\chuck\.gradle\caches\minecraft\net\minecraft\minecraft_natives\1.7.10\lwjgl64.dll
0x00007ff8a3e50000 - 0x00007ff8a3f78000 	C:\Windows\SYSTEM32\OPENGL32.dll
0x00007ff8fd6f0000 - 0x00007ff8fd71c000 	C:\Windows\SYSTEM32\GLU32.dll
0x00007ff908490000 - 0x00007ff9084a8000 	C:\Windows\SYSTEM32\CRYPTSP.dll
0x00007ff907bb0000 - 0x00007ff907be8000 	C:\Windows\system32\rsaenh.dll
0x00007ff908ad0000 - 0x00007ff908afe000 	C:\Windows\SYSTEM32\USERENV.dll
0x00007ff908ef0000 - 0x00007ff908f72000 	C:\Windows\System32\bcryptprimitives.dll
0x00007ff908480000 - 0x00007ff90848c000 	C:\Windows\SYSTEM32\CRYPTBASE.dll
0x00007ff900b60000 - 0x00007ff900b77000 	C:\Windows\SYSTEM32\dhcpcsvc6.DLL
0x00007ff9010a0000 - 0x00007ff9010bd000 	C:\Windows\SYSTEM32\dhcpcsvc.DLL
0x00007ff8dcdf0000 - 0x00007ff8dcf6e000 	C:\Program Files\Java\jdk-1.8\jre\bin\awt.dll
0x00007ff9058f0000 - 0x00007ff905984000 	C:\Windows\SYSTEM32\apphelp.dll
0x00007ff8faf80000 - 0x00007ff8fb02e000 	C:\Windows\SYSTEM32\mscms.dll
0x00007ff8faf00000 - 0x00007ff8faf11000 	C:\Windows\SYSTEM32\ColorAdapterClient.dll
0x00007ff906120000 - 0x00007ff9061be000 	C:\Windows\system32\uxtheme.dll
0x0000020f69850000 - 0x0000020f718c3000 	C:\Program Files (x86)\ASUS\GPUTweakIII\GTIII-OSD\x64\GTIII-OSD64-VK.dll
0x00007ff90a6b0000 - 0x00007ff90a7db000 	C:\Windows\System32\ole32.dll
0x00007ff8a41f0000 - 0x00007ff8a4376000 	C:\Windows\SYSTEM32\vulkan-1.dll
0x00007ff908be0000 - 0x00007ff908c2e000 	C:\Windows\System32\CFGMGR32.dll
0x00007ff90a240000 - 0x00007ff90a355000 	C:\Windows\System32\MSCTF.dll
0x00007ff90b040000 - 0x00007ff90b0e9000 	C:\Windows\System32\clbcatq.dll
0x00007ff85c6f0000 - 0x00007ff85f044000 	C:\Windows\System32\DriverStore\FileRepository\nv_dispi.inf_amd64_20ae8f14a487d5db\nvoglv64.dll
0x00007ff90a9b0000 - 0x00007ff90ae20000 	C:\Windows\System32\SETUPAPI.dll
0x00007ff902500000 - 0x00007ff902514000 	C:\Windows\SYSTEM32\WTSAPI32.dll
0x00007ff9086c0000 - 0x00007ff9086d2000 	C:\Windows\SYSTEM32\msasn1.dll
0x00007ff901130000 - 0x00007ff901161000 	C:\Windows\SYSTEM32\cryptnet.dll
0x00007ff908f80000 - 0x00007ff9090dd000 	C:\Windows\System32\CRYPT32.dll
0x00007ff900f50000 - 0x00007ff901097000 	C:\Windows\SYSTEM32\drvstore.dll
0x00007ff9088c0000 - 0x00007ff9088f3000 	C:\Windows\SYSTEM32\devobj.dll
0x00007ff9094f0000 - 0x00007ff909563000 	C:\Windows\System32\WINTRUST.dll
0x00007ff907e00000 - 0x00007ff907e33000 	C:\Windows\SYSTEM32\ntmarta.dll
0x00007ff909ea0000 - 0x00007ff909ebd000 	C:\Windows\System32\imagehlp.dll
0x00007ff8f5490000 - 0x00007ff8f9224000 	C:\Windows\System32\DriverStore\FileRepository\nv_dispi.inf_amd64_20ae8f14a487d5db\nvgpucomp64.dll
0x00007ff8f9660000 - 0x00007ff8f969b000 	C:\Windows\SYSTEM32\dxcore.dll
0x00007ff89efc0000 - 0x00007ff89f107000 	C:\Windows\system32\nvspcap64.dll
0x00007ff906500000 - 0x00007ff90652e000 	C:\Windows\SYSTEM32\dwmapi.dll
0x00007ff8fd130000 - 0x00007ff8fd229000 	C:\Windows\SYSTEM32\textinputframework.dll
0x00007ff904c40000 - 0x00007ff904f9b000 	C:\Windows\System32\CoreUIComponents.dll
0x00007ff904fa0000 - 0x00007ff905092000 	C:\Windows\System32\CoreMessaging.dll
0x00007ff905650000 - 0x00007ff9057a7000 	C:\Windows\SYSTEM32\wintypes.dll
0x00007ff8ed390000 - 0x00007ff8ed3d5000 	C:\Windows\SYSTEM32\icm32.dll
0x00007ff908a40000 - 0x00007ff908a8b000 	C:\Windows\SYSTEM32\powrprof.dll
0x00007ff908a20000 - 0x00007ff908a32000 	C:\Windows\SYSTEM32\UMPDC.dll
0x00007ff908900000 - 0x00007ff908963000 	C:\Windows\SYSTEM32\WINSTA.dll
0x0000000070a40000 - 0x0000000070adc000 	C:\Users\chuck\.gradle\caches\minecraft\net\minecraft\minecraft_natives\1.7.10\avutil-ttv-51.dll
0x0000000065980000 - 0x00000000659d6000 	C:\Users\chuck\.gradle\caches\minecraft\net\minecraft\minecraft_natives\1.7.10\swresample-ttv-0.dll
0x000000006eb80000 - 0x000000006ec50000 	C:\Users\chuck\.gradle\caches\minecraft\net\minecraft\minecraft_natives\1.7.10\libmp3lame-ttv.dll
0x00007ff840720000 - 0x00007ff841ac4000 	C:\Users\chuck\.gradle\caches\minecraft\net\minecraft\minecraft_natives\1.7.10\libmfxsw64.dll
0x00007ff8d01c0000 - 0x00007ff8d02eb000 	C:\Users\chuck\.gradle\caches\minecraft\net\minecraft\minecraft_natives\1.7.10\twitchsdk.dll
0x00007ff8eaf50000 - 0x00007ff8eb426000 	C:\Windows\SYSTEM32\WININET.dll
0x0000020f10cd0000 - 0x0000020f18d21000 	C:\Program Files (x86)\ASUS\GPUTweakIII\GTIII-OSD\x64\GTIII-OSD64-GL.dll
0x000000006b400000 - 0x000000006b463000 	C:\Program Files (x86)\ASUS\GPUTweakIII\GTIII-OSD\x64\glew32.dll
0x0000020f18ef0000 - 0x0000020f21077000 	C:\Program Files (x86)\ASUS\GPUTweakIII\GTIII-OSD\x64\GTIII-OSD64.dll
0x00007ff903750000 - 0x00007ff903bad000 	C:\Windows\SYSTEM32\D3DCOMPILER_47.dll
0x00007ff8fd730000 - 0x00007ff8fd761000 	C:\Windows\SYSTEM32\d3d10_1.dll
0x00007ff8e7bd0000 - 0x00007ff8e7bf5000 	C:\Windows\SYSTEM32\d3d12.dll
0x00007ff8fd720000 - 0x00007ff8fd72d000 	C:\Windows\SYSTEM32\d3d10_1core.dll
0x00007ff903bb0000 - 0x00007ff903e14000 	C:\Windows\SYSTEM32\d3d11.dll
0x00007ff907460000 - 0x00007ff907556000 	C:\Windows\SYSTEM32\dxgi.dll
0x0000020f21080000 - 0x0000020f212e3000 	C:\Windows\SYSTEM32\d3dx9_43.dll
0x00007ff8d61b0000 - 0x00007ff8d6381000 	C:\Windows\SYSTEM32\d3d9.dll
0x00007ff8e7c20000 - 0x00007ff8e7ccc000 	C:\Windows\SYSTEM32\TextShaping.dll
0x0000020f213f0000 - 0x0000020f21454000 	C:\Users\chuck\.gradle\caches\minecraft\net\minecraft\minecraft_natives\1.7.10\OpenAL64.dll
0x00007ff902450000 - 0x00007ff9024d5000 	C:\Windows\System32\MMDevApi.dll
0x00007ff8773b0000 - 0x00007ff87744c000 	C:\Windows\SYSTEM32\dsound.dll
0x00007ff8eb520000 - 0x00007ff8eb546000 	C:\Windows\SYSTEM32\winmmbase.dll
0x00007ff902520000 - 0x00007ff9026a1000 	C:\Windows\SYSTEM32\AUDIOSES.DLL
0x00007ff9061f0000 - 0x00007ff906204000 	C:\Windows\SYSTEM32\resourcepolicyclient.dll
0x00007ff8ed5c0000 - 0x00007ff8ed5f4000 	C:\Program Files\Java\jdk-1.8\jre\bin\jpeg.dll
0x00007ff907060000 - 0x00007ff907261000 	C:\Windows\SYSTEM32\dbghelp.dll

VM Arguments:
jvm_args: -Dfile.encoding=UTF-8 -Duser.country=US -Duser.language=en -Duser.variant 
java_command: GradleStart
java_class_path (initial): C:\Users\chuck\.gradle\caches\minecraft\net\minecraftforge\forge\1.7.10-10.13.4.1614-1.7.10\start;C:\Users\chuck\.gradle\caches\minecraft\net\minecraftforge\forge\1.7.10-10.13.4.1614-1.7.10\forgeSrc-1.7.10-10.13.4.1614-1.7.10.jar;C:\Users\chuck\.gradle\caches\modules-2\files-2.1\net.minecraft\launchwrapper\1.12\111e7bea9c968cdb3d06ef4632bf7ff0824d0f36\launchwrapper-1.12.jar;C:\Users\chuck\.gradle\caches\modules-2\files-2.1\com.google.code.findbugs\jsr305\1.3.9\40719ea6961c0cb6afaeb6a921eaa1f6afd4cfdf\jsr305-1.3.9.jar;C:\Users\chuck\.gradle\caches\modules-2\files-2.1\org.ow2.asm\asm-debug-all\5.0.3\f9e364ae2a66ce2a543012a4668856e84e5dab74\asm-debug-all-5.0.3.jar;C:\Users\chuck\.gradle\caches\modules-2\files-2.1\com.typesafe.akka\akka-actor_2.11\2.3.3\ed62e9fc709ca0f2ff1a3220daa8b70a2870078e\akka-actor_2.11-2.3.3.jar;C:\Users\chuck\.gradle\caches\modules-2\files-2.1\com.typesafe\config\1.2.1\f771f71fdae3df231bcd54d5ca2d57f0bf93f467\config-1.2.1.jar;C:\Users\chuck\.gradle\caches\modules-2\files-2.1\org.scala-lang\scala-actors-migration_2.11\1.1.0\dfa8bc42b181d5b9f1a5dd147f8ae308b893eb6f\scala-actors-migration_2.11-1.1.0.jar;C:\Users\chuck\.gradle\caches\modules-2\files-2.1\org.scala-lang.plugins\scala-continuations-plugin_2.11.1\1.0.2\f361a3283452c57fa30c1ee69448995de23c60f7\scala-continuations-plugin_2.11.1-1.0.2.jar;C:\Users\chuck\.gradle\caches\modules-2\files-2.1\org.scala-lang\scala-compiler\2.11.1\56ea2e6c025e0821f28d73ca271218b8dd04926a\scala-compiler-2.11.1.jar;C:\Users\chuck\.gradle\caches\modules-2\files-2.1\org.scala-lang.plugins\scala-continuations-library_2.11\1.0.2\e517c53a7e9acd6b1668c5a35eccbaa3bab9aac\scala-continuations-library_2.11-1.0.2.jar;C:\Users\chuck\.gradle\caches\modules-2\files-2.1\org.scala-lang\scala-reflect\2.11.1\6580347e61cc7f8e802941e7fde40fa83b8badeb\scala-reflect-2.11.1.jar;C:\Users\chuck\.gradle\caches\modules-2\files-2.1\org.scala-lang\scala-actors\2.11.0\8ccfb6541de179bb1c4d45cf414acee069b7f78b\scala-a
Launcher Type: SUN_STANDARD

Environment Variables:
PATH=C:\Program Files\Eclipse Adoptium\jdk-8.0.462.8-hotspot\bin;C:\Program Files\Common Files\Oracle\Java\javapath;C:\Program Files (x86)\Common Files\Oracle\Java\java8path;C:\Program Files (x86)\Common Files\Oracle\Java\javapath;C:\Program Files (x86)\Razer Chroma SDK\bin;C:\Program Files\Razer Chroma SDK\bin;C:\Program Files (x86)\Razer\ChromaBroadcast\bin;C:\Program Files\Razer\ChromaBroadcast\bin;C:\Windows\system32;C:\Windows;C:\Windows\System32\Wbem;C:\Windows\System32\WindowsPowerShell\v1.0\;C:\Windows\System32\OpenSSH\;C:\Program Files (x86)\NVIDIA Corporation\PhysX\Common;C:\Windows\system32\config\systemprofile\AppData\Local\Microsoft\WindowsApps;C:\Program Files\dotnet\;C:\Program Files (x86)\Windows Live\Shared;C:\Program Files\Git\cmd;C:\Program Files\WorldPainter;C:\Program Files\NVIDIA Corporation\NVIDIA app\NvDLISR;C:\Users\chuck\AppData\Local\Microsoft\WindowsApps;;C:\Program Files\JetBrains\IntelliJ IDEA 2024.2.0.1\bin;
USERNAME=chuck
OS=Windows_NT
PROCESSOR_IDENTIFIER=Intel64 Family 6 Model 158 Stepping 13, GenuineIntel



---------------  S Y S T E M  ---------------

OS: Windows 10 , 64 bit Build 19041 (10.0.19041.5915)

CPU:total 16 (initial active 16) (8 cores per cpu, 2 threads per core) family 6 model 158 stepping 13, cmov, cx8, fxsr, mmx, sse, sse2, sse3, ssse3, sse4.1, sse4.2, popcnt, avx, avx2, aes, clmul, erms, 3dnowpref, lzcnt, ht, tsc, tscinvbit, bmi1, bmi2, adx

Memory: 4k page, physical 67022948k(50118576k free), swap 71217252k(43187752k free)

vm_info: Java HotSpot(TM) 64-Bit Server VM (25.471-b09) for windows-amd64 JRE (1.8.0_471-b09), built on Sep 26 2025 05:08:27 by "java_re" with MS VC++ 17.6 (VS2022)

time: Thu Nov 27 20:50:27 2025
timezone: Eastern Standard Time
elapsed time: 49.366325 seconds (0d 0h 0m 49s)

