#
# A fatal error has been detected by the Java Runtime Environment:
#
#  EXCEPTION_ACCESS_VIOLATION (0xc0000005) at pc=0x00007ff9801082e9, pid=4472, tid=0x0000000000005c78
#
# JRE version: Java(TM) SE Runtime Environment (8.0_471) (build 1.8.0_471-b09)
# Java VM: Java HotSpot(TM) 64-Bit Server VM (25.471-b09 mixed mode windows-amd64 compressed oops)
# Problematic frame:
# C  [nvoglv64.dll+0x8682e9]
#
# Failed to write core dump. Minidumps are not enabled by default on client versions of Windows
#
# If you would like to submit a bug report, please visit:
#   https://bugreport.java.com/bugreport/crash.jsp
#

---------------  T H R E A D  ---------------

Current thread (0x000001e5e537d000):  VMThread [stack: 0x000000aecd500000,0x000000aecd600000] [id=23672]

siginfo: ExceptionCode=0xc0000005, reading address 0x0000000000001238

Registers:
RAX=0x0000000000000000, RBX=0x000001e5eb564b30, RCX=0x0000000000000004, RDX=0x0000000000000000
RSP=0x000000aecd5fedd8, RBP=0x0000000000000000, RSI=0x0000000000000000, RDI=0x000001e5eb564b30
R8 =0x0000000000000000, R9 =0x000001e5ed53c870, R10=0x000001e5ce4a0000, R11=0x000000aecd5fede0
R12=0x000001e5c5ca0000, R13=0x000001e5c5dd3820, R14=0x0000000000000000, R15=0x0000000000000000
RIP=0x00007ff9801082e9, EFLAGS=0x0000000000010202

Top of Stack: (sp=0x000000aecd5fedd8)
0x000000aecd5fedd8:   000001e5c5cabbf1 0000000000000000
0x000000aecd5fede8:   0000000000000000 000001e5c5dd3820
0x000000aecd5fedf8:   000001e5c5ca0000 fffffffffffffffe
0x000000aecd5fee08:   00007ffa50d347b1 000001e5ed53c968
0x000000aecd5fee18:   000001e5c5ca8281 0000000000000000
0x000000aecd5fee28:   0000000000000000 0000000000000000
0x000000aecd5fee38:   000001e500000000 000001e5ed53c968
0x000000aecd5fee48:   000001e5c5ca7c71 000001e5ed53c870
0x000000aecd5fee58:   0000000000000000 000001e5e9d2d000
0x000000aecd5fee68:   00007ffa50d35ba1 000001e5c5dd3840
0x000000aecd5fee78:   000001e5c5ceac0d 0000000000000040
0x000000aecd5fee88:   00007ffa00000000 0000000000000000
0x000000aecd5fee98:   000001e5e9d2cff8 000001e5c5ca0000
0x000000aecd5feea8:   000001e5ce771e18 000001e5c5d33f4c
0x000000aecd5feeb8:   0000000000000001 0000000000000001
0x000000aecd5feec8:   000001e5c5caa083 0000000000000000 

Instructions: (pc=0x00007ff9801082e9)
0x00007ff9801082c9:   af af af af af af af c3 cc cc cc cc cc cc cc cc
0x00007ff9801082d9:   cc cc cc cc cc cc cc 65 48 8b 04 25 30 16 00 00
0x00007ff9801082e9:   ff a0 38 12 00 00 cc cc cc cc cc cc cc cc cc cc
0x00007ff9801082f9:   cc cc cc cc cc cc cc cc cc cc cc cc cc cc cc cc 


Register to memory mapping:

RAX=0x0000000000000000 is an unknown value
RBX=0x000001e5eb564b30 is an unknown value
RCX=0x0000000000000004 is an unknown value
RDX=0x0000000000000000 is an unknown value
RSP=0x000000aecd5fedd8 is an unknown value
RBP=0x0000000000000000 is an unknown value
RSI=0x0000000000000000 is an unknown value
RDI=0x000001e5eb564b30 is an unknown value
R8 =0x0000000000000000 is an unknown value
R9 =0x000001e5ed53c870 is an unknown value
R10=0x000001e5ce4a0000 is an unknown value
R11=0x000000aecd5fede0 is an unknown value
R12=0x000001e5c5ca0000 is an unknown value
R13=0x000001e5c5dd3820 is an unknown value
R14=0x0000000000000000 is an unknown value
R15=0x0000000000000000 is an unknown value


Stack: [0x000000aecd500000,0x000000aecd600000],  sp=0x000000aecd5fedd8,  free space=1019k
Native frames: (J=compiled Java code, j=interpreted, Vv=VM code, C=native code)

VM_Operation (0x000000aecc7fe380): Exit, mode: safepoint, requested by thread 0x000001e5ce4eb000


---------------  P R O C E S S  ---------------

Java Threads: ( => current thread )
  0x000001e5ecdd4800 JavaThread "AWT-Shutdown" [_thread_blocked, id=6748, stack(0x000000aecff00000,0x000000aed0000000)]
  0x000001e5ecdd1800 JavaThread "File IO Thread" [_thread_blocked, id=19684, stack(0x000000aecf500000,0x000000aecf600000)]
  0x000001e5ecdd9800 JavaThread "pool-2-thread-1" [_thread_blocked, id=12660, stack(0x000000aecfc00000,0x000000aecfd00000)]
  0x000001e5ecdd8000 JavaThread "Chunk I/O Executor Thread-1" daemon [_thread_blocked, id=6788, stack(0x000000aecfb00000,0x000000aecfc00000)]
  0x000001e5ecdd7800 JavaThread "Netty IO #1" daemon [_thread_blocked, id=18372, stack(0x000000aecfa00000,0x000000aecfb00000)]
  0x000001e5ecdd3800 JavaThread "Netty Client IO #0" daemon [_thread_blocked, id=27412, stack(0x000000aecf700000,0x000000aecf800000)]
  0x000001e5ecdd0000 JavaThread "Netty IO #0" daemon [_thread_blocked, id=13708, stack(0x000000aecf400000,0x000000aecf500000)]
  0x000001e5ef65b000 JavaThread "LWJGL Timer" daemon [_thread_blocked, id=1276, stack(0x000000aecf300000,0x000000aecf400000)]
  0x000001e5eae12000 JavaThread "Java2D Disposer" daemon [_thread_blocked, id=25204, stack(0x000000aecea00000,0x000000aeceb00000)]
  0x000001e5e9683000 JavaThread "Timer hack thread" daemon [_thread_blocked, id=14768, stack(0x000000aece900000,0x000000aecea00000)]
  0x000001e5eebd7800 JavaThread "Snooper Timer" daemon [_thread_blocked, id=25384, stack(0x000000aece800000,0x000000aece900000)]
  0x000001e5e8171000 JavaThread "Service Thread" daemon [_thread_blocked, id=12840, stack(0x000000aece600000,0x000000aece700000)]
  0x000001e5e8080800 JavaThread "C1 CompilerThread11" daemon [_thread_blocked, id=13636, stack(0x000000aece500000,0x000000aece600000)]
  0x000001e5e807f800 JavaThread "C1 CompilerThread10" daemon [_thread_blocked, id=25468, stack(0x000000aece400000,0x000000aece500000)]
  0x000001e5e8081000 JavaThread "C1 CompilerThread9" daemon [_thread_blocked, id=15080, stack(0x000000aece300000,0x000000aece400000)]
  0x000001e5e8083800 JavaThread "C1 CompilerThread8" daemon [_thread_blocked, id=15868, stack(0x000000aece200000,0x000000aece300000)]
  0x000001e5e8085800 JavaThread "C2 CompilerThread7" daemon [_thread_blocked, id=26804, stack(0x000000aece100000,0x000000aece200000)]
  0x000001e5e8085000 JavaThread "C2 CompilerThread6" daemon [_thread_blocked, id=25548, stack(0x000000aece000000,0x000000aece100000)]
  0x000001e5e807f000 JavaThread "C2 CompilerThread5" daemon [_thread_blocked, id=4824, stack(0x000000aecdf00000,0x000000aece000000)]
  0x000001e5e80a0000 JavaThread "C2 CompilerThread4" daemon [_thread_blocked, id=24952, stack(0x000000aecde00000,0x000000aecdf00000)]
  0x000001e5e8097800 JavaThread "C2 CompilerThread3" daemon [_thread_blocked, id=12352, stack(0x000000aecdd00000,0x000000aecde00000)]
  0x000001e5e8096800 JavaThread "C2 CompilerThread2" daemon [_thread_blocked, id=12960, stack(0x000000aecdc00000,0x000000aecdd00000)]
  0x000001e5e808e000 JavaThread "C2 CompilerThread1" daemon [_thread_blocked, id=27444, stack(0x000000aecdb00000,0x000000aecdc00000)]
  0x000001e5e808b800 JavaThread "C2 CompilerThread0" daemon [_thread_blocked, id=19280, stack(0x000000aecda00000,0x000000aecdb00000)]
  0x000001e5e8088800 JavaThread "Attach Listener" daemon [_thread_blocked, id=22692, stack(0x000000aecd900000,0x000000aecda00000)]
  0x000001e5e8087000 JavaThread "Signal Dispatcher" daemon [_thread_blocked, id=22836, stack(0x000000aecd800000,0x000000aecd900000)]
  0x000001e5e8060800 JavaThread "Finalizer" daemon [_thread_blocked, id=10900, stack(0x000000aecd700000,0x000000aecd800000)]
  0x000001e5e538a800 JavaThread "Reference Handler" daemon [_thread_blocked, id=26136, stack(0x000000aecd600000,0x000000aecd700000)]
  0x000001e5ce4eb000 JavaThread "Client thread" [_thread_blocked, id=14764, stack(0x000000aecc700000,0x000000aecc800000)]

Other Threads:
=>0x000001e5e537d000 VMThread [stack: 0x000000aecd500000,0x000000aecd600000] [id=23672]

VM state:at safepoint (shutting down)

VM Mutex/Monitor currently owned by a thread:  ([mutex/lock_event])
[0x000001e5ce4e4bb0] Threads_lock - owner thread: 0x000001e5e537d000

heap address: 0x00000003c1400000, size: 16364 MB, Compressed Oops mode: Zero based, Oop shift amount: 3
Narrow klass base: 0x0000000000000000, Narrow klass shift: 3
Compressed class space size: 1073741824 Address: 0x00000007c0000000

Heap:
 PSYoungGen      total 678400K, used 361649K [0x000000066b180000, 0x00000006ad480000, 0x00000007c0000000)
  eden space 592896K, 53% used [0x000000066b180000,0x000000067e5df660,0x000000068f480000)
  from space 85504K, 53% used [0x0000000694680000,0x000000069734d0c0,0x0000000699a00000)
  to   space 83968K, 0% used [0x000000068f480000,0x000000068f480000,0x0000000694680000)
 ParOldGen       total 414208K, used 112947K [0x00000003c1400000, 0x00000003da880000, 0x000000066b180000)
  object space 414208K, 27% used [0x00000003c1400000,0x00000003c824cd60,0x00000003da880000)
 Metaspace       used 43990K, capacity 44495K, committed 44928K, reserved 1089536K
  class space    used 5087K, capacity 5226K, committed 5248K, reserved 1048576K

Card table byte_map: [0x000001e5df310000,0x000001e5e1310000] byte_map_base: 0x000001e5dd506000

Marking Bits: (ParMarkBitMap*) 0x00007ff9788ba3e0
 Begin Bits: [0x000001e580000000, 0x000001e58ffb0000)
 End Bits:   [0x000001e58ffb0000, 0x000001e59ff60000)

Polling page: 0x000001e5ce490000

CodeCache: size=245760Kb used=32685Kb max_used=32916Kb free=213074Kb
 bounds [0x000001e5cff50000, 0x000001e5d1ff0000, 0x000001e5def50000]
 total_blobs=8075 nmethods=7201 adapters=782
 compilation: enabled

Compilation events (10 events):
Event: 27.306 Thread 0x000001e5e808e000 9694       4       net.minecraft.util.RegistryNamespaced::getObject (9 bytes)
Event: 27.307 Thread 0x000001e5e8096800 nmethod 9689 0x000001e5d1919c90 code [0x000001e5d1919de0, 0x000001e5d191a0f8]
Event: 27.309 Thread 0x000001e5e8083800 9695       3       java.lang.Integer::highestOneBit (38 bytes)
Event: 27.310 Thread 0x000001e5e8083800 nmethod 9695 0x000001e5d12029d0 code [0x000001e5d1202b20, 0x000001e5d1202c98]
Event: 27.312 Thread 0x000001e5e8085800 nmethod 9691 0x000001e5d1736e90 code [0x000001e5d1737060, 0x000001e5d1737a28]
Event: 27.316 Thread 0x000001e5e808e000 nmethod 9694 0x000001e5d163e4d0 code [0x000001e5d163e660, 0x000001e5d163f298]
Event: 27.350 Thread 0x000001e5e8081000 9696       3       org.apache.logging.log4j.core.helpers.NameUtil::getSubName (32 bytes)
Event: 27.350 Thread 0x000001e5e8083800 9697       1       org.apache.logging.log4j.core.config.LoggerConfig::getLevel (5 bytes)
Event: 27.350 Thread 0x000001e5e8083800 nmethod 9697 0x000001e5d19199d0 code [0x000001e5d1919b20, 0x000001e5d1919c38]
Event: 27.351 Thread 0x000001e5e8081000 nmethod 9696 0x000001e5d15519d0 code [0x000001e5d1551b60, 0x000001e5d1552100]

GC Heap History (10 events):
Event: 13.498 GC heap before
{Heap before GC invocations=13 (full 3):
 PSYoungGen      total 614912K, used 0K [0x000000066b180000, 0x0000000699000000, 0x00000007c0000000)
  eden space 591360K, 0% used [0x000000066b180000,0x000000066b180000,0x000000068f300000)
  from space 23552K, 0% used [0x000000068f300000,0x000000068f300000,0x0000000690a00000)
  to   space 80384K, 0% used [0x0000000694180000,0x0000000694180000,0x0000000699000000)
 ParOldGen       total 414208K, used 62830K [0x00000003c1400000, 0x00000003da880000, 0x000000066b180000)
  object space 414208K, 15% used [0x00000003c1400000,0x00000003c515ba70,0x00000003da880000)
 Metaspace       used 31169K, capacity 31413K, committed 31616K, reserved 1077248K
  class space    used 3786K, capacity 3899K, committed 3968K, reserved 1048576K
Event: 13.498 GC heap after
Heap after GC invocations=13 (full 3):
 PSYoungGen      total 669696K, used 0K [0x000000066b180000, 0x0000000699400000, 0x00000007c0000000)
  eden space 589312K, 0% used [0x000000066b180000,0x000000066b180000,0x000000068f100000)
  from space 80384K, 0% used [0x0000000694180000,0x0000000694180000,0x0000000699000000)
  to   space 82432K, 0% used [0x000000068f100000,0x000000068f100000,0x0000000694180000)
 ParOldGen       total 414208K, used 62830K [0x00000003c1400000, 0x00000003da880000, 0x000000066b180000)
  object space 414208K, 15% used [0x00000003c1400000,0x00000003c515ba70,0x00000003da880000)
 Metaspace       used 31169K, capacity 31413K, committed 31616K, reserved 1077248K
  class space    used 3786K, capacity 3899K, committed 3968K, reserved 1048576K
}
Event: 13.498 GC heap before
{Heap before GC invocations=14 (full 4):
 PSYoungGen      total 669696K, used 0K [0x000000066b180000, 0x0000000699400000, 0x00000007c0000000)
  eden space 589312K, 0% used [0x000000066b180000,0x000000066b180000,0x000000068f100000)
  from space 80384K, 0% used [0x0000000694180000,0x0000000694180000,0x0000000699000000)
  to   space 82432K, 0% used [0x000000068f100000,0x000000068f100000,0x0000000694180000)
 ParOldGen       total 414208K, used 62830K [0x00000003c1400000, 0x00000003da880000, 0x000000066b180000)
  object space 414208K, 15% used [0x00000003c1400000,0x00000003c515ba70,0x00000003da880000)
 Metaspace       used 31169K, capacity 31413K, committed 31616K, reserved 1077248K
  class space    used 3786K, capacity 3899K, committed 3968K, reserved 1048576K
Event: 13.518 GC heap after
Heap after GC invocations=14 (full 4):
 PSYoungGen      total 669696K, used 0K [0x000000066b180000, 0x0000000699400000, 0x00000007c0000000)
  eden space 589312K, 0% used [0x000000066b180000,0x000000066b180000,0x000000068f100000)
  from space 80384K, 0% used [0x0000000694180000,0x0000000694180000,0x0000000699000000)
  to   space 82432K, 0% used [0x000000068f100000,0x000000068f100000,0x0000000694180000)
 ParOldGen       total 414208K, used 62830K [0x00000003c1400000, 0x00000003da880000, 0x000000066b180000)
  object space 414208K, 15% used [0x00000003c1400000,0x00000003c515ba70,0x00000003da880000)
 Metaspace       used 31169K, capacity 31413K, committed 31616K, reserved 1077248K
  class space    used 3786K, capacity 3899K, committed 3968K, reserved 1048576K
}
Event: 14.862 GC heap before
{Heap before GC invocations=15 (full 4):
 PSYoungGen      total 669696K, used 370302K [0x000000066b180000, 0x0000000699400000, 0x00000007c0000000)
  eden space 589312K, 62% used [0x000000066b180000,0x0000000681b1f9e8,0x000000068f100000)
  from space 80384K, 0% used [0x0000000694180000,0x0000000694180000,0x0000000699000000)
  to   space 82432K, 0% used [0x000000068f100000,0x000000068f100000,0x0000000694180000)
 ParOldGen       total 414208K, used 62830K [0x00000003c1400000, 0x00000003da880000, 0x000000066b180000)
  object space 414208K, 15% used [0x00000003c1400000,0x00000003c515ba70,0x00000003da880000)
 Metaspace       used 36328K, capacity 36689K, committed 37120K, reserved 1081344K
  class space    used 4366K, capacity 4517K, committed 4608K, reserved 1048576K
Event: 14.872 GC heap after
Heap after GC invocations=15 (full 4):
 PSYoungGen      total 671744K, used 54431K [0x000000066b180000, 0x0000000699a00000, 0x00000007c0000000)
  eden space 589312K, 0% used [0x000000066b180000,0x000000066b180000,0x000000068f100000)
  from space 82432K, 66% used [0x000000068f100000,0x0000000692627c10,0x0000000694180000)
  to   space 85504K, 0% used [0x0000000694680000,0x0000000694680000,0x0000000699a00000)
 ParOldGen       total 414208K, used 62838K [0x00000003c1400000, 0x00000003da880000, 0x000000066b180000)
  object space 414208K, 15% used [0x00000003c1400000,0x00000003c515da70,0x00000003da880000)
 Metaspace       used 36328K, capacity 36689K, committed 37120K, reserved 1081344K
  class space    used 4366K, capacity 4517K, committed 4608K, reserved 1048576K
}
Event: 14.872 GC heap before
{Heap before GC invocations=16 (full 5):
 PSYoungGen      total 671744K, used 54431K [0x000000066b180000, 0x0000000699a00000, 0x00000007c0000000)
  eden space 589312K, 0% used [0x000000066b180000,0x000000066b180000,0x000000068f100000)
  from space 82432K, 66% used [0x000000068f100000,0x0000000692627c10,0x0000000694180000)
  to   space 85504K, 0% used [0x0000000694680000,0x0000000694680000,0x0000000699a00000)
 ParOldGen       total 414208K, used 62838K [0x00000003c1400000, 0x00000003da880000, 0x000000066b180000)
  object space 414208K, 15% used [0x00000003c1400000,0x00000003c515da70,0x00000003da880000)
 Metaspace       used 36328K, capacity 36689K, committed 37120K, reserved 1081344K
  class space    used 4366K, capacity 4517K, committed 4608K, reserved 1048576K
Event: 14.962 GC heap after
Heap after GC invocations=16 (full 5):
 PSYoungGen      total 671744K, used 0K [0x000000066b180000, 0x0000000699a00000, 0x00000007c0000000)
  eden space 589312K, 0% used [0x000000066b180000,0x000000066b180000,0x000000068f100000)
  from space 82432K, 0% used [0x000000068f100000,0x000000068f100000,0x0000000694180000)
  to   space 85504K, 0% used [0x0000000694680000,0x0000000694680000,0x0000000699a00000)
 ParOldGen       total 414208K, used 112931K [0x00000003c1400000, 0x00000003da880000, 0x000000066b180000)
  object space 414208K, 27% used [0x00000003c1400000,0x00000003c8248d60,0x00000003da880000)
 Metaspace       used 36328K, capacity 36689K, committed 37120K, reserved 1081344K
  class space    used 4366K, capacity 4517K, committed 4608K, reserved 1048576K
}
Event: 21.602 GC heap before
{Heap before GC invocations=17 (full 5):
 PSYoungGen      total 671744K, used 589312K [0x000000066b180000, 0x0000000699a00000, 0x00000007c0000000)
  eden space 589312K, 100% used [0x000000066b180000,0x000000068f100000,0x000000068f100000)
  from space 82432K, 0% used [0x000000068f100000,0x000000068f100000,0x0000000694180000)
  to   space 85504K, 0% used [0x0000000694680000,0x0000000694680000,0x0000000699a00000)
 ParOldGen       total 414208K, used 112931K [0x00000003c1400000, 0x00000003da880000, 0x000000066b180000)
  object space 414208K, 27% used [0x00000003c1400000,0x00000003c8248d60,0x00000003da880000)
 Metaspace       used 43669K, capacity 44201K, committed 44672K, reserved 1089536K
  class space    used 5071K, capacity 5193K, committed 5248K, reserved 1048576K
Event: 21.609 GC heap after
Heap after GC invocations=17 (full 5):
 PSYoungGen      total 678400K, used 45876K [0x000000066b180000, 0x00000006ad480000, 0x00000007c0000000)
  eden space 592896K, 0% used [0x000000066b180000,0x000000066b180000,0x000000068f480000)
  from space 85504K, 53% used [0x0000000694680000,0x000000069734d0c0,0x0000000699a00000)
  to   space 83968K, 0% used [0x000000068f480000,0x000000068f480000,0x0000000694680000)
 ParOldGen       total 414208K, used 112947K [0x00000003c1400000, 0x00000003da880000, 0x000000066b180000)
  object space 414208K, 27% used [0x00000003c1400000,0x00000003c824cd60,0x00000003da880000)
 Metaspace       used 43669K, capacity 44201K, committed 44672K, reserved 1089536K
  class space    used 5071K, capacity 5193K, committed 5248K, reserved 1048576K
}

Deoptimization events (10 events):
Event: 27.095 Thread 0x000001e5ecdcf000 Uncommon trap: reason=bimorphic action=maybe_recompile pc=0x000001e5d0915984 method=java.io.DataOutputStream.writeShort(I)V @ 12
Event: 27.095 Thread 0x000001e5ecdcf000 Uncommon trap: reason=bimorphic action=maybe_recompile pc=0x000001e5d0915984 method=java.io.DataOutputStream.writeShort(I)V @ 12
Event: 27.131 Thread 0x000001e5ecdd3800 Uncommon trap: reason=unstable_if action=reinterpret pc=0x000001e5d0ddf2d4 method=io.netty.channel.local.LocalChannel.isActive()Z @ 5
Event: 27.131 Thread 0x000001e5ecdd3800 Uncommon trap: reason=unstable_if action=reinterpret pc=0x000001e5d0b5d514 method=io.netty.channel.local.LocalChannel.isOpen()Z @ 5
Event: 27.155 Thread 0x000001e5ecdcf000 Uncommon trap: reason=class_check action=maybe_recompile pc=0x000001e5d09b1514 method=java.util.concurrent.ConcurrentHashMap.putVal(Ljava/lang/Object;Ljava/lang/Object;Z)Ljava/lang/Object; @ 192
Event: 27.155 Thread 0x000001e5ecdcf000 Uncommon trap: reason=class_check action=maybe_recompile pc=0x000001e5d09b1514 method=java.util.concurrent.ConcurrentHashMap.putVal(Ljava/lang/Object;Ljava/lang/Object;Z)Ljava/lang/Object; @ 192
Event: 27.155 Thread 0x000001e5ecdcf000 Uncommon trap: reason=class_check action=maybe_recompile pc=0x000001e5d09b1514 method=java.util.concurrent.ConcurrentHashMap.putVal(Ljava/lang/Object;Ljava/lang/Object;Z)Ljava/lang/Object; @ 192
Event: 27.155 Thread 0x000001e5ecdcf000 Uncommon trap: reason=class_check action=maybe_recompile pc=0x000001e5d09b1514 method=java.util.concurrent.ConcurrentHashMap.putVal(Ljava/lang/Object;Ljava/lang/Object;Z)Ljava/lang/Object; @ 192
Event: 27.307 Thread 0x000001e5ecdcf000 Uncommon trap: reason=class_check action=maybe_recompile pc=0x000001e5d0566684 method=cpw.mods.fml.common.asm.transformers.deobf.FMLDeobfuscatingRemapper.map(Ljava/lang/String;)Ljava/lang/String; @ 11
Event: 27.348 Thread 0x000001e5ce4eb000 Uncommon trap: reason=unstable_if action=reinterpret pc=0x000001e5d0694218 method=cpw.mods.fml.relauncher.FMLSecurityManager.checkPermission(Ljava/security/Permission;)V @ 23

Classes redefined (0 events):
No events

Internal exceptions (10 events):
Event: 26.913 Thread 0x000001e5ecdcd800 Exception <a 'java/lang/InterruptedException': sleep interrupted> (0x000000066bd8d000) thrown at [C:\jenkins\workspace\8-2-build-windows-x64-cygwin-sans-NAS\jdk8u471\2292\hotspot\src\share\vm\prims\jvm.cpp, line 3359]
Event: 26.922 Thread 0x000001e5ecdcd800 Exception <a 'java/lang/InterruptedException': sleep interrupted> (0x000000066bd8d2a8) thrown at [C:\jenkins\workspace\8-2-build-windows-x64-cygwin-sans-NAS\jdk8u471\2292\hotspot\src\share\vm\prims\jvm.cpp, line 3359]
Event: 26.930 Thread 0x000001e5ecdcd800 Exception <a 'java/lang/InterruptedException': sleep interrupted> (0x000000066bd8d550) thrown at [C:\jenkins\workspace\8-2-build-windows-x64-cygwin-sans-NAS\jdk8u471\2292\hotspot\src\share\vm\prims\jvm.cpp, line 3359]
Event: 26.939 Thread 0x000001e5ecdcd800 Exception <a 'java/lang/InterruptedException': sleep interrupted> (0x000000066bd8d7f8) thrown at [C:\jenkins\workspace\8-2-build-windows-x64-cygwin-sans-NAS\jdk8u471\2292\hotspot\src\share\vm\prims\jvm.cpp, line 3359]
Event: 26.947 Thread 0x000001e5ecdcd800 Exception <a 'java/lang/InterruptedException': sleep interrupted> (0x000000066bd8daa0) thrown at [C:\jenkins\workspace\8-2-build-windows-x64-cygwin-sans-NAS\jdk8u471\2292\hotspot\src\share\vm\prims\jvm.cpp, line 3359]
Event: 27.015 Thread 0x000001e5ecdcd800 Exception <a 'java/lang/InterruptedException': sleep interrupted> (0x000000066bd8dd48) thrown at [C:\jenkins\workspace\8-2-build-windows-x64-cygwin-sans-NAS\jdk8u471\2292\hotspot\src\share\vm\prims\jvm.cpp, line 3359]
Event: 27.105 Thread 0x000001e5ecdcd800 Exception <a 'java/lang/InterruptedException': sleep interrupted> (0x000000066bd8dff0) thrown at [C:\jenkins\workspace\8-2-build-windows-x64-cygwin-sans-NAS\jdk8u471\2292\hotspot\src\share\vm\prims\jvm.cpp, line 3359]
Event: 27.105 Thread 0x000001e5ecdcd800 Exception <a 'java/lang/InterruptedException': sleep interrupted> (0x000000066bd8e248) thrown at [C:\jenkins\workspace\8-2-build-windows-x64-cygwin-sans-NAS\jdk8u471\2292\hotspot\src\share\vm\prims\jvm.cpp, line 3359]
Event: 27.205 Thread 0x000001e5ecdd9000 Exception <a 'java/lang/InterruptedException': sleep interrupted> (0x000000067c9d1938) thrown at [C:\jenkins\workspace\8-2-build-windows-x64-cygwin-sans-NAS\jdk8u471\2292\hotspot\src\share\vm\prims\jvm.cpp, line 3359]
Event: 27.348 Thread 0x000001e5ce4eb000 Exception <a 'org/lwjgl/LWJGLException': Failed to set device gamma.> (0x000000067ccf2ac0) thrown at [C:\jenkins\workspace\8-2-build-windows-x64-cygwin-sans-NAS\jdk8u471\2292\hotspot\src\share\vm\prims\jni.cpp, line 737]

Events (10 events):
Event: 27.350 loading class javax/servlet/ServletContext done
Event: 27.350 loading class javax/servlet/ServletContext
Event: 27.350 loading class javax/servlet/ServletContext done
Event: 27.351 Thread 0x000001e5ecddc800 Thread exited: 0x000001e5ecddc800
Event: 27.351 Thread 0x000001e5ecdcf000 Thread exited: 0x000001e5ecdcf000
Event: 27.351 Executing VM operation: RevokeBias
Event: 27.351 Executing VM operation: RevokeBias done
Event: 27.351 Thread 0x000001e5e8082800 Thread exited: 0x000001e5e8082800
Event: 27.451 Thread 0x000001e5ecdd9000 Thread exited: 0x000001e5ecdd9000
Event: 27.451 Executing VM operation: Exit


Dynamic libraries:
0x00007ff6c70d0000 - 0x00007ff6c711f000 	C:\Program Files\Java\jdk-1.8\bin\java.exe
0x00007ffa50d10000 - 0x00007ffa50f08000 	C:\Windows\SYSTEM32\ntdll.dll
0x00007ffa50ab0000 - 0x00007ffa50b72000 	C:\Windows\System32\KERNEL32.DLL
0x00007ffa4e810000 - 0x00007ffa4eb06000 	C:\Windows\System32\KERNELBASE.dll
0x00007ffa4ef10000 - 0x00007ffa4efc1000 	C:\Windows\System32\ADVAPI32.dll
0x00007ffa4f170000 - 0x00007ffa4f20e000 	C:\Windows\System32\msvcrt.dll
0x00007ffa500a0000 - 0x00007ffa5013f000 	C:\Windows\System32\sechost.dll
0x00007ffa50b80000 - 0x00007ffa50ca0000 	C:\Windows\System32\RPCRT4.dll
0x00007ffa4ed00000 - 0x00007ffa4ed27000 	C:\Windows\System32\bcrypt.dll
0x00007ffa4ed50000 - 0x00007ffa4eef1000 	C:\Windows\System32\USER32.dll
0x00007ffa4e7e0000 - 0x00007ffa4e802000 	C:\Windows\System32\win32u.dll
0x00007ffa501b0000 - 0x00007ffa501db000 	C:\Windows\System32\GDI32.dll
0x00007ffa4ebe0000 - 0x00007ffa4ecf9000 	C:\Windows\System32\gdi32full.dll
0x00007ffa4e740000 - 0x00007ffa4e7dd000 	C:\Windows\System32\msvcp_win.dll
0x00007ffa4e500000 - 0x00007ffa4e600000 	C:\Windows\System32\ucrtbase.dll
0x00007ffa34480000 - 0x00007ffa3471b000 	C:\Windows\WinSxS\amd64_microsoft.windows.common-controls_6595b64144ccf1df_6.0.19041.6456_none_60b8a6cb71f64256\COMCTL32.dll
0x00007ffa50ca0000 - 0x00007ffa50ccf000 	C:\Windows\System32\IMM32.DLL
0x00007ffa48780000 - 0x00007ffa4879b000 	C:\Program Files\Java\jdk-1.8\jre\bin\vcruntime140.dll
0x00007ffa48770000 - 0x00007ffa4877c000 	C:\Program Files\Java\jdk-1.8\jre\bin\vcruntime140_1.dll
0x00007ffa32bc0000 - 0x00007ffa32c4e000 	C:\Program Files\Java\jdk-1.8\jre\bin\msvcp140.dll
0x00007ff9780e0000 - 0x00007ff97898a000 	C:\Program Files\Java\jdk-1.8\jre\bin\server\jvm.dll
0x00007ffa50aa0000 - 0x00007ffa50aa8000 	C:\Windows\System32\PSAPI.DLL
0x00007ffa48740000 - 0x00007ffa48749000 	C:\Windows\SYSTEM32\WSOCK32.dll
0x00007ffa4efd0000 - 0x00007ffa4f03b000 	C:\Windows\System32\WS2_32.dll
0x00007ffa44fc0000 - 0x00007ffa44fe7000 	C:\Windows\SYSTEM32\WINMM.dll
0x00007ffa470c0000 - 0x00007ffa470ca000 	C:\Windows\SYSTEM32\VERSION.dll
0x00007ffa4ce20000 - 0x00007ffa4ce32000 	C:\Windows\SYSTEM32\kernel.appcore.dll
0x00007ffa48730000 - 0x00007ffa48740000 	C:\Program Files\Java\jdk-1.8\jre\bin\verify.dll
0x00007ffa32b90000 - 0x00007ffa32bbb000 	C:\Program Files\Java\jdk-1.8\jre\bin\java.dll
0x00007ffa32b70000 - 0x00007ffa32b88000 	C:\Program Files\Java\jdk-1.8\jre\bin\zip.dll
0x00007ffa4f930000 - 0x00007ffa500a0000 	C:\Windows\System32\SHELL32.dll
0x00007ffa4bfb0000 - 0x00007ffa4c755000 	C:\Windows\SYSTEM32\windows.storage.dll
0x00007ffa4f420000 - 0x00007ffa4f774000 	C:\Windows\System32\combase.dll
0x00007ffa4dcf0000 - 0x00007ffa4dd1b000 	C:\Windows\SYSTEM32\Wldp.dll
0x00007ffa4f040000 - 0x00007ffa4f10d000 	C:\Windows\System32\OLEAUT32.dll
0x00007ffa509f0000 - 0x00007ffa50a9d000 	C:\Windows\System32\SHCORE.dll
0x00007ffa508b0000 - 0x00007ffa5090b000 	C:\Windows\System32\shlwapi.dll
0x00007ffa4e2d0000 - 0x00007ffa4e2f4000 	C:\Windows\SYSTEM32\profapi.dll
0x00007ffa48720000 - 0x00007ffa4872d000 	C:\Program Files\Java\jdk-1.8\jre\bin\management.dll
0x00007ffa32310000 - 0x00007ffa3232c000 	C:\Program Files\Java\jdk-1.8\jre\bin\net.dll
0x00007ffa4da50000 - 0x00007ffa4daba000 	C:\Windows\system32\mswsock.dll
0x00007ffa322f0000 - 0x00007ffa32303000 	C:\Program Files\Java\jdk-1.8\jre\bin\nio.dll
0x00007ffa243a0000 - 0x00007ffa243b7000 	C:\Windows\system32\napinsp.dll
0x00007ffa243c0000 - 0x00007ffa243db000 	C:\Windows\system32\pnrpnsp.dll
0x00007ffa4abd0000 - 0x00007ffa4abed000 	C:\Windows\system32\wshbth.dll
0x00007ffa4a280000 - 0x00007ffa4a29d000 	C:\Windows\system32\NLAapi.dll
0x00007ffa4d730000 - 0x00007ffa4d76b000 	C:\Windows\SYSTEM32\IPHLPAPI.DLL
0x00007ffa4d770000 - 0x00007ffa4d83a000 	C:\Windows\SYSTEM32\DNSAPI.dll
0x00007ffa4ef00000 - 0x00007ffa4ef08000 	C:\Windows\System32\NSI.dll
0x00007ffa24430000 - 0x00007ffa24442000 	C:\Windows\System32\winrnr.dll
0x00007ffa32e80000 - 0x00007ffa32e8a000 	C:\Windows\System32\rasadhlp.dll
0x00007ffa330f0000 - 0x00007ffa33170000 	C:\Windows\System32\fwpuclnt.dll
0x0000000180000000 - 0x0000000180051000 	C:\Users\chuck\.gradle\caches\minecraft\net\minecraft\minecraft_natives\1.7.10\lwjgl64.dll
0x00007ff9d1920000 - 0x00007ff9d1a48000 	C:\Windows\SYSTEM32\OPENGL32.dll
0x00007ff9d2950000 - 0x00007ff9d297c000 	C:\Windows\SYSTEM32\GLU32.dll
0x00007ffa4dc50000 - 0x00007ffa4dc68000 	C:\Windows\SYSTEM32\CRYPTSP.dll
0x00007ffa4d370000 - 0x00007ffa4d3a8000 	C:\Windows\system32\rsaenh.dll
0x00007ffa4e250000 - 0x00007ffa4e27e000 	C:\Windows\SYSTEM32\USERENV.dll
0x00007ffa4e600000 - 0x00007ffa4e682000 	C:\Windows\System32\bcryptprimitives.dll
0x00007ffa4dc40000 - 0x00007ffa4dc4c000 	C:\Windows\SYSTEM32\CRYPTBASE.dll
0x00007ffa464c0000 - 0x00007ffa464d7000 	C:\Windows\SYSTEM32\dhcpcsvc6.DLL
0x00007ffa46cf0000 - 0x00007ffa46d0d000 	C:\Windows\SYSTEM32\dhcpcsvc.DLL
0x00007ff9b6ae0000 - 0x00007ff9b6c5e000 	C:\Program Files\Java\jdk-1.8\jre\bin\awt.dll
0x00007ffa4aa90000 - 0x00007ffa4ab24000 	C:\Windows\SYSTEM32\apphelp.dll
0x00007ffa40890000 - 0x00007ffa4093e000 	C:\Windows\SYSTEM32\mscms.dll
0x00007ffa40870000 - 0x00007ffa40881000 	C:\Windows\SYSTEM32\ColorAdapterClient.dll
0x00007ffa4b8e0000 - 0x00007ffa4b97e000 	C:\Windows\system32\uxtheme.dll
0x000001e5f0430000 - 0x000001e5f84a3000 	C:\Program Files (x86)\ASUS\GPUTweakIII\GTIII-OSD\x64\GTIII-OSD64-VK.dll
0x00007ffa4f290000 - 0x00007ffa4f3bb000 	C:\Windows\System32\ole32.dll
0x00007ff9d2230000 - 0x00007ff9d23b6000 	C:\Windows\SYSTEM32\vulkan-1.dll
0x00007ffa4eb90000 - 0x00007ffa4ebde000 	C:\Windows\System32\CFGMGR32.dll
0x00007ffa501e0000 - 0x00007ffa502f5000 	C:\Windows\System32\MSCTF.dll
0x00007ffa50300000 - 0x00007ffa503a9000 	C:\Windows\System32\clbcatq.dll
0x00007ff97f8a0000 - 0x00007ff9821f4000 	C:\Windows\System32\DriverStore\FileRepository\nv_dispi.inf_amd64_20ae8f14a487d5db\nvoglv64.dll
0x00007ffa50440000 - 0x00007ffa508b0000 	C:\Windows\System32\SETUPAPI.dll
0x00007ffa47f40000 - 0x00007ffa47f54000 	C:\Windows\SYSTEM32\WTSAPI32.dll
0x00007ffa4de80000 - 0x00007ffa4de92000 	C:\Windows\SYSTEM32\msasn1.dll
0x00007ffa47080000 - 0x00007ffa470b1000 	C:\Windows\SYSTEM32\cryptnet.dll
0x00007ffa4e3a0000 - 0x00007ffa4e4fd000 	C:\Windows\System32\CRYPT32.dll
0x00007ffa46e90000 - 0x00007ffa46fd7000 	C:\Windows\SYSTEM32\drvstore.dll
0x00007ffa4e070000 - 0x00007ffa4e0a3000 	C:\Windows\SYSTEM32\devobj.dll
0x00007ffa4eb10000 - 0x00007ffa4eb83000 	C:\Windows\System32\WINTRUST.dll
0x00007ffa4d5c0000 - 0x00007ffa4d5f3000 	C:\Windows\SYSTEM32\ntmarta.dll
0x00007ffa4ed30000 - 0x00007ffa4ed4d000 	C:\Windows\System32\imagehlp.dll
0x00007ffa3afb0000 - 0x00007ffa3ed44000 	C:\Windows\System32\DriverStore\FileRepository\nv_dispi.inf_amd64_20ae8f14a487d5db\nvgpucomp64.dll
0x00007ffa3fe80000 - 0x00007ffa3febb000 	C:\Windows\SYSTEM32\dxcore.dll
0x00007ff9d7650000 - 0x00007ff9d7797000 	C:\Windows\system32\nvspcap64.dll
0x00007ffa4bcc0000 - 0x00007ffa4bcee000 	C:\Windows\SYSTEM32\dwmapi.dll
0x00007ffa42880000 - 0x00007ffa42979000 	C:\Windows\SYSTEM32\textinputframework.dll
0x00007ffa4a3e0000 - 0x00007ffa4a73b000 	C:\Windows\System32\CoreUIComponents.dll
0x00007ffa4a740000 - 0x00007ffa4a832000 	C:\Windows\System32\CoreMessaging.dll
0x00007ffa4abf0000 - 0x00007ffa4ad47000 	C:\Windows\SYSTEM32\wintypes.dll
0x00007ffa2bd90000 - 0x00007ffa2bdd5000 	C:\Windows\SYSTEM32\icm32.dll
0x00007ffa4e200000 - 0x00007ffa4e24b000 	C:\Windows\SYSTEM32\powrprof.dll
0x00007ffa4e1e0000 - 0x00007ffa4e1f2000 	C:\Windows\SYSTEM32\UMPDC.dll
0x00007ffa4e0c0000 - 0x00007ffa4e123000 	C:\Windows\SYSTEM32\WINSTA.dll
0x000001e5a1f60000 - 0x000001e5aa0e7000 	C:\Program Files (x86)\ASUS\GPUTweakIII\GTIII-OSD\x64\GTIII-OSD64.dll
0x00007ff9d1a50000 - 0x00007ff9d1cb3000 	C:\Windows\SYSTEM32\d3dx9_43.dll
0x00007ffa2df70000 - 0x00007ffa2df95000 	C:\Windows\SYSTEM32\d3d12.dll
0x00007ffa48c60000 - 0x00007ffa490bd000 	C:\Windows\SYSTEM32\D3DCOMPILER_47.dll
0x00007ff9d2980000 - 0x00007ff9d29b1000 	C:\Windows\SYSTEM32\d3d10_1.dll
0x00007ffa21e30000 - 0x00007ffa21e3d000 	C:\Windows\SYSTEM32\d3d10_1core.dll
0x00007ffa49130000 - 0x00007ffa49394000 	C:\Windows\SYSTEM32\d3d11.dll
0x00007ffa4cc00000 - 0x00007ffa4ccf6000 	C:\Windows\SYSTEM32\dxgi.dll
0x00007ffa1deb0000 - 0x00007ffa1e081000 	C:\Windows\SYSTEM32\d3d9.dll
0x0000000070a40000 - 0x0000000070adc000 	C:\Users\chuck\.gradle\caches\minecraft\net\minecraft\minecraft_natives\1.7.10\avutil-ttv-51.dll
0x0000000065980000 - 0x00000000659d6000 	C:\Users\chuck\.gradle\caches\minecraft\net\minecraft\minecraft_natives\1.7.10\swresample-ttv-0.dll
0x000000006eb80000 - 0x000000006ec50000 	C:\Users\chuck\.gradle\caches\minecraft\net\minecraft\minecraft_natives\1.7.10\libmp3lame-ttv.dll
0x00007ff976d30000 - 0x00007ff9780d4000 	C:\Users\chuck\.gradle\caches\minecraft\net\minecraft\minecraft_natives\1.7.10\libmfxsw64.dll
0x00007ff99f490000 - 0x00007ff99f5bb000 	C:\Users\chuck\.gradle\caches\minecraft\net\minecraft\minecraft_natives\1.7.10\twitchsdk.dll
0x00007ffa30060000 - 0x00007ffa30536000 	C:\Windows\SYSTEM32\WININET.dll
0x000001e5c5ca0000 - 0x000001e5cdcf1000 	C:\Program Files (x86)\ASUS\GPUTweakIII\GTIII-OSD\x64\GTIII-OSD64-GL.dll
0x000000006ad00000 - 0x000000006ad63000 	C:\Program Files (x86)\ASUS\GPUTweakIII\GTIII-OSD\x64\glew32.dll
0x00007ffa2e0f0000 - 0x00007ffa2e19c000 	C:\Windows\SYSTEM32\TextShaping.dll
0x000001e5af980000 - 0x000001e5af9e4000 	C:\Users\chuck\.gradle\caches\minecraft\net\minecraft\minecraft_natives\1.7.10\OpenAL64.dll
0x00007ffa475f0000 - 0x00007ffa47675000 	C:\Windows\System32\MMDevApi.dll
0x00007ffa47380000 - 0x00007ffa4741c000 	C:\Windows\SYSTEM32\dsound.dll
0x00007ffa305e0000 - 0x00007ffa30606000 	C:\Windows\SYSTEM32\winmmbase.dll
0x00007ffa476a0000 - 0x00007ffa47821000 	C:\Windows\SYSTEM32\AUDIOSES.DLL
0x00007ffa4b9b0000 - 0x00007ffa4b9c4000 	C:\Windows\SYSTEM32\resourcepolicyclient.dll
0x00007ffa2b5f0000 - 0x00007ffa2b624000 	C:\Program Files\Java\jdk-1.8\jre\bin\jpeg.dll
0x00007ffa32100000 - 0x00007ffa32125000 	C:\Program Files\Java\jdk-1.8\jre\bin\sunec.dll
0x00007ffa482a0000 - 0x00007ffa482ae000 	C:\Program Files\Java\jdk-1.8\jre\bin\sunmscapi.dll
0x00007ffa4dd60000 - 0x00007ffa4dd87000 	C:\Windows\SYSTEM32\ncrypt.dll
0x00007ffa4dd20000 - 0x00007ffa4dd5b000 	C:\Windows\SYSTEM32\NTASN1.dll
0x00007ffa4c820000 - 0x00007ffa4ca21000 	C:\Windows\SYSTEM32\dbghelp.dll

VM Arguments:
jvm_args: -Dfile.encoding=UTF-8 -Duser.country=US -Duser.language=en -Duser.variant 
java_command: GradleStart
java_class_path (initial): C:\Users\chuck\.gradle\caches\minecraft\net\minecraftforge\forge\1.7.10-10.13.4.1614-1.7.10\start;C:\Users\chuck\.gradle\caches\minecraft\net\minecraftforge\forge\1.7.10-10.13.4.1614-1.7.10\forgeSrc-1.7.10-10.13.4.1614-1.7.10.jar;C:\Users\chuck\.gradle\caches\modules-2\files-2.1\net.minecraft\launchwrapper\1.12\111e7bea9c968cdb3d06ef4632bf7ff0824d0f36\launchwrapper-1.12.jar;C:\Users\chuck\.gradle\caches\modules-2\files-2.1\com.google.code.findbugs\jsr305\1.3.9\40719ea6961c0cb6afaeb6a921eaa1f6afd4cfdf\jsr305-1.3.9.jar;C:\Users\chuck\.gradle\caches\modules-2\files-2.1\org.ow2.asm\asm-debug-all\5.0.3\f9e364ae2a66ce2a543012a4668856e84e5dab74\asm-debug-all-5.0.3.jar;C:\Users\chuck\.gradle\caches\modules-2\files-2.1\com.typesafe.akka\akka-actor_2.11\2.3.3\ed62e9fc709ca0f2ff1a3220daa8b70a2870078e\akka-actor_2.11-2.3.3.jar;C:\Users\chuck\.gradle\caches\modules-2\files-2.1\com.typesafe\config\1.2.1\f771f71fdae3df231bcd54d5ca2d57f0bf93f467\config-1.2.1.jar;C:\Users\chuck\.gradle\caches\modules-2\files-2.1\org.scala-lang\scala-actors-migration_2.11\1.1.0\dfa8bc42b181d5b9f1a5dd147f8ae308b893eb6f\scala-actors-migration_2.11-1.1.0.jar;C:\Users\chuck\.gradle\caches\modules-2\files-2.1\org.scala-lang.plugins\scala-continuations-plugin_2.11.1\1.0.2\f361a3283452c57fa30c1ee69448995de23c60f7\scala-continuations-plugin_2.11.1-1.0.2.jar;C:\Users\chuck\.gradle\caches\modules-2\files-2.1\org.scala-lang\scala-compiler\2.11.1\56ea2e6c025e0821f28d73ca271218b8dd04926a\scala-compiler-2.11.1.jar;C:\Users\chuck\.gradle\caches\modules-2\files-2.1\org.scala-lang.plugins\scala-continuations-library_2.11\1.0.2\e517c53a7e9acd6b1668c5a35eccbaa3bab9aac\scala-continuations-library_2.11-1.0.2.jar;C:\Users\chuck\.gradle\caches\modules-2\files-2.1\org.scala-lang\scala-reflect\2.11.1\6580347e61cc7f8e802941e7fde40fa83b8badeb\scala-reflect-2.11.1.jar;C:\Users\chuck\.gradle\caches\modules-2\files-2.1\org.scala-lang\scala-actors\2.11.0\8ccfb6541de179bb1c4d45cf414acee069b7f78b\scala-a
Launcher Type: SUN_STANDARD

Environment Variables:
PATH=C:\Program Files\Eclipse Adoptium\jdk-8.0.462.8-hotspot\bin;C:\Program Files\Common Files\Oracle\Java\javapath;C:\Program Files (x86)\Common Files\Oracle\Java\java8path;C:\Program Files (x86)\Common Files\Oracle\Java\javapath;C:\Program Files (x86)\Razer Chroma SDK\bin;C:\Program Files\Razer Chroma SDK\bin;C:\Program Files (x86)\Razer\ChromaBroadcast\bin;C:\Program Files\Razer\ChromaBroadcast\bin;C:\Windows\system32;C:\Windows;C:\Windows\System32\Wbem;C:\Windows\System32\WindowsPowerShell\v1.0\;C:\Windows\System32\OpenSSH\;C:\Program Files (x86)\NVIDIA Corporation\PhysX\Common;C:\Windows\system32\config\systemprofile\AppData\Local\Microsoft\WindowsApps;C:\Program Files\dotnet\;C:\Program Files (x86)\Windows Live\Shared;C:\Program Files\Git\cmd;C:\Program Files\WorldPainter;C:\Program Files\NVIDIA Corporation\NVIDIA app\NvDLISR;C:\Users\chuck\AppData\Local\Microsoft\WindowsApps;;C:\Program Files\JetBrains\IntelliJ IDEA 2024.2.0.1\bin;
USERNAME=chuck
OS=Windows_NT
PROCESSOR_IDENTIFIER=Intel64 Family 6 Model 158 Stepping 13, GenuineIntel



---------------  S Y S T E M  ---------------

OS: Windows 10 , 64 bit Build 19041 (10.0.19041.5915)

CPU:total 16 (initial active 16) (8 cores per cpu, 2 threads per core) family 6 model 158 stepping 13, cmov, cx8, fxsr, mmx, sse, sse2, sse3, ssse3, sse4.1, sse4.2, popcnt, avx, avx2, aes, clmul, erms, 3dnowpref, lzcnt, ht, tsc, tscinvbit, bmi1, bmi2, adx

Memory: 4k page, physical 67022948k(46493032k free), swap 71217252k(39581676k free)

vm_info: Java HotSpot(TM) 64-Bit Server VM (25.471-b09) for windows-amd64 JRE (1.8.0_471-b09), built on Sep 26 2025 05:08:27 by "java_re" with MS VC++ 17.6 (VS2022)

time: Sat Nov 22 22:38:30 2025
timezone: Eastern Standard Time
elapsed time: 27.545031 seconds (0d 0h 0m 27s)

