#
# A fatal error has been detected by the Java Runtime Environment:
#
#  EXCEPTION_ACCESS_VIOLATION (0xc0000005) at pc=0x00007ff85cf582e9, pid=20084, tid=0x0000000000005f54
#
# JRE version: Java(TM) SE Runtime Environment (8.0_471) (build 1.8.0_471-b09)
# Java VM: Java HotSpot(TM) 64-Bit Server VM (25.471-b09 mixed mode windows-amd64 compressed oops)
# Problematic frame:
# C  [nvoglv64.dll+0x8682e9]
#
# Failed to write core dump. Minidumps are not enabled by default on client versions of Windows
#
# If you would like to submit a bug report, please visit:
#   https://bugreport.java.com/bugreport/crash.jsp
#

---------------  T H R E A D  ---------------

Current thread (0x000002c6f6f22800):  VMThread [stack: 0x000000e086f00000,0x000000e087000000] [id=24404]

siginfo: ExceptionCode=0xc0000005, reading address 0x0000000000001238

Registers:
RAX=0x0000000000000000, RBX=0x000002c6fb38d0b0, RCX=0x0000000000000004, RDX=0x0000000000000000
RSP=0x000000e086ffef68, RBP=0x0000000000000000, RSI=0x0000000000000000, RDI=0x000002c6fb38d0b0
R8 =0x0000000000000000, R9 =0x000002c6b9cd20e0, R10=0x000002c6e0020000, R11=0x000000e086ffef70
R12=0x000002c6cc750000, R13=0x000002c6cc883820, R14=0x0000000000000000, R15=0x0000000000000000
RIP=0x00007ff85cf582e9, EFLAGS=0x0000000000010202

Top of Stack: (sp=0x000000e086ffef68)
0x000000e086ffef68:   000002c6cc75bbf1 0000000000000000
0x000000e086ffef78:   0000000000000000 000002c6cc883820
0x000000e086ffef88:   000002c6cc750000 fffffffffffffffe
0x000000e086ffef98:   00007ff90b5747b1 000002c6b9cd21d8
0x000000e086ffefa8:   000002c6cc758281 0000000000000000
0x000000e086ffefb8:   0000000000000000 0000000000000000
0x000000e086ffefc8:   000000e000000000 000002c6b9cd21d8
0x000000e086ffefd8:   000002c6cc757c71 000002c6b9cd20e0
0x000000e086ffefe8:   0000000000000000 000002c6fafe6b80
0x000000e086ffeff8:   00007ff90b575ba1 000002c6cc883840
0x000000e086fff008:   000002c6cc79ac0d 0000000000000040
0x000000e086fff018:   00007ff900000000 000000e086fff158
0x000000e086fff028:   000002c6e0020000 000002c6cc750000
0x000000e086fff038:   000002c6f6d11e88 000002c6cc7e3f4c
0x000000e086fff048:   0000000000000001 0000000000000001
0x000000e086fff058:   000002c6cc75a083 0000000000000000 

Instructions: (pc=0x00007ff85cf582e9)
0x00007ff85cf582c9:   af af af af af af af c3 cc cc cc cc cc cc cc cc
0x00007ff85cf582d9:   cc cc cc cc cc cc cc 65 48 8b 04 25 30 16 00 00
0x00007ff85cf582e9:   ff a0 38 12 00 00 cc cc cc cc cc cc cc cc cc cc
0x00007ff85cf582f9:   cc cc cc cc cc cc cc cc cc cc cc cc cc cc cc cc 


Register to memory mapping:

RAX=0x0000000000000000 is an unknown value
RBX=0x000002c6fb38d0b0 is an unknown value
RCX=0x0000000000000004 is an unknown value
RDX=0x0000000000000000 is an unknown value
RSP=0x000000e086ffef68 is an unknown value
RBP=0x0000000000000000 is an unknown value
RSI=0x0000000000000000 is an unknown value
RDI=0x000002c6fb38d0b0 is an unknown value
R8 =0x0000000000000000 is an unknown value
R9 =0x000002c6b9cd20e0 is an unknown value
R10=0x000002c6e0020000 is an unknown value
R11=0x000000e086ffef70 is an unknown value
R12=0x000002c6cc750000 is an unknown value
R13=0x000002c6cc883820 is an unknown value
R14=0x0000000000000000 is an unknown value
R15=0x0000000000000000 is an unknown value


Stack: [0x000000e086f00000,0x000000e087000000],  sp=0x000000e086ffef68,  free space=1019k
Native frames: (J=compiled Java code, j=interpreted, Vv=VM code, C=native code)

VM_Operation (0x000000e0861fe840): Exit, mode: safepoint, requested by thread 0x000002c6e006b000


---------------  P R O C E S S  ---------------

Java Threads: ( => current thread )
  0x000002c6c37aa800 JavaThread "File IO Thread" [_thread_blocked, id=20496, stack(0x000000e088700000,0x000000e088800000)]
  0x000002c6fa18b800 JavaThread "pool-2-thread-1" [_thread_blocked, id=8116, stack(0x000000e089600000,0x000000e089700000)]
  0x000002c6fa18b000 JavaThread "Netty IO #1" daemon [_thread_in_native, id=26736, stack(0x000000e089500000,0x000000e089600000)]
  0x000002c6fa17f000 JavaThread "Netty Client IO #0" daemon [_thread_in_native, id=27804, stack(0x000000e089400000,0x000000e089500000)]
  0x000002c6fa17e000 JavaThread "Netty IO #0" daemon [_thread_in_native, id=28532, stack(0x000000e088e00000,0x000000e088f00000)]
  0x000002c6fad9b000 JavaThread "LWJGL Timer" daemon [_thread_blocked, id=23316, stack(0x000000e088d00000,0x000000e088e00000)]
  0x000002c6fa610800 JavaThread "Java2D Disposer" daemon [_thread_blocked, id=24280, stack(0x000000e088400000,0x000000e088500000)]
  0x000002c6fdeb6800 JavaThread "Timer hack thread" daemon [_thread_blocked, id=25148, stack(0x000000e088300000,0x000000e088400000)]
  0x000002c6fcf9f000 JavaThread "Snooper Timer" daemon [_thread_blocked, id=20660, stack(0x000000e088200000,0x000000e088300000)]
  0x000002c6f9d62000 JavaThread "Service Thread" daemon [_thread_blocked, id=25892, stack(0x000000e088000000,0x000000e088100000)]
  0x000002c6f9c58000 JavaThread "C1 CompilerThread11" daemon [_thread_blocked, id=14644, stack(0x000000e087f00000,0x000000e088000000)]
  0x000002c6f9c58800 JavaThread "C1 CompilerThread10" daemon [_thread_blocked, id=27128, stack(0x000000e087e00000,0x000000e087f00000)]
  0x000002c6f9c54000 JavaThread "C1 CompilerThread9" daemon [_thread_blocked, id=20608, stack(0x000000e087d00000,0x000000e087e00000)]
  0x000002c6f9c57000 JavaThread "C1 CompilerThread8" daemon [_thread_blocked, id=27468, stack(0x000000e087c00000,0x000000e087d00000)]
  0x000002c6f9c56800 JavaThread "C2 CompilerThread7" daemon [_thread_blocked, id=25192, stack(0x000000e087b00000,0x000000e087c00000)]
  0x000002c6f9c55800 JavaThread "C2 CompilerThread6" daemon [_thread_blocked, id=21656, stack(0x000000e087a00000,0x000000e087b00000)]
  0x000002c6f9c55000 JavaThread "C2 CompilerThread5" daemon [_thread_blocked, id=24532, stack(0x000000e087900000,0x000000e087a00000)]
  0x000002c6f9c52800 JavaThread "C2 CompilerThread4" daemon [_thread_blocked, id=2080, stack(0x000000e087800000,0x000000e087900000)]
  0x000002c6f9c68800 JavaThread "C2 CompilerThread3" daemon [_thread_blocked, id=22368, stack(0x000000e087700000,0x000000e087800000)]
  0x000002c6f9c64000 JavaThread "C2 CompilerThread2" daemon [_thread_blocked, id=25732, stack(0x000000e087600000,0x000000e087700000)]
  0x000002c6f9c63800 JavaThread "C2 CompilerThread1" daemon [_thread_blocked, id=17780, stack(0x000000e087500000,0x000000e087600000)]
  0x000002c6f9c61000 JavaThread "C2 CompilerThread0" daemon [_thread_blocked, id=28208, stack(0x000000e087400000,0x000000e087500000)]
  0x000002c6f9c5e000 JavaThread "Attach Listener" daemon [_thread_blocked, id=27224, stack(0x000000e087300000,0x000000e087400000)]
  0x000002c6f9c50000 JavaThread "Signal Dispatcher" daemon [_thread_blocked, id=20548, stack(0x000000e087200000,0x000000e087300000)]
  0x000002c6f9c31000 JavaThread "Finalizer" daemon [_thread_blocked, id=1632, stack(0x000000e087100000,0x000000e087200000)]
  0x000002c6f6f2d000 JavaThread "Reference Handler" daemon [_thread_blocked, id=15884, stack(0x000000e087000000,0x000000e087100000)]
  0x000002c6e006b000 JavaThread "Client thread" [_thread_blocked, id=28080, stack(0x000000e086100000,0x000000e086200000)]

Other Threads:
=>0x000002c6f6f22800 VMThread [stack: 0x000000e086f00000,0x000000e087000000] [id=24404]

VM state:at safepoint (shutting down)

VM Mutex/Monitor currently owned by a thread:  ([mutex/lock_event])
[0x000002c6e0064250] Threads_lock - owner thread: 0x000002c6f6f22800

heap address: 0x00000003c1400000, size: 16364 MB, Compressed Oops mode: Zero based, Oop shift amount: 3
Narrow klass base: 0x0000000000000000, Narrow klass shift: 3
Compressed class space size: 1073741824 Address: 0x00000007c0000000

Heap:
 PSYoungGen      total 680448K, used 106568K [0x000000066b180000, 0x00000006a4600000, 0x00000007c0000000)
  eden space 591360K, 16% used [0x000000066b180000,0x0000000671218818,0x000000068f300000)
  from space 89088K, 8% used [0x000000068f300000,0x000000068fa79910,0x0000000694a00000)
  to   space 89088K, 0% used [0x000000069ef00000,0x000000069ef00000,0x00000006a4600000)
 ParOldGen       total 406528K, used 165017K [0x00000003c1400000, 0x00000003da100000, 0x000000066b180000)
  object space 406528K, 40% used [0x00000003c1400000,0x00000003cb526788,0x00000003da100000)
 Metaspace       used 43612K, capacity 44105K, committed 44416K, reserved 1089536K
  class space    used 5007K, capacity 5159K, committed 5248K, reserved 1048576K

Card table byte_map: [0x000002c6f0db0000,0x000002c6f2db0000] byte_map_base: 0x000002c6eefa6000

Marking Bits: (ParMarkBitMap*) 0x00007ff8422aa3e0
 Begin Bits: [0x000002c680000000, 0x000002c68ffb0000)
 End Bits:   [0x000002c68ffb0000, 0x000002c69ff60000)

Polling page: 0x000002c6e01b0000

CodeCache: size=245760Kb used=35512Kb max_used=35815Kb free=210247Kb
 bounds [0x000002c6e19f0000, 0x000002c6e3d60000, 0x000002c6f09f0000]
 total_blobs=8552 nmethods=7702 adapters=757
 compilation: enabled

Compilation events (10 events):
Event: 43.751 Thread 0x000002c6f9c54000 10556       1       sun.nio.cs.UTF_8$Encoder::implReplaceWith (8 bytes)
Event: 43.752 Thread 0x000002c6f9c54000 nmethod 10556 0x000002c6e3298750 code [0x000002c6e32988a0, 0x000002c6e32989d8]
Event: 43.752 Thread 0x000002c6f9c54000 10557   !   3       java.io.PrintStream::write (69 bytes)
Event: 43.752 Thread 0x000002c6f9c54000 nmethod 10557 0x000002c6e3b64a90 code [0x000002c6e3b64c60, 0x000002c6e3b653e0]
Event: 43.795 Thread 0x000002c6f9c57000 10558       3       java.util.logging.LogManager$LoggerContext::ensureDefaultLogger (70 bytes)
Event: 43.795 Thread 0x000002c6f9c57000 nmethod 10558 0x000002c6e358ea90 code [0x000002c6e358ec40, 0x000002c6e358f4f0]
Event: 43.796 Thread 0x000002c6f9c58800 10559       3       org.apache.logging.log4j.core.helpers.NameUtil::getSubName (32 bytes)
Event: 43.796 Thread 0x000002c6f9c54000 10560       1       org.apache.logging.log4j.core.config.LoggerConfig::getLevel (5 bytes)
Event: 43.796 Thread 0x000002c6f9c54000 nmethod 10560 0x000002c6e3b672d0 code [0x000002c6e3b67420, 0x000002c6e3b67538]
Event: 43.796 Thread 0x000002c6f9c58800 nmethod 10559 0x000002c6e358e1d0 code [0x000002c6e358e360, 0x000002c6e358e900]

GC Heap History (10 events):
Event: 13.535 GC heap before
{Heap before GC invocations=14 (full 4):
 PSYoungGen      total 672768K, used 0K [0x000000066b180000, 0x0000000699b00000, 0x00000007c0000000)
  eden space 588288K, 0% used [0x000000066b180000,0x000000066b180000,0x000000068f000000)
  from space 84480K, 0% used [0x0000000694480000,0x0000000694480000,0x0000000699700000)
  to   space 86528K, 0% used [0x000000068f000000,0x000000068f000000,0x0000000694480000)
 ParOldGen       total 406528K, used 67272K [0x00000003c1400000, 0x00000003da100000, 0x000000066b180000)
  object space 406528K, 16% used [0x00000003c1400000,0x00000003c55b2178,0x00000003da100000)
 Metaspace       used 31186K, capacity 31477K, committed 31872K, reserved 1077248K
  class space    used 3786K, capacity 3899K, committed 3968K, reserved 1048576K
Event: 13.559 GC heap after
Heap after GC invocations=14 (full 4):
 PSYoungGen      total 672768K, used 0K [0x000000066b180000, 0x0000000699b00000, 0x00000007c0000000)
  eden space 588288K, 0% used [0x000000066b180000,0x000000066b180000,0x000000068f000000)
  from space 84480K, 0% used [0x0000000694480000,0x0000000694480000,0x0000000699700000)
  to   space 86528K, 0% used [0x000000068f000000,0x000000068f000000,0x0000000694480000)
 ParOldGen       total 406528K, used 67272K [0x00000003c1400000, 0x00000003da100000, 0x000000066b180000)
  object space 406528K, 16% used [0x00000003c1400000,0x00000003c55b2178,0x00000003da100000)
 Metaspace       used 31186K, capacity 31477K, committed 31872K, reserved 1077248K
  class space    used 3786K, capacity 3899K, committed 3968K, reserved 1048576K
}
Event: 14.989 GC heap before
{Heap before GC invocations=15 (full 4):
 PSYoungGen      total 672768K, used 389175K [0x000000066b180000, 0x0000000699b00000, 0x00000007c0000000)
  eden space 588288K, 66% used [0x000000066b180000,0x0000000682d8dd28,0x000000068f000000)
  from space 84480K, 0% used [0x0000000694480000,0x0000000694480000,0x0000000699700000)
  to   space 86528K, 0% used [0x000000068f000000,0x000000068f000000,0x0000000694480000)
 ParOldGen       total 406528K, used 67272K [0x00000003c1400000, 0x00000003da100000, 0x000000066b180000)
  object space 406528K, 16% used [0x00000003c1400000,0x00000003c55b2178,0x00000003da100000)
 Metaspace       used 36440K, capacity 36765K, committed 37120K, reserved 1081344K
  class space    used 4366K, capacity 4519K, committed 4608K, reserved 1048576K
Event: 15.006 GC heap after
Heap after GC invocations=15 (full 4):
 PSYoungGen      total 674816K, used 57769K [0x000000066b180000, 0x000000069a200000, 0x00000007c0000000)
  eden space 588288K, 0% used [0x000000066b180000,0x000000066b180000,0x000000068f000000)
  from space 86528K, 66% used [0x000000068f000000,0x000000069286a618,0x0000000694480000)
  to   space 90112K, 0% used [0x0000000694a00000,0x0000000694a00000,0x000000069a200000)
 ParOldGen       total 406528K, used 67280K [0x00000003c1400000, 0x00000003da100000, 0x000000066b180000)
  object space 406528K, 16% used [0x00000003c1400000,0x00000003c55b4178,0x00000003da100000)
 Metaspace       used 36440K, capacity 36765K, committed 37120K, reserved 1081344K
  class space    used 4366K, capacity 4519K, committed 4608K, reserved 1048576K
}
Event: 15.006 GC heap before
{Heap before GC invocations=16 (full 5):
 PSYoungGen      total 674816K, used 57769K [0x000000066b180000, 0x000000069a200000, 0x00000007c0000000)
  eden space 588288K, 0% used [0x000000066b180000,0x000000066b180000,0x000000068f000000)
  from space 86528K, 66% used [0x000000068f000000,0x000000069286a618,0x0000000694480000)
  to   space 90112K, 0% used [0x0000000694a00000,0x0000000694a00000,0x000000069a200000)
 ParOldGen       total 406528K, used 67280K [0x00000003c1400000, 0x00000003da100000, 0x000000066b180000)
  object space 406528K, 16% used [0x00000003c1400000,0x00000003c55b4178,0x00000003da100000)
 Metaspace       used 36440K, capacity 36765K, committed 37120K, reserved 1081344K
  class space    used 4366K, capacity 4519K, committed 4608K, reserved 1048576K
Event: 15.105 GC heap after
Heap after GC invocations=16 (full 5):
 PSYoungGen      total 674816K, used 0K [0x000000066b180000, 0x000000069a200000, 0x00000007c0000000)
  eden space 588288K, 0% used [0x000000066b180000,0x000000066b180000,0x000000068f000000)
  from space 86528K, 0% used [0x000000068f000000,0x000000068f000000,0x0000000694480000)
  to   space 90112K, 0% used [0x0000000694a00000,0x0000000694a00000,0x000000069a200000)
 ParOldGen       total 406528K, used 116295K [0x00000003c1400000, 0x00000003da100000, 0x000000066b180000)
  object space 406528K, 28% used [0x00000003c1400000,0x00000003c8591ef0,0x00000003da100000)
 Metaspace       used 36440K, capacity 36765K, committed 37120K, reserved 1081344K
  class space    used 4366K, capacity 4519K, committed 4608K, reserved 1048576K
}
Event: 21.371 GC heap before
{Heap before GC invocations=17 (full 5):
 PSYoungGen      total 674816K, used 588288K [0x000000066b180000, 0x000000069a200000, 0x00000007c0000000)
  eden space 588288K, 100% used [0x000000066b180000,0x000000068f000000,0x000000068f000000)
  from space 86528K, 0% used [0x000000068f000000,0x000000068f000000,0x0000000694480000)
  to   space 90112K, 0% used [0x0000000694a00000,0x0000000694a00000,0x000000069a200000)
 ParOldGen       total 406528K, used 116295K [0x00000003c1400000, 0x00000003da100000, 0x000000066b180000)
  object space 406528K, 28% used [0x00000003c1400000,0x00000003c8591ef0,0x00000003da100000)
 Metaspace       used 42998K, capacity 43453K, committed 43776K, reserved 1087488K
  class space    used 4978K, capacity 5093K, committed 5120K, reserved 1048576K
Event: 21.379 GC heap after
Heap after GC invocations=17 (full 5):
 PSYoungGen      total 681472K, used 48309K [0x000000066b180000, 0x00000006ad500000, 0x00000007c0000000)
  eden space 591360K, 0% used [0x000000066b180000,0x000000066b180000,0x000000068f300000)
  from space 90112K, 53% used [0x0000000694a00000,0x000000069792d518,0x000000069a200000)
  to   space 89088K, 0% used [0x000000068f300000,0x000000068f300000,0x0000000694a00000)
 ParOldGen       total 406528K, used 116311K [0x00000003c1400000, 0x00000003da100000, 0x000000066b180000)
  object space 406528K, 28% used [0x00000003c1400000,0x00000003c8595ef0,0x00000003da100000)
 Metaspace       used 42998K, capacity 43453K, committed 43776K, reserved 1087488K
  class space    used 4978K, capacity 5093K, committed 5120K, reserved 1048576K
}
Event: 39.464 GC heap before
{Heap before GC invocations=18 (full 5):
 PSYoungGen      total 681472K, used 639669K [0x000000066b180000, 0x00000006ad500000, 0x00000007c0000000)
  eden space 591360K, 100% used [0x000000066b180000,0x000000068f300000,0x000000068f300000)
  from space 90112K, 53% used [0x0000000694a00000,0x000000069792d518,0x000000069a200000)
  to   space 89088K, 0% used [0x000000068f300000,0x000000068f300000,0x0000000694a00000)
 ParOldGen       total 406528K, used 116311K [0x00000003c1400000, 0x00000003da100000, 0x000000066b180000)
  object space 406528K, 28% used [0x00000003c1400000,0x00000003c8595ef0,0x00000003da100000)
 Metaspace       used 43417K, capacity 43849K, committed 44288K, reserved 1089536K
  class space    used 4993K, capacity 5095K, committed 5120K, reserved 1048576K
Event: 39.476 GC heap after
Heap after GC invocations=18 (full 5):
 PSYoungGen      total 680448K, used 7654K [0x000000066b180000, 0x00000006a4600000, 0x00000007c0000000)
  eden space 591360K, 0% used [0x000000066b180000,0x000000066b180000,0x000000068f300000)
  from space 89088K, 8% used [0x000000068f300000,0x000000068fa79910,0x0000000694a00000)
  to   space 89088K, 0% used [0x000000069ef00000,0x000000069ef00000,0x00000006a4600000)
 ParOldGen       total 406528K, used 165017K [0x00000003c1400000, 0x00000003da100000, 0x000000066b180000)
  object space 406528K, 40% used [0x00000003c1400000,0x00000003cb526788,0x00000003da100000)
 Metaspace       used 43417K, capacity 43849K, committed 44288K, reserved 1089536K
  class space    used 4993K, capacity 5095K, committed 5120K, reserved 1048576K
}

Deoptimization events (10 events):
Event: 43.517 Thread 0x000002c6fa17f000 Uncommon trap: reason=bimorphic action=maybe_recompile pc=0x000002c6e3caaebc method=net.minecraft.network.NetworkManager.channelRead0(Lio/netty/channel/ChannelHandlerContext;Lnet/minecraft/network/Packet;)V @ 24
Event: 43.517 Thread 0x000002c6fa18b000 Uncommon trap: reason=class_check action=maybe_recompile pc=0x000002c6e3caea84 method=io.netty.util.concurrent.DefaultPromise.notifyListener0(Lio/netty/util/concurrent/Future;Lio/netty/util/concurrent/GenericFutureListener;)V @ 2
Event: 43.517 Thread 0x000002c6fa18b000 Uncommon trap: reason=null_check action=make_not_entrant pc=0x000002c6e34c7af0 method=io.netty.util.DefaultAttributeMap.attr(Lio/netty/util/AttributeKey;)Lio/netty/util/Attribute; @ 46
Event: 43.517 Thread 0x000002c6fa17f000 Uncommon trap: reason=null_check action=make_not_entrant pc=0x000002c6e34c7af0 method=io.netty.util.DefaultAttributeMap.attr(Lio/netty/util/AttributeKey;)Lio/netty/util/Attribute; @ 46
Event: 43.517 Thread 0x000002c6fa17f000 Uncommon trap: reason=unstable_if action=reinterpret pc=0x000002c6e1cda114 method=io.netty.channel.local.LocalChannel.isActive()Z @ 5
Event: 43.517 Thread 0x000002c6fa17f000 Uncommon trap: reason=unstable_if action=reinterpret pc=0x000002c6e311c2d4 method=io.netty.channel.local.LocalChannel.isOpen()Z @ 5
Event: 43.517 Thread 0x000002c6fa17f000 Uncommon trap: reason=unstable_if action=reinterpret pc=0x000002c6e270b300 method=io.netty.channel.local.LocalChannel.isActive()Z @ 5
Event: 43.710 Thread 0x000002c6fa184000 Uncommon trap: reason=predicate action=maybe_recompile pc=0x000002c6e314e290 method=java.util.TimSort.countRunAndMakeAscending([Ljava/lang/Object;IILjava/util/Comparator;)I @ 57
Event: 43.710 Thread 0x000002c6fa184000 Uncommon trap: reason=class_check action=maybe_recompile pc=0x000002c6e2059c04 method=cpw.mods.fml.common.asm.transformers.deobf.FMLDeobfuscatingRemapper.map(Ljava/lang/String;)Ljava/lang/String; @ 11
Event: 43.793 Thread 0x000002c6e006b000 Uncommon trap: reason=unstable_if action=reinterpret pc=0x000002c6e213d618 method=cpw.mods.fml.relauncher.FMLSecurityManager.checkPermission(Ljava/security/Permission;)V @ 23

Classes redefined (0 events):
No events

Internal exceptions (10 events):
Event: 43.393 Thread 0x000002c6fa17f800 Exception <a 'java/lang/InterruptedException': sleep interrupted> (0x000000066db36910) thrown at [C:\jenkins\workspace\8-2-build-windows-x64-cygwin-sans-NAS\jdk8u471\2292\hotspot\src\share\vm\prims\jvm.cpp, line 3359]
Event: 43.401 Thread 0x000002c6fa17f800 Exception <a 'java/lang/InterruptedException': sleep interrupted> (0x000000066db36b68) thrown at [C:\jenkins\workspace\8-2-build-windows-x64-cygwin-sans-NAS\jdk8u471\2292\hotspot\src\share\vm\prims\jvm.cpp, line 3359]
Event: 43.410 Thread 0x000002c6fa17f800 Exception <a 'java/lang/InterruptedException': sleep interrupted> (0x000000066db36dc0) thrown at [C:\jenkins\workspace\8-2-build-windows-x64-cygwin-sans-NAS\jdk8u471\2292\hotspot\src\share\vm\prims\jvm.cpp, line 3359]
Event: 43.418 Thread 0x000002c6fa17f800 Exception <a 'java/lang/InterruptedException': sleep interrupted> (0x000000066db37018) thrown at [C:\jenkins\workspace\8-2-build-windows-x64-cygwin-sans-NAS\jdk8u471\2292\hotspot\src\share\vm\prims\jvm.cpp, line 3359]
Event: 43.426 Thread 0x000002c6fa17f800 Exception <a 'java/lang/InterruptedException': sleep interrupted> (0x000000066db37270) thrown at [C:\jenkins\workspace\8-2-build-windows-x64-cygwin-sans-NAS\jdk8u471\2292\hotspot\src\share\vm\prims\jvm.cpp, line 3359]
Event: 43.494 Thread 0x000002c6fa17f800 Exception <a 'java/lang/InterruptedException': sleep interrupted> (0x000000066db374c8) thrown at [C:\jenkins\workspace\8-2-build-windows-x64-cygwin-sans-NAS\jdk8u471\2292\hotspot\src\share\vm\prims\jvm.cpp, line 3359]
Event: 43.541 Thread 0x000002c6fa17f800 Exception <a 'java/lang/InterruptedException': sleep interrupted> (0x000000066db37720) thrown at [C:\jenkins\workspace\8-2-build-windows-x64-cygwin-sans-NAS\jdk8u471\2292\hotspot\src\share\vm\prims\jvm.cpp, line 3359]
Event: 43.541 Thread 0x000002c6fa17f800 Exception <a 'java/lang/InterruptedException': sleep interrupted> (0x000000066db37978) thrown at [C:\jenkins\workspace\8-2-build-windows-x64-cygwin-sans-NAS\jdk8u471\2292\hotspot\src\share\vm\prims\jvm.cpp, line 3359]
Event: 43.641 Thread 0x000002c6fa188800 Exception <a 'java/lang/InterruptedException': sleep interrupted> (0x000000066dc6eeb8) thrown at [C:\jenkins\workspace\8-2-build-windows-x64-cygwin-sans-NAS\jdk8u471\2292\hotspot\src\share\vm\prims\jvm.cpp, line 3359]
Event: 43.793 Thread 0x000002c6e006b000 Exception <a 'org/lwjgl/LWJGLException': Failed to set device gamma.> (0x0000000670013830) thrown at [C:\jenkins\workspace\8-2-build-windows-x64-cygwin-sans-NAS\jdk8u471\2292\hotspot\src\share\vm\prims\jni.cpp, line 737]

Events (10 events):
Event: 43.795 Thread 0x000002c6c37a5000 Thread exited: 0x000002c6c37a5000
Event: 43.795 loading class javax/servlet/ServletContext
Event: 43.795 loading class javax/servlet/ServletContext done
Event: 43.795 Executing VM operation: RevokeBias
Event: 43.795 Executing VM operation: RevokeBias done
Event: 43.795 loading class javax/servlet/ServletContext
Event: 43.795 loading class javax/servlet/ServletContext done
Event: 43.795 Thread 0x000002c6c37ab000 Thread exited: 0x000002c6c37ab000
Event: 43.796 Thread 0x000002c6c37a4800 Thread exited: 0x000002c6c37a4800
Event: 43.796 Executing VM operation: Exit


Dynamic libraries:
0x00007ff6cb8e0000 - 0x00007ff6cb92f000 	C:\Program Files\Java\jdk-1.8\bin\java.exe
0x00007ff90b550000 - 0x00007ff90b748000 	C:\Windows\SYSTEM32\ntdll.dll
0x00007ff90a370000 - 0x00007ff90a432000 	C:\Windows\System32\KERNEL32.DLL
0x00007ff9091c0000 - 0x00007ff9094b6000 	C:\Windows\System32\KERNELBASE.dll
0x00007ff90b0f0000 - 0x00007ff90b1a1000 	C:\Windows\System32\ADVAPI32.dll
0x00007ff90a4a0000 - 0x00007ff90a53e000 	C:\Windows\System32\msvcrt.dll
0x00007ff90a5a0000 - 0x00007ff90a63f000 	C:\Windows\System32\sechost.dll
0x00007ff90a890000 - 0x00007ff90a9b0000 	C:\Windows\System32\RPCRT4.dll
0x00007ff909190000 - 0x00007ff9091b7000 	C:\Windows\System32\bcrypt.dll
0x00007ff90ae90000 - 0x00007ff90b031000 	C:\Windows\System32\USER32.dll
0x00007ff9094c0000 - 0x00007ff9094e2000 	C:\Windows\System32\win32u.dll
0x00007ff909e70000 - 0x00007ff909e9b000 	C:\Windows\System32\GDI32.dll
0x00007ff908cd0000 - 0x00007ff908de9000 	C:\Windows\System32\gdi32full.dll
0x00007ff908c30000 - 0x00007ff908ccd000 	C:\Windows\System32\msvcp_win.dll
0x00007ff908df0000 - 0x00007ff908ef0000 	C:\Windows\System32\ucrtbase.dll
0x00007ff8eebf0000 - 0x00007ff8eee8b000 	C:\Windows\WinSxS\amd64_microsoft.windows.common-controls_6595b64144ccf1df_6.0.19041.6456_none_60b8a6cb71f64256\COMCTL32.dll
0x00007ff90a7e0000 - 0x00007ff90a80f000 	C:\Windows\System32\IMM32.DLL
0x00007ff905210000 - 0x00007ff90522b000 	C:\Program Files\Java\jdk-1.8\jre\bin\vcruntime140.dll
0x00007ff905170000 - 0x00007ff90517c000 	C:\Program Files\Java\jdk-1.8\jre\bin\vcruntime140_1.dll
0x00007ff8ed4c0000 - 0x00007ff8ed54e000 	C:\Program Files\Java\jdk-1.8\jre\bin\msvcp140.dll
0x00007ff841ad0000 - 0x00007ff84237a000 	C:\Program Files\Java\jdk-1.8\jre\bin\server\jvm.dll
0x00007ff90a360000 - 0x00007ff90a368000 	C:\Windows\System32\PSAPI.DLL
0x00007ff9019b0000 - 0x00007ff9019ba000 	C:\Windows\SYSTEM32\VERSION.dll
0x00007ff905150000 - 0x00007ff905159000 	C:\Windows\SYSTEM32\WSOCK32.dll
0x00007ff900230000 - 0x00007ff900257000 	C:\Windows\SYSTEM32\WINMM.dll
0x00007ff90a640000 - 0x00007ff90a6ab000 	C:\Windows\System32\WS2_32.dll
0x00007ff907440000 - 0x00007ff907452000 	C:\Windows\SYSTEM32\kernel.appcore.dll
0x00007ff905140000 - 0x00007ff905150000 	C:\Program Files\Java\jdk-1.8\jre\bin\verify.dll
0x00007ff8ed490000 - 0x00007ff8ed4bb000 	C:\Program Files\Java\jdk-1.8\jre\bin\java.dll
0x00007ff8ed470000 - 0x00007ff8ed488000 	C:\Program Files\Java\jdk-1.8\jre\bin\zip.dll
0x00007ff909570000 - 0x00007ff909ce0000 	C:\Windows\System32\SHELL32.dll
0x00007ff9067f0000 - 0x00007ff906f95000 	C:\Windows\SYSTEM32\windows.storage.dll
0x00007ff90b1b0000 - 0x00007ff90b504000 	C:\Windows\System32\combase.dll
0x00007ff908530000 - 0x00007ff90855b000 	C:\Windows\SYSTEM32\Wldp.dll
0x00007ff909cf0000 - 0x00007ff909dbd000 	C:\Windows\System32\OLEAUT32.dll
0x00007ff909dc0000 - 0x00007ff909e6d000 	C:\Windows\System32\SHCORE.dll
0x00007ff90a440000 - 0x00007ff90a49b000 	C:\Windows\System32\shlwapi.dll
0x00007ff908b10000 - 0x00007ff908b34000 	C:\Windows\SYSTEM32\profapi.dll
0x00007ff903230000 - 0x00007ff90323d000 	C:\Program Files\Java\jdk-1.8\jre\bin\management.dll
0x00007ff8ed450000 - 0x00007ff8ed46c000 	C:\Program Files\Java\jdk-1.8\jre\bin\net.dll
0x00007ff908290000 - 0x00007ff9082fa000 	C:\Windows\system32\mswsock.dll
0x00007ff8ed430000 - 0x00007ff8ed443000 	C:\Program Files\Java\jdk-1.8\jre\bin\nio.dll
0x00007ff8dda60000 - 0x00007ff8dda77000 	C:\Windows\system32\napinsp.dll
0x00007ff8ddd20000 - 0x00007ff8ddd3b000 	C:\Windows\system32\pnrpnsp.dll
0x00007ff905290000 - 0x00007ff9052ad000 	C:\Windows\system32\wshbth.dll
0x00007ff904be0000 - 0x00007ff904bfd000 	C:\Windows\system32\NLAapi.dll
0x00007ff907f70000 - 0x00007ff907fab000 	C:\Windows\SYSTEM32\IPHLPAPI.DLL
0x00007ff907fb0000 - 0x00007ff90807a000 	C:\Windows\SYSTEM32\DNSAPI.dll
0x00007ff90ae20000 - 0x00007ff90ae28000 	C:\Windows\System32\NSI.dll
0x00007ff8dddf0000 - 0x00007ff8dde02000 	C:\Windows\System32\winrnr.dll
0x00007ff8ed600000 - 0x00007ff8ed60a000 	C:\Windows\System32\rasadhlp.dll
0x00007ff8edca0000 - 0x00007ff8edd20000 	C:\Windows\System32\fwpuclnt.dll
0x0000000180000000 - 0x0000000180051000 	C:\Users\chuck\.gradle\caches\minecraft\net\minecraft\minecraft_natives\1.7.10\lwjgl64.dll
0x00007ff8a3e50000 - 0x00007ff8a3f78000 	C:\Windows\SYSTEM32\OPENGL32.dll
0x00007ff8fd6f0000 - 0x00007ff8fd71c000 	C:\Windows\SYSTEM32\GLU32.dll
0x00007ff908490000 - 0x00007ff9084a8000 	C:\Windows\SYSTEM32\CRYPTSP.dll
0x00007ff907bb0000 - 0x00007ff907be8000 	C:\Windows\system32\rsaenh.dll
0x00007ff908ad0000 - 0x00007ff908afe000 	C:\Windows\SYSTEM32\USERENV.dll
0x00007ff908ef0000 - 0x00007ff908f72000 	C:\Windows\System32\bcryptprimitives.dll
0x00007ff908480000 - 0x00007ff90848c000 	C:\Windows\SYSTEM32\CRYPTBASE.dll
0x00007ff900b60000 - 0x00007ff900b77000 	C:\Windows\SYSTEM32\dhcpcsvc6.DLL
0x00007ff9010a0000 - 0x00007ff9010bd000 	C:\Windows\SYSTEM32\dhcpcsvc.DLL
0x00007ff8d00f0000 - 0x00007ff8d026e000 	C:\Program Files\Java\jdk-1.8\jre\bin\awt.dll
0x00007ff9058f0000 - 0x00007ff905984000 	C:\Windows\SYSTEM32\apphelp.dll
0x00007ff8faf80000 - 0x00007ff8fb02e000 	C:\Windows\SYSTEM32\mscms.dll
0x00007ff8faf00000 - 0x00007ff8faf11000 	C:\Windows\SYSTEM32\ColorAdapterClient.dll
0x00007ff906120000 - 0x00007ff9061be000 	C:\Windows\system32\uxtheme.dll
0x000002c6a2e50000 - 0x000002c6aaec3000 	C:\Program Files (x86)\ASUS\GPUTweakIII\GTIII-OSD\x64\GTIII-OSD64-VK.dll
0x00007ff90a6b0000 - 0x00007ff90a7db000 	C:\Windows\System32\ole32.dll
0x00007ff8a41f0000 - 0x00007ff8a4376000 	C:\Windows\SYSTEM32\vulkan-1.dll
0x00007ff908be0000 - 0x00007ff908c2e000 	C:\Windows\System32\CFGMGR32.dll
0x00007ff90a240000 - 0x00007ff90a355000 	C:\Windows\System32\MSCTF.dll
0x00007ff90b040000 - 0x00007ff90b0e9000 	C:\Windows\System32\clbcatq.dll
0x00007ff85c6f0000 - 0x00007ff85f044000 	C:\Windows\System32\DriverStore\FileRepository\nv_dispi.inf_amd64_20ae8f14a487d5db\nvoglv64.dll
0x00007ff90a9b0000 - 0x00007ff90ae20000 	C:\Windows\System32\SETUPAPI.dll
0x00007ff902500000 - 0x00007ff902514000 	C:\Windows\SYSTEM32\WTSAPI32.dll
0x00007ff9086c0000 - 0x00007ff9086d2000 	C:\Windows\SYSTEM32\msasn1.dll
0x00007ff901130000 - 0x00007ff901161000 	C:\Windows\SYSTEM32\cryptnet.dll
0x00007ff908f80000 - 0x00007ff9090dd000 	C:\Windows\System32\CRYPT32.dll
0x00007ff900f50000 - 0x00007ff901097000 	C:\Windows\SYSTEM32\drvstore.dll
0x00007ff9088c0000 - 0x00007ff9088f3000 	C:\Windows\SYSTEM32\devobj.dll
0x00007ff9094f0000 - 0x00007ff909563000 	C:\Windows\System32\WINTRUST.dll
0x00007ff907e00000 - 0x00007ff907e33000 	C:\Windows\SYSTEM32\ntmarta.dll
0x00007ff909ea0000 - 0x00007ff909ebd000 	C:\Windows\System32\imagehlp.dll
0x00007ff8f5490000 - 0x00007ff8f9224000 	C:\Windows\System32\DriverStore\FileRepository\nv_dispi.inf_amd64_20ae8f14a487d5db\nvgpucomp64.dll
0x00007ff8f9660000 - 0x00007ff8f969b000 	C:\Windows\SYSTEM32\dxcore.dll
0x00007ff89efc0000 - 0x00007ff89f107000 	C:\Windows\system32\nvspcap64.dll
0x00007ff906500000 - 0x00007ff90652e000 	C:\Windows\SYSTEM32\dwmapi.dll
0x00007ff8fd130000 - 0x00007ff8fd229000 	C:\Windows\SYSTEM32\textinputframework.dll
0x00007ff904c40000 - 0x00007ff904f9b000 	C:\Windows\System32\CoreUIComponents.dll
0x00007ff904fa0000 - 0x00007ff905092000 	C:\Windows\System32\CoreMessaging.dll
0x00007ff905650000 - 0x00007ff9057a7000 	C:\Windows\SYSTEM32\wintypes.dll
0x00007ff8ed390000 - 0x00007ff8ed3d5000 	C:\Windows\SYSTEM32\icm32.dll
0x00007ff908a40000 - 0x00007ff908a8b000 	C:\Windows\SYSTEM32\powrprof.dll
0x00007ff908a20000 - 0x00007ff908a32000 	C:\Windows\SYSTEM32\UMPDC.dll
0x00007ff908900000 - 0x00007ff908963000 	C:\Windows\SYSTEM32\WINSTA.dll
0x0000000070a40000 - 0x0000000070adc000 	C:\Users\chuck\.gradle\caches\minecraft\net\minecraft\minecraft_natives\1.7.10\avutil-ttv-51.dll
0x0000000065980000 - 0x00000000659d6000 	C:\Users\chuck\.gradle\caches\minecraft\net\minecraft\minecraft_natives\1.7.10\swresample-ttv-0.dll
0x000000006eb80000 - 0x000000006ec50000 	C:\Users\chuck\.gradle\caches\minecraft\net\minecraft\minecraft_natives\1.7.10\libmp3lame-ttv.dll
0x00007ff83ad10000 - 0x00007ff83c0b4000 	C:\Users\chuck\.gradle\caches\minecraft\net\minecraft\minecraft_natives\1.7.10\libmfxsw64.dll
0x00007ff8ceed0000 - 0x00007ff8ceffb000 	C:\Users\chuck\.gradle\caches\minecraft\net\minecraft\minecraft_natives\1.7.10\twitchsdk.dll
0x00007ff8eaf50000 - 0x00007ff8eb426000 	C:\Windows\SYSTEM32\WININET.dll
0x000002c6cc750000 - 0x000002c6d47a1000 	C:\Program Files (x86)\ASUS\GPUTweakIII\GTIII-OSD\x64\GTIII-OSD64-GL.dll
0x000000006b400000 - 0x000000006b463000 	C:\Program Files (x86)\ASUS\GPUTweakIII\GTIII-OSD\x64\glew32.dll
0x000002c6d47b0000 - 0x000002c6dc937000 	C:\Program Files (x86)\ASUS\GPUTweakIII\GTIII-OSD\x64\GTIII-OSD64.dll
0x00007ff903750000 - 0x00007ff903bad000 	C:\Windows\SYSTEM32\D3DCOMPILER_47.dll
0x00007ff8fd730000 - 0x00007ff8fd761000 	C:\Windows\SYSTEM32\d3d10_1.dll
0x00007ff8e7bd0000 - 0x00007ff8e7bf5000 	C:\Windows\SYSTEM32\d3d12.dll
0x00007ff8fd720000 - 0x00007ff8fd72d000 	C:\Windows\SYSTEM32\d3d10_1core.dll
0x00007ff903bb0000 - 0x00007ff903e14000 	C:\Windows\SYSTEM32\d3d11.dll
0x00007ff907460000 - 0x00007ff907556000 	C:\Windows\SYSTEM32\dxgi.dll
0x000002c6ba3a0000 - 0x000002c6ba603000 	C:\Windows\SYSTEM32\d3dx9_43.dll
0x00007ff8d61b0000 - 0x00007ff8d6381000 	C:\Windows\SYSTEM32\d3d9.dll
0x00007ff8e7c20000 - 0x00007ff8e7ccc000 	C:\Windows\SYSTEM32\TextShaping.dll
0x000002c6ba300000 - 0x000002c6ba364000 	C:\Users\chuck\.gradle\caches\minecraft\net\minecraft\minecraft_natives\1.7.10\OpenAL64.dll
0x00007ff902450000 - 0x00007ff9024d5000 	C:\Windows\System32\MMDevApi.dll
0x00007ff8773b0000 - 0x00007ff87744c000 	C:\Windows\SYSTEM32\dsound.dll
0x00007ff8eb520000 - 0x00007ff8eb546000 	C:\Windows\SYSTEM32\winmmbase.dll
0x00007ff902520000 - 0x00007ff9026a1000 	C:\Windows\SYSTEM32\AUDIOSES.DLL
0x00007ff9061f0000 - 0x00007ff906204000 	C:\Windows\SYSTEM32\resourcepolicyclient.dll
0x00007ff8ed580000 - 0x00007ff8ed5b4000 	C:\Program Files\Java\jdk-1.8\jre\bin\jpeg.dll
0x00007ff8ed3e0000 - 0x00007ff8ed405000 	C:\Program Files\Java\jdk-1.8\jre\bin\sunec.dll
0x00007ff9028d0000 - 0x00007ff9028de000 	C:\Program Files\Java\jdk-1.8\jre\bin\sunmscapi.dll
0x00007ff9085a0000 - 0x00007ff9085c7000 	C:\Windows\SYSTEM32\ncrypt.dll
0x00007ff908560000 - 0x00007ff90859b000 	C:\Windows\SYSTEM32\NTASN1.dll
0x00007ff907060000 - 0x00007ff907261000 	C:\Windows\SYSTEM32\dbghelp.dll

VM Arguments:
jvm_args: -Dfile.encoding=UTF-8 -Duser.country=US -Duser.language=en -Duser.variant 
java_command: GradleStart
java_class_path (initial): C:\Users\chuck\.gradle\caches\minecraft\net\minecraftforge\forge\1.7.10-10.13.4.1614-1.7.10\start;C:\Users\chuck\.gradle\caches\minecraft\net\minecraftforge\forge\1.7.10-10.13.4.1614-1.7.10\forgeSrc-1.7.10-10.13.4.1614-1.7.10.jar;C:\Users\chuck\.gradle\caches\modules-2\files-2.1\net.minecraft\launchwrapper\1.12\111e7bea9c968cdb3d06ef4632bf7ff0824d0f36\launchwrapper-1.12.jar;C:\Users\chuck\.gradle\caches\modules-2\files-2.1\com.google.code.findbugs\jsr305\1.3.9\40719ea6961c0cb6afaeb6a921eaa1f6afd4cfdf\jsr305-1.3.9.jar;C:\Users\chuck\.gradle\caches\modules-2\files-2.1\org.ow2.asm\asm-debug-all\5.0.3\f9e364ae2a66ce2a543012a4668856e84e5dab74\asm-debug-all-5.0.3.jar;C:\Users\chuck\.gradle\caches\modules-2\files-2.1\com.typesafe.akka\akka-actor_2.11\2.3.3\ed62e9fc709ca0f2ff1a3220daa8b70a2870078e\akka-actor_2.11-2.3.3.jar;C:\Users\chuck\.gradle\caches\modules-2\files-2.1\com.typesafe\config\1.2.1\f771f71fdae3df231bcd54d5ca2d57f0bf93f467\config-1.2.1.jar;C:\Users\chuck\.gradle\caches\modules-2\files-2.1\org.scala-lang\scala-actors-migration_2.11\1.1.0\dfa8bc42b181d5b9f1a5dd147f8ae308b893eb6f\scala-actors-migration_2.11-1.1.0.jar;C:\Users\chuck\.gradle\caches\modules-2\files-2.1\org.scala-lang.plugins\scala-continuations-plugin_2.11.1\1.0.2\f361a3283452c57fa30c1ee69448995de23c60f7\scala-continuations-plugin_2.11.1-1.0.2.jar;C:\Users\chuck\.gradle\caches\modules-2\files-2.1\org.scala-lang\scala-compiler\2.11.1\56ea2e6c025e0821f28d73ca271218b8dd04926a\scala-compiler-2.11.1.jar;C:\Users\chuck\.gradle\caches\modules-2\files-2.1\org.scala-lang.plugins\scala-continuations-library_2.11\1.0.2\e517c53a7e9acd6b1668c5a35eccbaa3bab9aac\scala-continuations-library_2.11-1.0.2.jar;C:\Users\chuck\.gradle\caches\modules-2\files-2.1\org.scala-lang\scala-reflect\2.11.1\6580347e61cc7f8e802941e7fde40fa83b8badeb\scala-reflect-2.11.1.jar;C:\Users\chuck\.gradle\caches\modules-2\files-2.1\org.scala-lang\scala-actors\2.11.0\8ccfb6541de179bb1c4d45cf414acee069b7f78b\scala-a
Launcher Type: SUN_STANDARD

Environment Variables:
PATH=C:\Program Files\Eclipse Adoptium\jdk-8.0.462.8-hotspot\bin;C:\Program Files\Common Files\Oracle\Java\javapath;C:\Program Files (x86)\Common Files\Oracle\Java\java8path;C:\Program Files (x86)\Common Files\Oracle\Java\javapath;C:\Program Files (x86)\Razer Chroma SDK\bin;C:\Program Files\Razer Chroma SDK\bin;C:\Program Files (x86)\Razer\ChromaBroadcast\bin;C:\Program Files\Razer\ChromaBroadcast\bin;C:\Windows\system32;C:\Windows;C:\Windows\System32\Wbem;C:\Windows\System32\WindowsPowerShell\v1.0\;C:\Windows\System32\OpenSSH\;C:\Program Files (x86)\NVIDIA Corporation\PhysX\Common;C:\Windows\system32\config\systemprofile\AppData\Local\Microsoft\WindowsApps;C:\Program Files\dotnet\;C:\Program Files (x86)\Windows Live\Shared;C:\Program Files\Git\cmd;C:\Program Files\WorldPainter;C:\Program Files\NVIDIA Corporation\NVIDIA app\NvDLISR;C:\Users\chuck\AppData\Local\Microsoft\WindowsApps;;C:\Program Files\JetBrains\IntelliJ IDEA 2024.2.0.1\bin;
USERNAME=chuck
OS=Windows_NT
PROCESSOR_IDENTIFIER=Intel64 Family 6 Model 158 Stepping 13, GenuineIntel



---------------  S Y S T E M  ---------------

OS: Windows 10 , 64 bit Build 19041 (10.0.19041.5915)

CPU:total 16 (initial active 16) (8 cores per cpu, 2 threads per core) family 6 model 158 stepping 13, cmov, cx8, fxsr, mmx, sse, sse2, sse3, ssse3, sse4.1, sse4.2, popcnt, avx, avx2, aes, clmul, erms, 3dnowpref, lzcnt, ht, tsc, tscinvbit, bmi1, bmi2, adx

Memory: 4k page, physical 67022948k(47595020k free), swap 71217252k(37007756k free)

vm_info: Java HotSpot(TM) 64-Bit Server VM (25.471-b09) for windows-amd64 JRE (1.8.0_471-b09), built on Sep 26 2025 05:08:27 by "java_re" with MS VC++ 17.6 (VS2022)

time: Thu Nov 27 22:39:10 2025
timezone: Eastern Standard Time
elapsed time: 44.572117 seconds (0d 0h 0m 44s)

