#
# A fatal error has been detected by the Java Runtime Environment:
#
#  EXCEPTION_ACCESS_VIOLATION (0xc0000005) at pc=0x00007ff9bd2d82e9, pid=18548, tid=0x0000000000004360
#
# JRE version: Java(TM) SE Runtime Environment (8.0_471) (build 1.8.0_471-b09)
# Java VM: Java HotSpot(TM) 64-Bit Server VM (25.471-b09 mixed mode windows-amd64 compressed oops)
# Problematic frame:
# C  [nvoglv64.dll+0x8682e9]
#
# Failed to write core dump. Minidumps are not enabled by default on client versions of Windows
#
# If you would like to submit a bug report, please visit:
#   https://bugreport.java.com/bugreport/crash.jsp
#

---------------  T H R E A D  ---------------

Current thread (0x000002406b184800):  VMThread [stack: 0x000000f593900000,0x000000f593a00000] [id=17248]

siginfo: ExceptionCode=0xc0000005, reading address 0x0000000000001238

Registers:
RAX=0x0000000000000000, RBX=0x000002406f523720, RCX=0x0000000000000004, RDX=0x0000000000000000
RSP=0x000000f5939ff3a8, RBP=0x0000000000000000, RSI=0x0000000000000000, RDI=0x000002406f523720
R8 =0x0000000000000000, R9 =0x00000240743f3f80, R10=0x0000024034300000, R11=0x000000f5939ff3b0
R12=0x000002401dae0000, R13=0x000002401dc13820, R14=0x0000000000000000, R15=0x0000000000000000
RIP=0x00007ff9bd2d82e9, EFLAGS=0x0000000000010202

Top of Stack: (sp=0x000000f5939ff3a8)
0x000000f5939ff3a8:   000002401daebbf1 0000000000000000
0x000000f5939ff3b8:   0000000000000000 000002401dc13820
0x000000f5939ff3c8:   000002401dae0000 fffffffffffffffe
0x000000f5939ff3d8:   00007ffa871547b1 00000240743f4078
0x000000f5939ff3e8:   000002401dae8281 0000000000000000
0x000000f5939ff3f8:   0000000000000000 0000000000000000
0x000000f5939ff408:   000000f500000000 00000240743f4078
0x000000f5939ff418:   000002401dae7c71 00000240743f3f80
0x000000f5939ff428:   0000000000000000 000002406ee39540
0x000000f5939ff438:   00007ffa87155ba1 000002401dc13840
0x000000f5939ff448:   000002401db2ac0d 0000000000000040
0x000000f5939ff458:   00007ffa00000000 000000f5939ff598
0x000000f5939ff468:   0000024034300000 000002401dae0000
0x000000f5939ff478:   00000240343a8cc8 000002401db73f4c
0x000000f5939ff488:   0000000000000001 0000000000000001
0x000000f5939ff498:   000002401daea083 0000000000000000 

Instructions: (pc=0x00007ff9bd2d82e9)
0x00007ff9bd2d82c9:   af af af af af af af c3 cc cc cc cc cc cc cc cc
0x00007ff9bd2d82d9:   cc cc cc cc cc cc cc 65 48 8b 04 25 30 16 00 00
0x00007ff9bd2d82e9:   ff a0 38 12 00 00 cc cc cc cc cc cc cc cc cc cc
0x00007ff9bd2d82f9:   cc cc cc cc cc cc cc cc cc cc cc cc cc cc cc cc 


Register to memory mapping:

RAX=0x0000000000000000 is an unknown value
RBX=0x000002406f523720 is an unknown value
RCX=0x0000000000000004 is an unknown value
RDX=0x0000000000000000 is an unknown value
RSP=0x000000f5939ff3a8 is an unknown value
RBP=0x0000000000000000 is an unknown value
RSI=0x0000000000000000 is an unknown value
RDI=0x000002406f523720 is an unknown value
R8 =0x0000000000000000 is an unknown value
R9 =0x00000240743f3f80 is an unknown value
R10=0x0000024034300000 is an unknown value
R11=0x000000f5939ff3b0 is an unknown value
R12=0x000002401dae0000 is an unknown value
R13=0x000002401dc13820 is an unknown value
R14=0x0000000000000000 is an unknown value
R15=0x0000000000000000 is an unknown value


Stack: [0x000000f593900000,0x000000f593a00000],  sp=0x000000f5939ff3a8,  free space=1020k
Native frames: (J=compiled Java code, j=interpreted, Vv=VM code, C=native code)

VM_Operation (0x000000f592bfe7e0): Exit, mode: safepoint, requested by thread 0x000002403434b000


---------------  P R O C E S S  ---------------

Java Threads: ( => current thread )
  0x000002400ce4a000 JavaThread "AWT-Shutdown" [_thread_blocked, id=25348, stack(0x000000f592800000,0x000000f592900000)]
  0x000002400ce50000 JavaThread "File IO Thread" [_thread_blocked, id=27308, stack(0x000000f592900000,0x000000f592a00000)]
  0x0000024074d5d800 JavaThread "Netty IO #1" daemon [_thread_in_native, id=15156, stack(0x000000f595e00000,0x000000f595f00000)]
  0x0000024074d63000 JavaThread "Netty Client IO #0" daemon [_thread_in_native, id=25604, stack(0x000000f595d00000,0x000000f595e00000)]
  0x0000024074d61800 JavaThread "Netty IO #0" daemon [_thread_in_native, id=26440, stack(0x000000f595800000,0x000000f595900000)]
  0x0000024070e44000 JavaThread "LWJGL Timer" daemon [_thread_blocked, id=7892, stack(0x000000f595700000,0x000000f595800000)]
  0x0000024070c51800 JavaThread "Java2D Disposer" daemon [_thread_blocked, id=24892, stack(0x000000f594e00000,0x000000f594f00000)]
  0x0000024073bbc000 JavaThread "Timer hack thread" daemon [_thread_blocked, id=25216, stack(0x000000f594d00000,0x000000f594e00000)]
  0x00000240748af000 JavaThread "Snooper Timer" daemon [_thread_blocked, id=24952, stack(0x000000f594c00000,0x000000f594d00000)]
  0x000002406df82000 JavaThread "Service Thread" daemon [_thread_blocked, id=9100, stack(0x000000f594a00000,0x000000f594b00000)]
  0x000002406dea5800 JavaThread "C1 CompilerThread11" daemon [_thread_blocked, id=24264, stack(0x000000f594900000,0x000000f594a00000)]
  0x000002406deaa800 JavaThread "C1 CompilerThread10" daemon [_thread_blocked, id=1876, stack(0x000000f594800000,0x000000f594900000)]
  0x000002406deaa000 JavaThread "C1 CompilerThread9" daemon [_thread_blocked, id=19012, stack(0x000000f594700000,0x000000f594800000)]
  0x000002406dea7000 JavaThread "C1 CompilerThread8" daemon [_thread_blocked, id=16572, stack(0x000000f594600000,0x000000f594700000)]
  0x000002406dea8800 JavaThread "C2 CompilerThread7" daemon [_thread_blocked, id=1076, stack(0x000000f594500000,0x000000f594600000)]
  0x000002406dea7800 JavaThread "C2 CompilerThread6" daemon [_thread_blocked, id=8100, stack(0x000000f594400000,0x000000f594500000)]
  0x000002406dea9000 JavaThread "C2 CompilerThread5" daemon [_thread_blocked, id=16112, stack(0x000000f594300000,0x000000f594400000)]
  0x000002406debe800 JavaThread "C2 CompilerThread4" daemon [_thread_blocked, id=9368, stack(0x000000f594200000,0x000000f594300000)]
  0x000002406debc800 JavaThread "C2 CompilerThread3" daemon [_thread_blocked, id=7740, stack(0x000000f594100000,0x000000f594200000)]
  0x000002406debc000 JavaThread "C2 CompilerThread2" daemon [_thread_blocked, id=18452, stack(0x000000f594000000,0x000000f594100000)]
  0x000002406deb4000 JavaThread "C2 CompilerThread1" daemon [_thread_blocked, id=11276, stack(0x000000f593f00000,0x000000f594000000)]
  0x000002406deb1800 JavaThread "C2 CompilerThread0" daemon [_thread_blocked, id=23640, stack(0x000000f593e00000,0x000000f593f00000)]
  0x000002406deaf000 JavaThread "Attach Listener" daemon [_thread_blocked, id=21124, stack(0x000000f593d00000,0x000000f593e00000)]
  0x000002406dead000 JavaThread "Signal Dispatcher" daemon [_thread_blocked, id=11316, stack(0x000000f593c00000,0x000000f593d00000)]
  0x000002406de81000 JavaThread "Finalizer" daemon [_thread_blocked, id=4184, stack(0x000000f593b00000,0x000000f593c00000)]
  0x000002406b18c000 JavaThread "Reference Handler" daemon [_thread_blocked, id=9684, stack(0x000000f593a00000,0x000000f593b00000)]
  0x000002403434b000 JavaThread "Client thread" [_thread_blocked, id=17620, stack(0x000000f592b00000,0x000000f592c00000)]

Other Threads:
=>0x000002406b184800 VMThread [stack: 0x000000f593900000,0x000000f593a00000] [id=17248]

VM state:at safepoint (shutting down)

VM Mutex/Monitor currently owned by a thread:  ([mutex/lock_event])
[0x00000240343451c0] Threads_lock - owner thread: 0x000002406b184800

heap address: 0x00000003c1400000, size: 16364 MB, Compressed Oops mode: Zero based, Oop shift amount: 3
Narrow klass base: 0x0000000000000000, Narrow klass shift: 3
Compressed class space size: 1073741824 Address: 0x00000007c0000000

Heap:
 PSYoungGen      total 96256K, used 44167K [0x000000066b180000, 0x0000000671380000, 0x00000007c0000000)
  eden space 95744K, 45% used [0x000000066b180000,0x000000066dc81fa8,0x0000000670f00000)
  from space 512K, 25% used [0x0000000671300000,0x0000000671320000,0x0000000671380000)
  to   space 1536K, 0% used [0x0000000671080000,0x0000000671080000,0x0000000671200000)
 ParOldGen       total 407552K, used 195892K [0x00000003c1400000, 0x00000003da200000, 0x000000066b180000)
  object space 407552K, 48% used [0x00000003c1400000,0x00000003cd34d3a8,0x00000003da200000)
 Metaspace       used 44588K, capacity 45075K, committed 45568K, reserved 1089536K
  class space    used 5104K, capacity 5264K, committed 5376K, reserved 1048576K

Card table byte_map: [0x00000240450b0000,0x00000240470b0000] byte_map_base: 0x00000240432a6000

Marking Bits: (ParMarkBitMap*) 0x00007ff9c20aa3e0
 Begin Bits: [0x0000024048600000, 0x00000240585b0000)
 End Bits:   [0x00000240585b0000, 0x0000024068560000)

Polling page: 0x0000024035cc0000

CodeCache: size=245760Kb used=35241Kb max_used=37523Kb free=210518Kb
 bounds [0x0000024035cf0000, 0x0000024038440000, 0x0000024044cf0000]
 total_blobs=8809 nmethods=7928 adapters=785
 compilation: enabled

Compilation events (10 events):
Event: 340.769 Thread 0x000002406dea7800 nmethod 11717 0x0000024037590050 code [0x00000240375901a0, 0x00000240375904b8]
Event: 340.770 Thread 0x000002406deb4000 nmethod 11716 0x0000024036032390 code [0x0000024036032540, 0x0000024036032920]
Event: 340.778 Thread 0x000002406debc000 nmethod 11719 0x0000024036598f50 code [0x0000024036599120, 0x0000024036599ae8]
Event: 340.782 Thread 0x000002406dea8800 nmethod 11721 0x0000024036688250 code [0x0000024036688400, 0x00000240366890b8]
Event: 341.028 Thread 0x000002406deaa000 11724       3       java.util.IdentityHashMap$IdentityHashMapIterator::nextIndex (72 bytes)
Event: 341.028 Thread 0x000002406deaa000 nmethod 11724 0x000002403758f7d0 code [0x000002403758f960, 0x000002403758fdd0]
Event: 341.030 Thread 0x000002406deaa800 11725       3       org.apache.logging.log4j.core.helpers.NameUtil::getSubName (32 bytes)
Event: 341.030 Thread 0x000002406dea5800 11726       1       org.apache.logging.log4j.core.config.LoggerConfig::getLevel (5 bytes)
Event: 341.030 Thread 0x000002406dea5800 nmethod 11726 0x0000024036687f90 code [0x00000240366880e0, 0x00000240366881f8]
Event: 341.030 Thread 0x000002406deaa800 nmethod 11725 0x0000024036031ad0 code [0x0000024036031c60, 0x0000024036032200]

GC Heap History (10 events):
Event: 329.050 GC heap before
{Heap before GC invocations=129 (full 5):
 PSYoungGen      total 100352K, used 98496K [0x000000066b180000, 0x0000000671700000, 0x00000007c0000000)
  eden space 98304K, 100% used [0x000000066b180000,0x0000000671180000,0x0000000671180000)
  from space 2048K, 9% used [0x0000000671300000,0x0000000671330000,0x0000000671500000)
  to   space 2048K, 0% used [0x0000000671500000,0x0000000671500000,0x0000000671700000)
 ParOldGen       total 407552K, used 195884K [0x00000003c1400000, 0x00000003da200000, 0x000000066b180000)
  object space 407552K, 48% used [0x00000003c1400000,0x00000003cd34b3a8,0x00000003da200000)
 Metaspace       used 44546K, capacity 45043K, committed 45440K, reserved 1089536K
  class space    used 5095K, capacity 5232K, committed 5248K, reserved 1048576K
Event: 329.052 GC heap after
Heap after GC invocations=129 (full 5):
 PSYoungGen      total 98304K, used 96K [0x000000066b180000, 0x0000000671580000, 0x00000007c0000000)
  eden space 97792K, 0% used [0x000000066b180000,0x000000066b180000,0x0000000671100000)
  from space 512K, 18% used [0x0000000671500000,0x0000000671518000,0x0000000671580000)
  to   space 1536K, 0% used [0x0000000671280000,0x0000000671280000,0x0000000671400000)
 ParOldGen       total 407552K, used 195884K [0x00000003c1400000, 0x00000003da200000, 0x000000066b180000)
  object space 407552K, 48% used [0x00000003c1400000,0x00000003cd34b3a8,0x00000003da200000)
 Metaspace       used 44546K, capacity 45043K, committed 45440K, reserved 1089536K
  class space    used 5095K, capacity 5232K, committed 5248K, reserved 1048576K
}
Event: 331.730 GC heap before
{Heap before GC invocations=130 (full 5):
 PSYoungGen      total 98304K, used 97887K [0x000000066b180000, 0x0000000671580000, 0x00000007c0000000)
  eden space 97792K, 99% used [0x000000066b180000,0x00000006710fff98,0x0000000671100000)
  from space 512K, 18% used [0x0000000671500000,0x0000000671518000,0x0000000671580000)
  to   space 1536K, 0% used [0x0000000671280000,0x0000000671280000,0x0000000671400000)
 ParOldGen       total 407552K, used 195884K [0x00000003c1400000, 0x00000003da200000, 0x000000066b180000)
  object space 407552K, 48% used [0x00000003c1400000,0x00000003cd34b3a8,0x00000003da200000)
 Metaspace       used 44546K, capacity 45043K, committed 45440K, reserved 1089536K
  class space    used 5095K, capacity 5232K, committed 5248K, reserved 1048576K
Event: 331.731 GC heap after
Heap after GC invocations=130 (full 5):
 PSYoungGen      total 98816K, used 160K [0x000000066b180000, 0x0000000671580000, 0x00000007c0000000)
  eden space 97280K, 0% used [0x000000066b180000,0x000000066b180000,0x0000000671080000)
  from space 1536K, 10% used [0x0000000671280000,0x00000006712a8000,0x0000000671400000)
  to   space 1536K, 0% used [0x0000000671400000,0x0000000671400000,0x0000000671580000)
 ParOldGen       total 407552K, used 195884K [0x00000003c1400000, 0x00000003da200000, 0x000000066b180000)
  object space 407552K, 48% used [0x00000003c1400000,0x00000003cd34b3a8,0x00000003da200000)
 Metaspace       used 44546K, capacity 45043K, committed 45440K, reserved 1089536K
  class space    used 5095K, capacity 5232K, committed 5248K, reserved 1048576K
}
Event: 334.346 GC heap before
{Heap before GC invocations=131 (full 5):
 PSYoungGen      total 98816K, used 97440K [0x000000066b180000, 0x0000000671580000, 0x00000007c0000000)
  eden space 97280K, 100% used [0x000000066b180000,0x0000000671080000,0x0000000671080000)
  from space 1536K, 10% used [0x0000000671280000,0x00000006712a8000,0x0000000671400000)
  to   space 1536K, 0% used [0x0000000671400000,0x0000000671400000,0x0000000671580000)
 ParOldGen       total 407552K, used 195884K [0x00000003c1400000, 0x00000003da200000, 0x000000066b180000)
  object space 407552K, 48% used [0x00000003c1400000,0x00000003cd34b3a8,0x00000003da200000)
 Metaspace       used 44546K, capacity 45043K, committed 45440K, reserved 1089536K
  class space    used 5095K, capacity 5232K, committed 5248K, reserved 1048576K
Event: 334.347 GC heap after
Heap after GC invocations=131 (full 5):
 PSYoungGen      total 97280K, used 128K [0x000000066b180000, 0x0000000671480000, 0x00000007c0000000)
  eden space 96768K, 0% used [0x000000066b180000,0x000000066b180000,0x0000000671000000)
  from space 512K, 25% used [0x0000000671400000,0x0000000671420000,0x0000000671480000)
  to   space 1536K, 0% used [0x0000000671180000,0x0000000671180000,0x0000000671300000)
 ParOldGen       total 407552K, used 195884K [0x00000003c1400000, 0x00000003da200000, 0x000000066b180000)
  object space 407552K, 48% used [0x00000003c1400000,0x00000003cd34b3a8,0x00000003da200000)
 Metaspace       used 44546K, capacity 45043K, committed 45440K, reserved 1089536K
  class space    used 5095K, capacity 5232K, committed 5248K, reserved 1048576K
}
Event: 336.979 GC heap before
{Heap before GC invocations=132 (full 5):
 PSYoungGen      total 97280K, used 96896K [0x000000066b180000, 0x0000000671480000, 0x00000007c0000000)
  eden space 96768K, 100% used [0x000000066b180000,0x0000000671000000,0x0000000671000000)
  from space 512K, 25% used [0x0000000671400000,0x0000000671420000,0x0000000671480000)
  to   space 1536K, 0% used [0x0000000671180000,0x0000000671180000,0x0000000671300000)
 ParOldGen       total 407552K, used 195884K [0x00000003c1400000, 0x00000003da200000, 0x000000066b180000)
  object space 407552K, 48% used [0x00000003c1400000,0x00000003cd34b3a8,0x00000003da200000)
 Metaspace       used 44546K, capacity 45043K, committed 45440K, reserved 1089536K
  class space    used 5095K, capacity 5232K, committed 5248K, reserved 1048576K
Event: 336.980 GC heap after
Heap after GC invocations=132 (full 5):
 PSYoungGen      total 97792K, used 160K [0x000000066b180000, 0x0000000671480000, 0x00000007c0000000)
  eden space 96256K, 0% used [0x000000066b180000,0x000000066b180000,0x0000000670f80000)
  from space 1536K, 10% used [0x0000000671180000,0x00000006711a8000,0x0000000671300000)
  to   space 1536K, 0% used [0x0000000671300000,0x0000000671300000,0x0000000671480000)
 ParOldGen       total 407552K, used 195884K [0x00000003c1400000, 0x00000003da200000, 0x000000066b180000)
  object space 407552K, 48% used [0x00000003c1400000,0x00000003cd34b3a8,0x00000003da200000)
 Metaspace       used 44546K, capacity 45043K, committed 45440K, reserved 1089536K
  class space    used 5095K, capacity 5232K, committed 5248K, reserved 1048576K
}
Event: 339.609 GC heap before
{Heap before GC invocations=133 (full 5):
 PSYoungGen      total 97792K, used 96416K [0x000000066b180000, 0x0000000671480000, 0x00000007c0000000)
  eden space 96256K, 100% used [0x000000066b180000,0x0000000670f80000,0x0000000670f80000)
  from space 1536K, 10% used [0x0000000671180000,0x00000006711a8000,0x0000000671300000)
  to   space 1536K, 0% used [0x0000000671300000,0x0000000671300000,0x0000000671480000)
 ParOldGen       total 407552K, used 195884K [0x00000003c1400000, 0x00000003da200000, 0x000000066b180000)
  object space 407552K, 48% used [0x00000003c1400000,0x00000003cd34b3a8,0x00000003da200000)
 Metaspace       used 44546K, capacity 45043K, committed 45440K, reserved 1089536K
  class space    used 5095K, capacity 5232K, committed 5248K, reserved 1048576K
Event: 339.611 GC heap after
Heap after GC invocations=133 (full 5):
 PSYoungGen      total 96256K, used 128K [0x000000066b180000, 0x0000000671380000, 0x00000007c0000000)
  eden space 95744K, 0% used [0x000000066b180000,0x000000066b180000,0x0000000670f00000)
  from space 512K, 25% used [0x0000000671300000,0x0000000671320000,0x0000000671380000)
  to   space 1536K, 0% used [0x0000000671080000,0x0000000671080000,0x0000000671200000)
 ParOldGen       total 407552K, used 195892K [0x00000003c1400000, 0x00000003da200000, 0x000000066b180000)
  object space 407552K, 48% used [0x00000003c1400000,0x00000003cd34d3a8,0x00000003da200000)
 Metaspace       used 44546K, capacity 45043K, committed 45440K, reserved 1089536K
  class space    used 5095K, capacity 5232K, committed 5248K, reserved 1048576K
}

Deoptimization events (10 events):
Event: 340.747 Thread 0x0000024074d5d800 Uncommon trap: reason=class_check action=maybe_recompile pc=0x000002403803b13c method=io.netty.util.concurrent.DefaultPromise.notifyListener0(Lio/netty/util/concurrent/Future;Lio/netty/util/concurrent/GenericFutureListener;)V @ 2
Event: 340.748 Thread 0x0000024074d63000 Uncommon trap: reason=null_check action=make_not_entrant pc=0x0000024037f59a30 method=io.netty.util.DefaultAttributeMap.attr(Lio/netty/util/AttributeKey;)Lio/netty/util/Attribute; @ 46
Event: 340.748 Thread 0x0000024074d5d800 Uncommon trap: reason=null_check action=make_not_entrant pc=0x0000024037f59a30 method=io.netty.util.DefaultAttributeMap.attr(Lio/netty/util/AttributeKey;)Lio/netty/util/Attribute; @ 46
Event: 340.748 Thread 0x0000024074d63000 Uncommon trap: reason=unstable_if action=reinterpret pc=0x000002403667b994 method=io.netty.channel.local.LocalChannel.isActive()Z @ 5
Event: 340.748 Thread 0x0000024074d63000 Uncommon trap: reason=unstable_if action=reinterpret pc=0x00000240365de4d4 method=io.netty.channel.local.LocalChannel.isOpen()Z @ 5
Event: 340.748 Thread 0x0000024074d63000 Uncommon trap: reason=class_check action=maybe_recompile pc=0x0000024036617ea8 method=java.util.HashSet.remove(Ljava/lang/Object;)Z @ 5
Event: 340.748 Thread 0x0000024074d63000 Uncommon trap: reason=unstable_if action=reinterpret pc=0x00000240380353b4 method=io.netty.channel.local.LocalChannel.isActive()Z @ 5
Event: 340.749 Thread 0x0000024074d5d800 Uncommon trap: reason=class_check action=maybe_recompile pc=0x0000024036617ea8 method=java.util.HashSet.remove(Ljava/lang/Object;)Z @ 5
Event: 340.769 Thread 0x0000024074d5e800 Uncommon trap: reason=class_check action=maybe_recompile pc=0x000002403634d5c4 method=cpw.mods.fml.common.asm.transformers.deobf.FMLDeobfuscatingRemapper.map(Ljava/lang/String;)Ljava/lang/String; @ 11
Event: 341.027 Thread 0x000002403434b000 Uncommon trap: reason=unstable_if action=reinterpret pc=0x00000240364508d8 method=cpw.mods.fml.relauncher.FMLSecurityManager.checkPermission(Ljava/security/Permission;)V @ 23

Classes redefined (0 events):
No events

Internal exceptions (10 events):
Event: 340.615 Thread 0x0000024074d5d000 Exception <a 'java/lang/InterruptedException': sleep interrupted> (0x000000066d4cb240) thrown at [C:\jenkins\workspace\8-2-build-windows-x64-cygwin-sans-NAS\jdk8u471\2292\hotspot\src\share\vm\prims\jvm.cpp, line 3359]
Event: 340.623 Thread 0x0000024074d5d000 Exception <a 'java/lang/InterruptedException': sleep interrupted> (0x000000066d6a5ba8) thrown at [C:\jenkins\workspace\8-2-build-windows-x64-cygwin-sans-NAS\jdk8u471\2292\hotspot\src\share\vm\prims\jvm.cpp, line 3359]
Event: 340.632 Thread 0x0000024074d5d000 Exception <a 'java/lang/InterruptedException': sleep interrupted> (0x000000066d6a5e00) thrown at [C:\jenkins\workspace\8-2-build-windows-x64-cygwin-sans-NAS\jdk8u471\2292\hotspot\src\share\vm\prims\jvm.cpp, line 3359]
Event: 340.639 Thread 0x0000024074d5d000 Exception <a 'java/lang/InterruptedException': sleep interrupted> (0x000000066d6a6058) thrown at [C:\jenkins\workspace\8-2-build-windows-x64-cygwin-sans-NAS\jdk8u471\2292\hotspot\src\share\vm\prims\jvm.cpp, line 3359]
Event: 340.648 Thread 0x0000024074d5d000 Exception <a 'java/lang/InterruptedException': sleep interrupted> (0x000000066d6a62b0) thrown at [C:\jenkins\workspace\8-2-build-windows-x64-cygwin-sans-NAS\jdk8u471\2292\hotspot\src\share\vm\prims\jvm.cpp, line 3359]
Event: 340.711 Thread 0x0000024074d5d000 Exception <a 'java/lang/InterruptedException': sleep interrupted> (0x000000066d6a6508) thrown at [C:\jenkins\workspace\8-2-build-windows-x64-cygwin-sans-NAS\jdk8u471\2292\hotspot\src\share\vm\prims\jvm.cpp, line 3359]
Event: 340.776 Thread 0x0000024074d5d000 Exception <a 'java/lang/InterruptedException': sleep interrupted> (0x000000066d6a6760) thrown at [C:\jenkins\workspace\8-2-build-windows-x64-cygwin-sans-NAS\jdk8u471\2292\hotspot\src\share\vm\prims\jvm.cpp, line 3359]
Event: 340.776 Thread 0x0000024074d5d000 Exception <a 'java/lang/InterruptedException': sleep interrupted> (0x000000066db2a838) thrown at [C:\jenkins\workspace\8-2-build-windows-x64-cygwin-sans-NAS\jdk8u471\2292\hotspot\src\share\vm\prims\jvm.cpp, line 3359]
Event: 340.877 Thread 0x0000024074d69800 Exception <a 'java/lang/InterruptedException': sleep interrupted> (0x000000066b35aed8) thrown at [C:\jenkins\workspace\8-2-build-windows-x64-cygwin-sans-NAS\jdk8u471\2292\hotspot\src\share\vm\prims\jvm.cpp, line 3359]
Event: 341.027 Thread 0x000002403434b000 Exception <a 'org/lwjgl/LWJGLException': Failed to set device gamma.> (0x000000066d6f3fa8) thrown at [C:\jenkins\workspace\8-2-build-windows-x64-cygwin-sans-NAS\jdk8u471\2292\hotspot\src\share\vm\prims\jni.cpp, line 737]

Events (10 events):
Event: 341.030 Thread 0x000002400ce53000 Thread exited: 0x000002400ce53000
Event: 341.030 loading class javax/servlet/ServletContext
Event: 341.030 loading class javax/servlet/ServletContext done
Event: 341.030 Thread 0x000002400ce51800 Thread exited: 0x000002400ce51800
Event: 341.030 Thread 0x000002400ce48000 Thread exited: 0x000002400ce48000
Event: 341.032 Executing VM operation: RevokeBias
Event: 341.033 Executing VM operation: RevokeBias done
Event: 341.033 Thread 0x0000024074d69000 Thread exited: 0x0000024074d69000
Event: 341.130 Thread 0x000002400ce4b800 Thread exited: 0x000002400ce4b800
Event: 341.130 Executing VM operation: Exit


Dynamic libraries:
0x00007ff615610000 - 0x00007ff61565f000 	C:\Program Files\Java\jdk-1.8\bin\java.exe
0x00007ffa87130000 - 0x00007ffa87328000 	C:\Windows\SYSTEM32\ntdll.dll
0x00007ffa85800000 - 0x00007ffa858c2000 	C:\Windows\System32\KERNEL32.DLL
0x00007ffa847f0000 - 0x00007ffa84ae6000 	C:\Windows\System32\KERNELBASE.dll
0x00007ffa85d80000 - 0x00007ffa85e31000 	C:\Windows\System32\ADVAPI32.dll
0x00007ffa85390000 - 0x00007ffa8542e000 	C:\Windows\System32\msvcrt.dll
0x00007ffa85460000 - 0x00007ffa854ff000 	C:\Windows\System32\sechost.dll
0x00007ffa85260000 - 0x00007ffa85380000 	C:\Windows\System32\RPCRT4.dll
0x00007ffa84e10000 - 0x00007ffa84e37000 	C:\Windows\System32\bcrypt.dll
0x00007ffa85a80000 - 0x00007ffa85c21000 	C:\Windows\System32\USER32.dll
0x00007ffa847c0000 - 0x00007ffa847e2000 	C:\Windows\System32\win32u.dll
0x00007ffa85430000 - 0x00007ffa8545b000 	C:\Windows\System32\GDI32.dll
0x00007ffa84b80000 - 0x00007ffa84c99000 	C:\Windows\System32\gdi32full.dll
0x00007ffa84ca0000 - 0x00007ffa84d3d000 	C:\Windows\System32\msvcp_win.dll
0x00007ffa84ef0000 - 0x00007ffa84ff0000 	C:\Windows\System32\ucrtbase.dll
0x00007ffa67bc0000 - 0x00007ffa67e5b000 	C:\Windows\WinSxS\amd64_microsoft.windows.common-controls_6595b64144ccf1df_6.0.19041.6456_none_60b8a6cb71f64256\COMCTL32.dll
0x00007ffa851b0000 - 0x00007ffa851df000 	C:\Windows\System32\IMM32.DLL
0x00007ffa39d40000 - 0x00007ffa39d5b000 	C:\Program Files\Java\jdk-1.8\jre\bin\vcruntime140.dll
0x00007ffa39d30000 - 0x00007ffa39d3c000 	C:\Program Files\Java\jdk-1.8\jre\bin\vcruntime140_1.dll
0x00007ffa39ca0000 - 0x00007ffa39d2e000 	C:\Program Files\Java\jdk-1.8\jre\bin\msvcp140.dll
0x00007ff9c18d0000 - 0x00007ff9c217a000 	C:\Program Files\Java\jdk-1.8\jre\bin\server\jvm.dll
0x00007ffa85380000 - 0x00007ffa85388000 	C:\Windows\System32\PSAPI.DLL
0x00007ffa79780000 - 0x00007ffa797a7000 	C:\Windows\SYSTEM32\WINMM.dll
0x00007ffa356d0000 - 0x00007ffa356d9000 	C:\Windows\SYSTEM32\WSOCK32.dll
0x00007ffa7cd80000 - 0x00007ffa7cd8a000 	C:\Windows\SYSTEM32\VERSION.dll
0x00007ffa85700000 - 0x00007ffa8576b000 	C:\Windows\System32\WS2_32.dll
0x00007ffa82ff0000 - 0x00007ffa83002000 	C:\Windows\SYSTEM32\kernel.appcore.dll
0x00007ffa35430000 - 0x00007ffa35440000 	C:\Program Files\Java\jdk-1.8\jre\bin\verify.dll
0x00007ff9c3720000 - 0x00007ff9c374b000 	C:\Program Files\Java\jdk-1.8\jre\bin\java.dll
0x00007ff9d6ef0000 - 0x00007ff9d6f08000 	C:\Program Files\Java\jdk-1.8\jre\bin\zip.dll
0x00007ffa86610000 - 0x00007ffa86d80000 	C:\Windows\System32\SHELL32.dll
0x00007ffa823d0000 - 0x00007ffa82b75000 	C:\Windows\SYSTEM32\windows.storage.dll
0x00007ffa85e40000 - 0x00007ffa86194000 	C:\Windows\System32\combase.dll
0x00007ffa84110000 - 0x00007ffa8413b000 	C:\Windows\SYSTEM32\Wldp.dll
0x00007ffa85630000 - 0x00007ffa856fd000 	C:\Windows\System32\OLEAUT32.dll
0x00007ffa86f60000 - 0x00007ffa8700d000 	C:\Windows\System32\SHCORE.dll
0x00007ffa851e0000 - 0x00007ffa8523b000 	C:\Windows\System32\shlwapi.dll
0x00007ffa846f0000 - 0x00007ffa84714000 	C:\Windows\SYSTEM32\profapi.dll
0x00007ffa35370000 - 0x00007ffa3537d000 	C:\Program Files\Java\jdk-1.8\jre\bin\management.dll
0x00007ff9c18b0000 - 0x00007ff9c18cc000 	C:\Program Files\Java\jdk-1.8\jre\bin\net.dll
0x00007ffa83e70000 - 0x00007ffa83eda000 	C:\Windows\system32\mswsock.dll
0x00007ff9c1890000 - 0x00007ff9c18a3000 	C:\Program Files\Java\jdk-1.8\jre\bin\nio.dll
0x00007ffa59460000 - 0x00007ffa59477000 	C:\Windows\system32\napinsp.dll
0x00007ffa59480000 - 0x00007ffa5949b000 	C:\Windows\system32\pnrpnsp.dll
0x00007ffa80f70000 - 0x00007ffa80f8d000 	C:\Windows\system32\wshbth.dll
0x00007ffa7ff70000 - 0x00007ffa7ff8d000 	C:\Windows\system32\NLAapi.dll
0x00007ffa83b50000 - 0x00007ffa83b8b000 	C:\Windows\SYSTEM32\IPHLPAPI.DLL
0x00007ffa83b90000 - 0x00007ffa83c5a000 	C:\Windows\SYSTEM32\DNSAPI.dll
0x00007ffa85620000 - 0x00007ffa85628000 	C:\Windows\System32\NSI.dll
0x00007ffa594a0000 - 0x00007ffa594b2000 	C:\Windows\System32\winrnr.dll
0x00007ffa7cda0000 - 0x00007ffa7cdaa000 	C:\Windows\System32\rasadhlp.dll
0x00007ffa692f0000 - 0x00007ffa69370000 	C:\Windows\System32\fwpuclnt.dll
0x0000000180000000 - 0x0000000180051000 	C:\Users\chuck\.gradle\caches\minecraft\net\minecraft\minecraft_natives\1.7.10\lwjgl64.dll
0x00007ff9f1b00000 - 0x00007ff9f1c28000 	C:\Windows\SYSTEM32\OPENGL32.dll
0x00007ff9f1ad0000 - 0x00007ff9f1afc000 	C:\Windows\SYSTEM32\GLU32.dll
0x00007ffa84070000 - 0x00007ffa84088000 	C:\Windows\SYSTEM32\CRYPTSP.dll
0x00007ffa83790000 - 0x00007ffa837c8000 	C:\Windows\system32\rsaenh.dll
0x00007ffa846b0000 - 0x00007ffa846de000 	C:\Windows\SYSTEM32\USERENV.dll
0x00007ffa84af0000 - 0x00007ffa84b72000 	C:\Windows\System32\bcryptprimitives.dll
0x00007ffa84060000 - 0x00007ffa8406c000 	C:\Windows\SYSTEM32\CRYPTBASE.dll
0x00007ffa7cdb0000 - 0x00007ffa7cdc7000 	C:\Windows\SYSTEM32\dhcpcsvc6.DLL
0x00007ffa7cf60000 - 0x00007ffa7cf7d000 	C:\Windows\SYSTEM32\dhcpcsvc.DLL
0x00007ff9bf3d0000 - 0x00007ff9bf54e000 	C:\Program Files\Java\jdk-1.8\jre\bin\awt.dll
0x00007ffa80480000 - 0x00007ffa80514000 	C:\Windows\SYSTEM32\apphelp.dll
0x00007ffa772b0000 - 0x00007ffa7735e000 	C:\Windows\SYSTEM32\mscms.dll
0x00007ffa77290000 - 0x00007ffa772a1000 	C:\Windows\SYSTEM32\ColorAdapterClient.dll
0x00007ffa81d00000 - 0x00007ffa81d9e000 	C:\Windows\system32\uxtheme.dll
0x00000240765e0000 - 0x000002407e653000 	C:\Program Files (x86)\ASUS\GPUTweakIII\GTIII-OSD\x64\GTIII-OSD64-VK.dll
0x00007ffa86d80000 - 0x00007ffa86eab000 	C:\Windows\System32\ole32.dll
0x00007ff9f2450000 - 0x00007ff9f25d6000 	C:\Windows\SYSTEM32\vulkan-1.dll
0x00007ffa84dc0000 - 0x00007ffa84e0e000 	C:\Windows\System32\CFGMGR32.dll
0x00007ffa85500000 - 0x00007ffa85615000 	C:\Windows\System32\MSCTF.dll
0x00007ffa86eb0000 - 0x00007ffa86f59000 	C:\Windows\System32\clbcatq.dll
0x00007ff9bca70000 - 0x00007ff9bf3c4000 	C:\Windows\System32\DriverStore\FileRepository\nv_dispi.inf_amd64_20ae8f14a487d5db\nvoglv64.dll
0x00007ffa861a0000 - 0x00007ffa86610000 	C:\Windows\System32\SETUPAPI.dll
0x00007ffa7f510000 - 0x00007ffa7f524000 	C:\Windows\SYSTEM32\WTSAPI32.dll
0x00007ffa842a0000 - 0x00007ffa842b2000 	C:\Windows\SYSTEM32\msasn1.dll
0x00007ffa7ce30000 - 0x00007ffa7ce61000 	C:\Windows\SYSTEM32\cryptnet.dll
0x00007ffa84ff0000 - 0x00007ffa8514d000 	C:\Windows\System32\CRYPT32.dll
0x00007ffa7cb20000 - 0x00007ffa7cc67000 	C:\Windows\SYSTEM32\drvstore.dll
0x00007ffa84470000 - 0x00007ffa844a3000 	C:\Windows\SYSTEM32\devobj.dll
0x00007ffa84d40000 - 0x00007ffa84db3000 	C:\Windows\System32\WINTRUST.dll
0x00007ffa839e0000 - 0x00007ffa83a13000 	C:\Windows\SYSTEM32\ntmarta.dll
0x00007ffa85240000 - 0x00007ffa8525d000 	C:\Windows\System32\imagehlp.dll
0x00007ffa717b0000 - 0x00007ffa75544000 	C:\Windows\System32\DriverStore\FileRepository\nv_dispi.inf_amd64_20ae8f14a487d5db\nvgpucomp64.dll
0x00007ffa75910000 - 0x00007ffa7594b000 	C:\Windows\SYSTEM32\dxcore.dll
0x00007ffa082d0000 - 0x00007ffa08417000 	C:\Windows\system32\nvspcap64.dll
0x00007ffa82010000 - 0x00007ffa8203e000 	C:\Windows\SYSTEM32\dwmapi.dll
0x00007ffa7a760000 - 0x00007ffa7a859000 	C:\Windows\SYSTEM32\textinputframework.dll
0x00007ffa7ff90000 - 0x00007ffa80082000 	C:\Windows\System32\CoreMessaging.dll
0x00007ffa7fc10000 - 0x00007ffa7ff6b000 	C:\Windows\System32\CoreUIComponents.dll
0x00007ffa813d0000 - 0x00007ffa81527000 	C:\Windows\SYSTEM32\wintypes.dll
0x00007ff9d8c00000 - 0x00007ff9d8c45000 	C:\Windows\SYSTEM32\icm32.dll
0x00007ffa84620000 - 0x00007ffa8466b000 	C:\Windows\SYSTEM32\powrprof.dll
0x00007ffa84600000 - 0x00007ffa84612000 	C:\Windows\SYSTEM32\UMPDC.dll
0x00007ffa844e0000 - 0x00007ffa84543000 	C:\Windows\SYSTEM32\WINSTA.dll
0x0000000070a40000 - 0x0000000070adc000 	C:\Users\chuck\.gradle\caches\minecraft\net\minecraft\minecraft_natives\1.7.10\avutil-ttv-51.dll
0x0000000065980000 - 0x00000000659d6000 	C:\Users\chuck\.gradle\caches\minecraft\net\minecraft\minecraft_natives\1.7.10\swresample-ttv-0.dll
0x000000006eb80000 - 0x000000006ec50000 	C:\Users\chuck\.gradle\caches\minecraft\net\minecraft\minecraft_natives\1.7.10\libmp3lame-ttv.dll
0x00007ff9bb6c0000 - 0x00007ff9bca64000 	C:\Users\chuck\.gradle\caches\minecraft\net\minecraft\minecraft_natives\1.7.10\libmfxsw64.dll
0x00007ff9d8ad0000 - 0x00007ff9d8bfb000 	C:\Users\chuck\.gradle\caches\minecraft\net\minecraft\minecraft_natives\1.7.10\twitchsdk.dll
0x00007ffa65600000 - 0x00007ffa65ad6000 	C:\Windows\SYSTEM32\WININET.dll
0x000002401dae0000 - 0x0000024025b31000 	C:\Program Files (x86)\ASUS\GPUTweakIII\GTIII-OSD\x64\GTIII-OSD64-GL.dll
0x0000000056ee0000 - 0x0000000056f43000 	C:\Program Files (x86)\ASUS\GPUTweakIII\GTIII-OSD\x64\glew32.dll
0x0000024025b40000 - 0x000002402dcc7000 	C:\Program Files (x86)\ASUS\GPUTweakIII\GTIII-OSD\x64\GTIII-OSD64.dll
0x00007ff9f1c30000 - 0x00007ff9f1e93000 	C:\Windows\SYSTEM32\d3dx9_43.dll
0x00007ffa7e4e0000 - 0x00007ffa7e93d000 	C:\Windows\SYSTEM32\D3DCOMPILER_47.dll
0x00007ff9f1ea0000 - 0x00007ff9f1ed1000 	C:\Windows\SYSTEM32\d3d10_1.dll
0x00007ffa6b6e0000 - 0x00007ffa6b705000 	C:\Windows\SYSTEM32\d3d12.dll
0x00007ffa7e940000 - 0x00007ffa7eba4000 	C:\Windows\SYSTEM32\d3d11.dll
0x00007ffa58980000 - 0x00007ffa5898d000 	C:\Windows\SYSTEM32\d3d10_1core.dll
0x00007ffa83040000 - 0x00007ffa83136000 	C:\Windows\SYSTEM32\dxgi.dll
0x00007ffa515c0000 - 0x00007ffa51791000 	C:\Windows\SYSTEM32\d3d9.dll
0x00007ffa6b540000 - 0x00007ffa6b5ec000 	C:\Windows\SYSTEM32\TextShaping.dll
0x0000024003d50000 - 0x0000024003db4000 	C:\Users\chuck\.gradle\caches\minecraft\net\minecraft\minecraft_natives\1.7.10\OpenAL64.dll
0x00007ffa7e130000 - 0x00007ffa7e1b5000 	C:\Windows\System32\MMDevApi.dll
0x00007ff9d6fc0000 - 0x00007ff9d705c000 	C:\Windows\SYSTEM32\dsound.dll
0x00007ffa65bb0000 - 0x00007ffa65bd6000 	C:\Windows\SYSTEM32\winmmbase.dll
0x00007ffa7e260000 - 0x00007ffa7e3e1000 	C:\Windows\SYSTEM32\AUDIOSES.DLL
0x00007ffa81dd0000 - 0x00007ffa81de4000 	C:\Windows\SYSTEM32\resourcepolicyclient.dll
0x00007ff9d8c70000 - 0x00007ff9d8ca4000 	C:\Program Files\Java\jdk-1.8\jre\bin\jpeg.dll
0x00007ff9c1860000 - 0x00007ff9c1885000 	C:\Program Files\Java\jdk-1.8\jre\bin\sunec.dll
0x00007ff9d9770000 - 0x00007ff9d977e000 	C:\Program Files\Java\jdk-1.8\jre\bin\sunmscapi.dll
0x00007ffa84180000 - 0x00007ffa841a7000 	C:\Windows\SYSTEM32\ncrypt.dll
0x00007ffa84140000 - 0x00007ffa8417b000 	C:\Windows\SYSTEM32\NTASN1.dll
0x00007ffa82c40000 - 0x00007ffa82e41000 	C:\Windows\SYSTEM32\dbghelp.dll

VM Arguments:
jvm_args: -Dfile.encoding=UTF-8 -Duser.country=US -Duser.language=en -Duser.variant 
java_command: GradleStart
java_class_path (initial): C:\Users\chuck\.gradle\caches\minecraft\net\minecraftforge\forge\1.7.10-10.13.4.1614-1.7.10\start;C:\Users\chuck\.gradle\caches\minecraft\net\minecraftforge\forge\1.7.10-10.13.4.1614-1.7.10\forgeSrc-1.7.10-10.13.4.1614-1.7.10.jar;C:\Users\chuck\.gradle\caches\modules-2\files-2.1\net.minecraft\launchwrapper\1.12\111e7bea9c968cdb3d06ef4632bf7ff0824d0f36\launchwrapper-1.12.jar;C:\Users\chuck\.gradle\caches\modules-2\files-2.1\com.google.code.findbugs\jsr305\1.3.9\40719ea6961c0cb6afaeb6a921eaa1f6afd4cfdf\jsr305-1.3.9.jar;C:\Users\chuck\.gradle\caches\modules-2\files-2.1\org.ow2.asm\asm-debug-all\5.0.3\f9e364ae2a66ce2a543012a4668856e84e5dab74\asm-debug-all-5.0.3.jar;C:\Users\chuck\.gradle\caches\modules-2\files-2.1\com.typesafe.akka\akka-actor_2.11\2.3.3\ed62e9fc709ca0f2ff1a3220daa8b70a2870078e\akka-actor_2.11-2.3.3.jar;C:\Users\chuck\.gradle\caches\modules-2\files-2.1\com.typesafe\config\1.2.1\f771f71fdae3df231bcd54d5ca2d57f0bf93f467\config-1.2.1.jar;C:\Users\chuck\.gradle\caches\modules-2\files-2.1\org.scala-lang\scala-actors-migration_2.11\1.1.0\dfa8bc42b181d5b9f1a5dd147f8ae308b893eb6f\scala-actors-migration_2.11-1.1.0.jar;C:\Users\chuck\.gradle\caches\modules-2\files-2.1\org.scala-lang.plugins\scala-continuations-plugin_2.11.1\1.0.2\f361a3283452c57fa30c1ee69448995de23c60f7\scala-continuations-plugin_2.11.1-1.0.2.jar;C:\Users\chuck\.gradle\caches\modules-2\files-2.1\org.scala-lang\scala-compiler\2.11.1\56ea2e6c025e0821f28d73ca271218b8dd04926a\scala-compiler-2.11.1.jar;C:\Users\chuck\.gradle\caches\modules-2\files-2.1\org.scala-lang.plugins\scala-continuations-library_2.11\1.0.2\e517c53a7e9acd6b1668c5a35eccbaa3bab9aac\scala-continuations-library_2.11-1.0.2.jar;C:\Users\chuck\.gradle\caches\modules-2\files-2.1\org.scala-lang\scala-reflect\2.11.1\6580347e61cc7f8e802941e7fde40fa83b8badeb\scala-reflect-2.11.1.jar;C:\Users\chuck\.gradle\caches\modules-2\files-2.1\org.scala-lang\scala-actors\2.11.0\8ccfb6541de179bb1c4d45cf414acee069b7f78b\scala-a
Launcher Type: SUN_STANDARD

Environment Variables:
PATH=C:\Program Files\Eclipse Adoptium\jdk-8.0.462.8-hotspot\bin;C:\Program Files\Common Files\Oracle\Java\javapath;C:\Program Files (x86)\Common Files\Oracle\Java\java8path;C:\Program Files (x86)\Common Files\Oracle\Java\javapath;C:\Program Files (x86)\Razer Chroma SDK\bin;C:\Program Files\Razer Chroma SDK\bin;C:\Program Files (x86)\Razer\ChromaBroadcast\bin;C:\Program Files\Razer\ChromaBroadcast\bin;C:\Windows\system32;C:\Windows;C:\Windows\System32\Wbem;C:\Windows\System32\WindowsPowerShell\v1.0\;C:\Windows\System32\OpenSSH\;C:\Program Files (x86)\NVIDIA Corporation\PhysX\Common;C:\Windows\system32\config\systemprofile\AppData\Local\Microsoft\WindowsApps;C:\Program Files\dotnet\;C:\Program Files (x86)\Windows Live\Shared;C:\Program Files\Git\cmd;C:\Program Files\WorldPainter;C:\Program Files\NVIDIA Corporation\NVIDIA app\NvDLISR;C:\Users\chuck\AppData\Local\Microsoft\WindowsApps;;C:\Program Files\JetBrains\IntelliJ IDEA 2024.2.0.1\bin;
USERNAME=chuck
OS=Windows_NT
PROCESSOR_IDENTIFIER=Intel64 Family 6 Model 158 Stepping 13, GenuineIntel



---------------  S Y S T E M  ---------------

OS: Windows 10 , 64 bit Build 19041 (10.0.19041.5915)

CPU:total 16 (initial active 16) (8 cores per cpu, 2 threads per core) family 6 model 158 stepping 13, cmov, cx8, fxsr, mmx, sse, sse2, sse3, ssse3, sse4.1, sse4.2, popcnt, avx, avx2, aes, clmul, erms, 3dnowpref, lzcnt, ht, tsc, tscinvbit, bmi1, bmi2, adx

Memory: 4k page, physical 67022948k(54505760k free), swap 71217252k(50657968k free)

vm_info: Java HotSpot(TM) 64-Bit Server VM (25.471-b09) for windows-amd64 JRE (1.8.0_471-b09), built on Sep 26 2025 05:08:27 by "java_re" with MS VC++ 17.6 (VS2022)

time: Fri Nov 28 01:54:38 2025
timezone: Eastern Standard Time
elapsed time: 341.805270 seconds (0d 0h 5m 41s)

