#
# A fatal error has been detected by the Java Runtime Environment:
#
#  EXCEPTION_ACCESS_VIOLATION (0xc0000005) at pc=0x00007ffe5df182e9, pid=11188, tid=0x00000000000004f4
#
# JRE version: Java(TM) SE Runtime Environment (8.0_471) (build 1.8.0_471-b09)
# Java VM: Java HotSpot(TM) 64-Bit Server VM (25.471-b09 mixed mode windows-amd64 compressed oops)
# Problematic frame:
# C  [nvoglv64.dll+0x8682e9]
#
# Failed to write core dump. Minidumps are not enabled by default on client versions of Windows
#
# If you would like to submit a bug report, please visit:
#   https://bugreport.java.com/bugreport/crash.jsp
#

---------------  T H R E A D  ---------------

Current thread (0x0000017aeaa4b000):  VMThread [stack: 0x0000007a71200000,0x0000007a71300000] [id=1268]

siginfo: ExceptionCode=0xc0000005, reading address 0x0000000000001238

Registers:
RAX=0x0000000000000000, RBX=0x0000017aee624fd0, RCX=0x0000000000000004, RDX=0x0000000000000000
RSP=0x0000007a712ff348, RBP=0x0000000000000000, RSI=0x0000000000000000, RDI=0x0000017aee624fd0
R8 =0x0000000000000000, R9 =0x0000017abd5f5020, R10=0x0000017ad3af0000, R11=0x0000007a712ff350
R12=0x0000017acaa50000, R13=0x0000017acab83820, R14=0x0000000000000000, R15=0x0000000000000000
RIP=0x00007ffe5df182e9, EFLAGS=0x0000000000010202

Top of Stack: (sp=0x0000007a712ff348)
0x0000007a712ff348:   0000017acaa5bbf1 0000000000000000
0x0000007a712ff358:   0000000000000000 0000017acab83820
0x0000007a712ff368:   0000017acaa50000 fffffffffffffffe
0x0000007a712ff378:   00007fff143b47b1 0000017abd5f5118
0x0000007a712ff388:   0000017acaa58281 0000000000000000
0x0000007a712ff398:   0000000000000000 0000000000000000
0x0000007a712ff3a8:   0000017a00000000 0000017abd5f5118
0x0000007a712ff3b8:   0000017acaa57c71 0000017abd5f5020
0x0000007a712ff3c8:   0000000000000000 0000017aef40cca0
0x0000007a712ff3d8:   00007fff143b5ba1 0000017acab83840
0x0000007a712ff3e8:   0000017acaa9ac0d 0000000000000040
0x0000007a712ff3f8:   00007fff00000000 0000000000000000
0x0000007a712ff408:   0000017aef40cc98 0000017acaa50000
0x0000007a712ff418:   0000017ad3b9d4f8 0000017acaae3f4c
0x0000007a712ff428:   0000000000000001 0000000000000001
0x0000007a712ff438:   0000017acaa5a083 0000000000000000 

Instructions: (pc=0x00007ffe5df182e9)
0x00007ffe5df182c9:   af af af af af af af c3 cc cc cc cc cc cc cc cc
0x00007ffe5df182d9:   cc cc cc cc cc cc cc 65 48 8b 04 25 30 16 00 00
0x00007ffe5df182e9:   ff a0 38 12 00 00 cc cc cc cc cc cc cc cc cc cc
0x00007ffe5df182f9:   cc cc cc cc cc cc cc cc cc cc cc cc cc cc cc cc 


Register to memory mapping:

RAX=0x0000000000000000 is an unknown value
RBX=0x0000017aee624fd0 is an unknown value
RCX=0x0000000000000004 is an unknown value
RDX=0x0000000000000000 is an unknown value
RSP=0x0000007a712ff348 is an unknown value
RBP=0x0000000000000000 is an unknown value
RSI=0x0000000000000000 is an unknown value
RDI=0x0000017aee624fd0 is an unknown value
R8 =0x0000000000000000 is an unknown value
R9 =0x0000017abd5f5020 is an unknown value
R10=0x0000017ad3af0000 is an unknown value
R11=0x0000007a712ff350 is an unknown value
R12=0x0000017acaa50000 is an unknown value
R13=0x0000017acab83820 is an unknown value
R14=0x0000000000000000 is an unknown value
R15=0x0000000000000000 is an unknown value


Stack: [0x0000007a71200000,0x0000007a71300000],  sp=0x0000007a712ff348,  free space=1020k
Native frames: (J=compiled Java code, j=interpreted, Vv=VM code, C=native code)

VM_Operation (0x0000007a704fe390): Exit, mode: safepoint, requested by thread 0x0000017ad3b3c000


---------------  P R O C E S S  ---------------

Java Threads: ( => current thread )
  0x0000017aed77a000 JavaThread "File IO Thread" [_thread_blocked, id=4416, stack(0x0000007a70100000,0x0000007a70200000)]
  0x0000017af0bba000 JavaThread "Netty IO #1" daemon [_thread_blocked, id=27012, stack(0x0000007a73800000,0x0000007a73900000)]
  0x0000017af0bb7800 JavaThread "Netty Client IO #0" daemon [_thread_blocked, id=26392, stack(0x0000007a73700000,0x0000007a73800000)]
  0x0000017af0bba800 JavaThread "Netty IO #0" daemon [_thread_blocked, id=20600, stack(0x0000007a73100000,0x0000007a73200000)]
  0x0000017af0614000 JavaThread "LWJGL Timer" daemon [_thread_blocked, id=20412, stack(0x0000007a73000000,0x0000007a73100000)]
  0x0000017aee989000 JavaThread "Java2D Disposer" daemon [_thread_blocked, id=25240, stack(0x0000007a72700000,0x0000007a72800000)]
  0x0000017af3e63800 JavaThread "Timer hack thread" daemon [_thread_blocked, id=26864, stack(0x0000007a72600000,0x0000007a72700000)]
  0x0000017af5531800 JavaThread "Snooper Timer" daemon [_thread_blocked, id=2252, stack(0x0000007a72500000,0x0000007a72600000)]
  0x0000017aed877000 JavaThread "Service Thread" daemon [_thread_blocked, id=6896, stack(0x0000007a72300000,0x0000007a72400000)]
  0x0000017aed77b000 JavaThread "C1 CompilerThread11" daemon [_thread_blocked, id=27516, stack(0x0000007a72200000,0x0000007a72300000)]
  0x0000017aed77e800 JavaThread "C1 CompilerThread10" daemon [_thread_blocked, id=11008, stack(0x0000007a72100000,0x0000007a72200000)]
  0x0000017aed77b800 JavaThread "C1 CompilerThread9" daemon [_thread_blocked, id=18316, stack(0x0000007a72000000,0x0000007a72100000)]
  0x0000017aed77e000 JavaThread "C1 CompilerThread8" daemon [_thread_blocked, id=6316, stack(0x0000007a71f00000,0x0000007a72000000)]
  0x0000017aed7a2800 JavaThread "C2 CompilerThread7" daemon [_thread_blocked, id=11432, stack(0x0000007a71e00000,0x0000007a71f00000)]
  0x0000017aed799800 JavaThread "C2 CompilerThread6" daemon [_thread_blocked, id=16500, stack(0x0000007a71d00000,0x0000007a71e00000)]
  0x0000017aed797800 JavaThread "C2 CompilerThread5" daemon [_thread_blocked, id=12720, stack(0x0000007a71c00000,0x0000007a71d00000)]
  0x0000017aed794800 JavaThread "C2 CompilerThread4" daemon [_thread_blocked, id=23248, stack(0x0000007a71b00000,0x0000007a71c00000)]
  0x0000017aed790800 JavaThread "C2 CompilerThread3" daemon [_thread_blocked, id=10228, stack(0x0000007a71a00000,0x0000007a71b00000)]
  0x0000017aed78d800 JavaThread "C2 CompilerThread2" daemon [_thread_blocked, id=2448, stack(0x0000007a71900000,0x0000007a71a00000)]
  0x0000017aed788800 JavaThread "C2 CompilerThread1" daemon [_thread_blocked, id=26976, stack(0x0000007a71800000,0x0000007a71900000)]
  0x0000017aed784800 JavaThread "C2 CompilerThread0" daemon [_thread_blocked, id=4420, stack(0x0000007a71700000,0x0000007a71800000)]
  0x0000017aed782000 JavaThread "Attach Listener" daemon [_thread_blocked, id=7760, stack(0x0000007a71600000,0x0000007a71700000)]
  0x0000017aed775000 JavaThread "Signal Dispatcher" daemon [_thread_blocked, id=16872, stack(0x0000007a71500000,0x0000007a71600000)]
  0x0000017aed751000 JavaThread "Finalizer" daemon [_thread_blocked, id=16344, stack(0x0000007a71400000,0x0000007a71500000)]
  0x0000017aed750800 JavaThread "Reference Handler" daemon [_thread_blocked, id=26452, stack(0x0000007a71300000,0x0000007a71400000)]
  0x0000017ad3b3c000 JavaThread "Client thread" [_thread_blocked, id=14788, stack(0x0000007a70400000,0x0000007a70500000)]

Other Threads:
=>0x0000017aeaa4b000 VMThread [stack: 0x0000007a71200000,0x0000007a71300000] [id=1268]

VM state:at safepoint (shutting down)

VM Mutex/Monitor currently owned by a thread:  ([mutex/lock_event])
[0x0000017ad3b35cd0] Threads_lock - owner thread: 0x0000017aeaa4b000

heap address: 0x00000003c1400000, size: 16364 MB, Compressed Oops mode: Zero based, Oop shift amount: 3
Narrow klass base: 0x0000000000000000, Narrow klass shift: 3
Compressed class space size: 1073741824 Address: 0x00000007c0000000

Heap:
 PSYoungGen      total 51200K, used 43518K [0x000000066b180000, 0x000000066ef00000, 0x00000007c0000000)
  eden space 46592K, 89% used [0x000000066b180000,0x000000066da35f28,0x000000066df00000)
  from space 4608K, 39% used [0x000000066df00000,0x000000066e0c9978,0x000000066e380000)
  to   space 4608K, 0% used [0x000000066ea80000,0x000000066ea80000,0x000000066ef00000)
 ParOldGen       total 553472K, used 282189K [0x00000003c1400000, 0x00000003e3080000, 0x000000066b180000)
  object space 553472K, 50% used [0x00000003c1400000,0x00000003d2793400,0x00000003e3080000)
 Metaspace       used 43914K, capacity 44397K, committed 44928K, reserved 1089536K
  class space    used 5016K, capacity 5165K, committed 5248K, reserved 1048576K

Card table byte_map: [0x0000017ae48d0000,0x0000017ae68d0000] byte_map_base: 0x0000017ae2ac6000

Marking Bits: (ParMarkBitMap*) 0x00007ffe6589a3e0
 Begin Bits: [0x0000017a80000000, 0x0000017a8ffb0000)
 End Bits:   [0x0000017a8ffb0000, 0x0000017a9ff60000)

Polling page: 0x0000017ad3ae0000

CodeCache: size=245760Kb used=34607Kb max_used=35874Kb free=211152Kb
 bounds [0x0000017ad5510000, 0x0000017ad7930000, 0x0000017ae4510000]
 total_blobs=9117 nmethods=8264 adapters=759
 compilation: enabled

Compilation events (10 events):
Event: 1916.962 Thread 0x0000017aed77e000 12533       1       org.apache.logging.log4j.core.config.LoggerConfig::getLevel (5 bytes)
Event: 1916.962 Thread 0x0000017aed77e000 nmethod 12533 0x0000017ad71871d0 code [0x0000017ad7187320, 0x0000017ad7187438]
Event: 1916.963 Thread 0x0000017aed77b000 nmethod 12532 0x0000017ad6881390 code [0x0000017ad6881520, 0x0000017ad6881ac0]
Event: 1916.978 Thread 0x0000017aed77e800 12534 %     3       java.util.Arrays::fill @ 5 (21 bytes)
Event: 1916.979 Thread 0x0000017aed788800 12535       4       com.google.common.collect.HashBiMap::containsKey (18 bytes)
Event: 1916.979 Thread 0x0000017aed77e800 nmethod 12534% 0x0000017ad69789d0 code [0x0000017ad6978b40, 0x0000017ad6978ed8]
Event: 1916.979 Thread 0x0000017aed784800 12536       4       net.minecraft.util.ObjectIntIdentityMap::func_148746_a (53 bytes)
Event: 1916.982 Thread 0x0000017aed788800 nmethod 12535 0x0000017ad6c4f850 code [0x0000017ad6c4f9a0, 0x0000017ad6c4fcb8]
Event: 1916.983 Thread 0x0000017aed77b000 12537       3       net.minecraft.world.chunk.Chunk::needsSaving (68 bytes)
Event: 1916.984 Thread 0x0000017aed77b000 nmethod 12537 0x0000017ad66d0390 code [0x0000017ad66d0520, 0x0000017ad66d0ba0]

GC Heap History (10 events):
Event: 1914.410 GC heap before
{Heap before GC invocations=3035 (full 6):
 PSYoungGen      total 45056K, used 44088K [0x000000066b180000, 0x000000066e180000, 0x00000007c0000000)
  eden space 40960K, 100% used [0x000000066b180000,0x000000066d980000,0x000000066d980000)
  from space 4096K, 76% used [0x000000066dd80000,0x000000066e08e1b0,0x000000066e180000)
  to   space 4096K, 0% used [0x000000066d980000,0x000000066d980000,0x000000066dd80000)
 ParOldGen       total 553472K, used 280047K [0x00000003c1400000, 0x00000003e3080000, 0x000000066b180000)
  object space 553472K, 50% used [0x00000003c1400000,0x00000003d257bc10,0x00000003e3080000)
 Metaspace       used 43869K, capacity 44365K, committed 44928K, reserved 1089536K
  class space    used 5006K, capacity 5133K, committed 5248K, reserved 1048576K
Event: 1914.412 GC heap after
Heap after GC invocations=3035 (full 6):
 PSYoungGen      total 45056K, used 3175K [0x000000066b180000, 0x000000066e180000, 0x00000007c0000000)
  eden space 40960K, 0% used [0x000000066b180000,0x000000066b180000,0x000000066d980000)
  from space 4096K, 77% used [0x000000066d980000,0x000000066dc99e88,0x000000066dd80000)
  to   space 4096K, 0% used [0x000000066dd80000,0x000000066dd80000,0x000000066e180000)
 ParOldGen       total 553472K, used 280247K [0x00000003c1400000, 0x00000003e3080000, 0x000000066b180000)
  object space 553472K, 50% used [0x00000003c1400000,0x00000003d25adcb0,0x00000003e3080000)
 Metaspace       used 43869K, capacity 44365K, committed 44928K, reserved 1089536K
  class space    used 5006K, capacity 5133K, committed 5248K, reserved 1048576K
}
Event: 1914.868 GC heap before
{Heap before GC invocations=3036 (full 6):
 PSYoungGen      total 45056K, used 44135K [0x000000066b180000, 0x000000066e180000, 0x00000007c0000000)
  eden space 40960K, 100% used [0x000000066b180000,0x000000066d980000,0x000000066d980000)
  from space 4096K, 77% used [0x000000066d980000,0x000000066dc99e88,0x000000066dd80000)
  to   space 4096K, 0% used [0x000000066dd80000,0x000000066dd80000,0x000000066e180000)
 ParOldGen       total 553472K, used 280247K [0x00000003c1400000, 0x00000003e3080000, 0x000000066b180000)
  object space 553472K, 50% used [0x00000003c1400000,0x00000003d25adcb0,0x00000003e3080000)
 Metaspace       used 43869K, capacity 44365K, committed 44928K, reserved 1089536K
  class space    used 5006K, capacity 5133K, committed 5248K, reserved 1048576K
Event: 1914.870 GC heap after
Heap after GC invocations=3036 (full 6):
 PSYoungGen      total 45056K, used 2887K [0x000000066b180000, 0x000000066e180000, 0x00000007c0000000)
  eden space 40960K, 0% used [0x000000066b180000,0x000000066b180000,0x000000066d980000)
  from space 4096K, 70% used [0x000000066dd80000,0x000000066e051e88,0x000000066e180000)
  to   space 4096K, 0% used [0x000000066d980000,0x000000066d980000,0x000000066dd80000)
 ParOldGen       total 553472K, used 280615K [0x00000003c1400000, 0x00000003e3080000, 0x000000066b180000)
  object space 553472K, 50% used [0x00000003c1400000,0x00000003d2609d90,0x00000003e3080000)
 Metaspace       used 43869K, capacity 44365K, committed 44928K, reserved 1089536K
  class space    used 5006K, capacity 5133K, committed 5248K, reserved 1048576K
}
Event: 1915.311 GC heap before
{Heap before GC invocations=3037 (full 6):
 PSYoungGen      total 45056K, used 43847K [0x000000066b180000, 0x000000066e180000, 0x00000007c0000000)
  eden space 40960K, 100% used [0x000000066b180000,0x000000066d980000,0x000000066d980000)
  from space 4096K, 70% used [0x000000066dd80000,0x000000066e051e88,0x000000066e180000)
  to   space 4096K, 0% used [0x000000066d980000,0x000000066d980000,0x000000066dd80000)
 ParOldGen       total 553472K, used 280615K [0x00000003c1400000, 0x00000003e3080000, 0x000000066b180000)
  object space 553472K, 50% used [0x00000003c1400000,0x00000003d2609d90,0x00000003e3080000)
 Metaspace       used 43869K, capacity 44365K, committed 44928K, reserved 1089536K
  class space    used 5006K, capacity 5133K, committed 5248K, reserved 1048576K
Event: 1915.320 GC heap after
Heap after GC invocations=3037 (full 6):
 PSYoungGen      total 45056K, used 3062K [0x000000066b180000, 0x000000066e780000, 0x00000007c0000000)
  eden space 40960K, 0% used [0x000000066b180000,0x000000066b180000,0x000000066d980000)
  from space 4096K, 74% used [0x000000066d980000,0x000000066dc7d8f0,0x000000066dd80000)
  to   space 4096K, 0% used [0x000000066e380000,0x000000066e380000,0x000000066e780000)
 ParOldGen       total 553472K, used 281207K [0x00000003c1400000, 0x00000003e3080000, 0x000000066b180000)
  object space 553472K, 50% used [0x00000003c1400000,0x00000003d269dff0,0x00000003e3080000)
 Metaspace       used 43869K, capacity 44365K, committed 44928K, reserved 1089536K
  class space    used 5006K, capacity 5133K, committed 5248K, reserved 1048576K
}
Event: 1915.762 GC heap before
{Heap before GC invocations=3038 (full 6):
 PSYoungGen      total 45056K, used 44022K [0x000000066b180000, 0x000000066e780000, 0x00000007c0000000)
  eden space 40960K, 100% used [0x000000066b180000,0x000000066d980000,0x000000066d980000)
  from space 4096K, 74% used [0x000000066d980000,0x000000066dc7d8f0,0x000000066dd80000)
  to   space 4096K, 0% used [0x000000066e380000,0x000000066e380000,0x000000066e780000)
 ParOldGen       total 553472K, used 281207K [0x00000003c1400000, 0x00000003e3080000, 0x000000066b180000)
  object space 553472K, 50% used [0x00000003c1400000,0x00000003d269dff0,0x00000003e3080000)
 Metaspace       used 43869K, capacity 44365K, committed 44928K, reserved 1089536K
  class space    used 5006K, capacity 5133K, committed 5248K, reserved 1048576K
Event: 1915.764 GC heap after
Heap after GC invocations=3038 (full 6):
 PSYoungGen      total 50688K, used 3341K [0x000000066b180000, 0x000000066e800000, 0x00000007c0000000)
  eden space 46592K, 0% used [0x000000066b180000,0x000000066b180000,0x000000066df00000)
  from space 4096K, 81% used [0x000000066e380000,0x000000066e6c3770,0x000000066e780000)
  to   space 4608K, 0% used [0x000000066df00000,0x000000066df00000,0x000000066e380000)
 ParOldGen       total 553472K, used 281764K [0x00000003c1400000, 0x00000003e3080000, 0x000000066b180000)
  object space 553472K, 50% used [0x00000003c1400000,0x00000003d2729260,0x00000003e3080000)
 Metaspace       used 43869K, capacity 44365K, committed 44928K, reserved 1089536K
  class space    used 5006K, capacity 5133K, committed 5248K, reserved 1048576K
}
Event: 1916.267 GC heap before
{Heap before GC invocations=3039 (full 6):
 PSYoungGen      total 50688K, used 49933K [0x000000066b180000, 0x000000066e800000, 0x00000007c0000000)
  eden space 46592K, 100% used [0x000000066b180000,0x000000066df00000,0x000000066df00000)
  from space 4096K, 81% used [0x000000066e380000,0x000000066e6c3770,0x000000066e780000)
  to   space 4608K, 0% used [0x000000066df00000,0x000000066df00000,0x000000066e380000)
 ParOldGen       total 553472K, used 281764K [0x00000003c1400000, 0x00000003e3080000, 0x000000066b180000)
  object space 553472K, 50% used [0x00000003c1400000,0x00000003d2729260,0x00000003e3080000)
 Metaspace       used 43869K, capacity 44365K, committed 44928K, reserved 1089536K
  class space    used 5006K, capacity 5133K, committed 5248K, reserved 1048576K
Event: 1916.276 GC heap after
Heap after GC invocations=3039 (full 6):
 PSYoungGen      total 51200K, used 1830K [0x000000066b180000, 0x000000066ef00000, 0x00000007c0000000)
  eden space 46592K, 0% used [0x000000066b180000,0x000000066b180000,0x000000066df00000)
  from space 4608K, 39% used [0x000000066df00000,0x000000066e0c9978,0x000000066e380000)
  to   space 4608K, 0% used [0x000000066ea80000,0x000000066ea80000,0x000000066ef00000)
 ParOldGen       total 553472K, used 282189K [0x00000003c1400000, 0x00000003e3080000, 0x000000066b180000)
  object space 553472K, 50% used [0x00000003c1400000,0x00000003d2793400,0x00000003e3080000)
 Metaspace       used 43869K, capacity 44365K, committed 44928K, reserved 1089536K
  class space    used 5006K, capacity 5133K, committed 5248K, reserved 1048576K
}

Deoptimization events (10 events):
Event: 1916.962 Thread 0x0000017af0a50800 Uncommon trap: reason=bimorphic action=maybe_recompile pc=0x0000017ad6843188 method=java.util.concurrent.ConcurrentHashMap.replaceNode(Ljava/lang/Object;Ljava/lang/Object;Ljava/lang/Object;)Ljava/lang/Object; @ 1
Event: 1916.968 Thread 0x0000017af0a4e800 Uncommon trap: reason=unstable_if action=reinterpret pc=0x0000017ad76938fc method=io.netty.channel.local.LocalChannel.isOpen()Z @ 5
Event: 1916.977 Thread 0x0000017af0bae000 Uncommon trap: reason=unstable_if action=reinterpret pc=0x0000017ad6758094 method=java.util.Formatter$FormatSpecifier.print(ILjava/util/Locale;)V @ 4
Event: 1916.977 Thread 0x0000017af0bae000 Uncommon trap: reason=unstable_if action=reinterpret pc=0x0000017ad78a7870 method=java.util.Formatter$FormatSpecifier.print(JLjava/util/Locale;)V @ 21
Event: 1916.977 Thread 0x0000017af0bae000 Uncommon trap: reason=unstable_if action=reinterpret pc=0x0000017ad6b07950 method=java.util.Formatter$FormatSpecifier.leadingSign(Ljava/lang/StringBuilder;Z)Ljava/lang/StringBuilder; @ 1
Event: 1916.979 Thread 0x0000017af0bae000 Uncommon trap: reason=unstable_if action=reinterpret pc=0x0000017ad698d6cc method=org.lwjgl.opengl.Display.processMessages()V @ 9
Event: 1916.983 Thread 0x0000017af0a4e800 Uncommon trap: reason=unstable_if action=reinterpret pc=0x0000017ad7172d78 method=net.minecraft.world.chunk.Chunk.needsSaving(Z)Z @ 23
Event: 1916.983 Thread 0x0000017af0a4e800 Uncommon trap: reason=unstable_if action=reinterpret pc=0x0000017ad5e38334 method=com.google.common.collect.MapMakerInternalMap$Segment.getEntry(Ljava/lang/Object;I)Lcom/google/common/collect/MapMakerInternalMap$ReferenceEntry; @ 4
Event: 1916.984 Thread 0x0000017af0a4e800 Uncommon trap: reason=unstable_if action=reinterpret pc=0x0000017ad66bc7f0 method=com.google.common.collect.MapMakerInternalMap$Segment.getEntry(Ljava/lang/Object;I)Lcom/google/common/collect/MapMakerInternalMap$ReferenceEntry; @ 4
Event: 1916.984 Thread 0x0000017af0a4e800 Uncommon trap: reason=unstable_if action=reinterpret pc=0x0000017ad68ea168 method=com.google.common.collect.MapMakerInternalMap$Segment.getEntry(Ljava/lang/Object;I)Lcom/google/common/collect/MapMakerInternalMap$ReferenceEntry; @ 4

Classes redefined (0 events):
No events

Internal exceptions (10 events):
Event: 1916.479 Thread 0x0000017af0baf800 Exception <a 'java/lang/InterruptedException': sleep interrupted> (0x000000066c48c650) thrown at [C:\jenkins\workspace\8-2-build-windows-x64-cygwin-sans-NAS\jdk8u471\2292\hotspot\src\share\vm\prims\jvm.cpp, line 3359]
Event: 1916.487 Thread 0x0000017af0baf800 Exception <a 'java/lang/InterruptedException': sleep interrupted> (0x000000066c48c8a8) thrown at [C:\jenkins\workspace\8-2-build-windows-x64-cygwin-sans-NAS\jdk8u471\2292\hotspot\src\share\vm\prims\jvm.cpp, line 3359]
Event: 1916.496 Thread 0x0000017af0baf800 Exception <a 'java/lang/InterruptedException': sleep interrupted> (0x000000066c48cb00) thrown at [C:\jenkins\workspace\8-2-build-windows-x64-cygwin-sans-NAS\jdk8u471\2292\hotspot\src\share\vm\prims\jvm.cpp, line 3359]
Event: 1916.504 Thread 0x0000017af0baf800 Exception <a 'java/lang/InterruptedException': sleep interrupted> (0x000000066c48cd58) thrown at [C:\jenkins\workspace\8-2-build-windows-x64-cygwin-sans-NAS\jdk8u471\2292\hotspot\src\share\vm\prims\jvm.cpp, line 3359]
Event: 1916.513 Thread 0x0000017af0baf800 Exception <a 'java/lang/InterruptedException': sleep interrupted> (0x000000066c77d2d0) thrown at [C:\jenkins\workspace\8-2-build-windows-x64-cygwin-sans-NAS\jdk8u471\2292\hotspot\src\share\vm\prims\jvm.cpp, line 3359]
Event: 1916.615 Thread 0x0000017af0baf800 Exception <a 'java/lang/InterruptedException': sleep interrupted> (0x000000066c77d528) thrown at [C:\jenkins\workspace\8-2-build-windows-x64-cygwin-sans-NAS\jdk8u471\2292\hotspot\src\share\vm\prims\jvm.cpp, line 3359]
Event: 1916.678 Thread 0x0000017af0baf800 Exception <a 'java/lang/InterruptedException': sleep interrupted> (0x000000066c77d780) thrown at [C:\jenkins\workspace\8-2-build-windows-x64-cygwin-sans-NAS\jdk8u471\2292\hotspot\src\share\vm\prims\jvm.cpp, line 3359]
Event: 1916.678 Thread 0x0000017af0baf800 Exception <a 'java/lang/InterruptedException': sleep interrupted> (0x000000066c77d9d8) thrown at [C:\jenkins\workspace\8-2-build-windows-x64-cygwin-sans-NAS\jdk8u471\2292\hotspot\src\share\vm\prims\jvm.cpp, line 3359]
Event: 1916.778 Thread 0x0000017af0bb7000 Exception <a 'java/lang/InterruptedException': sleep interrupted> (0x000000066b249708) thrown at [C:\jenkins\workspace\8-2-build-windows-x64-cygwin-sans-NAS\jdk8u471\2292\hotspot\src\share\vm\prims\jvm.cpp, line 3359]
Event: 1916.958 Thread 0x0000017ad3b3c000 Exception <a 'org/lwjgl/LWJGLException': Failed to set device gamma.> (0x000000066c99bd00) thrown at [C:\jenkins\workspace\8-2-build-windows-x64-cygwin-sans-NAS\jdk8u471\2292\hotspot\src\share\vm\prims\jni.cpp, line 737]

Events (10 events):
Event: 1916.983 Thread 0x0000017af0a4e800 DEOPT PACKING pc=0x0000017ad5e38334 sp=0x0000007a728feb40
Event: 1916.983 Thread 0x0000017af0a4e800 DEOPT UNPACKING pc=0x0000017ad55558c3 sp=0x0000007a728fe9a0 mode 2
Event: 1916.984 Thread 0x0000017af0a4e800 Uncommon trap: trap_request=0xffffff65 fr.pc=0x0000017ad66bc7f0
Event: 1916.984 Thread 0x0000017af0a4e800 DEOPT PACKING pc=0x0000017ad66bc7f0 sp=0x0000007a728feac0
Event: 1916.984 Thread 0x0000017af0a4e800 DEOPT UNPACKING pc=0x0000017ad55558c3 sp=0x0000007a728fe9a0 mode 2
Event: 1916.984 Thread 0x0000017af0a4e800 Uncommon trap: trap_request=0xffffff65 fr.pc=0x0000017ad68ea168
Event: 1916.984 Thread 0x0000017af0a4e800 DEOPT PACKING pc=0x0000017ad68ea168 sp=0x0000007a728fea40
Event: 1916.984 Thread 0x0000017af0a4e800 DEOPT UNPACKING pc=0x0000017ad55558c3 sp=0x0000007a728fe998 mode 2
Event: 1916.984 Thread 0x0000017af0a4e800 Thread exited: 0x0000017af0a4e800
Event: 1916.984 Executing VM operation: Exit


Dynamic libraries:
0x00007ff6b8270000 - 0x00007ff6b82bf000 	C:\Program Files\Java\jdk-1.8\bin\java.exe
0x00007fff14390000 - 0x00007fff14588000 	C:\Windows\SYSTEM32\ntdll.dll
0x00007fff12970000 - 0x00007fff12a32000 	C:\Windows\System32\KERNEL32.DLL
0x00007fff11d90000 - 0x00007fff12086000 	C:\Windows\System32\KERNELBASE.dll
0x00007fff12690000 - 0x00007fff12741000 	C:\Windows\System32\ADVAPI32.dll
0x00007fff12ec0000 - 0x00007fff12f5e000 	C:\Windows\System32\msvcrt.dll
0x00007fff12d60000 - 0x00007fff12dff000 	C:\Windows\System32\sechost.dll
0x00007fff13500000 - 0x00007fff13620000 	C:\Windows\System32\RPCRT4.dll
0x00007fff11a20000 - 0x00007fff11a47000 	C:\Windows\System32\bcrypt.dll
0x00007fff127c0000 - 0x00007fff12961000 	C:\Windows\System32\USER32.dll
0x00007fff11c60000 - 0x00007fff11c82000 	C:\Windows\System32\win32u.dll
0x00007fff13850000 - 0x00007fff1387b000 	C:\Windows\System32\GDI32.dll
0x00007fff12290000 - 0x00007fff123a9000 	C:\Windows\System32\gdi32full.dll
0x00007fff121f0000 - 0x00007fff1228d000 	C:\Windows\System32\msvcp_win.dll
0x00007fff11c90000 - 0x00007fff11d90000 	C:\Windows\System32\ucrtbase.dll
0x00007ffef30e0000 - 0x00007ffef337b000 	C:\Windows\WinSxS\amd64_microsoft.windows.common-controls_6595b64144ccf1df_6.0.19041.6456_none_60b8a6cb71f64256\COMCTL32.dll
0x00007fff12c20000 - 0x00007fff12c4f000 	C:\Windows\System32\IMM32.DLL
0x00007fff0c420000 - 0x00007fff0c43b000 	C:\Program Files\Java\jdk-1.8\jre\bin\vcruntime140.dll
0x00007fff0dfd0000 - 0x00007fff0dfdc000 	C:\Program Files\Java\jdk-1.8\jre\bin\vcruntime140_1.dll
0x00007ffef5ec0000 - 0x00007ffef5f4e000 	C:\Program Files\Java\jdk-1.8\jre\bin\msvcp140.dll
0x00007ffe650c0000 - 0x00007ffe6596a000 	C:\Program Files\Java\jdk-1.8\jre\bin\server\jvm.dll
0x00007fff12c10000 - 0x00007fff12c18000 	C:\Windows\System32\PSAPI.DLL
0x00007fff07340000 - 0x00007fff07367000 	C:\Windows\SYSTEM32\WINMM.dll
0x00007fff0c410000 - 0x00007fff0c419000 	C:\Windows\SYSTEM32\WSOCK32.dll
0x00007fff09db0000 - 0x00007fff09dba000 	C:\Windows\SYSTEM32\VERSION.dll
0x00007fff12750000 - 0x00007fff127bb000 	C:\Windows\System32\WS2_32.dll
0x00007fff10280000 - 0x00007fff10292000 	C:\Windows\SYSTEM32\kernel.appcore.dll
0x00007fff0c400000 - 0x00007fff0c410000 	C:\Program Files\Java\jdk-1.8\jre\bin\verify.dll
0x00007fff0b6c0000 - 0x00007fff0b6eb000 	C:\Program Files\Java\jdk-1.8\jre\bin\java.dll
0x00007fff0c3e0000 - 0x00007fff0c3f8000 	C:\Program Files\Java\jdk-1.8\jre\bin\zip.dll
0x00007fff13880000 - 0x00007fff13ff0000 	C:\Windows\System32\SHELL32.dll
0x00007fff0f630000 - 0x00007fff0fdd5000 	C:\Windows\SYSTEM32\windows.storage.dll
0x00007fff13ff0000 - 0x00007fff14344000 	C:\Windows\System32\combase.dll
0x00007fff11370000 - 0x00007fff1139b000 	C:\Windows\SYSTEM32\Wldp.dll
0x00007fff12560000 - 0x00007fff1262d000 	C:\Windows\System32\OLEAUT32.dll
0x00007fff13620000 - 0x00007fff136cd000 	C:\Windows\System32\SHCORE.dll
0x00007fff12630000 - 0x00007fff1268b000 	C:\Windows\System32\shlwapi.dll
0x00007fff11950000 - 0x00007fff11974000 	C:\Windows\SYSTEM32\profapi.dll
0x00007ffef5e70000 - 0x00007ffef5e7d000 	C:\Program Files\Java\jdk-1.8\jre\bin\management.dll
0x00007ffef7d90000 - 0x00007ffef7dac000 	C:\Program Files\Java\jdk-1.8\jre\bin\net.dll
0x00007fff110d0000 - 0x00007fff1113a000 	C:\Windows\system32\mswsock.dll
0x00007ffef7460000 - 0x00007ffef7473000 	C:\Program Files\Java\jdk-1.8\jre\bin\nio.dll
0x00007ffee67c0000 - 0x00007ffee67d7000 	C:\Windows\system32\napinsp.dll
0x00007ffee67e0000 - 0x00007ffee67fb000 	C:\Windows\system32\pnrpnsp.dll
0x00007fff0e0d0000 - 0x00007fff0e0ed000 	C:\Windows\system32\wshbth.dll
0x00007fff0dac0000 - 0x00007fff0dadd000 	C:\Windows\system32\NLAapi.dll
0x00007fff10db0000 - 0x00007fff10deb000 	C:\Windows\SYSTEM32\IPHLPAPI.DLL
0x00007fff10df0000 - 0x00007fff10eba000 	C:\Windows\SYSTEM32\DNSAPI.dll
0x00007fff12d40000 - 0x00007fff12d48000 	C:\Windows\System32\NSI.dll
0x00007ffee6f90000 - 0x00007ffee6fa2000 	C:\Windows\System32\winrnr.dll
0x00007ffef66e0000 - 0x00007ffef66ea000 	C:\Windows\System32\rasadhlp.dll
0x00007ffef6600000 - 0x00007ffef6680000 	C:\Windows\System32\fwpuclnt.dll
0x0000000180000000 - 0x0000000180051000 	C:\Users\chuck\.gradle\caches\minecraft\net\minecraft\minecraft_natives\1.7.10\lwjgl64.dll
0x00007ffe9c740000 - 0x00007ffe9c868000 	C:\Windows\SYSTEM32\OPENGL32.dll
0x00007ffe9c710000 - 0x00007ffe9c73c000 	C:\Windows\SYSTEM32\GLU32.dll
0x00007fff112d0000 - 0x00007fff112e8000 	C:\Windows\SYSTEM32\CRYPTSP.dll
0x00007fff109f0000 - 0x00007fff10a28000 	C:\Windows\system32\rsaenh.dll
0x00007fff11910000 - 0x00007fff1193e000 	C:\Windows\SYSTEM32\USERENV.dll
0x00007fff12160000 - 0x00007fff121e2000 	C:\Windows\System32\bcryptprimitives.dll
0x00007fff112c0000 - 0x00007fff112cc000 	C:\Windows\SYSTEM32\CRYPTBASE.dll
0x00007fff099f0000 - 0x00007fff09a07000 	C:\Windows\SYSTEM32\dhcpcsvc6.DLL
0x00007fff09dc0000 - 0x00007fff09ddd000 	C:\Windows\SYSTEM32\dhcpcsvc.DLL
0x00007ffeba330000 - 0x00007ffeba4ae000 	C:\Program Files\Java\jdk-1.8\jre\bin\awt.dll
0x00007fff0e730000 - 0x00007fff0e7c4000 	C:\Windows\SYSTEM32\apphelp.dll
0x00007fff04100000 - 0x00007fff041ae000 	C:\Windows\SYSTEM32\mscms.dll
0x00007fff040e0000 - 0x00007fff040f1000 	C:\Windows\SYSTEM32\ColorAdapterClient.dll
0x00007fff0ef60000 - 0x00007fff0effe000 	C:\Windows\system32\uxtheme.dll
0x0000017af60e0000 - 0x0000017afe153000 	C:\Program Files (x86)\ASUS\GPUTweakIII\GTIII-OSD\x64\GTIII-OSD64-VK.dll
0x00007fff133d0000 - 0x00007fff134fb000 	C:\Windows\System32\ole32.dll
0x00007ffe9d090000 - 0x00007ffe9d216000 	C:\Windows\SYSTEM32\vulkan-1.dll
0x00007fff12090000 - 0x00007fff120de000 	C:\Windows\System32\CFGMGR32.dll
0x00007fff12af0000 - 0x00007fff12c05000 	C:\Windows\System32\MSCTF.dll
0x00007fff12a40000 - 0x00007fff12ae9000 	C:\Windows\System32\clbcatq.dll
0x00007ffe5d6b0000 - 0x00007ffe60004000 	C:\Windows\System32\DriverStore\FileRepository\nv_dispi.inf_amd64_20ae8f14a487d5db\nvoglv64.dll
0x00007fff12f60000 - 0x00007fff133d0000 	C:\Windows\System32\SETUPAPI.dll
0x00007fff0b470000 - 0x00007fff0b484000 	C:\Windows\SYSTEM32\WTSAPI32.dll
0x00007fff11500000 - 0x00007fff11512000 	C:\Windows\SYSTEM32\msasn1.dll
0x00007fff09d70000 - 0x00007fff09da1000 	C:\Windows\SYSTEM32\cryptnet.dll
0x00007fff11b00000 - 0x00007fff11c5d000 	C:\Windows\System32\CRYPT32.dll
0x00007fff09b40000 - 0x00007fff09c87000 	C:\Windows\SYSTEM32\drvstore.dll
0x00007fff116d0000 - 0x00007fff11703000 	C:\Windows\SYSTEM32\devobj.dll
0x00007fff120e0000 - 0x00007fff12153000 	C:\Windows\System32\WINTRUST.dll
0x00007fff10c40000 - 0x00007fff10c73000 	C:\Windows\SYSTEM32\ntmarta.dll
0x00007fff136d0000 - 0x00007fff136ed000 	C:\Windows\System32\imagehlp.dll
0x00007ffefe260000 - 0x00007fff01ff4000 	C:\Windows\System32\DriverStore\FileRepository\nv_dispi.inf_amd64_20ae8f14a487d5db\nvgpucomp64.dll
0x00007fff02430000 - 0x00007fff0246b000 	C:\Windows\SYSTEM32\dxcore.dll
0x00007ffe95dc0000 - 0x00007ffe95f07000 	C:\Windows\system32\nvspcap64.dll
0x00007fff0f270000 - 0x00007fff0f29e000 	C:\Windows\SYSTEM32\dwmapi.dll
0x00007fff05f10000 - 0x00007fff06009000 	C:\Windows\SYSTEM32\textinputframework.dll
0x00007fff0db20000 - 0x00007fff0de7b000 	C:\Windows\System32\CoreUIComponents.dll
0x00007fff0de80000 - 0x00007fff0df72000 	C:\Windows\System32\CoreMessaging.dll
0x00007fff0e0f0000 - 0x00007fff0e247000 	C:\Windows\SYSTEM32\wintypes.dll
0x00007ffef7db0000 - 0x00007ffef7df5000 	C:\Windows\SYSTEM32\icm32.dll
0x0000017aa1f60000 - 0x0000017aaa0e7000 	C:\Program Files (x86)\ASUS\GPUTweakIII\GTIII-OSD\x64\GTIII-OSD64.dll
0x00007ffe9c870000 - 0x00007ffe9cad3000 	C:\Windows\SYSTEM32\d3dx9_43.dll
0x00007ffef8760000 - 0x00007ffef8785000 	C:\Windows\SYSTEM32\d3d12.dll
0x00007fff0c4d0000 - 0x00007fff0c92d000 	C:\Windows\SYSTEM32\D3DCOMPILER_47.dll
0x00007ffe9cae0000 - 0x00007ffe9cb11000 	C:\Windows\SYSTEM32\d3d10_1.dll
0x00007ffeba5f0000 - 0x00007ffeba5fd000 	C:\Windows\SYSTEM32\d3d10_1core.dll
0x00007fff0ca00000 - 0x00007fff0cc64000 	C:\Windows\SYSTEM32\d3d11.dll
0x00007fff103c0000 - 0x00007fff104b6000 	C:\Windows\SYSTEM32\dxgi.dll
0x00007ffedd660000 - 0x00007ffedd831000 	C:\Windows\SYSTEM32\d3d9.dll
0x00007fff11880000 - 0x00007fff118cb000 	C:\Windows\SYSTEM32\powrprof.dll
0x00007fff11860000 - 0x00007fff11872000 	C:\Windows\SYSTEM32\UMPDC.dll
0x00007fff11740000 - 0x00007fff117a3000 	C:\Windows\SYSTEM32\WINSTA.dll
0x0000000070a40000 - 0x0000000070adc000 	C:\Users\chuck\.gradle\caches\minecraft\net\minecraft\minecraft_natives\1.7.10\avutil-ttv-51.dll
0x0000000065980000 - 0x00000000659d6000 	C:\Users\chuck\.gradle\caches\minecraft\net\minecraft\minecraft_natives\1.7.10\swresample-ttv-0.dll
0x000000006eb80000 - 0x000000006ec50000 	C:\Users\chuck\.gradle\caches\minecraft\net\minecraft\minecraft_natives\1.7.10\libmp3lame-ttv.dll
0x00007ffe52190000 - 0x00007ffe53534000 	C:\Users\chuck\.gradle\caches\minecraft\net\minecraft\minecraft_natives\1.7.10\libmfxsw64.dll
0x00007ffe96ae0000 - 0x00007ffe96c0b000 	C:\Users\chuck\.gradle\caches\minecraft\net\minecraft\minecraft_natives\1.7.10\twitchsdk.dll
0x00007ffef3380000 - 0x00007ffef3856000 	C:\Windows\SYSTEM32\WININET.dll
0x0000017acaa50000 - 0x0000017ad2aa1000 	C:\Program Files (x86)\ASUS\GPUTweakIII\GTIII-OSD\x64\GTIII-OSD64-GL.dll
0x0000000060690000 - 0x00000000606f3000 	C:\Program Files (x86)\ASUS\GPUTweakIII\GTIII-OSD\x64\glew32.dll
0x00007ffef86b0000 - 0x00007ffef875c000 	C:\Windows\SYSTEM32\TextShaping.dll
0x0000017aaa580000 - 0x0000017aaa5e4000 	C:\Users\chuck\.gradle\caches\minecraft\net\minecraft\minecraft_natives\1.7.10\OpenAL64.dll
0x00007fff0ae30000 - 0x00007fff0aeb5000 	C:\Windows\System32\MMDevApi.dll
0x00007ffedf470000 - 0x00007ffedf50c000 	C:\Windows\SYSTEM32\dsound.dll
0x00007ffef3880000 - 0x00007ffef38a6000 	C:\Windows\SYSTEM32\winmmbase.dll
0x00007fff0af30000 - 0x00007fff0b0b1000 	C:\Windows\SYSTEM32\AUDIOSES.DLL
0x00007fff0f030000 - 0x00007fff0f044000 	C:\Windows\SYSTEM32\resourcepolicyclient.dll
0x00007ffebf9f0000 - 0x00007ffebfa24000 	C:\Program Files\Java\jdk-1.8\jre\bin\jpeg.dll
0x00007ffef1d10000 - 0x00007ffef1d35000 	C:\Program Files\Java\jdk-1.8\jre\bin\sunec.dll
0x00007fff0e080000 - 0x00007fff0e08e000 	C:\Program Files\Java\jdk-1.8\jre\bin\sunmscapi.dll
0x00007fff113e0000 - 0x00007fff11407000 	C:\Windows\SYSTEM32\ncrypt.dll
0x00007fff113a0000 - 0x00007fff113db000 	C:\Windows\SYSTEM32\NTASN1.dll
0x00007fff0fea0000 - 0x00007fff100a1000 	C:\Windows\SYSTEM32\dbghelp.dll

VM Arguments:
jvm_args: -Dfile.encoding=UTF-8 -Duser.country=US -Duser.language=en -Duser.variant 
java_command: GradleStart
java_class_path (initial): C:\Users\chuck\.gradle\caches\minecraft\net\minecraftforge\forge\1.7.10-10.13.4.1614-1.7.10\start;C:\Users\chuck\.gradle\caches\minecraft\net\minecraftforge\forge\1.7.10-10.13.4.1614-1.7.10\forgeSrc-1.7.10-10.13.4.1614-1.7.10.jar;C:\Users\chuck\.gradle\caches\modules-2\files-2.1\net.minecraft\launchwrapper\1.12\111e7bea9c968cdb3d06ef4632bf7ff0824d0f36\launchwrapper-1.12.jar;C:\Users\chuck\.gradle\caches\modules-2\files-2.1\com.google.code.findbugs\jsr305\1.3.9\40719ea6961c0cb6afaeb6a921eaa1f6afd4cfdf\jsr305-1.3.9.jar;C:\Users\chuck\.gradle\caches\modules-2\files-2.1\org.ow2.asm\asm-debug-all\5.0.3\f9e364ae2a66ce2a543012a4668856e84e5dab74\asm-debug-all-5.0.3.jar;C:\Users\chuck\.gradle\caches\modules-2\files-2.1\com.typesafe.akka\akka-actor_2.11\2.3.3\ed62e9fc709ca0f2ff1a3220daa8b70a2870078e\akka-actor_2.11-2.3.3.jar;C:\Users\chuck\.gradle\caches\modules-2\files-2.1\com.typesafe\config\1.2.1\f771f71fdae3df231bcd54d5ca2d57f0bf93f467\config-1.2.1.jar;C:\Users\chuck\.gradle\caches\modules-2\files-2.1\org.scala-lang\scala-actors-migration_2.11\1.1.0\dfa8bc42b181d5b9f1a5dd147f8ae308b893eb6f\scala-actors-migration_2.11-1.1.0.jar;C:\Users\chuck\.gradle\caches\modules-2\files-2.1\org.scala-lang.plugins\scala-continuations-plugin_2.11.1\1.0.2\f361a3283452c57fa30c1ee69448995de23c60f7\scala-continuations-plugin_2.11.1-1.0.2.jar;C:\Users\chuck\.gradle\caches\modules-2\files-2.1\org.scala-lang\scala-compiler\2.11.1\56ea2e6c025e0821f28d73ca271218b8dd04926a\scala-compiler-2.11.1.jar;C:\Users\chuck\.gradle\caches\modules-2\files-2.1\org.scala-lang.plugins\scala-continuations-library_2.11\1.0.2\e517c53a7e9acd6b1668c5a35eccbaa3bab9aac\scala-continuations-library_2.11-1.0.2.jar;C:\Users\chuck\.gradle\caches\modules-2\files-2.1\org.scala-lang\scala-reflect\2.11.1\6580347e61cc7f8e802941e7fde40fa83b8badeb\scala-reflect-2.11.1.jar;C:\Users\chuck\.gradle\caches\modules-2\files-2.1\org.scala-lang\scala-actors\2.11.0\8ccfb6541de179bb1c4d45cf414acee069b7f78b\scala-a
Launcher Type: SUN_STANDARD

Environment Variables:
PATH=C:\Program Files\Eclipse Adoptium\jdk-8.0.462.8-hotspot\bin;C:\Program Files\Common Files\Oracle\Java\javapath;C:\Program Files (x86)\Common Files\Oracle\Java\java8path;C:\Program Files (x86)\Common Files\Oracle\Java\javapath;C:\Program Files (x86)\Razer Chroma SDK\bin;C:\Program Files\Razer Chroma SDK\bin;C:\Program Files (x86)\Razer\ChromaBroadcast\bin;C:\Program Files\Razer\ChromaBroadcast\bin;C:\Windows\system32;C:\Windows;C:\Windows\System32\Wbem;C:\Windows\System32\WindowsPowerShell\v1.0\;C:\Windows\System32\OpenSSH\;C:\Program Files (x86)\NVIDIA Corporation\PhysX\Common;C:\Windows\system32\config\systemprofile\AppData\Local\Microsoft\WindowsApps;C:\Program Files\dotnet\;C:\Program Files (x86)\Windows Live\Shared;C:\Program Files\Git\cmd;C:\Program Files\WorldPainter;C:\Program Files\NVIDIA Corporation\NVIDIA app\NvDLISR;C:\Users\chuck\AppData\Local\Microsoft\WindowsApps;;C:\Program Files\JetBrains\IntelliJ IDEA 2024.2.0.1\bin;
USERNAME=chuck
OS=Windows_NT
PROCESSOR_IDENTIFIER=Intel64 Family 6 Model 158 Stepping 13, GenuineIntel



---------------  S Y S T E M  ---------------

OS: Windows 10 , 64 bit Build 19041 (10.0.19041.5915)

CPU:total 16 (initial active 16) (8 cores per cpu, 2 threads per core) family 6 model 158 stepping 13, cmov, cx8, fxsr, mmx, sse, sse2, sse3, ssse3, sse4.1, sse4.2, popcnt, avx, avx2, aes, clmul, erms, 3dnowpref, lzcnt, ht, tsc, tscinvbit, bmi1, bmi2, adx

Memory: 4k page, physical 67022948k(46540312k free), swap 71217252k(40132520k free)

vm_info: Java HotSpot(TM) 64-Bit Server VM (25.471-b09) for windows-amd64 JRE (1.8.0_471-b09), built on Sep 26 2025 05:08:27 by "java_re" with MS VC++ 17.6 (VS2022)

time: Mon Nov 24 22:14:00 2025
timezone: Eastern Standard Time
elapsed time: 1917.282004 seconds (0d 0h 31m 57s)

