#
# A fatal error has been detected by the Java Runtime Environment:
#
#  EXCEPTION_ACCESS_VIOLATION (0xc0000005) at pc=0x00007ffe5df182e9, pid=14236, tid=0x0000000000005a54
#
# JRE version: Java(TM) SE Runtime Environment (8.0_471) (build 1.8.0_471-b09)
# Java VM: Java HotSpot(TM) 64-Bit Server VM (25.471-b09 mixed mode windows-amd64 compressed oops)
# Problematic frame:
# C  [nvoglv64.dll+0x8682e9]
#
# Failed to write core dump. Minidumps are not enabled by default on client versions of Windows
#
# If you would like to submit a bug report, please visit:
#   https://bugreport.java.com/bugreport/crash.jsp
#

---------------  T H R E A D  ---------------

Current thread (0x00000204f8a81800):  VMThread [stack: 0x000000a755a00000,0x000000a755b00000] [id=23124]

siginfo: ExceptionCode=0xc0000005, reading address 0x0000000000001238

Registers:
RAX=0x0000000000000000, RBX=0x00000204fd28a430, RCX=0x0000000000000004, RDX=0x0000000000000000
RSP=0x000000a755aff2d8, RBP=0x0000000000000000, RSI=0x0000000000000000, RDI=0x00000204fd28a430
R8 =0x0000000000000000, R9 =0x00000204810424a0, R10=0x00000204c1be0000, R11=0x000000a755aff2e0
R12=0x00000204b5130000, R13=0x00000204b5263820, R14=0x0000000000000000, R15=0x0000000000000000
RIP=0x00007ffe5df182e9, EFLAGS=0x0000000000010202

Top of Stack: (sp=0x000000a755aff2d8)
0x000000a755aff2d8:   00000204b513bbf1 0000000000000000
0x000000a755aff2e8:   0000000000000000 00000204b5263820
0x000000a755aff2f8:   00000204b5130000 fffffffffffffffe
0x000000a755aff308:   00007fff143b47b1 0000020481042598
0x000000a755aff318:   00000204b5138281 0000000000000000
0x000000a755aff328:   0000000000000000 0000000000000000
0x000000a755aff338:   0000020400000000 0000020481042598
0x000000a755aff348:   00000204b5137c71 00000204810424a0
0x000000a755aff358:   0000000000000000 00000204fd44c8f0
0x000000a755aff368:   00007fff143b5ba1 00000204b5263840
0x000000a755aff378:   00000204b517ac0d 0000000000000040
0x000000a755aff388:   00007fff00000000 0000000000000000
0x000000a755aff398:   00000204fd44c8e8 00000204b5130000
0x000000a755aff3a8:   00000204f886ff98 00000204b51c3f4c
0x000000a755aff3b8:   0000000000000001 0000000000000001
0x000000a755aff3c8:   00000204b513a083 0000000000000000 

Instructions: (pc=0x00007ffe5df182e9)
0x00007ffe5df182c9:   af af af af af af af c3 cc cc cc cc cc cc cc cc
0x00007ffe5df182d9:   cc cc cc cc cc cc cc 65 48 8b 04 25 30 16 00 00
0x00007ffe5df182e9:   ff a0 38 12 00 00 cc cc cc cc cc cc cc cc cc cc
0x00007ffe5df182f9:   cc cc cc cc cc cc cc cc cc cc cc cc cc cc cc cc 


Register to memory mapping:

RAX=0x0000000000000000 is an unknown value
RBX=0x00000204fd28a430 is an unknown value
RCX=0x0000000000000004 is an unknown value
RDX=0x0000000000000000 is an unknown value
RSP=0x000000a755aff2d8 is an unknown value
RBP=0x0000000000000000 is an unknown value
RSI=0x0000000000000000 is an unknown value
RDI=0x00000204fd28a430 is an unknown value
R8 =0x0000000000000000 is an unknown value
R9 =0x00000204810424a0 is an unknown value
R10=0x00000204c1be0000 is an unknown value
R11=0x000000a755aff2e0 is an unknown value
R12=0x00000204b5130000 is an unknown value
R13=0x00000204b5263820 is an unknown value
R14=0x0000000000000000 is an unknown value
R15=0x0000000000000000 is an unknown value


Stack: [0x000000a755a00000,0x000000a755b00000],  sp=0x000000a755aff2d8,  free space=1020k
Native frames: (J=compiled Java code, j=interpreted, Vv=VM code, C=native code)

VM_Operation (0x000000a754cfe6e0): Exit, mode: safepoint, requested by thread 0x00000204c1c2b000


---------------  P R O C E S S  ---------------

Java Threads: ( => current thread )
  0x00000204febbf000 JavaThread "AWT-Shutdown" [_thread_blocked, id=27056, stack(0x000000a754a00000,0x000000a754b00000)]
  0x00000204febc3800 JavaThread "File IO Thread" [_thread_blocked, id=27188, stack(0x000000a754900000,0x000000a754a00000)]
  0x00000204febba000 JavaThread "Netty IO #1" daemon [_thread_blocked, id=27468, stack(0x000000a757f00000,0x000000a758000000)]
  0x00000204febbb800 JavaThread "Netty Client IO #0" daemon [_thread_blocked, id=27464, stack(0x000000a757c00000,0x000000a757d00000)]
  0x00000204febba800 JavaThread "Netty IO #0" daemon [_thread_blocked, id=27452, stack(0x000000a757900000,0x000000a757a00000)]
  0x00000204fcea5000 JavaThread "LWJGL Timer" daemon [_thread_blocked, id=14492, stack(0x000000a757800000,0x000000a757900000)]
  0x0000020482555000 JavaThread "Java2D Disposer" daemon [_thread_blocked, id=16432, stack(0x000000a756f00000,0x000000a757000000)]
  0x00000204ffb37000 JavaThread "Timer hack thread" daemon [_thread_blocked, id=1716, stack(0x000000a756e00000,0x000000a756f00000)]
  0x0000020481a20000 JavaThread "Snooper Timer" daemon [_thread_blocked, id=15152, stack(0x000000a756d00000,0x000000a756e00000)]
  0x00000204fb843000 JavaThread "Service Thread" daemon [_thread_blocked, id=22948, stack(0x000000a756b00000,0x000000a756c00000)]
  0x00000204fb7fe000 JavaThread "C1 CompilerThread11" daemon [_thread_blocked, id=16892, stack(0x000000a756a00000,0x000000a756b00000)]
  0x00000204fb7f6000 JavaThread "C1 CompilerThread10" daemon [_thread_blocked, id=21632, stack(0x000000a756900000,0x000000a756a00000)]
  0x00000204fb7db000 JavaThread "C1 CompilerThread9" daemon [_thread_blocked, id=22848, stack(0x000000a756800000,0x000000a756900000)]
  0x00000204fb7d0000 JavaThread "C1 CompilerThread8" daemon [_thread_blocked, id=14432, stack(0x000000a756700000,0x000000a756800000)]
  0x00000204fb7cf000 JavaThread "C2 CompilerThread7" daemon [_thread_blocked, id=15760, stack(0x000000a756600000,0x000000a756700000)]
  0x00000204fb7ce800 JavaThread "C2 CompilerThread6" daemon [_thread_blocked, id=25128, stack(0x000000a756500000,0x000000a756600000)]
  0x00000204fb7cc800 JavaThread "C2 CompilerThread5" daemon [_thread_blocked, id=23640, stack(0x000000a756400000,0x000000a756500000)]
  0x00000204fb7c5000 JavaThread "C2 CompilerThread4" daemon [_thread_blocked, id=21860, stack(0x000000a756300000,0x000000a756400000)]
  0x00000204fb7c4800 JavaThread "C2 CompilerThread3" daemon [_thread_blocked, id=3296, stack(0x000000a756200000,0x000000a756300000)]
  0x00000204fb7c3800 JavaThread "C2 CompilerThread2" daemon [_thread_blocked, id=22832, stack(0x000000a756100000,0x000000a756200000)]
  0x00000204fb7bf000 JavaThread "C2 CompilerThread1" daemon [_thread_blocked, id=18904, stack(0x000000a756000000,0x000000a756100000)]
  0x00000204fb7bc800 JavaThread "C2 CompilerThread0" daemon [_thread_blocked, id=11044, stack(0x000000a755f00000,0x000000a756000000)]
  0x00000204fb7b9800 JavaThread "Attach Listener" daemon [_thread_blocked, id=17220, stack(0x000000a755e00000,0x000000a755f00000)]
  0x00000204fb7ae800 JavaThread "Signal Dispatcher" daemon [_thread_blocked, id=10456, stack(0x000000a755d00000,0x000000a755e00000)]
  0x00000204fb791000 JavaThread "Finalizer" daemon [_thread_blocked, id=22896, stack(0x000000a755c00000,0x000000a755d00000)]
  0x00000204f8a8c000 JavaThread "Reference Handler" daemon [_thread_blocked, id=6440, stack(0x000000a755b00000,0x000000a755c00000)]
  0x00000204c1c2b000 JavaThread "Client thread" [_thread_blocked, id=25596, stack(0x000000a754c00000,0x000000a754d00000)]

Other Threads:
=>0x00000204f8a81800 VMThread [stack: 0x000000a755a00000,0x000000a755b00000] [id=23124]

VM state:at safepoint (shutting down)

VM Mutex/Monitor currently owned by a thread:  ([mutex/lock_event])
[0x00000204c1c24970] Threads_lock - owner thread: 0x00000204f8a81800

heap address: 0x00000003c1400000, size: 16364 MB, Compressed Oops mode: Zero based, Oop shift amount: 3
Narrow klass base: 0x0000000000000000, Narrow klass shift: 3
Compressed class space size: 1073741824 Address: 0x00000007c0000000

Heap:
 PSYoungGen      total 229376K, used 180047K [0x000000066b180000, 0x000000067a180000, 0x00000007c0000000)
  eden space 222208K, 78% used [0x000000066b180000,0x0000000675b3df18,0x0000000678a80000)
  from space 7168K, 86% used [0x0000000679a80000,0x000000067a096028,0x000000067a180000)
  to   space 11776K, 0% used [0x0000000678a80000,0x0000000678a80000,0x0000000679600000)
 ParOldGen       total 418304K, used 180845K [0x00000003c1400000, 0x00000003dac80000, 0x000000066b180000)
  object space 418304K, 43% used [0x00000003c1400000,0x00000003cc49b7c8,0x00000003dac80000)
 Metaspace       used 44464K, capacity 44921K, committed 45184K, reserved 1089536K
  class space    used 5100K, capacity 5233K, committed 5248K, reserved 1048576K

Card table byte_map: [0x00000204d29b0000,0x00000204d49b0000] byte_map_base: 0x00000204d0ba6000

Marking Bits: (ParMarkBitMap*) 0x00007ffe6589a3e0
 Begin Bits: [0x00000204d5f00000, 0x00000204e5eb0000)
 End Bits:   [0x00000204e5eb0000, 0x00000204f5e60000)

Polling page: 0x00000204c1d60000

CodeCache: size=245760Kb used=32238Kb max_used=34663Kb free=213521Kb
 bounds [0x00000204c35f0000, 0x00000204c58a0000, 0x00000204d25f0000]
 total_blobs=8827 nmethods=7948 adapters=786
 compilation: enabled

Compilation events (10 events):
Event: 499.858 Thread 0x00000204fb7d0000 11682       3       java.util.Arrays::fill (21 bytes)
Event: 499.858 Thread 0x00000204fb7db000 11681       3       java.lang.Integer::highestOneBit (38 bytes)
Event: 499.858 Thread 0x00000204fb7c5000 11683       4       com.google.common.collect.HashBiMap::containsKey (18 bytes)
Event: 499.858 Thread 0x00000204fb7db000 nmethod 11681 0x00000204c4150f90 code [0x00000204c41510e0, 0x00000204c4151258]
Event: 499.858 Thread 0x00000204fb7d0000 nmethod 11682 0x00000204c46ab850 code [0x00000204c46ab9c0, 0x00000204c46abcd8]
Event: 499.858 Thread 0x00000204fb7bc800 11684       4       net.minecraft.util.ObjectIntIdentityMap::func_148746_a (53 bytes)
Event: 499.859 Thread 0x00000204fb7d0000 11685  s    3       java.lang.Throwable::getOurStackTrace (80 bytes)
Event: 499.859 Thread 0x00000204fb7d0000 nmethod 11685 0x00000204c4b12010 code [0x00000204c4b121c0, 0x00000204c4b12a40]
Event: 499.860 Thread 0x00000204fb7c5000 nmethod 11683 0x00000204c4750dd0 code [0x00000204c4750f20, 0x00000204c4751238]
Event: 499.867 Thread 0x00000204fb7bc800 nmethod 11684 0x00000204c493f6d0 code [0x00000204c493f8a0, 0x00000204c4940268]

GC Heap History (10 events):
Event: 475.089 GC heap before
{Heap before GC invocations=63 (full 5):
 PSYoungGen      total 249344K, used 249124K [0x000000066b180000, 0x000000067ba00000, 0x00000007c0000000)
  eden space 243200K, 100% used [0x000000066b180000,0x0000000679f00000,0x0000000679f00000)
  from space 6144K, 96% used [0x000000067a380000,0x000000067a9492a8,0x000000067a980000)
  to   space 13824K, 0% used [0x000000067ac80000,0x000000067ac80000,0x000000067ba00000)
 ParOldGen       total 418304K, used 180381K [0x00000003c1400000, 0x00000003dac80000, 0x000000066b180000)
  object space 418304K, 43% used [0x00000003c1400000,0x00000003cc4276e8,0x00000003dac80000)
 Metaspace       used 44419K, capacity 44921K, committed 45184K, reserved 1089536K
  class space    used 5091K, capacity 5233K, committed 5248K, reserved 1048576K
Event: 475.092 GC heap after
Heap after GC invocations=63 (full 5):
 PSYoungGen      total 248832K, used 8756K [0x000000066b180000, 0x000000067b680000, 0x00000007c0000000)
  eden space 238592K, 0% used [0x000000066b180000,0x000000066b180000,0x0000000679a80000)
  from space 10240K, 85% used [0x000000067ac80000,0x000000067b50d398,0x000000067b680000)
  to   space 14336K, 0% used [0x0000000679a80000,0x0000000679a80000,0x000000067a880000)
 ParOldGen       total 418304K, used 180413K [0x00000003c1400000, 0x00000003dac80000, 0x000000066b180000)
  object space 418304K, 43% used [0x00000003c1400000,0x00000003cc42f6e8,0x00000003dac80000)
 Metaspace       used 44419K, capacity 44921K, committed 45184K, reserved 1089536K
  class space    used 5091K, capacity 5233K, committed 5248K, reserved 1048576K
}
Event: 480.113 GC heap before
{Heap before GC invocations=64 (full 5):
 PSYoungGen      total 248832K, used 247348K [0x000000066b180000, 0x000000067b680000, 0x00000007c0000000)
  eden space 238592K, 100% used [0x000000066b180000,0x0000000679a80000,0x0000000679a80000)
  from space 10240K, 85% used [0x000000067ac80000,0x000000067b50d398,0x000000067b680000)
  to   space 14336K, 0% used [0x0000000679a80000,0x0000000679a80000,0x000000067a880000)
 ParOldGen       total 418304K, used 180413K [0x00000003c1400000, 0x00000003dac80000, 0x000000066b180000)
  object space 418304K, 43% used [0x00000003c1400000,0x00000003cc42f6e8,0x00000003dac80000)
 Metaspace       used 44419K, capacity 44921K, committed 45184K, reserved 1089536K
  class space    used 5091K, capacity 5233K, committed 5248K, reserved 1048576K
Event: 480.115 GC heap after
Heap after GC invocations=64 (full 5):
 PSYoungGen      total 239104K, used 4401K [0x000000066b180000, 0x000000067b180000, 0x00000007c0000000)
  eden space 234496K, 0% used [0x000000066b180000,0x000000066b180000,0x0000000679680000)
  from space 4608K, 95% used [0x0000000679a80000,0x0000000679ecc730,0x0000000679f00000)
  to   space 13824K, 0% used [0x000000067a400000,0x000000067a400000,0x000000067b180000)
 ParOldGen       total 418304K, used 180485K [0x00000003c1400000, 0x00000003dac80000, 0x000000066b180000)
  object space 418304K, 43% used [0x00000003c1400000,0x00000003cc4416e8,0x00000003dac80000)
 Metaspace       used 44419K, capacity 44921K, committed 45184K, reserved 1089536K
  class space    used 5091K, capacity 5233K, committed 5248K, reserved 1048576K
}
Event: 485.511 GC heap before
{Heap before GC invocations=65 (full 5):
 PSYoungGen      total 239104K, used 238897K [0x000000066b180000, 0x000000067b180000, 0x00000007c0000000)
  eden space 234496K, 100% used [0x000000066b180000,0x0000000679680000,0x0000000679680000)
  from space 4608K, 95% used [0x0000000679a80000,0x0000000679ecc730,0x0000000679f00000)
  to   space 13824K, 0% used [0x000000067a400000,0x000000067a400000,0x000000067b180000)
 ParOldGen       total 418304K, used 180485K [0x00000003c1400000, 0x00000003dac80000, 0x000000066b180000)
  object space 418304K, 43% used [0x00000003c1400000,0x00000003cc4416e8,0x00000003dac80000)
 Metaspace       used 44422K, capacity 44921K, committed 45184K, reserved 1089536K
  class space    used 5091K, capacity 5233K, committed 5248K, reserved 1048576K
Event: 485.513 GC heap after
Heap after GC invocations=65 (full 5):
 PSYoungGen      total 239104K, used 5058K [0x000000066b180000, 0x000000067ac80000, 0x00000007c0000000)
  eden space 230400K, 0% used [0x000000066b180000,0x000000066b180000,0x0000000679280000)
  from space 8704K, 58% used [0x000000067a400000,0x000000067a8f0b18,0x000000067ac80000)
  to   space 13312K, 0% used [0x0000000679280000,0x0000000679280000,0x0000000679f80000)
 ParOldGen       total 418304K, used 180581K [0x00000003c1400000, 0x00000003dac80000, 0x000000066b180000)
  object space 418304K, 43% used [0x00000003c1400000,0x00000003cc4596e8,0x00000003dac80000)
 Metaspace       used 44422K, capacity 44921K, committed 45184K, reserved 1089536K
  class space    used 5091K, capacity 5233K, committed 5248K, reserved 1048576K
}
Event: 490.761 GC heap before
{Heap before GC invocations=66 (full 5):
 PSYoungGen      total 239104K, used 235458K [0x000000066b180000, 0x000000067ac80000, 0x00000007c0000000)
  eden space 230400K, 100% used [0x000000066b180000,0x0000000679280000,0x0000000679280000)
  from space 8704K, 58% used [0x000000067a400000,0x000000067a8f0b18,0x000000067ac80000)
  to   space 13312K, 0% used [0x0000000679280000,0x0000000679280000,0x0000000679f80000)
 ParOldGen       total 418304K, used 180581K [0x00000003c1400000, 0x00000003dac80000, 0x000000066b180000)
  object space 418304K, 43% used [0x00000003c1400000,0x00000003cc4596e8,0x00000003dac80000)
 Metaspace       used 44422K, capacity 44921K, committed 45184K, reserved 1089536K
  class space    used 5091K, capacity 5233K, committed 5248K, reserved 1048576K
Event: 490.763 GC heap after
Heap after GC invocations=66 (full 5):
 PSYoungGen      total 232448K, used 5980K [0x000000066b180000, 0x000000067a680000, 0x00000007c0000000)
  eden space 226304K, 0% used [0x000000066b180000,0x000000066b180000,0x0000000678e80000)
  from space 6144K, 97% used [0x0000000679280000,0x0000000679857070,0x0000000679880000)
  to   space 12288K, 0% used [0x0000000679a80000,0x0000000679a80000,0x000000067a680000)
 ParOldGen       total 418304K, used 180785K [0x00000003c1400000, 0x00000003dac80000, 0x000000066b180000)
  object space 418304K, 43% used [0x00000003c1400000,0x00000003cc48c778,0x00000003dac80000)
 Metaspace       used 44422K, capacity 44921K, committed 45184K, reserved 1089536K
  class space    used 5091K, capacity 5233K, committed 5248K, reserved 1048576K
}
Event: 495.920 GC heap before
{Heap before GC invocations=67 (full 5):
 PSYoungGen      total 232448K, used 232284K [0x000000066b180000, 0x000000067a680000, 0x00000007c0000000)
  eden space 226304K, 100% used [0x000000066b180000,0x0000000678e80000,0x0000000678e80000)
  from space 6144K, 97% used [0x0000000679280000,0x0000000679857070,0x0000000679880000)
  to   space 12288K, 0% used [0x0000000679a80000,0x0000000679a80000,0x000000067a680000)
 ParOldGen       total 418304K, used 180785K [0x00000003c1400000, 0x00000003dac80000, 0x000000066b180000)
  object space 418304K, 43% used [0x00000003c1400000,0x00000003cc48c778,0x00000003dac80000)
 Metaspace       used 44422K, capacity 44921K, committed 45184K, reserved 1089536K
  class space    used 5091K, capacity 5233K, committed 5248K, reserved 1048576K
Event: 495.923 GC heap after
Heap after GC invocations=67 (full 5):
 PSYoungGen      total 229376K, used 6232K [0x000000066b180000, 0x000000067a180000, 0x00000007c0000000)
  eden space 222208K, 0% used [0x000000066b180000,0x000000066b180000,0x0000000678a80000)
  from space 7168K, 86% used [0x0000000679a80000,0x000000067a096028,0x000000067a180000)
  to   space 11776K, 0% used [0x0000000678a80000,0x0000000678a80000,0x0000000679600000)
 ParOldGen       total 418304K, used 180845K [0x00000003c1400000, 0x00000003dac80000, 0x000000066b180000)
  object space 418304K, 43% used [0x00000003c1400000,0x00000003cc49b7c8,0x00000003dac80000)
 Metaspace       used 44422K, capacity 44921K, committed 45184K, reserved 1089536K
  class space    used 5091K, capacity 5233K, committed 5248K, reserved 1048576K
}

Deoptimization events (10 events):
Event: 499.573 Thread 0x00000204febba000 Uncommon trap: reason=class_check action=maybe_recompile pc=0x00000204c5421d18 method=java.util.HashSet.remove(Ljava/lang/Object;)Z @ 5
Event: 499.609 Thread 0x00000204febc3800 Uncommon trap: reason=unstable_if action=reinterpret pc=0x00000204c3e640b4 method=net.minecraft.world.storage.ThreadedFileIOBase.processQueue()V @ 68
Event: 499.784 Thread 0x00000204c1c2b000 Uncommon trap: reason=unstable_if action=reinterpret pc=0x00000204c4c0bea4 method=java.io.BufferedOutputStream.write([BII)V @ 6
Event: 499.828 Thread 0x00000204c1c2b000 Uncommon trap: reason=unstable_if action=reinterpret pc=0x00000204c3d56358 method=cpw.mods.fml.relauncher.FMLSecurityManager.checkPermission(Ljava/security/Permission;)V @ 23
Event: 499.841 Thread 0x00000204febc0000 Uncommon trap: reason=unstable_if action=reinterpret pc=0x00000204c4c76550 method=io.netty.channel.local.LocalChannel.isOpen()Z @ 5
Event: 499.849 Thread 0x00000204febc0000 Uncommon trap: reason=unstable_if action=reinterpret pc=0x00000204c47c94d4 method=net.minecraft.world.chunk.Chunk.needsSaving(Z)Z @ 23
Event: 499.850 Thread 0x00000204febc0000 Uncommon trap: reason=unstable_if action=reinterpret pc=0x00000204c4bdb1b4 method=com.google.common.collect.MapMakerInternalMap$Segment.getEntry(Ljava/lang/Object;I)Lcom/google/common/collect/MapMakerInternalMap$ReferenceEntry; @ 4
Event: 499.850 Thread 0x00000204febc0000 Uncommon trap: reason=unstable_if action=reinterpret pc=0x00000204c4bbe930 method=com.google.common.collect.MapMakerInternalMap$Segment.getEntry(Ljava/lang/Object;I)Lcom/google/common/collect/MapMakerInternalMap$ReferenceEntry; @ 4
Event: 499.850 Thread 0x00000204febc0000 Uncommon trap: reason=unstable_if action=reinterpret pc=0x00000204c44d8168 method=com.google.common.collect.MapMakerInternalMap$Segment.getEntry(Ljava/lang/Object;I)Lcom/google/common/collect/MapMakerInternalMap$ReferenceEntry; @ 4
Event: 499.858 Thread 0x00000204fe0b7800 Uncommon trap: reason=unstable_if action=reinterpret pc=0x00000204c4c17868 method=org.lwjgl.opengl.Display.processMessages()V @ 9

Classes redefined (0 events):
No events

Internal exceptions (10 events):
Event: 499.414 Thread 0x00000204fe0b9000 Exception <a 'java/lang/InterruptedException': sleep interrupted> (0x00000006745e23f8) thrown at [C:\jenkins\workspace\8-2-build-windows-x64-cygwin-sans-NAS\jdk8u471\2292\hotspot\src\share\vm\prims\jvm.cpp, line 3359]
Event: 499.422 Thread 0x00000204fe0b9000 Exception <a 'java/lang/InterruptedException': sleep interrupted> (0x00000006745e2650) thrown at [C:\jenkins\workspace\8-2-build-windows-x64-cygwin-sans-NAS\jdk8u471\2292\hotspot\src\share\vm\prims\jvm.cpp, line 3359]
Event: 499.429 Thread 0x00000204fe0b9000 Exception <a 'java/lang/InterruptedException': sleep interrupted> (0x00000006745e28a8) thrown at [C:\jenkins\workspace\8-2-build-windows-x64-cygwin-sans-NAS\jdk8u471\2292\hotspot\src\share\vm\prims\jvm.cpp, line 3359]
Event: 499.439 Thread 0x00000204fe0b9000 Exception <a 'java/lang/InterruptedException': sleep interrupted> (0x00000006745e2b00) thrown at [C:\jenkins\workspace\8-2-build-windows-x64-cygwin-sans-NAS\jdk8u471\2292\hotspot\src\share\vm\prims\jvm.cpp, line 3359]
Event: 499.447 Thread 0x00000204fe0b9000 Exception <a 'java/lang/InterruptedException': sleep interrupted> (0x00000006745e2d58) thrown at [C:\jenkins\workspace\8-2-build-windows-x64-cygwin-sans-NAS\jdk8u471\2292\hotspot\src\share\vm\prims\jvm.cpp, line 3359]
Event: 499.531 Thread 0x00000204fe0b9000 Exception <a 'java/lang/InterruptedException': sleep interrupted> (0x00000006745e2fb0) thrown at [C:\jenkins\workspace\8-2-build-windows-x64-cygwin-sans-NAS\jdk8u471\2292\hotspot\src\share\vm\prims\jvm.cpp, line 3359]
Event: 499.573 Thread 0x00000204fe0b9000 Exception <a 'java/lang/InterruptedException': sleep interrupted> (0x00000006745e3208) thrown at [C:\jenkins\workspace\8-2-build-windows-x64-cygwin-sans-NAS\jdk8u471\2292\hotspot\src\share\vm\prims\jvm.cpp, line 3359]
Event: 499.573 Thread 0x00000204fe0b9000 Exception <a 'java/lang/InterruptedException': sleep interrupted> (0x00000006745e3460) thrown at [C:\jenkins\workspace\8-2-build-windows-x64-cygwin-sans-NAS\jdk8u471\2292\hotspot\src\share\vm\prims\jvm.cpp, line 3359]
Event: 499.674 Thread 0x00000204fe0bd800 Exception <a 'java/lang/InterruptedException': sleep interrupted> (0x00000006746ebe70) thrown at [C:\jenkins\workspace\8-2-build-windows-x64-cygwin-sans-NAS\jdk8u471\2292\hotspot\src\share\vm\prims\jvm.cpp, line 3359]
Event: 499.828 Thread 0x00000204c1c2b000 Exception <a 'org/lwjgl/LWJGLException': Failed to set device gamma.> (0x00000006745c7b08) thrown at [C:\jenkins\workspace\8-2-build-windows-x64-cygwin-sans-NAS\jdk8u471\2292\hotspot\src\share\vm\prims\jni.cpp, line 737]

Events (10 events):
Event: 499.861 Thread 0x00000204fb7c5000 flushing nmethod 0x00000204c4eee090
Event: 499.861 Thread 0x00000204fb7c5000 flushing nmethod 0x00000204c4eef0d0
Event: 499.861 Thread 0x00000204febc0000 Thread exited: 0x00000204febc0000
Event: 499.867 Thread 0x00000204fb7bc800 flushing nmethod 0x00000204c4f5b010
Event: 499.867 Thread 0x00000204fb7bc800 flushing nmethod 0x00000204c50cbb50
Event: 499.867 Thread 0x00000204fb7bc800 flushing nmethod 0x00000204c50d0890
Event: 499.867 Thread 0x00000204fb7bc800 flushing nmethod 0x00000204c50d88d0
Event: 499.867 Thread 0x00000204fb7bc800 flushing nmethod 0x00000204c50dd350
Event: 499.931 Thread 0x00000204febbd000 Thread exited: 0x00000204febbd000
Event: 499.931 Executing VM operation: Exit


Dynamic libraries:
0x00007ff6b8270000 - 0x00007ff6b82bf000 	C:\Program Files\Java\jdk-1.8\bin\java.exe
0x00007fff14390000 - 0x00007fff14588000 	C:\Windows\SYSTEM32\ntdll.dll
0x00007fff12970000 - 0x00007fff12a32000 	C:\Windows\System32\KERNEL32.DLL
0x00007fff11d90000 - 0x00007fff12086000 	C:\Windows\System32\KERNELBASE.dll
0x00007fff12690000 - 0x00007fff12741000 	C:\Windows\System32\ADVAPI32.dll
0x00007fff12ec0000 - 0x00007fff12f5e000 	C:\Windows\System32\msvcrt.dll
0x00007fff12d60000 - 0x00007fff12dff000 	C:\Windows\System32\sechost.dll
0x00007fff13500000 - 0x00007fff13620000 	C:\Windows\System32\RPCRT4.dll
0x00007fff11a20000 - 0x00007fff11a47000 	C:\Windows\System32\bcrypt.dll
0x00007fff127c0000 - 0x00007fff12961000 	C:\Windows\System32\USER32.dll
0x00007fff11c60000 - 0x00007fff11c82000 	C:\Windows\System32\win32u.dll
0x00007fff13850000 - 0x00007fff1387b000 	C:\Windows\System32\GDI32.dll
0x00007fff12290000 - 0x00007fff123a9000 	C:\Windows\System32\gdi32full.dll
0x00007fff121f0000 - 0x00007fff1228d000 	C:\Windows\System32\msvcp_win.dll
0x00007fff11c90000 - 0x00007fff11d90000 	C:\Windows\System32\ucrtbase.dll
0x00007ffef30e0000 - 0x00007ffef337b000 	C:\Windows\WinSxS\amd64_microsoft.windows.common-controls_6595b64144ccf1df_6.0.19041.6456_none_60b8a6cb71f64256\COMCTL32.dll
0x00007fff12c20000 - 0x00007fff12c4f000 	C:\Windows\System32\IMM32.DLL
0x00007fff0c420000 - 0x00007fff0c43b000 	C:\Program Files\Java\jdk-1.8\jre\bin\vcruntime140.dll
0x00007fff0dfd0000 - 0x00007fff0dfdc000 	C:\Program Files\Java\jdk-1.8\jre\bin\vcruntime140_1.dll
0x00007ffef5ec0000 - 0x00007ffef5f4e000 	C:\Program Files\Java\jdk-1.8\jre\bin\msvcp140.dll
0x00007ffe650c0000 - 0x00007ffe6596a000 	C:\Program Files\Java\jdk-1.8\jre\bin\server\jvm.dll
0x00007fff12c10000 - 0x00007fff12c18000 	C:\Windows\System32\PSAPI.DLL
0x00007fff0c410000 - 0x00007fff0c419000 	C:\Windows\SYSTEM32\WSOCK32.dll
0x00007fff09db0000 - 0x00007fff09dba000 	C:\Windows\SYSTEM32\VERSION.dll
0x00007fff07340000 - 0x00007fff07367000 	C:\Windows\SYSTEM32\WINMM.dll
0x00007fff12750000 - 0x00007fff127bb000 	C:\Windows\System32\WS2_32.dll
0x00007fff10280000 - 0x00007fff10292000 	C:\Windows\SYSTEM32\kernel.appcore.dll
0x00007fff0c400000 - 0x00007fff0c410000 	C:\Program Files\Java\jdk-1.8\jre\bin\verify.dll
0x00007fff0b6c0000 - 0x00007fff0b6eb000 	C:\Program Files\Java\jdk-1.8\jre\bin\java.dll
0x00007fff0c3e0000 - 0x00007fff0c3f8000 	C:\Program Files\Java\jdk-1.8\jre\bin\zip.dll
0x00007fff13880000 - 0x00007fff13ff0000 	C:\Windows\System32\SHELL32.dll
0x00007fff0f630000 - 0x00007fff0fdd5000 	C:\Windows\SYSTEM32\windows.storage.dll
0x00007fff13ff0000 - 0x00007fff14344000 	C:\Windows\System32\combase.dll
0x00007fff11370000 - 0x00007fff1139b000 	C:\Windows\SYSTEM32\Wldp.dll
0x00007fff12560000 - 0x00007fff1262d000 	C:\Windows\System32\OLEAUT32.dll
0x00007fff13620000 - 0x00007fff136cd000 	C:\Windows\System32\SHCORE.dll
0x00007fff12630000 - 0x00007fff1268b000 	C:\Windows\System32\shlwapi.dll
0x00007fff11950000 - 0x00007fff11974000 	C:\Windows\SYSTEM32\profapi.dll
0x00007ffef5e70000 - 0x00007ffef5e7d000 	C:\Program Files\Java\jdk-1.8\jre\bin\management.dll
0x00007ffef7d90000 - 0x00007ffef7dac000 	C:\Program Files\Java\jdk-1.8\jre\bin\net.dll
0x00007fff110d0000 - 0x00007fff1113a000 	C:\Windows\system32\mswsock.dll
0x00007ffef7460000 - 0x00007ffef7473000 	C:\Program Files\Java\jdk-1.8\jre\bin\nio.dll
0x00007ffee67c0000 - 0x00007ffee67d7000 	C:\Windows\system32\napinsp.dll
0x00007ffee67e0000 - 0x00007ffee67fb000 	C:\Windows\system32\pnrpnsp.dll
0x00007fff0e0d0000 - 0x00007fff0e0ed000 	C:\Windows\system32\wshbth.dll
0x00007fff0dac0000 - 0x00007fff0dadd000 	C:\Windows\system32\NLAapi.dll
0x00007fff10db0000 - 0x00007fff10deb000 	C:\Windows\SYSTEM32\IPHLPAPI.DLL
0x00007fff10df0000 - 0x00007fff10eba000 	C:\Windows\SYSTEM32\DNSAPI.dll
0x00007fff12d40000 - 0x00007fff12d48000 	C:\Windows\System32\NSI.dll
0x00007ffee6f90000 - 0x00007ffee6fa2000 	C:\Windows\System32\winrnr.dll
0x00007ffef66e0000 - 0x00007ffef66ea000 	C:\Windows\System32\rasadhlp.dll
0x00007ffef6600000 - 0x00007ffef6680000 	C:\Windows\System32\fwpuclnt.dll
0x0000000180000000 - 0x0000000180051000 	C:\Users\chuck\.gradle\caches\minecraft\net\minecraft\minecraft_natives\1.7.10\lwjgl64.dll
0x00007ffe9c740000 - 0x00007ffe9c868000 	C:\Windows\SYSTEM32\OPENGL32.dll
0x00007ffe9c710000 - 0x00007ffe9c73c000 	C:\Windows\SYSTEM32\GLU32.dll
0x00007fff112d0000 - 0x00007fff112e8000 	C:\Windows\SYSTEM32\CRYPTSP.dll
0x00007fff109f0000 - 0x00007fff10a28000 	C:\Windows\system32\rsaenh.dll
0x00007fff11910000 - 0x00007fff1193e000 	C:\Windows\SYSTEM32\USERENV.dll
0x00007fff12160000 - 0x00007fff121e2000 	C:\Windows\System32\bcryptprimitives.dll
0x00007fff112c0000 - 0x00007fff112cc000 	C:\Windows\SYSTEM32\CRYPTBASE.dll
0x00007fff099f0000 - 0x00007fff09a07000 	C:\Windows\SYSTEM32\dhcpcsvc6.DLL
0x00007fff09dc0000 - 0x00007fff09ddd000 	C:\Windows\SYSTEM32\dhcpcsvc.DLL
0x00007ffeba330000 - 0x00007ffeba4ae000 	C:\Program Files\Java\jdk-1.8\jre\bin\awt.dll
0x00007fff0e730000 - 0x00007fff0e7c4000 	C:\Windows\SYSTEM32\apphelp.dll
0x00007fff04100000 - 0x00007fff041ae000 	C:\Windows\SYSTEM32\mscms.dll
0x00007fff040e0000 - 0x00007fff040f1000 	C:\Windows\SYSTEM32\ColorAdapterClient.dll
0x00007fff0ef60000 - 0x00007fff0effe000 	C:\Windows\system32\uxtheme.dll
0x0000020484200000 - 0x000002048c273000 	C:\Program Files (x86)\ASUS\GPUTweakIII\GTIII-OSD\x64\GTIII-OSD64-VK.dll
0x00007fff133d0000 - 0x00007fff134fb000 	C:\Windows\System32\ole32.dll
0x00007ffe9d090000 - 0x00007ffe9d216000 	C:\Windows\SYSTEM32\vulkan-1.dll
0x00007fff12090000 - 0x00007fff120de000 	C:\Windows\System32\CFGMGR32.dll
0x00007fff12af0000 - 0x00007fff12c05000 	C:\Windows\System32\MSCTF.dll
0x00007fff12a40000 - 0x00007fff12ae9000 	C:\Windows\System32\clbcatq.dll
0x00007ffe5d6b0000 - 0x00007ffe60004000 	C:\Windows\System32\DriverStore\FileRepository\nv_dispi.inf_amd64_20ae8f14a487d5db\nvoglv64.dll
0x00007fff12f60000 - 0x00007fff133d0000 	C:\Windows\System32\SETUPAPI.dll
0x00007fff0b470000 - 0x00007fff0b484000 	C:\Windows\SYSTEM32\WTSAPI32.dll
0x00007fff11500000 - 0x00007fff11512000 	C:\Windows\SYSTEM32\msasn1.dll
0x00007fff09d70000 - 0x00007fff09da1000 	C:\Windows\SYSTEM32\cryptnet.dll
0x00007fff11b00000 - 0x00007fff11c5d000 	C:\Windows\System32\CRYPT32.dll
0x00007fff09b40000 - 0x00007fff09c87000 	C:\Windows\SYSTEM32\drvstore.dll
0x00007fff116d0000 - 0x00007fff11703000 	C:\Windows\SYSTEM32\devobj.dll
0x00007fff120e0000 - 0x00007fff12153000 	C:\Windows\System32\WINTRUST.dll
0x00007fff10c40000 - 0x00007fff10c73000 	C:\Windows\SYSTEM32\ntmarta.dll
0x00007fff136d0000 - 0x00007fff136ed000 	C:\Windows\System32\imagehlp.dll
0x00007ffefe260000 - 0x00007fff01ff4000 	C:\Windows\System32\DriverStore\FileRepository\nv_dispi.inf_amd64_20ae8f14a487d5db\nvgpucomp64.dll
0x00007fff02430000 - 0x00007fff0246b000 	C:\Windows\SYSTEM32\dxcore.dll
0x00007ffe95dc0000 - 0x00007ffe95f07000 	C:\Windows\system32\nvspcap64.dll
0x00007fff0f270000 - 0x00007fff0f29e000 	C:\Windows\SYSTEM32\dwmapi.dll
0x00007fff05f10000 - 0x00007fff06009000 	C:\Windows\SYSTEM32\textinputframework.dll
0x00007fff0db20000 - 0x00007fff0de7b000 	C:\Windows\System32\CoreUIComponents.dll
0x00007fff0de80000 - 0x00007fff0df72000 	C:\Windows\System32\CoreMessaging.dll
0x00007fff0e0f0000 - 0x00007fff0e247000 	C:\Windows\SYSTEM32\wintypes.dll
0x00007ffef7db0000 - 0x00007ffef7df5000 	C:\Windows\SYSTEM32\icm32.dll
0x00007fff11880000 - 0x00007fff118cb000 	C:\Windows\SYSTEM32\powrprof.dll
0x00007fff11860000 - 0x00007fff11872000 	C:\Windows\SYSTEM32\UMPDC.dll
0x00007fff11740000 - 0x00007fff117a3000 	C:\Windows\SYSTEM32\WINSTA.dll
0x0000000070a40000 - 0x0000000070adc000 	C:\Users\chuck\.gradle\caches\minecraft\net\minecraft\minecraft_natives\1.7.10\avutil-ttv-51.dll
0x0000000065980000 - 0x00000000659d6000 	C:\Users\chuck\.gradle\caches\minecraft\net\minecraft\minecraft_natives\1.7.10\swresample-ttv-0.dll
0x000000006eb80000 - 0x000000006ec50000 	C:\Users\chuck\.gradle\caches\minecraft\net\minecraft\minecraft_natives\1.7.10\libmp3lame-ttv.dll
0x00007ffe529e0000 - 0x00007ffe53d84000 	C:\Users\chuck\.gradle\caches\minecraft\net\minecraft\minecraft_natives\1.7.10\libmfxsw64.dll
0x00007ffe96c40000 - 0x00007ffe96d6b000 	C:\Users\chuck\.gradle\caches\minecraft\net\minecraft\minecraft_natives\1.7.10\twitchsdk.dll
0x00007ffef3380000 - 0x00007ffef3856000 	C:\Windows\SYSTEM32\WININET.dll
0x0000020498490000 - 0x00000204a0617000 	C:\Program Files (x86)\ASUS\GPUTweakIII\GTIII-OSD\x64\GTIII-OSD64.dll
0x00007fff0c4d0000 - 0x00007fff0c92d000 	C:\Windows\SYSTEM32\D3DCOMPILER_47.dll
0x00007ffe9c870000 - 0x00007ffe9cad3000 	C:\Windows\SYSTEM32\d3dx9_43.dll
0x00007ffe9cae0000 - 0x00007ffe9cb11000 	C:\Windows\SYSTEM32\d3d10_1.dll
0x00007ffef8760000 - 0x00007ffef8785000 	C:\Windows\SYSTEM32\d3d12.dll
0x00007ffeba5f0000 - 0x00007ffeba5fd000 	C:\Windows\SYSTEM32\d3d10_1core.dll
0x00007fff0ca00000 - 0x00007fff0cc64000 	C:\Windows\SYSTEM32\d3d11.dll
0x00007fff103c0000 - 0x00007fff104b6000 	C:\Windows\SYSTEM32\dxgi.dll
0x00007ffedd660000 - 0x00007ffedd831000 	C:\Windows\SYSTEM32\d3d9.dll
0x00000204b5130000 - 0x00000204bd181000 	C:\Program Files (x86)\ASUS\GPUTweakIII\GTIII-OSD\x64\GTIII-OSD64-GL.dll
0x0000000060690000 - 0x00000000606f3000 	C:\Program Files (x86)\ASUS\GPUTweakIII\GTIII-OSD\x64\glew32.dll
0x00007ffef86b0000 - 0x00007ffef875c000 	C:\Windows\SYSTEM32\TextShaping.dll
0x0000020492050000 - 0x00000204920b4000 	C:\Users\chuck\.gradle\caches\minecraft\net\minecraft\minecraft_natives\1.7.10\OpenAL64.dll
0x00007fff0ae30000 - 0x00007fff0aeb5000 	C:\Windows\System32\MMDevApi.dll
0x00007ffedf470000 - 0x00007ffedf50c000 	C:\Windows\SYSTEM32\dsound.dll
0x00007ffef3880000 - 0x00007ffef38a6000 	C:\Windows\SYSTEM32\winmmbase.dll
0x00007fff0af30000 - 0x00007fff0b0b1000 	C:\Windows\SYSTEM32\AUDIOSES.DLL
0x00007fff0f030000 - 0x00007fff0f044000 	C:\Windows\SYSTEM32\resourcepolicyclient.dll
0x00007ffed3cc0000 - 0x00007ffed3cf4000 	C:\Program Files\Java\jdk-1.8\jre\bin\jpeg.dll
0x00007ffef1d10000 - 0x00007ffef1d35000 	C:\Program Files\Java\jdk-1.8\jre\bin\sunec.dll
0x00007fff0e080000 - 0x00007fff0e08e000 	C:\Program Files\Java\jdk-1.8\jre\bin\sunmscapi.dll
0x00007fff113e0000 - 0x00007fff11407000 	C:\Windows\SYSTEM32\ncrypt.dll
0x00007fff113a0000 - 0x00007fff113db000 	C:\Windows\SYSTEM32\NTASN1.dll
0x00007fff0fea0000 - 0x00007fff100a1000 	C:\Windows\SYSTEM32\dbghelp.dll

VM Arguments:
jvm_args: -Dfile.encoding=UTF-8 -Duser.country=US -Duser.language=en -Duser.variant 
java_command: GradleStart
java_class_path (initial): C:\Users\chuck\.gradle\caches\minecraft\net\minecraftforge\forge\1.7.10-10.13.4.1614-1.7.10\start;C:\Users\chuck\.gradle\caches\minecraft\net\minecraftforge\forge\1.7.10-10.13.4.1614-1.7.10\forgeSrc-1.7.10-10.13.4.1614-1.7.10.jar;C:\Users\chuck\.gradle\caches\modules-2\files-2.1\net.minecraft\launchwrapper\1.12\111e7bea9c968cdb3d06ef4632bf7ff0824d0f36\launchwrapper-1.12.jar;C:\Users\chuck\.gradle\caches\modules-2\files-2.1\com.google.code.findbugs\jsr305\1.3.9\40719ea6961c0cb6afaeb6a921eaa1f6afd4cfdf\jsr305-1.3.9.jar;C:\Users\chuck\.gradle\caches\modules-2\files-2.1\org.ow2.asm\asm-debug-all\5.0.3\f9e364ae2a66ce2a543012a4668856e84e5dab74\asm-debug-all-5.0.3.jar;C:\Users\chuck\.gradle\caches\modules-2\files-2.1\com.typesafe.akka\akka-actor_2.11\2.3.3\ed62e9fc709ca0f2ff1a3220daa8b70a2870078e\akka-actor_2.11-2.3.3.jar;C:\Users\chuck\.gradle\caches\modules-2\files-2.1\com.typesafe\config\1.2.1\f771f71fdae3df231bcd54d5ca2d57f0bf93f467\config-1.2.1.jar;C:\Users\chuck\.gradle\caches\modules-2\files-2.1\org.scala-lang\scala-actors-migration_2.11\1.1.0\dfa8bc42b181d5b9f1a5dd147f8ae308b893eb6f\scala-actors-migration_2.11-1.1.0.jar;C:\Users\chuck\.gradle\caches\modules-2\files-2.1\org.scala-lang.plugins\scala-continuations-plugin_2.11.1\1.0.2\f361a3283452c57fa30c1ee69448995de23c60f7\scala-continuations-plugin_2.11.1-1.0.2.jar;C:\Users\chuck\.gradle\caches\modules-2\files-2.1\org.scala-lang\scala-compiler\2.11.1\56ea2e6c025e0821f28d73ca271218b8dd04926a\scala-compiler-2.11.1.jar;C:\Users\chuck\.gradle\caches\modules-2\files-2.1\org.scala-lang.plugins\scala-continuations-library_2.11\1.0.2\e517c53a7e9acd6b1668c5a35eccbaa3bab9aac\scala-continuations-library_2.11-1.0.2.jar;C:\Users\chuck\.gradle\caches\modules-2\files-2.1\org.scala-lang\scala-reflect\2.11.1\6580347e61cc7f8e802941e7fde40fa83b8badeb\scala-reflect-2.11.1.jar;C:\Users\chuck\.gradle\caches\modules-2\files-2.1\org.scala-lang\scala-actors\2.11.0\8ccfb6541de179bb1c4d45cf414acee069b7f78b\scala-a
Launcher Type: SUN_STANDARD

Environment Variables:
PATH=C:\Program Files\Eclipse Adoptium\jdk-8.0.462.8-hotspot\bin;C:\Program Files\Common Files\Oracle\Java\javapath;C:\Program Files (x86)\Common Files\Oracle\Java\java8path;C:\Program Files (x86)\Common Files\Oracle\Java\javapath;C:\Program Files (x86)\Razer Chroma SDK\bin;C:\Program Files\Razer Chroma SDK\bin;C:\Program Files (x86)\Razer\ChromaBroadcast\bin;C:\Program Files\Razer\ChromaBroadcast\bin;C:\Windows\system32;C:\Windows;C:\Windows\System32\Wbem;C:\Windows\System32\WindowsPowerShell\v1.0\;C:\Windows\System32\OpenSSH\;C:\Program Files (x86)\NVIDIA Corporation\PhysX\Common;C:\Windows\system32\config\systemprofile\AppData\Local\Microsoft\WindowsApps;C:\Program Files\dotnet\;C:\Program Files (x86)\Windows Live\Shared;C:\Program Files\Git\cmd;C:\Program Files\WorldPainter;C:\Program Files\NVIDIA Corporation\NVIDIA app\NvDLISR;C:\Users\chuck\AppData\Local\Microsoft\WindowsApps;;C:\Program Files\JetBrains\IntelliJ IDEA 2024.2.0.1\bin;
USERNAME=chuck
OS=Windows_NT
PROCESSOR_IDENTIFIER=Intel64 Family 6 Model 158 Stepping 13, GenuineIntel



---------------  S Y S T E M  ---------------

OS: Windows 10 , 64 bit Build 19041 (10.0.19041.5915)

CPU:total 16 (initial active 16) (8 cores per cpu, 2 threads per core) family 6 model 158 stepping 13, cmov, cx8, fxsr, mmx, sse, sse2, sse3, ssse3, sse4.1, sse4.2, popcnt, avx, avx2, aes, clmul, erms, 3dnowpref, lzcnt, ht, tsc, tscinvbit, bmi1, bmi2, adx

Memory: 4k page, physical 67022948k(46808424k free), swap 71217252k(38496632k free)

vm_info: Java HotSpot(TM) 64-Bit Server VM (25.471-b09) for windows-amd64 JRE (1.8.0_471-b09), built on Sep 26 2025 05:08:27 by "java_re" with MS VC++ 17.6 (VS2022)

time: Mon Nov 24 20:32:21 2025
timezone: Eastern Standard Time
elapsed time: 500.245444 seconds (0d 0h 8m 20s)

