#
# A fatal error has been detected by the Java Runtime Environment:
#
#  EXCEPTION_ACCESS_VIOLATION (0xc0000005) at pc=0x00007ffe5df182e9, pid=2128, tid=0x0000000000006e5c
#
# JRE version: Java(TM) SE Runtime Environment (8.0_471) (build 1.8.0_471-b09)
# Java VM: Java HotSpot(TM) 64-Bit Server VM (25.471-b09 mixed mode windows-amd64 compressed oops)
# Problematic frame:
# C  [nvoglv64.dll+0x8682e9]
#
# Failed to write core dump. Minidumps are not enabled by default on client versions of Windows
#
# If you would like to submit a bug report, please visit:
#   https://bugreport.java.com/bugreport/crash.jsp
#

---------------  T H R E A D  ---------------

Current thread (0x000001d9640f4000):  VMThread [stack: 0x0000001c02700000,0x0000001c02800000] [id=28252]

siginfo: ExceptionCode=0xc0000005, reading address 0x0000000000001238

Registers:
RAX=0x0000000000000000, RBX=0x000001d96b831b40, RCX=0x0000000000000004, RDX=0x0000000000000000
RSP=0x0000001c027feda8, RBP=0x0000000000000000, RSI=0x0000000000000000, RDI=0x000001d96b831b40
R8 =0x0000000000000000, R9 =0x000001d93c524050, R10=0x000001d94d2a0000, R11=0x0000001c027fedb0
R12=0x000001d9408d0000, R13=0x000001d940a03820, R14=0x0000000000000000, R15=0x0000000000000000
RIP=0x00007ffe5df182e9, EFLAGS=0x0000000000010202

Top of Stack: (sp=0x0000001c027feda8)
0x0000001c027feda8:   000001d9408dbbf1 0000000000000000
0x0000001c027fedb8:   0000000000000000 000001d940a03820
0x0000001c027fedc8:   000001d9408d0000 fffffffffffffffe
0x0000001c027fedd8:   00007fff143b47b1 000001d93c524148
0x0000001c027fede8:   000001d9408d8281 0000000000000000
0x0000001c027fedf8:   0000000000000000 0000000000000000
0x0000001c027fee08:   000001d900000000 000001d93c524148
0x0000001c027fee18:   000001d9408d7c71 000001d93c524050
0x0000001c027fee28:   0000000000000000 000001d968aacd30
0x0000001c027fee38:   00007fff143b5ba1 000001d940a03840
0x0000001c027fee48:   000001d94091ac0d 0000000000000040
0x0000001c027fee58:   00007fff00000000 0000000000000000
0x0000001c027fee68:   000001d968aacd28 000001d9408d0000
0x0000001c027fee78:   000001d963ee2698 000001d940963f4c
0x0000001c027fee88:   0000000000000001 0000000000000001
0x0000001c027fee98:   000001d9408da083 0000000000000000 

Instructions: (pc=0x00007ffe5df182e9)
0x00007ffe5df182c9:   af af af af af af af c3 cc cc cc cc cc cc cc cc
0x00007ffe5df182d9:   cc cc cc cc cc cc cc 65 48 8b 04 25 30 16 00 00
0x00007ffe5df182e9:   ff a0 38 12 00 00 cc cc cc cc cc cc cc cc cc cc
0x00007ffe5df182f9:   cc cc cc cc cc cc cc cc cc cc cc cc cc cc cc cc 


Register to memory mapping:

RAX=0x0000000000000000 is an unknown value
RBX=0x000001d96b831b40 is an unknown value
RCX=0x0000000000000004 is an unknown value
RDX=0x0000000000000000 is an unknown value
RSP=0x0000001c027feda8 is an unknown value
RBP=0x0000000000000000 is an unknown value
RSI=0x0000000000000000 is an unknown value
RDI=0x000001d96b831b40 is an unknown value
R8 =0x0000000000000000 is an unknown value
R9 =0x000001d93c524050 is an unknown value
R10=0x000001d94d2a0000 is an unknown value
R11=0x0000001c027fedb0 is an unknown value
R12=0x000001d9408d0000 is an unknown value
R13=0x000001d940a03820 is an unknown value
R14=0x0000000000000000 is an unknown value
R15=0x0000000000000000 is an unknown value


Stack: [0x0000001c02700000,0x0000001c02800000],  sp=0x0000001c027feda8,  free space=1019k
Native frames: (J=compiled Java code, j=interpreted, Vv=VM code, C=native code)

VM_Operation (0x0000001c019fe260): Exit, mode: safepoint, requested by thread 0x000001d94d2ea800


---------------  P R O C E S S  ---------------

Java Threads: ( => current thread )
  0x000001d96c735800 JavaThread "AWT-Shutdown" [_thread_blocked, id=20504, stack(0x0000001c03d00000,0x0000001c03e00000)]
  0x000001d96c72c800 JavaThread "File IO Thread" [_thread_blocked, id=22016, stack(0x0000001c04e00000,0x0000001c04f00000)]
  0x000001d96c72b000 JavaThread "Netty IO #1" daemon [_thread_in_native, id=27604, stack(0x0000001c04c00000,0x0000001c04d00000)]
  0x000001d96c72d000 JavaThread "Netty Client IO #0" daemon [_thread_in_native, id=15560, stack(0x0000001c04900000,0x0000001c04a00000)]
  0x000001d96c72f800 JavaThread "Netty IO #0" daemon [_thread_in_native, id=25788, stack(0x0000001c04600000,0x0000001c04700000)]
  0x000001d96b6b5800 JavaThread "LWJGL Timer" daemon [_thread_blocked, id=25164, stack(0x0000001c04500000,0x0000001c04600000)]
  0x000001d9674f3000 JavaThread "Java2D Disposer" daemon [_thread_blocked, id=17924, stack(0x0000001c03c00000,0x0000001c03d00000)]
  0x000001d967766800 JavaThread "Timer hack thread" daemon [_thread_blocked, id=13772, stack(0x0000001c03b00000,0x0000001c03c00000)]
  0x000001d96b718000 JavaThread "Snooper Timer" daemon [_thread_blocked, id=24336, stack(0x0000001c03a00000,0x0000001c03b00000)]
  0x000001d966efb000 JavaThread "Service Thread" daemon [_thread_blocked, id=23876, stack(0x0000001c03800000,0x0000001c03900000)]
  0x000001d966ebb800 JavaThread "C1 CompilerThread11" daemon [_thread_blocked, id=15152, stack(0x0000001c03700000,0x0000001c03800000)]
  0x000001d966eba800 JavaThread "C1 CompilerThread10" daemon [_thread_blocked, id=9240, stack(0x0000001c03600000,0x0000001c03700000)]
  0x000001d966e82800 JavaThread "C1 CompilerThread9" daemon [_thread_blocked, id=25572, stack(0x0000001c03500000,0x0000001c03600000)]
  0x000001d966e59000 JavaThread "C1 CompilerThread8" daemon [_thread_blocked, id=6308, stack(0x0000001c03400000,0x0000001c03500000)]
  0x000001d966e40000 JavaThread "C2 CompilerThread7" daemon [_thread_blocked, id=13000, stack(0x0000001c03300000,0x0000001c03400000)]
  0x000001d966e37000 JavaThread "C2 CompilerThread6" daemon [_thread_blocked, id=23116, stack(0x0000001c03200000,0x0000001c03300000)]
  0x000001d966e35800 JavaThread "C2 CompilerThread5" daemon [_thread_blocked, id=21004, stack(0x0000001c03100000,0x0000001c03200000)]
  0x000001d966e2c800 JavaThread "C2 CompilerThread4" daemon [_thread_blocked, id=24856, stack(0x0000001c03000000,0x0000001c03100000)]
  0x000001d966e28800 JavaThread "C2 CompilerThread3" daemon [_thread_blocked, id=28592, stack(0x0000001c02f00000,0x0000001c03000000)]
  0x000001d966e26000 JavaThread "C2 CompilerThread2" daemon [_thread_blocked, id=25816, stack(0x0000001c02e00000,0x0000001c02f00000)]
  0x000001d966e25000 JavaThread "C2 CompilerThread1" daemon [_thread_blocked, id=12324, stack(0x0000001c02d00000,0x0000001c02e00000)]
  0x000001d966e23800 JavaThread "C2 CompilerThread0" daemon [_thread_blocked, id=14632, stack(0x0000001c02c00000,0x0000001c02d00000)]
  0x000001d966e21000 JavaThread "Attach Listener" daemon [_thread_blocked, id=11560, stack(0x0000001c02b00000,0x0000001c02c00000)]
  0x000001d966e13000 JavaThread "Signal Dispatcher" daemon [_thread_blocked, id=24620, stack(0x0000001c02a00000,0x0000001c02b00000)]
  0x000001d964109000 JavaThread "Finalizer" daemon [_thread_blocked, id=22532, stack(0x0000001c02900000,0x0000001c02a00000)]
  0x000001d966df0800 JavaThread "Reference Handler" daemon [_thread_blocked, id=13436, stack(0x0000001c02800000,0x0000001c02900000)]
  0x000001d94d2ea800 JavaThread "Client thread" [_thread_blocked, id=4748, stack(0x0000001c01900000,0x0000001c01a00000)]

Other Threads:
=>0x000001d9640f4000 VMThread [stack: 0x0000001c02700000,0x0000001c02800000] [id=28252]

VM state:at safepoint (shutting down)

VM Mutex/Monitor currently owned by a thread:  ([mutex/lock_event])
[0x000001d94d2e48c0] Threads_lock - owner thread: 0x000001d9640f4000

heap address: 0x00000003c1400000, size: 16364 MB, Compressed Oops mode: Zero based, Oop shift amount: 3
Narrow klass base: 0x0000000000000000, Narrow klass shift: 3
Compressed class space size: 1073741824 Address: 0x00000007c0000000

Heap:
 PSYoungGen      total 570880K, used 120276K [0x000000066b180000, 0x0000000692800000, 0x00000007c0000000)
  eden space 532992K, 19% used [0x000000066b180000,0x00000006715371a8,0x000000068ba00000)
  from space 37888K, 47% used [0x0000000690300000,0x00000006914be130,0x0000000692800000)
  to   space 56320K, 0% used [0x000000068ba00000,0x000000068ba00000,0x000000068f100000)
 ParOldGen       total 410112K, used 158954K [0x00000003c1400000, 0x00000003da480000, 0x000000066b180000)
  object space 410112K, 38% used [0x00000003c1400000,0x00000003caf3a9c8,0x00000003da480000)
 Metaspace       used 44430K, capacity 44935K, committed 45312K, reserved 1089536K
  class space    used 5095K, capacity 5262K, committed 5376K, reserved 1048576K

Card table byte_map: [0x000001d95df80000,0x000001d95ff80000] byte_map_base: 0x000001d95c176000

Marking Bits: (ParMarkBitMap*) 0x00007ffe6589a3e0
 Begin Bits: [0x000001d900000000, 0x000001d90ffb0000)
 End Bits:   [0x000001d90ffb0000, 0x000001d91ff60000)

Polling page: 0x000001d94d3d0000

CodeCache: size=245760Kb used=33140Kb max_used=35583Kb free=212619Kb
 bounds [0x000001d94ebc0000, 0x000001d950ef0000, 0x000001d95dbc0000]
 total_blobs=8657 nmethods=7778 adapters=785
 compilation: enabled

Compilation events (10 events):
Event: 144.466 Thread 0x000001d966e59000 nmethod 11218 0x000001d94f27da50 code [0x000001d94f27dc80, 0x000001d94f27e950]
Event: 144.466 Thread 0x000001d966ebb800 nmethod 11217 0x000001d950980610 code [0x000001d950980860, 0x000001d950981740]
Event: 144.468 Thread 0x000001d966e23800 nmethod 11215 0x000001d95060eed0 code [0x000001d95060f080, 0x000001d95060f9d0]
Event: 144.479 Thread 0x000001d966e26000 nmethod 11202 0x000001d9505b1810 code [0x000001d9505b22a0, 0x000001d9505baf88]
Event: 144.482 Thread 0x000001d966e82800 11220       3       java.util.Arrays::fill (21 bytes)
Event: 144.482 Thread 0x000001d966e23800 11221       4       com.google.common.collect.HashBiMap::containsKey (18 bytes)
Event: 144.482 Thread 0x000001d966e82800 nmethod 11220 0x000001d94fce2890 code [0x000001d94fce2a00, 0x000001d94fce2d18]
Event: 144.482 Thread 0x000001d966e26000 11222       4       net.minecraft.util.ObjectIntIdentityMap::func_148746_a (53 bytes)
Event: 144.485 Thread 0x000001d966e23800 nmethod 11221 0x000001d94fce90d0 code [0x000001d94fce9220, 0x000001d94fce9538]
Event: 144.490 Thread 0x000001d966e26000 nmethod 11222 0x000001d94f624750 code [0x000001d94f624920, 0x000001d94f6252e8]

GC Heap History (10 events):
Event: 111.694 GC heap before
{Heap before GC invocations=25 (full 5):
 PSYoungGen      total 637440K, used 637274K [0x000000066b180000, 0x0000000699980000, 0x00000007c0000000)
  eden space 619520K, 100% used [0x000000066b180000,0x0000000690e80000,0x0000000690e80000)
  from space 17920K, 99% used [0x0000000692200000,0x0000000693356bc0,0x0000000693380000)
  to   space 71168K, 0% used [0x0000000695400000,0x0000000695400000,0x0000000699980000)
 ParOldGen       total 410112K, used 158946K [0x00000003c1400000, 0x00000003da480000, 0x000000066b180000)
  object space 410112K, 38% used [0x00000003c1400000,0x00000003caf389c8,0x00000003da480000)
 Metaspace       used 44364K, capacity 44839K, committed 45184K, reserved 1089536K
  class space    used 5085K, capacity 5230K, committed 5248K, reserved 1048576K
Event: 111.698 GC heap after
Heap after GC invocations=25 (full 5):
 PSYoungGen      total 646656K, used 18298K [0x000000066b180000, 0x0000000698100000, 0x00000007c0000000)
  eden space 600576K, 0% used [0x000000066b180000,0x000000066b180000,0x000000068fc00000)
  from space 46080K, 39% used [0x0000000695400000,0x00000006965de928,0x0000000698100000)
  to   space 68096K, 0% used [0x000000068fc00000,0x000000068fc00000,0x0000000693e80000)
 ParOldGen       total 410112K, used 158946K [0x00000003c1400000, 0x00000003da480000, 0x000000066b180000)
  object space 410112K, 38% used [0x00000003c1400000,0x00000003caf389c8,0x00000003da480000)
 Metaspace       used 44364K, capacity 44839K, committed 45184K, reserved 1089536K
  class space    used 5085K, capacity 5230K, committed 5248K, reserved 1048576K
}
Event: 119.979 GC heap before
{Heap before GC invocations=26 (full 5):
 PSYoungGen      total 646656K, used 618874K [0x000000066b180000, 0x0000000698100000, 0x00000007c0000000)
  eden space 600576K, 100% used [0x000000066b180000,0x000000068fc00000,0x000000068fc00000)
  from space 46080K, 39% used [0x0000000695400000,0x00000006965de928,0x0000000698100000)
  to   space 68096K, 0% used [0x000000068fc00000,0x000000068fc00000,0x0000000693e80000)
 ParOldGen       total 410112K, used 158946K [0x00000003c1400000, 0x00000003da480000, 0x000000066b180000)
  object space 410112K, 38% used [0x00000003c1400000,0x00000003caf389c8,0x00000003da480000)
 Metaspace       used 44372K, capacity 44839K, committed 45184K, reserved 1089536K
  class space    used 5085K, capacity 5230K, committed 5248K, reserved 1048576K
Event: 119.983 GC heap after
Heap after GC invocations=26 (full 5):
 PSYoungGen      total 601600K, used 18724K [0x000000066b180000, 0x0000000696880000, 0x00000007c0000000)
  eden space 582656K, 0% used [0x000000066b180000,0x000000066b180000,0x000000068ea80000)
  from space 18944K, 98% used [0x000000068fc00000,0x0000000690e492c8,0x0000000690e80000)
  to   space 64512K, 0% used [0x0000000692980000,0x0000000692980000,0x0000000696880000)
 ParOldGen       total 410112K, used 158946K [0x00000003c1400000, 0x00000003da480000, 0x000000066b180000)
  object space 410112K, 38% used [0x00000003c1400000,0x00000003caf389c8,0x00000003da480000)
 Metaspace       used 44372K, capacity 44839K, committed 45184K, reserved 1089536K
  class space    used 5085K, capacity 5230K, committed 5248K, reserved 1048576K
}
Event: 127.718 GC heap before
{Heap before GC invocations=27 (full 5):
 PSYoungGen      total 601600K, used 601380K [0x000000066b180000, 0x0000000696880000, 0x00000007c0000000)
  eden space 582656K, 100% used [0x000000066b180000,0x000000068ea80000,0x000000068ea80000)
  from space 18944K, 98% used [0x000000068fc00000,0x0000000690e492c8,0x0000000690e80000)
  to   space 64512K, 0% used [0x0000000692980000,0x0000000692980000,0x0000000696880000)
 ParOldGen       total 410112K, used 158946K [0x00000003c1400000, 0x00000003da480000, 0x000000066b180000)
  object space 410112K, 38% used [0x00000003c1400000,0x00000003caf389c8,0x00000003da480000)
 Metaspace       used 44377K, capacity 44839K, committed 45184K, reserved 1089536K
  class space    used 5085K, capacity 5230K, committed 5248K, reserved 1048576K
Event: 127.722 GC heap after
Heap after GC invocations=27 (full 5):
 PSYoungGen      total 607232K, used 17089K [0x000000066b180000, 0x0000000695280000, 0x00000007c0000000)
  eden space 565248K, 0% used [0x000000066b180000,0x000000066b180000,0x000000068d980000)
  from space 41984K, 40% used [0x0000000692980000,0x0000000693a30428,0x0000000695280000)
  to   space 61952K, 0% used [0x000000068d980000,0x000000068d980000,0x0000000691600000)
 ParOldGen       total 410112K, used 158954K [0x00000003c1400000, 0x00000003da480000, 0x000000066b180000)
  object space 410112K, 38% used [0x00000003c1400000,0x00000003caf3a9c8,0x00000003da480000)
 Metaspace       used 44377K, capacity 44839K, committed 45184K, reserved 1089536K
  class space    used 5085K, capacity 5230K, committed 5248K, reserved 1048576K
}
Event: 135.522 GC heap before
{Heap before GC invocations=28 (full 5):
 PSYoungGen      total 607232K, used 582337K [0x000000066b180000, 0x0000000695280000, 0x00000007c0000000)
  eden space 565248K, 100% used [0x000000066b180000,0x000000068d980000,0x000000068d980000)
  from space 41984K, 40% used [0x0000000692980000,0x0000000693a30428,0x0000000695280000)
  to   space 61952K, 0% used [0x000000068d980000,0x000000068d980000,0x0000000691600000)
 ParOldGen       total 410112K, used 158954K [0x00000003c1400000, 0x00000003da480000, 0x000000066b180000)
  object space 410112K, 38% used [0x00000003c1400000,0x00000003caf3a9c8,0x00000003da480000)
 Metaspace       used 44380K, capacity 44839K, committed 45184K, reserved 1089536K
  class space    used 5085K, capacity 5230K, committed 5248K, reserved 1048576K
Event: 135.526 GC heap after
Heap after GC invocations=28 (full 5):
 PSYoungGen      total 567808K, used 18600K [0x000000066b180000, 0x0000000693c80000, 0x00000007c0000000)
  eden space 548864K, 0% used [0x000000066b180000,0x000000066b180000,0x000000068c980000)
  from space 18944K, 98% used [0x000000068d980000,0x000000068ebaa080,0x000000068ec00000)
  to   space 58880K, 0% used [0x0000000690300000,0x0000000690300000,0x0000000693c80000)
 ParOldGen       total 410112K, used 158954K [0x00000003c1400000, 0x00000003da480000, 0x000000066b180000)
  object space 410112K, 38% used [0x00000003c1400000,0x00000003caf3a9c8,0x00000003da480000)
 Metaspace       used 44380K, capacity 44839K, committed 45184K, reserved 1089536K
  class space    used 5085K, capacity 5230K, committed 5248K, reserved 1048576K
}
Event: 143.078 GC heap before
{Heap before GC invocations=29 (full 5):
 PSYoungGen      total 567808K, used 567464K [0x000000066b180000, 0x0000000693c80000, 0x00000007c0000000)
  eden space 548864K, 100% used [0x000000066b180000,0x000000068c980000,0x000000068c980000)
  from space 18944K, 98% used [0x000000068d980000,0x000000068ebaa080,0x000000068ec00000)
  to   space 58880K, 0% used [0x0000000690300000,0x0000000690300000,0x0000000693c80000)
 ParOldGen       total 410112K, used 158954K [0x00000003c1400000, 0x00000003da480000, 0x000000066b180000)
  object space 410112K, 38% used [0x00000003c1400000,0x00000003caf3a9c8,0x00000003da480000)
 Metaspace       used 44384K, capacity 44839K, committed 45184K, reserved 1089536K
  class space    used 5085K, capacity 5230K, committed 5248K, reserved 1048576K
Event: 143.081 GC heap after
Heap after GC invocations=29 (full 5):
 PSYoungGen      total 570880K, used 18168K [0x000000066b180000, 0x0000000692800000, 0x00000007c0000000)
  eden space 532992K, 0% used [0x000000066b180000,0x000000066b180000,0x000000068ba00000)
  from space 37888K, 47% used [0x0000000690300000,0x00000006914be130,0x0000000692800000)
  to   space 56320K, 0% used [0x000000068ba00000,0x000000068ba00000,0x000000068f100000)
 ParOldGen       total 410112K, used 158954K [0x00000003c1400000, 0x00000003da480000, 0x000000066b180000)
  object space 410112K, 38% used [0x00000003c1400000,0x00000003caf3a9c8,0x00000003da480000)
 Metaspace       used 44384K, capacity 44839K, committed 45184K, reserved 1089536K
  class space    used 5085K, capacity 5230K, committed 5248K, reserved 1048576K
}

Deoptimization events (10 events):
Event: 144.180 Thread 0x000001d96c72d000 Uncommon trap: reason=null_check action=make_not_entrant pc=0x000001d950033bf0 method=io.netty.util.DefaultAttributeMap.attr(Lio/netty/util/AttributeKey;)Lio/netty/util/Attribute; @ 46
Event: 144.180 Thread 0x000001d96c72d000 Uncommon trap: reason=unstable_if action=reinterpret pc=0x000001d94f2b5c94 method=io.netty.channel.local.LocalChannel.isActive()Z @ 5
Event: 144.180 Thread 0x000001d96c72d000 Uncommon trap: reason=unstable_if action=reinterpret pc=0x000001d94f0b1b94 method=io.netty.channel.local.LocalChannel.isOpen()Z @ 5
Event: 144.180 Thread 0x000001d96c72d000 Uncommon trap: reason=unstable_if action=reinterpret pc=0x000001d950036480 method=io.netty.channel.local.LocalChannel.isActive()Z @ 5
Event: 144.447 Thread 0x000001d94d2ea800 Uncommon trap: reason=unstable_if action=reinterpret pc=0x000001d94f31b958 method=cpw.mods.fml.relauncher.FMLSecurityManager.checkPermission(Ljava/security/Permission;)V @ 23
Event: 144.455 Thread 0x000001d96c728800 Uncommon trap: reason=unstable_if action=reinterpret pc=0x000001d94f32ff90 method=io.netty.channel.local.LocalChannel.isOpen()Z @ 5
Event: 144.464 Thread 0x000001d96c728800 Uncommon trap: reason=unstable_if action=reinterpret pc=0x000001d9505e47b4 method=com.google.common.collect.MapMakerInternalMap$Segment.getEntry(Ljava/lang/Object;I)Lcom/google/common/collect/MapMakerInternalMap$ReferenceEntry; @ 4
Event: 144.465 Thread 0x000001d96c728800 Uncommon trap: reason=unstable_if action=reinterpret pc=0x000001d9505d7088 method=com.google.common.collect.MapMakerInternalMap$Segment.getEntry(Ljava/lang/Object;I)Lcom/google/common/collect/MapMakerInternalMap$ReferenceEntry; @ 4
Event: 144.465 Thread 0x000001d96c728800 Uncommon trap: reason=unstable_if action=reinterpret pc=0x000001d94fb7ff1c method=com.google.common.collect.MapMakerInternalMap$Segment.getEntry(Ljava/lang/Object;I)Lcom/google/common/collect/MapMakerInternalMap$ReferenceEntry; @ 4
Event: 144.482 Thread 0x000001d96f059800 Uncommon trap: reason=unstable_if action=reinterpret pc=0x000001d94f0efd90 method=org.lwjgl.opengl.Display.processMessages()V @ 9

Classes redefined (0 events):
No events

Internal exceptions (10 events):
Event: 143.996 Thread 0x000001d92d74d800 Exception <a 'java/lang/InterruptedException': sleep interrupted> (0x000000066f151268) thrown at [C:\jenkins\workspace\8-2-build-windows-x64-cygwin-sans-NAS\jdk8u471\2292\hotspot\src\share\vm\prims\jvm.cpp, line 3359]
Event: 144.004 Thread 0x000001d92d74d800 Exception <a 'java/lang/InterruptedException': sleep interrupted> (0x000000066f1514c0) thrown at [C:\jenkins\workspace\8-2-build-windows-x64-cygwin-sans-NAS\jdk8u471\2292\hotspot\src\share\vm\prims\jvm.cpp, line 3359]
Event: 144.012 Thread 0x000001d92d74d800 Exception <a 'java/lang/InterruptedException': sleep interrupted> (0x000000066f151718) thrown at [C:\jenkins\workspace\8-2-build-windows-x64-cygwin-sans-NAS\jdk8u471\2292\hotspot\src\share\vm\prims\jvm.cpp, line 3359]
Event: 144.021 Thread 0x000001d92d74d800 Exception <a 'java/lang/InterruptedException': sleep interrupted> (0x000000066f151970) thrown at [C:\jenkins\workspace\8-2-build-windows-x64-cygwin-sans-NAS\jdk8u471\2292\hotspot\src\share\vm\prims\jvm.cpp, line 3359]
Event: 144.029 Thread 0x000001d92d74d800 Exception <a 'java/lang/InterruptedException': sleep interrupted> (0x000000066f151bc8) thrown at [C:\jenkins\workspace\8-2-build-windows-x64-cygwin-sans-NAS\jdk8u471\2292\hotspot\src\share\vm\prims\jvm.cpp, line 3359]
Event: 144.114 Thread 0x000001d92d74d800 Exception <a 'java/lang/InterruptedException': sleep interrupted> (0x000000066f151e20) thrown at [C:\jenkins\workspace\8-2-build-windows-x64-cygwin-sans-NAS\jdk8u471\2292\hotspot\src\share\vm\prims\jvm.cpp, line 3359]
Event: 144.169 Thread 0x000001d92d74d800 Exception <a 'java/lang/InterruptedException': sleep interrupted> (0x000000066f152078) thrown at [C:\jenkins\workspace\8-2-build-windows-x64-cygwin-sans-NAS\jdk8u471\2292\hotspot\src\share\vm\prims\jvm.cpp, line 3359]
Event: 144.169 Thread 0x000001d92d74d800 Exception <a 'java/lang/InterruptedException': sleep interrupted> (0x000000066f1522d0) thrown at [C:\jenkins\workspace\8-2-build-windows-x64-cygwin-sans-NAS\jdk8u471\2292\hotspot\src\share\vm\prims\jvm.cpp, line 3359]
Event: 144.269 Thread 0x000001d93a867000 Exception <a 'java/lang/InterruptedException': sleep interrupted> (0x000000066fda6d68) thrown at [C:\jenkins\workspace\8-2-build-windows-x64-cygwin-sans-NAS\jdk8u471\2292\hotspot\src\share\vm\prims\jvm.cpp, line 3359]
Event: 144.447 Thread 0x000001d94d2ea800 Exception <a 'org/lwjgl/LWJGLException': Failed to set device gamma.> (0x000000066f7b26e8) thrown at [C:\jenkins\workspace\8-2-build-windows-x64-cygwin-sans-NAS\jdk8u471\2292\hotspot\src\share\vm\prims\jni.cpp, line 737]

Events (10 events):
Event: 144.482 Thread 0x000001d96f059800 DEOPT PACKING pc=0x000001d94f0efd90 sp=0x0000001c044ff040
Event: 144.482 Thread 0x000001d96f059800 DEOPT UNPACKING pc=0x000001d94ec058c3 sp=0x0000001c044feff8 mode 2
Event: 144.483 Executing VM operation: RevokeBias
Event: 144.483 Executing VM operation: RevokeBias done
Event: 144.483 Thread 0x000001d96f059800 Thread exited: 0x000001d96f059800
Event: 144.490 Thread 0x000001d966e26000 flushing nmethod 0x000001d94f2a3050
Event: 144.490 Thread 0x000001d966e26000 flushing nmethod 0x000001d94f2b2810
Event: 144.490 Thread 0x000001d966e26000 flushing nmethod 0x000001d94f2b4a90
Event: 144.552 Thread 0x000001d96c737000 Thread exited: 0x000001d96c737000
Event: 144.552 Executing VM operation: Exit


Dynamic libraries:
0x00007ff6b8270000 - 0x00007ff6b82bf000 	C:\Program Files\Java\jdk-1.8\bin\java.exe
0x00007fff14390000 - 0x00007fff14588000 	C:\Windows\SYSTEM32\ntdll.dll
0x00007fff12970000 - 0x00007fff12a32000 	C:\Windows\System32\KERNEL32.DLL
0x00007fff11d90000 - 0x00007fff12086000 	C:\Windows\System32\KERNELBASE.dll
0x00007fff12690000 - 0x00007fff12741000 	C:\Windows\System32\ADVAPI32.dll
0x00007fff12ec0000 - 0x00007fff12f5e000 	C:\Windows\System32\msvcrt.dll
0x00007fff12d60000 - 0x00007fff12dff000 	C:\Windows\System32\sechost.dll
0x00007fff13500000 - 0x00007fff13620000 	C:\Windows\System32\RPCRT4.dll
0x00007fff11a20000 - 0x00007fff11a47000 	C:\Windows\System32\bcrypt.dll
0x00007fff127c0000 - 0x00007fff12961000 	C:\Windows\System32\USER32.dll
0x00007fff11c60000 - 0x00007fff11c82000 	C:\Windows\System32\win32u.dll
0x00007fff13850000 - 0x00007fff1387b000 	C:\Windows\System32\GDI32.dll
0x00007fff12290000 - 0x00007fff123a9000 	C:\Windows\System32\gdi32full.dll
0x00007fff121f0000 - 0x00007fff1228d000 	C:\Windows\System32\msvcp_win.dll
0x00007fff11c90000 - 0x00007fff11d90000 	C:\Windows\System32\ucrtbase.dll
0x00007ffef30e0000 - 0x00007ffef337b000 	C:\Windows\WinSxS\amd64_microsoft.windows.common-controls_6595b64144ccf1df_6.0.19041.6456_none_60b8a6cb71f64256\COMCTL32.dll
0x00007fff12c20000 - 0x00007fff12c4f000 	C:\Windows\System32\IMM32.DLL
0x00007fff0c420000 - 0x00007fff0c43b000 	C:\Program Files\Java\jdk-1.8\jre\bin\vcruntime140.dll
0x00007fff0dfd0000 - 0x00007fff0dfdc000 	C:\Program Files\Java\jdk-1.8\jre\bin\vcruntime140_1.dll
0x00007ffef5ec0000 - 0x00007ffef5f4e000 	C:\Program Files\Java\jdk-1.8\jre\bin\msvcp140.dll
0x00007ffe650c0000 - 0x00007ffe6596a000 	C:\Program Files\Java\jdk-1.8\jre\bin\server\jvm.dll
0x00007fff12c10000 - 0x00007fff12c18000 	C:\Windows\System32\PSAPI.DLL
0x00007fff0c410000 - 0x00007fff0c419000 	C:\Windows\SYSTEM32\WSOCK32.dll
0x00007fff09db0000 - 0x00007fff09dba000 	C:\Windows\SYSTEM32\VERSION.dll
0x00007fff07340000 - 0x00007fff07367000 	C:\Windows\SYSTEM32\WINMM.dll
0x00007fff12750000 - 0x00007fff127bb000 	C:\Windows\System32\WS2_32.dll
0x00007fff10280000 - 0x00007fff10292000 	C:\Windows\SYSTEM32\kernel.appcore.dll
0x00007fff0c400000 - 0x00007fff0c410000 	C:\Program Files\Java\jdk-1.8\jre\bin\verify.dll
0x00007fff0b6c0000 - 0x00007fff0b6eb000 	C:\Program Files\Java\jdk-1.8\jre\bin\java.dll
0x00007fff0c3e0000 - 0x00007fff0c3f8000 	C:\Program Files\Java\jdk-1.8\jre\bin\zip.dll
0x00007fff13880000 - 0x00007fff13ff0000 	C:\Windows\System32\SHELL32.dll
0x00007fff0f630000 - 0x00007fff0fdd5000 	C:\Windows\SYSTEM32\windows.storage.dll
0x00007fff13ff0000 - 0x00007fff14344000 	C:\Windows\System32\combase.dll
0x00007fff11370000 - 0x00007fff1139b000 	C:\Windows\SYSTEM32\Wldp.dll
0x00007fff12560000 - 0x00007fff1262d000 	C:\Windows\System32\OLEAUT32.dll
0x00007fff13620000 - 0x00007fff136cd000 	C:\Windows\System32\SHCORE.dll
0x00007fff12630000 - 0x00007fff1268b000 	C:\Windows\System32\shlwapi.dll
0x00007fff11950000 - 0x00007fff11974000 	C:\Windows\SYSTEM32\profapi.dll
0x00007ffef5e70000 - 0x00007ffef5e7d000 	C:\Program Files\Java\jdk-1.8\jre\bin\management.dll
0x00007ffef7d90000 - 0x00007ffef7dac000 	C:\Program Files\Java\jdk-1.8\jre\bin\net.dll
0x00007fff110d0000 - 0x00007fff1113a000 	C:\Windows\system32\mswsock.dll
0x00007ffef7460000 - 0x00007ffef7473000 	C:\Program Files\Java\jdk-1.8\jre\bin\nio.dll
0x00007ffee67c0000 - 0x00007ffee67d7000 	C:\Windows\system32\napinsp.dll
0x00007ffee67e0000 - 0x00007ffee67fb000 	C:\Windows\system32\pnrpnsp.dll
0x00007fff0e0d0000 - 0x00007fff0e0ed000 	C:\Windows\system32\wshbth.dll
0x00007fff0dac0000 - 0x00007fff0dadd000 	C:\Windows\system32\NLAapi.dll
0x00007fff10db0000 - 0x00007fff10deb000 	C:\Windows\SYSTEM32\IPHLPAPI.DLL
0x00007fff10df0000 - 0x00007fff10eba000 	C:\Windows\SYSTEM32\DNSAPI.dll
0x00007fff12d40000 - 0x00007fff12d48000 	C:\Windows\System32\NSI.dll
0x00007ffee6f90000 - 0x00007ffee6fa2000 	C:\Windows\System32\winrnr.dll
0x00007ffef66e0000 - 0x00007ffef66ea000 	C:\Windows\System32\rasadhlp.dll
0x00007ffef6600000 - 0x00007ffef6680000 	C:\Windows\System32\fwpuclnt.dll
0x0000000180000000 - 0x0000000180051000 	C:\Users\chuck\.gradle\caches\minecraft\net\minecraft\minecraft_natives\1.7.10\lwjgl64.dll
0x00007ffe9c740000 - 0x00007ffe9c868000 	C:\Windows\SYSTEM32\OPENGL32.dll
0x00007ffe9c710000 - 0x00007ffe9c73c000 	C:\Windows\SYSTEM32\GLU32.dll
0x00007fff112d0000 - 0x00007fff112e8000 	C:\Windows\SYSTEM32\CRYPTSP.dll
0x00007fff109f0000 - 0x00007fff10a28000 	C:\Windows\system32\rsaenh.dll
0x00007fff11910000 - 0x00007fff1193e000 	C:\Windows\SYSTEM32\USERENV.dll
0x00007fff12160000 - 0x00007fff121e2000 	C:\Windows\System32\bcryptprimitives.dll
0x00007fff112c0000 - 0x00007fff112cc000 	C:\Windows\SYSTEM32\CRYPTBASE.dll
0x00007fff099f0000 - 0x00007fff09a07000 	C:\Windows\SYSTEM32\dhcpcsvc6.DLL
0x00007fff09dc0000 - 0x00007fff09ddd000 	C:\Windows\SYSTEM32\dhcpcsvc.DLL
0x00007ffe9f440000 - 0x00007ffe9f5be000 	C:\Program Files\Java\jdk-1.8\jre\bin\awt.dll
0x00007fff0e730000 - 0x00007fff0e7c4000 	C:\Windows\SYSTEM32\apphelp.dll
0x00007fff04100000 - 0x00007fff041ae000 	C:\Windows\SYSTEM32\mscms.dll
0x00007fff040e0000 - 0x00007fff040f1000 	C:\Windows\SYSTEM32\ColorAdapterClient.dll
0x00007fff0ef60000 - 0x00007fff0effe000 	C:\Windows\system32\uxtheme.dll
0x000001d96f3c0000 - 0x000001d977433000 	C:\Program Files (x86)\ASUS\GPUTweakIII\GTIII-OSD\x64\GTIII-OSD64-VK.dll
0x00007fff133d0000 - 0x00007fff134fb000 	C:\Windows\System32\ole32.dll
0x00007ffe9d090000 - 0x00007ffe9d216000 	C:\Windows\SYSTEM32\vulkan-1.dll
0x00007fff12090000 - 0x00007fff120de000 	C:\Windows\System32\CFGMGR32.dll
0x00007fff12af0000 - 0x00007fff12c05000 	C:\Windows\System32\MSCTF.dll
0x00007fff12a40000 - 0x00007fff12ae9000 	C:\Windows\System32\clbcatq.dll
0x00007ffe5d6b0000 - 0x00007ffe60004000 	C:\Windows\System32\DriverStore\FileRepository\nv_dispi.inf_amd64_20ae8f14a487d5db\nvoglv64.dll
0x00007fff12f60000 - 0x00007fff133d0000 	C:\Windows\System32\SETUPAPI.dll
0x00007fff0b470000 - 0x00007fff0b484000 	C:\Windows\SYSTEM32\WTSAPI32.dll
0x00007fff11500000 - 0x00007fff11512000 	C:\Windows\SYSTEM32\msasn1.dll
0x00007fff09d70000 - 0x00007fff09da1000 	C:\Windows\SYSTEM32\cryptnet.dll
0x00007fff11b00000 - 0x00007fff11c5d000 	C:\Windows\System32\CRYPT32.dll
0x00007fff09b40000 - 0x00007fff09c87000 	C:\Windows\SYSTEM32\drvstore.dll
0x00007fff116d0000 - 0x00007fff11703000 	C:\Windows\SYSTEM32\devobj.dll
0x00007fff120e0000 - 0x00007fff12153000 	C:\Windows\System32\WINTRUST.dll
0x00007fff10c40000 - 0x00007fff10c73000 	C:\Windows\SYSTEM32\ntmarta.dll
0x00007fff136d0000 - 0x00007fff136ed000 	C:\Windows\System32\imagehlp.dll
0x00007ffefe260000 - 0x00007fff01ff4000 	C:\Windows\System32\DriverStore\FileRepository\nv_dispi.inf_amd64_20ae8f14a487d5db\nvgpucomp64.dll
0x00007fff02430000 - 0x00007fff0246b000 	C:\Windows\SYSTEM32\dxcore.dll
0x00007ffe95dc0000 - 0x00007ffe95f07000 	C:\Windows\system32\nvspcap64.dll
0x00007fff0f270000 - 0x00007fff0f29e000 	C:\Windows\SYSTEM32\dwmapi.dll
0x00007fff05f10000 - 0x00007fff06009000 	C:\Windows\SYSTEM32\textinputframework.dll
0x00007fff0db20000 - 0x00007fff0de7b000 	C:\Windows\System32\CoreUIComponents.dll
0x00007fff0de80000 - 0x00007fff0df72000 	C:\Windows\System32\CoreMessaging.dll
0x00007fff0e0f0000 - 0x00007fff0e247000 	C:\Windows\SYSTEM32\wintypes.dll
0x00007ffef7db0000 - 0x00007ffef7df5000 	C:\Windows\SYSTEM32\icm32.dll
0x00007fff11880000 - 0x00007fff118cb000 	C:\Windows\SYSTEM32\powrprof.dll
0x00007fff11860000 - 0x00007fff11872000 	C:\Windows\SYSTEM32\UMPDC.dll
0x00007fff11740000 - 0x00007fff117a3000 	C:\Windows\SYSTEM32\WINSTA.dll
0x0000000070a40000 - 0x0000000070adc000 	C:\Users\chuck\.gradle\caches\minecraft\net\minecraft\minecraft_natives\1.7.10\avutil-ttv-51.dll
0x0000000065980000 - 0x00000000659d6000 	C:\Users\chuck\.gradle\caches\minecraft\net\minecraft\minecraft_natives\1.7.10\swresample-ttv-0.dll
0x000000006eb80000 - 0x000000006ec50000 	C:\Users\chuck\.gradle\caches\minecraft\net\minecraft\minecraft_natives\1.7.10\libmp3lame-ttv.dll
0x00007ffe50820000 - 0x00007ffe51bc4000 	C:\Users\chuck\.gradle\caches\minecraft\net\minecraft\minecraft_natives\1.7.10\libmfxsw64.dll
0x00007ffe96bd0000 - 0x00007ffe96cfb000 	C:\Users\chuck\.gradle\caches\minecraft\net\minecraft\minecraft_natives\1.7.10\twitchsdk.dll
0x00007ffef3380000 - 0x00007ffef3856000 	C:\Windows\SYSTEM32\WININET.dll
0x000001d9238d0000 - 0x000001d92ba57000 	C:\Program Files (x86)\ASUS\GPUTweakIII\GTIII-OSD\x64\GTIII-OSD64.dll
0x00007ffef8760000 - 0x00007ffef8785000 	C:\Windows\SYSTEM32\d3d12.dll
0x00007ffe9c870000 - 0x00007ffe9cad3000 	C:\Windows\SYSTEM32\d3dx9_43.dll
0x00007fff0c4d0000 - 0x00007fff0c92d000 	C:\Windows\SYSTEM32\D3DCOMPILER_47.dll
0x00007ffe9cae0000 - 0x00007ffe9cb11000 	C:\Windows\SYSTEM32\d3d10_1.dll
0x00007ffeba5f0000 - 0x00007ffeba5fd000 	C:\Windows\SYSTEM32\d3d10_1core.dll
0x00007fff0ca00000 - 0x00007fff0cc64000 	C:\Windows\SYSTEM32\d3d11.dll
0x00007fff103c0000 - 0x00007fff104b6000 	C:\Windows\SYSTEM32\dxgi.dll
0x00007ffedd660000 - 0x00007ffedd831000 	C:\Windows\SYSTEM32\d3d9.dll
0x000001d9408d0000 - 0x000001d948921000 	C:\Program Files (x86)\ASUS\GPUTweakIII\GTIII-OSD\x64\GTIII-OSD64-GL.dll
0x0000000060690000 - 0x00000000606f3000 	C:\Program Files (x86)\ASUS\GPUTweakIII\GTIII-OSD\x64\glew32.dll
0x00007ffef86b0000 - 0x00007ffef875c000 	C:\Windows\SYSTEM32\TextShaping.dll
0x000001d92d310000 - 0x000001d92d374000 	C:\Users\chuck\.gradle\caches\minecraft\net\minecraft\minecraft_natives\1.7.10\OpenAL64.dll
0x00007fff0ae30000 - 0x00007fff0aeb5000 	C:\Windows\System32\MMDevApi.dll
0x00007ffedf470000 - 0x00007ffedf50c000 	C:\Windows\SYSTEM32\dsound.dll
0x00007ffef3880000 - 0x00007ffef38a6000 	C:\Windows\SYSTEM32\winmmbase.dll
0x00007fff0af30000 - 0x00007fff0b0b1000 	C:\Windows\SYSTEM32\AUDIOSES.DLL
0x00007fff0f030000 - 0x00007fff0f044000 	C:\Windows\SYSTEM32\resourcepolicyclient.dll
0x00007ffed4c90000 - 0x00007ffed4cc4000 	C:\Program Files\Java\jdk-1.8\jre\bin\jpeg.dll
0x00007ffef1d10000 - 0x00007ffef1d35000 	C:\Program Files\Java\jdk-1.8\jre\bin\sunec.dll
0x00007fff0e080000 - 0x00007fff0e08e000 	C:\Program Files\Java\jdk-1.8\jre\bin\sunmscapi.dll
0x00007fff113e0000 - 0x00007fff11407000 	C:\Windows\SYSTEM32\ncrypt.dll
0x00007fff113a0000 - 0x00007fff113db000 	C:\Windows\SYSTEM32\NTASN1.dll
0x00007fff0fea0000 - 0x00007fff100a1000 	C:\Windows\SYSTEM32\dbghelp.dll

VM Arguments:
jvm_args: -Dfile.encoding=UTF-8 -Duser.country=US -Duser.language=en -Duser.variant 
java_command: GradleStart
java_class_path (initial): C:\Users\chuck\.gradle\caches\minecraft\net\minecraftforge\forge\1.7.10-10.13.4.1614-1.7.10\start;C:\Users\chuck\.gradle\caches\minecraft\net\minecraftforge\forge\1.7.10-10.13.4.1614-1.7.10\forgeSrc-1.7.10-10.13.4.1614-1.7.10.jar;C:\Users\chuck\.gradle\caches\modules-2\files-2.1\net.minecraft\launchwrapper\1.12\111e7bea9c968cdb3d06ef4632bf7ff0824d0f36\launchwrapper-1.12.jar;C:\Users\chuck\.gradle\caches\modules-2\files-2.1\com.google.code.findbugs\jsr305\1.3.9\40719ea6961c0cb6afaeb6a921eaa1f6afd4cfdf\jsr305-1.3.9.jar;C:\Users\chuck\.gradle\caches\modules-2\files-2.1\org.ow2.asm\asm-debug-all\5.0.3\f9e364ae2a66ce2a543012a4668856e84e5dab74\asm-debug-all-5.0.3.jar;C:\Users\chuck\.gradle\caches\modules-2\files-2.1\com.typesafe.akka\akka-actor_2.11\2.3.3\ed62e9fc709ca0f2ff1a3220daa8b70a2870078e\akka-actor_2.11-2.3.3.jar;C:\Users\chuck\.gradle\caches\modules-2\files-2.1\com.typesafe\config\1.2.1\f771f71fdae3df231bcd54d5ca2d57f0bf93f467\config-1.2.1.jar;C:\Users\chuck\.gradle\caches\modules-2\files-2.1\org.scala-lang\scala-actors-migration_2.11\1.1.0\dfa8bc42b181d5b9f1a5dd147f8ae308b893eb6f\scala-actors-migration_2.11-1.1.0.jar;C:\Users\chuck\.gradle\caches\modules-2\files-2.1\org.scala-lang.plugins\scala-continuations-plugin_2.11.1\1.0.2\f361a3283452c57fa30c1ee69448995de23c60f7\scala-continuations-plugin_2.11.1-1.0.2.jar;C:\Users\chuck\.gradle\caches\modules-2\files-2.1\org.scala-lang\scala-compiler\2.11.1\56ea2e6c025e0821f28d73ca271218b8dd04926a\scala-compiler-2.11.1.jar;C:\Users\chuck\.gradle\caches\modules-2\files-2.1\org.scala-lang.plugins\scala-continuations-library_2.11\1.0.2\e517c53a7e9acd6b1668c5a35eccbaa3bab9aac\scala-continuations-library_2.11-1.0.2.jar;C:\Users\chuck\.gradle\caches\modules-2\files-2.1\org.scala-lang\scala-reflect\2.11.1\6580347e61cc7f8e802941e7fde40fa83b8badeb\scala-reflect-2.11.1.jar;C:\Users\chuck\.gradle\caches\modules-2\files-2.1\org.scala-lang\scala-actors\2.11.0\8ccfb6541de179bb1c4d45cf414acee069b7f78b\scala-a
Launcher Type: SUN_STANDARD

Environment Variables:
PATH=C:\Program Files\Eclipse Adoptium\jdk-8.0.462.8-hotspot\bin;C:\Program Files\Common Files\Oracle\Java\javapath;C:\Program Files (x86)\Common Files\Oracle\Java\java8path;C:\Program Files (x86)\Common Files\Oracle\Java\javapath;C:\Program Files (x86)\Razer Chroma SDK\bin;C:\Program Files\Razer Chroma SDK\bin;C:\Program Files (x86)\Razer\ChromaBroadcast\bin;C:\Program Files\Razer\ChromaBroadcast\bin;C:\Windows\system32;C:\Windows;C:\Windows\System32\Wbem;C:\Windows\System32\WindowsPowerShell\v1.0\;C:\Windows\System32\OpenSSH\;C:\Program Files (x86)\NVIDIA Corporation\PhysX\Common;C:\Windows\system32\config\systemprofile\AppData\Local\Microsoft\WindowsApps;C:\Program Files\dotnet\;C:\Program Files (x86)\Windows Live\Shared;C:\Program Files\Git\cmd;C:\Program Files\WorldPainter;C:\Program Files\NVIDIA Corporation\NVIDIA app\NvDLISR;C:\Users\chuck\AppData\Local\Microsoft\WindowsApps;;C:\Program Files\JetBrains\IntelliJ IDEA 2024.2.0.1\bin;
USERNAME=chuck
OS=Windows_NT
PROCESSOR_IDENTIFIER=Intel64 Family 6 Model 158 Stepping 13, GenuineIntel



---------------  S Y S T E M  ---------------

OS: Windows 10 , 64 bit Build 19041 (10.0.19041.5915)

CPU:total 16 (initial active 16) (8 cores per cpu, 2 threads per core) family 6 model 158 stepping 13, cmov, cx8, fxsr, mmx, sse, sse2, sse3, ssse3, sse4.1, sse4.2, popcnt, avx, avx2, aes, clmul, erms, 3dnowpref, lzcnt, ht, tsc, tscinvbit, bmi1, bmi2, adx

Memory: 4k page, physical 67022948k(43257128k free), swap 71217252k(36145372k free)

vm_info: Java HotSpot(TM) 64-Bit Server VM (25.471-b09) for windows-amd64 JRE (1.8.0_471-b09), built on Sep 26 2025 05:08:27 by "java_re" with MS VC++ 17.6 (VS2022)

time: Tue Nov 25 01:34:11 2025
timezone: Eastern Standard Time
elapsed time: 144.913866 seconds (0d 0h 2m 24s)

