#
# A fatal error has been detected by the Java Runtime Environment:
#
#  EXCEPTION_ACCESS_VIOLATION (0xc0000005) at pc=0x00007ffe5df182e9, pid=120, tid=0x0000000000005f64
#
# JRE version: Java(TM) SE Runtime Environment (8.0_471) (build 1.8.0_471-b09)
# Java VM: Java HotSpot(TM) 64-Bit Server VM (25.471-b09 mixed mode windows-amd64 compressed oops)
# Problematic frame:
# C  [nvoglv64.dll+0x8682e9]
#
# Failed to write core dump. Minidumps are not enabled by default on client versions of Windows
#
# If you would like to submit a bug report, please visit:
#   https://bugreport.java.com/bugreport/crash.jsp
#

---------------  T H R E A D  ---------------

Current thread (0x00000279ced24000):  VMThread [stack: 0x000000c2c1b00000,0x000000c2c1c00000] [id=24420]

siginfo: ExceptionCode=0xc0000005, reading address 0x0000000000001238

Registers:
RAX=0x0000000000000000, RBX=0x00000279d2441260, RCX=0x0000000000000004, RDX=0x0000000000000000
RSP=0x000000c2c1bff108, RBP=0x0000000000000000, RSI=0x0000000000000000, RDI=0x00000279d2441260
R8 =0x0000000000000000, R9 =0x00000279d98aa650, R10=0x0000027997da0000, R11=0x000000c2c1bff110
R12=0x000002798adf0000, R13=0x000002798af23820, R14=0x0000000000000000, R15=0x0000000000000000
RIP=0x00007ffe5df182e9, EFLAGS=0x0000000000010202

Top of Stack: (sp=0x000000c2c1bff108)
0x000000c2c1bff108:   000002798adfbbf1 0000000000000000
0x000000c2c1bff118:   0000000000000000 000002798af23820
0x000000c2c1bff128:   000002798adf0000 fffffffffffffffe
0x000000c2c1bff138:   00007fff143b47b1 00000279d98aa748
0x000000c2c1bff148:   000002798adf8281 0000000000000000
0x000000c2c1bff158:   0000000000000000 0000000000000000
0x000000c2c1bff168:   0000027900000000 00000279d98aa748
0x000000c2c1bff178:   000002798adf7c71 00000279d98aa650
0x000000c2c1bff188:   0000000000000000 00000279d36dd330
0x000000c2c1bff198:   00007fff143b5ba1 000002798af23840
0x000000c2c1bff1a8:   000002798ae3ac0d 0000000000000040
0x000000c2c1bff1b8:   00007fff00000000 0000000000000000
0x000000c2c1bff1c8:   00000279d36dd328 000002798adf0000
0x000000c2c1bff1d8:   00000279ceb0f7f8 000002798ae83f4c
0x000000c2c1bff1e8:   0000000000000001 0000000000000001
0x000000c2c1bff1f8:   000002798adfa083 0000000000000000 

Instructions: (pc=0x00007ffe5df182e9)
0x00007ffe5df182c9:   af af af af af af af c3 cc cc cc cc cc cc cc cc
0x00007ffe5df182d9:   cc cc cc cc cc cc cc 65 48 8b 04 25 30 16 00 00
0x00007ffe5df182e9:   ff a0 38 12 00 00 cc cc cc cc cc cc cc cc cc cc
0x00007ffe5df182f9:   cc cc cc cc cc cc cc cc cc cc cc cc cc cc cc cc 


Register to memory mapping:

RAX=0x0000000000000000 is an unknown value
RBX=0x00000279d2441260 is an unknown value
RCX=0x0000000000000004 is an unknown value
RDX=0x0000000000000000 is an unknown value
RSP=0x000000c2c1bff108 is an unknown value
RBP=0x0000000000000000 is an unknown value
RSI=0x0000000000000000 is an unknown value
RDI=0x00000279d2441260 is an unknown value
R8 =0x0000000000000000 is an unknown value
R9 =0x00000279d98aa650 is an unknown value
R10=0x0000027997da0000 is an unknown value
R11=0x000000c2c1bff110 is an unknown value
R12=0x000002798adf0000 is an unknown value
R13=0x000002798af23820 is an unknown value
R14=0x0000000000000000 is an unknown value
R15=0x0000000000000000 is an unknown value


Stack: [0x000000c2c1b00000,0x000000c2c1c00000],  sp=0x000000c2c1bff108,  free space=1020k
Native frames: (J=compiled Java code, j=interpreted, Vv=VM code, C=native code)

VM_Operation (0x000000c2c0dfe620): Exit, mode: safepoint, requested by thread 0x0000027997de8000


---------------  P R O C E S S  ---------------

Java Threads: ( => current thread )
  0x00000279d8cf4800 JavaThread "AWT-Shutdown" [_thread_blocked, id=5140, stack(0x000000c2c3f00000,0x000000c2c4000000)]
  0x00000279d8cf7800 JavaThread "File IO Thread" [_thread_blocked, id=20516, stack(0x000000c2c3300000,0x000000c2c3400000)]
  0x00000279d8ceb000 JavaThread "Netty IO #1" daemon [_thread_in_native, id=11436, stack(0x000000c2c4000000,0x000000c2c4100000)]
  0x00000279d8cf1800 JavaThread "Netty Client IO #0" daemon [_thread_in_native, id=9740, stack(0x000000c2c3d00000,0x000000c2c3e00000)]
  0x00000279d8cef800 JavaThread "Netty IO #0" daemon [_thread_in_native, id=19808, stack(0x000000c2c3a00000,0x000000c2c3b00000)]
  0x00000279d74c7000 JavaThread "LWJGL Timer" daemon [_thread_blocked, id=28492, stack(0x000000c2c3900000,0x000000c2c3a00000)]
  0x00000279d5ddb000 JavaThread "Java2D Disposer" daemon [_thread_blocked, id=25044, stack(0x000000c2c3000000,0x000000c2c3100000)]
  0x00000279d8e00000 JavaThread "Timer hack thread" daemon [_thread_blocked, id=27248, stack(0x000000c2c2f00000,0x000000c2c3000000)]
  0x00000279d2960000 JavaThread "Snooper Timer" daemon [_thread_blocked, id=11156, stack(0x000000c2c2e00000,0x000000c2c2f00000)]
  0x00000279d1b1c800 JavaThread "Service Thread" daemon [_thread_blocked, id=11400, stack(0x000000c2c2c00000,0x000000c2c2d00000)]
  0x00000279d1a91000 JavaThread "C1 CompilerThread11" daemon [_thread_blocked, id=14540, stack(0x000000c2c2b00000,0x000000c2c2c00000)]
  0x00000279d1a81800 JavaThread "C1 CompilerThread10" daemon [_thread_blocked, id=14704, stack(0x000000c2c2a00000,0x000000c2c2b00000)]
  0x00000279d1a66000 JavaThread "C1 CompilerThread9" daemon [_thread_blocked, id=27856, stack(0x000000c2c2900000,0x000000c2c2a00000)]
  0x00000279d1a64000 JavaThread "C1 CompilerThread8" daemon [_thread_blocked, id=13328, stack(0x000000c2c2800000,0x000000c2c2900000)]
  0x00000279d1a62000 JavaThread "C2 CompilerThread7" daemon [_thread_blocked, id=28304, stack(0x000000c2c2700000,0x000000c2c2800000)]
  0x00000279d1a5d000 JavaThread "C2 CompilerThread6" daemon [_thread_blocked, id=17968, stack(0x000000c2c2600000,0x000000c2c2700000)]
  0x00000279d1a58000 JavaThread "C2 CompilerThread5" daemon [_thread_blocked, id=4996, stack(0x000000c2c2500000,0x000000c2c2600000)]
  0x00000279d1a50800 JavaThread "C2 CompilerThread4" daemon [_thread_blocked, id=12284, stack(0x000000c2c2400000,0x000000c2c2500000)]
  0x00000279d1a50000 JavaThread "C2 CompilerThread3" daemon [_thread_blocked, id=23520, stack(0x000000c2c2300000,0x000000c2c2400000)]
  0x00000279d1a4f000 JavaThread "C2 CompilerThread2" daemon [_thread_blocked, id=1488, stack(0x000000c2c2200000,0x000000c2c2300000)]
  0x00000279d1a4e000 JavaThread "C2 CompilerThread1" daemon [_thread_blocked, id=7604, stack(0x000000c2c2100000,0x000000c2c2200000)]
  0x00000279d1a4c800 JavaThread "C2 CompilerThread0" daemon [_thread_blocked, id=17692, stack(0x000000c2c2000000,0x000000c2c2100000)]
  0x00000279d1a4a000 JavaThread "Attach Listener" daemon [_thread_blocked, id=22756, stack(0x000000c2c1f00000,0x000000c2c2000000)]
  0x00000279d1a47000 JavaThread "Signal Dispatcher" daemon [_thread_blocked, id=23684, stack(0x000000c2c1e00000,0x000000c2c1f00000)]
  0x00000279ced36800 JavaThread "Finalizer" daemon [_thread_blocked, id=26388, stack(0x000000c2c1d00000,0x000000c2c1e00000)]
  0x00000279d1a20800 JavaThread "Reference Handler" daemon [_thread_blocked, id=25940, stack(0x000000c2c1c00000,0x000000c2c1d00000)]
  0x0000027997de8000 JavaThread "Client thread" [_thread_blocked, id=11184, stack(0x000000c2c0d00000,0x000000c2c0e00000)]

Other Threads:
=>0x00000279ced24000 VMThread [stack: 0x000000c2c1b00000,0x000000c2c1c00000] [id=24420]

VM state:at safepoint (shutting down)

VM Mutex/Monitor currently owned by a thread:  ([mutex/lock_event])
[0x0000027997de45f0] Threads_lock - owner thread: 0x00000279ced24000

heap address: 0x00000003c1400000, size: 16364 MB, Compressed Oops mode: Zero based, Oop shift amount: 3
Narrow klass base: 0x0000000000000000, Narrow klass shift: 3
Compressed class space size: 1073741824 Address: 0x00000007c0000000

Heap:
 PSYoungGen      total 505344K, used 398015K [0x000000066b180000, 0x0000000694200000, 0x00000007c0000000)
  eden space 490496K, 78% used [0x000000066b180000,0x000000068281e228,0x0000000689080000)
  from space 14848K, 97% used [0x000000068b800000,0x000000068c611a00,0x000000068c680000)
  to   space 73216K, 0% used [0x000000068fa80000,0x000000068fa80000,0x0000000694200000)
 ParOldGen       total 416256K, used 163132K [0x00000003c1400000, 0x00000003daa80000, 0x000000066b180000)
  object space 416256K, 39% used [0x00000003c1400000,0x00000003cb34f000,0x00000003daa80000)
 Metaspace       used 44351K, capacity 44769K, committed 45184K, reserved 1089536K
  class space    used 5096K, capacity 5229K, committed 5248K, reserved 1048576K

Card table byte_map: [0x00000279a8c50000,0x00000279aac50000] byte_map_base: 0x00000279a6e46000

Marking Bits: (ParMarkBitMap*) 0x00007ffe6589a3e0
 Begin Bits: [0x00000279ac1a0000, 0x00000279bc150000)
 End Bits:   [0x00000279bc150000, 0x00000279cc100000)

Polling page: 0x0000027998050000

CodeCache: size=245760Kb used=32364Kb max_used=35529Kb free=213395Kb
 bounds [0x0000027999890000, 0x000002799bb80000, 0x00000279a8890000]
 total_blobs=8573 nmethods=7693 adapters=785
 compilation: enabled

Compilation events (10 events):
Event: 112.168 Thread 0x00000279d1a58000 nmethod 11034 0x000002799a0f12d0 code [0x000002799a0f1400, 0x000002799a0f14f8]
Event: 112.170 Thread 0x00000279d1a4e000 nmethod 11037 0x000002799b3e4410 code [0x000002799b3e4580, 0x000002799b3e4ae8]
Event: 112.180 Thread 0x00000279d1a64000 11038 %     3       java.util.Arrays::fill @ 5 (21 bytes)
Event: 112.180 Thread 0x00000279d1a4e000 11039       4       com.google.common.collect.HashBiMap::containsKey (18 bytes)
Event: 112.180 Thread 0x00000279d1a50000 11040       4       net.minecraft.util.ObjectIntIdentityMap::func_148746_a (53 bytes)
Event: 112.180 Thread 0x00000279d1a64000 nmethod 11038% 0x000002799a732710 code [0x000002799a732880, 0x000002799a732c18]
Event: 112.180 Thread 0x00000279d1a50800 11041       4       java.lang.ThreadLocal$ThreadLocalMap::access$000 (6 bytes)
Event: 112.182 Thread 0x00000279d1a4e000 nmethod 11039 0x000002799ac46a10 code [0x000002799ac46b60, 0x000002799ac46e78]
Event: 112.182 Thread 0x00000279d1a50800 nmethod 11041 0x000002799ae549d0 code [0x000002799ae54b20, 0x000002799ae54cd8]
Event: 112.187 Thread 0x00000279d1a50000 nmethod 11040 0x000002799b3aa090 code [0x000002799b3aa260, 0x000002799b3aac48]

GC Heap History (10 events):
Event: 66.525 GC heap before
{Heap before GC invocations=20 (full 5):
 PSYoungGen      total 577024K, used 576818K [0x000000066b180000, 0x000000069eb00000, 0x00000007c0000000)
  eden space 566272K, 100% used [0x000000066b180000,0x000000068da80000,0x000000068da80000)
  from space 10752K, 98% used [0x000000069e080000,0x000000069eaccac0,0x000000069eb00000)
  to   space 86016K, 0% used [0x0000000694300000,0x0000000694300000,0x0000000699700000)
 ParOldGen       total 416256K, used 163132K [0x00000003c1400000, 0x00000003daa80000, 0x000000066b180000)
  object space 416256K, 39% used [0x00000003c1400000,0x00000003cb34f000,0x00000003daa80000)
 Metaspace       used 44262K, capacity 44763K, committed 45184K, reserved 1089536K
  class space    used 5086K, capacity 5228K, committed 5248K, reserved 1048576K
Event: 66.528 GC heap after
Heap after GC invocations=20 (full 5):
 PSYoungGen      total 561152K, used 10900K [0x000000066b180000, 0x000000069e100000, 0x00000007c0000000)
  eden space 549888K, 0% used [0x000000066b180000,0x000000066b180000,0x000000068ca80000)
  from space 11264K, 96% used [0x0000000694300000,0x0000000694da51f0,0x0000000694e00000)
  to   space 84480K, 0% used [0x0000000698e80000,0x0000000698e80000,0x000000069e100000)
 ParOldGen       total 416256K, used 163132K [0x00000003c1400000, 0x00000003daa80000, 0x000000066b180000)
  object space 416256K, 39% used [0x00000003c1400000,0x00000003cb34f000,0x00000003daa80000)
 Metaspace       used 44262K, capacity 44763K, committed 45184K, reserved 1089536K
  class space    used 5086K, capacity 5228K, committed 5248K, reserved 1048576K
}
Event: 77.325 GC heap before
{Heap before GC invocations=21 (full 5):
 PSYoungGen      total 561152K, used 560788K [0x000000066b180000, 0x000000069e100000, 0x00000007c0000000)
  eden space 549888K, 100% used [0x000000066b180000,0x000000068ca80000,0x000000068ca80000)
  from space 11264K, 96% used [0x0000000694300000,0x0000000694da51f0,0x0000000694e00000)
  to   space 84480K, 0% used [0x0000000698e80000,0x0000000698e80000,0x000000069e100000)
 ParOldGen       total 416256K, used 163132K [0x00000003c1400000, 0x00000003daa80000, 0x000000066b180000)
  object space 416256K, 39% used [0x00000003c1400000,0x00000003cb34f000,0x00000003daa80000)
 Metaspace       used 44273K, capacity 44763K, committed 45184K, reserved 1089536K
  class space    used 5086K, capacity 5228K, committed 5248K, reserved 1048576K
Event: 77.328 GC heap after
Heap after GC invocations=21 (full 5):
 PSYoungGen      total 546816K, used 12560K [0x000000066b180000, 0x0000000699b00000, 0x00000007c0000000)
  eden space 534016K, 0% used [0x000000066b180000,0x000000066b180000,0x000000068bb00000)
  from space 12800K, 98% used [0x0000000698e80000,0x0000000699ac4100,0x0000000699b00000)
  to   space 81920K, 0% used [0x000000068fb00000,0x000000068fb00000,0x0000000694b00000)
 ParOldGen       total 416256K, used 163132K [0x00000003c1400000, 0x00000003daa80000, 0x000000066b180000)
  object space 416256K, 39% used [0x00000003c1400000,0x00000003cb34f000,0x00000003daa80000)
 Metaspace       used 44273K, capacity 44763K, committed 45184K, reserved 1089536K
  class space    used 5086K, capacity 5228K, committed 5248K, reserved 1048576K
}
Event: 87.170 GC heap before
{Heap before GC invocations=22 (full 5):
 PSYoungGen      total 546816K, used 546576K [0x000000066b180000, 0x0000000699b00000, 0x00000007c0000000)
  eden space 534016K, 100% used [0x000000066b180000,0x000000068bb00000,0x000000068bb00000)
  from space 12800K, 98% used [0x0000000698e80000,0x0000000699ac4100,0x0000000699b00000)
  to   space 81920K, 0% used [0x000000068fb00000,0x000000068fb00000,0x0000000694b00000)
 ParOldGen       total 416256K, used 163132K [0x00000003c1400000, 0x00000003daa80000, 0x000000066b180000)
  object space 416256K, 39% used [0x00000003c1400000,0x00000003cb34f000,0x00000003daa80000)
 Metaspace       used 44283K, capacity 44769K, committed 45184K, reserved 1089536K
  class space    used 5087K, capacity 5229K, committed 5248K, reserved 1048576K
Event: 87.173 GC heap after
Heap after GC invocations=22 (full 5):
 PSYoungGen      total 530432K, used 11688K [0x000000066b180000, 0x0000000698f00000, 0x00000007c0000000)
  eden space 518656K, 0% used [0x000000066b180000,0x000000066b180000,0x000000068ac00000)
  from space 11776K, 99% used [0x000000068fb00000,0x000000069066a0a0,0x0000000690680000)
  to   space 79360K, 0% used [0x0000000694180000,0x0000000694180000,0x0000000698f00000)
 ParOldGen       total 416256K, used 163132K [0x00000003c1400000, 0x00000003daa80000, 0x000000066b180000)
  object space 416256K, 39% used [0x00000003c1400000,0x00000003cb34f000,0x00000003daa80000)
 Metaspace       used 44283K, capacity 44769K, committed 45184K, reserved 1089536K
  class space    used 5087K, capacity 5229K, committed 5248K, reserved 1048576K
}
Event: 96.665 GC heap before
{Heap before GC invocations=23 (full 5):
 PSYoungGen      total 530432K, used 530344K [0x000000066b180000, 0x0000000698f00000, 0x00000007c0000000)
  eden space 518656K, 100% used [0x000000066b180000,0x000000068ac00000,0x000000068ac00000)
  from space 11776K, 99% used [0x000000068fb00000,0x000000069066a0a0,0x0000000690680000)
  to   space 79360K, 0% used [0x0000000694180000,0x0000000694180000,0x0000000698f00000)
 ParOldGen       total 416256K, used 163132K [0x00000003c1400000, 0x00000003daa80000, 0x000000066b180000)
  object space 416256K, 39% used [0x00000003c1400000,0x00000003cb34f000,0x00000003daa80000)
 Metaspace       used 44291K, capacity 44769K, committed 45184K, reserved 1089536K
  class space    used 5087K, capacity 5229K, committed 5248K, reserved 1048576K
Event: 96.671 GC heap after
Heap after GC invocations=23 (full 5):
 PSYoungGen      total 517120K, used 12780K [0x000000066b180000, 0x0000000694e00000, 0x00000007c0000000)
  eden space 504320K, 0% used [0x000000066b180000,0x000000066b180000,0x0000000689e00000)
  from space 12800K, 99% used [0x0000000694180000,0x0000000694dfb0f8,0x0000000694e00000)
  to   space 76800K, 0% used [0x000000068b800000,0x000000068b800000,0x0000000690300000)
 ParOldGen       total 416256K, used 163132K [0x00000003c1400000, 0x00000003daa80000, 0x000000066b180000)
  object space 416256K, 39% used [0x00000003c1400000,0x00000003cb34f000,0x00000003daa80000)
 Metaspace       used 44291K, capacity 44769K, committed 45184K, reserved 1089536K
  class space    used 5087K, capacity 5229K, committed 5248K, reserved 1048576K
}
Event: 105.594 GC heap before
{Heap before GC invocations=24 (full 5):
 PSYoungGen      total 517120K, used 517100K [0x000000066b180000, 0x0000000694e00000, 0x00000007c0000000)
  eden space 504320K, 100% used [0x000000066b180000,0x0000000689e00000,0x0000000689e00000)
  from space 12800K, 99% used [0x0000000694180000,0x0000000694dfb0f8,0x0000000694e00000)
  to   space 76800K, 0% used [0x000000068b800000,0x000000068b800000,0x0000000690300000)
 ParOldGen       total 416256K, used 163132K [0x00000003c1400000, 0x00000003daa80000, 0x000000066b180000)
  object space 416256K, 39% used [0x00000003c1400000,0x00000003cb34f000,0x00000003daa80000)
 Metaspace       used 44307K, capacity 44769K, committed 45184K, reserved 1089536K
  class space    used 5087K, capacity 5229K, committed 5248K, reserved 1048576K
Event: 105.597 GC heap after
Heap after GC invocations=24 (full 5):
 PSYoungGen      total 505344K, used 14406K [0x000000066b180000, 0x0000000694200000, 0x00000007c0000000)
  eden space 490496K, 0% used [0x000000066b180000,0x000000066b180000,0x0000000689080000)
  from space 14848K, 97% used [0x000000068b800000,0x000000068c611a00,0x000000068c680000)
  to   space 73216K, 0% used [0x000000068fa80000,0x000000068fa80000,0x0000000694200000)
 ParOldGen       total 416256K, used 163132K [0x00000003c1400000, 0x00000003daa80000, 0x000000066b180000)
  object space 416256K, 39% used [0x00000003c1400000,0x00000003cb34f000,0x00000003daa80000)
 Metaspace       used 44307K, capacity 44769K, committed 45184K, reserved 1089536K
  class space    used 5087K, capacity 5229K, committed 5248K, reserved 1048576K
}

Deoptimization events (10 events):
Event: 111.889 Thread 0x00000279d8cf1800 Uncommon trap: reason=null_check action=make_not_entrant pc=0x000002799b8f4674 method=io.netty.util.DefaultAttributeMap.attr(Lio/netty/util/AttributeKey;)Lio/netty/util/Attribute; @ 46
Event: 111.889 Thread 0x00000279d8ceb000 Uncommon trap: reason=null_check action=make_not_entrant pc=0x000002799b8f4674 method=io.netty.util.DefaultAttributeMap.attr(Lio/netty/util/AttributeKey;)Lio/netty/util/Attribute; @ 46
Event: 111.889 Thread 0x00000279d8cf1800 Uncommon trap: reason=unstable_if action=reinterpret pc=0x000002799a931e94 method=io.netty.channel.local.LocalChannel.isActive()Z @ 5
Event: 111.889 Thread 0x00000279d8cf1800 Uncommon trap: reason=unstable_if action=reinterpret pc=0x000002799acd1594 method=io.netty.channel.local.LocalChannel.isOpen()Z @ 5
Event: 111.889 Thread 0x00000279d8cf1800 Uncommon trap: reason=unstable_if action=reinterpret pc=0x000002799a852e00 method=io.netty.channel.local.LocalChannel.isActive()Z @ 5
Event: 112.157 Thread 0x0000027997de8000 Uncommon trap: reason=unstable_if action=reinterpret pc=0x0000027999fcdad8 method=cpw.mods.fml.relauncher.FMLSecurityManager.checkPermission(Ljava/security/Permission;)V @ 23
Event: 112.165 Thread 0x00000279d8cf2800 Uncommon trap: reason=unstable_if action=reinterpret pc=0x0000027999eeb1d0 method=io.netty.channel.local.LocalChannel.isOpen()Z @ 5
Event: 112.173 Thread 0x00000279d8cf2800 Uncommon trap: reason=unstable_if action=reinterpret pc=0x0000027999e9ef74 method=com.google.common.collect.MapMakerInternalMap$Segment.getEntry(Ljava/lang/Object;I)Lcom/google/common/collect/MapMakerInternalMap$ReferenceEntry; @ 4
Event: 112.174 Thread 0x00000279d8cf2800 Uncommon trap: reason=unstable_if action=reinterpret pc=0x000002799ac64f68 method=com.google.common.collect.MapMakerInternalMap$Segment.getEntry(Ljava/lang/Object;I)Lcom/google/common/collect/MapMakerInternalMap$ReferenceEntry; @ 4
Event: 112.180 Thread 0x00000279d8cee000 Uncommon trap: reason=unstable_if action=reinterpret pc=0x0000027999b91f10 method=org.lwjgl.opengl.Display.processMessages()V @ 9

Classes redefined (0 events):
No events

Internal exceptions (10 events):
Event: 111.715 Thread 0x00000279d8ced000 Exception <a 'java/lang/InterruptedException': sleep interrupted> (0x000000067ebe4668) thrown at [C:\jenkins\workspace\8-2-build-windows-x64-cygwin-sans-NAS\jdk8u471\2292\hotspot\src\share\vm\prims\jvm.cpp, line 3359]
Event: 111.724 Thread 0x00000279d8ced000 Exception <a 'java/lang/InterruptedException': sleep interrupted> (0x000000067ebe48c0) thrown at [C:\jenkins\workspace\8-2-build-windows-x64-cygwin-sans-NAS\jdk8u471\2292\hotspot\src\share\vm\prims\jvm.cpp, line 3359]
Event: 111.731 Thread 0x00000279d8ced000 Exception <a 'java/lang/InterruptedException': sleep interrupted> (0x000000067ebe4b18) thrown at [C:\jenkins\workspace\8-2-build-windows-x64-cygwin-sans-NAS\jdk8u471\2292\hotspot\src\share\vm\prims\jvm.cpp, line 3359]
Event: 111.740 Thread 0x00000279d8ced000 Exception <a 'java/lang/InterruptedException': sleep interrupted> (0x000000067ebe4d70) thrown at [C:\jenkins\workspace\8-2-build-windows-x64-cygwin-sans-NAS\jdk8u471\2292\hotspot\src\share\vm\prims\jvm.cpp, line 3359]
Event: 111.749 Thread 0x00000279d8ced000 Exception <a 'java/lang/InterruptedException': sleep interrupted> (0x000000067ebe4fc8) thrown at [C:\jenkins\workspace\8-2-build-windows-x64-cygwin-sans-NAS\jdk8u471\2292\hotspot\src\share\vm\prims\jvm.cpp, line 3359]
Event: 111.840 Thread 0x00000279d8ced000 Exception <a 'java/lang/InterruptedException': sleep interrupted> (0x000000067ebe5220) thrown at [C:\jenkins\workspace\8-2-build-windows-x64-cygwin-sans-NAS\jdk8u471\2292\hotspot\src\share\vm\prims\jvm.cpp, line 3359]
Event: 111.893 Thread 0x00000279d8ced000 Exception <a 'java/lang/InterruptedException': sleep interrupted> (0x000000067ebe5478) thrown at [C:\jenkins\workspace\8-2-build-windows-x64-cygwin-sans-NAS\jdk8u471\2292\hotspot\src\share\vm\prims\jvm.cpp, line 3359]
Event: 111.893 Thread 0x00000279d8ced000 Exception <a 'java/lang/InterruptedException': sleep interrupted> (0x000000067ebe56d0) thrown at [C:\jenkins\workspace\8-2-build-windows-x64-cygwin-sans-NAS\jdk8u471\2292\hotspot\src\share\vm\prims\jvm.cpp, line 3359]
Event: 111.993 Thread 0x00000279d8cee800 Exception <a 'java/lang/InterruptedException': sleep interrupted> (0x0000000680664770) thrown at [C:\jenkins\workspace\8-2-build-windows-x64-cygwin-sans-NAS\jdk8u471\2292\hotspot\src\share\vm\prims\jvm.cpp, line 3359]
Event: 112.157 Thread 0x0000027997de8000 Exception <a 'org/lwjgl/LWJGLException': Failed to set device gamma.> (0x0000000680aca4a0) thrown at [C:\jenkins\workspace\8-2-build-windows-x64-cygwin-sans-NAS\jdk8u471\2292\hotspot\src\share\vm\prims\jni.cpp, line 737]

Events (10 events):
Event: 112.180 Thread 0x00000279d8cee000 Thread exited: 0x00000279d8cee000
Event: 112.180 Thread 0x00000279d1a64000 flushing nmethod 0x000002799b1d5e10
Event: 112.182 Thread 0x00000279d1a4e000 flushing nmethod 0x000002799b389d50
Event: 112.182 Thread 0x00000279d1a4e000 flushing nmethod 0x000002799b3aa090
Event: 112.182 Thread 0x00000279d1a4e000 flushing nmethod 0x000002799b52fd90
Event: 112.182 Thread 0x00000279d1a4e000 flushing nmethod 0x000002799b5a2c50
Event: 112.184 Thread 0x00000279d8cf2800 Thread exited: 0x00000279d8cf2800
Event: 112.187 Thread 0x00000279d1a50000 flushing nmethod 0x000002799b700f90
Event: 112.262 Thread 0x00000279d8ceb800 Thread exited: 0x00000279d8ceb800
Event: 112.262 Executing VM operation: Exit


Dynamic libraries:
0x00007ff6b8270000 - 0x00007ff6b82bf000 	C:\Program Files\Java\jdk-1.8\bin\java.exe
0x00007fff14390000 - 0x00007fff14588000 	C:\Windows\SYSTEM32\ntdll.dll
0x00007fff12970000 - 0x00007fff12a32000 	C:\Windows\System32\KERNEL32.DLL
0x00007fff11d90000 - 0x00007fff12086000 	C:\Windows\System32\KERNELBASE.dll
0x00007fff12690000 - 0x00007fff12741000 	C:\Windows\System32\ADVAPI32.dll
0x00007fff12ec0000 - 0x00007fff12f5e000 	C:\Windows\System32\msvcrt.dll
0x00007fff12d60000 - 0x00007fff12dff000 	C:\Windows\System32\sechost.dll
0x00007fff13500000 - 0x00007fff13620000 	C:\Windows\System32\RPCRT4.dll
0x00007fff11a20000 - 0x00007fff11a47000 	C:\Windows\System32\bcrypt.dll
0x00007fff127c0000 - 0x00007fff12961000 	C:\Windows\System32\USER32.dll
0x00007fff11c60000 - 0x00007fff11c82000 	C:\Windows\System32\win32u.dll
0x00007fff13850000 - 0x00007fff1387b000 	C:\Windows\System32\GDI32.dll
0x00007fff12290000 - 0x00007fff123a9000 	C:\Windows\System32\gdi32full.dll
0x00007fff121f0000 - 0x00007fff1228d000 	C:\Windows\System32\msvcp_win.dll
0x00007fff11c90000 - 0x00007fff11d90000 	C:\Windows\System32\ucrtbase.dll
0x00007ffef30e0000 - 0x00007ffef337b000 	C:\Windows\WinSxS\amd64_microsoft.windows.common-controls_6595b64144ccf1df_6.0.19041.6456_none_60b8a6cb71f64256\COMCTL32.dll
0x00007fff12c20000 - 0x00007fff12c4f000 	C:\Windows\System32\IMM32.DLL
0x00007fff0c420000 - 0x00007fff0c43b000 	C:\Program Files\Java\jdk-1.8\jre\bin\vcruntime140.dll
0x00007fff0dfd0000 - 0x00007fff0dfdc000 	C:\Program Files\Java\jdk-1.8\jre\bin\vcruntime140_1.dll
0x00007ffef5ec0000 - 0x00007ffef5f4e000 	C:\Program Files\Java\jdk-1.8\jre\bin\msvcp140.dll
0x00007ffe650c0000 - 0x00007ffe6596a000 	C:\Program Files\Java\jdk-1.8\jre\bin\server\jvm.dll
0x00007fff12c10000 - 0x00007fff12c18000 	C:\Windows\System32\PSAPI.DLL
0x00007fff0c410000 - 0x00007fff0c419000 	C:\Windows\SYSTEM32\WSOCK32.dll
0x00007fff07340000 - 0x00007fff07367000 	C:\Windows\SYSTEM32\WINMM.dll
0x00007fff09db0000 - 0x00007fff09dba000 	C:\Windows\SYSTEM32\VERSION.dll
0x00007fff12750000 - 0x00007fff127bb000 	C:\Windows\System32\WS2_32.dll
0x00007fff10280000 - 0x00007fff10292000 	C:\Windows\SYSTEM32\kernel.appcore.dll
0x00007fff0c400000 - 0x00007fff0c410000 	C:\Program Files\Java\jdk-1.8\jre\bin\verify.dll
0x00007fff0b6c0000 - 0x00007fff0b6eb000 	C:\Program Files\Java\jdk-1.8\jre\bin\java.dll
0x00007fff0c3e0000 - 0x00007fff0c3f8000 	C:\Program Files\Java\jdk-1.8\jre\bin\zip.dll
0x00007fff13880000 - 0x00007fff13ff0000 	C:\Windows\System32\SHELL32.dll
0x00007fff0f630000 - 0x00007fff0fdd5000 	C:\Windows\SYSTEM32\windows.storage.dll
0x00007fff13ff0000 - 0x00007fff14344000 	C:\Windows\System32\combase.dll
0x00007fff11370000 - 0x00007fff1139b000 	C:\Windows\SYSTEM32\Wldp.dll
0x00007fff12560000 - 0x00007fff1262d000 	C:\Windows\System32\OLEAUT32.dll
0x00007fff13620000 - 0x00007fff136cd000 	C:\Windows\System32\SHCORE.dll
0x00007fff12630000 - 0x00007fff1268b000 	C:\Windows\System32\shlwapi.dll
0x00007fff11950000 - 0x00007fff11974000 	C:\Windows\SYSTEM32\profapi.dll
0x00007ffef5e70000 - 0x00007ffef5e7d000 	C:\Program Files\Java\jdk-1.8\jre\bin\management.dll
0x00007ffef7d90000 - 0x00007ffef7dac000 	C:\Program Files\Java\jdk-1.8\jre\bin\net.dll
0x00007fff110d0000 - 0x00007fff1113a000 	C:\Windows\system32\mswsock.dll
0x00007ffef7460000 - 0x00007ffef7473000 	C:\Program Files\Java\jdk-1.8\jre\bin\nio.dll
0x00007ffee67c0000 - 0x00007ffee67d7000 	C:\Windows\system32\napinsp.dll
0x00007ffee67e0000 - 0x00007ffee67fb000 	C:\Windows\system32\pnrpnsp.dll
0x00007fff0e0d0000 - 0x00007fff0e0ed000 	C:\Windows\system32\wshbth.dll
0x00007fff0dac0000 - 0x00007fff0dadd000 	C:\Windows\system32\NLAapi.dll
0x00007fff10db0000 - 0x00007fff10deb000 	C:\Windows\SYSTEM32\IPHLPAPI.DLL
0x00007fff10df0000 - 0x00007fff10eba000 	C:\Windows\SYSTEM32\DNSAPI.dll
0x00007fff12d40000 - 0x00007fff12d48000 	C:\Windows\System32\NSI.dll
0x00007ffee6f90000 - 0x00007ffee6fa2000 	C:\Windows\System32\winrnr.dll
0x00007ffef66e0000 - 0x00007ffef66ea000 	C:\Windows\System32\rasadhlp.dll
0x00007ffef6600000 - 0x00007ffef6680000 	C:\Windows\System32\fwpuclnt.dll
0x0000000180000000 - 0x0000000180051000 	C:\Users\chuck\.gradle\caches\minecraft\net\minecraft\minecraft_natives\1.7.10\lwjgl64.dll
0x00007ffe9c740000 - 0x00007ffe9c868000 	C:\Windows\SYSTEM32\OPENGL32.dll
0x00007ffe9c710000 - 0x00007ffe9c73c000 	C:\Windows\SYSTEM32\GLU32.dll
0x00007fff112d0000 - 0x00007fff112e8000 	C:\Windows\SYSTEM32\CRYPTSP.dll
0x00007fff109f0000 - 0x00007fff10a28000 	C:\Windows\system32\rsaenh.dll
0x00007fff11910000 - 0x00007fff1193e000 	C:\Windows\SYSTEM32\USERENV.dll
0x00007fff12160000 - 0x00007fff121e2000 	C:\Windows\System32\bcryptprimitives.dll
0x00007fff112c0000 - 0x00007fff112cc000 	C:\Windows\SYSTEM32\CRYPTBASE.dll
0x00007fff099f0000 - 0x00007fff09a07000 	C:\Windows\SYSTEM32\dhcpcsvc6.DLL
0x00007fff09dc0000 - 0x00007fff09ddd000 	C:\Windows\SYSTEM32\dhcpcsvc.DLL
0x00007ffe9f440000 - 0x00007ffe9f5be000 	C:\Program Files\Java\jdk-1.8\jre\bin\awt.dll
0x00007fff0e730000 - 0x00007fff0e7c4000 	C:\Windows\SYSTEM32\apphelp.dll
0x00007fff04100000 - 0x00007fff041ae000 	C:\Windows\SYSTEM32\mscms.dll
0x00007fff040e0000 - 0x00007fff040f1000 	C:\Windows\SYSTEM32\ColorAdapterClient.dll
0x00007fff0ef60000 - 0x00007fff0effe000 	C:\Windows\system32\uxtheme.dll
0x00000279da2b0000 - 0x00000279e2323000 	C:\Program Files (x86)\ASUS\GPUTweakIII\GTIII-OSD\x64\GTIII-OSD64-VK.dll
0x00007fff133d0000 - 0x00007fff134fb000 	C:\Windows\System32\ole32.dll
0x00007ffe9d090000 - 0x00007ffe9d216000 	C:\Windows\SYSTEM32\vulkan-1.dll
0x00007fff12090000 - 0x00007fff120de000 	C:\Windows\System32\CFGMGR32.dll
0x00007fff12af0000 - 0x00007fff12c05000 	C:\Windows\System32\MSCTF.dll
0x00007fff12a40000 - 0x00007fff12ae9000 	C:\Windows\System32\clbcatq.dll
0x00007ffe5d6b0000 - 0x00007ffe60004000 	C:\Windows\System32\DriverStore\FileRepository\nv_dispi.inf_amd64_20ae8f14a487d5db\nvoglv64.dll
0x00007fff12f60000 - 0x00007fff133d0000 	C:\Windows\System32\SETUPAPI.dll
0x00007fff0b470000 - 0x00007fff0b484000 	C:\Windows\SYSTEM32\WTSAPI32.dll
0x00007fff11500000 - 0x00007fff11512000 	C:\Windows\SYSTEM32\msasn1.dll
0x00007fff09d70000 - 0x00007fff09da1000 	C:\Windows\SYSTEM32\cryptnet.dll
0x00007fff11b00000 - 0x00007fff11c5d000 	C:\Windows\System32\CRYPT32.dll
0x00007fff09b40000 - 0x00007fff09c87000 	C:\Windows\SYSTEM32\drvstore.dll
0x00007fff116d0000 - 0x00007fff11703000 	C:\Windows\SYSTEM32\devobj.dll
0x00007fff120e0000 - 0x00007fff12153000 	C:\Windows\System32\WINTRUST.dll
0x00007fff10c40000 - 0x00007fff10c73000 	C:\Windows\SYSTEM32\ntmarta.dll
0x00007fff136d0000 - 0x00007fff136ed000 	C:\Windows\System32\imagehlp.dll
0x00007ffefe260000 - 0x00007fff01ff4000 	C:\Windows\System32\DriverStore\FileRepository\nv_dispi.inf_amd64_20ae8f14a487d5db\nvgpucomp64.dll
0x00007fff02430000 - 0x00007fff0246b000 	C:\Windows\SYSTEM32\dxcore.dll
0x00007ffe95dc0000 - 0x00007ffe95f07000 	C:\Windows\system32\nvspcap64.dll
0x00007fff0f270000 - 0x00007fff0f29e000 	C:\Windows\SYSTEM32\dwmapi.dll
0x00007fff05f10000 - 0x00007fff06009000 	C:\Windows\SYSTEM32\textinputframework.dll
0x00007fff0db20000 - 0x00007fff0de7b000 	C:\Windows\System32\CoreUIComponents.dll
0x00007fff0de80000 - 0x00007fff0df72000 	C:\Windows\System32\CoreMessaging.dll
0x00007fff0e0f0000 - 0x00007fff0e247000 	C:\Windows\SYSTEM32\wintypes.dll
0x00007ffef7db0000 - 0x00007ffef7df5000 	C:\Windows\SYSTEM32\icm32.dll
0x00007fff11880000 - 0x00007fff118cb000 	C:\Windows\SYSTEM32\powrprof.dll
0x00007fff11860000 - 0x00007fff11872000 	C:\Windows\SYSTEM32\UMPDC.dll
0x00007fff11740000 - 0x00007fff117a3000 	C:\Windows\SYSTEM32\WINSTA.dll
0x00000279ea510000 - 0x00000279f2697000 	C:\Program Files (x86)\ASUS\GPUTweakIII\GTIII-OSD\x64\GTIII-OSD64.dll
0x00007ffef8760000 - 0x00007ffef8785000 	C:\Windows\SYSTEM32\d3d12.dll
0x00007ffe9c870000 - 0x00007ffe9cad3000 	C:\Windows\SYSTEM32\d3dx9_43.dll
0x00007fff0c4d0000 - 0x00007fff0c92d000 	C:\Windows\SYSTEM32\D3DCOMPILER_47.dll
0x00007ffe9cae0000 - 0x00007ffe9cb11000 	C:\Windows\SYSTEM32\d3d10_1.dll
0x00007ffeba5f0000 - 0x00007ffeba5fd000 	C:\Windows\SYSTEM32\d3d10_1core.dll
0x00007fff0ca00000 - 0x00007fff0cc64000 	C:\Windows\SYSTEM32\d3d11.dll
0x00007fff103c0000 - 0x00007fff104b6000 	C:\Windows\SYSTEM32\dxgi.dll
0x00007ffedd660000 - 0x00007ffedd831000 	C:\Windows\SYSTEM32\d3d9.dll
0x0000000070a40000 - 0x0000000070adc000 	C:\Users\chuck\.gradle\caches\minecraft\net\minecraft\minecraft_natives\1.7.10\avutil-ttv-51.dll
0x0000000065980000 - 0x00000000659d6000 	C:\Users\chuck\.gradle\caches\minecraft\net\minecraft\minecraft_natives\1.7.10\swresample-ttv-0.dll
0x000000006eb80000 - 0x000000006ec50000 	C:\Users\chuck\.gradle\caches\minecraft\net\minecraft\minecraft_natives\1.7.10\libmp3lame-ttv.dll
0x00007ffe51190000 - 0x00007ffe52534000 	C:\Users\chuck\.gradle\caches\minecraft\net\minecraft\minecraft_natives\1.7.10\libmfxsw64.dll
0x00007ffed3bd0000 - 0x00007ffed3cfb000 	C:\Users\chuck\.gradle\caches\minecraft\net\minecraft\minecraft_natives\1.7.10\twitchsdk.dll
0x00007ffef3380000 - 0x00007ffef3856000 	C:\Windows\SYSTEM32\WININET.dll
0x000002798adf0000 - 0x0000027992e41000 	C:\Program Files (x86)\ASUS\GPUTweakIII\GTIII-OSD\x64\GTIII-OSD64-GL.dll
0x0000000060690000 - 0x00000000606f3000 	C:\Program Files (x86)\ASUS\GPUTweakIII\GTIII-OSD\x64\glew32.dll
0x00007ffef86b0000 - 0x00007ffef875c000 	C:\Windows\SYSTEM32\TextShaping.dll
0x0000027992ee0000 - 0x0000027992f44000 	C:\Users\chuck\.gradle\caches\minecraft\net\minecraft\minecraft_natives\1.7.10\OpenAL64.dll
0x00007fff0ae30000 - 0x00007fff0aeb5000 	C:\Windows\System32\MMDevApi.dll
0x00007ffedf470000 - 0x00007ffedf50c000 	C:\Windows\SYSTEM32\dsound.dll
0x00007ffef3880000 - 0x00007ffef38a6000 	C:\Windows\SYSTEM32\winmmbase.dll
0x00007fff0af30000 - 0x00007fff0b0b1000 	C:\Windows\SYSTEM32\AUDIOSES.DLL
0x00007fff0f030000 - 0x00007fff0f044000 	C:\Windows\SYSTEM32\resourcepolicyclient.dll
0x00007ffed4ec0000 - 0x00007ffed4ef4000 	C:\Program Files\Java\jdk-1.8\jre\bin\jpeg.dll
0x00007ffef1d10000 - 0x00007ffef1d35000 	C:\Program Files\Java\jdk-1.8\jre\bin\sunec.dll
0x00007fff0e080000 - 0x00007fff0e08e000 	C:\Program Files\Java\jdk-1.8\jre\bin\sunmscapi.dll
0x00007fff113e0000 - 0x00007fff11407000 	C:\Windows\SYSTEM32\ncrypt.dll
0x00007fff113a0000 - 0x00007fff113db000 	C:\Windows\SYSTEM32\NTASN1.dll
0x00007fff0fea0000 - 0x00007fff100a1000 	C:\Windows\SYSTEM32\dbghelp.dll

VM Arguments:
jvm_args: -Dfile.encoding=UTF-8 -Duser.country=US -Duser.language=en -Duser.variant 
java_command: GradleStart
java_class_path (initial): C:\Users\chuck\.gradle\caches\minecraft\net\minecraftforge\forge\1.7.10-10.13.4.1614-1.7.10\start;C:\Users\chuck\.gradle\caches\minecraft\net\minecraftforge\forge\1.7.10-10.13.4.1614-1.7.10\forgeSrc-1.7.10-10.13.4.1614-1.7.10.jar;C:\Users\chuck\.gradle\caches\modules-2\files-2.1\net.minecraft\launchwrapper\1.12\111e7bea9c968cdb3d06ef4632bf7ff0824d0f36\launchwrapper-1.12.jar;C:\Users\chuck\.gradle\caches\modules-2\files-2.1\com.google.code.findbugs\jsr305\1.3.9\40719ea6961c0cb6afaeb6a921eaa1f6afd4cfdf\jsr305-1.3.9.jar;C:\Users\chuck\.gradle\caches\modules-2\files-2.1\org.ow2.asm\asm-debug-all\5.0.3\f9e364ae2a66ce2a543012a4668856e84e5dab74\asm-debug-all-5.0.3.jar;C:\Users\chuck\.gradle\caches\modules-2\files-2.1\com.typesafe.akka\akka-actor_2.11\2.3.3\ed62e9fc709ca0f2ff1a3220daa8b70a2870078e\akka-actor_2.11-2.3.3.jar;C:\Users\chuck\.gradle\caches\modules-2\files-2.1\com.typesafe\config\1.2.1\f771f71fdae3df231bcd54d5ca2d57f0bf93f467\config-1.2.1.jar;C:\Users\chuck\.gradle\caches\modules-2\files-2.1\org.scala-lang\scala-actors-migration_2.11\1.1.0\dfa8bc42b181d5b9f1a5dd147f8ae308b893eb6f\scala-actors-migration_2.11-1.1.0.jar;C:\Users\chuck\.gradle\caches\modules-2\files-2.1\org.scala-lang.plugins\scala-continuations-plugin_2.11.1\1.0.2\f361a3283452c57fa30c1ee69448995de23c60f7\scala-continuations-plugin_2.11.1-1.0.2.jar;C:\Users\chuck\.gradle\caches\modules-2\files-2.1\org.scala-lang\scala-compiler\2.11.1\56ea2e6c025e0821f28d73ca271218b8dd04926a\scala-compiler-2.11.1.jar;C:\Users\chuck\.gradle\caches\modules-2\files-2.1\org.scala-lang.plugins\scala-continuations-library_2.11\1.0.2\e517c53a7e9acd6b1668c5a35eccbaa3bab9aac\scala-continuations-library_2.11-1.0.2.jar;C:\Users\chuck\.gradle\caches\modules-2\files-2.1\org.scala-lang\scala-reflect\2.11.1\6580347e61cc7f8e802941e7fde40fa83b8badeb\scala-reflect-2.11.1.jar;C:\Users\chuck\.gradle\caches\modules-2\files-2.1\org.scala-lang\scala-actors\2.11.0\8ccfb6541de179bb1c4d45cf414acee069b7f78b\scala-a
Launcher Type: SUN_STANDARD

Environment Variables:
PATH=C:\Program Files\Eclipse Adoptium\jdk-8.0.462.8-hotspot\bin;C:\Program Files\Common Files\Oracle\Java\javapath;C:\Program Files (x86)\Common Files\Oracle\Java\java8path;C:\Program Files (x86)\Common Files\Oracle\Java\javapath;C:\Program Files (x86)\Razer Chroma SDK\bin;C:\Program Files\Razer Chroma SDK\bin;C:\Program Files (x86)\Razer\ChromaBroadcast\bin;C:\Program Files\Razer\ChromaBroadcast\bin;C:\Windows\system32;C:\Windows;C:\Windows\System32\Wbem;C:\Windows\System32\WindowsPowerShell\v1.0\;C:\Windows\System32\OpenSSH\;C:\Program Files (x86)\NVIDIA Corporation\PhysX\Common;C:\Windows\system32\config\systemprofile\AppData\Local\Microsoft\WindowsApps;C:\Program Files\dotnet\;C:\Program Files (x86)\Windows Live\Shared;C:\Program Files\Git\cmd;C:\Program Files\WorldPainter;C:\Program Files\NVIDIA Corporation\NVIDIA app\NvDLISR;C:\Users\chuck\AppData\Local\Microsoft\WindowsApps;;C:\Program Files\JetBrains\IntelliJ IDEA 2024.2.0.1\bin;
USERNAME=chuck
OS=Windows_NT
PROCESSOR_IDENTIFIER=Intel64 Family 6 Model 158 Stepping 13, GenuineIntel



---------------  S Y S T E M  ---------------

OS: Windows 10 , 64 bit Build 19041 (10.0.19041.5915)

CPU:total 16 (initial active 16) (8 cores per cpu, 2 threads per core) family 6 model 158 stepping 13, cmov, cx8, fxsr, mmx, sse, sse2, sse3, ssse3, sse4.1, sse4.2, popcnt, avx, avx2, aes, clmul, erms, 3dnowpref, lzcnt, ht, tsc, tscinvbit, bmi1, bmi2, adx

Memory: 4k page, physical 67022948k(44346096k free), swap 71217252k(38088156k free)

vm_info: Java HotSpot(TM) 64-Bit Server VM (25.471-b09) for windows-amd64 JRE (1.8.0_471-b09), built on Sep 26 2025 05:08:27 by "java_re" with MS VC++ 17.6 (VS2022)

time: Mon Nov 24 22:45:57 2025
timezone: Eastern Standard Time
elapsed time: 112.621625 seconds (0d 0h 1m 52s)

