#
# A fatal error has been detected by the Java Runtime Environment:
#
#  EXCEPTION_ACCESS_VIOLATION (0xc0000005) at pc=0x00007ffb25e582e9, pid=25272, tid=0x0000000000001504
#
# JRE version: Java(TM) SE Runtime Environment (8.0_471) (build 1.8.0_471-b09)
# Java VM: Java HotSpot(TM) 64-Bit Server VM (25.471-b09 mixed mode windows-amd64 compressed oops)
# Problematic frame:
# C  [nvoglv64.dll+0x8682e9]
#
# Failed to write core dump. Minidumps are not enabled by default on client versions of Windows
#
# If you would like to submit a bug report, please visit:
#   https://bugreport.java.com/bugreport/crash.jsp
#

---------------  T H R E A D  ---------------

Current thread (0x00000274fb363800):  VMThread [stack: 0x000000bd7a700000,0x000000bd7a800000] [id=5380]

siginfo: ExceptionCode=0xc0000005, reading address 0x0000000000001238

Registers:
RAX=0x0000000000000000, RBX=0x00000274fe631c60, RCX=0x0000000000000004, RDX=0x0000000000000000
RSP=0x000000bd7a7ff208, RBP=0x0000000000000000, RSI=0x0000000000000000, RDI=0x00000274fe631c60
R8 =0x0000000000000000, R9 =0x00000274a5f59ce0, R10=0x00000274c4200000, R11=0x000000bd7a7ff210
R12=0x00000274b18f0000, R13=0x00000274b1a23820, R14=0x0000000000000000, R15=0x0000000000000000
RIP=0x00007ffb25e582e9, EFLAGS=0x0000000000010202

Top of Stack: (sp=0x000000bd7a7ff208)
0x000000bd7a7ff208:   00000274b18fbbf1 0000000000000000
0x000000bd7a7ff218:   0000000000000000 00000274b1a23820
0x000000bd7a7ff228:   00000274b18f0000 fffffffffffffffe
0x000000bd7a7ff238:   00007ffbcd0d47b1 00000274a5f59dd8
0x000000bd7a7ff248:   00000274b18f8281 0000000000000000
0x000000bd7a7ff258:   0000000000000000 0000000000000000
0x000000bd7a7ff268:   000000bd00000000 00000274a5f59dd8
0x000000bd7a7ff278:   00000274b18f7c71 00000274a5f59ce0
0x000000bd7a7ff288:   0000000000000000 0000027484d2b640
0x000000bd7a7ff298:   00007ffbcd0d5ba1 00000274b1a23840
0x000000bd7a7ff2a8:   00000274b193ac0d 0000000000000040
0x000000bd7a7ff2b8:   00007ffb00000000 000000bd7a7ff3f8
0x000000bd7a7ff2c8:   00000274c4200000 00000274b18f0000
0x000000bd7a7ff2d8:   00000274c42b0268 00000274b1983f4c
0x000000bd7a7ff2e8:   0000000000000001 0000000000000001
0x000000bd7a7ff2f8:   00000274b18fa083 0000000000000000 

Instructions: (pc=0x00007ffb25e582e9)
0x00007ffb25e582c9:   af af af af af af af c3 cc cc cc cc cc cc cc cc
0x00007ffb25e582d9:   cc cc cc cc cc cc cc 65 48 8b 04 25 30 16 00 00
0x00007ffb25e582e9:   ff a0 38 12 00 00 cc cc cc cc cc cc cc cc cc cc
0x00007ffb25e582f9:   cc cc cc cc cc cc cc cc cc cc cc cc cc cc cc cc 


Register to memory mapping:

RAX=0x0000000000000000 is an unknown value
RBX=0x00000274fe631c60 is an unknown value
RCX=0x0000000000000004 is an unknown value
RDX=0x0000000000000000 is an unknown value
RSP=0x000000bd7a7ff208 is an unknown value
RBP=0x0000000000000000 is an unknown value
RSI=0x0000000000000000 is an unknown value
RDI=0x00000274fe631c60 is an unknown value
R8 =0x0000000000000000 is an unknown value
R9 =0x00000274a5f59ce0 is an unknown value
R10=0x00000274c4200000 is an unknown value
R11=0x000000bd7a7ff210 is an unknown value
R12=0x00000274b18f0000 is an unknown value
R13=0x00000274b1a23820 is an unknown value
R14=0x0000000000000000 is an unknown value
R15=0x0000000000000000 is an unknown value


Stack: [0x000000bd7a700000,0x000000bd7a800000],  sp=0x000000bd7a7ff208,  free space=1020k
Native frames: (J=compiled Java code, j=interpreted, Vv=VM code, C=native code)

VM_Operation (0x000000bd799fe170): Exit, mode: safepoint, requested by thread 0x00000274c4247800


---------------  P R O C E S S  ---------------

Java Threads: ( => current thread )
  0x00000274ff716800 JavaThread "AWT-Shutdown" [_thread_blocked, id=27364, stack(0x000000bd7cf00000,0x000000bd7d000000)]
  0x00000274ff715000 JavaThread "File IO Thread" [_thread_blocked, id=27292, stack(0x000000bd7d100000,0x000000bd7d200000)]
  0x00000274ff70c000 JavaThread "Keep-Alive-Timer" daemon [_thread_blocked, id=27212, stack(0x000000bd7ce00000,0x000000bd7cf00000)]
  0x00000274ff712000 JavaThread "pool-2-thread-1" [_thread_blocked, id=27148, stack(0x000000bd7cc00000,0x000000bd7cd00000)]
  0x00000274ff711800 JavaThread "Netty IO #1" daemon [_thread_in_native, id=26988, stack(0x000000bd7c900000,0x000000bd7ca00000)]
  0x00000274ff708800 JavaThread "Netty Client IO #0" daemon [_thread_in_native, id=24536, stack(0x000000bd7c600000,0x000000bd7c700000)]
  0x00000274ff70d800 JavaThread "Netty IO #0" daemon [_thread_in_native, id=24912, stack(0x000000bd7c400000,0x000000bd7c500000)]
  0x00000274ff70b800 JavaThread "Snooper Timer" daemon [_thread_blocked, id=27556, stack(0x000000bd7bf00000,0x000000bd7c000000)]
  0x00000274ff710800 JavaThread "Thread-11" [_thread_blocked, id=27184, stack(0x000000bd7c800000,0x000000bd7c900000)]
  0x00000274ff709000 JavaThread "Thread-10" [_thread_blocked, id=27156, stack(0x000000bd7c700000,0x000000bd7c800000)]
  0x0000027483ba0800 JavaThread "LWJGL Timer" daemon [_thread_blocked, id=24684, stack(0x000000bd7c500000,0x000000bd7c600000)]
  0x0000027481154000 JavaThread "Java2D Disposer" daemon [_thread_blocked, id=9224, stack(0x000000bd7bc00000,0x000000bd7bd00000)]
  0x00000274ff4ac800 JavaThread "Timer hack thread" daemon [_thread_blocked, id=24656, stack(0x000000bd7bb00000,0x000000bd7bc00000)]
  0x0000027482c90800 JavaThread "Snooper Timer" daemon [_thread_blocked, id=20808, stack(0x000000bd7ba00000,0x000000bd7bb00000)]
  0x00000274fe06a800 JavaThread "Service Thread" daemon [_thread_blocked, id=8672, stack(0x000000bd7b800000,0x000000bd7b900000)]
  0x00000274fdf98000 JavaThread "C1 CompilerThread11" daemon [_thread_blocked, id=8560, stack(0x000000bd7b700000,0x000000bd7b800000)]
  0x00000274fdf92000 JavaThread "C1 CompilerThread10" daemon [_thread_blocked, id=17120, stack(0x000000bd7b600000,0x000000bd7b700000)]
  0x00000274fdf95800 JavaThread "C1 CompilerThread9" daemon [_thread_blocked, id=2308, stack(0x000000bd7b500000,0x000000bd7b600000)]
  0x00000274fdf97000 JavaThread "C1 CompilerThread8" daemon [_thread_blocked, id=6272, stack(0x000000bd7b400000,0x000000bd7b500000)]
  0x00000274fdf96800 JavaThread "C2 CompilerThread7" daemon [_thread_blocked, id=17228, stack(0x000000bd7b300000,0x000000bd7b400000)]
  0x00000274fdf94000 JavaThread "C2 CompilerThread6" daemon [_thread_blocked, id=25596, stack(0x000000bd7b200000,0x000000bd7b300000)]
  0x00000274fdf93800 JavaThread "C2 CompilerThread5" daemon [_thread_blocked, id=20948, stack(0x000000bd7b100000,0x000000bd7b200000)]
  0x00000274fdf86000 JavaThread "C2 CompilerThread4" daemon [_thread_blocked, id=15740, stack(0x000000bd7b000000,0x000000bd7b100000)]
  0x00000274fdf84000 JavaThread "C2 CompilerThread3" daemon [_thread_blocked, id=24880, stack(0x000000bd7af00000,0x000000bd7b000000)]
  0x00000274fdf7f000 JavaThread "C2 CompilerThread2" daemon [_thread_blocked, id=10568, stack(0x000000bd7ae00000,0x000000bd7af00000)]
  0x00000274fdf7e800 JavaThread "C2 CompilerThread1" daemon [_thread_blocked, id=23324, stack(0x000000bd7ad00000,0x000000bd7ae00000)]
  0x00000274fdf7d000 JavaThread "C2 CompilerThread0" daemon [_thread_blocked, id=14656, stack(0x000000bd7ac00000,0x000000bd7ad00000)]
  0x00000274fdf7a000 JavaThread "Attach Listener" daemon [_thread_blocked, id=10824, stack(0x000000bd7ab00000,0x000000bd7ac00000)]
  0x00000274fdf76800 JavaThread "Signal Dispatcher" daemon [_thread_blocked, id=16068, stack(0x000000bd7aa00000,0x000000bd7ab00000)]
  0x00000274fdf51800 JavaThread "Finalizer" daemon [_thread_blocked, id=14308, stack(0x000000bd7a900000,0x000000bd7aa00000)]
  0x00000274fdf50800 JavaThread "Reference Handler" daemon [_thread_blocked, id=4628, stack(0x000000bd7a800000,0x000000bd7a900000)]
  0x00000274c4247800 JavaThread "Client thread" [_thread_blocked, id=15800, stack(0x000000bd79900000,0x000000bd79a00000)]

Other Threads:
=>0x00000274fb363800 VMThread [stack: 0x000000bd7a700000,0x000000bd7a800000] [id=5380]

VM state:at safepoint (shutting down)

VM Mutex/Monitor currently owned by a thread:  ([mutex/lock_event])
[0x00000274c4245230] Threads_lock - owner thread: 0x00000274fb363800

heap address: 0x00000003c1400000, size: 16364 MB, Compressed Oops mode: Zero based, Oop shift amount: 3
Narrow klass base: 0x0000000000000000, Narrow klass shift: 3
Compressed class space size: 1073741824 Address: 0x00000007c0000000

Heap:
 PSYoungGen      total 973312K, used 631962K [0x000000066b180000, 0x00000006abf00000, 0x00000007c0000000)
  eden space 890368K, 70% used [0x000000066b180000,0x0000000691aa6a70,0x00000006a1700000)
  from space 82944K, 0% used [0x00000006a6e00000,0x00000006a6e00000,0x00000006abf00000)
  to   space 86016K, 0% used [0x00000006a1700000,0x00000006a1700000,0x00000006a6b00000)
 ParOldGen       total 412672K, used 136519K [0x00000003c1400000, 0x00000003da700000, 0x000000066b180000)
  object space 412672K, 33% used [0x00000003c1400000,0x00000003c9951c40,0x00000003da700000)
 Metaspace       used 43928K, capacity 44425K, committed 44928K, reserved 1089536K
  class space    used 5083K, capacity 5225K, committed 5248K, reserved 1048576K

Card table byte_map: [0x00000274d5090000,0x00000274d7090000] byte_map_base: 0x00000274d3286000

Marking Bits: (ParMarkBitMap*) 0x00007ffb15baa3e0
 Begin Bits: [0x00000274d85e0000, 0x00000274e8590000)
 End Bits:   [0x00000274e8590000, 0x00000274f8540000)

Polling page: 0x00000274c4480000

CodeCache: size=245760Kb used=30891Kb max_used=34000Kb free=214868Kb
 bounds [0x00000274c5cd0000, 0x00000274c7e40000, 0x00000274d4cd0000]
 total_blobs=8090 nmethods=7211 adapters=784
 compilation: enabled

Compilation events (10 events):
Event: 43.645 Thread 0x00000274fdf96800 nmethod 9991 0x00000274c74ca250 code [0x00000274c74ca3a0, 0x00000274c74ca6b8]
Event: 43.646 Thread 0x00000274fdf86000 nmethod 9993 0x00000274c7380d90 code [0x00000274c7380f20, 0x00000274c73812b8]
Event: 43.648 Thread 0x00000274fdf92000 10000       3       sun.net.www.protocol.jar.Handler::openConnection (10 bytes)
Event: 43.648 Thread 0x00000274fdf92000 nmethod 10000 0x00000274c74e9b10 code [0x00000274c74e9cc0, 0x00000274c74ea2f0]
Event: 43.650 Thread 0x00000274fdf7f000 nmethod 9999 0x00000274c7b27390 code [0x00000274c7b27500, 0x00000274c7b27c98]
Event: 43.650 Thread 0x00000274fdf93800 nmethod 9994 0x00000274c69cf490 code [0x00000274c69cf660, 0x00000274c69d0028]
Event: 43.651 Thread 0x00000274fdf97000 10001       3       org.apache.logging.log4j.core.helpers.NameUtil::getSubName (32 bytes)
Event: 43.651 Thread 0x00000274fdf92000 10002       1       org.apache.logging.log4j.core.config.LoggerConfig::getLevel (5 bytes)
Event: 43.651 Thread 0x00000274fdf92000 nmethod 10002 0x00000274c7362f90 code [0x00000274c73630e0, 0x00000274c73631f8]
Event: 43.651 Thread 0x00000274fdf97000 nmethod 10001 0x00000274c71ac7d0 code [0x00000274c71ac960, 0x00000274c71acf00]

GC Heap History (10 events):
Event: 34.450 GC heap before
{Heap before GC invocations=13 (full 3):
 PSYoungGen      total 602624K, used 1928K [0x000000066b180000, 0x0000000698a80000, 0x00000007c0000000)
  eden space 578560K, 0% used [0x000000066b180000,0x000000066b362230,0x000000068e680000)
  from space 24064K, 0% used [0x000000068e680000,0x000000068e680000,0x000000068fe00000)
  to   space 83968K, 0% used [0x0000000693880000,0x0000000693880000,0x0000000698a80000)
 ParOldGen       total 412672K, used 68035K [0x00000003c1400000, 0x00000003da700000, 0x000000066b180000)
  object space 412672K, 16% used [0x00000003c1400000,0x00000003c5670d90,0x00000003da700000)
 Metaspace       used 31478K, capacity 31803K, committed 32128K, reserved 1077248K
  class space    used 3787K, capacity 3900K, committed 3968K, reserved 1048576K
Event: 34.451 GC heap after
Heap after GC invocations=13 (full 3):
 PSYoungGen      total 660480K, used 0K [0x000000066b180000, 0x0000000698e80000, 0x00000007c0000000)
  eden space 576512K, 0% used [0x000000066b180000,0x000000066b180000,0x000000068e480000)
  from space 83968K, 0% used [0x0000000693880000,0x0000000693880000,0x0000000698a80000)
  to   space 86016K, 0% used [0x000000068e480000,0x000000068e480000,0x0000000693880000)
 ParOldGen       total 412672K, used 68035K [0x00000003c1400000, 0x00000003da700000, 0x000000066b180000)
  object space 412672K, 16% used [0x00000003c1400000,0x00000003c5670d90,0x00000003da700000)
 Metaspace       used 31478K, capacity 31803K, committed 32128K, reserved 1077248K
  class space    used 3787K, capacity 3900K, committed 3968K, reserved 1048576K
}
Event: 34.451 GC heap before
{Heap before GC invocations=14 (full 4):
 PSYoungGen      total 660480K, used 0K [0x000000066b180000, 0x0000000698e80000, 0x00000007c0000000)
  eden space 576512K, 0% used [0x000000066b180000,0x000000066b180000,0x000000068e480000)
  from space 83968K, 0% used [0x0000000693880000,0x0000000693880000,0x0000000698a80000)
  to   space 86016K, 0% used [0x000000068e480000,0x000000068e480000,0x0000000693880000)
 ParOldGen       total 412672K, used 68035K [0x00000003c1400000, 0x00000003da700000, 0x000000066b180000)
  object space 412672K, 16% used [0x00000003c1400000,0x00000003c5670d90,0x00000003da700000)
 Metaspace       used 31478K, capacity 31803K, committed 32128K, reserved 1077248K
  class space    used 3787K, capacity 3900K, committed 3968K, reserved 1048576K
Event: 34.479 GC heap after
Heap after GC invocations=14 (full 4):
 PSYoungGen      total 660480K, used 0K [0x000000066b180000, 0x0000000698e80000, 0x00000007c0000000)
  eden space 576512K, 0% used [0x000000066b180000,0x000000066b180000,0x000000068e480000)
  from space 83968K, 0% used [0x0000000693880000,0x0000000693880000,0x0000000698a80000)
  to   space 86016K, 0% used [0x000000068e480000,0x000000068e480000,0x0000000693880000)
 ParOldGen       total 412672K, used 68035K [0x00000003c1400000, 0x00000003da700000, 0x000000066b180000)
  object space 412672K, 16% used [0x00000003c1400000,0x00000003c5670d58,0x00000003da700000)
 Metaspace       used 31478K, capacity 31803K, committed 32128K, reserved 1077248K
  class space    used 3787K, capacity 3900K, committed 3968K, reserved 1048576K
}
Event: 37.645 GC heap before
{Heap before GC invocations=15 (full 4):
 PSYoungGen      total 660480K, used 576512K [0x000000066b180000, 0x0000000698e80000, 0x00000007c0000000)
  eden space 576512K, 100% used [0x000000066b180000,0x000000068e480000,0x000000068e480000)
  from space 83968K, 0% used [0x0000000693880000,0x0000000693880000,0x0000000698a80000)
  to   space 86016K, 0% used [0x000000068e480000,0x000000068e480000,0x0000000693880000)
 ParOldGen       total 412672K, used 68035K [0x00000003c1400000, 0x00000003da700000, 0x000000066b180000)
  object space 412672K, 16% used [0x00000003c1400000,0x00000003c5670d58,0x00000003da700000)
 Metaspace       used 34893K, capacity 35315K, committed 35584K, reserved 1081344K
  class space    used 4166K, capacity 4320K, committed 4352K, reserved 1048576K
Event: 37.656 GC heap after
Heap after GC invocations=15 (full 4):
 PSYoungGen      total 662528K, used 56945K [0x000000066b180000, 0x00000006ac500000, 0x00000007c0000000)
  eden space 576512K, 0% used [0x000000066b180000,0x000000066b180000,0x000000068e480000)
  from space 86016K, 66% used [0x000000068e480000,0x0000000691c1c668,0x0000000693880000)
  to   space 89088K, 0% used [0x00000006a6e00000,0x00000006a6e00000,0x00000006ac500000)
 ParOldGen       total 412672K, used 68043K [0x00000003c1400000, 0x00000003da700000, 0x000000066b180000)
  object space 412672K, 16% used [0x00000003c1400000,0x00000003c5672d58,0x00000003da700000)
 Metaspace       used 34893K, capacity 35315K, committed 35584K, reserved 1081344K
  class space    used 4166K, capacity 4320K, committed 4352K, reserved 1048576K
}
Event: 38.846 GC heap before
{Heap before GC invocations=16 (full 4):
 PSYoungGen      total 662528K, used 302883K [0x000000066b180000, 0x00000006ac500000, 0x00000007c0000000)
  eden space 576512K, 42% used [0x000000066b180000,0x000000067a1ac8d0,0x000000068e480000)
  from space 86016K, 66% used [0x000000068e480000,0x0000000691c1c668,0x0000000693880000)
  to   space 89088K, 0% used [0x00000006a6e00000,0x00000006a6e00000,0x00000006ac500000)
 ParOldGen       total 412672K, used 68043K [0x00000003c1400000, 0x00000003da700000, 0x000000066b180000)
  object space 412672K, 16% used [0x00000003c1400000,0x00000003c5672d58,0x00000003da700000)
 Metaspace       used 37022K, capacity 37363K, committed 37632K, reserved 1083392K
  class space    used 4385K, capacity 4512K, committed 4608K, reserved 1048576K
Event: 38.859 GC heap after
Heap after GC invocations=16 (full 4):
 PSYoungGen      total 973312K, used 25931K [0x000000066b180000, 0x00000006abf00000, 0x00000007c0000000)
  eden space 890368K, 0% used [0x000000066b180000,0x000000066b180000,0x00000006a1700000)
  from space 82944K, 31% used [0x00000006a6e00000,0x00000006a8752d00,0x00000006abf00000)
  to   space 86016K, 0% used [0x00000006a1700000,0x00000006a1700000,0x00000006a6b00000)
 ParOldGen       total 412672K, used 122407K [0x00000003c1400000, 0x00000003da700000, 0x000000066b180000)
  object space 412672K, 29% used [0x00000003c1400000,0x00000003c8b89e38,0x00000003da700000)
 Metaspace       used 37022K, capacity 37363K, committed 37632K, reserved 1083392K
  class space    used 4385K, capacity 4512K, committed 4608K, reserved 1048576K
}
Event: 38.859 GC heap before
{Heap before GC invocations=17 (full 5):
 PSYoungGen      total 973312K, used 25931K [0x000000066b180000, 0x00000006abf00000, 0x00000007c0000000)
  eden space 890368K, 0% used [0x000000066b180000,0x000000066b180000,0x00000006a1700000)
  from space 82944K, 31% used [0x00000006a6e00000,0x00000006a8752d00,0x00000006abf00000)
  to   space 86016K, 0% used [0x00000006a1700000,0x00000006a1700000,0x00000006a6b00000)
 ParOldGen       total 412672K, used 122407K [0x00000003c1400000, 0x00000003da700000, 0x000000066b180000)
  object space 412672K, 29% used [0x00000003c1400000,0x00000003c8b89e38,0x00000003da700000)
 Metaspace       used 37022K, capacity 37363K, committed 37632K, reserved 1083392K
  class space    used 4385K, capacity 4512K, committed 4608K, reserved 1048576K
Event: 38.963 GC heap after
Heap after GC invocations=17 (full 5):
 PSYoungGen      total 973312K, used 0K [0x000000066b180000, 0x00000006abf00000, 0x00000007c0000000)
  eden space 890368K, 0% used [0x000000066b180000,0x000000066b180000,0x00000006a1700000)
  from space 82944K, 0% used [0x00000006a6e00000,0x00000006a6e00000,0x00000006abf00000)
  to   space 86016K, 0% used [0x00000006a1700000,0x00000006a1700000,0x00000006a6b00000)
 ParOldGen       total 412672K, used 136519K [0x00000003c1400000, 0x00000003da700000, 0x000000066b180000)
  object space 412672K, 33% used [0x00000003c1400000,0x00000003c9951c40,0x00000003da700000)
 Metaspace       used 37022K, capacity 37363K, committed 37632K, reserved 1083392K
  class space    used 4385K, capacity 4512K, committed 4608K, reserved 1048576K
}

Deoptimization events (10 events):
Event: 43.643 Thread 0x00000274ff70a000 Uncommon trap: reason=bimorphic action=maybe_recompile pc=0x00000274c70787f0 method=java.util.Hashtable.remove(Ljava/lang/Object;)Ljava/lang/Object; @ 6
Event: 43.643 Thread 0x00000274ff70a000 Uncommon trap: reason=bimorphic action=maybe_recompile pc=0x00000274c70787f0 method=java.util.Hashtable.remove(Ljava/lang/Object;)Ljava/lang/Object; @ 6
Event: 43.643 Thread 0x00000274ff70a000 Uncommon trap: reason=bimorphic action=maybe_recompile pc=0x00000274c70787f0 method=java.util.Hashtable.remove(Ljava/lang/Object;)Ljava/lang/Object; @ 6
Event: 43.645 Thread 0x00000274ff70a000 Uncommon trap: reason=class_check action=maybe_recompile pc=0x00000274c7807358 method=com.google.common.collect.ImmutableMap.containsKey(Ljava/lang/Object;)Z @ 2
Event: 43.645 Thread 0x00000274ff70a000 Uncommon trap: reason=class_check action=maybe_recompile pc=0x00000274c6333944 method=cpw.mods.fml.common.asm.transformers.deobf.FMLDeobfuscatingRemapper.map(Ljava/lang/String;)Ljava/lang/String; @ 11
Event: 43.645 Thread 0x00000274ff70a000 Uncommon trap: reason=class_check action=maybe_recompile pc=0x00000274c7807358 method=com.google.common.collect.ImmutableMap.containsKey(Ljava/lang/Object;)Z @ 2
Event: 43.645 Thread 0x00000274ff70a000 Uncommon trap: reason=class_check action=maybe_recompile pc=0x00000274c6333944 method=cpw.mods.fml.common.asm.transformers.deobf.FMLDeobfuscatingRemapper.map(Ljava/lang/String;)Ljava/lang/String; @ 11
Event: 43.645 Thread 0x00000274ff70a000 Uncommon trap: reason=class_check action=maybe_recompile pc=0x00000274c7807358 method=com.google.common.collect.ImmutableMap.containsKey(Ljava/lang/Object;)Z @ 2
Event: 43.646 Thread 0x00000274ff70a000 Uncommon trap: reason=class_check action=maybe_recompile pc=0x00000274c7807358 method=com.google.common.collect.ImmutableMap.containsKey(Ljava/lang/Object;)Z @ 2
Event: 43.649 Thread 0x00000274c4247800 Uncommon trap: reason=unstable_if action=reinterpret pc=0x00000274c6431e98 method=cpw.mods.fml.relauncher.FMLSecurityManager.checkPermission(Ljava/security/Permission;)V @ 23

Classes redefined (0 events):
No events

Internal exceptions (10 events):
Event: 40.918 Thread 0x00000274ff709000 Exception <a 'java/lang/InterruptedException': sleep interrupted> (0x0000000678050c60) thrown at [C:\jenkins\workspace\8-2-build-windows-x64-cygwin-sans-NAS\jdk8u471\2292\hotspot\src\share\vm\prims\jvm.cpp, line 3359]
Event: 40.931 Thread 0x00000274ff709000 Exception <a 'java/lang/InterruptedException': sleep interrupted> (0x0000000678050f08) thrown at [C:\jenkins\workspace\8-2-build-windows-x64-cygwin-sans-NAS\jdk8u471\2292\hotspot\src\share\vm\prims\jvm.cpp, line 3359]
Event: 40.945 Thread 0x00000274ff709000 Exception <a 'java/lang/InterruptedException': sleep interrupted> (0x00000006780511b0) thrown at [C:\jenkins\workspace\8-2-build-windows-x64-cygwin-sans-NAS\jdk8u471\2292\hotspot\src\share\vm\prims\jvm.cpp, line 3359]
Event: 40.952 Thread 0x00000274ff709000 Exception <a 'java/lang/InterruptedException': sleep interrupted> (0x0000000678051458) thrown at [C:\jenkins\workspace\8-2-build-windows-x64-cygwin-sans-NAS\jdk8u471\2292\hotspot\src\share\vm\prims\jvm.cpp, line 3359]
Event: 40.962 Thread 0x00000274ff709000 Exception <a 'java/lang/InterruptedException': sleep interrupted> (0x0000000678051700) thrown at [C:\jenkins\workspace\8-2-build-windows-x64-cygwin-sans-NAS\jdk8u471\2292\hotspot\src\share\vm\prims\jvm.cpp, line 3359]
Event: 40.972 Thread 0x00000274ff709000 Exception <a 'java/lang/InterruptedException': sleep interrupted> (0x00000006780519a8) thrown at [C:\jenkins\workspace\8-2-build-windows-x64-cygwin-sans-NAS\jdk8u471\2292\hotspot\src\share\vm\prims\jvm.cpp, line 3359]
Event: 40.983 Thread 0x00000274ff709000 Exception <a 'java/lang/InterruptedException': sleep interrupted> (0x0000000678051c50) thrown at [C:\jenkins\workspace\8-2-build-windows-x64-cygwin-sans-NAS\jdk8u471\2292\hotspot\src\share\vm\prims\jvm.cpp, line 3359]
Event: 41.029 Thread 0x00000274c4247800 Implicit null exception at 0x00000274c62ff615 to 0x00000274c62ff831
Event: 41.154 Thread 0x00000274ff709000 Exception <a 'java/lang/InterruptedException': sleep interrupted> (0x0000000678051ef8) thrown at [C:\jenkins\workspace\8-2-build-windows-x64-cygwin-sans-NAS\jdk8u471\2292\hotspot\src\share\vm\prims\jvm.cpp, line 3359]
Event: 43.650 Thread 0x000002749ea30800 Exception <a 'org/lwjgl/LWJGLException': Failed to set device gamma.> (0x000000069164db88) thrown at [C:\jenkins\workspace\8-2-build-windows-x64-cygwin-sans-NAS\jdk8u471\2292\hotspot\src\share\vm\prims\jni.cpp, line 737]

Events (10 events):
Event: 43.650 Thread 0x000002749ea30800 Thread exited: 0x000002749ea30800
Event: 43.651 Executing VM operation: RevokeBias
Event: 43.651 Executing VM operation: RevokeBias done
Event: 43.651 loading class javax/servlet/ServletContext
Event: 43.651 loading class javax/servlet/ServletContext done
Event: 43.651 Thread 0x00000274ff714800 Thread exited: 0x00000274ff714800
Event: 43.651 Thread 0x000002749ea37000 Thread exited: 0x000002749ea37000
Event: 43.651 Thread 0x000002749ea34000 Thread exited: 0x000002749ea34000
Event: 43.750 Thread 0x00000274fdf91000 Thread exited: 0x00000274fdf91000
Event: 43.750 Executing VM operation: Exit


Dynamic libraries:
0x00007ff793e20000 - 0x00007ff793e6f000 	C:\Program Files\Java\jdk-1.8\bin\java.exe
0x00007ffbcd0b0000 - 0x00007ffbcd2a8000 	C:\Windows\SYSTEM32\ntdll.dll
0x00007ffbcb840000 - 0x00007ffbcb902000 	C:\Windows\System32\KERNEL32.DLL
0x00007ffbcaab0000 - 0x00007ffbcada6000 	C:\Windows\System32\KERNELBASE.dll
0x00007ffbcbc90000 - 0x00007ffbcbd41000 	C:\Windows\System32\ADVAPI32.dll
0x00007ffbcb330000 - 0x00007ffbcb3ce000 	C:\Windows\System32\msvcrt.dll
0x00007ffbcbd50000 - 0x00007ffbcbdef000 	C:\Windows\System32\sechost.dll
0x00007ffbcb210000 - 0x00007ffbcb330000 	C:\Windows\System32\RPCRT4.dll
0x00007ffbcafc0000 - 0x00007ffbcafe7000 	C:\Windows\System32\bcrypt.dll
0x00007ffbccc60000 - 0x00007ffbcce01000 	C:\Windows\System32\USER32.dll
0x00007ffbcaff0000 - 0x00007ffbcb012000 	C:\Windows\System32\win32u.dll
0x00007ffbcb130000 - 0x00007ffbcb15b000 	C:\Windows\System32\GDI32.dll
0x00007ffbca790000 - 0x00007ffbca8a9000 	C:\Windows\System32\gdi32full.dll
0x00007ffbcaa10000 - 0x00007ffbcaaad000 	C:\Windows\System32\msvcp_win.dll
0x00007ffbcaec0000 - 0x00007ffbcafc0000 	C:\Windows\System32\ucrtbase.dll
0x00007ffbad690000 - 0x00007ffbad92b000 	C:\Windows\WinSxS\amd64_microsoft.windows.common-controls_6595b64144ccf1df_6.0.19041.6456_none_60b8a6cb71f64256\COMCTL32.dll
0x00007ffbccc30000 - 0x00007ffbccc5f000 	C:\Windows\System32\IMM32.DLL
0x00007ffbb0270000 - 0x00007ffbb028b000 	C:\Program Files\Java\jdk-1.8\jre\bin\vcruntime140.dll
0x00007ffbb0860000 - 0x00007ffbb086c000 	C:\Program Files\Java\jdk-1.8\jre\bin\vcruntime140_1.dll
0x00007ffbafef0000 - 0x00007ffbaff7e000 	C:\Program Files\Java\jdk-1.8\jre\bin\msvcp140.dll
0x00007ffb153d0000 - 0x00007ffb15c7a000 	C:\Program Files\Java\jdk-1.8\jre\bin\server\jvm.dll
0x00007ffbcb790000 - 0x00007ffbcb798000 	C:\Windows\System32\PSAPI.DLL
0x00007ffbb0890000 - 0x00007ffbb0899000 	C:\Windows\SYSTEM32\WSOCK32.dll
0x00007ffbc0310000 - 0x00007ffbc0337000 	C:\Windows\SYSTEM32\WINMM.dll
0x00007ffbc3dc0000 - 0x00007ffbc3dca000 	C:\Windows\SYSTEM32\VERSION.dll
0x00007ffbcb7d0000 - 0x00007ffbcb83b000 	C:\Windows\System32\WS2_32.dll
0x00007ffbc8fa0000 - 0x00007ffbc8fb2000 	C:\Windows\SYSTEM32\kernel.appcore.dll
0x00007ffbb0260000 - 0x00007ffbb0270000 	C:\Program Files\Java\jdk-1.8\jre\bin\verify.dll
0x00007ffbb01b0000 - 0x00007ffbb01db000 	C:\Program Files\Java\jdk-1.8\jre\bin\java.dll
0x00007ffbb0240000 - 0x00007ffbb0258000 	C:\Program Files\Java\jdk-1.8\jre\bin\zip.dll
0x00007ffbcbf80000 - 0x00007ffbcc6f0000 	C:\Windows\System32\SHELL32.dll
0x00007ffbc8350000 - 0x00007ffbc8af5000 	C:\Windows\SYSTEM32\windows.storage.dll
0x00007ffbcb3d0000 - 0x00007ffbcb724000 	C:\Windows\System32\combase.dll
0x00007ffbca090000 - 0x00007ffbca0bb000 	C:\Windows\SYSTEM32\Wldp.dll
0x00007ffbccb60000 - 0x00007ffbccc2d000 	C:\Windows\System32\OLEAUT32.dll
0x00007ffbcbed0000 - 0x00007ffbcbf7d000 	C:\Windows\System32\SHCORE.dll
0x00007ffbcb730000 - 0x00007ffbcb78b000 	C:\Windows\System32\shlwapi.dll
0x00007ffbca670000 - 0x00007ffbca694000 	C:\Windows\SYSTEM32\profapi.dll
0x00007ffbb0200000 - 0x00007ffbb020d000 	C:\Program Files\Java\jdk-1.8\jre\bin\management.dll
0x00007ffbb0190000 - 0x00007ffbb01ac000 	C:\Program Files\Java\jdk-1.8\jre\bin\net.dll
0x00007ffbc9df0000 - 0x00007ffbc9e5a000 	C:\Windows\system32\mswsock.dll
0x00007ffbb0170000 - 0x00007ffbb0183000 	C:\Program Files\Java\jdk-1.8\jre\bin\nio.dll
0x00007ffba0650000 - 0x00007ffba0667000 	C:\Windows\system32\napinsp.dll
0x00007ffba0670000 - 0x00007ffba068b000 	C:\Windows\system32\pnrpnsp.dll
0x00007ffbc64b0000 - 0x00007ffbc64cd000 	C:\Windows\system32\wshbth.dll
0x00007ffbc3cc0000 - 0x00007ffbc3cdd000 	C:\Windows\system32\NLAapi.dll
0x00007ffbc9ad0000 - 0x00007ffbc9b0b000 	C:\Windows\SYSTEM32\IPHLPAPI.DLL
0x00007ffbc9b10000 - 0x00007ffbc9bda000 	C:\Windows\SYSTEM32\DNSAPI.dll
0x00007ffbcce10000 - 0x00007ffbcce18000 	C:\Windows\System32\NSI.dll
0x00007ffba0690000 - 0x00007ffba06a2000 	C:\Windows\System32\winrnr.dll
0x00007ffbc2af0000 - 0x00007ffbc2afa000 	C:\Windows\System32\rasadhlp.dll
0x00007ffbb0a10000 - 0x00007ffbb0a90000 	C:\Windows\System32\fwpuclnt.dll
0x0000000180000000 - 0x0000000180051000 	C:\Users\chuck\.gradle\caches\minecraft\net\minecraft\minecraft_natives\1.7.10\lwjgl64.dll
0x00007ffb63ea0000 - 0x00007ffb63fc8000 	C:\Windows\SYSTEM32\OPENGL32.dll
0x00007ffb87670000 - 0x00007ffb8769c000 	C:\Windows\SYSTEM32\GLU32.dll
0x00007ffbc9ff0000 - 0x00007ffbca008000 	C:\Windows\SYSTEM32\CRYPTSP.dll
0x00007ffbc9710000 - 0x00007ffbc9748000 	C:\Windows\system32\rsaenh.dll
0x00007ffbca630000 - 0x00007ffbca65e000 	C:\Windows\SYSTEM32\USERENV.dll
0x00007ffbcadb0000 - 0x00007ffbcae32000 	C:\Windows\System32\bcryptprimitives.dll
0x00007ffbc9fe0000 - 0x00007ffbc9fec000 	C:\Windows\SYSTEM32\CRYPTBASE.dll
0x00007ffbc2b30000 - 0x00007ffbc2b47000 	C:\Windows\SYSTEM32\dhcpcsvc6.DLL
0x00007ffbc3940000 - 0x00007ffbc395d000 	C:\Windows\SYSTEM32\dhcpcsvc.DLL
0x00007ffb74f70000 - 0x00007ffb750ee000 	C:\Program Files\Java\jdk-1.8\jre\bin\awt.dll
0x00007ffbc7890000 - 0x00007ffbc7924000 	C:\Windows\SYSTEM32\apphelp.dll
0x00007ffbbd230000 - 0x00007ffbbd2de000 	C:\Windows\SYSTEM32\mscms.dll
0x00007ffbbd210000 - 0x00007ffbbd221000 	C:\Windows\SYSTEM32\ColorAdapterClient.dll
0x00007ffbc7ca0000 - 0x00007ffbc7d3e000 	C:\Windows\system32\uxtheme.dll
0x00000274867a0000 - 0x000002748e813000 	C:\Program Files (x86)\ASUS\GPUTweakIII\GTIII-OSD\x64\GTIII-OSD64-VK.dll
0x00007ffbcce20000 - 0x00007ffbccf4b000 	C:\Windows\System32\ole32.dll
0x00007ffb64690000 - 0x00007ffb64816000 	C:\Windows\SYSTEM32\vulkan-1.dll
0x00007ffbca740000 - 0x00007ffbca78e000 	C:\Windows\System32\CFGMGR32.dll
0x00007ffbccf50000 - 0x00007ffbcd065000 	C:\Windows\System32\MSCTF.dll
0x00007ffbcb160000 - 0x00007ffbcb209000 	C:\Windows\System32\clbcatq.dll
0x00007ffb255f0000 - 0x00007ffb27f44000 	C:\Windows\System32\DriverStore\FileRepository\nv_dispi.inf_amd64_20ae8f14a487d5db\nvoglv64.dll
0x00007ffbcc6f0000 - 0x00007ffbccb60000 	C:\Windows\System32\SETUPAPI.dll
0x00007ffbc4960000 - 0x00007ffbc4974000 	C:\Windows\SYSTEM32\WTSAPI32.dll
0x00007ffbca220000 - 0x00007ffbca232000 	C:\Windows\SYSTEM32\msasn1.dll
0x00007ffbc3c80000 - 0x00007ffbc3cb1000 	C:\Windows\SYSTEM32\cryptnet.dll
0x00007ffbca8b0000 - 0x00007ffbcaa0d000 	C:\Windows\System32\CRYPT32.dll
0x00007ffbc3a20000 - 0x00007ffbc3b67000 	C:\Windows\SYSTEM32\drvstore.dll
0x00007ffbca3f0000 - 0x00007ffbca423000 	C:\Windows\SYSTEM32\devobj.dll
0x00007ffbcae40000 - 0x00007ffbcaeb3000 	C:\Windows\System32\WINTRUST.dll
0x00007ffbc9960000 - 0x00007ffbc9993000 	C:\Windows\SYSTEM32\ntmarta.dll
0x00007ffbcb7a0000 - 0x00007ffbcb7bd000 	C:\Windows\System32\imagehlp.dll
0x00007ffbb7850000 - 0x00007ffbbb5e4000 	C:\Windows\System32\DriverStore\FileRepository\nv_dispi.inf_amd64_20ae8f14a487d5db\nvgpucomp64.dll
0x00007ffbbcde0000 - 0x00007ffbbce1b000 	C:\Windows\SYSTEM32\dxcore.dll
0x00007ffb5d790000 - 0x00007ffb5d8d7000 	C:\Windows\system32\nvspcap64.dll
0x00007ffbc8060000 - 0x00007ffbc808e000 	C:\Windows\SYSTEM32\dwmapi.dll
0x00007ffbbe990000 - 0x00007ffbbea89000 	C:\Windows\SYSTEM32\textinputframework.dll
0x00007ffbc6e90000 - 0x00007ffbc71eb000 	C:\Windows\System32\CoreUIComponents.dll
0x00007ffbc71f0000 - 0x00007ffbc72e2000 	C:\Windows\System32\CoreMessaging.dll
0x00007ffbc6d30000 - 0x00007ffbc6e87000 	C:\Windows\SYSTEM32\wintypes.dll
0x00007ffbafe00000 - 0x00007ffbafe45000 	C:\Windows\SYSTEM32\icm32.dll
0x00007ffbca5a0000 - 0x00007ffbca5eb000 	C:\Windows\SYSTEM32\powrprof.dll
0x00007ffbca580000 - 0x00007ffbca592000 	C:\Windows\SYSTEM32\UMPDC.dll
0x00007ffbca460000 - 0x00007ffbca4c3000 	C:\Windows\SYSTEM32\WINSTA.dll
0x0000000070a40000 - 0x0000000070adc000 	C:\Users\chuck\.gradle\caches\minecraft\net\minecraft\minecraft_natives\1.7.10\avutil-ttv-51.dll
0x0000000065980000 - 0x00000000659d6000 	C:\Users\chuck\.gradle\caches\minecraft\net\minecraft\minecraft_natives\1.7.10\swresample-ttv-0.dll
0x000000006eb80000 - 0x000000006ec50000 	C:\Users\chuck\.gradle\caches\minecraft\net\minecraft\minecraft_natives\1.7.10\libmp3lame-ttv.dll
0x00007ffb14020000 - 0x00007ffb153c4000 	C:\Users\chuck\.gradle\caches\minecraft\net\minecraft\minecraft_natives\1.7.10\libmfxsw64.dll
0x00007ffb5e110000 - 0x00007ffb5e23b000 	C:\Users\chuck\.gradle\caches\minecraft\net\minecraft\minecraft_natives\1.7.10\twitchsdk.dll
0x00007ffbad970000 - 0x00007ffbade46000 	C:\Windows\SYSTEM32\WININET.dll
0x00000274b18f0000 - 0x00000274b9941000 	C:\Program Files (x86)\ASUS\GPUTweakIII\GTIII-OSD\x64\GTIII-OSD64-GL.dll
0x0000000073dc0000 - 0x0000000073e23000 	C:\Program Files (x86)\ASUS\GPUTweakIII\GTIII-OSD\x64\glew32.dll
0x00000274b9950000 - 0x00000274c1ad7000 	C:\Program Files (x86)\ASUS\GPUTweakIII\GTIII-OSD\x64\GTIII-OSD64.dll
0x00007ffb63bf0000 - 0x00007ffb63e53000 	C:\Windows\SYSTEM32\d3dx9_43.dll
0x00007ffbaa9c0000 - 0x00007ffbaa9e5000 	C:\Windows\SYSTEM32\d3d12.dll
0x00007ffbc5450000 - 0x00007ffbc58ad000 	C:\Windows\SYSTEM32\D3DCOMPILER_47.dll
0x0000027484eb0000 - 0x0000027484ee1000 	C:\Windows\SYSTEM32\d3d10_1.dll
0x00007ffba5b90000 - 0x00007ffba5b9d000 	C:\Windows\SYSTEM32\d3d10_1core.dll
0x00007ffbc51e0000 - 0x00007ffbc5444000 	C:\Windows\SYSTEM32\d3d11.dll
0x00007ffbc8fc0000 - 0x00007ffbc90b6000 	C:\Windows\SYSTEM32\dxgi.dll
0x00007ffb96d10000 - 0x00007ffb96ee1000 	C:\Windows\SYSTEM32\d3d9.dll
0x00007ffbaec50000 - 0x00007ffbaecfc000 	C:\Windows\SYSTEM32\TextShaping.dll
0x00007ffbc7aa0000 - 0x00007ffbc7c56000 	C:\Windows\system32\windowscodecs.dll
0x00000274926c0000 - 0x0000027492724000 	C:\Users\chuck\.gradle\caches\minecraft\net\minecraft\minecraft_natives\1.7.10\OpenAL64.dll
0x00007ffbc43c0000 - 0x00007ffbc4445000 	C:\Windows\System32\MMDevApi.dll
0x00007ffb6f9a0000 - 0x00007ffb6fa3c000 	C:\Windows\SYSTEM32\dsound.dll
0x00007ffbadf50000 - 0x00007ffbadf76000 	C:\Windows\SYSTEM32\winmmbase.dll
0x00007ffbc44a0000 - 0x00007ffbc4621000 	C:\Windows\SYSTEM32\AUDIOSES.DLL
0x00007ffbc7c80000 - 0x00007ffbc7c94000 	C:\Windows\SYSTEM32\resourcepolicyclient.dll
0x00007ffb9ee00000 - 0x00007ffb9ee34000 	C:\Program Files\Java\jdk-1.8\jre\bin\jpeg.dll
0x00007ffbafc90000 - 0x00007ffbafcb5000 	C:\Program Files\Java\jdk-1.8\jre\bin\sunec.dll
0x00007ffbafee0000 - 0x00007ffbafeee000 	C:\Program Files\Java\jdk-1.8\jre\bin\sunmscapi.dll
0x00007ffbca100000 - 0x00007ffbca127000 	C:\Windows\SYSTEM32\ncrypt.dll
0x00007ffbca0c0000 - 0x00007ffbca0fb000 	C:\Windows\SYSTEM32\NTASN1.dll
0x00007ffbc8bc0000 - 0x00007ffbc8dc1000 	C:\Windows\SYSTEM32\dbghelp.dll

VM Arguments:
jvm_args: -Dfile.encoding=UTF-8 -Duser.country=US -Duser.language=en -Duser.variant 
java_command: GradleStart
java_class_path (initial): C:\Users\chuck\.gradle\caches\minecraft\net\minecraftforge\forge\1.7.10-10.13.4.1614-1.7.10\start;C:\Users\chuck\.gradle\caches\minecraft\net\minecraftforge\forge\1.7.10-10.13.4.1614-1.7.10\forgeSrc-1.7.10-10.13.4.1614-1.7.10.jar;C:\Users\chuck\.gradle\caches\modules-2\files-2.1\net.minecraft\launchwrapper\1.12\111e7bea9c968cdb3d06ef4632bf7ff0824d0f36\launchwrapper-1.12.jar;C:\Users\chuck\.gradle\caches\modules-2\files-2.1\com.google.code.findbugs\jsr305\1.3.9\40719ea6961c0cb6afaeb6a921eaa1f6afd4cfdf\jsr305-1.3.9.jar;C:\Users\chuck\.gradle\caches\modules-2\files-2.1\org.ow2.asm\asm-debug-all\5.0.3\f9e364ae2a66ce2a543012a4668856e84e5dab74\asm-debug-all-5.0.3.jar;C:\Users\chuck\.gradle\caches\modules-2\files-2.1\com.typesafe.akka\akka-actor_2.11\2.3.3\ed62e9fc709ca0f2ff1a3220daa8b70a2870078e\akka-actor_2.11-2.3.3.jar;C:\Users\chuck\.gradle\caches\modules-2\files-2.1\com.typesafe\config\1.2.1\f771f71fdae3df231bcd54d5ca2d57f0bf93f467\config-1.2.1.jar;C:\Users\chuck\.gradle\caches\modules-2\files-2.1\org.scala-lang\scala-actors-migration_2.11\1.1.0\dfa8bc42b181d5b9f1a5dd147f8ae308b893eb6f\scala-actors-migration_2.11-1.1.0.jar;C:\Users\chuck\.gradle\caches\modules-2\files-2.1\org.scala-lang.plugins\scala-continuations-plugin_2.11.1\1.0.2\f361a3283452c57fa30c1ee69448995de23c60f7\scala-continuations-plugin_2.11.1-1.0.2.jar;C:\Users\chuck\.gradle\caches\modules-2\files-2.1\org.scala-lang\scala-compiler\2.11.1\56ea2e6c025e0821f28d73ca271218b8dd04926a\scala-compiler-2.11.1.jar;C:\Users\chuck\.gradle\caches\modules-2\files-2.1\org.scala-lang.plugins\scala-continuations-library_2.11\1.0.2\e517c53a7e9acd6b1668c5a35eccbaa3bab9aac\scala-continuations-library_2.11-1.0.2.jar;C:\Users\chuck\.gradle\caches\modules-2\files-2.1\org.scala-lang\scala-reflect\2.11.1\6580347e61cc7f8e802941e7fde40fa83b8badeb\scala-reflect-2.11.1.jar;C:\Users\chuck\.gradle\caches\modules-2\files-2.1\org.scala-lang\scala-actors\2.11.0\8ccfb6541de179bb1c4d45cf414acee069b7f78b\scala-a
Launcher Type: SUN_STANDARD

Environment Variables:
PATH=C:\Program Files\Eclipse Adoptium\jdk-8.0.462.8-hotspot\bin;C:\Program Files\Common Files\Oracle\Java\javapath;C:\Program Files (x86)\Common Files\Oracle\Java\java8path;C:\Program Files (x86)\Common Files\Oracle\Java\javapath;C:\Program Files (x86)\Razer Chroma SDK\bin;C:\Program Files\Razer Chroma SDK\bin;C:\Program Files (x86)\Razer\ChromaBroadcast\bin;C:\Program Files\Razer\ChromaBroadcast\bin;C:\Windows\system32;C:\Windows;C:\Windows\System32\Wbem;C:\Windows\System32\WindowsPowerShell\v1.0\;C:\Windows\System32\OpenSSH\;C:\Program Files (x86)\NVIDIA Corporation\PhysX\Common;C:\Windows\system32\config\systemprofile\AppData\Local\Microsoft\WindowsApps;C:\Program Files\dotnet\;C:\Program Files (x86)\Windows Live\Shared;C:\Program Files\Git\cmd;C:\Program Files\WorldPainter;C:\Program Files\NVIDIA Corporation\NVIDIA app\NvDLISR;C:\Users\chuck\AppData\Local\Microsoft\WindowsApps;;C:\Program Files\JetBrains\IntelliJ IDEA 2024.2.0.1\bin;
USERNAME=chuck
OS=Windows_NT
PROCESSOR_IDENTIFIER=Intel64 Family 6 Model 158 Stepping 13, GenuineIntel



---------------  S Y S T E M  ---------------

OS: Windows 10 , 64 bit Build 19041 (10.0.19041.5915)

CPU:total 16 (initial active 16) (8 cores per cpu, 2 threads per core) family 6 model 158 stepping 13, cmov, cx8, fxsr, mmx, sse, sse2, sse3, ssse3, sse4.1, sse4.2, popcnt, avx, avx2, aes, clmul, erms, 3dnowpref, lzcnt, ht, tsc, tscinvbit, bmi1, bmi2, adx

Memory: 4k page, physical 67022948k(44532800k free), swap 71217252k(34561308k free)

vm_info: Java HotSpot(TM) 64-Bit Server VM (25.471-b09) for windows-amd64 JRE (1.8.0_471-b09), built on Sep 26 2025 05:08:27 by "java_re" with MS VC++ 17.6 (VS2022)

time: Sun Nov 23 18:43:37 2025
timezone: Eastern Standard Time
elapsed time: 44.617060 seconds (0d 0h 0m 44s)

