#
# A fatal error has been detected by the Java Runtime Environment:
#
#  EXCEPTION_ACCESS_VIOLATION (0xc0000005) at pc=0x00007ffb293382e9, pid=1752, tid=0x0000000000007190
#
# JRE version: Java(TM) SE Runtime Environment (8.0_471) (build 1.8.0_471-b09)
# Java VM: Java HotSpot(TM) 64-Bit Server VM (25.471-b09 mixed mode windows-amd64 compressed oops)
# Problematic frame:
# C  [nvoglv64.dll+0x8682e9]
#
# Failed to write core dump. Minidumps are not enabled by default on client versions of Windows
#
# If you would like to submit a bug report, please visit:
#   https://bugreport.java.com/bugreport/crash.jsp
#

---------------  T H R E A D  ---------------

Current thread (0x000002236a8e3000):  VMThread [stack: 0x000000cc3fb00000,0x000000cc3fc00000] [id=29072]

siginfo: ExceptionCode=0xc0000005, reading address 0x0000000000001238

Registers:
RAX=0x0000000000000000, RBX=0x000002236d78a420, RCX=0x0000000000000004, RDX=0x0000000000000000
RSP=0x000000cc3fbff0e8, RBP=0x0000000000000000, RSI=0x0000000000000000, RDI=0x000002236d78a420
R8 =0x0000000000000000, R9 =0x000002231367f010, R10=0x00000223339d0000, R11=0x000000cc3fbff0f0
R12=0x000002231c8d0000, R13=0x000002231ca03820, R14=0x0000000000000000, R15=0x0000000000000000
RIP=0x00007ffb293382e9, EFLAGS=0x0000000000010202

Top of Stack: (sp=0x000000cc3fbff0e8)
0x000000cc3fbff0e8:   000002231c8dbbf1 0000000000000000
0x000000cc3fbff0f8:   0000000000000000 000002231ca03820
0x000000cc3fbff108:   000002231c8d0000 fffffffffffffffe
0x000000cc3fbff118:   00007ffbaa1d47b1 000002231367f108
0x000000cc3fbff128:   000002231c8d8281 0000000000000000
0x000000cc3fbff138:   0000000000000000 0000000000000000
0x000000cc3fbff148:   000000cc00000000 000002231367f108
0x000000cc3fbff158:   000002231c8d7c71 000002231367f010
0x000000cc3fbff168:   0000000000000000 0000022370ef12c0
0x000000cc3fbff178:   00007ffbaa1d5ba1 000002231ca03840
0x000000cc3fbff188:   000002231c91ac0d 0000000000000040
0x000000cc3fbff198:   00007ffb00000000 000000cc3fbff2d8
0x000000cc3fbff1a8:   00000223339d0000 000002231c8d0000
0x000000cc3fbff1b8:   000002236a6cff98 000002231c963f4c
0x000000cc3fbff1c8:   0000000000000001 0000000000000001
0x000000cc3fbff1d8:   000002231c8da083 0000000000000000 

Instructions: (pc=0x00007ffb293382e9)
0x00007ffb293382c9:   af af af af af af af c3 cc cc cc cc cc cc cc cc
0x00007ffb293382d9:   cc cc cc cc cc cc cc 65 48 8b 04 25 30 16 00 00
0x00007ffb293382e9:   ff a0 38 12 00 00 cc cc cc cc cc cc cc cc cc cc
0x00007ffb293382f9:   cc cc cc cc cc cc cc cc cc cc cc cc cc cc cc cc 


Register to memory mapping:

RAX=0x0000000000000000 is an unknown value
RBX=0x000002236d78a420 is an unknown value
RCX=0x0000000000000004 is an unknown value
RDX=0x0000000000000000 is an unknown value
RSP=0x000000cc3fbff0e8 is an unknown value
RBP=0x0000000000000000 is an unknown value
RSI=0x0000000000000000 is an unknown value
RDI=0x000002236d78a420 is an unknown value
R8 =0x0000000000000000 is an unknown value
R9 =0x000002231367f010 is an unknown value
R10=0x00000223339d0000 is an unknown value
R11=0x000000cc3fbff0f0 is an unknown value
R12=0x000002231c8d0000 is an unknown value
R13=0x000002231ca03820 is an unknown value
R14=0x0000000000000000 is an unknown value
R15=0x0000000000000000 is an unknown value


Stack: [0x000000cc3fb00000,0x000000cc3fc00000],  sp=0x000000cc3fbff0e8,  free space=1020k
Native frames: (J=compiled Java code, j=interpreted, Vv=VM code, C=native code)

VM_Operation (0x000000cc3edfe210): Exit, mode: safepoint, requested by thread 0x0000022333a18000


---------------  P R O C E S S  ---------------

Java Threads: ( => current thread )
  0x0000022373fb4800 JavaThread "AWT-Shutdown" [_thread_blocked, id=27152, stack(0x000000cc41700000,0x000000cc41800000)]
  0x0000022372416000 JavaThread "File IO Thread" [_thread_blocked, id=4824, stack(0x000000cc3ea00000,0x000000cc3eb00000)]
  0x0000022372412800 JavaThread "Chunk I/O Executor Thread-1" daemon [_thread_blocked, id=13224, stack(0x000000cc42100000,0x000000cc42200000)]
  0x000002237240b000 JavaThread "Netty IO #1" daemon [_thread_blocked, id=8428, stack(0x000000cc42000000,0x000000cc42100000)]
  0x0000022372411800 JavaThread "Netty Client IO #0" daemon [_thread_blocked, id=27764, stack(0x000000cc41d00000,0x000000cc41e00000)]
  0x000002237240a000 JavaThread "Netty IO #0" daemon [_thread_blocked, id=19708, stack(0x000000cc41a00000,0x000000cc41b00000)]
  0x0000022374294000 JavaThread "LWJGL Timer" daemon [_thread_blocked, id=24724, stack(0x000000cc41900000,0x000000cc41a00000)]
  0x000002236e21a800 JavaThread "Java2D Disposer" daemon [_thread_blocked, id=18576, stack(0x000000cc41000000,0x000000cc41100000)]
  0x000002236ed96000 JavaThread "Timer hack thread" daemon [_thread_blocked, id=29500, stack(0x000000cc40f00000,0x000000cc41000000)]
  0x00000223724a7800 JavaThread "Snooper Timer" daemon [_thread_blocked, id=9104, stack(0x000000cc40e00000,0x000000cc40f00000)]
  0x000002236d713800 JavaThread "Service Thread" daemon [_thread_blocked, id=3676, stack(0x000000cc40c00000,0x000000cc40d00000)]
  0x000002236d627000 JavaThread "C1 CompilerThread11" daemon [_thread_blocked, id=27444, stack(0x000000cc40b00000,0x000000cc40c00000)]
  0x000002236d628000 JavaThread "C1 CompilerThread10" daemon [_thread_blocked, id=6572, stack(0x000000cc40a00000,0x000000cc40b00000)]
  0x000002236d62a000 JavaThread "C1 CompilerThread9" daemon [_thread_blocked, id=20092, stack(0x000000cc40900000,0x000000cc40a00000)]
  0x000002236d62d000 JavaThread "C1 CompilerThread8" daemon [_thread_blocked, id=2200, stack(0x000000cc40800000,0x000000cc40900000)]
  0x000002236d626800 JavaThread "C2 CompilerThread7" daemon [_thread_blocked, id=14284, stack(0x000000cc40700000,0x000000cc40800000)]
  0x000002236d628800 JavaThread "C2 CompilerThread6" daemon [_thread_blocked, id=25852, stack(0x000000cc40600000,0x000000cc40700000)]
  0x000002236d62c800 JavaThread "C2 CompilerThread5" daemon [_thread_blocked, id=11324, stack(0x000000cc40500000,0x000000cc40600000)]
  0x000002236d62b800 JavaThread "C2 CompilerThread4" daemon [_thread_blocked, id=21860, stack(0x000000cc40400000,0x000000cc40500000)]
  0x000002236d629800 JavaThread "C2 CompilerThread3" daemon [_thread_blocked, id=26484, stack(0x000000cc40300000,0x000000cc40400000)]
  0x000002236d625800 JavaThread "C2 CompilerThread2" daemon [_thread_blocked, id=27656, stack(0x000000cc40200000,0x000000cc40300000)]
  0x000002236d621800 JavaThread "C2 CompilerThread1" daemon [_thread_blocked, id=22704, stack(0x000000cc40100000,0x000000cc40200000)]
  0x000002236d620000 JavaThread "C2 CompilerThread0" daemon [_thread_blocked, id=25284, stack(0x000000cc40000000,0x000000cc40100000)]
  0x000002236d61d000 JavaThread "Attach Listener" daemon [_thread_blocked, id=13468, stack(0x000000cc3ff00000,0x000000cc40000000)]
  0x000002236d61a800 JavaThread "Signal Dispatcher" daemon [_thread_blocked, id=26852, stack(0x000000cc3fe00000,0x000000cc3ff00000)]
  0x000002236d5f1000 JavaThread "Finalizer" daemon [_thread_blocked, id=4192, stack(0x000000cc3fd00000,0x000000cc3fe00000)]
  0x000002236a8ed000 JavaThread "Reference Handler" daemon [_thread_blocked, id=12768, stack(0x000000cc3fc00000,0x000000cc3fd00000)]
  0x0000022333a18000 JavaThread "Client thread" [_thread_blocked, id=9676, stack(0x000000cc3ed00000,0x000000cc3ee00000)]

Other Threads:
=>0x000002236a8e3000 VMThread [stack: 0x000000cc3fb00000,0x000000cc3fc00000] [id=29072]

VM state:at safepoint (shutting down)

VM Mutex/Monitor currently owned by a thread:  ([mutex/lock_event])
[0x0000022333a16700] Threads_lock - owner thread: 0x000002236a8e3000

heap address: 0x00000003c1400000, size: 16364 MB, Compressed Oops mode: Zero based, Oop shift amount: 3
Narrow klass base: 0x0000000000000000, Narrow klass shift: 3
Compressed class space size: 1073741824 Address: 0x00000007c0000000

Heap:
 PSYoungGen      total 69632K, used 59712K [0x000000066b180000, 0x000000066f680000, 0x00000007c0000000)
  eden space 68608K, 86% used [0x000000066b180000,0x000000066eb38200,0x000000066f480000)
  from space 1024K, 59% used [0x000000066f500000,0x000000066f598000,0x000000066f600000)
  to   space 512K, 0% used [0x000000066f600000,0x000000066f600000,0x000000066f680000)
 ParOldGen       total 425984K, used 241198K [0x00000003c1400000, 0x00000003db400000, 0x000000066b180000)
  object space 425984K, 56% used [0x00000003c1400000,0x00000003cff8b9a0,0x00000003db400000)
 Metaspace       used 44455K, capacity 44873K, committed 45184K, reserved 1089536K
  class space    used 5094K, capacity 5225K, committed 5248K, reserved 1048576K

Card table byte_map: [0x0000022344810000,0x0000022346810000] byte_map_base: 0x0000022342a06000

Marking Bits: (ParMarkBitMap*) 0x00007ffaed4da3e0
 Begin Bits: [0x0000022347d60000, 0x0000022357d10000)
 End Bits:   [0x0000022357d10000, 0x0000022367cc0000)

Polling page: 0x0000022333bd0000

CodeCache: size=245760Kb used=33489Kb max_used=35324Kb free=212270Kb
 bounds [0x0000022335450000, 0x0000022337760000, 0x0000022344450000]
 total_blobs=8891 nmethods=8015 adapters=783
 compilation: enabled

Compilation events (10 events):
Event: 622.726 Thread 0x000002236d62c800 nmethod 11829 0x0000022335b38490 code [0x0000022335b38660, 0x0000022335b39048]
Event: 622.730 Thread 0x000002236d628800 nmethod 11830 0x000002233732de50 code [0x000002233732e000, 0x000002233732ec48]
Event: 622.770 Thread 0x000002236d627000 11834       1       org.lwjgl.openal.AL10::alGetError (6 bytes)
Event: 622.770 Thread 0x000002236d627000 nmethod 11834 0x0000022336ee9310 code [0x0000022336ee9460, 0x0000022336ee9570]
Event: 622.778 Thread 0x000002236d626800 11835       4       java.lang.ThreadLocal::set (30 bytes)
Event: 622.781 Thread 0x000002236d626800 nmethod 11835 0x0000022336a940d0 code [0x0000022336a94260, 0x0000022336a94708]
Event: 622.838 Thread 0x000002236d62d000 11837       3       org.apache.logging.log4j.core.helpers.NameUtil::getSubName (32 bytes)
Event: 622.838 Thread 0x000002236d627000 11838       1       org.apache.logging.log4j.core.config.LoggerConfig::getLevel (5 bytes)
Event: 622.838 Thread 0x000002236d627000 nmethod 11838 0x0000022336a85010 code [0x0000022336a85160, 0x0000022336a85278]
Event: 622.838 Thread 0x000002236d62d000 nmethod 11837 0x000002233657fa10 code [0x000002233657fba0, 0x0000022336580140]

GC Heap History (10 events):
Event: 619.673 GC heap before
{Heap before GC invocations=322 (full 5):
 PSYoungGen      total 69632K, used 69344K [0x000000066b180000, 0x000000066f700000, 0x00000007c0000000)
  eden space 68608K, 100% used [0x000000066b180000,0x000000066f480000,0x000000066f480000)
  from space 1024K, 71% used [0x000000066f600000,0x000000066f6b8000,0x000000066f700000)
  to   space 1024K, 0% used [0x000000066f500000,0x000000066f500000,0x000000066f600000)
 ParOldGen       total 425984K, used 240810K [0x00000003c1400000, 0x00000003db400000, 0x000000066b180000)
  object space 425984K, 56% used [0x00000003c1400000,0x00000003cff2a910,0x00000003db400000)
 Metaspace       used 44414K, capacity 44873K, committed 45184K, reserved 1089536K
  class space    used 5085K, capacity 5225K, committed 5248K, reserved 1048576K
Event: 619.675 GC heap after
Heap after GC invocations=322 (full 5):
 PSYoungGen      total 69632K, used 544K [0x000000066b180000, 0x000000066f780000, 0x00000007c0000000)
  eden space 68608K, 0% used [0x000000066b180000,0x000000066b180000,0x000000066f480000)
  from space 1024K, 53% used [0x000000066f500000,0x000000066f588000,0x000000066f600000)
  to   space 1536K, 0% used [0x000000066f600000,0x000000066f600000,0x000000066f780000)
 ParOldGen       total 425984K, used 240978K [0x00000003c1400000, 0x00000003db400000, 0x000000066b180000)
  object space 425984K, 56% used [0x00000003c1400000,0x00000003cff54970,0x00000003db400000)
 Metaspace       used 44414K, capacity 44873K, committed 45184K, reserved 1089536K
  class space    used 5085K, capacity 5225K, committed 5248K, reserved 1048576K
}
Event: 620.270 GC heap before
{Heap before GC invocations=323 (full 5):
 PSYoungGen      total 69632K, used 69152K [0x000000066b180000, 0x000000066f780000, 0x00000007c0000000)
  eden space 68608K, 100% used [0x000000066b180000,0x000000066f480000,0x000000066f480000)
  from space 1024K, 53% used [0x000000066f500000,0x000000066f588000,0x000000066f600000)
  to   space 1536K, 0% used [0x000000066f600000,0x000000066f600000,0x000000066f780000)
 ParOldGen       total 425984K, used 240978K [0x00000003c1400000, 0x00000003db400000, 0x000000066b180000)
  object space 425984K, 56% used [0x00000003c1400000,0x00000003cff54970,0x00000003db400000)
 Metaspace       used 44414K, capacity 44873K, committed 45184K, reserved 1089536K
  class space    used 5085K, capacity 5225K, committed 5248K, reserved 1048576K
Event: 620.271 GC heap after
Heap after GC invocations=323 (full 5):
 PSYoungGen      total 70144K, used 608K [0x000000066b180000, 0x000000066f780000, 0x00000007c0000000)
  eden space 68608K, 0% used [0x000000066b180000,0x000000066b180000,0x000000066f480000)
  from space 1536K, 39% used [0x000000066f600000,0x000000066f698000,0x000000066f780000)
  to   space 1536K, 0% used [0x000000066f480000,0x000000066f480000,0x000000066f600000)
 ParOldGen       total 425984K, used 241114K [0x00000003c1400000, 0x00000003db400000, 0x000000066b180000)
  object space 425984K, 56% used [0x00000003c1400000,0x00000003cff76970,0x00000003db400000)
 Metaspace       used 44414K, capacity 44873K, committed 45184K, reserved 1089536K
  class space    used 5085K, capacity 5225K, committed 5248K, reserved 1048576K
}
Event: 620.864 GC heap before
{Heap before GC invocations=324 (full 5):
 PSYoungGen      total 70144K, used 69216K [0x000000066b180000, 0x000000066f780000, 0x00000007c0000000)
  eden space 68608K, 100% used [0x000000066b180000,0x000000066f480000,0x000000066f480000)
  from space 1536K, 39% used [0x000000066f600000,0x000000066f698000,0x000000066f780000)
  to   space 1536K, 0% used [0x000000066f480000,0x000000066f480000,0x000000066f600000)
 ParOldGen       total 425984K, used 241114K [0x00000003c1400000, 0x00000003db400000, 0x000000066b180000)
  object space 425984K, 56% used [0x00000003c1400000,0x00000003cff76970,0x00000003db400000)
 Metaspace       used 44414K, capacity 44873K, committed 45184K, reserved 1089536K
  class space    used 5085K, capacity 5225K, committed 5248K, reserved 1048576K
Event: 620.865 GC heap after
Heap after GC invocations=324 (full 5):
 PSYoungGen      total 70144K, used 608K [0x000000066b180000, 0x000000066f780000, 0x00000007c0000000)
  eden space 68608K, 0% used [0x000000066b180000,0x000000066b180000,0x000000066f480000)
  from space 1536K, 39% used [0x000000066f480000,0x000000066f518000,0x000000066f600000)
  to   space 1536K, 0% used [0x000000066f600000,0x000000066f600000,0x000000066f780000)
 ParOldGen       total 425984K, used 241130K [0x00000003c1400000, 0x00000003db400000, 0x000000066b180000)
  object space 425984K, 56% used [0x00000003c1400000,0x00000003cff7a970,0x00000003db400000)
 Metaspace       used 44414K, capacity 44873K, committed 45184K, reserved 1089536K
  class space    used 5085K, capacity 5225K, committed 5248K, reserved 1048576K
}
Event: 621.456 GC heap before
{Heap before GC invocations=325 (full 5):
 PSYoungGen      total 70144K, used 69216K [0x000000066b180000, 0x000000066f780000, 0x00000007c0000000)
  eden space 68608K, 100% used [0x000000066b180000,0x000000066f480000,0x000000066f480000)
  from space 1536K, 39% used [0x000000066f480000,0x000000066f518000,0x000000066f600000)
  to   space 1536K, 0% used [0x000000066f600000,0x000000066f600000,0x000000066f780000)
 ParOldGen       total 425984K, used 241130K [0x00000003c1400000, 0x00000003db400000, 0x000000066b180000)
  object space 425984K, 56% used [0x00000003c1400000,0x00000003cff7a970,0x00000003db400000)
 Metaspace       used 44414K, capacity 44873K, committed 45184K, reserved 1089536K
  class space    used 5085K, capacity 5225K, committed 5248K, reserved 1048576K
Event: 621.458 GC heap after
Heap after GC invocations=325 (full 5):
 PSYoungGen      total 69632K, used 672K [0x000000066b180000, 0x000000066f700000, 0x00000007c0000000)
  eden space 68608K, 0% used [0x000000066b180000,0x000000066b180000,0x000000066f480000)
  from space 1024K, 65% used [0x000000066f600000,0x000000066f6a8000,0x000000066f700000)
  to   space 1024K, 0% used [0x000000066f500000,0x000000066f500000,0x000000066f600000)
 ParOldGen       total 425984K, used 241182K [0x00000003c1400000, 0x00000003db400000, 0x000000066b180000)
  object space 425984K, 56% used [0x00000003c1400000,0x00000003cff879a0,0x00000003db400000)
 Metaspace       used 44414K, capacity 44873K, committed 45184K, reserved 1089536K
  class space    used 5085K, capacity 5225K, committed 5248K, reserved 1048576K
}
Event: 622.057 GC heap before
{Heap before GC invocations=326 (full 5):
 PSYoungGen      total 69632K, used 69280K [0x000000066b180000, 0x000000066f700000, 0x00000007c0000000)
  eden space 68608K, 100% used [0x000000066b180000,0x000000066f480000,0x000000066f480000)
  from space 1024K, 65% used [0x000000066f600000,0x000000066f6a8000,0x000000066f700000)
  to   space 1024K, 0% used [0x000000066f500000,0x000000066f500000,0x000000066f600000)
 ParOldGen       total 425984K, used 241182K [0x00000003c1400000, 0x00000003db400000, 0x000000066b180000)
  object space 425984K, 56% used [0x00000003c1400000,0x00000003cff879a0,0x00000003db400000)
 Metaspace       used 44414K, capacity 44873K, committed 45184K, reserved 1089536K
  class space    used 5085K, capacity 5225K, committed 5248K, reserved 1048576K
Event: 622.058 GC heap after
Heap after GC invocations=326 (full 5):
 PSYoungGen      total 69632K, used 608K [0x000000066b180000, 0x000000066f680000, 0x00000007c0000000)
  eden space 68608K, 0% used [0x000000066b180000,0x000000066b180000,0x000000066f480000)
  from space 1024K, 59% used [0x000000066f500000,0x000000066f598000,0x000000066f600000)
  to   space 512K, 0% used [0x000000066f600000,0x000000066f600000,0x000000066f680000)
 ParOldGen       total 425984K, used 241198K [0x00000003c1400000, 0x00000003db400000, 0x000000066b180000)
  object space 425984K, 56% used [0x00000003c1400000,0x00000003cff8b9a0,0x00000003db400000)
 Metaspace       used 44414K, capacity 44873K, committed 45184K, reserved 1089536K
  class space    used 5085K, capacity 5225K, committed 5248K, reserved 1048576K
}

Deoptimization events (10 events):
Event: 622.571 Thread 0x0000022372411800 Uncommon trap: reason=null_check action=make_not_entrant pc=0x000002233597b7f4 method=io.netty.util.DefaultAttributeMap.attr(Lio/netty/util/AttributeKey;)Lio/netty/util/Attribute; @ 46
Event: 622.571 Thread 0x000002237240b000 Uncommon trap: reason=null_check action=make_not_entrant pc=0x000002233597b7f4 method=io.netty.util.DefaultAttributeMap.attr(Lio/netty/util/AttributeKey;)Lio/netty/util/Attribute; @ 46
Event: 622.571 Thread 0x0000022372411800 Uncommon trap: reason=unstable_if action=reinterpret pc=0x00000223368b4754 method=io.netty.channel.local.LocalChannel.isActive()Z @ 5
Event: 622.571 Thread 0x0000022372411800 Uncommon trap: reason=unstable_if action=reinterpret pc=0x000002233668a054 method=io.netty.channel.local.LocalChannel.isOpen()Z @ 5
Event: 622.572 Thread 0x0000022372411800 Uncommon trap: reason=class_check action=maybe_recompile pc=0x0000022336f55e08 method=java.util.HashSet.remove(Ljava/lang/Object;)Z @ 5
Event: 622.572 Thread 0x0000022372411800 Uncommon trap: reason=unstable_if action=reinterpret pc=0x0000022335dd6cb4 method=io.netty.channel.local.LocalChannel.isActive()Z @ 5
Event: 622.573 Thread 0x000002237240b000 Uncommon trap: reason=class_check action=maybe_recompile pc=0x0000022336f55e08 method=java.util.HashSet.remove(Ljava/lang/Object;)Z @ 5
Event: 622.608 Thread 0x0000022372416000 Uncommon trap: reason=unstable_if action=reinterpret pc=0x00000223375bbef4 method=net.minecraft.world.storage.ThreadedFileIOBase.processQueue()V @ 68
Event: 622.721 Thread 0x0000022372411000 Uncommon trap: reason=class_check action=maybe_recompile pc=0x0000022335aa6604 method=cpw.mods.fml.common.asm.transformers.deobf.FMLDeobfuscatingRemapper.map(Ljava/lang/String;)Ljava/lang/String; @ 11
Event: 622.836 Thread 0x0000022333a18000 Uncommon trap: reason=unstable_if action=reinterpret pc=0x0000022335b8f018 method=cpw.mods.fml.relauncher.FMLSecurityManager.checkPermission(Ljava/security/Permission;)V @ 23

Classes redefined (0 events):
No events

Internal exceptions (10 events):
Event: 622.395 Thread 0x000002237240f800 Exception <a 'java/lang/InterruptedException': sleep interrupted> (0x000000066d767558) thrown at [C:\jenkins\workspace\8-2-build-windows-x64-cygwin-sans-NAS\jdk8u471\2292\hotspot\src\share\vm\prims\jvm.cpp, line 3359]
Event: 622.404 Thread 0x000002237240f800 Exception <a 'java/lang/InterruptedException': sleep interrupted> (0x000000066d7677b0) thrown at [C:\jenkins\workspace\8-2-build-windows-x64-cygwin-sans-NAS\jdk8u471\2292\hotspot\src\share\vm\prims\jvm.cpp, line 3359]
Event: 622.412 Thread 0x000002237240f800 Exception <a 'java/lang/InterruptedException': sleep interrupted> (0x000000066d767a08) thrown at [C:\jenkins\workspace\8-2-build-windows-x64-cygwin-sans-NAS\jdk8u471\2292\hotspot\src\share\vm\prims\jvm.cpp, line 3359]
Event: 622.421 Thread 0x000002237240f800 Exception <a 'java/lang/InterruptedException': sleep interrupted> (0x000000066d767c60) thrown at [C:\jenkins\workspace\8-2-build-windows-x64-cygwin-sans-NAS\jdk8u471\2292\hotspot\src\share\vm\prims\jvm.cpp, line 3359]
Event: 622.428 Thread 0x000002237240f800 Exception <a 'java/lang/InterruptedException': sleep interrupted> (0x000000066da6d200) thrown at [C:\jenkins\workspace\8-2-build-windows-x64-cygwin-sans-NAS\jdk8u471\2292\hotspot\src\share\vm\prims\jvm.cpp, line 3359]
Event: 622.436 Thread 0x000002237240f800 Exception <a 'java/lang/InterruptedException': sleep interrupted> (0x000000066da6d458) thrown at [C:\jenkins\workspace\8-2-build-windows-x64-cygwin-sans-NAS\jdk8u471\2292\hotspot\src\share\vm\prims\jvm.cpp, line 3359]
Event: 622.520 Thread 0x000002237240f800 Exception <a 'java/lang/InterruptedException': sleep interrupted> (0x000000066da6d6b0) thrown at [C:\jenkins\workspace\8-2-build-windows-x64-cygwin-sans-NAS\jdk8u471\2292\hotspot\src\share\vm\prims\jvm.cpp, line 3359]
Event: 622.570 Thread 0x000002237240f800 Exception <a 'java/lang/InterruptedException': sleep interrupted> (0x000000066da6d908) thrown at [C:\jenkins\workspace\8-2-build-windows-x64-cygwin-sans-NAS\jdk8u471\2292\hotspot\src\share\vm\prims\jvm.cpp, line 3359]
Event: 622.670 Thread 0x0000022372410000 Exception <a 'java/lang/InterruptedException': sleep interrupted> (0x000000066e691a10) thrown at [C:\jenkins\workspace\8-2-build-windows-x64-cygwin-sans-NAS\jdk8u471\2292\hotspot\src\share\vm\prims\jvm.cpp, line 3359]
Event: 622.836 Thread 0x0000022333a18000 Exception <a 'org/lwjgl/LWJGLException': Failed to set device gamma.> (0x000000066dee7648) thrown at [C:\jenkins\workspace\8-2-build-windows-x64-cygwin-sans-NAS\jdk8u471\2292\hotspot\src\share\vm\prims\jni.cpp, line 737]

Events (10 events):
Event: 622.838 Executing VM operation: RevokeBias
Event: 622.838 Executing VM operation: RevokeBias done
Event: 622.838 loading class javax/servlet/ServletContext
Event: 622.838 loading class javax/servlet/ServletContext done
Event: 622.838 Thread 0x0000022373fb1800 Thread exited: 0x0000022373fb1800
Event: 622.838 Thread 0x0000022373fb0800 Thread exited: 0x0000022373fb0800
Event: 622.838 Thread 0x000002236d627000 flushing nmethod 0x0000022336b04790
Event: 622.839 Thread 0x0000022373fac000 Thread exited: 0x0000022373fac000
Event: 622.937 Thread 0x0000022373fb0000 Thread exited: 0x0000022373fb0000
Event: 622.937 Executing VM operation: Exit


Dynamic libraries:
0x00007ff6dc810000 - 0x00007ff6dc85f000 	C:\Program Files\Java\jdk-1.8\bin\java.exe
0x00007ffbaa1b0000 - 0x00007ffbaa3a8000 	C:\Windows\SYSTEM32\ntdll.dll
0x00007ffba8580000 - 0x00007ffba8642000 	C:\Windows\System32\KERNEL32.DLL
0x00007ffba7ea0000 - 0x00007ffba8196000 	C:\Windows\System32\KERNELBASE.dll
0x00007ffba9800000 - 0x00007ffba98b1000 	C:\Windows\System32\ADVAPI32.dll
0x00007ffba9530000 - 0x00007ffba95ce000 	C:\Windows\System32\msvcrt.dll
0x00007ffba9f20000 - 0x00007ffba9fbf000 	C:\Windows\System32\sechost.dll
0x00007ffba8430000 - 0x00007ffba8550000 	C:\Windows\System32\RPCRT4.dll
0x00007ffba7dc0000 - 0x00007ffba7de7000 	C:\Windows\System32\bcrypt.dll
0x00007ffba9fc0000 - 0x00007ffbaa161000 	C:\Windows\System32\USER32.dll
0x00007ffba81a0000 - 0x00007ffba81c2000 	C:\Windows\System32\win32u.dll
0x00007ffba9e20000 - 0x00007ffba9e4b000 	C:\Windows\System32\GDI32.dll
0x00007ffba7a20000 - 0x00007ffba7b39000 	C:\Windows\System32\gdi32full.dll
0x00007ffba7cd0000 - 0x00007ffba7d6d000 	C:\Windows\System32\msvcp_win.dll
0x00007ffba7bd0000 - 0x00007ffba7cd0000 	C:\Windows\System32\ucrtbase.dll
0x00007ffb8a020000 - 0x00007ffb8a2bb000 	C:\Windows\WinSxS\amd64_microsoft.windows.common-controls_6595b64144ccf1df_6.0.19041.6456_none_60b8a6cb71f64256\COMCTL32.dll
0x00007ffba8550000 - 0x00007ffba857f000 	C:\Windows\System32\IMM32.DLL
0x00007ffba3e20000 - 0x00007ffba3e3b000 	C:\Program Files\Java\jdk-1.8\jre\bin\vcruntime140.dll
0x00007ffba1e70000 - 0x00007ffba1e7c000 	C:\Program Files\Java\jdk-1.8\jre\bin\vcruntime140_1.dll
0x00007ffb8dfa0000 - 0x00007ffb8e02e000 	C:\Program Files\Java\jdk-1.8\jre\bin\msvcp140.dll
0x00007ffaecd00000 - 0x00007ffaed5aa000 	C:\Program Files\Java\jdk-1.8\jre\bin\server\jvm.dll
0x00007ffba8270000 - 0x00007ffba8278000 	C:\Windows\System32\PSAPI.DLL
0x00007ffba1810000 - 0x00007ffba1819000 	C:\Windows\SYSTEM32\WSOCK32.dll
0x00007ffb9d2a0000 - 0x00007ffb9d2c7000 	C:\Windows\SYSTEM32\WINMM.dll
0x00007ffba9460000 - 0x00007ffba94cb000 	C:\Windows\System32\WS2_32.dll
0x00007ffba0510000 - 0x00007ffba051a000 	C:\Windows\SYSTEM32\VERSION.dll
0x00007ffba6080000 - 0x00007ffba6092000 	C:\Windows\SYSTEM32\kernel.appcore.dll
0x00007ffb8e060000 - 0x00007ffb8e070000 	C:\Program Files\Java\jdk-1.8\jre\bin\verify.dll
0x00007ffb8df70000 - 0x00007ffb8df9b000 	C:\Program Files\Java\jdk-1.8\jre\bin\java.dll
0x00007ffb8dd40000 - 0x00007ffb8dd58000 	C:\Program Files\Java\jdk-1.8\jre\bin\zip.dll
0x00007ffba8750000 - 0x00007ffba8ec0000 	C:\Windows\System32\SHELL32.dll
0x00007ffba5450000 - 0x00007ffba5bf5000 	C:\Windows\SYSTEM32\windows.storage.dll
0x00007ffba9a10000 - 0x00007ffba9d64000 	C:\Windows\System32\combase.dll
0x00007ffba7190000 - 0x00007ffba71bb000 	C:\Windows\SYSTEM32\Wldp.dll
0x00007ffba9e50000 - 0x00007ffba9f1d000 	C:\Windows\System32\OLEAUT32.dll
0x00007ffba95d0000 - 0x00007ffba967d000 	C:\Windows\System32\SHCORE.dll
0x00007ffba98c0000 - 0x00007ffba991b000 	C:\Windows\System32\shlwapi.dll
0x00007ffba7770000 - 0x00007ffba7794000 	C:\Windows\SYSTEM32\profapi.dll
0x00007ffb8e050000 - 0x00007ffb8e05d000 	C:\Program Files\Java\jdk-1.8\jre\bin\management.dll
0x00007ffb8dbd0000 - 0x00007ffb8dbec000 	C:\Program Files\Java\jdk-1.8\jre\bin\net.dll
0x00007ffba6ef0000 - 0x00007ffba6f5a000 	C:\Windows\system32\mswsock.dll
0x00007ffb8dbb0000 - 0x00007ffb8dbc3000 	C:\Program Files\Java\jdk-1.8\jre\bin\nio.dll
0x00007ffb7d3d0000 - 0x00007ffb7d3e7000 	C:\Windows\system32\napinsp.dll
0x00007ffb7d5f0000 - 0x00007ffb7d60b000 	C:\Windows\system32\pnrpnsp.dll
0x00007ffba2300000 - 0x00007ffba231d000 	C:\Windows\system32\wshbth.dll
0x00007ffba3790000 - 0x00007ffba37ad000 	C:\Windows\system32\NLAapi.dll
0x00007ffba6bd0000 - 0x00007ffba6c0b000 	C:\Windows\SYSTEM32\IPHLPAPI.DLL
0x00007ffba6c10000 - 0x00007ffba6cda000 	C:\Windows\SYSTEM32\DNSAPI.dll
0x00007ffba86b0000 - 0x00007ffba86b8000 	C:\Windows\System32\NSI.dll
0x00007ffb7d610000 - 0x00007ffb7d622000 	C:\Windows\System32\winrnr.dll
0x00007ffb9f850000 - 0x00007ffb9f85a000 	C:\Windows\System32\rasadhlp.dll
0x00007ffb8e0a0000 - 0x00007ffb8e120000 	C:\Windows\System32\fwpuclnt.dll
0x0000000180000000 - 0x0000000180051000 	C:\Users\chuck\.gradle\caches\minecraft\net\minecraft\minecraft_natives\1.7.10\lwjgl64.dll
0x00007ffb2dac0000 - 0x00007ffb2dbe8000 	C:\Windows\SYSTEM32\OPENGL32.dll
0x00007ffb2eb10000 - 0x00007ffb2eb3c000 	C:\Windows\SYSTEM32\GLU32.dll
0x00007ffba70f0000 - 0x00007ffba7108000 	C:\Windows\SYSTEM32\CRYPTSP.dll
0x00007ffba6810000 - 0x00007ffba6848000 	C:\Windows\system32\rsaenh.dll
0x00007ffba7730000 - 0x00007ffba775e000 	C:\Windows\SYSTEM32\USERENV.dll
0x00007ffba7b40000 - 0x00007ffba7bc2000 	C:\Windows\System32\bcryptprimitives.dll
0x00007ffba70e0000 - 0x00007ffba70ec000 	C:\Windows\SYSTEM32\CRYPTBASE.dll
0x00007ffba0290000 - 0x00007ffba02a7000 	C:\Windows\SYSTEM32\dhcpcsvc6.DLL
0x00007ffba05b0000 - 0x00007ffba05cd000 	C:\Windows\SYSTEM32\dhcpcsvc.DLL
0x00007ffb52070000 - 0x00007ffb521ee000 	C:\Program Files\Java\jdk-1.8\jre\bin\awt.dll
0x00007ffba49d0000 - 0x00007ffba4a64000 	C:\Windows\SYSTEM32\apphelp.dll
0x00007ffb99f20000 - 0x00007ffb99fce000 	C:\Windows\SYSTEM32\mscms.dll
0x00007ffb99f00000 - 0x00007ffb99f11000 	C:\Windows\SYSTEM32\ColorAdapterClient.dll
0x00007ffba4da0000 - 0x00007ffba4e3e000 	C:\Windows\system32\uxtheme.dll
0x0000022375da0000 - 0x000002237de13000 	C:\Program Files (x86)\ASUS\GPUTweakIII\GTIII-OSD\x64\GTIII-OSD64-VK.dll
0x00007ffba9330000 - 0x00007ffba945b000 	C:\Windows\System32\ole32.dll
0x00007ffb2e8a0000 - 0x00007ffb2ea26000 	C:\Windows\SYSTEM32\vulkan-1.dll
0x00007ffba7d70000 - 0x00007ffba7dbe000 	C:\Windows\System32\CFGMGR32.dll
0x00007ffba96e0000 - 0x00007ffba97f5000 	C:\Windows\System32\MSCTF.dll
0x00007ffba9d70000 - 0x00007ffba9e19000 	C:\Windows\System32\clbcatq.dll
0x00007ffb28ad0000 - 0x00007ffb2b424000 	C:\Windows\System32\DriverStore\FileRepository\nv_dispi.inf_amd64_20ae8f14a487d5db\nvoglv64.dll
0x00007ffba8ec0000 - 0x00007ffba9330000 	C:\Windows\System32\SETUPAPI.dll
0x00007ffba1260000 - 0x00007ffba1274000 	C:\Windows\SYSTEM32\WTSAPI32.dll
0x00007ffba7320000 - 0x00007ffba7332000 	C:\Windows\SYSTEM32\msasn1.dll
0x00007ffba04d0000 - 0x00007ffba0501000 	C:\Windows\SYSTEM32\cryptnet.dll
0x00007ffba7840000 - 0x00007ffba799d000 	C:\Windows\System32\CRYPT32.dll
0x00007ffba0320000 - 0x00007ffba0467000 	C:\Windows\SYSTEM32\drvstore.dll
0x00007ffba7510000 - 0x00007ffba7543000 	C:\Windows\SYSTEM32\devobj.dll
0x00007ffba79a0000 - 0x00007ffba7a13000 	C:\Windows\System32\WINTRUST.dll
0x00007ffba6a60000 - 0x00007ffba6a93000 	C:\Windows\SYSTEM32\ntmarta.dll
0x00007ffba8250000 - 0x00007ffba826d000 	C:\Windows\System32\imagehlp.dll
0x00007ffb944a0000 - 0x00007ffb98234000 	C:\Windows\System32\DriverStore\FileRepository\nv_dispi.inf_amd64_20ae8f14a487d5db\nvgpucomp64.dll
0x00007ffb98240000 - 0x00007ffb9827b000 	C:\Windows\SYSTEM32\dxcore.dll
0x00007ffb32210000 - 0x00007ffb32357000 	C:\Windows\system32\nvspcap64.dll
0x00007ffba5160000 - 0x00007ffba518e000 	C:\Windows\SYSTEM32\dwmapi.dll
0x00007ffb9b9e0000 - 0x00007ffb9bad9000 	C:\Windows\SYSTEM32\textinputframework.dll
0x00007ffba4490000 - 0x00007ffba47eb000 	C:\Windows\System32\CoreUIComponents.dll
0x00007ffba47f0000 - 0x00007ffba48e2000 	C:\Windows\System32\CoreMessaging.dll
0x00007ffba4330000 - 0x00007ffba4487000 	C:\Windows\SYSTEM32\wintypes.dll
0x00007ffb790f0000 - 0x00007ffb79135000 	C:\Windows\SYSTEM32\icm32.dll
0x00007ffba76a0000 - 0x00007ffba76eb000 	C:\Windows\SYSTEM32\powrprof.dll
0x00007ffba7680000 - 0x00007ffba7692000 	C:\Windows\SYSTEM32\UMPDC.dll
0x00007ffba7560000 - 0x00007ffba75c3000 	C:\Windows\SYSTEM32\WINSTA.dll
0x0000000070a40000 - 0x0000000070adc000 	C:\Users\chuck\.gradle\caches\minecraft\net\minecraft\minecraft_natives\1.7.10\avutil-ttv-51.dll
0x0000000065980000 - 0x00000000659d6000 	C:\Users\chuck\.gradle\caches\minecraft\net\minecraft\minecraft_natives\1.7.10\swresample-ttv-0.dll
0x000000006eb80000 - 0x000000006ec50000 	C:\Users\chuck\.gradle\caches\minecraft\net\minecraft\minecraft_natives\1.7.10\libmp3lame-ttv.dll
0x00007ffae7470000 - 0x00007ffae8814000 	C:\Users\chuck\.gradle\caches\minecraft\net\minecraft\minecraft_natives\1.7.10\libmfxsw64.dll
0x00007ffb74f60000 - 0x00007ffb7508b000 	C:\Users\chuck\.gradle\caches\minecraft\net\minecraft\minecraft_natives\1.7.10\twitchsdk.dll
0x00007ffb8ad40000 - 0x00007ffb8b216000 	C:\Windows\SYSTEM32\WININET.dll
0x000002231c8d0000 - 0x0000022324921000 	C:\Program Files (x86)\ASUS\GPUTweakIII\GTIII-OSD\x64\GTIII-OSD64-GL.dll
0x0000000055f40000 - 0x0000000055fa3000 	C:\Program Files (x86)\ASUS\GPUTweakIII\GTIII-OSD\x64\glew32.dll
0x0000022324b70000 - 0x000002232ccf7000 	C:\Program Files (x86)\ASUS\GPUTweakIII\GTIII-OSD\x64\GTIII-OSD64.dll
0x00007ffb876a0000 - 0x00007ffb876c5000 	C:\Windows\SYSTEM32\d3d12.dll
0x00007ffba28a0000 - 0x00007ffba2cfd000 	C:\Windows\SYSTEM32\D3DCOMPILER_47.dll
0x00007ffb2eb40000 - 0x00007ffb2eb71000 	C:\Windows\SYSTEM32\d3d10_1.dll
0x00007ffb2fa50000 - 0x00007ffb2fa5d000 	C:\Windows\SYSTEM32\d3d10_1core.dll
0x00007ffba2e60000 - 0x00007ffba30c4000 	C:\Windows\SYSTEM32\d3d11.dll
0x00007ffba60c0000 - 0x00007ffba61b6000 	C:\Windows\SYSTEM32\dxgi.dll
0x000002232cd00000 - 0x000002232cf63000 	C:\Windows\SYSTEM32\d3dx9_43.dll
0x00007ffb73500000 - 0x00007ffb736d1000 	C:\Windows\SYSTEM32\d3d9.dll
0x00007ffb8bd50000 - 0x00007ffb8bdfc000 	C:\Windows\SYSTEM32\TextShaping.dll
0x000002230b080000 - 0x000002230b0e4000 	C:\Users\chuck\.gradle\caches\minecraft\net\minecraft\minecraft_natives\1.7.10\OpenAL64.dll
0x00007ffba0df0000 - 0x00007ffba0e75000 	C:\Windows\System32\MMDevApi.dll
0x00007ffb6c200000 - 0x00007ffb6c29c000 	C:\Windows\SYSTEM32\dsound.dll
0x00007ffb8b400000 - 0x00007ffb8b426000 	C:\Windows\SYSTEM32\winmmbase.dll
0x00007ffba10c0000 - 0x00007ffba1241000 	C:\Windows\SYSTEM32\AUDIOSES.DLL
0x00007ffba4d80000 - 0x00007ffba4d94000 	C:\Windows\SYSTEM32\resourcepolicyclient.dll
0x00007ffb8a9b0000 - 0x00007ffb8a9e4000 	C:\Program Files\Java\jdk-1.8\jre\bin\jpeg.dll
0x00007ffb8aab0000 - 0x00007ffb8aad5000 	C:\Program Files\Java\jdk-1.8\jre\bin\sunec.dll
0x00007ffb8aaa0000 - 0x00007ffb8aaae000 	C:\Program Files\Java\jdk-1.8\jre\bin\sunmscapi.dll
0x00007ffba7200000 - 0x00007ffba7227000 	C:\Windows\SYSTEM32\ncrypt.dll
0x00007ffba71c0000 - 0x00007ffba71fb000 	C:\Windows\SYSTEM32\NTASN1.dll
0x00007ffb4fb20000 - 0x00007ffb4fee5000 	C:\Users\chuck\AppData\Local\Discord\app-1.0.9215\modules\discord_hook-1\discord_hook\5f4963d90da302\DiscordHook64.dll
0x00007ffb98280000 - 0x00007ffb98344000 	C:\Windows\System32\DriverStore\FileRepository\nv_dispi.inf_amd64_20ae8f14a487d5db\nvldumdx.dll
0x00007ffb93ce0000 - 0x00007ffb93dbe000 	C:\Windows\System32\DriverStore\FileRepository\nv_dispi.inf_amd64_20ae8f14a487d5db\NvMemMapStoragex.dll

VM Arguments:
jvm_args: -Dfile.encoding=UTF-8 -Duser.country=US -Duser.language=en -Duser.variant 
java_command: GradleStart
java_class_path (initial): C:\Users\chuck\.gradle\caches\minecraft\net\minecraftforge\forge\1.7.10-10.13.4.1614-1.7.10\start;C:\Users\chuck\.gradle\caches\minecraft\net\minecraftforge\forge\1.7.10-10.13.4.1614-1.7.10\forgeSrc-1.7.10-10.13.4.1614-1.7.10.jar;C:\Users\chuck\.gradle\caches\modules-2\files-2.1\net.minecraft\launchwrapper\1.12\111e7bea9c968cdb3d06ef4632bf7ff0824d0f36\launchwrapper-1.12.jar;C:\Users\chuck\.gradle\caches\modules-2\files-2.1\com.google.code.findbugs\jsr305\1.3.9\40719ea6961c0cb6afaeb6a921eaa1f6afd4cfdf\jsr305-1.3.9.jar;C:\Users\chuck\.gradle\caches\modules-2\files-2.1\org.ow2.asm\asm-debug-all\5.0.3\f9e364ae2a66ce2a543012a4668856e84e5dab74\asm-debug-all-5.0.3.jar;C:\Users\chuck\.gradle\caches\modules-2\files-2.1\com.typesafe.akka\akka-actor_2.11\2.3.3\ed62e9fc709ca0f2ff1a3220daa8b70a2870078e\akka-actor_2.11-2.3.3.jar;C:\Users\chuck\.gradle\caches\modules-2\files-2.1\com.typesafe\config\1.2.1\f771f71fdae3df231bcd54d5ca2d57f0bf93f467\config-1.2.1.jar;C:\Users\chuck\.gradle\caches\modules-2\files-2.1\org.scala-lang\scala-actors-migration_2.11\1.1.0\dfa8bc42b181d5b9f1a5dd147f8ae308b893eb6f\scala-actors-migration_2.11-1.1.0.jar;C:\Users\chuck\.gradle\caches\modules-2\files-2.1\org.scala-lang.plugins\scala-continuations-plugin_2.11.1\1.0.2\f361a3283452c57fa30c1ee69448995de23c60f7\scala-continuations-plugin_2.11.1-1.0.2.jar;C:\Users\chuck\.gradle\caches\modules-2\files-2.1\org.scala-lang\scala-compiler\2.11.1\56ea2e6c025e0821f28d73ca271218b8dd04926a\scala-compiler-2.11.1.jar;C:\Users\chuck\.gradle\caches\modules-2\files-2.1\org.scala-lang.plugins\scala-continuations-library_2.11\1.0.2\e517c53a7e9acd6b1668c5a35eccbaa3bab9aac\scala-continuations-library_2.11-1.0.2.jar;C:\Users\chuck\.gradle\caches\modules-2\files-2.1\org.scala-lang\scala-reflect\2.11.1\6580347e61cc7f8e802941e7fde40fa83b8badeb\scala-reflect-2.11.1.jar;C:\Users\chuck\.gradle\caches\modules-2\files-2.1\org.scala-lang\scala-actors\2.11.0\8ccfb6541de179bb1c4d45cf414acee069b7f78b\scala-a
Launcher Type: SUN_STANDARD

Environment Variables:
PATH=C:\Program Files\Eclipse Adoptium\jdk-8.0.462.8-hotspot\bin;C:\Program Files\Common Files\Oracle\Java\javapath;C:\Program Files (x86)\Common Files\Oracle\Java\java8path;C:\Program Files (x86)\Common Files\Oracle\Java\javapath;C:\Program Files (x86)\Razer Chroma SDK\bin;C:\Program Files\Razer Chroma SDK\bin;C:\Program Files (x86)\Razer\ChromaBroadcast\bin;C:\Program Files\Razer\ChromaBroadcast\bin;C:\Windows\system32;C:\Windows;C:\Windows\System32\Wbem;C:\Windows\System32\WindowsPowerShell\v1.0\;C:\Windows\System32\OpenSSH\;C:\Program Files (x86)\NVIDIA Corporation\PhysX\Common;C:\Windows\system32\config\systemprofile\AppData\Local\Microsoft\WindowsApps;C:\Program Files\dotnet\;C:\Program Files (x86)\Windows Live\Shared;C:\Program Files\Git\cmd;C:\Program Files\WorldPainter;C:\Program Files\NVIDIA Corporation\NVIDIA app\NvDLISR;C:\Users\chuck\AppData\Local\Microsoft\WindowsApps;;C:\Program Files\JetBrains\IntelliJ IDEA 2024.2.0.1\bin;
USERNAME=chuck
OS=Windows_NT
PROCESSOR_IDENTIFIER=Intel64 Family 6 Model 158 Stepping 13, GenuineIntel



---------------  S Y S T E M  ---------------

OS: Windows 10 , 64 bit Build 19041 (10.0.19041.5915)

CPU:total 16 (initial active 16) (8 cores per cpu, 2 threads per core) family 6 model 158 stepping 13, cmov, cx8, fxsr, mmx, sse, sse2, sse3, ssse3, sse4.1, sse4.2, popcnt, avx, avx2, aes, clmul, erms, 3dnowpref, lzcnt, ht, tsc, tscinvbit, bmi1, bmi2, adx

Memory: 4k page, physical 67022948k(43272580k free), swap 71217252k(35757856k free)

vm_info: Java HotSpot(TM) 64-Bit Server VM (25.471-b09) for windows-amd64 JRE (1.8.0_471-b09), built on Sep 26 2025 05:08:27 by "java_re" with MS VC++ 17.6 (VS2022)

time: Thu Nov 20 01:04:48 2025
timezone: Eastern Standard Time
elapsed time: 623.420434 seconds (0d 0h 10m 23s)

