#
# A fatal error has been detected by the Java Runtime Environment:
#
#  EXCEPTION_ACCESS_VIOLATION (0xc0000005) at pc=0x00007ffe62fc82e9, pid=18348, tid=0x0000000000003988
#
# JRE version: Java(TM) SE Runtime Environment (8.0_471) (build 1.8.0_471-b09)
# Java VM: Java HotSpot(TM) 64-Bit Server VM (25.471-b09 mixed mode windows-amd64 compressed oops)
# Problematic frame:
# C  [nvoglv64.dll+0x8682e9]
#
# Failed to write core dump. Minidumps are not enabled by default on client versions of Windows
#
# If you would like to submit a bug report, please visit:
#   https://bugreport.java.com/bugreport/crash.jsp
#

---------------  T H R E A D  ---------------

Current thread (0x00000157f06f0800):  VMThread [stack: 0x00000011ccc00000,0x00000011ccd00000] [id=14728]

siginfo: ExceptionCode=0xc0000005, reading address 0x0000000000001238

Registers:
RAX=0x0000000000000000, RBX=0x00000157f46976f0, RCX=0x0000000000000004, RDX=0x0000000000000000
RSP=0x00000011cccfede8, RBP=0x0000000000000000, RSI=0x0000000000000000, RDI=0x00000157f46976f0
R8 =0x0000000000000000, R9 =0x00000157f34daba0, R10=0x00000157b9860000, R11=0x00000011cccfedf0
R12=0x00000157a5430000, R13=0x00000157a5563820, R14=0x0000000000000000, R15=0x0000000000000000
RIP=0x00007ffe62fc82e9, EFLAGS=0x0000000000010202

Top of Stack: (sp=0x00000011cccfede8)
0x00000011cccfede8:   00000157a543bbf1 0000000000000000
0x00000011cccfedf8:   0000000000000000 00000157a5563820
0x00000011cccfee08:   00000157a5430000 fffffffffffffffe
0x00000011cccfee18:   00007fff143b47b1 00000157f34dac98
0x00000011cccfee28:   00000157a5438281 0000000000000000
0x00000011cccfee38:   0000000000000000 0000000000000000
0x00000011cccfee48:   0000001100000000 00000157f34dac98
0x00000011cccfee58:   00000157a5437c71 00000157f34daba0
0x00000011cccfee68:   0000000000000000 00000157f7c7ffd0
0x00000011cccfee78:   00007fff143b5ba1 00000157a5563840
0x00000011cccfee88:   00000157a547ac0d 0000000000000040
0x00000011cccfee98:   00007fff00000000 00000011cccfefd8
0x00000011cccfeea8:   00000157b9860000 00000157a5430000
0x00000011cccfeeb8:   00000157f0487928 00000157a54c3f4c
0x00000011cccfeec8:   0000000000000001 0000000000000001
0x00000011cccfeed8:   00000157a543a083 0000000000000000 

Instructions: (pc=0x00007ffe62fc82e9)
0x00007ffe62fc82c9:   af af af af af af af c3 cc cc cc cc cc cc cc cc
0x00007ffe62fc82d9:   cc cc cc cc cc cc cc 65 48 8b 04 25 30 16 00 00
0x00007ffe62fc82e9:   ff a0 38 12 00 00 cc cc cc cc cc cc cc cc cc cc
0x00007ffe62fc82f9:   cc cc cc cc cc cc cc cc cc cc cc cc cc cc cc cc 


Register to memory mapping:

RAX=0x0000000000000000 is an unknown value
RBX=0x00000157f46976f0 is an unknown value
RCX=0x0000000000000004 is an unknown value
RDX=0x0000000000000000 is an unknown value
RSP=0x00000011cccfede8 is an unknown value
RBP=0x0000000000000000 is an unknown value
RSI=0x0000000000000000 is an unknown value
RDI=0x00000157f46976f0 is an unknown value
R8 =0x0000000000000000 is an unknown value
R9 =0x00000157f34daba0 is an unknown value
R10=0x00000157b9860000 is an unknown value
R11=0x00000011cccfedf0 is an unknown value
R12=0x00000157a5430000 is an unknown value
R13=0x00000157a5563820 is an unknown value
R14=0x0000000000000000 is an unknown value
R15=0x0000000000000000 is an unknown value


Stack: [0x00000011ccc00000,0x00000011ccd00000],  sp=0x00000011cccfede8,  free space=1019k
Native frames: (J=compiled Java code, j=interpreted, Vv=VM code, C=native code)

VM_Operation (0x00000011cbefe750): Exit, mode: safepoint, requested by thread 0x00000157b98aa000


---------------  P R O C E S S  ---------------

Java Threads: ( => current thread )
  0x00000157f5e4d000 JavaThread "File IO Thread" [_thread_blocked, id=24112, stack(0x00000011ce400000,0x00000011ce500000)]
  0x00000157f5e48800 JavaThread "Netty IO #1" daemon [_thread_in_native, id=7068, stack(0x00000011cf200000,0x00000011cf300000)]
  0x00000157f5e40800 JavaThread "Netty Client IO #0" daemon [_thread_in_native, id=14284, stack(0x00000011cf100000,0x00000011cf200000)]
  0x00000157f5e43800 JavaThread "Netty IO #0" daemon [_thread_in_native, id=14724, stack(0x00000011ceb00000,0x00000011cec00000)]
  0x00000157f5e45800 JavaThread "Server thread" [_thread_blocked, id=6776, stack(0x00000011ce900000,0x00000011cea00000)]
  0x00000157fad7b000 JavaThread "LWJGL Timer" daemon [_thread_blocked, id=11204, stack(0x00000011cea00000,0x00000011ceb00000)]
  0x00000157f39e0800 JavaThread "Java2D Disposer" daemon [_thread_blocked, id=5892, stack(0x00000011ce100000,0x00000011ce200000)]
  0x00000157f9864800 JavaThread "Timer hack thread" daemon [_thread_blocked, id=14032, stack(0x00000011ce000000,0x00000011ce100000)]
  0x00000157f9f85800 JavaThread "Snooper Timer" daemon [_thread_blocked, id=19428, stack(0x00000011cdf00000,0x00000011ce000000)]
  0x00000157f34d6000 JavaThread "Service Thread" daemon [_thread_blocked, id=13292, stack(0x00000011cdd00000,0x00000011cde00000)]
  0x00000157f3468000 JavaThread "C1 CompilerThread11" daemon [_thread_blocked, id=10204, stack(0x00000011cdc00000,0x00000011cdd00000)]
  0x00000157f3467800 JavaThread "C1 CompilerThread10" daemon [_thread_blocked, id=6428, stack(0x00000011cdb00000,0x00000011cdc00000)]
  0x00000157f3466000 JavaThread "C1 CompilerThread9" daemon [_thread_blocked, id=18372, stack(0x00000011cda00000,0x00000011cdb00000)]
  0x00000157f3466800 JavaThread "C1 CompilerThread8" daemon [_thread_blocked, id=20428, stack(0x00000011cd900000,0x00000011cda00000)]
  0x00000157f3465000 JavaThread "C2 CompilerThread7" daemon [_thread_blocked, id=7036, stack(0x00000011cd800000,0x00000011cd900000)]
  0x00000157f3464800 JavaThread "C2 CompilerThread6" daemon [_thread_blocked, id=20500, stack(0x00000011cd700000,0x00000011cd800000)]
  0x00000157f3447800 JavaThread "C2 CompilerThread5" daemon [_thread_blocked, id=17124, stack(0x00000011cd600000,0x00000011cd700000)]
  0x00000157f3429000 JavaThread "C2 CompilerThread4" daemon [_thread_blocked, id=872, stack(0x00000011cd500000,0x00000011cd600000)]
  0x00000157f3425800 JavaThread "C2 CompilerThread3" daemon [_thread_blocked, id=12264, stack(0x00000011cd400000,0x00000011cd500000)]
  0x00000157f3424800 JavaThread "C2 CompilerThread2" daemon [_thread_blocked, id=23064, stack(0x00000011cd300000,0x00000011cd400000)]
  0x00000157f3424000 JavaThread "C2 CompilerThread1" daemon [_thread_blocked, id=18824, stack(0x00000011cd200000,0x00000011cd300000)]
  0x00000157f3422000 JavaThread "C2 CompilerThread0" daemon [_thread_blocked, id=1516, stack(0x00000011cd100000,0x00000011cd200000)]
  0x00000157f341f800 JavaThread "Attach Listener" daemon [_thread_blocked, id=22180, stack(0x00000011cd000000,0x00000011cd100000)]
  0x00000157f340e000 JavaThread "Signal Dispatcher" daemon [_thread_blocked, id=1724, stack(0x00000011ccf00000,0x00000011cd000000)]
  0x00000157f0701800 JavaThread "Finalizer" daemon [_thread_blocked, id=20684, stack(0x00000011cce00000,0x00000011ccf00000)]
  0x00000157f33f0800 JavaThread "Reference Handler" daemon [_thread_blocked, id=19708, stack(0x00000011ccd00000,0x00000011cce00000)]
  0x00000157b98aa000 JavaThread "Client thread" [_thread_blocked, id=20860, stack(0x00000011cbe00000,0x00000011cbf00000)]

Other Threads:
=>0x00000157f06f0800 VMThread [stack: 0x00000011ccc00000,0x00000011ccd00000] [id=14728]

VM state:at safepoint (shutting down)

VM Mutex/Monitor currently owned by a thread:  ([mutex/lock_event])
[0x00000157b98a4aa0] Threads_lock - owner thread: 0x00000157f06f0800

heap address: 0x00000003c1400000, size: 16364 MB, Compressed Oops mode: Zero based, Oop shift amount: 3
Narrow klass base: 0x0000000000000000, Narrow klass shift: 3
Compressed class space size: 1073741824 Address: 0x00000007c0000000

Heap:
 PSYoungGen      total 114176K, used 54202K [0x000000066b180000, 0x0000000672d00000, 0x00000007c0000000)
  eden space 105472K, 43% used [0x000000066b180000,0x000000066ddf1810,0x0000000671880000)
  from space 8704K, 99% used [0x0000000672280000,0x0000000672afd2a8,0x0000000672b00000)
  to   space 10240K, 0% used [0x0000000671880000,0x0000000671880000,0x0000000672280000)
 ParOldGen       total 435712K, used 206766K [0x00000003c1400000, 0x00000003dbd80000, 0x000000066b180000)
  object space 435712K, 47% used [0x00000003c1400000,0x00000003cddeb9b0,0x00000003dbd80000)
 Metaspace       used 43629K, capacity 44103K, committed 44416K, reserved 1089536K
  class space    used 5008K, capacity 5132K, committed 5248K, reserved 1048576K

Card table byte_map: [0x00000157ca620000,0x00000157cc620000] byte_map_base: 0x00000157c8816000

Marking Bits: (ParMarkBitMap*) 0x00007ffe6589a3e0
 Begin Bits: [0x00000157cdb70000, 0x00000157ddb20000)
 End Bits:   [0x00000157ddb20000, 0x00000157edad0000)

Polling page: 0x00000157b9a10000

CodeCache: size=245760Kb used=32461Kb max_used=33819Kb free=213298Kb
 bounds [0x00000157bb260000, 0x00000157bd440000, 0x00000157ca260000]
 total_blobs=8765 nmethods=7913 adapters=759
 compilation: enabled

Compilation events (10 events):
Event: 646.238 Thread 0x00000157f3467800 11731       3       java.util.logging.LogManager$LoggerContext::ensureDefaultLogger (70 bytes)
Event: 646.238 Thread 0x00000157f3467800 nmethod 11731 0x00000157bcf0a5d0 code [0x00000157bcf0a780, 0x00000157bcf0b030]
Event: 646.239 Thread 0x00000157f3466000 11732  s    3       java.io.BufferedOutputStream::write (67 bytes)
Event: 646.240 Thread 0x00000157f3466000 nmethod 11732 0x00000157bb583510 code [0x00000157bb5836e0, 0x00000157bb583f40]
Event: 646.240 Thread 0x00000157f3468000 11733       3       org.apache.logging.log4j.core.helpers.NameUtil::getSubName (32 bytes)
Event: 646.240 Thread 0x00000157f3466800 11734       1       org.apache.logging.log4j.core.config.LoggerConfig::getLevel (5 bytes)
Event: 646.240 Thread 0x00000157f3466800 nmethod 11734 0x00000157bbc02c10 code [0x00000157bbc02d60, 0x00000157bbc02e78]
Event: 646.240 Thread 0x00000157f3468000 nmethod 11733 0x00000157bc5c6790 code [0x00000157bc5c6920, 0x00000157bc5c6ec0]
Event: 646.258 Thread 0x00000157f3467800 11735       3       net.minecraft.world.chunk.Chunk::needsSaving (68 bytes)
Event: 646.258 Thread 0x00000157f3467800 nmethod 11735 0x00000157bc29bf90 code [0x00000157bc29c120, 0x00000157bc29c7a0]

GC Heap History (10 events):
Event: 635.943 GC heap before
{Heap before GC invocations=125 (full 5):
 PSYoungGen      total 118272K, used 118197K [0x000000066b180000, 0x0000000672f00000, 0x00000007c0000000)
  eden space 111104K, 100% used [0x000000066b180000,0x0000000671e00000,0x0000000671e00000)
  from space 7168K, 98% used [0x0000000671f80000,0x000000067266d5b8,0x0000000672680000)
  to   space 8704K, 0% used [0x0000000672680000,0x0000000672680000,0x0000000672f00000)
 ParOldGen       total 435712K, used 202796K [0x00000003c1400000, 0x00000003dbd80000, 0x000000066b180000)
  object space 435712K, 46% used [0x00000003c1400000,0x00000003cda0b0b0,0x00000003dbd80000)
 Metaspace       used 43586K, capacity 44103K, committed 44416K, reserved 1089536K
  class space    used 4999K, capacity 5132K, committed 5248K, reserved 1048576K
Event: 635.944 GC heap after
Heap after GC invocations=125 (full 5):
 PSYoungGen      total 118784K, used 8011K [0x000000066b180000, 0x0000000672f00000, 0x00000007c0000000)
  eden space 110080K, 0% used [0x000000066b180000,0x000000066b180000,0x0000000671d00000)
  from space 8704K, 92% used [0x0000000672680000,0x0000000672e52d70,0x0000000672f00000)
  to   space 9216K, 0% used [0x0000000671d00000,0x0000000671d00000,0x0000000672600000)
 ParOldGen       total 435712K, used 202948K [0x00000003c1400000, 0x00000003dbd80000, 0x000000066b180000)
  object space 435712K, 46% used [0x00000003c1400000,0x00000003cda310b0,0x00000003dbd80000)
 Metaspace       used 43586K, capacity 44103K, committed 44416K, reserved 1089536K
  class space    used 4999K, capacity 5132K, committed 5248K, reserved 1048576K
}
Event: 638.469 GC heap before
{Heap before GC invocations=126 (full 5):
 PSYoungGen      total 118784K, used 118088K [0x000000066b180000, 0x0000000672f00000, 0x00000007c0000000)
  eden space 110080K, 99% used [0x000000066b180000,0x0000000671cff540,0x0000000671d00000)
  from space 8704K, 92% used [0x0000000672680000,0x0000000672e52d70,0x0000000672f00000)
  to   space 9216K, 0% used [0x0000000671d00000,0x0000000671d00000,0x0000000672600000)
 ParOldGen       total 435712K, used 202948K [0x00000003c1400000, 0x00000003dbd80000, 0x000000066b180000)
  object space 435712K, 46% used [0x00000003c1400000,0x00000003cda310b0,0x00000003dbd80000)
 Metaspace       used 43586K, capacity 44103K, committed 44416K, reserved 1089536K
  class space    used 4999K, capacity 5132K, committed 5248K, reserved 1048576K
Event: 638.471 GC heap after
Heap after GC invocations=126 (full 5):
 PSYoungGen      total 114688K, used 5124K [0x000000066b180000, 0x0000000672e00000, 0x00000007c0000000)
  eden space 109056K, 0% used [0x000000066b180000,0x000000066b180000,0x0000000671c00000)
  from space 5632K, 90% used [0x0000000671d00000,0x0000000672201228,0x0000000672280000)
  to   space 9216K, 0% used [0x0000000672500000,0x0000000672500000,0x0000000672e00000)
 ParOldGen       total 435712K, used 203068K [0x00000003c1400000, 0x00000003dbd80000, 0x000000066b180000)
  object space 435712K, 46% used [0x00000003c1400000,0x00000003cda4f0b0,0x00000003dbd80000)
 Metaspace       used 43586K, capacity 44103K, committed 44416K, reserved 1089536K
  class space    used 4999K, capacity 5132K, committed 5248K, reserved 1048576K
}
Event: 640.908 GC heap before
{Heap before GC invocations=127 (full 5):
 PSYoungGen      total 114688K, used 114180K [0x000000066b180000, 0x0000000672e00000, 0x00000007c0000000)
  eden space 109056K, 100% used [0x000000066b180000,0x0000000671c00000,0x0000000671c00000)
  from space 5632K, 90% used [0x0000000671d00000,0x0000000672201228,0x0000000672280000)
  to   space 9216K, 0% used [0x0000000672500000,0x0000000672500000,0x0000000672e00000)
 ParOldGen       total 435712K, used 203068K [0x00000003c1400000, 0x00000003dbd80000, 0x000000066b180000)
  object space 435712K, 46% used [0x00000003c1400000,0x00000003cda4f0b0,0x00000003dbd80000)
 Metaspace       used 43586K, capacity 44103K, committed 44416K, reserved 1089536K
  class space    used 4999K, capacity 5132K, committed 5248K, reserved 1048576K
Event: 640.910 GC heap after
Heap after GC invocations=127 (full 5):
 PSYoungGen      total 116224K, used 6926K [0x000000066b180000, 0x0000000672d00000, 0x00000007c0000000)
  eden space 108032K, 0% used [0x000000066b180000,0x000000066b180000,0x0000000671b00000)
  from space 8192K, 84% used [0x0000000672500000,0x0000000672bc3ba0,0x0000000672d00000)
  to   space 9216K, 0% used [0x0000000671b00000,0x0000000671b00000,0x0000000672400000)
 ParOldGen       total 435712K, used 203392K [0x00000003c1400000, 0x00000003dbd80000, 0x000000066b180000)
  object space 435712K, 46% used [0x00000003c1400000,0x00000003cdaa00e0,0x00000003dbd80000)
 Metaspace       used 43586K, capacity 44103K, committed 44416K, reserved 1089536K
  class space    used 4999K, capacity 5132K, committed 5248K, reserved 1048576K
}
Event: 643.302 GC heap before
{Heap before GC invocations=128 (full 5):
 PSYoungGen      total 116224K, used 114958K [0x000000066b180000, 0x0000000672d00000, 0x00000007c0000000)
  eden space 108032K, 100% used [0x000000066b180000,0x0000000671b00000,0x0000000671b00000)
  from space 8192K, 84% used [0x0000000672500000,0x0000000672bc3ba0,0x0000000672d00000)
  to   space 9216K, 0% used [0x0000000671b00000,0x0000000671b00000,0x0000000672400000)
 ParOldGen       total 435712K, used 203392K [0x00000003c1400000, 0x00000003dbd80000, 0x000000066b180000)
  object space 435712K, 46% used [0x00000003c1400000,0x00000003cdaa00e0,0x00000003dbd80000)
 Metaspace       used 43586K, capacity 44103K, committed 44416K, reserved 1089536K
  class space    used 4999K, capacity 5132K, committed 5248K, reserved 1048576K
Event: 643.304 GC heap after
Heap after GC invocations=128 (full 5):
 PSYoungGen      total 113664K, used 6519K [0x000000066b180000, 0x0000000672b00000, 0x00000007c0000000)
  eden space 107008K, 0% used [0x000000066b180000,0x000000066b180000,0x0000000671a00000)
  from space 6656K, 97% used [0x0000000671b00000,0x000000067215df40,0x0000000672180000)
  to   space 8704K, 0% used [0x0000000672280000,0x0000000672280000,0x0000000672b00000)
 ParOldGen       total 435712K, used 204228K [0x00000003c1400000, 0x00000003dbd80000, 0x000000066b180000)
  object space 435712K, 46% used [0x00000003c1400000,0x00000003cdb713b0,0x00000003dbd80000)
 Metaspace       used 43586K, capacity 44103K, committed 44416K, reserved 1089536K
  class space    used 4999K, capacity 5132K, committed 5248K, reserved 1048576K
}
Event: 645.450 GC heap before
{Heap before GC invocations=129 (full 5):
 PSYoungGen      total 113664K, used 113527K [0x000000066b180000, 0x0000000672b00000, 0x00000007c0000000)
  eden space 107008K, 100% used [0x000000066b180000,0x0000000671a00000,0x0000000671a00000)
  from space 6656K, 97% used [0x0000000671b00000,0x000000067215df40,0x0000000672180000)
  to   space 8704K, 0% used [0x0000000672280000,0x0000000672280000,0x0000000672b00000)
 ParOldGen       total 435712K, used 204228K [0x00000003c1400000, 0x00000003dbd80000, 0x000000066b180000)
  object space 435712K, 46% used [0x00000003c1400000,0x00000003cdb713b0,0x00000003dbd80000)
 Metaspace       used 43587K, capacity 44103K, committed 44416K, reserved 1089536K
  class space    used 4999K, capacity 5132K, committed 5248K, reserved 1048576K
Event: 645.453 GC heap after
Heap after GC invocations=129 (full 5):
 PSYoungGen      total 114176K, used 8692K [0x000000066b180000, 0x0000000672d00000, 0x00000007c0000000)
  eden space 105472K, 0% used [0x000000066b180000,0x000000066b180000,0x0000000671880000)
  from space 8704K, 99% used [0x0000000672280000,0x0000000672afd2a8,0x0000000672b00000)
  to   space 10240K, 0% used [0x0000000671880000,0x0000000671880000,0x0000000672280000)
 ParOldGen       total 435712K, used 206766K [0x00000003c1400000, 0x00000003dbd80000, 0x000000066b180000)
  object space 435712K, 47% used [0x00000003c1400000,0x00000003cddeb9b0,0x00000003dbd80000)
 Metaspace       used 43587K, capacity 44103K, committed 44416K, reserved 1089536K
  class space    used 4999K, capacity 5132K, committed 5248K, reserved 1048576K
}

Deoptimization events (10 events):
Event: 646.008 Thread 0x00000157f5e40800 Uncommon trap: reason=class_check action=maybe_recompile pc=0x00000157bd1ebf94 method=java.util.HashSet.remove(Ljava/lang/Object;)Z @ 5
Event: 646.008 Thread 0x00000157f5e40800 Uncommon trap: reason=unstable_if action=reinterpret pc=0x00000157bcd27700 method=io.netty.channel.local.LocalChannel.isActive()Z @ 5
Event: 646.009 Thread 0x00000157f5e48800 Uncommon trap: reason=class_check action=maybe_recompile pc=0x00000157bd1ebf94 method=java.util.HashSet.remove(Ljava/lang/Object;)Z @ 5
Event: 646.074 Thread 0x00000157f5e4d000 Uncommon trap: reason=unstable_if action=reinterpret pc=0x00000157bcb5cba4 method=net.minecraft.world.storage.ThreadedFileIOBase.processQueue()V @ 68
Event: 646.206 Thread 0x00000157b98aa000 Uncommon trap: reason=unstable_if action=reinterpret pc=0x00000157bbdc9da4 method=java.io.BufferedOutputStream.write([BII)V @ 6
Event: 646.237 Thread 0x00000157b98aa000 Uncommon trap: reason=unstable_if action=reinterpret pc=0x00000157bb9ba6d8 method=cpw.mods.fml.relauncher.FMLSecurityManager.checkPermission(Ljava/security/Permission;)V @ 23
Event: 646.250 Thread 0x00000157f5e45000 Uncommon trap: reason=unstable_if action=reinterpret pc=0x00000157bc1db690 method=io.netty.channel.local.LocalChannel.isOpen()Z @ 5
Event: 646.257 Thread 0x00000157f5e45000 Uncommon trap: reason=unstable_if action=reinterpret pc=0x00000157bcac0a78 method=net.minecraft.world.chunk.Chunk.needsSaving(Z)Z @ 23
Event: 646.258 Thread 0x00000157f5e45000 Uncommon trap: reason=unstable_if action=reinterpret pc=0x00000157bc730bf4 method=com.google.common.collect.MapMakerInternalMap$Segment.getEntry(Ljava/lang/Object;I)Lcom/google/common/collect/MapMakerInternalMap$ReferenceEntry; @ 4
Event: 646.258 Thread 0x00000157f5e45000 Uncommon trap: reason=unstable_if action=reinterpret pc=0x00000157bb5ce628 method=com.google.common.collect.MapMakerInternalMap$Segment.getEntry(Ljava/lang/Object;I)Lcom/google/common/collect/MapMakerInternalMap$ReferenceEntry; @ 4

Classes redefined (0 events):
No events

Internal exceptions (10 events):
Event: 645.859 Thread 0x00000157f5e42800 Exception <a 'java/lang/InterruptedException': sleep interrupted> (0x000000066c41a668) thrown at [C:\jenkins\workspace\8-2-build-windows-x64-cygwin-sans-NAS\jdk8u471\2292\hotspot\src\share\vm\prims\jvm.cpp, line 3359]
Event: 645.868 Thread 0x00000157f5e42800 Exception <a 'java/lang/InterruptedException': sleep interrupted> (0x000000066c41a8c0) thrown at [C:\jenkins\workspace\8-2-build-windows-x64-cygwin-sans-NAS\jdk8u471\2292\hotspot\src\share\vm\prims\jvm.cpp, line 3359]
Event: 645.875 Thread 0x00000157f5e42800 Exception <a 'java/lang/InterruptedException': sleep interrupted> (0x000000066c41ab18) thrown at [C:\jenkins\workspace\8-2-build-windows-x64-cygwin-sans-NAS\jdk8u471\2292\hotspot\src\share\vm\prims\jvm.cpp, line 3359]
Event: 645.884 Thread 0x00000157f5e42800 Exception <a 'java/lang/InterruptedException': sleep interrupted> (0x000000066c41ad70) thrown at [C:\jenkins\workspace\8-2-build-windows-x64-cygwin-sans-NAS\jdk8u471\2292\hotspot\src\share\vm\prims\jvm.cpp, line 3359]
Event: 645.893 Thread 0x00000157f5e42800 Exception <a 'java/lang/InterruptedException': sleep interrupted> (0x000000066c622940) thrown at [C:\jenkins\workspace\8-2-build-windows-x64-cygwin-sans-NAS\jdk8u471\2292\hotspot\src\share\vm\prims\jvm.cpp, line 3359]
Event: 645.954 Thread 0x00000157f5e42800 Exception <a 'java/lang/InterruptedException': sleep interrupted> (0x000000066c622b98) thrown at [C:\jenkins\workspace\8-2-build-windows-x64-cygwin-sans-NAS\jdk8u471\2292\hotspot\src\share\vm\prims\jvm.cpp, line 3359]
Event: 645.994 Thread 0x00000157f5e42800 Exception <a 'java/lang/InterruptedException': sleep interrupted> (0x000000066c622df0) thrown at [C:\jenkins\workspace\8-2-build-windows-x64-cygwin-sans-NAS\jdk8u471\2292\hotspot\src\share\vm\prims\jvm.cpp, line 3359]
Event: 645.994 Thread 0x00000157f5e42800 Exception <a 'java/lang/InterruptedException': sleep interrupted> (0x000000066c623048) thrown at [C:\jenkins\workspace\8-2-build-windows-x64-cygwin-sans-NAS\jdk8u471\2292\hotspot\src\share\vm\prims\jvm.cpp, line 3359]
Event: 646.094 Thread 0x00000157f5e46800 Exception <a 'java/lang/InterruptedException': sleep interrupted> (0x000000066b181100) thrown at [C:\jenkins\workspace\8-2-build-windows-x64-cygwin-sans-NAS\jdk8u471\2292\hotspot\src\share\vm\prims\jvm.cpp, line 3359]
Event: 646.236 Thread 0x00000157b98aa000 Exception <a 'org/lwjgl/LWJGLException': Failed to set device gamma.> (0x000000066c7358c0) thrown at [C:\jenkins\workspace\8-2-build-windows-x64-cygwin-sans-NAS\jdk8u471\2292\hotspot\src\share\vm\prims\jni.cpp, line 737]

Events (10 events):
Event: 646.258 Thread 0x00000157f5e45000 Uncommon trap: trap_request=0xffffff65 fr.pc=0x00000157bb5ce628
Event: 646.258 Thread 0x00000157f5e45000 DEOPT PACKING pc=0x00000157bb5ce628 sp=0x00000011cbcfebe0
Event: 646.258 Thread 0x00000157f5e45000 DEOPT UNPACKING pc=0x00000157bb2a58c3 sp=0x00000011cbcfeb20 mode 2
Event: 646.387 Executing VM operation: RevokeBias
Event: 646.387 Executing VM operation: RevokeBias done
Event: 646.387 Thread 0x00000157f5e45000 Thread exited: 0x00000157f5e45000
Event: 646.387 Executing VM operation: RevokeBias
Event: 646.387 Executing VM operation: RevokeBias done
Event: 646.387 Thread 0x00000157f5e41000 Thread exited: 0x00000157f5e41000
Event: 646.388 Executing VM operation: Exit


Dynamic libraries:
0x00007ff6b8270000 - 0x00007ff6b82bf000 	C:\Program Files\Java\jdk-1.8\bin\java.exe
0x00007fff14390000 - 0x00007fff14588000 	C:\Windows\SYSTEM32\ntdll.dll
0x00007fff12970000 - 0x00007fff12a32000 	C:\Windows\System32\KERNEL32.DLL
0x00007fff11d90000 - 0x00007fff12086000 	C:\Windows\System32\KERNELBASE.dll
0x00007fff12690000 - 0x00007fff12741000 	C:\Windows\System32\ADVAPI32.dll
0x00007fff12ec0000 - 0x00007fff12f5e000 	C:\Windows\System32\msvcrt.dll
0x00007fff12d60000 - 0x00007fff12dff000 	C:\Windows\System32\sechost.dll
0x00007fff13500000 - 0x00007fff13620000 	C:\Windows\System32\RPCRT4.dll
0x00007fff11a20000 - 0x00007fff11a47000 	C:\Windows\System32\bcrypt.dll
0x00007fff127c0000 - 0x00007fff12961000 	C:\Windows\System32\USER32.dll
0x00007fff11c60000 - 0x00007fff11c82000 	C:\Windows\System32\win32u.dll
0x00007fff13850000 - 0x00007fff1387b000 	C:\Windows\System32\GDI32.dll
0x00007fff12290000 - 0x00007fff123a9000 	C:\Windows\System32\gdi32full.dll
0x00007fff121f0000 - 0x00007fff1228d000 	C:\Windows\System32\msvcp_win.dll
0x00007fff11c90000 - 0x00007fff11d90000 	C:\Windows\System32\ucrtbase.dll
0x00007ffef30e0000 - 0x00007ffef337b000 	C:\Windows\WinSxS\amd64_microsoft.windows.common-controls_6595b64144ccf1df_6.0.19041.6456_none_60b8a6cb71f64256\COMCTL32.dll
0x00007fff12c20000 - 0x00007fff12c4f000 	C:\Windows\System32\IMM32.DLL
0x00007fff0c420000 - 0x00007fff0c43b000 	C:\Program Files\Java\jdk-1.8\jre\bin\vcruntime140.dll
0x00007fff0dfd0000 - 0x00007fff0dfdc000 	C:\Program Files\Java\jdk-1.8\jre\bin\vcruntime140_1.dll
0x00007ffef5ec0000 - 0x00007ffef5f4e000 	C:\Program Files\Java\jdk-1.8\jre\bin\msvcp140.dll
0x00007ffe650c0000 - 0x00007ffe6596a000 	C:\Program Files\Java\jdk-1.8\jre\bin\server\jvm.dll
0x00007fff12c10000 - 0x00007fff12c18000 	C:\Windows\System32\PSAPI.DLL
0x00007fff0c410000 - 0x00007fff0c419000 	C:\Windows\SYSTEM32\WSOCK32.dll
0x00007fff07340000 - 0x00007fff07367000 	C:\Windows\SYSTEM32\WINMM.dll
0x00007fff09db0000 - 0x00007fff09dba000 	C:\Windows\SYSTEM32\VERSION.dll
0x00007fff12750000 - 0x00007fff127bb000 	C:\Windows\System32\WS2_32.dll
0x00007fff10280000 - 0x00007fff10292000 	C:\Windows\SYSTEM32\kernel.appcore.dll
0x00007fff0c400000 - 0x00007fff0c410000 	C:\Program Files\Java\jdk-1.8\jre\bin\verify.dll
0x00007fff0b6c0000 - 0x00007fff0b6eb000 	C:\Program Files\Java\jdk-1.8\jre\bin\java.dll
0x00007fff0c3e0000 - 0x00007fff0c3f8000 	C:\Program Files\Java\jdk-1.8\jre\bin\zip.dll
0x00007fff13880000 - 0x00007fff13ff0000 	C:\Windows\System32\SHELL32.dll
0x00007fff0f630000 - 0x00007fff0fdd5000 	C:\Windows\SYSTEM32\windows.storage.dll
0x00007fff13ff0000 - 0x00007fff14344000 	C:\Windows\System32\combase.dll
0x00007fff11370000 - 0x00007fff1139b000 	C:\Windows\SYSTEM32\Wldp.dll
0x00007fff12560000 - 0x00007fff1262d000 	C:\Windows\System32\OLEAUT32.dll
0x00007fff13620000 - 0x00007fff136cd000 	C:\Windows\System32\SHCORE.dll
0x00007fff12630000 - 0x00007fff1268b000 	C:\Windows\System32\shlwapi.dll
0x00007fff11950000 - 0x00007fff11974000 	C:\Windows\SYSTEM32\profapi.dll
0x00007ffef5e70000 - 0x00007ffef5e7d000 	C:\Program Files\Java\jdk-1.8\jre\bin\management.dll
0x00007ffef7d90000 - 0x00007ffef7dac000 	C:\Program Files\Java\jdk-1.8\jre\bin\net.dll
0x00007fff110d0000 - 0x00007fff1113a000 	C:\Windows\system32\mswsock.dll
0x00007ffef7460000 - 0x00007ffef7473000 	C:\Program Files\Java\jdk-1.8\jre\bin\nio.dll
0x00007ffee67c0000 - 0x00007ffee67d7000 	C:\Windows\system32\napinsp.dll
0x00007ffee67e0000 - 0x00007ffee67fb000 	C:\Windows\system32\pnrpnsp.dll
0x00007fff0e0d0000 - 0x00007fff0e0ed000 	C:\Windows\system32\wshbth.dll
0x00007fff0dac0000 - 0x00007fff0dadd000 	C:\Windows\system32\NLAapi.dll
0x00007fff10db0000 - 0x00007fff10deb000 	C:\Windows\SYSTEM32\IPHLPAPI.DLL
0x00007fff10df0000 - 0x00007fff10eba000 	C:\Windows\SYSTEM32\DNSAPI.dll
0x00007fff12d40000 - 0x00007fff12d48000 	C:\Windows\System32\NSI.dll
0x00007ffee6f90000 - 0x00007ffee6fa2000 	C:\Windows\System32\winrnr.dll
0x00007ffef66e0000 - 0x00007ffef66ea000 	C:\Windows\System32\rasadhlp.dll
0x00007ffef6600000 - 0x00007ffef6680000 	C:\Windows\System32\fwpuclnt.dll
0x0000000180000000 - 0x0000000180051000 	C:\Users\chuck\.gradle\caches\minecraft\net\minecraft\minecraft_natives\1.7.10\lwjgl64.dll
0x00007ffe9c740000 - 0x00007ffe9c868000 	C:\Windows\SYSTEM32\OPENGL32.dll
0x00007ffe9c710000 - 0x00007ffe9c73c000 	C:\Windows\SYSTEM32\GLU32.dll
0x00007fff112d0000 - 0x00007fff112e8000 	C:\Windows\SYSTEM32\CRYPTSP.dll
0x00007fff109f0000 - 0x00007fff10a28000 	C:\Windows\system32\rsaenh.dll
0x00007fff11910000 - 0x00007fff1193e000 	C:\Windows\SYSTEM32\USERENV.dll
0x00007fff12160000 - 0x00007fff121e2000 	C:\Windows\System32\bcryptprimitives.dll
0x00007fff112c0000 - 0x00007fff112cc000 	C:\Windows\SYSTEM32\CRYPTBASE.dll
0x00007fff099f0000 - 0x00007fff09a07000 	C:\Windows\SYSTEM32\dhcpcsvc6.DLL
0x00007fff09dc0000 - 0x00007fff09ddd000 	C:\Windows\SYSTEM32\dhcpcsvc.DLL
0x00007ffed4950000 - 0x00007ffed4ace000 	C:\Program Files\Java\jdk-1.8\jre\bin\awt.dll
0x00007fff0e730000 - 0x00007fff0e7c4000 	C:\Windows\SYSTEM32\apphelp.dll
0x00007fff04100000 - 0x00007fff041ae000 	C:\Windows\SYSTEM32\mscms.dll
0x00007fff040e0000 - 0x00007fff040f1000 	C:\Windows\SYSTEM32\ColorAdapterClient.dll
0x00007fff0ef60000 - 0x00007fff0effe000 	C:\Windows\system32\uxtheme.dll
0x0000015780000000 - 0x0000015788073000 	C:\Program Files (x86)\ASUS\GPUTweakIII\GTIII-OSD\x64\GTIII-OSD64-VK.dll
0x00007fff133d0000 - 0x00007fff134fb000 	C:\Windows\System32\ole32.dll
0x00007ffe9d090000 - 0x00007ffe9d216000 	C:\Windows\SYSTEM32\vulkan-1.dll
0x00007fff12090000 - 0x00007fff120de000 	C:\Windows\System32\CFGMGR32.dll
0x00007fff12af0000 - 0x00007fff12c05000 	C:\Windows\System32\MSCTF.dll
0x00007fff12a40000 - 0x00007fff12ae9000 	C:\Windows\System32\clbcatq.dll
0x00007ffe62760000 - 0x00007ffe650b4000 	C:\Windows\System32\DriverStore\FileRepository\nv_dispi.inf_amd64_20ae8f14a487d5db\nvoglv64.dll
0x00007fff12f60000 - 0x00007fff133d0000 	C:\Windows\System32\SETUPAPI.dll
0x00007fff0b470000 - 0x00007fff0b484000 	C:\Windows\SYSTEM32\WTSAPI32.dll
0x00007fff11500000 - 0x00007fff11512000 	C:\Windows\SYSTEM32\msasn1.dll
0x00007fff09d70000 - 0x00007fff09da1000 	C:\Windows\SYSTEM32\cryptnet.dll
0x00007fff11b00000 - 0x00007fff11c5d000 	C:\Windows\System32\CRYPT32.dll
0x00007fff09b40000 - 0x00007fff09c87000 	C:\Windows\SYSTEM32\drvstore.dll
0x00007fff116d0000 - 0x00007fff11703000 	C:\Windows\SYSTEM32\devobj.dll
0x00007fff120e0000 - 0x00007fff12153000 	C:\Windows\System32\WINTRUST.dll
0x00007fff10c40000 - 0x00007fff10c73000 	C:\Windows\SYSTEM32\ntmarta.dll
0x00007fff136d0000 - 0x00007fff136ed000 	C:\Windows\System32\imagehlp.dll
0x00007ffefe260000 - 0x00007fff01ff4000 	C:\Windows\System32\DriverStore\FileRepository\nv_dispi.inf_amd64_20ae8f14a487d5db\nvgpucomp64.dll
0x00007fff02430000 - 0x00007fff0246b000 	C:\Windows\SYSTEM32\dxcore.dll
0x00007ffe95dc0000 - 0x00007ffe95f07000 	C:\Windows\system32\nvspcap64.dll
0x00007fff0f270000 - 0x00007fff0f29e000 	C:\Windows\SYSTEM32\dwmapi.dll
0x00007fff05f10000 - 0x00007fff06009000 	C:\Windows\SYSTEM32\textinputframework.dll
0x00007fff0db20000 - 0x00007fff0de7b000 	C:\Windows\System32\CoreUIComponents.dll
0x00007fff0de80000 - 0x00007fff0df72000 	C:\Windows\System32\CoreMessaging.dll
0x00007fff0e0f0000 - 0x00007fff0e247000 	C:\Windows\SYSTEM32\wintypes.dll
0x00007ffef7db0000 - 0x00007ffef7df5000 	C:\Windows\SYSTEM32\icm32.dll
0x00007fff11880000 - 0x00007fff118cb000 	C:\Windows\SYSTEM32\powrprof.dll
0x00007fff11860000 - 0x00007fff11872000 	C:\Windows\SYSTEM32\UMPDC.dll
0x00007fff11740000 - 0x00007fff117a3000 	C:\Windows\SYSTEM32\WINSTA.dll
0x0000000070a40000 - 0x0000000070adc000 	C:\Users\chuck\.gradle\caches\minecraft\net\minecraft\minecraft_natives\1.7.10\avutil-ttv-51.dll
0x0000000065980000 - 0x00000000659d6000 	C:\Users\chuck\.gradle\caches\minecraft\net\minecraft\minecraft_natives\1.7.10\swresample-ttv-0.dll
0x000000006eb80000 - 0x000000006ec50000 	C:\Users\chuck\.gradle\caches\minecraft\net\minecraft\minecraft_natives\1.7.10\libmp3lame-ttv.dll
0x00007ffe613b0000 - 0x00007ffe62754000 	C:\Users\chuck\.gradle\caches\minecraft\net\minecraft\minecraft_natives\1.7.10\libmfxsw64.dll
0x00007ffed53c0000 - 0x00007ffed54eb000 	C:\Users\chuck\.gradle\caches\minecraft\net\minecraft\minecraft_natives\1.7.10\twitchsdk.dll
0x00007ffef3380000 - 0x00007ffef3856000 	C:\Windows\SYSTEM32\WININET.dll
0x00000157a5430000 - 0x00000157ad481000 	C:\Program Files (x86)\ASUS\GPUTweakIII\GTIII-OSD\x64\GTIII-OSD64-GL.dll
0x0000000060690000 - 0x00000000606f3000 	C:\Program Files (x86)\ASUS\GPUTweakIII\GTIII-OSD\x64\glew32.dll
0x00000157ad490000 - 0x00000157b5617000 	C:\Program Files (x86)\ASUS\GPUTweakIII\GTIII-OSD\x64\GTIII-OSD64.dll
0x00007fff0c4d0000 - 0x00007fff0c92d000 	C:\Windows\SYSTEM32\D3DCOMPILER_47.dll
0x00007ffef8760000 - 0x00007ffef8785000 	C:\Windows\SYSTEM32\d3d12.dll
0x00007ffe9cae0000 - 0x00007ffe9cb11000 	C:\Windows\SYSTEM32\d3d10_1.dll
0x00007ffe9c870000 - 0x00007ffe9cad3000 	C:\Windows\SYSTEM32\d3dx9_43.dll
0x00007ffeba5f0000 - 0x00007ffeba5fd000 	C:\Windows\SYSTEM32\d3d10_1core.dll
0x00007fff0ca00000 - 0x00007fff0cc64000 	C:\Windows\SYSTEM32\d3d11.dll
0x00007fff103c0000 - 0x00007fff104b6000 	C:\Windows\SYSTEM32\dxgi.dll
0x00007ffedd660000 - 0x00007ffedd831000 	C:\Windows\SYSTEM32\d3d9.dll
0x00007ffef86b0000 - 0x00007ffef875c000 	C:\Windows\SYSTEM32\TextShaping.dll
0x000001578e0c0000 - 0x000001578e124000 	C:\Users\chuck\.gradle\caches\minecraft\net\minecraft\minecraft_natives\1.7.10\OpenAL64.dll
0x00007fff0ae30000 - 0x00007fff0aeb5000 	C:\Windows\System32\MMDevApi.dll
0x00007ffedf470000 - 0x00007ffedf50c000 	C:\Windows\SYSTEM32\dsound.dll
0x00007ffef3880000 - 0x00007ffef38a6000 	C:\Windows\SYSTEM32\winmmbase.dll
0x00007fff0af30000 - 0x00007fff0b0b1000 	C:\Windows\SYSTEM32\AUDIOSES.DLL
0x00007fff0f030000 - 0x00007fff0f044000 	C:\Windows\SYSTEM32\resourcepolicyclient.dll
0x00007ffef4a00000 - 0x00007ffef4a34000 	C:\Program Files\Java\jdk-1.8\jre\bin\jpeg.dll
0x00007ffef5dc0000 - 0x00007ffef5de5000 	C:\Program Files\Java\jdk-1.8\jre\bin\sunec.dll
0x00007ffef5e60000 - 0x00007ffef5e6e000 	C:\Program Files\Java\jdk-1.8\jre\bin\sunmscapi.dll
0x00007fff113e0000 - 0x00007fff11407000 	C:\Windows\SYSTEM32\ncrypt.dll
0x00007fff113a0000 - 0x00007fff113db000 	C:\Windows\SYSTEM32\NTASN1.dll
0x00007fff0fea0000 - 0x00007fff100a1000 	C:\Windows\SYSTEM32\dbghelp.dll

VM Arguments:
jvm_args: -Dfile.encoding=UTF-8 -Duser.country=US -Duser.language=en -Duser.variant 
java_command: GradleStart
java_class_path (initial): C:\Users\chuck\.gradle\caches\minecraft\net\minecraftforge\forge\1.7.10-10.13.4.1614-1.7.10\start;C:\Users\chuck\.gradle\caches\minecraft\net\minecraftforge\forge\1.7.10-10.13.4.1614-1.7.10\forgeSrc-1.7.10-10.13.4.1614-1.7.10.jar;C:\Users\chuck\.gradle\caches\modules-2\files-2.1\net.minecraft\launchwrapper\1.12\111e7bea9c968cdb3d06ef4632bf7ff0824d0f36\launchwrapper-1.12.jar;C:\Users\chuck\.gradle\caches\modules-2\files-2.1\com.google.code.findbugs\jsr305\1.3.9\40719ea6961c0cb6afaeb6a921eaa1f6afd4cfdf\jsr305-1.3.9.jar;C:\Users\chuck\.gradle\caches\modules-2\files-2.1\org.ow2.asm\asm-debug-all\5.0.3\f9e364ae2a66ce2a543012a4668856e84e5dab74\asm-debug-all-5.0.3.jar;C:\Users\chuck\.gradle\caches\modules-2\files-2.1\com.typesafe.akka\akka-actor_2.11\2.3.3\ed62e9fc709ca0f2ff1a3220daa8b70a2870078e\akka-actor_2.11-2.3.3.jar;C:\Users\chuck\.gradle\caches\modules-2\files-2.1\com.typesafe\config\1.2.1\f771f71fdae3df231bcd54d5ca2d57f0bf93f467\config-1.2.1.jar;C:\Users\chuck\.gradle\caches\modules-2\files-2.1\org.scala-lang\scala-actors-migration_2.11\1.1.0\dfa8bc42b181d5b9f1a5dd147f8ae308b893eb6f\scala-actors-migration_2.11-1.1.0.jar;C:\Users\chuck\.gradle\caches\modules-2\files-2.1\org.scala-lang.plugins\scala-continuations-plugin_2.11.1\1.0.2\f361a3283452c57fa30c1ee69448995de23c60f7\scala-continuations-plugin_2.11.1-1.0.2.jar;C:\Users\chuck\.gradle\caches\modules-2\files-2.1\org.scala-lang\scala-compiler\2.11.1\56ea2e6c025e0821f28d73ca271218b8dd04926a\scala-compiler-2.11.1.jar;C:\Users\chuck\.gradle\caches\modules-2\files-2.1\org.scala-lang.plugins\scala-continuations-library_2.11\1.0.2\e517c53a7e9acd6b1668c5a35eccbaa3bab9aac\scala-continuations-library_2.11-1.0.2.jar;C:\Users\chuck\.gradle\caches\modules-2\files-2.1\org.scala-lang\scala-reflect\2.11.1\6580347e61cc7f8e802941e7fde40fa83b8badeb\scala-reflect-2.11.1.jar;C:\Users\chuck\.gradle\caches\modules-2\files-2.1\org.scala-lang\scala-actors\2.11.0\8ccfb6541de179bb1c4d45cf414acee069b7f78b\scala-a
Launcher Type: SUN_STANDARD

Environment Variables:
PATH=C:\Program Files\Eclipse Adoptium\jdk-8.0.462.8-hotspot\bin;C:\Program Files\Common Files\Oracle\Java\javapath;C:\Program Files (x86)\Common Files\Oracle\Java\java8path;C:\Program Files (x86)\Common Files\Oracle\Java\javapath;C:\Program Files (x86)\Razer Chroma SDK\bin;C:\Program Files\Razer Chroma SDK\bin;C:\Program Files (x86)\Razer\ChromaBroadcast\bin;C:\Program Files\Razer\ChromaBroadcast\bin;C:\Windows\system32;C:\Windows;C:\Windows\System32\Wbem;C:\Windows\System32\WindowsPowerShell\v1.0\;C:\Windows\System32\OpenSSH\;C:\Program Files (x86)\NVIDIA Corporation\PhysX\Common;C:\Windows\system32\config\systemprofile\AppData\Local\Microsoft\WindowsApps;C:\Program Files\dotnet\;C:\Program Files (x86)\Windows Live\Shared;C:\Program Files\Git\cmd;C:\Program Files\WorldPainter;C:\Program Files\NVIDIA Corporation\NVIDIA app\NvDLISR;C:\Users\chuck\AppData\Local\Microsoft\WindowsApps;;C:\Program Files\JetBrains\IntelliJ IDEA 2024.2.0.1\bin;
USERNAME=chuck
OS=Windows_NT
PROCESSOR_IDENTIFIER=Intel64 Family 6 Model 158 Stepping 13, GenuineIntel



---------------  S Y S T E M  ---------------

OS: Windows 10 , 64 bit Build 19041 (10.0.19041.5915)

CPU:total 16 (initial active 16) (8 cores per cpu, 2 threads per core) family 6 model 158 stepping 13, cmov, cx8, fxsr, mmx, sse, sse2, sse3, ssse3, sse4.1, sse4.2, popcnt, avx, avx2, aes, clmul, erms, 3dnowpref, lzcnt, ht, tsc, tscinvbit, bmi1, bmi2, adx

Memory: 4k page, physical 67022948k(52508128k free), swap 71217252k(48315564k free)

vm_info: Java HotSpot(TM) 64-Bit Server VM (25.471-b09) for windows-amd64 JRE (1.8.0_471-b09), built on Sep 26 2025 05:08:27 by "java_re" with MS VC++ 17.6 (VS2022)

time: Mon Nov 24 14:39:59 2025
timezone: Eastern Standard Time
elapsed time: 647.047958 seconds (0d 0h 10m 47s)

