#
# A fatal error has been detected by the Java Runtime Environment:
#
#  EXCEPTION_ACCESS_VIOLATION (0xc0000005) at pc=0x00007ffc478582e9, pid=3176, tid=0x0000000000002b94
#
# JRE version: Java(TM) SE Runtime Environment (8.0_471) (build 1.8.0_471-b09)
# Java VM: Java HotSpot(TM) 64-Bit Server VM (25.471-b09 mixed mode windows-amd64 compressed oops)
# Problematic frame:
# C  [nvoglv64.dll+0x8682e9]
#
# Failed to write core dump. Minidumps are not enabled by default on client versions of Windows
#
# If you would like to submit a bug report, please visit:
#   https://bugreport.java.com/bugreport/crash.jsp
#

---------------  T H R E A D  ---------------

Current thread (0x000001b1ef8bc000):  VMThread [stack: 0x000000958d800000,0x000000958d900000] [id=11156]

siginfo: ExceptionCode=0xc0000005, reading address 0x0000000000001238

Registers:
RAX=0x0000000000000000, RBX=0x000001b1f3191b00, RCX=0x0000000000000004, RDX=0x0000000000000000
RSP=0x000000958d8fed48, RBP=0x0000000000000000, RSI=0x0000000000000000, RDI=0x000001b1f3191b00
R8 =0x0000000000000000, R9 =0x000001b1be49c9a0, R10=0x000001b1d88b0000, R11=0x000000958d8fed50
R12=0x000001b1c95d0000, R13=0x000001b1c9703820, R14=0x0000000000000000, R15=0x0000000000000000
RIP=0x00007ffc478582e9, EFLAGS=0x0000000000010202

Top of Stack: (sp=0x000000958d8fed48)
0x000000958d8fed48:   000001b1c95dbbf1 0000000000000000
0x000000958d8fed58:   0000000000000000 000001b1c9703820
0x000000958d8fed68:   000001b1c95d0000 fffffffffffffffe
0x000000958d8fed78:   00007ffcfc1d47b1 000001b1be49ca98
0x000000958d8fed88:   000001b1c95d8281 0000000000000000
0x000000958d8fed98:   0000000000000000 0000000000000000
0x000000958d8feda8:   0000009500000000 000001b1be49ca98
0x000000958d8fedb8:   000001b1c95d7c71 000001b1be49c9a0
0x000000958d8fedc8:   0000000000000000 000001b1f51a0140
0x000000958d8fedd8:   00007ffcfc1d5ba1 000001b1c9703840
0x000000958d8fede8:   000001b1c961ac0d 0000000000000040
0x000000958d8fedf8:   00007ffc00000000 000000958d8fef38
0x000000958d8fee08:   000001b1d88b0000 000001b1c95d0000
0x000000958d8fee18:   000001b1ef6a4418 000001b1c9663f4c
0x000000958d8fee28:   0000000000000001 0000000000000001
0x000000958d8fee38:   000001b1c95da083 0000000000000000 

Instructions: (pc=0x00007ffc478582e9)
0x00007ffc478582c9:   af af af af af af af c3 cc cc cc cc cc cc cc cc
0x00007ffc478582d9:   cc cc cc cc cc cc cc 65 48 8b 04 25 30 16 00 00
0x00007ffc478582e9:   ff a0 38 12 00 00 cc cc cc cc cc cc cc cc cc cc
0x00007ffc478582f9:   cc cc cc cc cc cc cc cc cc cc cc cc cc cc cc cc 


Register to memory mapping:

RAX=0x0000000000000000 is an unknown value
RBX=0x000001b1f3191b00 is an unknown value
RCX=0x0000000000000004 is an unknown value
RDX=0x0000000000000000 is an unknown value
RSP=0x000000958d8fed48 is an unknown value
RBP=0x0000000000000000 is an unknown value
RSI=0x0000000000000000 is an unknown value
RDI=0x000001b1f3191b00 is an unknown value
R8 =0x0000000000000000 is an unknown value
R9 =0x000001b1be49c9a0 is an unknown value
R10=0x000001b1d88b0000 is an unknown value
R11=0x000000958d8fed50 is an unknown value
R12=0x000001b1c95d0000 is an unknown value
R13=0x000001b1c9703820 is an unknown value
R14=0x0000000000000000 is an unknown value
R15=0x0000000000000000 is an unknown value


Stack: [0x000000958d800000,0x000000958d900000],  sp=0x000000958d8fed48,  free space=1019k
Native frames: (J=compiled Java code, j=interpreted, Vv=VM code, C=native code)

VM_Operation (0x000000958cafe300): Exit, mode: safepoint, requested by thread 0x000001b1d88f8000


---------------  P R O C E S S  ---------------

Java Threads: ( => current thread )
  0x000001b1f6dc2800 JavaThread "File IO Thread" [_thread_blocked, id=16912, stack(0x0000009590000000,0x0000009590100000)]
  0x000001b1c63f3000 JavaThread "pool-2-thread-1" [_thread_blocked, id=22856, stack(0x000000958ff00000,0x0000009590000000)]
  0x000001b1fa6ba800 JavaThread "Netty IO #1" daemon [_thread_blocked, id=20672, stack(0x000000958fe00000,0x000000958ff00000)]
  0x000001b1fa6b4800 JavaThread "Netty Client IO #0" daemon [_thread_blocked, id=2572, stack(0x000000958fd00000,0x000000958fe00000)]
  0x000001b1fa6b3000 JavaThread "Netty IO #0" daemon [_thread_blocked, id=23380, stack(0x000000958f700000,0x000000958f800000)]
  0x000001b1fa6b9000 JavaThread "Server thread" [_thread_blocked, id=4988, stack(0x000000958f500000,0x000000958f600000)]
  0x000001b1fa241800 JavaThread "LWJGL Timer" daemon [_thread_blocked, id=13536, stack(0x000000958f600000,0x000000958f700000)]
  0x000001b1f7a43800 JavaThread "Java2D Disposer" daemon [_thread_blocked, id=22216, stack(0x000000958ed00000,0x000000958ee00000)]
  0x000001b1fa24b800 JavaThread "Timer hack thread" daemon [_thread_blocked, id=23200, stack(0x000000958ec00000,0x000000958ed00000)]
  0x000001b1f7192800 JavaThread "Snooper Timer" daemon [_thread_blocked, id=23160, stack(0x000000958eb00000,0x000000958ec00000)]
  0x000001b1f26bf000 JavaThread "Service Thread" daemon [_thread_blocked, id=20088, stack(0x000000958e900000,0x000000958ea00000)]
  0x000001b1f25d8000 JavaThread "C1 CompilerThread11" daemon [_thread_blocked, id=21600, stack(0x000000958e800000,0x000000958e900000)]
  0x000001b1f25da800 JavaThread "C1 CompilerThread10" daemon [_thread_blocked, id=5056, stack(0x000000958e700000,0x000000958e800000)]
  0x000001b1f25de000 JavaThread "C1 CompilerThread9" daemon [_thread_blocked, id=1248, stack(0x000000958e600000,0x000000958e700000)]
  0x000001b1f25d7800 JavaThread "C1 CompilerThread8" daemon [_thread_blocked, id=8560, stack(0x000000958e500000,0x000000958e600000)]
  0x000001b1f2606800 JavaThread "C2 CompilerThread7" daemon [_thread_blocked, id=2268, stack(0x000000958e400000,0x000000958e500000)]
  0x000001b1f25f5800 JavaThread "C2 CompilerThread6" daemon [_thread_blocked, id=2704, stack(0x000000958e300000,0x000000958e400000)]
  0x000001b1f25f4000 JavaThread "C2 CompilerThread5" daemon [_thread_blocked, id=12696, stack(0x000000958e200000,0x000000958e300000)]
  0x000001b1f25ee000 JavaThread "C2 CompilerThread4" daemon [_thread_blocked, id=12556, stack(0x000000958e100000,0x000000958e200000)]
  0x000001b1f25ed000 JavaThread "C2 CompilerThread3" daemon [_thread_blocked, id=2940, stack(0x000000958e000000,0x000000958e100000)]
  0x000001b1f25ec800 JavaThread "C2 CompilerThread2" daemon [_thread_blocked, id=19840, stack(0x000000958df00000,0x000000958e000000)]
  0x000001b1f25e6800 JavaThread "C2 CompilerThread1" daemon [_thread_blocked, id=6184, stack(0x000000958de00000,0x000000958df00000)]
  0x000001b1f25e5000 JavaThread "C2 CompilerThread0" daemon [_thread_blocked, id=7860, stack(0x000000958dd00000,0x000000958de00000)]
  0x000001b1f25e2800 JavaThread "Attach Listener" daemon [_thread_blocked, id=8784, stack(0x000000958dc00000,0x000000958dd00000)]
  0x000001b1f25d5800 JavaThread "Signal Dispatcher" daemon [_thread_blocked, id=22004, stack(0x000000958db00000,0x000000958dc00000)]
  0x000001b1f25b1800 JavaThread "Finalizer" daemon [_thread_blocked, id=2720, stack(0x000000958da00000,0x000000958db00000)]
  0x000001b1ef8c5800 JavaThread "Reference Handler" daemon [_thread_blocked, id=10120, stack(0x000000958d900000,0x000000958da00000)]
  0x000001b1d88f8000 JavaThread "Client thread" [_thread_blocked, id=19468, stack(0x000000958ca00000,0x000000958cb00000)]

Other Threads:
=>0x000001b1ef8bc000 VMThread [stack: 0x000000958d800000,0x000000958d900000] [id=11156]

VM state:at safepoint (shutting down)

VM Mutex/Monitor currently owned by a thread:  ([mutex/lock_event])
[0x000001b1d88f4d70] Threads_lock - owner thread: 0x000001b1ef8bc000

heap address: 0x00000003c1400000, size: 16364 MB, Compressed Oops mode: Zero based, Oop shift amount: 3
Narrow klass base: 0x0000000000000000, Narrow klass shift: 3
Compressed class space size: 1073741824 Address: 0x00000007c0000000

Heap:
 PSYoungGen      total 770048K, used 183322K [0x000000066b180000, 0x00000006a7100000, 0x00000007c0000000)
  eden space 688640K, 24% used [0x000000066b180000,0x000000067565de00,0x0000000695200000)
  from space 81408K, 17% used [0x0000000695200000,0x0000000696028c30,0x000000069a180000)
  to   space 79360K, 0% used [0x00000006a2380000,0x00000006a2380000,0x00000006a7100000)
 ParOldGen       total 429568K, used 157390K [0x00000003c1400000, 0x00000003db780000, 0x000000066b180000)
  object space 429568K, 36% used [0x00000003c1400000,0x00000003cadb3bb0,0x00000003db780000)
 Metaspace       used 43321K, capacity 43817K, committed 44160K, reserved 1087488K
  class space    used 4997K, capacity 5127K, committed 5248K, reserved 1048576K

Card table byte_map: [0x000001b1e9740000,0x000001b1eb740000] byte_map_base: 0x000001b1e7936000

Marking Bits: (ParMarkBitMap*) 0x00007ffc628da3e0
 Begin Bits: [0x000001b180000000, 0x000001b18ffb0000)
 End Bits:   [0x000001b18ffb0000, 0x000001b19ff60000)

Polling page: 0x000001b1d8b60000

CodeCache: size=245760Kb used=35114Kb max_used=36570Kb free=210645Kb
 bounds [0x000001b1da380000, 0x000001b1dc770000, 0x000001b1e9380000]
 total_blobs=8484 nmethods=7634 adapters=756
 compilation: enabled

Compilation events (10 events):
Event: 46.124 Thread 0x000001b1f25ed000 nmethod 10332 0x000001b1dba85910 code [0x000001b1dba85a60, 0x000001b1dba85d98]
Event: 46.125 Thread 0x000001b1f25f5800 nmethod 10333 0x000001b1dc3cb790 code [0x000001b1dc3cb900, 0x000001b1dc3cbc98]
Event: 46.126 Thread 0x000001b1f25e6800 nmethod 10334 0x000001b1db3731d0 code [0x000001b1db373320, 0x000001b1db373608]
Event: 46.126 Thread 0x000001b1f25f4000 nmethod 10335 0x000001b1db48a810 code [0x000001b1db48a980, 0x000001b1db48ac98]
Event: 46.131 Thread 0x000001b1f25da800 10338       1       net.minecraft.world.WorldProvider::canRespawnHere (2 bytes)
Event: 46.131 Thread 0x000001b1f25e5000 10337       4       java.lang.Integer::equals (29 bytes)
Event: 46.131 Thread 0x000001b1f25da800 nmethod 10338 0x000001b1db372f10 code [0x000001b1db373060, 0x000001b1db373178]
Event: 46.132 Thread 0x000001b1f25e5000 nmethod 10337 0x000001b1db1b6dd0 code [0x000001b1db1b6f20, 0x000001b1db1b6fd8]
Event: 46.182 Thread 0x000001b1f25ec800 10339       4       net.minecraft.nbt.NBTTagShort::write (11 bytes)
Event: 46.183 Thread 0x000001b1f25ec800 nmethod 10339 0x000001b1db638ad0 code [0x000001b1db638c20, 0x000001b1db638d38]

GC Heap History (10 events):
Event: 13.718 GC heap before
{Heap before GC invocations=16 (full 5):
 PSYoungGen      total 635392K, used 57319K [0x000000066b180000, 0x0000000697880000, 0x00000007c0000000)
  eden space 552448K, 0% used [0x000000066b180000,0x000000066b180000,0x000000068cd00000)
  from space 82944K, 69% used [0x000000068cd00000,0x00000006904f9fe8,0x0000000691e00000)
  to   space 86528K, 0% used [0x0000000692400000,0x0000000692400000,0x0000000697880000)
 ParOldGen       total 429568K, used 64313K [0x00000003c1400000, 0x00000003db780000, 0x000000066b180000)
  object space 429568K, 14% used [0x00000003c1400000,0x00000003c52ce490,0x00000003db780000)
 Metaspace       used 36400K, capacity 36765K, committed 37120K, reserved 1081344K
  class space    used 4366K, capacity 4519K, committed 4608K, reserved 1048576K
Event: 13.825 GC heap after
Heap after GC invocations=16 (full 5):
 PSYoungGen      total 635392K, used 0K [0x000000066b180000, 0x0000000697880000, 0x00000007c0000000)
  eden space 552448K, 0% used [0x000000066b180000,0x000000066b180000,0x000000068cd00000)
  from space 82944K, 0% used [0x000000068cd00000,0x000000068cd00000,0x0000000691e00000)
  to   space 86528K, 0% used [0x0000000692400000,0x0000000692400000,0x0000000697880000)
 ParOldGen       total 429568K, used 115865K [0x00000003c1400000, 0x00000003db780000, 0x000000066b180000)
  object space 429568K, 26% used [0x00000003c1400000,0x00000003c8526528,0x00000003db780000)
 Metaspace       used 36400K, capacity 36765K, committed 37120K, reserved 1081344K
  class space    used 4366K, capacity 4519K, committed 4608K, reserved 1048576K
}
Event: 18.288 GC heap before
{Heap before GC invocations=17 (full 5):
 PSYoungGen      total 635392K, used 552448K [0x000000066b180000, 0x0000000697880000, 0x00000007c0000000)
  eden space 552448K, 100% used [0x000000066b180000,0x000000068cd00000,0x000000068cd00000)
  from space 82944K, 0% used [0x000000068cd00000,0x000000068cd00000,0x0000000691e00000)
  to   space 86528K, 0% used [0x0000000692400000,0x0000000692400000,0x0000000697880000)
 ParOldGen       total 429568K, used 115865K [0x00000003c1400000, 0x00000003db780000, 0x000000066b180000)
  object space 429568K, 26% used [0x00000003c1400000,0x00000003c8526528,0x00000003db780000)
 Metaspace       used 42807K, capacity 43267K, committed 43520K, reserved 1087488K
  class space    used 4975K, capacity 5094K, committed 5120K, reserved 1048576K
Event: 18.294 GC heap after
Heap after GC invocations=17 (full 5):
 PSYoungGen      total 644608K, used 41208K [0x000000066b180000, 0x00000006a8200000, 0x00000007c0000000)
  eden space 558080K, 0% used [0x000000066b180000,0x000000066b180000,0x000000068d280000)
  from space 86528K, 47% used [0x0000000692400000,0x0000000694c3e3d0,0x0000000697880000)
  to   space 83456K, 0% used [0x000000068d280000,0x000000068d280000,0x0000000692400000)
 ParOldGen       total 429568K, used 115881K [0x00000003c1400000, 0x00000003db780000, 0x000000066b180000)
  object space 429568K, 26% used [0x00000003c1400000,0x00000003c852a528,0x00000003db780000)
 Metaspace       used 42807K, capacity 43267K, committed 43520K, reserved 1087488K
  class space    used 4975K, capacity 5094K, committed 5120K, reserved 1048576K
}
Event: 24.343 GC heap before
{Heap before GC invocations=18 (full 5):
 PSYoungGen      total 644608K, used 599288K [0x000000066b180000, 0x00000006a8200000, 0x00000007c0000000)
  eden space 558080K, 100% used [0x000000066b180000,0x000000068d280000,0x000000068d280000)
  from space 86528K, 47% used [0x0000000692400000,0x0000000694c3e3d0,0x0000000697880000)
  to   space 83456K, 0% used [0x000000068d280000,0x000000068d280000,0x0000000692400000)
 ParOldGen       total 429568K, used 115881K [0x00000003c1400000, 0x00000003db780000, 0x000000066b180000)
  object space 429568K, 26% used [0x00000003c1400000,0x00000003c852a528,0x00000003db780000)
 Metaspace       used 43035K, capacity 43401K, committed 43776K, reserved 1087488K
  class space    used 4984K, capacity 5095K, committed 5120K, reserved 1048576K
Event: 24.354 GC heap after
Heap after GC invocations=18 (full 5):
 PSYoungGen      total 641536K, used 13354K [0x000000066b180000, 0x00000006a0780000, 0x00000007c0000000)
  eden space 558080K, 0% used [0x000000066b180000,0x000000066b180000,0x000000068d280000)
  from space 83456K, 16% used [0x000000068d280000,0x000000068df8aa90,0x0000000692400000)
  to   space 82432K, 0% used [0x000000069b700000,0x000000069b700000,0x00000006a0780000)
 ParOldGen       total 429568K, used 157374K [0x00000003c1400000, 0x00000003db780000, 0x000000066b180000)
  object space 429568K, 36% used [0x00000003c1400000,0x00000003cadafbb0,0x00000003db780000)
 Metaspace       used 43035K, capacity 43401K, committed 43776K, reserved 1087488K
  class space    used 4984K, capacity 5095K, committed 5120K, reserved 1048576K
}
Event: 30.233 GC heap before
{Heap before GC invocations=19 (full 5):
 PSYoungGen      total 641536K, used 571434K [0x000000066b180000, 0x00000006a0780000, 0x00000007c0000000)
  eden space 558080K, 100% used [0x000000066b180000,0x000000068d280000,0x000000068d280000)
  from space 83456K, 16% used [0x000000068d280000,0x000000068df8aa90,0x0000000692400000)
  to   space 82432K, 0% used [0x000000069b700000,0x000000069b700000,0x00000006a0780000)
 ParOldGen       total 429568K, used 157374K [0x00000003c1400000, 0x00000003db780000, 0x000000066b180000)
  object space 429568K, 36% used [0x00000003c1400000,0x00000003cadafbb0,0x00000003db780000)
 Metaspace       used 43145K, capacity 43593K, committed 44032K, reserved 1087488K
  class space    used 4984K, capacity 5095K, committed 5120K, reserved 1048576K
Event: 30.236 GC heap after
Heap after GC invocations=19 (full 5):
 PSYoungGen      total 748032K, used 13922K [0x000000066b180000, 0x000000069f100000, 0x00000007c0000000)
  eden space 688640K, 0% used [0x000000066b180000,0x000000066b180000,0x0000000695200000)
  from space 59392K, 23% used [0x000000069b700000,0x000000069c498b70,0x000000069f100000)
  to   space 81408K, 0% used [0x0000000695200000,0x0000000695200000,0x000000069a180000)
 ParOldGen       total 429568K, used 157382K [0x00000003c1400000, 0x00000003db780000, 0x000000066b180000)
  object space 429568K, 36% used [0x00000003c1400000,0x00000003cadb1bb0,0x00000003db780000)
 Metaspace       used 43145K, capacity 43593K, committed 44032K, reserved 1087488K
  class space    used 4984K, capacity 5095K, committed 5120K, reserved 1048576K
}
Event: 42.844 GC heap before
{Heap before GC invocations=20 (full 5):
 PSYoungGen      total 748032K, used 702562K [0x000000066b180000, 0x000000069f100000, 0x00000007c0000000)
  eden space 688640K, 100% used [0x000000066b180000,0x0000000695200000,0x0000000695200000)
  from space 59392K, 23% used [0x000000069b700000,0x000000069c498b70,0x000000069f100000)
  to   space 81408K, 0% used [0x0000000695200000,0x0000000695200000,0x000000069a180000)
 ParOldGen       total 429568K, used 157382K [0x00000003c1400000, 0x00000003db780000, 0x000000066b180000)
  object space 429568K, 36% used [0x00000003c1400000,0x00000003cadb1bb0,0x00000003db780000)
 Metaspace       used 43244K, capacity 43721K, committed 44032K, reserved 1087488K
  class space    used 4987K, capacity 5095K, committed 5120K, reserved 1048576K
Event: 42.847 GC heap after
Heap after GC invocations=20 (full 5):
 PSYoungGen      total 770048K, used 14499K [0x000000066b180000, 0x00000006a7100000, 0x00000007c0000000)
  eden space 688640K, 0% used [0x000000066b180000,0x000000066b180000,0x0000000695200000)
  from space 81408K, 17% used [0x0000000695200000,0x0000000696028c30,0x000000069a180000)
  to   space 79360K, 0% used [0x00000006a2380000,0x00000006a2380000,0x00000006a7100000)
 ParOldGen       total 429568K, used 157390K [0x00000003c1400000, 0x00000003db780000, 0x000000066b180000)
  object space 429568K, 36% used [0x00000003c1400000,0x00000003cadb3bb0,0x00000003db780000)
 Metaspace       used 43244K, capacity 43721K, committed 44032K, reserved 1087488K
  class space    used 4987K, capacity 5095K, committed 5120K, reserved 1048576K
}

Deoptimization events (10 events):
Event: 45.853 Thread 0x000001b1fa6b4800 Uncommon trap: reason=unstable_if action=reinterpret pc=0x000001b1db627880 method=io.netty.channel.local.LocalChannel.isActive()Z @ 5
Event: 45.874 Thread 0x000001b1fa6b9000 Uncommon trap: reason=class_check action=maybe_recompile pc=0x000001b1dadda614 method=java.util.concurrent.ConcurrentHashMap.putVal(Ljava/lang/Object;Ljava/lang/Object;Z)Ljava/lang/Object; @ 192
Event: 45.874 Thread 0x000001b1fa6b9000 Uncommon trap: reason=class_check action=maybe_recompile pc=0x000001b1dadda614 method=java.util.concurrent.ConcurrentHashMap.putVal(Ljava/lang/Object;Ljava/lang/Object;Z)Ljava/lang/Object; @ 192
Event: 45.875 Thread 0x000001b1fa6b9000 Uncommon trap: reason=class_check action=maybe_recompile pc=0x000001b1dadda614 method=java.util.concurrent.ConcurrentHashMap.putVal(Ljava/lang/Object;Ljava/lang/Object;Z)Ljava/lang/Object; @ 192
Event: 45.875 Thread 0x000001b1fa6b9000 Uncommon trap: reason=class_check action=maybe_recompile pc=0x000001b1dadda614 method=java.util.concurrent.ConcurrentHashMap.putVal(Ljava/lang/Object;Ljava/lang/Object;Z)Ljava/lang/Object; @ 192
Event: 46.107 Thread 0x000001b1d88f8000 Uncommon trap: reason=unstable_if action=reinterpret pc=0x000001b1daae33d8 method=cpw.mods.fml.relauncher.FMLSecurityManager.checkPermission(Ljava/security/Permission;)V @ 23
Event: 46.118 Thread 0x000001b1f6dc2000 Uncommon trap: reason=unstable_if action=reinterpret pc=0x000001b1dba144d0 method=io.netty.channel.local.LocalChannel.isOpen()Z @ 5
Event: 46.130 Thread 0x000001b1f6dc2000 Uncommon trap: reason=unstable_if action=reinterpret pc=0x000001b1dbb035f4 method=com.google.common.collect.MapMakerInternalMap$Segment.getEntry(Ljava/lang/Object;I)Lcom/google/common/collect/MapMakerInternalMap$ReferenceEntry; @ 4
Event: 46.131 Thread 0x000001b1f6dc2000 Uncommon trap: reason=unstable_if action=reinterpret pc=0x000001b1dbacadc8 method=com.google.common.collect.MapMakerInternalMap$Segment.getEntry(Ljava/lang/Object;I)Lcom/google/common/collect/MapMakerInternalMap$ReferenceEntry; @ 4
Event: 46.132 Thread 0x000001b1f6dc2000 Uncommon trap: reason=unstable_if action=reinterpret pc=0x000001b1dba3f49c method=com.google.common.collect.MapMakerInternalMap$Segment.getEntry(Ljava/lang/Object;I)Lcom/google/common/collect/MapMakerInternalMap$ReferenceEntry; @ 4

Classes redefined (0 events):
No events

Internal exceptions (10 events):
Event: 45.710 Thread 0x000001b1fa6b6000 Exception <a 'java/lang/InterruptedException': sleep interrupted> (0x000000067167cd58) thrown at [C:\jenkins\workspace\8-2-build-windows-x64-cygwin-sans-NAS\jdk8u471\2292\hotspot\src\share\vm\prims\jvm.cpp, line 3359]
Event: 45.719 Thread 0x000001b1fa6b6000 Exception <a 'java/lang/InterruptedException': sleep interrupted> (0x000000067167cfb0) thrown at [C:\jenkins\workspace\8-2-build-windows-x64-cygwin-sans-NAS\jdk8u471\2292\hotspot\src\share\vm\prims\jvm.cpp, line 3359]
Event: 45.726 Thread 0x000001b1fa6b6000 Exception <a 'java/lang/InterruptedException': sleep interrupted> (0x000000067167d208) thrown at [C:\jenkins\workspace\8-2-build-windows-x64-cygwin-sans-NAS\jdk8u471\2292\hotspot\src\share\vm\prims\jvm.cpp, line 3359]
Event: 45.735 Thread 0x000001b1fa6b6000 Exception <a 'java/lang/InterruptedException': sleep interrupted> (0x000000067167d460) thrown at [C:\jenkins\workspace\8-2-build-windows-x64-cygwin-sans-NAS\jdk8u471\2292\hotspot\src\share\vm\prims\jvm.cpp, line 3359]
Event: 45.743 Thread 0x000001b1fa6b6000 Exception <a 'java/lang/InterruptedException': sleep interrupted> (0x000000067167d6b8) thrown at [C:\jenkins\workspace\8-2-build-windows-x64-cygwin-sans-NAS\jdk8u471\2292\hotspot\src\share\vm\prims\jvm.cpp, line 3359]
Event: 45.823 Thread 0x000001b1fa6b6000 Exception <a 'java/lang/InterruptedException': sleep interrupted> (0x000000067167d910) thrown at [C:\jenkins\workspace\8-2-build-windows-x64-cygwin-sans-NAS\jdk8u471\2292\hotspot\src\share\vm\prims\jvm.cpp, line 3359]
Event: 45.826 Thread 0x000001b1fa6b6000 Exception <a 'java/lang/InterruptedException': sleep interrupted> (0x000000067167db68) thrown at [C:\jenkins\workspace\8-2-build-windows-x64-cygwin-sans-NAS\jdk8u471\2292\hotspot\src\share\vm\prims\jvm.cpp, line 3359]
Event: 45.826 Thread 0x000001b1fa6b6000 Exception <a 'java/lang/InterruptedException': sleep interrupted> (0x000000067167ddc0) thrown at [C:\jenkins\workspace\8-2-build-windows-x64-cygwin-sans-NAS\jdk8u471\2292\hotspot\src\share\vm\prims\jvm.cpp, line 3359]
Event: 45.926 Thread 0x000001b1fa6b7800 Exception <a 'java/lang/InterruptedException': sleep interrupted> (0x0000000672582a18) thrown at [C:\jenkins\workspace\8-2-build-windows-x64-cygwin-sans-NAS\jdk8u471\2292\hotspot\src\share\vm\prims\jvm.cpp, line 3359]
Event: 46.107 Thread 0x000001b1d88f8000 Exception <a 'org/lwjgl/LWJGLException': Failed to set device gamma.> (0x00000006736d96f8) thrown at [C:\jenkins\workspace\8-2-build-windows-x64-cygwin-sans-NAS\jdk8u471\2292\hotspot\src\share\vm\prims\jni.cpp, line 737]

Events (10 events):
Event: 46.132 Thread 0x000001b1f6dc2000 DEOPT PACKING pc=0x000001b1dba3f49c sp=0x000000958fafecb0
Event: 46.132 Thread 0x000001b1f6dc2000 DEOPT UNPACKING pc=0x000001b1da3c58c3 sp=0x000000958fafec08 mode 2
Event: 46.132 Thread 0x000001b1f25da800 flushing nmethod 0x000001b1db1b6dd0
Event: 46.196 Executing VM operation: RevokeBias
Event: 46.196 Executing VM operation: RevokeBias done
Event: 46.196 Thread 0x000001b1f6dc2000 Thread exited: 0x000001b1f6dc2000
Event: 46.196 Executing VM operation: RevokeBias
Event: 46.196 Executing VM operation: RevokeBias done
Event: 46.196 Thread 0x000001b1fa6b8000 Thread exited: 0x000001b1fa6b8000
Event: 46.196 Executing VM operation: Exit


Dynamic libraries:
0x00007ff72c390000 - 0x00007ff72c3df000 	C:\Program Files\Java\jdk-1.8\bin\java.exe
0x00007ffcfc1b0000 - 0x00007ffcfc3a8000 	C:\Windows\SYSTEM32\ntdll.dll
0x00007ffcfb100000 - 0x00007ffcfb1c2000 	C:\Windows\System32\KERNEL32.DLL
0x00007ffcf9c10000 - 0x00007ffcf9f06000 	C:\Windows\System32\KERNELBASE.dll
0x00007ffcfa570000 - 0x00007ffcfa621000 	C:\Windows\System32\ADVAPI32.dll
0x00007ffcfb1d0000 - 0x00007ffcfb26e000 	C:\Windows\System32\msvcrt.dll
0x00007ffcfa250000 - 0x00007ffcfa2ef000 	C:\Windows\System32\sechost.dll
0x00007ffcfb270000 - 0x00007ffcfb390000 	C:\Windows\System32\RPCRT4.dll
0x00007ffcf9be0000 - 0x00007ffcf9c07000 	C:\Windows\System32\bcrypt.dll
0x00007ffcfa2f0000 - 0x00007ffcfa491000 	C:\Windows\System32\USER32.dll
0x00007ffcf9840000 - 0x00007ffcf9862000 	C:\Windows\System32\win32u.dll
0x00007ffcfada0000 - 0x00007ffcfadcb000 	C:\Windows\System32\GDI32.dll
0x00007ffcf99d0000 - 0x00007ffcf9ae9000 	C:\Windows\System32\gdi32full.dll
0x00007ffcf9af0000 - 0x00007ffcf9b8d000 	C:\Windows\System32\msvcp_win.dll
0x00007ffcf9f10000 - 0x00007ffcfa010000 	C:\Windows\System32\ucrtbase.dll
0x00007ffcdd730000 - 0x00007ffcdd9cb000 	C:\Windows\WinSxS\amd64_microsoft.windows.common-controls_6595b64144ccf1df_6.0.19041.6456_none_60b8a6cb71f64256\COMCTL32.dll
0x00007ffcfb390000 - 0x00007ffcfb3bf000 	C:\Windows\System32\IMM32.DLL
0x00007ffce03d0000 - 0x00007ffce03eb000 	C:\Program Files\Java\jdk-1.8\jre\bin\vcruntime140.dll
0x00007ffcf6270000 - 0x00007ffcf627c000 	C:\Program Files\Java\jdk-1.8\jre\bin\vcruntime140_1.dll
0x00007ffcdfd90000 - 0x00007ffcdfe1e000 	C:\Program Files\Java\jdk-1.8\jre\bin\msvcp140.dll
0x00007ffc62100000 - 0x00007ffc629aa000 	C:\Program Files\Java\jdk-1.8\jre\bin\server\jvm.dll
0x00007ffcfad20000 - 0x00007ffcfad28000 	C:\Windows\System32\PSAPI.DLL
0x00007ffcf5b70000 - 0x00007ffcf5b79000 	C:\Windows\SYSTEM32\WSOCK32.dll
0x00007ffcf0570000 - 0x00007ffcf0597000 	C:\Windows\SYSTEM32\WINMM.dll
0x00007ffcf4390000 - 0x00007ffcf439a000 	C:\Windows\SYSTEM32\VERSION.dll
0x00007ffcfad30000 - 0x00007ffcfad9b000 	C:\Windows\System32\WS2_32.dll
0x00007ffcf80a0000 - 0x00007ffcf80b2000 	C:\Windows\SYSTEM32\kernel.appcore.dll
0x00007ffcf4910000 - 0x00007ffcf4920000 	C:\Program Files\Java\jdk-1.8\jre\bin\verify.dll
0x00007ffce03a0000 - 0x00007ffce03cb000 	C:\Program Files\Java\jdk-1.8\jre\bin\java.dll
0x00007ffce0380000 - 0x00007ffce0398000 	C:\Program Files\Java\jdk-1.8\jre\bin\zip.dll
0x00007ffcfba00000 - 0x00007ffcfc170000 	C:\Windows\System32\SHELL32.dll
0x00007ffcf7450000 - 0x00007ffcf7bf5000 	C:\Windows\SYSTEM32\windows.storage.dll
0x00007ffcfb6a0000 - 0x00007ffcfb9f4000 	C:\Windows\System32\combase.dll
0x00007ffcf9190000 - 0x00007ffcf91bb000 	C:\Windows\SYSTEM32\Wldp.dll
0x00007ffcfb5d0000 - 0x00007ffcfb69d000 	C:\Windows\System32\OLEAUT32.dll
0x00007ffcfa4a0000 - 0x00007ffcfa54d000 	C:\Windows\System32\SHCORE.dll
0x00007ffcfaf80000 - 0x00007ffcfafdb000 	C:\Windows\System32\shlwapi.dll
0x00007ffcf9770000 - 0x00007ffcf9794000 	C:\Windows\SYSTEM32\profapi.dll
0x00007ffcf32b0000 - 0x00007ffcf32bd000 	C:\Program Files\Java\jdk-1.8\jre\bin\management.dll
0x00007ffcdfd70000 - 0x00007ffcdfd8c000 	C:\Program Files\Java\jdk-1.8\jre\bin\net.dll
0x00007ffcf8ef0000 - 0x00007ffcf8f5a000 	C:\Windows\system32\mswsock.dll
0x00007ffcdfd50000 - 0x00007ffcdfd63000 	C:\Program Files\Java\jdk-1.8\jre\bin\nio.dll
0x00007ffccf260000 - 0x00007ffccf277000 	C:\Windows\system32\napinsp.dll
0x00007ffccf2b0000 - 0x00007ffccf2cb000 	C:\Windows\system32\pnrpnsp.dll
0x00007ffcf6050000 - 0x00007ffcf606d000 	C:\Windows\system32\wshbth.dll
0x00007ffcf48f0000 - 0x00007ffcf490d000 	C:\Windows\system32\NLAapi.dll
0x00007ffcf8bd0000 - 0x00007ffcf8c0b000 	C:\Windows\SYSTEM32\IPHLPAPI.DLL
0x00007ffcf8c10000 - 0x00007ffcf8cda000 	C:\Windows\SYSTEM32\DNSAPI.dll
0x00007ffcfa550000 - 0x00007ffcfa558000 	C:\Windows\System32\NSI.dll
0x00007ffccf3d0000 - 0x00007ffccf3e2000 	C:\Windows\System32\winrnr.dll
0x00007ffcf3220000 - 0x00007ffcf322a000 	C:\Windows\System32\rasadhlp.dll
0x00007ffce0170000 - 0x00007ffce01f0000 	C:\Windows\System32\fwpuclnt.dll
0x0000000180000000 - 0x0000000180051000 	C:\Users\chuck\.gradle\caches\minecraft\net\minecraft\minecraft_natives\1.7.10\lwjgl64.dll
0x00007ffc802d0000 - 0x00007ffc803f8000 	C:\Windows\SYSTEM32\OPENGL32.dll
0x00007ffc802a0000 - 0x00007ffc802cc000 	C:\Windows\SYSTEM32\GLU32.dll
0x00007ffcf90f0000 - 0x00007ffcf9108000 	C:\Windows\SYSTEM32\CRYPTSP.dll
0x00007ffcf8810000 - 0x00007ffcf8848000 	C:\Windows\system32\rsaenh.dll
0x00007ffcf9730000 - 0x00007ffcf975e000 	C:\Windows\SYSTEM32\USERENV.dll
0x00007ffcfa0c0000 - 0x00007ffcfa142000 	C:\Windows\System32\bcryptprimitives.dll
0x00007ffcf90e0000 - 0x00007ffcf90ec000 	C:\Windows\SYSTEM32\CRYPTBASE.dll
0x00007ffcf3290000 - 0x00007ffcf32a7000 	C:\Windows\SYSTEM32\dhcpcsvc6.DLL
0x00007ffcf40a0000 - 0x00007ffcf40bd000 	C:\Windows\SYSTEM32\dhcpcsvc.DLL
0x00007ffc65a20000 - 0x00007ffc65b9e000 	C:\Program Files\Java\jdk-1.8\jre\bin\awt.dll
0x00007ffcf1830000 - 0x00007ffcf18c4000 	C:\Windows\SYSTEM32\apphelp.dll
0x00007ffcebfa0000 - 0x00007ffcec04e000 	C:\Windows\SYSTEM32\mscms.dll
0x00007ffcebf80000 - 0x00007ffcebf91000 	C:\Windows\SYSTEM32\ColorAdapterClient.dll
0x00007ffcf6d80000 - 0x00007ffcf6e1e000 	C:\Windows\system32\uxtheme.dll
0x000001b19ff60000 - 0x000001b1a7fd3000 	C:\Program Files (x86)\ASUS\GPUTweakIII\GTIII-OSD\x64\GTIII-OSD64-VK.dll
0x00007ffcfb3c0000 - 0x00007ffcfb4eb000 	C:\Windows\System32\ole32.dll
0x00007ffc80c20000 - 0x00007ffc80da6000 	C:\Windows\SYSTEM32\vulkan-1.dll
0x00007ffcf9b90000 - 0x00007ffcf9bde000 	C:\Windows\System32\CFGMGR32.dll
0x00007ffcfafe0000 - 0x00007ffcfb0f5000 	C:\Windows\System32\MSCTF.dll
0x00007ffcfa630000 - 0x00007ffcfa6d9000 	C:\Windows\System32\clbcatq.dll
0x00007ffc46ff0000 - 0x00007ffc49944000 	C:\Windows\System32\DriverStore\FileRepository\nv_dispi.inf_amd64_20ae8f14a487d5db\nvoglv64.dll
0x00007ffcfa740000 - 0x00007ffcfabb0000 	C:\Windows\System32\SETUPAPI.dll
0x00007ffcf5490000 - 0x00007ffcf54a4000 	C:\Windows\SYSTEM32\WTSAPI32.dll
0x00007ffcf9320000 - 0x00007ffcf9332000 	C:\Windows\SYSTEM32\msasn1.dll
0x00007ffcf4350000 - 0x00007ffcf4381000 	C:\Windows\SYSTEM32\cryptnet.dll
0x00007ffcf9870000 - 0x00007ffcf99cd000 	C:\Windows\System32\CRYPT32.dll
0x00007ffcf3f50000 - 0x00007ffcf4097000 	C:\Windows\SYSTEM32\drvstore.dll
0x00007ffcf9500000 - 0x00007ffcf9533000 	C:\Windows\SYSTEM32\devobj.dll
0x00007ffcfa150000 - 0x00007ffcfa1c3000 	C:\Windows\System32\WINTRUST.dll
0x00007ffcf8a60000 - 0x00007ffcf8a93000 	C:\Windows\SYSTEM32\ntmarta.dll
0x00007ffcfa230000 - 0x00007ffcfa24d000 	C:\Windows\System32\imagehlp.dll
0x00007ffce6b50000 - 0x00007ffcea8e4000 	C:\Windows\System32\DriverStore\FileRepository\nv_dispi.inf_amd64_20ae8f14a487d5db\nvgpucomp64.dll
0x00007ffcea8f0000 - 0x00007ffcea92b000 	C:\Windows\SYSTEM32\dxcore.dll
0x00007ffc7da90000 - 0x00007ffc7dbd7000 	C:\Windows\system32\nvspcap64.dll
0x00007ffcf7160000 - 0x00007ffcf718e000 	C:\Windows\SYSTEM32\dwmapi.dll
0x00007ffceda10000 - 0x00007ffcedb09000 	C:\Windows\SYSTEM32\textinputframework.dll
0x00007ffcf13f0000 - 0x00007ffcf174b000 	C:\Windows\System32\CoreUIComponents.dll
0x00007ffcf40c0000 - 0x00007ffcf41b2000 	C:\Windows\System32\CoreMessaging.dll
0x00007ffcf6390000 - 0x00007ffcf64e7000 	C:\Windows\SYSTEM32\wintypes.dll
0x00007ffcdfe90000 - 0x00007ffcdfed5000 	C:\Windows\SYSTEM32\icm32.dll
0x00007ffcf96a0000 - 0x00007ffcf96eb000 	C:\Windows\SYSTEM32\powrprof.dll
0x00007ffcf9680000 - 0x00007ffcf9692000 	C:\Windows\SYSTEM32\UMPDC.dll
0x00007ffcf9560000 - 0x00007ffcf95c3000 	C:\Windows\SYSTEM32\WINSTA.dll
0x0000000070a40000 - 0x0000000070adc000 	C:\Users\chuck\.gradle\caches\minecraft\net\minecraft\minecraft_natives\1.7.10\avutil-ttv-51.dll
0x0000000065980000 - 0x00000000659d6000 	C:\Users\chuck\.gradle\caches\minecraft\net\minecraft\minecraft_natives\1.7.10\swresample-ttv-0.dll
0x000000006eb80000 - 0x000000006ec50000 	C:\Users\chuck\.gradle\caches\minecraft\net\minecraft\minecraft_natives\1.7.10\libmp3lame-ttv.dll
0x00007ffc45c40000 - 0x00007ffc46fe4000 	C:\Users\chuck\.gradle\caches\minecraft\net\minecraft\minecraft_natives\1.7.10\libmfxsw64.dll
0x00007ffc63a00000 - 0x00007ffc63b2b000 	C:\Users\chuck\.gradle\caches\minecraft\net\minecraft\minecraft_natives\1.7.10\twitchsdk.dll
0x00007ffcdd250000 - 0x00007ffcdd726000 	C:\Windows\SYSTEM32\WININET.dll
0x000001b1c95d0000 - 0x000001b1d1621000 	C:\Program Files (x86)\ASUS\GPUTweakIII\GTIII-OSD\x64\GTIII-OSD64-GL.dll
0x000000005fe00000 - 0x000000005fe63000 	C:\Program Files (x86)\ASUS\GPUTweakIII\GTIII-OSD\x64\glew32.dll
0x000001b1faf40000 - 0x000001b2030c7000 	C:\Program Files (x86)\ASUS\GPUTweakIII\GTIII-OSD\x64\GTIII-OSD64.dll
0x00007ffcd9490000 - 0x00007ffcd94b5000 	C:\Windows\SYSTEM32\d3d12.dll
0x00007ffc80400000 - 0x00007ffc80663000 	C:\Windows\SYSTEM32\d3dx9_43.dll
0x00007ffcef3c0000 - 0x00007ffcef81d000 	C:\Windows\SYSTEM32\D3DCOMPILER_47.dll
0x00007ffc80670000 - 0x00007ffc806a1000 	C:\Windows\SYSTEM32\d3d10_1.dll
0x00007ffccf3a0000 - 0x00007ffccf3ad000 	C:\Windows\SYSTEM32\d3d10_1core.dll
0x00007ffceeb90000 - 0x00007ffceedf4000 	C:\Windows\SYSTEM32\d3d11.dll
0x00007ffcf80c0000 - 0x00007ffcf81b6000 	C:\Windows\SYSTEM32\dxgi.dll
0x00007ffcca960000 - 0x00007ffccab31000 	C:\Windows\SYSTEM32\d3d9.dll
0x00007ffcdc0d0000 - 0x00007ffcdc17c000 	C:\Windows\SYSTEM32\TextShaping.dll
0x000001b1b1f00000 - 0x000001b1b1f64000 	C:\Users\chuck\.gradle\caches\minecraft\net\minecraft\minecraft_natives\1.7.10\OpenAL64.dll
0x00007ffcf4ae0000 - 0x00007ffcf4b65000 	C:\Windows\System32\MMDevApi.dll
0x00007ffc7bb90000 - 0x00007ffc7bc2c000 	C:\Windows\SYSTEM32\dsound.dll
0x00007ffcdd9d0000 - 0x00007ffcdd9f6000 	C:\Windows\SYSTEM32\winmmbase.dll
0x00007ffcf4bd0000 - 0x00007ffcf4d51000 	C:\Windows\SYSTEM32\AUDIOSES.DLL
0x00007ffcf6e50000 - 0x00007ffcf6e64000 	C:\Windows\SYSTEM32\resourcepolicyclient.dll
0x00007ffccf680000 - 0x00007ffccf6b4000 	C:\Program Files\Java\jdk-1.8\jre\bin\jpeg.dll
0x00007ffce0660000 - 0x00007ffce0685000 	C:\Program Files\Java\jdk-1.8\jre\bin\sunec.dll
0x00007ffceeac0000 - 0x00007ffceeace000 	C:\Program Files\Java\jdk-1.8\jre\bin\sunmscapi.dll
0x00007ffcf9200000 - 0x00007ffcf9227000 	C:\Windows\SYSTEM32\ncrypt.dll
0x00007ffcf91c0000 - 0x00007ffcf91fb000 	C:\Windows\SYSTEM32\NTASN1.dll
0x00007ffcf7cc0000 - 0x00007ffcf7ec1000 	C:\Windows\SYSTEM32\dbghelp.dll

VM Arguments:
jvm_args: -Dfile.encoding=UTF-8 -Duser.country=US -Duser.language=en -Duser.variant 
java_command: GradleStart
java_class_path (initial): C:\Users\chuck\.gradle\caches\minecraft\net\minecraftforge\forge\1.7.10-10.13.4.1614-1.7.10\start;C:\Users\chuck\.gradle\caches\minecraft\net\minecraftforge\forge\1.7.10-10.13.4.1614-1.7.10\forgeSrc-1.7.10-10.13.4.1614-1.7.10.jar;C:\Users\chuck\.gradle\caches\modules-2\files-2.1\net.minecraft\launchwrapper\1.12\111e7bea9c968cdb3d06ef4632bf7ff0824d0f36\launchwrapper-1.12.jar;C:\Users\chuck\.gradle\caches\modules-2\files-2.1\com.google.code.findbugs\jsr305\1.3.9\40719ea6961c0cb6afaeb6a921eaa1f6afd4cfdf\jsr305-1.3.9.jar;C:\Users\chuck\.gradle\caches\modules-2\files-2.1\org.ow2.asm\asm-debug-all\5.0.3\f9e364ae2a66ce2a543012a4668856e84e5dab74\asm-debug-all-5.0.3.jar;C:\Users\chuck\.gradle\caches\modules-2\files-2.1\com.typesafe.akka\akka-actor_2.11\2.3.3\ed62e9fc709ca0f2ff1a3220daa8b70a2870078e\akka-actor_2.11-2.3.3.jar;C:\Users\chuck\.gradle\caches\modules-2\files-2.1\com.typesafe\config\1.2.1\f771f71fdae3df231bcd54d5ca2d57f0bf93f467\config-1.2.1.jar;C:\Users\chuck\.gradle\caches\modules-2\files-2.1\org.scala-lang\scala-actors-migration_2.11\1.1.0\dfa8bc42b181d5b9f1a5dd147f8ae308b893eb6f\scala-actors-migration_2.11-1.1.0.jar;C:\Users\chuck\.gradle\caches\modules-2\files-2.1\org.scala-lang.plugins\scala-continuations-plugin_2.11.1\1.0.2\f361a3283452c57fa30c1ee69448995de23c60f7\scala-continuations-plugin_2.11.1-1.0.2.jar;C:\Users\chuck\.gradle\caches\modules-2\files-2.1\org.scala-lang\scala-compiler\2.11.1\56ea2e6c025e0821f28d73ca271218b8dd04926a\scala-compiler-2.11.1.jar;C:\Users\chuck\.gradle\caches\modules-2\files-2.1\org.scala-lang.plugins\scala-continuations-library_2.11\1.0.2\e517c53a7e9acd6b1668c5a35eccbaa3bab9aac\scala-continuations-library_2.11-1.0.2.jar;C:\Users\chuck\.gradle\caches\modules-2\files-2.1\org.scala-lang\scala-reflect\2.11.1\6580347e61cc7f8e802941e7fde40fa83b8badeb\scala-reflect-2.11.1.jar;C:\Users\chuck\.gradle\caches\modules-2\files-2.1\org.scala-lang\scala-actors\2.11.0\8ccfb6541de179bb1c4d45cf414acee069b7f78b\scala-a
Launcher Type: SUN_STANDARD

Environment Variables:
PATH=C:\Program Files\Eclipse Adoptium\jdk-8.0.462.8-hotspot\bin;C:\Program Files\Common Files\Oracle\Java\javapath;C:\Program Files (x86)\Common Files\Oracle\Java\java8path;C:\Program Files (x86)\Common Files\Oracle\Java\javapath;C:\Program Files (x86)\Razer Chroma SDK\bin;C:\Program Files\Razer Chroma SDK\bin;C:\Program Files (x86)\Razer\ChromaBroadcast\bin;C:\Program Files\Razer\ChromaBroadcast\bin;C:\Windows\system32;C:\Windows;C:\Windows\System32\Wbem;C:\Windows\System32\WindowsPowerShell\v1.0\;C:\Windows\System32\OpenSSH\;C:\Program Files (x86)\NVIDIA Corporation\PhysX\Common;C:\Windows\system32\config\systemprofile\AppData\Local\Microsoft\WindowsApps;C:\Program Files\dotnet\;C:\Program Files (x86)\Windows Live\Shared;C:\Program Files\Git\cmd;C:\Program Files\WorldPainter;C:\Program Files\NVIDIA Corporation\NVIDIA app\NvDLISR;C:\Users\chuck\AppData\Local\Microsoft\WindowsApps;;C:\Program Files\JetBrains\IntelliJ IDEA 2024.2.0.1\bin;
USERNAME=chuck
OS=Windows_NT
PROCESSOR_IDENTIFIER=Intel64 Family 6 Model 158 Stepping 13, GenuineIntel



---------------  S Y S T E M  ---------------

OS: Windows 10 , 64 bit Build 19041 (10.0.19041.5915)

CPU:total 16 (initial active 16) (8 cores per cpu, 2 threads per core) family 6 model 158 stepping 13, cmov, cx8, fxsr, mmx, sse, sse2, sse3, ssse3, sse4.1, sse4.2, popcnt, avx, avx2, aes, clmul, erms, 3dnowpref, lzcnt, ht, tsc, tscinvbit, bmi1, bmi2, adx

Memory: 4k page, physical 67022948k(50939180k free), swap 71217252k(46116812k free)

vm_info: Java HotSpot(TM) 64-Bit Server VM (25.471-b09) for windows-amd64 JRE (1.8.0_471-b09), built on Sep 26 2025 05:08:27 by "java_re" with MS VC++ 17.6 (VS2022)

time: Tue Nov 25 19:36:27 2025
timezone: Eastern Standard Time
elapsed time: 46.690286 seconds (0d 0h 0m 46s)

