#
# A fatal error has been detected by the Java Runtime Environment:
#
#  EXCEPTION_ACCESS_VIOLATION (0xc0000005) at pc=0x00007ffb293382e9, pid=19756, tid=0x000000000000124c
#
# JRE version: Java(TM) SE Runtime Environment (8.0_471) (build 1.8.0_471-b09)
# Java VM: Java HotSpot(TM) 64-Bit Server VM (25.471-b09 mixed mode windows-amd64 compressed oops)
# Problematic frame:
# C  [nvoglv64.dll+0x8682e9]
#
# Failed to write core dump. Minidumps are not enabled by default on client versions of Windows
#
# If you would like to submit a bug report, please visit:
#   https://bugreport.java.com/bugreport/crash.jsp
#

---------------  T H R E A D  ---------------

Current thread (0x0000027b3124a000):  VMThread [stack: 0x00000088c2200000,0x00000088c2300000] [id=4684]

siginfo: ExceptionCode=0xc0000005, reading address 0x0000000000001238

Registers:
RAX=0x0000000000000000, RBX=0x0000027b385d4e80, RCX=0x0000000000000004, RDX=0x0000000000000000
RSP=0x00000088c22ff148, RBP=0x0000000000000000, RSI=0x0000000000000000, RDI=0x0000027b385d4e80
R8 =0x0000000000000000, R9 =0x0000027b58673040, R10=0x0000027b7a3c0000, R11=0x00000088c22ff150
R12=0x0000027b65790000, R13=0x0000027b658c3820, R14=0x0000000000000000, R15=0x0000000000000000
RIP=0x00007ffb293382e9, EFLAGS=0x0000000000010202

Top of Stack: (sp=0x00000088c22ff148)
0x00000088c22ff148:   0000027b6579bbf1 0000000000000000
0x00000088c22ff158:   0000000000000000 0000027b658c3820
0x00000088c22ff168:   0000027b65790000 fffffffffffffffe
0x00000088c22ff178:   00007ffbaa1d47b1 0000027b58673138
0x00000088c22ff188:   0000027b65798281 0000000000000000
0x00000088c22ff198:   0000000000000000 0000000000000000
0x00000088c22ff1a8:   0000008800000000 0000027b58673138
0x00000088c22ff1b8:   0000027b65797c71 0000027b58673040
0x00000088c22ff1c8:   0000000000000000 0000027b3541bb70
0x00000088c22ff1d8:   00007ffbaa1d5ba1 0000027b658c3840
0x00000088c22ff1e8:   0000027b657dac0d 0000000000000040
0x00000088c22ff1f8:   00007ffb00000000 00000088c22ff338
0x00000088c22ff208:   0000027b7a3c0000 0000027b65790000
0x00000088c22ff218:   0000027b7a46d8d8 0000027b65823f4c
0x00000088c22ff228:   0000000000000001 0000000000000001
0x00000088c22ff238:   0000027b6579a083 0000000000000000 

Instructions: (pc=0x00007ffb293382e9)
0x00007ffb293382c9:   af af af af af af af c3 cc cc cc cc cc cc cc cc
0x00007ffb293382d9:   cc cc cc cc cc cc cc 65 48 8b 04 25 30 16 00 00
0x00007ffb293382e9:   ff a0 38 12 00 00 cc cc cc cc cc cc cc cc cc cc
0x00007ffb293382f9:   cc cc cc cc cc cc cc cc cc cc cc cc cc cc cc cc 


Register to memory mapping:

RAX=0x0000000000000000 is an unknown value
RBX=0x0000027b385d4e80 is an unknown value
RCX=0x0000000000000004 is an unknown value
RDX=0x0000000000000000 is an unknown value
RSP=0x00000088c22ff148 is an unknown value
RBP=0x0000000000000000 is an unknown value
RSI=0x0000000000000000 is an unknown value
RDI=0x0000027b385d4e80 is an unknown value
R8 =0x0000000000000000 is an unknown value
R9 =0x0000027b58673040 is an unknown value
R10=0x0000027b7a3c0000 is an unknown value
R11=0x00000088c22ff150 is an unknown value
R12=0x0000027b65790000 is an unknown value
R13=0x0000027b658c3820 is an unknown value
R14=0x0000000000000000 is an unknown value
R15=0x0000000000000000 is an unknown value


Stack: [0x00000088c2200000,0x00000088c2300000],  sp=0x00000088c22ff148,  free space=1020k
Native frames: (J=compiled Java code, j=interpreted, Vv=VM code, C=native code)

VM_Operation (0x00000088c14fe220): Exit, mode: safepoint, requested by thread 0x0000027b7a40b800


---------------  P R O C E S S  ---------------

Java Threads: ( => current thread )
  0x0000027b626b2000 JavaThread "File IO Thread" [_thread_blocked, id=7304, stack(0x00000088c3a00000,0x00000088c3b00000)]
  0x0000027b626bf800 JavaThread "pool-2-thread-1" [_thread_blocked, id=6404, stack(0x00000088c4a00000,0x00000088c4b00000)]
  0x0000027b626b1800 JavaThread "Chunk I/O Executor Thread-1" daemon [_thread_blocked, id=4800, stack(0x00000088c4900000,0x00000088c4a00000)]
  0x0000027b626b4800 JavaThread "Netty IO #1" daemon [_thread_blocked, id=10220, stack(0x00000088c4800000,0x00000088c4900000)]
  0x0000027b626b3000 JavaThread "Netty Client IO #0" daemon [_thread_blocked, id=25192, stack(0x00000088c4700000,0x00000088c4800000)]
  0x0000027b626b6800 JavaThread "Netty IO #0" daemon [_thread_blocked, id=3944, stack(0x00000088c4100000,0x00000088c4200000)]
  0x0000027b35ba9800 JavaThread "LWJGL Timer" daemon [_thread_blocked, id=23484, stack(0x00000088c4000000,0x00000088c4100000)]
  0x0000027b340fc000 JavaThread "Java2D Disposer" daemon [_thread_blocked, id=3576, stack(0x00000088c3700000,0x00000088c3800000)]
  0x0000027b36c77000 JavaThread "Timer hack thread" daemon [_thread_blocked, id=24808, stack(0x00000088c3600000,0x00000088c3700000)]
  0x0000027b3681a800 JavaThread "Snooper Timer" daemon [_thread_blocked, id=24936, stack(0x00000088c3500000,0x00000088c3600000)]
  0x0000027b3409c000 JavaThread "Service Thread" daemon [_thread_blocked, id=11056, stack(0x00000088c3300000,0x00000088c3400000)]
  0x0000027b33fa7800 JavaThread "C1 CompilerThread11" daemon [_thread_blocked, id=9644, stack(0x00000088c3200000,0x00000088c3300000)]
  0x0000027b33fa4800 JavaThread "C1 CompilerThread10" daemon [_thread_blocked, id=19968, stack(0x00000088c3100000,0x00000088c3200000)]
  0x0000027b33faa800 JavaThread "C1 CompilerThread9" daemon [_thread_blocked, id=19336, stack(0x00000088c3000000,0x00000088c3100000)]
  0x0000027b33fa9800 JavaThread "C1 CompilerThread8" daemon [_thread_blocked, id=3752, stack(0x00000088c2f00000,0x00000088c3000000)]
  0x0000027b33fa6000 JavaThread "C2 CompilerThread7" daemon [_thread_blocked, id=9604, stack(0x00000088c2e00000,0x00000088c2f00000)]
  0x0000027b33fa3800 JavaThread "C2 CompilerThread6" daemon [_thread_blocked, id=10424, stack(0x00000088c2d00000,0x00000088c2e00000)]
  0x0000027b33fa5000 JavaThread "C2 CompilerThread5" daemon [_thread_blocked, id=552, stack(0x00000088c2c00000,0x00000088c2d00000)]
  0x0000027b33fa8000 JavaThread "C2 CompilerThread4" daemon [_thread_blocked, id=7976, stack(0x00000088c2b00000,0x00000088c2c00000)]
  0x0000027b33fa6800 JavaThread "C2 CompilerThread3" daemon [_thread_blocked, id=18964, stack(0x00000088c2a00000,0x00000088c2b00000)]
  0x0000027b33fa9000 JavaThread "C2 CompilerThread2" daemon [_thread_blocked, id=26176, stack(0x00000088c2900000,0x00000088c2a00000)]
  0x0000027b33fb3000 JavaThread "C2 CompilerThread1" daemon [_thread_blocked, id=17528, stack(0x00000088c2800000,0x00000088c2900000)]
  0x0000027b33fb1800 JavaThread "C2 CompilerThread0" daemon [_thread_blocked, id=25660, stack(0x00000088c2700000,0x00000088c2800000)]
  0x0000027b33fae800 JavaThread "Attach Listener" daemon [_thread_blocked, id=3508, stack(0x00000088c2600000,0x00000088c2700000)]
  0x0000027b33fa1800 JavaThread "Signal Dispatcher" daemon [_thread_blocked, id=972, stack(0x00000088c2500000,0x00000088c2600000)]
  0x0000027b31259000 JavaThread "Finalizer" daemon [_thread_blocked, id=22556, stack(0x00000088c2400000,0x00000088c2500000)]
  0x0000027b33f80800 JavaThread "Reference Handler" daemon [_thread_blocked, id=11112, stack(0x00000088c2300000,0x00000088c2400000)]
  0x0000027b7a40b800 JavaThread "Client thread" [_thread_blocked, id=23888, stack(0x00000088c1400000,0x00000088c1500000)]

Other Threads:
=>0x0000027b3124a000 VMThread [stack: 0x00000088c2200000,0x00000088c2300000] [id=4684]

VM state:at safepoint (shutting down)

VM Mutex/Monitor currently owned by a thread:  ([mutex/lock_event])
[0x0000027b7a405300] Threads_lock - owner thread: 0x0000027b3124a000

heap address: 0x00000003c1400000, size: 16364 MB, Compressed Oops mode: Zero based, Oop shift amount: 3
Narrow klass base: 0x0000000000000000, Narrow klass shift: 3
Compressed class space size: 1073741824 Address: 0x00000007c0000000

Heap:
 PSYoungGen      total 942592K, used 78052K [0x000000066b180000, 0x00000006aae00000, 0x00000007c0000000)
  eden space 885248K, 2% used [0x000000066b180000,0x000000066c941db0,0x00000006a1200000)
  from space 57344K, 93% used [0x00000006a7600000,0x00000006aaa774c8,0x00000006aae00000)
  to   space 79872K, 0% used [0x00000006a1200000,0x00000006a1200000,0x00000006a6000000)
 ParOldGen       total 417792K, used 136928K [0x00000003c1400000, 0x00000003dac00000, 0x000000066b180000)
  object space 417792K, 32% used [0x00000003c1400000,0x00000003c99b8238,0x00000003dac00000)
 Metaspace       used 42831K, capacity 43327K, committed 43520K, reserved 1087488K
  class space    used 4969K, capacity 5120K, committed 5120K, reserved 1048576K

Card table byte_map: [0x0000027b7c130000,0x0000027b7e130000] byte_map_base: 0x0000027b7a326000

Marking Bits: (ParMarkBitMap*) 0x00007ffaed4da3e0
 Begin Bits: [0x0000027b0f000000, 0x0000027b1efb0000)
 End Bits:   [0x0000027b1efb0000, 0x0000027b2ef60000)

Polling page: 0x0000027b7a390000

CodeCache: size=245760Kb used=32116Kb max_used=33835Kb free=213643Kb
 bounds [0x0000027b00000000, 0x0000027b02140000, 0x0000027b0f000000]
 total_blobs=7947 nmethods=7102 adapters=751
 compilation: enabled

Compilation events (10 events):
Event: 39.736 Thread 0x0000027b33fa3800 nmethod 9497 0x0000027b0158d610 code [0x0000027b0158d7c0, 0x0000027b0158e408]
Event: 39.797 Thread 0x0000027b33faa800 9504       3       java.util.concurrent.locks.AbstractQueuedSynchronizer$ConditionObject::signal (33 bytes)
Event: 39.798 Thread 0x0000027b33faa800 nmethod 9504 0x0000027b00b95f90 code [0x0000027b00b96120, 0x0000027b00b964b0]
Event: 39.840 Thread 0x0000027b33fa4800 9505       3       java.util.logging.LogManager$LoggerContext::ensureDefaultLogger (70 bytes)
Event: 39.841 Thread 0x0000027b33fa4800 nmethod 9505 0x0000027b00587c90 code [0x0000027b00587e40, 0x0000027b005886f0]
Event: 39.842 Thread 0x0000027b33fa6000 9506       4       java.util.concurrent.ConcurrentHashMap$Traverser::advance (188 bytes)
Event: 39.842 Thread 0x0000027b33fa9800 9507       3       org.apache.logging.log4j.core.helpers.NameUtil::getSubName (32 bytes)
Event: 39.842 Thread 0x0000027b33faa800 9508       1       org.apache.logging.log4j.core.config.LoggerConfig::getLevel (5 bytes)
Event: 39.842 Thread 0x0000027b33faa800 nmethod 9508 0x0000027b00e6b150 code [0x0000027b00e6b2a0, 0x0000027b00e6b3b8]
Event: 39.842 Thread 0x0000027b33fa9800 nmethod 9507 0x0000027b011cda50 code [0x0000027b011cdbe0, 0x0000027b011ce180]

GC Heap History (10 events):
Event: 16.584 GC heap before
{Heap before GC invocations=17 (full 5):
 PSYoungGen      total 659968K, used 573440K [0x000000066b180000, 0x0000000698b80000, 0x00000007c0000000)
  eden space 573440K, 100% used [0x000000066b180000,0x000000068e180000,0x000000068e180000)
  from space 86528K, 0% used [0x000000068e180000,0x000000068e180000,0x0000000693600000)
  to   space 86016K, 0% used [0x0000000693780000,0x0000000693780000,0x0000000698b80000)
 ParOldGen       total 417792K, used 106128K [0x00000003c1400000, 0x00000003dac00000, 0x000000066b180000)
  object space 417792K, 25% used [0x00000003c1400000,0x00000003c7ba43d0,0x00000003dac00000)
 Metaspace       used 41681K, capacity 42073K, committed 42496K, reserved 1087488K
  class space    used 4940K, capacity 5087K, committed 5120K, reserved 1048576K
Event: 16.588 GC heap after
Heap after GC invocations=17 (full 5):
 PSYoungGen      total 663552K, used 18637K [0x000000066b180000, 0x00000006ab580000, 0x00000007c0000000)
  eden space 577536K, 0% used [0x000000066b180000,0x000000066b180000,0x000000068e580000)
  from space 86016K, 21% used [0x0000000693780000,0x00000006949b34a8,0x0000000698b80000)
  to   space 83968K, 0% used [0x000000068e580000,0x000000068e580000,0x0000000693780000)
 ParOldGen       total 417792K, used 106144K [0x00000003c1400000, 0x00000003dac00000, 0x000000066b180000)
  object space 417792K, 25% used [0x00000003c1400000,0x00000003c7ba83d0,0x00000003dac00000)
 Metaspace       used 41681K, capacity 42073K, committed 42496K, reserved 1087488K
  class space    used 4940K, capacity 5087K, committed 5120K, reserved 1048576K
}
Event: 18.578 GC heap before
{Heap before GC invocations=18 (full 5):
 PSYoungGen      total 663552K, used 587806K [0x000000066b180000, 0x00000006ab580000, 0x00000007c0000000)
  eden space 577536K, 98% used [0x000000066b180000,0x000000068dd543b0,0x000000068e580000)
  from space 86016K, 21% used [0x0000000693780000,0x00000006949b34a8,0x0000000698b80000)
  to   space 83968K, 0% used [0x000000068e580000,0x000000068e580000,0x0000000693780000)
 ParOldGen       total 417792K, used 106144K [0x00000003c1400000, 0x00000003dac00000, 0x000000066b180000)
  object space 417792K, 25% used [0x00000003c1400000,0x00000003c7ba83d0,0x00000003dac00000)
 Metaspace       used 42125K, capacity 42585K, committed 43008K, reserved 1087488K
  class space    used 4944K, capacity 5087K, committed 5120K, reserved 1048576K
Event: 18.583 GC heap after
Heap after GC invocations=18 (full 5):
 PSYoungGen      total 661504K, used 19244K [0x000000066b180000, 0x00000006a2c00000, 0x00000007c0000000)
  eden space 577536K, 0% used [0x000000066b180000,0x000000066b180000,0x000000068e580000)
  from space 83968K, 22% used [0x000000068e580000,0x000000068f84b380,0x0000000693780000)
  to   space 81920K, 0% used [0x000000069dc00000,0x000000069dc00000,0x00000006a2c00000)
 ParOldGen       total 417792K, used 120334K [0x00000003c1400000, 0x00000003dac00000, 0x000000066b180000)
  object space 417792K, 28% used [0x00000003c1400000,0x00000003c8983a48,0x00000003dac00000)
 Metaspace       used 42125K, capacity 42585K, committed 43008K, reserved 1087488K
  class space    used 4944K, capacity 5087K, committed 5120K, reserved 1048576K
}
Event: 20.743 GC heap before
{Heap before GC invocations=19 (full 5):
 PSYoungGen      total 661504K, used 596780K [0x000000066b180000, 0x00000006a2c00000, 0x00000007c0000000)
  eden space 577536K, 100% used [0x000000066b180000,0x000000068e580000,0x000000068e580000)
  from space 83968K, 22% used [0x000000068e580000,0x000000068f84b380,0x0000000693780000)
  to   space 81920K, 0% used [0x000000069dc00000,0x000000069dc00000,0x00000006a2c00000)
 ParOldGen       total 417792K, used 120334K [0x00000003c1400000, 0x00000003dac00000, 0x000000066b180000)
  object space 417792K, 28% used [0x00000003c1400000,0x00000003c8983a48,0x00000003dac00000)
 Metaspace       used 42342K, capacity 42841K, committed 43264K, reserved 1087488K
  class space    used 4944K, capacity 5087K, committed 5120K, reserved 1048576K
Event: 20.749 GC heap after
Heap after GC invocations=19 (full 5):
 PSYoungGen      total 794112K, used 20146K [0x000000066b180000, 0x00000006a1800000, 0x00000007c0000000)
  eden space 732672K, 0% used [0x000000066b180000,0x000000066b180000,0x0000000697d00000)
  from space 61440K, 32% used [0x000000069dc00000,0x000000069efac8d0,0x00000006a1800000)
  to   space 79360K, 0% used [0x0000000697d00000,0x0000000697d00000,0x000000069ca80000)
 ParOldGen       total 417792K, used 136912K [0x00000003c1400000, 0x00000003dac00000, 0x000000066b180000)
  object space 417792K, 32% used [0x00000003c1400000,0x00000003c99b4238,0x00000003dac00000)
 Metaspace       used 42342K, capacity 42841K, committed 43264K, reserved 1087488K
  class space    used 4944K, capacity 5087K, committed 5120K, reserved 1048576K
}
Event: 23.592 GC heap before
{Heap before GC invocations=20 (full 5):
 PSYoungGen      total 794112K, used 752818K [0x000000066b180000, 0x00000006a1800000, 0x00000007c0000000)
  eden space 732672K, 100% used [0x000000066b180000,0x0000000697d00000,0x0000000697d00000)
  from space 61440K, 32% used [0x000000069dc00000,0x000000069efac8d0,0x00000006a1800000)
  to   space 79360K, 0% used [0x0000000697d00000,0x0000000697d00000,0x000000069ca80000)
 ParOldGen       total 417792K, used 136912K [0x00000003c1400000, 0x00000003dac00000, 0x000000066b180000)
  object space 417792K, 32% used [0x00000003c1400000,0x00000003c99b4238,0x00000003dac00000)
 Metaspace       used 42425K, capacity 42911K, committed 43264K, reserved 1087488K
  class space    used 4946K, capacity 5088K, committed 5120K, reserved 1048576K
Event: 23.598 GC heap after
Heap after GC invocations=20 (full 5):
 PSYoungGen      total 812032K, used 36507K [0x000000066b180000, 0x00000006ac080000, 0x00000007c0000000)
  eden space 732672K, 0% used [0x000000066b180000,0x000000066b180000,0x0000000697d00000)
  from space 79360K, 46% used [0x0000000697d00000,0x000000069a0a6cf0,0x000000069ca80000)
  to   space 76288K, 0% used [0x00000006a7600000,0x00000006a7600000,0x00000006ac080000)
 ParOldGen       total 417792K, used 136920K [0x00000003c1400000, 0x00000003dac00000, 0x000000066b180000)
  object space 417792K, 32% used [0x00000003c1400000,0x00000003c99b6238,0x00000003dac00000)
 Metaspace       used 42425K, capacity 42911K, committed 43264K, reserved 1087488K
  class space    used 4946K, capacity 5088K, committed 5120K, reserved 1048576K
}
Event: 39.695 GC heap before
{Heap before GC invocations=21 (full 5):
 PSYoungGen      total 812032K, used 769179K [0x000000066b180000, 0x00000006ac080000, 0x00000007c0000000)
  eden space 732672K, 100% used [0x000000066b180000,0x0000000697d00000,0x0000000697d00000)
  from space 79360K, 46% used [0x0000000697d00000,0x000000069a0a6cf0,0x000000069ca80000)
  to   space 76288K, 0% used [0x00000006a7600000,0x00000006a7600000,0x00000006ac080000)
 ParOldGen       total 417792K, used 136920K [0x00000003c1400000, 0x00000003dac00000, 0x000000066b180000)
  object space 417792K, 32% used [0x00000003c1400000,0x00000003c99b6238,0x00000003dac00000)
 Metaspace       used 42814K, capacity 43263K, committed 43520K, reserved 1087488K
  class space    used 4967K, capacity 5120K, committed 5120K, reserved 1048576K
Event: 39.704 GC heap after
Heap after GC invocations=21 (full 5):
 PSYoungGen      total 942592K, used 53725K [0x000000066b180000, 0x00000006aae00000, 0x00000007c0000000)
  eden space 885248K, 0% used [0x000000066b180000,0x000000066b180000,0x00000006a1200000)
  from space 57344K, 93% used [0x00000006a7600000,0x00000006aaa774c8,0x00000006aae00000)
  to   space 79872K, 0% used [0x00000006a1200000,0x00000006a1200000,0x00000006a6000000)
 ParOldGen       total 417792K, used 136928K [0x00000003c1400000, 0x00000003dac00000, 0x000000066b180000)
  object space 417792K, 32% used [0x00000003c1400000,0x00000003c99b8238,0x00000003dac00000)
 Metaspace       used 42814K, capacity 43263K, committed 43520K, reserved 1087488K
  class space    used 4967K, capacity 5120K, committed 5120K, reserved 1048576K
}

Deoptimization events (10 events):
Event: 39.605 Thread 0x0000027b626b3000 Uncommon trap: reason=null_check action=make_not_entrant pc=0x0000027b011e7d70 method=io.netty.util.DefaultAttributeMap.attr(Lio/netty/util/AttributeKey;)Lio/netty/util/Attribute; @ 46
Event: 39.605 Thread 0x0000027b626b3000 Uncommon trap: reason=unstable_if action=reinterpret pc=0x0000027b01464b14 method=io.netty.channel.local.LocalChannel.isActive()Z @ 5
Event: 39.605 Thread 0x0000027b626b3000 Uncommon trap: reason=unstable_if action=reinterpret pc=0x0000027b006993d4 method=io.netty.channel.local.LocalChannel.isOpen()Z @ 5
Event: 39.605 Thread 0x0000027b626b3000 Uncommon trap: reason=unstable_if action=reinterpret pc=0x0000027b02028380 method=io.netty.channel.local.LocalChannel.isActive()Z @ 5
Event: 39.626 Thread 0x0000027b626b6000 Uncommon trap: reason=class_check action=maybe_recompile pc=0x0000027b00a42c94 method=java.util.concurrent.ConcurrentHashMap.putVal(Ljava/lang/Object;Ljava/lang/Object;Z)Ljava/lang/Object; @ 192
Event: 39.626 Thread 0x0000027b626b6000 Uncommon trap: reason=class_check action=maybe_recompile pc=0x0000027b00a42c94 method=java.util.concurrent.ConcurrentHashMap.putVal(Ljava/lang/Object;Ljava/lang/Object;Z)Ljava/lang/Object; @ 192
Event: 39.626 Thread 0x0000027b626b6000 Uncommon trap: reason=class_check action=maybe_recompile pc=0x0000027b00a42c94 method=java.util.concurrent.ConcurrentHashMap.putVal(Ljava/lang/Object;Ljava/lang/Object;Z)Ljava/lang/Object; @ 192
Event: 39.626 Thread 0x0000027b626b6000 Uncommon trap: reason=class_check action=maybe_recompile pc=0x0000027b00a42c94 method=java.util.concurrent.ConcurrentHashMap.putVal(Ljava/lang/Object;Ljava/lang/Object;Z)Ljava/lang/Object; @ 192
Event: 39.727 Thread 0x0000027b626b6000 Uncommon trap: reason=class_check action=maybe_recompile pc=0x0000027b00641a44 method=cpw.mods.fml.common.asm.transformers.deobf.FMLDeobfuscatingRemapper.map(Ljava/lang/String;)Ljava/lang/String; @ 11
Event: 39.839 Thread 0x0000027b7a40b800 Uncommon trap: reason=unstable_if action=reinterpret pc=0x0000027b0075ba98 method=cpw.mods.fml.relauncher.FMLSecurityManager.checkPermission(Ljava/security/Permission;)V @ 23

Classes redefined (0 events):
No events

Internal exceptions (10 events):
Event: 39.449 Thread 0x0000027b626b2000 Exception <a 'java/lang/InterruptedException': sleep interrupted> (0x0000000696f651e8) thrown at [C:\jenkins\workspace\8-2-build-windows-x64-cygwin-sans-NAS\jdk8u471\2292\hotspot\src\share\vm\prims\jvm.cpp, line 3359]
Event: 39.458 Thread 0x0000027b626b2000 Exception <a 'java/lang/InterruptedException': sleep interrupted> (0x0000000696f65440) thrown at [C:\jenkins\workspace\8-2-build-windows-x64-cygwin-sans-NAS\jdk8u471\2292\hotspot\src\share\vm\prims\jvm.cpp, line 3359]
Event: 39.465 Thread 0x0000027b626b2000 Exception <a 'java/lang/InterruptedException': sleep interrupted> (0x0000000696f65698) thrown at [C:\jenkins\workspace\8-2-build-windows-x64-cygwin-sans-NAS\jdk8u471\2292\hotspot\src\share\vm\prims\jvm.cpp, line 3359]
Event: 39.472 Thread 0x0000027b626b2000 Exception <a 'java/lang/InterruptedException': sleep interrupted> (0x0000000696f658f0) thrown at [C:\jenkins\workspace\8-2-build-windows-x64-cygwin-sans-NAS\jdk8u471\2292\hotspot\src\share\vm\prims\jvm.cpp, line 3359]
Event: 39.482 Thread 0x0000027b626b2000 Exception <a 'java/lang/InterruptedException': sleep interrupted> (0x0000000696f65b48) thrown at [C:\jenkins\workspace\8-2-build-windows-x64-cygwin-sans-NAS\jdk8u471\2292\hotspot\src\share\vm\prims\jvm.cpp, line 3359]
Event: 39.558 Thread 0x0000027b626b2000 Exception <a 'java/lang/InterruptedException': sleep interrupted> (0x0000000696f65da0) thrown at [C:\jenkins\workspace\8-2-build-windows-x64-cygwin-sans-NAS\jdk8u471\2292\hotspot\src\share\vm\prims\jvm.cpp, line 3359]
Event: 39.584 Thread 0x0000027b626b2000 Exception <a 'java/lang/InterruptedException': sleep interrupted> (0x0000000696f65ff8) thrown at [C:\jenkins\workspace\8-2-build-windows-x64-cygwin-sans-NAS\jdk8u471\2292\hotspot\src\share\vm\prims\jvm.cpp, line 3359]
Event: 39.584 Thread 0x0000027b626b2000 Exception <a 'java/lang/InterruptedException': sleep interrupted> (0x0000000696f66250) thrown at [C:\jenkins\workspace\8-2-build-windows-x64-cygwin-sans-NAS\jdk8u471\2292\hotspot\src\share\vm\prims\jvm.cpp, line 3359]
Event: 39.684 Thread 0x0000027b626b7800 Exception <a 'java/lang/InterruptedException': sleep interrupted> (0x000000069758bf30) thrown at [C:\jenkins\workspace\8-2-build-windows-x64-cygwin-sans-NAS\jdk8u471\2292\hotspot\src\share\vm\prims\jvm.cpp, line 3359]
Event: 39.839 Thread 0x0000027b7a40b800 Exception <a 'org/lwjgl/LWJGLException': Failed to set device gamma.> (0x000000066b4195f0) thrown at [C:\jenkins\workspace\8-2-build-windows-x64-cygwin-sans-NAS\jdk8u471\2292\hotspot\src\share\vm\prims\jni.cpp, line 737]

Events (10 events):
Event: 39.841 Thread 0x0000027b33fa4800 flushing nmethod 0x0000027b0121f290
Event: 39.841 Executing VM operation: RevokeBias
Event: 39.841 Executing VM operation: RevokeBias done
Event: 39.841 loading class javax/servlet/ServletContext
Event: 39.841 loading class javax/servlet/ServletContext done
Event: 39.842 Thread 0x0000027b626bd800 Thread exited: 0x0000027b626bd800
Event: 39.842 Thread 0x0000027b33faa800 flushing nmethod 0x0000027b01297cd0
Event: 39.842 Thread 0x0000027b626b6000 Thread exited: 0x0000027b626b6000
Event: 39.842 Thread 0x0000027b33faa800 flushing nmethod 0x0000027b013031d0
Event: 39.842 Executing VM operation: Exit


Dynamic libraries:
0x00007ff6dc810000 - 0x00007ff6dc85f000 	C:\Program Files\Java\jdk-1.8\bin\java.exe
0x00007ffbaa1b0000 - 0x00007ffbaa3a8000 	C:\Windows\SYSTEM32\ntdll.dll
0x00007ffba8580000 - 0x00007ffba8642000 	C:\Windows\System32\KERNEL32.DLL
0x00007ffba7ea0000 - 0x00007ffba8196000 	C:\Windows\System32\KERNELBASE.dll
0x00007ffba9800000 - 0x00007ffba98b1000 	C:\Windows\System32\ADVAPI32.dll
0x00007ffba9530000 - 0x00007ffba95ce000 	C:\Windows\System32\msvcrt.dll
0x00007ffba9f20000 - 0x00007ffba9fbf000 	C:\Windows\System32\sechost.dll
0x00007ffba8430000 - 0x00007ffba8550000 	C:\Windows\System32\RPCRT4.dll
0x00007ffba7dc0000 - 0x00007ffba7de7000 	C:\Windows\System32\bcrypt.dll
0x00007ffba9fc0000 - 0x00007ffbaa161000 	C:\Windows\System32\USER32.dll
0x00007ffba81a0000 - 0x00007ffba81c2000 	C:\Windows\System32\win32u.dll
0x00007ffba9e20000 - 0x00007ffba9e4b000 	C:\Windows\System32\GDI32.dll
0x00007ffba7a20000 - 0x00007ffba7b39000 	C:\Windows\System32\gdi32full.dll
0x00007ffba7cd0000 - 0x00007ffba7d6d000 	C:\Windows\System32\msvcp_win.dll
0x00007ffba7bd0000 - 0x00007ffba7cd0000 	C:\Windows\System32\ucrtbase.dll
0x00007ffb8a020000 - 0x00007ffb8a2bb000 	C:\Windows\WinSxS\amd64_microsoft.windows.common-controls_6595b64144ccf1df_6.0.19041.6456_none_60b8a6cb71f64256\COMCTL32.dll
0x00007ffba8550000 - 0x00007ffba857f000 	C:\Windows\System32\IMM32.DLL
0x00007ffba3e20000 - 0x00007ffba3e3b000 	C:\Program Files\Java\jdk-1.8\jre\bin\vcruntime140.dll
0x00007ffba1e70000 - 0x00007ffba1e7c000 	C:\Program Files\Java\jdk-1.8\jre\bin\vcruntime140_1.dll
0x00007ffb8dfa0000 - 0x00007ffb8e02e000 	C:\Program Files\Java\jdk-1.8\jre\bin\msvcp140.dll
0x00007ffaecd00000 - 0x00007ffaed5aa000 	C:\Program Files\Java\jdk-1.8\jre\bin\server\jvm.dll
0x00007ffba8270000 - 0x00007ffba8278000 	C:\Windows\System32\PSAPI.DLL
0x00007ffb9d2a0000 - 0x00007ffb9d2c7000 	C:\Windows\SYSTEM32\WINMM.dll
0x00007ffba1810000 - 0x00007ffba1819000 	C:\Windows\SYSTEM32\WSOCK32.dll
0x00007ffba0510000 - 0x00007ffba051a000 	C:\Windows\SYSTEM32\VERSION.dll
0x00007ffba9460000 - 0x00007ffba94cb000 	C:\Windows\System32\WS2_32.dll
0x00007ffba6080000 - 0x00007ffba6092000 	C:\Windows\SYSTEM32\kernel.appcore.dll
0x00007ffb8e060000 - 0x00007ffb8e070000 	C:\Program Files\Java\jdk-1.8\jre\bin\verify.dll
0x00007ffb8df70000 - 0x00007ffb8df9b000 	C:\Program Files\Java\jdk-1.8\jre\bin\java.dll
0x00007ffb8dd40000 - 0x00007ffb8dd58000 	C:\Program Files\Java\jdk-1.8\jre\bin\zip.dll
0x00007ffba8750000 - 0x00007ffba8ec0000 	C:\Windows\System32\SHELL32.dll
0x00007ffba5450000 - 0x00007ffba5bf5000 	C:\Windows\SYSTEM32\windows.storage.dll
0x00007ffba9a10000 - 0x00007ffba9d64000 	C:\Windows\System32\combase.dll
0x00007ffba7190000 - 0x00007ffba71bb000 	C:\Windows\SYSTEM32\Wldp.dll
0x00007ffba9e50000 - 0x00007ffba9f1d000 	C:\Windows\System32\OLEAUT32.dll
0x00007ffba95d0000 - 0x00007ffba967d000 	C:\Windows\System32\SHCORE.dll
0x00007ffba98c0000 - 0x00007ffba991b000 	C:\Windows\System32\shlwapi.dll
0x00007ffba7770000 - 0x00007ffba7794000 	C:\Windows\SYSTEM32\profapi.dll
0x00007ffb8e050000 - 0x00007ffb8e05d000 	C:\Program Files\Java\jdk-1.8\jre\bin\management.dll
0x00007ffb8dbd0000 - 0x00007ffb8dbec000 	C:\Program Files\Java\jdk-1.8\jre\bin\net.dll
0x00007ffba6ef0000 - 0x00007ffba6f5a000 	C:\Windows\system32\mswsock.dll
0x00007ffb8dbb0000 - 0x00007ffb8dbc3000 	C:\Program Files\Java\jdk-1.8\jre\bin\nio.dll
0x00007ffb7d3d0000 - 0x00007ffb7d3e7000 	C:\Windows\system32\napinsp.dll
0x00007ffb7d5f0000 - 0x00007ffb7d60b000 	C:\Windows\system32\pnrpnsp.dll
0x00007ffba2300000 - 0x00007ffba231d000 	C:\Windows\system32\wshbth.dll
0x00007ffba3790000 - 0x00007ffba37ad000 	C:\Windows\system32\NLAapi.dll
0x00007ffba6bd0000 - 0x00007ffba6c0b000 	C:\Windows\SYSTEM32\IPHLPAPI.DLL
0x00007ffba6c10000 - 0x00007ffba6cda000 	C:\Windows\SYSTEM32\DNSAPI.dll
0x00007ffba86b0000 - 0x00007ffba86b8000 	C:\Windows\System32\NSI.dll
0x00007ffb7d610000 - 0x00007ffb7d622000 	C:\Windows\System32\winrnr.dll
0x00007ffb9f850000 - 0x00007ffb9f85a000 	C:\Windows\System32\rasadhlp.dll
0x00007ffb8e0a0000 - 0x00007ffb8e120000 	C:\Windows\System32\fwpuclnt.dll
0x0000000180000000 - 0x0000000180051000 	C:\Users\chuck\.gradle\caches\minecraft\net\minecraft\minecraft_natives\1.7.10\lwjgl64.dll
0x00007ffb2dac0000 - 0x00007ffb2dbe8000 	C:\Windows\SYSTEM32\OPENGL32.dll
0x00007ffb2eb10000 - 0x00007ffb2eb3c000 	C:\Windows\SYSTEM32\GLU32.dll
0x00007ffba70f0000 - 0x00007ffba7108000 	C:\Windows\SYSTEM32\CRYPTSP.dll
0x00007ffba6810000 - 0x00007ffba6848000 	C:\Windows\system32\rsaenh.dll
0x00007ffba7730000 - 0x00007ffba775e000 	C:\Windows\SYSTEM32\USERENV.dll
0x00007ffba7b40000 - 0x00007ffba7bc2000 	C:\Windows\System32\bcryptprimitives.dll
0x00007ffba70e0000 - 0x00007ffba70ec000 	C:\Windows\SYSTEM32\CRYPTBASE.dll
0x00007ffba0290000 - 0x00007ffba02a7000 	C:\Windows\SYSTEM32\dhcpcsvc6.DLL
0x00007ffba05b0000 - 0x00007ffba05cd000 	C:\Windows\SYSTEM32\dhcpcsvc.DLL
0x00007ffb502a0000 - 0x00007ffb5041e000 	C:\Program Files\Java\jdk-1.8\jre\bin\awt.dll
0x00007ffba49d0000 - 0x00007ffba4a64000 	C:\Windows\SYSTEM32\apphelp.dll
0x00007ffb99f20000 - 0x00007ffb99fce000 	C:\Windows\SYSTEM32\mscms.dll
0x00007ffb99f00000 - 0x00007ffb99f11000 	C:\Windows\SYSTEM32\ColorAdapterClient.dll
0x00007ffba4da0000 - 0x00007ffba4e3e000 	C:\Windows\system32\uxtheme.dll
0x0000027b3c910000 - 0x0000027b44983000 	C:\Program Files (x86)\ASUS\GPUTweakIII\GTIII-OSD\x64\GTIII-OSD64-VK.dll
0x00007ffba9330000 - 0x00007ffba945b000 	C:\Windows\System32\ole32.dll
0x00007ffb2e8a0000 - 0x00007ffb2ea26000 	C:\Windows\SYSTEM32\vulkan-1.dll
0x00007ffba7d70000 - 0x00007ffba7dbe000 	C:\Windows\System32\CFGMGR32.dll
0x00007ffba96e0000 - 0x00007ffba97f5000 	C:\Windows\System32\MSCTF.dll
0x00007ffba9d70000 - 0x00007ffba9e19000 	C:\Windows\System32\clbcatq.dll
0x00007ffb28ad0000 - 0x00007ffb2b424000 	C:\Windows\System32\DriverStore\FileRepository\nv_dispi.inf_amd64_20ae8f14a487d5db\nvoglv64.dll
0x00007ffba8ec0000 - 0x00007ffba9330000 	C:\Windows\System32\SETUPAPI.dll
0x00007ffba1260000 - 0x00007ffba1274000 	C:\Windows\SYSTEM32\WTSAPI32.dll
0x00007ffba7320000 - 0x00007ffba7332000 	C:\Windows\SYSTEM32\msasn1.dll
0x00007ffba04d0000 - 0x00007ffba0501000 	C:\Windows\SYSTEM32\cryptnet.dll
0x00007ffba7840000 - 0x00007ffba799d000 	C:\Windows\System32\CRYPT32.dll
0x00007ffba0320000 - 0x00007ffba0467000 	C:\Windows\SYSTEM32\drvstore.dll
0x00007ffba7510000 - 0x00007ffba7543000 	C:\Windows\SYSTEM32\devobj.dll
0x00007ffba79a0000 - 0x00007ffba7a13000 	C:\Windows\System32\WINTRUST.dll
0x00007ffba6a60000 - 0x00007ffba6a93000 	C:\Windows\SYSTEM32\ntmarta.dll
0x00007ffba8250000 - 0x00007ffba826d000 	C:\Windows\System32\imagehlp.dll
0x00007ffb944a0000 - 0x00007ffb98234000 	C:\Windows\System32\DriverStore\FileRepository\nv_dispi.inf_amd64_20ae8f14a487d5db\nvgpucomp64.dll
0x00007ffb98240000 - 0x00007ffb9827b000 	C:\Windows\SYSTEM32\dxcore.dll
0x00007ffb32210000 - 0x00007ffb32357000 	C:\Windows\system32\nvspcap64.dll
0x00007ffba5160000 - 0x00007ffba518e000 	C:\Windows\SYSTEM32\dwmapi.dll
0x00007ffb9b9e0000 - 0x00007ffb9bad9000 	C:\Windows\SYSTEM32\textinputframework.dll
0x00007ffba4490000 - 0x00007ffba47eb000 	C:\Windows\System32\CoreUIComponents.dll
0x00007ffba47f0000 - 0x00007ffba48e2000 	C:\Windows\System32\CoreMessaging.dll
0x00007ffba4330000 - 0x00007ffba4487000 	C:\Windows\SYSTEM32\wintypes.dll
0x00007ffb790f0000 - 0x00007ffb79135000 	C:\Windows\SYSTEM32\icm32.dll
0x00007ffba76a0000 - 0x00007ffba76eb000 	C:\Windows\SYSTEM32\powrprof.dll
0x00007ffba7680000 - 0x00007ffba7692000 	C:\Windows\SYSTEM32\UMPDC.dll
0x00007ffba7560000 - 0x00007ffba75c3000 	C:\Windows\SYSTEM32\WINSTA.dll
0x0000000070a40000 - 0x0000000070adc000 	C:\Users\chuck\.gradle\caches\minecraft\net\minecraft\minecraft_natives\1.7.10\avutil-ttv-51.dll
0x0000000065980000 - 0x00000000659d6000 	C:\Users\chuck\.gradle\caches\minecraft\net\minecraft\minecraft_natives\1.7.10\swresample-ttv-0.dll
0x000000006eb80000 - 0x000000006ec50000 	C:\Users\chuck\.gradle\caches\minecraft\net\minecraft\minecraft_natives\1.7.10\libmp3lame-ttv.dll
0x00007ffaeb950000 - 0x00007ffaeccf4000 	C:\Users\chuck\.gradle\caches\minecraft\net\minecraft\minecraft_natives\1.7.10\libmfxsw64.dll
0x00007ffb50010000 - 0x00007ffb5013b000 	C:\Users\chuck\.gradle\caches\minecraft\net\minecraft\minecraft_natives\1.7.10\twitchsdk.dll
0x00007ffb8ad40000 - 0x00007ffb8b216000 	C:\Windows\SYSTEM32\WININET.dll
0x0000027b65790000 - 0x0000027b6d7e1000 	C:\Program Files (x86)\ASUS\GPUTweakIII\GTIII-OSD\x64\GTIII-OSD64-GL.dll
0x0000000055f40000 - 0x0000000055fa3000 	C:\Program Files (x86)\ASUS\GPUTweakIII\GTIII-OSD\x64\glew32.dll
0x0000027b6d7f0000 - 0x0000027b75977000 	C:\Program Files (x86)\ASUS\GPUTweakIII\GTIII-OSD\x64\GTIII-OSD64.dll
0x00007ffb876a0000 - 0x00007ffb876c5000 	C:\Windows\SYSTEM32\d3d12.dll
0x00007ffba28a0000 - 0x00007ffba2cfd000 	C:\Windows\SYSTEM32\D3DCOMPILER_47.dll
0x00007ffb2eb40000 - 0x00007ffb2eb71000 	C:\Windows\SYSTEM32\d3d10_1.dll
0x00007ffb2fa50000 - 0x00007ffb2fa5d000 	C:\Windows\SYSTEM32\d3d10_1core.dll
0x00007ffba2e60000 - 0x00007ffba30c4000 	C:\Windows\SYSTEM32\d3d11.dll
0x00007ffba60c0000 - 0x00007ffba61b6000 	C:\Windows\SYSTEM32\dxgi.dll
0x0000027b75980000 - 0x0000027b75be3000 	C:\Windows\SYSTEM32\d3dx9_43.dll
0x00007ffb73500000 - 0x00007ffb736d1000 	C:\Windows\SYSTEM32\d3d9.dll
0x00007ffb8bd50000 - 0x00007ffb8bdfc000 	C:\Windows\SYSTEM32\TextShaping.dll
0x0000027b3c540000 - 0x0000027b3c5a4000 	C:\Users\chuck\.gradle\caches\minecraft\net\minecraft\minecraft_natives\1.7.10\OpenAL64.dll
0x00007ffba0df0000 - 0x00007ffba0e75000 	C:\Windows\System32\MMDevApi.dll
0x00007ffb6c200000 - 0x00007ffb6c29c000 	C:\Windows\SYSTEM32\dsound.dll
0x00007ffb8b400000 - 0x00007ffb8b426000 	C:\Windows\SYSTEM32\winmmbase.dll
0x00007ffba10c0000 - 0x00007ffba1241000 	C:\Windows\SYSTEM32\AUDIOSES.DLL
0x00007ffba4d80000 - 0x00007ffba4d94000 	C:\Windows\SYSTEM32\resourcepolicyclient.dll
0x00007ffb5a1a0000 - 0x00007ffb5a1d4000 	C:\Program Files\Java\jdk-1.8\jre\bin\jpeg.dll
0x00007ffb8aab0000 - 0x00007ffb8aad5000 	C:\Program Files\Java\jdk-1.8\jre\bin\sunec.dll
0x00007ffb8aaa0000 - 0x00007ffb8aaae000 	C:\Program Files\Java\jdk-1.8\jre\bin\sunmscapi.dll
0x00007ffba7200000 - 0x00007ffba7227000 	C:\Windows\SYSTEM32\ncrypt.dll
0x00007ffba71c0000 - 0x00007ffba71fb000 	C:\Windows\SYSTEM32\NTASN1.dll
0x00007ffba5cc0000 - 0x00007ffba5ec1000 	C:\Windows\SYSTEM32\dbghelp.dll

VM Arguments:
jvm_args: -Dfile.encoding=UTF-8 -Duser.country=US -Duser.language=en -Duser.variant 
java_command: GradleStart
java_class_path (initial): C:\Users\chuck\.gradle\caches\minecraft\net\minecraftforge\forge\1.7.10-10.13.4.1614-1.7.10\start;C:\Users\chuck\.gradle\caches\minecraft\net\minecraftforge\forge\1.7.10-10.13.4.1614-1.7.10\forgeSrc-1.7.10-10.13.4.1614-1.7.10.jar;C:\Users\chuck\.gradle\caches\modules-2\files-2.1\net.minecraft\launchwrapper\1.12\111e7bea9c968cdb3d06ef4632bf7ff0824d0f36\launchwrapper-1.12.jar;C:\Users\chuck\.gradle\caches\modules-2\files-2.1\com.google.code.findbugs\jsr305\1.3.9\40719ea6961c0cb6afaeb6a921eaa1f6afd4cfdf\jsr305-1.3.9.jar;C:\Users\chuck\.gradle\caches\modules-2\files-2.1\org.ow2.asm\asm-debug-all\5.0.3\f9e364ae2a66ce2a543012a4668856e84e5dab74\asm-debug-all-5.0.3.jar;C:\Users\chuck\.gradle\caches\modules-2\files-2.1\com.typesafe.akka\akka-actor_2.11\2.3.3\ed62e9fc709ca0f2ff1a3220daa8b70a2870078e\akka-actor_2.11-2.3.3.jar;C:\Users\chuck\.gradle\caches\modules-2\files-2.1\com.typesafe\config\1.2.1\f771f71fdae3df231bcd54d5ca2d57f0bf93f467\config-1.2.1.jar;C:\Users\chuck\.gradle\caches\modules-2\files-2.1\org.scala-lang\scala-actors-migration_2.11\1.1.0\dfa8bc42b181d5b9f1a5dd147f8ae308b893eb6f\scala-actors-migration_2.11-1.1.0.jar;C:\Users\chuck\.gradle\caches\modules-2\files-2.1\org.scala-lang.plugins\scala-continuations-plugin_2.11.1\1.0.2\f361a3283452c57fa30c1ee69448995de23c60f7\scala-continuations-plugin_2.11.1-1.0.2.jar;C:\Users\chuck\.gradle\caches\modules-2\files-2.1\org.scala-lang\scala-compiler\2.11.1\56ea2e6c025e0821f28d73ca271218b8dd04926a\scala-compiler-2.11.1.jar;C:\Users\chuck\.gradle\caches\modules-2\files-2.1\org.scala-lang.plugins\scala-continuations-library_2.11\1.0.2\e517c53a7e9acd6b1668c5a35eccbaa3bab9aac\scala-continuations-library_2.11-1.0.2.jar;C:\Users\chuck\.gradle\caches\modules-2\files-2.1\org.scala-lang\scala-reflect\2.11.1\6580347e61cc7f8e802941e7fde40fa83b8badeb\scala-reflect-2.11.1.jar;C:\Users\chuck\.gradle\caches\modules-2\files-2.1\org.scala-lang\scala-actors\2.11.0\8ccfb6541de179bb1c4d45cf414acee069b7f78b\scala-a
Launcher Type: SUN_STANDARD

Environment Variables:
PATH=C:\Program Files\Eclipse Adoptium\jdk-8.0.462.8-hotspot\bin;C:\Program Files\Common Files\Oracle\Java\javapath;C:\Program Files (x86)\Common Files\Oracle\Java\java8path;C:\Program Files (x86)\Common Files\Oracle\Java\javapath;C:\Program Files (x86)\Razer Chroma SDK\bin;C:\Program Files\Razer Chroma SDK\bin;C:\Program Files (x86)\Razer\ChromaBroadcast\bin;C:\Program Files\Razer\ChromaBroadcast\bin;C:\Windows\system32;C:\Windows;C:\Windows\System32\Wbem;C:\Windows\System32\WindowsPowerShell\v1.0\;C:\Windows\System32\OpenSSH\;C:\Program Files (x86)\NVIDIA Corporation\PhysX\Common;C:\Windows\system32\config\systemprofile\AppData\Local\Microsoft\WindowsApps;C:\Program Files\dotnet\;C:\Program Files (x86)\Windows Live\Shared;C:\Program Files\Git\cmd;C:\Program Files\WorldPainter;C:\Program Files\NVIDIA Corporation\NVIDIA app\NvDLISR;C:\Users\chuck\AppData\Local\Microsoft\WindowsApps;;C:\Program Files\JetBrains\IntelliJ IDEA 2024.2.0.1\bin;
USERNAME=chuck
OS=Windows_NT
PROCESSOR_IDENTIFIER=Intel64 Family 6 Model 158 Stepping 13, GenuineIntel



---------------  S Y S T E M  ---------------

OS: Windows 10 , 64 bit Build 19041 (10.0.19041.5915)

CPU:total 16 (initial active 16) (8 cores per cpu, 2 threads per core) family 6 model 158 stepping 13, cmov, cx8, fxsr, mmx, sse, sse2, sse3, ssse3, sse4.1, sse4.2, popcnt, avx, avx2, aes, clmul, erms, 3dnowpref, lzcnt, ht, tsc, tscinvbit, bmi1, bmi2, adx

Memory: 4k page, physical 67022948k(44552144k free), swap 71217252k(36374396k free)

vm_info: Java HotSpot(TM) 64-Bit Server VM (25.471-b09) for windows-amd64 JRE (1.8.0_471-b09), built on Sep 26 2025 05:08:27 by "java_re" with MS VC++ 17.6 (VS2022)

time: Wed Nov 19 21:36:49 2025
timezone: Eastern Standard Time
elapsed time: 40.393424 seconds (0d 0h 0m 40s)

