#
# A fatal error has been detected by the Java Runtime Environment:
#
#  EXCEPTION_ACCESS_VIOLATION (0xc0000005) at pc=0x00007ff8356c82e9, pid=4280, tid=0x0000000000003cb0
#
# JRE version: Java(TM) SE Runtime Environment (8.0_471) (build 1.8.0_471-b09)
# Java VM: Java HotSpot(TM) 64-Bit Server VM (25.471-b09 mixed mode windows-amd64 compressed oops)
# Problematic frame:
# C  [nvoglv64.dll+0x8682e9]
#
# Failed to write core dump. Minidumps are not enabled by default on client versions of Windows
#
# If you would like to submit a bug report, please visit:
#   https://bugreport.java.com/bugreport/crash.jsp
#

---------------  T H R E A D  ---------------

Current thread (0x0000018efb67a800):  VMThread [stack: 0x0000003ec7300000,0x0000003ec7400000] [id=15536]

siginfo: ExceptionCode=0xc0000005, reading address 0x0000000000001238

Registers:
RAX=0x0000000000000000, RBX=0x0000018ea0430680, RCX=0x0000000000000004, RDX=0x0000000000000000
RSP=0x0000003ec73fedf8, RBP=0x0000000000000000, RSI=0x0000000000000000, RDI=0x0000018ea0430680
R8 =0x0000000000000000, R9 =0x0000018ea616c020, R10=0x0000018ee4770000, R11=0x0000003ec73fee00
R12=0x0000018ed03e0000, R13=0x0000018ed0513820, R14=0x0000000000000000, R15=0x0000000000000000
RIP=0x00007ff8356c82e9, EFLAGS=0x0000000000010202

Top of Stack: (sp=0x0000003ec73fedf8)
0x0000003ec73fedf8:   0000018ed03ebbf1 0000000000000000
0x0000003ec73fee08:   0000000000000000 0000018ed0513820
0x0000003ec73fee18:   0000018ed03e0000 fffffffffffffffe
0x0000003ec73fee28:   00007ff8be9947b1 0000018ea616c118
0x0000003ec73fee38:   0000018ed03e8281 0000000000000000
0x0000003ec73fee48:   0000000000000000 0000000000000000
0x0000003ec73fee58:   0000003e00000000 0000018ea616c118
0x0000003ec73fee68:   0000018ed03e7c71 0000018ea616c020
0x0000003ec73fee78:   0000000000000000 0000018ea453b0b0
0x0000003ec73fee88:   00007ff8be995ba1 0000018ed0513840
0x0000003ec73fee98:   0000018ed042ac0d 0000000000000040
0x0000003ec73feea8:   00007ff800000000 0000003ec73fefe8
0x0000003ec73feeb8:   0000018ee4770000 0000018ed03e0000
0x0000003ec73feec8:   0000018efb463d08 0000018ed0473f4c
0x0000003ec73feed8:   0000000000000001 0000000000000001
0x0000003ec73feee8:   0000018ed03ea083 0000000000000000 

Instructions: (pc=0x00007ff8356c82e9)
0x00007ff8356c82c9:   af af af af af af af c3 cc cc cc cc cc cc cc cc
0x00007ff8356c82d9:   cc cc cc cc cc cc cc 65 48 8b 04 25 30 16 00 00
0x00007ff8356c82e9:   ff a0 38 12 00 00 cc cc cc cc cc cc cc cc cc cc
0x00007ff8356c82f9:   cc cc cc cc cc cc cc cc cc cc cc cc cc cc cc cc 


Register to memory mapping:

RAX=0x0000000000000000 is an unknown value
RBX=0x0000018ea0430680 is an unknown value
RCX=0x0000000000000004 is an unknown value
RDX=0x0000000000000000 is an unknown value
RSP=0x0000003ec73fedf8 is an unknown value
RBP=0x0000000000000000 is an unknown value
RSI=0x0000000000000000 is an unknown value
RDI=0x0000018ea0430680 is an unknown value
R8 =0x0000000000000000 is an unknown value
R9 =0x0000018ea616c020 is an unknown value
R10=0x0000018ee4770000 is an unknown value
R11=0x0000003ec73fee00 is an unknown value
R12=0x0000018ed03e0000 is an unknown value
R13=0x0000018ed0513820 is an unknown value
R14=0x0000000000000000 is an unknown value
R15=0x0000000000000000 is an unknown value


Stack: [0x0000003ec7300000,0x0000003ec7400000],  sp=0x0000003ec73fedf8,  free space=1019k
Native frames: (J=compiled Java code, j=interpreted, Vv=VM code, C=native code)

VM_Operation (0x0000003ec65fe4a0): Exit, mode: safepoint, requested by thread 0x0000018ee47bc800


---------------  P R O C E S S  ---------------

Java Threads: ( => current thread )
  0x0000018ea38a0800 JavaThread "AWT-Shutdown" [_thread_blocked, id=23648, stack(0x0000003ec9000000,0x0000003ec9100000)]
  0x0000018ea38a1000 JavaThread "File IO Thread" [_thread_blocked, id=26364, stack(0x0000003ec9500000,0x0000003ec9600000)]
  0x0000018efe522800 JavaThread "Chunk I/O Executor Thread-1" daemon [_thread_blocked, id=24456, stack(0x0000003ec9a00000,0x0000003ec9b00000)]
  0x0000018efe51f800 JavaThread "Netty IO #1" daemon [_thread_in_native, id=2956, stack(0x0000003ec9900000,0x0000003ec9a00000)]
  0x0000018efe522000 JavaThread "Netty Client IO #0" daemon [_thread_in_native, id=26904, stack(0x0000003ec9800000,0x0000003ec9900000)]
  0x0000018efe516000 JavaThread "Netty IO #0" daemon [_thread_in_native, id=26064, stack(0x0000003ec9200000,0x0000003ec9300000)]
  0x0000018ea09ba000 JavaThread "LWJGL Timer" daemon [_thread_blocked, id=25788, stack(0x0000003ec9100000,0x0000003ec9200000)]
  0x0000018efe48e000 JavaThread "Java2D Disposer" daemon [_thread_blocked, id=23156, stack(0x0000003ec8800000,0x0000003ec8900000)]
  0x0000018ea2e01000 JavaThread "Timer hack thread" daemon [_thread_blocked, id=3664, stack(0x0000003ec8700000,0x0000003ec8800000)]
  0x0000018ea5c4e000 JavaThread "Snooper Timer" daemon [_thread_blocked, id=8256, stack(0x0000003ec8600000,0x0000003ec8700000)]
  0x0000018efe4b0000 JavaThread "Service Thread" daemon [_thread_blocked, id=23752, stack(0x0000003ec8400000,0x0000003ec8500000)]
  0x0000018efe3ba000 JavaThread "C1 CompilerThread11" daemon [_thread_blocked, id=21936, stack(0x0000003ec8300000,0x0000003ec8400000)]
  0x0000018efe3b9000 JavaThread "C1 CompilerThread10" daemon [_thread_blocked, id=4080, stack(0x0000003ec8200000,0x0000003ec8300000)]
  0x0000018efe3bb800 JavaThread "C1 CompilerThread9" daemon [_thread_blocked, id=1808, stack(0x0000003ec8100000,0x0000003ec8200000)]
  0x0000018efe3b8800 JavaThread "C1 CompilerThread8" daemon [_thread_blocked, id=22920, stack(0x0000003ec8000000,0x0000003ec8100000)]
  0x0000018efe3bd000 JavaThread "C2 CompilerThread7" daemon [_thread_blocked, id=11356, stack(0x0000003ec7f00000,0x0000003ec8000000)]
  0x0000018efe3ff000 JavaThread "C2 CompilerThread6" daemon [_thread_blocked, id=23764, stack(0x0000003ec7e00000,0x0000003ec7f00000)]
  0x0000018efe3dd800 JavaThread "C2 CompilerThread5" daemon [_thread_blocked, id=24468, stack(0x0000003ec7d00000,0x0000003ec7e00000)]
  0x0000018efe3d0800 JavaThread "C2 CompilerThread4" daemon [_thread_blocked, id=25308, stack(0x0000003ec7c00000,0x0000003ec7d00000)]
  0x0000018efe3cf800 JavaThread "C2 CompilerThread3" daemon [_thread_blocked, id=9548, stack(0x0000003ec7b00000,0x0000003ec7c00000)]
  0x0000018efe3cf000 JavaThread "C2 CompilerThread2" daemon [_thread_blocked, id=24564, stack(0x0000003ec7a00000,0x0000003ec7b00000)]
  0x0000018efe3c7000 JavaThread "C2 CompilerThread1" daemon [_thread_blocked, id=8936, stack(0x0000003ec7900000,0x0000003ec7a00000)]
  0x0000018efe3c4800 JavaThread "C2 CompilerThread0" daemon [_thread_blocked, id=11884, stack(0x0000003ec7800000,0x0000003ec7900000)]
  0x0000018efe3c1800 JavaThread "Attach Listener" daemon [_thread_blocked, id=18452, stack(0x0000003ec7700000,0x0000003ec7800000)]
  0x0000018efe3b6800 JavaThread "Signal Dispatcher" daemon [_thread_blocked, id=20860, stack(0x0000003ec7600000,0x0000003ec7700000)]
  0x0000018efe397000 JavaThread "Finalizer" daemon [_thread_blocked, id=27192, stack(0x0000003ec7500000,0x0000003ec7600000)]
  0x0000018efe390800 JavaThread "Reference Handler" daemon [_thread_blocked, id=988, stack(0x0000003ec7400000,0x0000003ec7500000)]
  0x0000018ee47bc800 JavaThread "Client thread" [_thread_blocked, id=18568, stack(0x0000003ec6500000,0x0000003ec6600000)]

Other Threads:
=>0x0000018efb67a800 VMThread [stack: 0x0000003ec7300000,0x0000003ec7400000] [id=15536]

VM state:at safepoint (shutting down)

VM Mutex/Monitor currently owned by a thread:  ([mutex/lock_event])
[0x0000018ee47b5b80] Threads_lock - owner thread: 0x0000018efb67a800

heap address: 0x00000003c1400000, size: 16364 MB, Compressed Oops mode: Zero based, Oop shift amount: 3
Narrow klass base: 0x0000000000000000, Narrow klass shift: 3
Compressed class space size: 1073741824 Address: 0x00000007c0000000

Heap:
 PSYoungGen      total 633856K, used 55547K [0x000000066b180000, 0x0000000698280000, 0x00000007c0000000)
  eden space 570368K, 4% used [0x000000066b180000,0x000000066c9432f0,0x000000068de80000)
  from space 63488K, 49% used [0x0000000694480000,0x00000006962fba90,0x0000000698280000)
  to   space 83968K, 0% used [0x000000068de80000,0x000000068de80000,0x0000000693080000)
 ParOldGen       total 419328K, used 176088K [0x00000003c1400000, 0x00000003dad80000, 0x000000066b180000)
  object space 419328K, 41% used [0x00000003c1400000,0x00000003cbff60c8,0x00000003dad80000)
 Metaspace       used 44495K, capacity 44969K, committed 45568K, reserved 1089536K
  class space    used 5100K, capacity 5257K, committed 5376K, reserved 1048576K

Card table byte_map: [0x0000018ef5500000,0x0000018ef7500000] byte_map_base: 0x0000018ef36f6000

Marking Bits: (ParMarkBitMap*) 0x00007ffffd29a3e0
 Begin Bits: [0x0000018e80000000, 0x0000018e8ffb0000)
 End Bits:   [0x0000018e8ffb0000, 0x0000018e9ff60000)

Polling page: 0x0000018ee4760000

CodeCache: size=245760Kb used=34100Kb max_used=36624Kb free=211659Kb
 bounds [0x0000018ee6140000, 0x0000018ee8550000, 0x0000018ef5140000]
 total_blobs=8876 nmethods=7999 adapters=783
 compilation: enabled

Compilation events (10 events):
Event: 333.021 Thread 0x0000018efe3cf800 nmethod 11599 0x0000018ee67b0310 code [0x0000018ee67b0460, 0x0000018ee67b0778]
Event: 333.023 Thread 0x0000018efe3dd800 nmethod 11598 0x0000018ee6549750 code [0x0000018ee65498c0, 0x0000018ee6549d88]
Event: 333.024 Thread 0x0000018efe3c4800 11605       4       com.google.common.collect.Hashing::smear (13 bytes)
Event: 333.024 Thread 0x0000018efe3c4800 nmethod 11605 0x0000018ee68fb650 code [0x0000018ee68fb780, 0x0000018ee68fb7d8]
Event: 333.027 Thread 0x0000018efe3cf000 nmethod 11601 0x0000018ee806ec50 code [0x0000018ee806ee20, 0x0000018ee806f7e8]
Event: 333.031 Thread 0x0000018efe3c7000 nmethod 11603 0x0000018ee7d70950 code [0x0000018ee7d70b00, 0x0000018ee7d71768]
Event: 333.160 Thread 0x0000018efe3bb800 11606       3       org.apache.logging.log4j.core.helpers.NameUtil::getSubName (32 bytes)
Event: 333.160 Thread 0x0000018efe3b9000 11607       1       org.apache.logging.log4j.core.config.LoggerConfig::getLevel (5 bytes)
Event: 333.160 Thread 0x0000018efe3b9000 nmethod 11607 0x0000018ee787d650 code [0x0000018ee787d7a0, 0x0000018ee787d8b8]
Event: 333.160 Thread 0x0000018efe3bb800 nmethod 11606 0x0000018ee806e390 code [0x0000018ee806e520, 0x0000018ee806eac0]

GC Heap History (10 events):
Event: 258.162 GC heap before
{Heap before GC invocations=31 (full 5):
 PSYoungGen      total 696832K, used 696776K [0x000000066b180000, 0x00000006a4900000, 0x00000007c0000000)
  eden space 666112K, 100% used [0x000000066b180000,0x0000000693c00000,0x0000000693c00000)
  from space 30720K, 99% used [0x000000069c100000,0x000000069def20e8,0x000000069df00000)
  to   space 96768K, 0% used [0x000000069ea80000,0x000000069ea80000,0x00000006a4900000)
 ParOldGen       total 419328K, used 176072K [0x00000003c1400000, 0x00000003dad80000, 0x000000066b180000)
  object space 419328K, 41% used [0x00000003c1400000,0x00000003cbff20c8,0x00000003dad80000)
 Metaspace       used 44406K, capacity 44867K, committed 45440K, reserved 1089536K
  class space    used 5090K, capacity 5224K, committed 5248K, reserved 1048576K
Event: 258.170 GC heap after
Heap after GC invocations=31 (full 5):
 PSYoungGen      total 676352K, used 30905K [0x000000066b180000, 0x00000006a0900000, 0x00000007c0000000)
  eden space 645120K, 0% used [0x000000066b180000,0x000000066b180000,0x0000000692780000)
  from space 31232K, 98% used [0x000000069ea80000,0x00000006a08ae628,0x00000006a0900000)
  to   space 94720K, 0% used [0x0000000695000000,0x0000000695000000,0x000000069ac80000)
 ParOldGen       total 419328K, used 176080K [0x00000003c1400000, 0x00000003dad80000, 0x000000066b180000)
  object space 419328K, 41% used [0x00000003c1400000,0x00000003cbff40c8,0x00000003dad80000)
 Metaspace       used 44406K, capacity 44867K, committed 45440K, reserved 1089536K
  class space    used 5090K, capacity 5224K, committed 5248K, reserved 1048576K
}
Event: 270.295 GC heap before
{Heap before GC invocations=32 (full 5):
 PSYoungGen      total 676352K, used 676025K [0x000000066b180000, 0x00000006a0900000, 0x00000007c0000000)
  eden space 645120K, 100% used [0x000000066b180000,0x0000000692780000,0x0000000692780000)
  from space 31232K, 98% used [0x000000069ea80000,0x00000006a08ae628,0x00000006a0900000)
  to   space 94720K, 0% used [0x0000000695000000,0x0000000695000000,0x000000069ac80000)
 ParOldGen       total 419328K, used 176080K [0x00000003c1400000, 0x00000003dad80000, 0x000000066b180000)
  object space 419328K, 41% used [0x00000003c1400000,0x00000003cbff40c8,0x00000003dad80000)
 Metaspace       used 44420K, capacity 44931K, committed 45440K, reserved 1089536K
  class space    used 5090K, capacity 5224K, committed 5248K, reserved 1048576K
Event: 270.300 GC heap after
Heap after GC invocations=32 (full 5):
 PSYoungGen      total 656384K, used 30750K [0x000000066b180000, 0x000000069eb00000, 0x00000007c0000000)
  eden space 625152K, 0% used [0x000000066b180000,0x000000066b180000,0x0000000691400000)
  from space 31232K, 98% used [0x0000000695000000,0x0000000696e078a0,0x0000000696e80000)
  to   space 92160K, 0% used [0x0000000699100000,0x0000000699100000,0x000000069eb00000)
 ParOldGen       total 419328K, used 176080K [0x00000003c1400000, 0x00000003dad80000, 0x000000066b180000)
  object space 419328K, 41% used [0x00000003c1400000,0x00000003cbff40c8,0x00000003dad80000)
 Metaspace       used 44420K, capacity 44931K, committed 45440K, reserved 1089536K
  class space    used 5090K, capacity 5224K, committed 5248K, reserved 1048576K
}
Event: 285.654 GC heap before
{Heap before GC invocations=33 (full 5):
 PSYoungGen      total 656384K, used 655902K [0x000000066b180000, 0x000000069eb00000, 0x00000007c0000000)
  eden space 625152K, 100% used [0x000000066b180000,0x0000000691400000,0x0000000691400000)
  from space 31232K, 98% used [0x0000000695000000,0x0000000696e078a0,0x0000000696e80000)
  to   space 92160K, 0% used [0x0000000699100000,0x0000000699100000,0x000000069eb00000)
 ParOldGen       total 419328K, used 176080K [0x00000003c1400000, 0x00000003dad80000, 0x000000066b180000)
  object space 419328K, 41% used [0x00000003c1400000,0x00000003cbff40c8,0x00000003dad80000)
 Metaspace       used 44429K, capacity 44931K, committed 45440K, reserved 1089536K
  class space    used 5091K, capacity 5224K, committed 5248K, reserved 1048576K
Event: 285.660 GC heap after
Heap after GC invocations=33 (full 5):
 PSYoungGen      total 638464K, used 30692K [0x000000066b180000, 0x000000069b080000, 0x00000007c0000000)
  eden space 606208K, 0% used [0x000000066b180000,0x000000066b180000,0x0000000690180000)
  from space 32256K, 95% used [0x0000000699100000,0x000000069aef9300,0x000000069b080000)
  to   space 89600K, 0% used [0x0000000690180000,0x0000000690180000,0x0000000695900000)
 ParOldGen       total 419328K, used 176080K [0x00000003c1400000, 0x00000003dad80000, 0x000000066b180000)
  object space 419328K, 41% used [0x00000003c1400000,0x00000003cbff40c8,0x00000003dad80000)
 Metaspace       used 44429K, capacity 44931K, committed 45440K, reserved 1089536K
  class space    used 5091K, capacity 5224K, committed 5248K, reserved 1048576K
}
Event: 305.758 GC heap before
{Heap before GC invocations=34 (full 5):
 PSYoungGen      total 638464K, used 636900K [0x000000066b180000, 0x000000069b080000, 0x00000007c0000000)
  eden space 606208K, 100% used [0x000000066b180000,0x0000000690180000,0x0000000690180000)
  from space 32256K, 95% used [0x0000000699100000,0x000000069aef9300,0x000000069b080000)
  to   space 89600K, 0% used [0x0000000690180000,0x0000000690180000,0x0000000695900000)
 ParOldGen       total 419328K, used 176080K [0x00000003c1400000, 0x00000003dad80000, 0x000000066b180000)
  object space 419328K, 41% used [0x00000003c1400000,0x00000003cbff40c8,0x00000003dad80000)
 Metaspace       used 44430K, capacity 44931K, committed 45440K, reserved 1089536K
  class space    used 5091K, capacity 5224K, committed 5248K, reserved 1048576K
Event: 305.763 GC heap after
Heap after GC invocations=34 (full 5):
 PSYoungGen      total 619008K, used 31026K [0x000000066b180000, 0x0000000699980000, 0x00000007c0000000)
  eden space 587776K, 0% used [0x000000066b180000,0x000000066b180000,0x000000068ef80000)
  from space 31232K, 99% used [0x0000000690180000,0x0000000691fccb60,0x0000000692000000)
  to   space 87040K, 0% used [0x0000000694480000,0x0000000694480000,0x0000000699980000)
 ParOldGen       total 419328K, used 176080K [0x00000003c1400000, 0x00000003dad80000, 0x000000066b180000)
  object space 419328K, 41% used [0x00000003c1400000,0x00000003cbff40c8,0x00000003dad80000)
 Metaspace       used 44430K, capacity 44931K, committed 45440K, reserved 1089536K
  class space    used 5091K, capacity 5224K, committed 5248K, reserved 1048576K
}
Event: 332.652 GC heap before
{Heap before GC invocations=35 (full 5):
 PSYoungGen      total 619008K, used 618802K [0x000000066b180000, 0x0000000699980000, 0x00000007c0000000)
  eden space 587776K, 100% used [0x000000066b180000,0x000000068ef80000,0x000000068ef80000)
  from space 31232K, 99% used [0x0000000690180000,0x0000000691fccb60,0x0000000692000000)
  to   space 87040K, 0% used [0x0000000694480000,0x0000000694480000,0x0000000699980000)
 ParOldGen       total 419328K, used 176080K [0x00000003c1400000, 0x00000003dad80000, 0x000000066b180000)
  object space 419328K, 41% used [0x00000003c1400000,0x00000003cbff40c8,0x00000003dad80000)
 Metaspace       used 44453K, capacity 44937K, committed 45440K, reserved 1089536K
  class space    used 5092K, capacity 5225K, committed 5248K, reserved 1048576K
Event: 332.657 GC heap after
Heap after GC invocations=35 (full 5):
 PSYoungGen      total 633856K, used 31214K [0x000000066b180000, 0x0000000698280000, 0x00000007c0000000)
  eden space 570368K, 0% used [0x000000066b180000,0x000000066b180000,0x000000068de80000)
  from space 63488K, 49% used [0x0000000694480000,0x00000006962fba90,0x0000000698280000)
  to   space 83968K, 0% used [0x000000068de80000,0x000000068de80000,0x0000000693080000)
 ParOldGen       total 419328K, used 176088K [0x00000003c1400000, 0x00000003dad80000, 0x000000066b180000)
  object space 419328K, 41% used [0x00000003c1400000,0x00000003cbff60c8,0x00000003dad80000)
 Metaspace       used 44453K, capacity 44937K, committed 45440K, reserved 1089536K
  class space    used 5092K, capacity 5225K, committed 5248K, reserved 1048576K
}

Deoptimization events (10 events):
Event: 333.019 Thread 0x0000018efe517800 Uncommon trap: reason=bimorphic action=maybe_recompile pc=0x0000018ee7b155b0 method=java.util.Hashtable.remove(Ljava/lang/Object;)Ljava/lang/Object; @ 6
Event: 333.019 Thread 0x0000018efe517800 Uncommon trap: reason=bimorphic action=maybe_recompile pc=0x0000018ee7b155b0 method=java.util.Hashtable.remove(Ljava/lang/Object;)Ljava/lang/Object; @ 6
Event: 333.019 Thread 0x0000018efe517800 Uncommon trap: reason=bimorphic action=maybe_recompile pc=0x0000018ee7b155b0 method=java.util.Hashtable.remove(Ljava/lang/Object;)Ljava/lang/Object; @ 6
Event: 333.019 Thread 0x0000018efe517800 Uncommon trap: reason=bimorphic action=maybe_recompile pc=0x0000018ee7b155b0 method=java.util.Hashtable.remove(Ljava/lang/Object;)Ljava/lang/Object; @ 6
Event: 333.019 Thread 0x0000018efe517800 Uncommon trap: reason=unstable_if action=reinterpret pc=0x0000018ee7f79c14 method=java.util.Formatter$FormatSpecifier.print(ILjava/util/Locale;)V @ 4
Event: 333.019 Thread 0x0000018efe517800 Uncommon trap: reason=unstable_if action=reinterpret pc=0x0000018ee7708fd4 method=java.util.Formatter$FormatSpecifier.print(JLjava/util/Locale;)V @ 21
Event: 333.019 Thread 0x0000018efe517800 Uncommon trap: reason=unstable_if action=reinterpret pc=0x0000018ee6ce1b90 method=java.util.Formatter$FormatSpecifier.leadingSign(Ljava/lang/StringBuilder;Z)Ljava/lang/StringBuilder; @ 1
Event: 333.022 Thread 0x0000018efe517800 Uncommon trap: reason=class_check action=maybe_recompile pc=0x0000018ee678dbc4 method=cpw.mods.fml.common.asm.transformers.deobf.FMLDeobfuscatingRemapper.map(Ljava/lang/String;)Ljava/lang/String; @ 11
Event: 333.122 Thread 0x0000018ee47bc800 Uncommon trap: reason=unstable_if action=reinterpret pc=0x0000018ee73253e4 method=java.io.BufferedOutputStream.write([BII)V @ 6
Event: 333.157 Thread 0x0000018ee47bc800 Uncommon trap: reason=unstable_if action=reinterpret pc=0x0000018ee689f518 method=cpw.mods.fml.relauncher.FMLSecurityManager.checkPermission(Ljava/security/Permission;)V @ 23

Classes redefined (0 events):
No events

Internal exceptions (10 events):
Event: 332.800 Thread 0x0000018efe51e000 Exception <a 'java/lang/InterruptedException': sleep interrupted> (0x000000066b541db0) thrown at [C:\jenkins\workspace\8-2-build-windows-x64-cygwin-sans-NAS\jdk8u471\2292\hotspot\src\share\vm\prims\jvm.cpp, line 3359]
Event: 332.809 Thread 0x0000018efe51e000 Exception <a 'java/lang/InterruptedException': sleep interrupted> (0x000000066b542008) thrown at [C:\jenkins\workspace\8-2-build-windows-x64-cygwin-sans-NAS\jdk8u471\2292\hotspot\src\share\vm\prims\jvm.cpp, line 3359]
Event: 332.809 Thread 0x0000018efe51e000 Exception <a 'java/lang/InterruptedException': sleep interrupted> (0x000000066b542260) thrown at [C:\jenkins\workspace\8-2-build-windows-x64-cygwin-sans-NAS\jdk8u471\2292\hotspot\src\share\vm\prims\jvm.cpp, line 3359]
Event: 332.816 Thread 0x0000018efe51e000 Exception <a 'java/lang/InterruptedException': sleep interrupted> (0x000000066b5424b8) thrown at [C:\jenkins\workspace\8-2-build-windows-x64-cygwin-sans-NAS\jdk8u471\2292\hotspot\src\share\vm\prims\jvm.cpp, line 3359]
Event: 332.880 Thread 0x0000018efe51e000 Exception <a 'java/lang/InterruptedException': sleep interrupted> (0x000000066b542710) thrown at [C:\jenkins\workspace\8-2-build-windows-x64-cygwin-sans-NAS\jdk8u471\2292\hotspot\src\share\vm\prims\jvm.cpp, line 3359]
Event: 332.880 Thread 0x0000018efe51e000 Exception <a 'java/lang/InterruptedException': sleep interrupted> (0x000000066b542968) thrown at [C:\jenkins\workspace\8-2-build-windows-x64-cygwin-sans-NAS\jdk8u471\2292\hotspot\src\share\vm\prims\jvm.cpp, line 3359]
Event: 332.909 Thread 0x0000018efe51e000 Exception <a 'java/lang/InterruptedException': sleep interrupted> (0x000000066b542bc0) thrown at [C:\jenkins\workspace\8-2-build-windows-x64-cygwin-sans-NAS\jdk8u471\2292\hotspot\src\share\vm\prims\jvm.cpp, line 3359]
Event: 332.909 Thread 0x0000018efe51e000 Exception <a 'java/lang/InterruptedException': sleep interrupted> (0x000000066b542e18) thrown at [C:\jenkins\workspace\8-2-build-windows-x64-cygwin-sans-NAS\jdk8u471\2292\hotspot\src\share\vm\prims\jvm.cpp, line 3359]
Event: 333.010 Thread 0x0000018efe519000 Exception <a 'java/lang/InterruptedException': sleep interrupted> (0x000000066bd15a28) thrown at [C:\jenkins\workspace\8-2-build-windows-x64-cygwin-sans-NAS\jdk8u471\2292\hotspot\src\share\vm\prims\jvm.cpp, line 3359]
Event: 333.157 Thread 0x0000018ee47bc800 Exception <a 'org/lwjgl/LWJGLException': Failed to set device gamma.> (0x000000066b30a960) thrown at [C:\jenkins\workspace\8-2-build-windows-x64-cygwin-sans-NAS\jdk8u471\2292\hotspot\src\share\vm\prims\jni.cpp, line 737]

Events (10 events):
Event: 333.159 loading class javax/servlet/ServletContext done
Event: 333.160 Thread 0x0000018ea38a5800 Thread exited: 0x0000018ea38a5800
Event: 333.160 Thread 0x0000018ea38a6800 Thread exited: 0x0000018ea38a6800
Event: 333.160 Thread 0x0000018efe3b9000 flushing nmethod 0x0000018ee71413d0
Event: 333.160 Executing VM operation: RevokeBias
Event: 333.160 Executing VM operation: RevokeBias done
Event: 333.160 Thread 0x0000018ea389e000 Thread exited: 0x0000018ea389e000
Event: 333.160 Thread 0x0000018efe3b9000 flushing nmethod 0x0000018ee729d990
Event: 333.259 Thread 0x0000018ea389f000 Thread exited: 0x0000018ea389f000
Event: 333.259 Executing VM operation: Exit


Dynamic libraries:
0x00007ff60d2d0000 - 0x00007ff60d31f000 	C:\Program Files\Java\jdk-1.8\bin\java.exe
0x00007ff8be970000 - 0x00007ff8beb68000 	C:\Windows\SYSTEM32\ntdll.dll
0x00007ff8bd320000 - 0x00007ff8bd3e2000 	C:\Windows\System32\KERNEL32.DLL
0x00007ff8bc160000 - 0x00007ff8bc456000 	C:\Windows\System32\KERNELBASE.dll
0x00007ff8be7b0000 - 0x00007ff8be861000 	C:\Windows\System32\ADVAPI32.dll
0x00007ff8bcee0000 - 0x00007ff8bcf7e000 	C:\Windows\System32\msvcrt.dll
0x00007ff8be870000 - 0x00007ff8be90f000 	C:\Windows\System32\sechost.dll
0x00007ff8bd790000 - 0x00007ff8bd8b0000 	C:\Windows\System32\RPCRT4.dll
0x00007ff8bc960000 - 0x00007ff8bc987000 	C:\Windows\System32\bcrypt.dll
0x00007ff8bd8b0000 - 0x00007ff8bda51000 	C:\Windows\System32\USER32.dll
0x00007ff8bc510000 - 0x00007ff8bc532000 	C:\Windows\System32\win32u.dll
0x00007ff8bd5f0000 - 0x00007ff8bd61b000 	C:\Windows\System32\GDI32.dll
0x00007ff8bc5d0000 - 0x00007ff8bc6e9000 	C:\Windows\System32\gdi32full.dll
0x00007ff8bc8c0000 - 0x00007ff8bc95d000 	C:\Windows\System32\msvcp_win.dll
0x00007ff8bc6f0000 - 0x00007ff8bc7f0000 	C:\Windows\System32\ucrtbase.dll
0x00007ff89da80000 - 0x00007ff89dd1b000 	C:\Windows\WinSxS\amd64_microsoft.windows.common-controls_6595b64144ccf1df_6.0.19041.6456_none_60b8a6cb71f64256\COMCTL32.dll
0x00007ff8bd2f0000 - 0x00007ff8bd31f000 	C:\Windows\System32\IMM32.DLL
0x00007ff8b8530000 - 0x00007ff8b854b000 	C:\Program Files\Java\jdk-1.8\jre\bin\vcruntime140.dll
0x00007ff8b8520000 - 0x00007ff8b852c000 	C:\Program Files\Java\jdk-1.8\jre\bin\vcruntime140_1.dll
0x00007ff892f40000 - 0x00007ff892fce000 	C:\Program Files\Java\jdk-1.8\jre\bin\msvcp140.dll
0x00007ffffcac0000 - 0x00007ffffd36a000 	C:\Program Files\Java\jdk-1.8\jre\bin\server\jvm.dll
0x00007ff8be910000 - 0x00007ff8be918000 	C:\Windows\System32\PSAPI.DLL
0x00007ff8b8510000 - 0x00007ff8b8519000 	C:\Windows\SYSTEM32\WSOCK32.dll
0x00007ff8b19a0000 - 0x00007ff8b19c7000 	C:\Windows\SYSTEM32\WINMM.dll
0x00007ff8b4b00000 - 0x00007ff8b4b0a000 	C:\Windows\SYSTEM32\VERSION.dll
0x00007ff8bd6b0000 - 0x00007ff8bd71b000 	C:\Windows\System32\WS2_32.dll
0x00007ff8ba860000 - 0x00007ff8ba872000 	C:\Windows\SYSTEM32\kernel.appcore.dll
0x00007ff8b71b0000 - 0x00007ff8b71c0000 	C:\Program Files\Java\jdk-1.8\jre\bin\verify.dll
0x00007ff8b5b70000 - 0x00007ff8b5b9b000 	C:\Program Files\Java\jdk-1.8\jre\bin\java.dll
0x00007ff8b6e70000 - 0x00007ff8b6e88000 	C:\Program Files\Java\jdk-1.8\jre\bin\zip.dll
0x00007ff8bdf70000 - 0x00007ff8be6e0000 	C:\Windows\System32\SHELL32.dll
0x00007ff8b9c10000 - 0x00007ff8ba3b5000 	C:\Windows\SYSTEM32\windows.storage.dll
0x00007ff8bdc10000 - 0x00007ff8bdf64000 	C:\Windows\System32\combase.dll
0x00007ff8bb950000 - 0x00007ff8bb97b000 	C:\Windows\SYSTEM32\Wldp.dll
0x00007ff8be6e0000 - 0x00007ff8be7ad000 	C:\Windows\System32\OLEAUT32.dll
0x00007ff8bd240000 - 0x00007ff8bd2ed000 	C:\Windows\System32\SHCORE.dll
0x00007ff8bd000000 - 0x00007ff8bd05b000 	C:\Windows\System32\shlwapi.dll
0x00007ff8bbf30000 - 0x00007ff8bbf54000 	C:\Windows\SYSTEM32\profapi.dll
0x00007ff8b0b20000 - 0x00007ff8b0b2d000 	C:\Program Files\Java\jdk-1.8\jre\bin\management.dll
0x00007ff8a1af0000 - 0x00007ff8a1b0c000 	C:\Program Files\Java\jdk-1.8\jre\bin\net.dll
0x00007ff8bb6b0000 - 0x00007ff8bb71a000 	C:\Windows\system32\mswsock.dll
0x00007ff8a1ad0000 - 0x00007ff8a1ae3000 	C:\Program Files\Java\jdk-1.8\jre\bin\nio.dll
0x00007ff890b10000 - 0x00007ff890b27000 	C:\Windows\system32\napinsp.dll
0x00007ff890c50000 - 0x00007ff890c6b000 	C:\Windows\system32\pnrpnsp.dll
0x00007ff8b8830000 - 0x00007ff8b884d000 	C:\Windows\system32\wshbth.dll
0x00007ff8b8480000 - 0x00007ff8b849d000 	C:\Windows\system32\NLAapi.dll
0x00007ff8bb390000 - 0x00007ff8bb3cb000 	C:\Windows\SYSTEM32\IPHLPAPI.DLL
0x00007ff8bb3d0000 - 0x00007ff8bb49a000 	C:\Windows\SYSTEM32\DNSAPI.dll
0x00007ff8be920000 - 0x00007ff8be928000 	C:\Windows\System32\NSI.dll
0x00007ff890fb0000 - 0x00007ff890fc2000 	C:\Windows\System32\winrnr.dll
0x00007ff8b4a00000 - 0x00007ff8b4a0a000 	C:\Windows\System32\rasadhlp.dll
0x00007ff8a0b80000 - 0x00007ff8a0c00000 	C:\Windows\System32\fwpuclnt.dll
0x0000000180000000 - 0x0000000180051000 	C:\Users\chuck\.gradle\caches\minecraft\net\minecraft\minecraft_natives\1.7.10\lwjgl64.dll
0x00007ff837990000 - 0x00007ff837ab8000 	C:\Windows\SYSTEM32\OPENGL32.dll
0x00007ff841610000 - 0x00007ff84163c000 	C:\Windows\SYSTEM32\GLU32.dll
0x00007ff8bb8b0000 - 0x00007ff8bb8c8000 	C:\Windows\SYSTEM32\CRYPTSP.dll
0x00007ff8bafd0000 - 0x00007ff8bb008000 	C:\Windows\system32\rsaenh.dll
0x00007ff8bbef0000 - 0x00007ff8bbf1e000 	C:\Windows\SYSTEM32\USERENV.dll
0x00007ff8bc540000 - 0x00007ff8bc5c2000 	C:\Windows\System32\bcryptprimitives.dll
0x00007ff8bb8a0000 - 0x00007ff8bb8ac000 	C:\Windows\SYSTEM32\CRYPTBASE.dll
0x00007ff8b40d0000 - 0x00007ff8b40e7000 	C:\Windows\SYSTEM32\dhcpcsvc6.DLL
0x00007ff8b4ae0000 - 0x00007ff8b4afd000 	C:\Windows\SYSTEM32\dhcpcsvc.DLL
0x00007ff882800000 - 0x00007ff88297e000 	C:\Program Files\Java\jdk-1.8\jre\bin\awt.dll
0x00007ff8b8760000 - 0x00007ff8b87f4000 	C:\Windows\SYSTEM32\apphelp.dll
0x00007ff8ae780000 - 0x00007ff8ae82e000 	C:\Windows\SYSTEM32\mscms.dll
0x00007ff8ae760000 - 0x00007ff8ae771000 	C:\Windows\SYSTEM32\ColorAdapterClient.dll
0x00007ff8b9540000 - 0x00007ff8b95de000 	C:\Windows\system32\uxtheme.dll
0x0000018ea7180000 - 0x0000018eaf1f3000 	C:\Program Files (x86)\ASUS\GPUTweakIII\GTIII-OSD\x64\GTIII-OSD64-VK.dll
0x00007ff8bd110000 - 0x00007ff8bd23b000 	C:\Windows\System32\ole32.dll
0x00007ff837ac0000 - 0x00007ff837c46000 	C:\Windows\SYSTEM32\vulkan-1.dll
0x00007ff8bc7f0000 - 0x00007ff8bc83e000 	C:\Windows\System32\CFGMGR32.dll
0x00007ff8bd4d0000 - 0x00007ff8bd5e5000 	C:\Windows\System32\MSCTF.dll
0x00007ff8bd060000 - 0x00007ff8bd109000 	C:\Windows\System32\clbcatq.dll
0x00007ff834e60000 - 0x00007ff8377b4000 	C:\Windows\System32\DriverStore\FileRepository\nv_dispi.inf_amd64_20ae8f14a487d5db\nvoglv64.dll
0x00007ff8bc990000 - 0x00007ff8bce00000 	C:\Windows\System32\SETUPAPI.dll
0x00007ff8b5d00000 - 0x00007ff8b5d14000 	C:\Windows\SYSTEM32\WTSAPI32.dll
0x00007ff8bbae0000 - 0x00007ff8bbaf2000 	C:\Windows\SYSTEM32\msasn1.dll
0x00007ff8b4a10000 - 0x00007ff8b4a41000 	C:\Windows\SYSTEM32\cryptnet.dll
0x00007ff8bc000000 - 0x00007ff8bc15d000 	C:\Windows\System32\CRYPT32.dll
0x00007ff8b4130000 - 0x00007ff8b4277000 	C:\Windows\SYSTEM32\drvstore.dll
0x00007ff8bbcb0000 - 0x00007ff8bbce3000 	C:\Windows\SYSTEM32\devobj.dll
0x00007ff8bc840000 - 0x00007ff8bc8b3000 	C:\Windows\System32\WINTRUST.dll
0x00007ff8bb220000 - 0x00007ff8bb253000 	C:\Windows\SYSTEM32\ntmarta.dll
0x00007ff8bcf80000 - 0x00007ff8bcf9d000 	C:\Windows\System32\imagehlp.dll
0x00007ff8a93e0000 - 0x00007ff8ad174000 	C:\Windows\System32\DriverStore\FileRepository\nv_dispi.inf_amd64_20ae8f14a487d5db\nvgpucomp64.dll
0x00007ff8ad180000 - 0x00007ff8ad1bb000 	C:\Windows\SYSTEM32\dxcore.dll
0x00007ff8414c0000 - 0x00007ff841607000 	C:\Windows\system32\nvspcap64.dll
0x00007ff8b9850000 - 0x00007ff8b987e000 	C:\Windows\SYSTEM32\dwmapi.dll
0x00007ff8b0570000 - 0x00007ff8b0669000 	C:\Windows\SYSTEM32\textinputframework.dll
0x00007ff8b7ec0000 - 0x00007ff8b821b000 	C:\Windows\System32\CoreUIComponents.dll
0x00007ff8b8260000 - 0x00007ff8b8352000 	C:\Windows\System32\CoreMessaging.dll
0x00007ff8b8870000 - 0x00007ff8b89c7000 	C:\Windows\SYSTEM32\wintypes.dll
0x00007ff89d460000 - 0x00007ff89d4a5000 	C:\Windows\SYSTEM32\icm32.dll
0x00007ff8bbe60000 - 0x00007ff8bbeab000 	C:\Windows\SYSTEM32\powrprof.dll
0x00007ff8bbe40000 - 0x00007ff8bbe52000 	C:\Windows\SYSTEM32\UMPDC.dll
0x00007ff8bbd20000 - 0x00007ff8bbd83000 	C:\Windows\SYSTEM32\WINSTA.dll
0x0000000070a40000 - 0x0000000070adc000 	C:\Users\chuck\.gradle\caches\minecraft\net\minecraft\minecraft_natives\1.7.10\avutil-ttv-51.dll
0x0000000065980000 - 0x00000000659d6000 	C:\Users\chuck\.gradle\caches\minecraft\net\minecraft\minecraft_natives\1.7.10\swresample-ttv-0.dll
0x000000006eb80000 - 0x000000006ec50000 	C:\Users\chuck\.gradle\caches\minecraft\net\minecraft\minecraft_natives\1.7.10\libmp3lame-ttv.dll
0x00007ffffb710000 - 0x00007ffffcab4000 	C:\Users\chuck\.gradle\caches\minecraft\net\minecraft\minecraft_natives\1.7.10\libmfxsw64.dll
0x00007ff816660000 - 0x00007ff81678b000 	C:\Users\chuck\.gradle\caches\minecraft\net\minecraft\minecraft_natives\1.7.10\twitchsdk.dll
0x00007ff89ddf0000 - 0x00007ff89e2c6000 	C:\Windows\SYSTEM32\WININET.dll
0x0000018ed03e0000 - 0x0000018ed8431000 	C:\Program Files (x86)\ASUS\GPUTweakIII\GTIII-OSD\x64\GTIII-OSD64-GL.dll
0x000000006d580000 - 0x000000006d5e3000 	C:\Program Files (x86)\ASUS\GPUTweakIII\GTIII-OSD\x64\glew32.dll
0x0000018ed8440000 - 0x0000018ee05c7000 	C:\Program Files (x86)\ASUS\GPUTweakIII\GTIII-OSD\x64\GTIII-OSD64.dll
0x00007ff837c50000 - 0x00007ff837eb3000 	C:\Windows\SYSTEM32\d3dx9_43.dll
0x00007ff89a4c0000 - 0x00007ff89a4e5000 	C:\Windows\SYSTEM32\d3d12.dll
0x00007ff8b60d0000 - 0x00007ff8b652d000 	C:\Windows\SYSTEM32\D3DCOMPILER_47.dll
0x00007ff837ec0000 - 0x00007ff837ef1000 	C:\Windows\SYSTEM32\d3d10_1.dll
0x00007ff85f320000 - 0x00007ff85f32d000 	C:\Windows\SYSTEM32\d3d10_1core.dll
0x00007ff8b6af0000 - 0x00007ff8b6d54000 	C:\Windows\SYSTEM32\d3d11.dll
0x00007ff8ba880000 - 0x00007ff8ba976000 	C:\Windows\SYSTEM32\dxgi.dll
0x00007ff88baa0000 - 0x00007ff88bc71000 	C:\Windows\SYSTEM32\d3d9.dll
0x00007ff8a2d80000 - 0x00007ff8a2e2c000 	C:\Windows\SYSTEM32\TextShaping.dll
0x0000018ea6c30000 - 0x0000018ea6c94000 	C:\Users\chuck\.gradle\caches\minecraft\net\minecraft\minecraft_natives\1.7.10\OpenAL64.dll
0x00007ff8b56c0000 - 0x00007ff8b5745000 	C:\Windows\System32\MMDevApi.dll
0x00007ff88a070000 - 0x00007ff88a10c000 	C:\Windows\SYSTEM32\dsound.dll
0x00007ff89d4b0000 - 0x00007ff89d4d6000 	C:\Windows\SYSTEM32\winmmbase.dll
0x00007ff8b5910000 - 0x00007ff8b5a91000 	C:\Windows\SYSTEM32\AUDIOSES.DLL
0x00007ff8b9610000 - 0x00007ff8b9624000 	C:\Windows\SYSTEM32\resourcepolicyclient.dll
0x00007ff890070000 - 0x00007ff8900a4000 	C:\Program Files\Java\jdk-1.8\jre\bin\jpeg.dll
0x00007ff8a1aa0000 - 0x00007ff8a1ac5000 	C:\Program Files\Java\jdk-1.8\jre\bin\sunec.dll
0x00007ff892f30000 - 0x00007ff892f3e000 	C:\Program Files\Java\jdk-1.8\jre\bin\sunmscapi.dll
0x00007ff8bb9c0000 - 0x00007ff8bb9e7000 	C:\Windows\SYSTEM32\ncrypt.dll
0x00007ff8bb980000 - 0x00007ff8bb9bb000 	C:\Windows\SYSTEM32\NTASN1.dll
0x00007ff8ba480000 - 0x00007ff8ba681000 	C:\Windows\SYSTEM32\dbghelp.dll

VM Arguments:
jvm_args: -Dfile.encoding=UTF-8 -Duser.country=US -Duser.language=en -Duser.variant 
java_command: GradleStart
java_class_path (initial): C:\Users\chuck\.gradle\caches\minecraft\net\minecraftforge\forge\1.7.10-10.13.4.1614-1.7.10\start;C:\Users\chuck\.gradle\caches\minecraft\net\minecraftforge\forge\1.7.10-10.13.4.1614-1.7.10\forgeSrc-1.7.10-10.13.4.1614-1.7.10.jar;C:\Users\chuck\.gradle\caches\modules-2\files-2.1\net.minecraft\launchwrapper\1.12\111e7bea9c968cdb3d06ef4632bf7ff0824d0f36\launchwrapper-1.12.jar;C:\Users\chuck\.gradle\caches\modules-2\files-2.1\com.google.code.findbugs\jsr305\1.3.9\40719ea6961c0cb6afaeb6a921eaa1f6afd4cfdf\jsr305-1.3.9.jar;C:\Users\chuck\.gradle\caches\modules-2\files-2.1\org.ow2.asm\asm-debug-all\5.0.3\f9e364ae2a66ce2a543012a4668856e84e5dab74\asm-debug-all-5.0.3.jar;C:\Users\chuck\.gradle\caches\modules-2\files-2.1\com.typesafe.akka\akka-actor_2.11\2.3.3\ed62e9fc709ca0f2ff1a3220daa8b70a2870078e\akka-actor_2.11-2.3.3.jar;C:\Users\chuck\.gradle\caches\modules-2\files-2.1\com.typesafe\config\1.2.1\f771f71fdae3df231bcd54d5ca2d57f0bf93f467\config-1.2.1.jar;C:\Users\chuck\.gradle\caches\modules-2\files-2.1\org.scala-lang\scala-actors-migration_2.11\1.1.0\dfa8bc42b181d5b9f1a5dd147f8ae308b893eb6f\scala-actors-migration_2.11-1.1.0.jar;C:\Users\chuck\.gradle\caches\modules-2\files-2.1\org.scala-lang.plugins\scala-continuations-plugin_2.11.1\1.0.2\f361a3283452c57fa30c1ee69448995de23c60f7\scala-continuations-plugin_2.11.1-1.0.2.jar;C:\Users\chuck\.gradle\caches\modules-2\files-2.1\org.scala-lang\scala-compiler\2.11.1\56ea2e6c025e0821f28d73ca271218b8dd04926a\scala-compiler-2.11.1.jar;C:\Users\chuck\.gradle\caches\modules-2\files-2.1\org.scala-lang.plugins\scala-continuations-library_2.11\1.0.2\e517c53a7e9acd6b1668c5a35eccbaa3bab9aac\scala-continuations-library_2.11-1.0.2.jar;C:\Users\chuck\.gradle\caches\modules-2\files-2.1\org.scala-lang\scala-reflect\2.11.1\6580347e61cc7f8e802941e7fde40fa83b8badeb\scala-reflect-2.11.1.jar;C:\Users\chuck\.gradle\caches\modules-2\files-2.1\org.scala-lang\scala-actors\2.11.0\8ccfb6541de179bb1c4d45cf414acee069b7f78b\scala-a
Launcher Type: SUN_STANDARD

Environment Variables:
PATH=C:\Program Files\Eclipse Adoptium\jdk-8.0.462.8-hotspot\bin;C:\Program Files\Common Files\Oracle\Java\javapath;C:\Program Files (x86)\Common Files\Oracle\Java\java8path;C:\Program Files (x86)\Common Files\Oracle\Java\javapath;C:\Program Files (x86)\Razer Chroma SDK\bin;C:\Program Files\Razer Chroma SDK\bin;C:\Program Files (x86)\Razer\ChromaBroadcast\bin;C:\Program Files\Razer\ChromaBroadcast\bin;C:\Windows\system32;C:\Windows;C:\Windows\System32\Wbem;C:\Windows\System32\WindowsPowerShell\v1.0\;C:\Windows\System32\OpenSSH\;C:\Program Files (x86)\NVIDIA Corporation\PhysX\Common;C:\Windows\system32\config\systemprofile\AppData\Local\Microsoft\WindowsApps;C:\Program Files\dotnet\;C:\Program Files (x86)\Windows Live\Shared;C:\Program Files\Git\cmd;C:\Program Files\WorldPainter;C:\Program Files\NVIDIA Corporation\NVIDIA app\NvDLISR;C:\Users\chuck\AppData\Local\Microsoft\WindowsApps;;C:\Program Files\JetBrains\IntelliJ IDEA 2024.2.0.1\bin;
USERNAME=chuck
OS=Windows_NT
PROCESSOR_IDENTIFIER=Intel64 Family 6 Model 158 Stepping 13, GenuineIntel



---------------  S Y S T E M  ---------------

OS: Windows 10 , 64 bit Build 19041 (10.0.19041.5915)

CPU:total 16 (initial active 16) (8 cores per cpu, 2 threads per core) family 6 model 158 stepping 13, cmov, cx8, fxsr, mmx, sse, sse2, sse3, ssse3, sse4.1, sse4.2, popcnt, avx, avx2, aes, clmul, erms, 3dnowpref, lzcnt, ht, tsc, tscinvbit, bmi1, bmi2, adx

Memory: 4k page, physical 67022948k(45506768k free), swap 71217252k(36635876k free)

vm_info: Java HotSpot(TM) 64-Bit Server VM (25.471-b09) for windows-amd64 JRE (1.8.0_471-b09), built on Sep 26 2025 05:08:27 by "java_re" with MS VC++ 17.6 (VS2022)

time: Thu Nov 20 19:15:45 2025
timezone: Eastern Standard Time
elapsed time: 334.129106 seconds (0d 0h 5m 34s)

