#
# A fatal error has been detected by the Java Runtime Environment:
#
#  EXCEPTION_ACCESS_VIOLATION (0xc0000005) at pc=0x00007ffb293382e9, pid=9984, tid=0x0000000000003f78
#
# JRE version: Java(TM) SE Runtime Environment (8.0_471) (build 1.8.0_471-b09)
# Java VM: Java HotSpot(TM) 64-Bit Server VM (25.471-b09 mixed mode windows-amd64 compressed oops)
# Problematic frame:
# C  [nvoglv64.dll+0x8682e9]
#
# Failed to write core dump. Minidumps are not enabled by default on client versions of Windows
#
# If you would like to submit a bug report, please visit:
#   https://bugreport.java.com/bugreport/crash.jsp
#

---------------  T H R E A D  ---------------

Current thread (0x00000206ef5c7800):  VMThread [stack: 0x000000e681d00000,0x000000e681e00000] [id=16248]

siginfo: ExceptionCode=0xc0000005, reading address 0x0000000000001238

Registers:
RAX=0x0000000000000000, RBX=0x00000206f36fdf40, RCX=0x0000000000000004, RDX=0x0000000000000000
RSP=0x000000e681dfee98, RBP=0x0000000000000000, RSI=0x0000000000000000, RDI=0x00000206f36fdf40
R8 =0x0000000000000000, R9 =0x00000206b7ae0060, R10=0x00000206d8530000, R11=0x000000e681dfeea0
R12=0x00000206ca970000, R13=0x00000206caaa3820, R14=0x0000000000000000, R15=0x0000000000000000
RIP=0x00007ffb293382e9, EFLAGS=0x0000000000010202

Top of Stack: (sp=0x000000e681dfee98)
0x000000e681dfee98:   00000206ca97bbf1 0000000000000000
0x000000e681dfeea8:   0000000000000000 00000206caaa3820
0x000000e681dfeeb8:   00000206ca970000 fffffffffffffffe
0x000000e681dfeec8:   00007ffbaa1d47b1 00000206b7ae0158
0x000000e681dfeed8:   00000206ca978281 0000000000000000
0x000000e681dfeee8:   0000000000000000 0000000000000000
0x000000e681dfeef8:   000000e600000000 00000206b7ae0158
0x000000e681dfef08:   00000206ca977c71 00000206b7ae0060
0x000000e681dfef18:   0000000000000000 00000206f718cf50
0x000000e681dfef28:   00007ffbaa1d5ba1 00000206caaa3840
0x000000e681dfef38:   00000206ca9bac0d 0000000000000040
0x000000e681dfef48:   00007ffb00000000 000000e681dff088
0x000000e681dfef58:   00000206d8530000 00000206ca970000
0x000000e681dfef68:   00000206d85d7a68 00000206caa03f4c
0x000000e681dfef78:   0000000000000001 0000000000000001
0x000000e681dfef88:   00000206ca97a083 0000000000000000 

Instructions: (pc=0x00007ffb293382e9)
0x00007ffb293382c9:   af af af af af af af c3 cc cc cc cc cc cc cc cc
0x00007ffb293382d9:   cc cc cc cc cc cc cc 65 48 8b 04 25 30 16 00 00
0x00007ffb293382e9:   ff a0 38 12 00 00 cc cc cc cc cc cc cc cc cc cc
0x00007ffb293382f9:   cc cc cc cc cc cc cc cc cc cc cc cc cc cc cc cc 


Register to memory mapping:

RAX=0x0000000000000000 is an unknown value
RBX=0x00000206f36fdf40 is an unknown value
RCX=0x0000000000000004 is an unknown value
RDX=0x0000000000000000 is an unknown value
RSP=0x000000e681dfee98 is an unknown value
RBP=0x0000000000000000 is an unknown value
RSI=0x0000000000000000 is an unknown value
RDI=0x00000206f36fdf40 is an unknown value
R8 =0x0000000000000000 is an unknown value
R9 =0x00000206b7ae0060 is an unknown value
R10=0x00000206d8530000 is an unknown value
R11=0x000000e681dfeea0 is an unknown value
R12=0x00000206ca970000 is an unknown value
R13=0x00000206caaa3820 is an unknown value
R14=0x0000000000000000 is an unknown value
R15=0x0000000000000000 is an unknown value


Stack: [0x000000e681d00000,0x000000e681e00000],  sp=0x000000e681dfee98,  free space=1019k
Native frames: (J=compiled Java code, j=interpreted, Vv=VM code, C=native code)

VM_Operation (0x000000e680ffe7c0): Exit, mode: safepoint, requested by thread 0x00000206d857d000


---------------  P R O C E S S  ---------------

Java Threads: ( => current thread )
  0x00000206f9a0d000 JavaThread "LWJGL Timer" daemon [_thread_blocked, id=17740, stack(0x000000e683b00000,0x000000e683c00000)]
  0x00000206f9a0a000 JavaThread "Java2D Disposer" daemon [_thread_blocked, id=25440, stack(0x000000e683200000,0x000000e683300000)]
  0x00000206f9a06000 JavaThread "Timer hack thread" daemon [_thread_blocked, id=16212, stack(0x000000e683100000,0x000000e683200000)]
  0x00000206f22fa800 JavaThread "Snooper Timer" daemon [_thread_blocked, id=2144, stack(0x000000e683000000,0x000000e683100000)]
  0x00000206f23ce800 JavaThread "Service Thread" daemon [_thread_blocked, id=24900, stack(0x000000e682e00000,0x000000e682f00000)]
  0x00000206f22f9000 JavaThread "C1 CompilerThread11" daemon [_thread_blocked, id=14736, stack(0x000000e682d00000,0x000000e682e00000)]
  0x00000206f22f8800 JavaThread "C1 CompilerThread10" daemon [_thread_blocked, id=1672, stack(0x000000e682c00000,0x000000e682d00000)]
  0x00000206f22f6800 JavaThread "C1 CompilerThread9" daemon [_thread_blocked, id=16816, stack(0x000000e682b00000,0x000000e682c00000)]
  0x00000206f22f6000 JavaThread "C1 CompilerThread8" daemon [_thread_blocked, id=2300, stack(0x000000e682a00000,0x000000e682b00000)]
  0x00000206f22f7800 JavaThread "C2 CompilerThread7" daemon [_thread_blocked, id=12856, stack(0x000000e682900000,0x000000e682a00000)]
  0x00000206f22fc000 JavaThread "C2 CompilerThread6" daemon [_thread_blocked, id=21372, stack(0x000000e682800000,0x000000e682900000)]
  0x00000206f22fd000 JavaThread "C2 CompilerThread5" daemon [_thread_blocked, id=12308, stack(0x000000e682700000,0x000000e682800000)]
  0x00000206f2309800 JavaThread "C2 CompilerThread4" daemon [_thread_blocked, id=9140, stack(0x000000e682600000,0x000000e682700000)]
  0x00000206f2308800 JavaThread "C2 CompilerThread3" daemon [_thread_blocked, id=4000, stack(0x000000e682500000,0x000000e682600000)]
  0x00000206f2307800 JavaThread "C2 CompilerThread2" daemon [_thread_blocked, id=24392, stack(0x000000e682400000,0x000000e682500000)]
  0x00000206f2307000 JavaThread "C2 CompilerThread1" daemon [_thread_blocked, id=25124, stack(0x000000e682300000,0x000000e682400000)]
  0x00000206f2305000 JavaThread "C2 CompilerThread0" daemon [_thread_blocked, id=16468, stack(0x000000e682200000,0x000000e682300000)]
  0x00000206f2302000 JavaThread "Attach Listener" daemon [_thread_blocked, id=18284, stack(0x000000e682100000,0x000000e682200000)]
  0x00000206f22f2000 JavaThread "Signal Dispatcher" daemon [_thread_blocked, id=11828, stack(0x000000e682000000,0x000000e682100000)]
  0x00000206ef5da000 JavaThread "Finalizer" daemon [_thread_blocked, id=23804, stack(0x000000e681f00000,0x000000e682000000)]
  0x00000206f22d0800 JavaThread "Reference Handler" daemon [_thread_blocked, id=6352, stack(0x000000e681e00000,0x000000e681f00000)]
  0x00000206d857d000 JavaThread "Client thread" [_thread_blocked, id=6692, stack(0x000000e680f00000,0x000000e681000000)]

Other Threads:
=>0x00000206ef5c7800 VMThread [stack: 0x000000e681d00000,0x000000e681e00000] [id=16248]

VM state:at safepoint (shutting down)

VM Mutex/Monitor currently owned by a thread:  ([mutex/lock_event])
[0x00000206d8576e40] Threads_lock - owner thread: 0x00000206ef5c7800

heap address: 0x00000003c1400000, size: 16364 MB, Compressed Oops mode: Zero based, Oop shift amount: 3
Narrow klass base: 0x0000000000000000, Narrow klass shift: 3
Compressed class space size: 1073741824 Address: 0x00000007c0000000

Heap:
 PSYoungGen      total 622592K, used 171743K [0x000000066b180000, 0x0000000697400000, 0x00000007c0000000)
  eden space 548352K, 23% used [0x000000066b180000,0x0000000672de4ce8,0x000000068c900000)
  from space 74240K, 59% used [0x0000000692b80000,0x00000006956d2f68,0x0000000697400000)
  to   space 87552K, 0% used [0x000000068c900000,0x000000068c900000,0x0000000691e80000)
 ParOldGen       total 422400K, used 84070K [0x00000003c1400000, 0x00000003db080000, 0x000000066b180000)
  object space 422400K, 19% used [0x00000003c1400000,0x00000003c6619968,0x00000003db080000)
 Metaspace       used 30393K, capacity 30621K, committed 30976K, reserved 1077248K
  class space    used 3704K, capacity 3765K, committed 3840K, reserved 1048576K

Card table byte_map: [0x00000206e9450000,0x00000206eb450000] byte_map_base: 0x00000206e7646000

Marking Bits: (ParMarkBitMap*) 0x00007ffb531aa3e0
 Begin Bits: [0x0000020680000000, 0x000002068ffb0000)
 End Bits:   [0x000002068ffb0000, 0x000002069ff60000)

Polling page: 0x00000206d87f0000

CodeCache: size=245760Kb used=16368Kb max_used=16430Kb free=229392Kb
 bounds [0x00000206da090000, 0x00000206db0e0000, 0x00000206e9090000]
 total_blobs=4660 nmethods=3970 adapters=598
 compilation: enabled

Compilation events (10 events):
Event: 15.991 Thread 0x00000206f22f9000 4973       3       org.lwjgl.openal.AL10::alGetError (6 bytes)
Event: 15.991 Thread 0x00000206f22f9000 nmethod 4973 0x00000206da589010 code [0x00000206da589180, 0x00000206da5892d0]
Event: 16.009 Thread 0x00000206f22f6000 4975       3       java.util.concurrent.locks.ReentrantLock$Sync::tryRelease (45 bytes)
Event: 16.009 Thread 0x00000206f22f9000 4976       3       java.util.concurrent.locks.ReentrantLock::unlock (10 bytes)
Event: 16.009 Thread 0x00000206f22f9000 nmethod 4976 0x00000206da4b3b90 code [0x00000206da4b3d20, 0x00000206da4b4140]
Event: 16.009 Thread 0x00000206f22f6000 nmethod 4975 0x00000206dac13950 code [0x00000206dac13ae0, 0x00000206dac14090]
Event: 16.028 Thread 0x00000206f22f6800 4977  s    3       java.util.Hashtable::containsKey (65 bytes)
Event: 16.028 Thread 0x00000206f22f6800 nmethod 4977 0x00000206da9d0c10 code [0x00000206da9d0da0, 0x00000206da9d13e0]
Event: 16.029 Thread 0x00000206f22f9000 4978       3       org.apache.logging.log4j.core.helpers.NameUtil::getSubName (32 bytes)
Event: 16.029 Thread 0x00000206f22f9000 nmethod 4978 0x00000206daeed790 code [0x00000206daeed920, 0x00000206daeedec0]

GC Heap History (10 events):
Event: 4.690 GC heap before
{Heap before GC invocations=6 (full 2):
 PSYoungGen      total 305664K, used 262144K [0x000000066b180000, 0x0000000680680000, 0x00000007c0000000)
  eden space 262144K, 100% used [0x000000066b180000,0x000000067b180000,0x000000067b180000)
  from space 43520K, 0% used [0x000000067b180000,0x000000067b180000,0x000000067dc00000)
  to   space 43520K, 0% used [0x000000067dc00000,0x000000067dc00000,0x0000000680680000)
 ParOldGen       total 422400K, used 28522K [0x00000003c1400000, 0x00000003db080000, 0x000000066b180000)
  object space 422400K, 6% used [0x00000003c1400000,0x00000003c2fda8a8,0x00000003db080000)
 Metaspace       used 25182K, capacity 25363K, committed 25728K, reserved 1071104K
  class space    used 3081K, capacity 3146K, committed 3200K, reserved 1048576K
Event: 4.698 GC heap after
Heap after GC invocations=6 (full 2):
 PSYoungGen      total 305664K, used 27279K [0x000000066b180000, 0x0000000687a80000, 0x00000007c0000000)
  eden space 262144K, 0% used [0x000000066b180000,0x000000066b180000,0x000000067b180000)
  from space 43520K, 62% used [0x000000067dc00000,0x000000067f6a3cf0,0x0000000680680000)
  to   space 43520K, 0% used [0x000000067b180000,0x000000067b180000,0x000000067dc00000)
 ParOldGen       total 422400K, used 28530K [0x00000003c1400000, 0x00000003db080000, 0x000000066b180000)
  object space 422400K, 6% used [0x00000003c1400000,0x00000003c2fdc8a8,0x00000003db080000)
 Metaspace       used 25182K, capacity 25363K, committed 25728K, reserved 1071104K
  class space    used 3081K, capacity 3146K, committed 3200K, reserved 1048576K
}
Event: 6.350 GC heap before
{Heap before GC invocations=7 (full 2):
 PSYoungGen      total 305664K, used 289423K [0x000000066b180000, 0x0000000687a80000, 0x00000007c0000000)
  eden space 262144K, 100% used [0x000000066b180000,0x000000067b180000,0x000000067b180000)
  from space 43520K, 62% used [0x000000067dc00000,0x000000067f6a3cf0,0x0000000680680000)
  to   space 43520K, 0% used [0x000000067b180000,0x000000067b180000,0x000000067dc00000)
 ParOldGen       total 422400K, used 28530K [0x00000003c1400000, 0x00000003db080000, 0x000000066b180000)
  object space 422400K, 6% used [0x00000003c1400000,0x00000003c2fdc8a8,0x00000003db080000)
 Metaspace       used 25203K, capacity 25363K, committed 25728K, reserved 1071104K
  class space    used 3081K, capacity 3146K, committed 3200K, reserved 1048576K
Event: 6.372 GC heap after
Heap after GC invocations=7 (full 2):
 PSYoungGen      total 305664K, used 43491K [0x000000066b180000, 0x0000000688780000, 0x00000007c0000000)
  eden space 262144K, 0% used [0x000000066b180000,0x000000066b180000,0x000000067b180000)
  from space 43520K, 99% used [0x000000067b180000,0x000000067dbf8e20,0x000000067dc00000)
  to   space 43520K, 0% used [0x0000000685d00000,0x0000000685d00000,0x0000000688780000)
 ParOldGen       total 422400K, used 49775K [0x00000003c1400000, 0x00000003db080000, 0x000000066b180000)
  object space 422400K, 11% used [0x00000003c1400000,0x00000003c449bd48,0x00000003db080000)
 Metaspace       used 25203K, capacity 25363K, committed 25728K, reserved 1071104K
  class space    used 3081K, capacity 3146K, committed 3200K, reserved 1048576K
}
Event: 7.365 GC heap before
{Heap before GC invocations=8 (full 2):
 PSYoungGen      total 305664K, used 305635K [0x000000066b180000, 0x0000000688780000, 0x00000007c0000000)
  eden space 262144K, 100% used [0x000000066b180000,0x000000067b180000,0x000000067b180000)
  from space 43520K, 99% used [0x000000067b180000,0x000000067dbf8e20,0x000000067dc00000)
  to   space 43520K, 0% used [0x0000000685d00000,0x0000000685d00000,0x0000000688780000)
 ParOldGen       total 422400K, used 49775K [0x00000003c1400000, 0x00000003db080000, 0x000000066b180000)
  object space 422400K, 11% used [0x00000003c1400000,0x00000003c449bd48,0x00000003db080000)
 Metaspace       used 25282K, capacity 25491K, committed 25728K, reserved 1071104K
  class space    used 3082K, capacity 3146K, committed 3200K, reserved 1048576K
Event: 7.393 GC heap after
Heap after GC invocations=8 (full 2):
 PSYoungGen      total 394752K, used 43490K [0x000000066b180000, 0x000000068f700000, 0x00000007c0000000)
  eden space 351232K, 0% used [0x000000066b180000,0x000000066b180000,0x0000000680880000)
  from space 43520K, 99% used [0x0000000685d00000,0x00000006887788d8,0x0000000688780000)
  to   space 86528K, 0% used [0x0000000680880000,0x0000000680880000,0x0000000685d00000)
 ParOldGen       total 422400K, used 84054K [0x00000003c1400000, 0x00000003db080000, 0x000000066b180000)
  object space 422400K, 19% used [0x00000003c1400000,0x00000003c6615968,0x00000003db080000)
 Metaspace       used 25282K, capacity 25491K, committed 25728K, reserved 1071104K
  class space    used 3082K, capacity 3146K, committed 3200K, reserved 1048576K
}
Event: 9.401 GC heap before
{Heap before GC invocations=9 (full 2):
 PSYoungGen      total 394752K, used 394722K [0x000000066b180000, 0x000000068f700000, 0x00000007c0000000)
  eden space 351232K, 100% used [0x000000066b180000,0x0000000680880000,0x0000000680880000)
  from space 43520K, 99% used [0x0000000685d00000,0x00000006887788d8,0x0000000688780000)
  to   space 86528K, 0% used [0x0000000680880000,0x0000000680880000,0x0000000685d00000)
 ParOldGen       total 422400K, used 84054K [0x00000003c1400000, 0x00000003db080000, 0x000000066b180000)
  object space 422400K, 19% used [0x00000003c1400000,0x00000003c6615968,0x00000003db080000)
 Metaspace       used 28805K, capacity 29053K, committed 29312K, reserved 1075200K
  class space    used 3522K, capacity 3605K, committed 3712K, reserved 1048576K
Event: 9.418 GC heap after
Heap after GC invocations=9 (full 2):
 PSYoungGen      total 437760K, used 62143K [0x000000066b180000, 0x0000000698580000, 0x00000007c0000000)
  eden space 351232K, 0% used [0x000000066b180000,0x000000066b180000,0x0000000680880000)
  from space 86528K, 71% used [0x0000000680880000,0x000000068452fc28,0x0000000685d00000)
  to   space 92160K, 0% used [0x0000000692b80000,0x0000000692b80000,0x0000000698580000)
 ParOldGen       total 422400K, used 84062K [0x00000003c1400000, 0x00000003db080000, 0x000000066b180000)
  object space 422400K, 19% used [0x00000003c1400000,0x00000003c6617968,0x00000003db080000)
 Metaspace       used 28805K, capacity 29053K, committed 29312K, reserved 1075200K
  class space    used 3522K, capacity 3605K, committed 3712K, reserved 1048576K
}
Event: 10.656 GC heap before
{Heap before GC invocations=10 (full 2):
 PSYoungGen      total 437760K, used 398887K [0x000000066b180000, 0x0000000698580000, 0x00000007c0000000)
  eden space 351232K, 95% used [0x000000066b180000,0x000000067fa5a290,0x0000000680880000)
  from space 86528K, 71% used [0x0000000680880000,0x000000068452fc28,0x0000000685d00000)
  to   space 92160K, 0% used [0x0000000692b80000,0x0000000692b80000,0x0000000698580000)
 ParOldGen       total 422400K, used 84062K [0x00000003c1400000, 0x00000003db080000, 0x000000066b180000)
  object space 422400K, 19% used [0x00000003c1400000,0x00000003c6617968,0x00000003db080000)
 Metaspace       used 29958K, capacity 30205K, committed 30464K, reserved 1075200K
  class space    used 3656K, capacity 3733K, committed 3840K, reserved 1048576K
Event: 10.666 GC heap after
Heap after GC invocations=10 (full 2):
 PSYoungGen      total 622592K, used 44363K [0x000000066b180000, 0x0000000697400000, 0x00000007c0000000)
  eden space 548352K, 0% used [0x000000066b180000,0x000000066b180000,0x000000068c900000)
  from space 74240K, 59% used [0x0000000692b80000,0x00000006956d2f68,0x0000000697400000)
  to   space 87552K, 0% used [0x000000068c900000,0x000000068c900000,0x0000000691e80000)
 ParOldGen       total 422400K, used 84070K [0x00000003c1400000, 0x00000003db080000, 0x000000066b180000)
  object space 422400K, 19% used [0x00000003c1400000,0x00000003c6619968,0x00000003db080000)
 Metaspace       used 29958K, capacity 30205K, committed 30464K, reserved 1075200K
  class space    used 3656K, capacity 3733K, committed 3840K, reserved 1048576K
}

Deoptimization events (10 events):
Event: 12.292 Thread 0x00000206b9724000 Uncommon trap: reason=unstable_if action=reinterpret pc=0x00000206dad6c910 method=com.jcraft.jogg.Buffer.read(I)I @ 23
Event: 12.327 Thread 0x00000206d857d000 Uncommon trap: reason=unstable_if action=reinterpret pc=0x00000206daf107d8 method=sun.awt.image.ByteInterleavedRaster.setDataElements(IIIIIILjava/awt/image/Raster;)V @ 54
Event: 12.328 Thread 0x00000206d857d000 Uncommon trap: reason=class_check action=maybe_recompile pc=0x00000206daf709fc method=java.awt.image.BufferedImage.getRGB(IIII[III)[I @ 205
Event: 13.331 Thread 0x00000206d857d000 Uncommon trap: reason=unstable_if action=reinterpret pc=0x00000206da894044 method=java.util.Formatter$Flags.parse(Ljava/lang/String;)Ljava/util/Formatter$Flags; @ 19
Event: 13.331 Thread 0x00000206d857d000 Uncommon trap: reason=unstable_if action=reinterpret pc=0x00000206da94deec method=java.util.Formatter$FormatSpecifier.width(Ljava/lang/String;)I @ 6
Event: 13.331 Thread 0x00000206d857d000 Uncommon trap: reason=unstable_if action=reinterpret pc=0x00000206db012818 method=java.util.Formatter$Flags.contains(Ljava/util/Formatter$Flags;)Z @ 13
Event: 13.331 Thread 0x00000206d857d000 Uncommon trap: reason=unstable_if action=reinterpret pc=0x00000206da565bdc method=java.util.Formatter$FormatSpecifier.justify(Ljava/lang/String;)Ljava/lang/String; @ 5
Event: 13.331 Thread 0x00000206d857d000 Uncommon trap: reason=unstable_if action=reinterpret pc=0x00000206da896edc method=java.util.Formatter$FormatSpecifier.width(Ljava/lang/String;)I @ 6
Event: 16.027 Thread 0x00000206d857d000 Uncommon trap: reason=unstable_if action=reinterpret pc=0x00000206da85d698 method=cpw.mods.fml.relauncher.FMLSecurityManager.checkPermission(Ljava/security/Permission;)V @ 23
Event: 16.028 Thread 0x00000206b9724800 Uncommon trap: reason=unstable_if action=reinterpret pc=0x00000206da5ef2c4 method=java.util.Hashtable$Enumerator.nextElement()Ljava/lang/Object; @ 71

Classes redefined (0 events):
No events

Internal exceptions (10 events):
Event: 10.754 Thread 0x00000206f22fa800 Exception <a 'java/security/PrivilegedActionException'> (0x00000006702c1bf8) thrown at [C:\jenkins\workspace\8-2-build-windows-x64-cygwin-sans-NAS\jdk8u471\2292\hotspot\src\share\vm\prims\jvm.cpp, line 1513]
Event: 12.260 Thread 0x00000206d857d000 Implicit null exception at 0x00000206dad85b35 to 0x00000206dad896e5
Event: 12.260 Thread 0x00000206b9724000 Exception <a 'java/lang/InterruptedException': sleep interrupted> (0x00000006706532e8) thrown at [C:\jenkins\workspace\8-2-build-windows-x64-cygwin-sans-NAS\jdk8u471\2292\hotspot\src\share\vm\prims\jvm.cpp, line 3359]
Event: 12.315 Thread 0x00000206b9724000 Exception <a 'java/lang/InterruptedException': sleep interrupted> (0x00000006712a42f0) thrown at [C:\jenkins\workspace\8-2-build-windows-x64-cygwin-sans-NAS\jdk8u471\2292\hotspot\src\share\vm\prims\jvm.cpp, line 3359]
Event: 13.330 Thread 0x00000206b9724000 Exception <a 'java/lang/InterruptedException': sleep interrupted> (0x00000006712aca60) thrown at [C:\jenkins\workspace\8-2-build-windows-x64-cygwin-sans-NAS\jdk8u471\2292\hotspot\src\share\vm\prims\jvm.cpp, line 3359]
Event: 13.397 Thread 0x00000206b9724000 Exception <a 'java/lang/InterruptedException': sleep interrupted> (0x00000006712ad890) thrown at [C:\jenkins\workspace\8-2-build-windows-x64-cygwin-sans-NAS\jdk8u471\2292\hotspot\src\share\vm\prims\jvm.cpp, line 3359]
Event: 14.430 Thread 0x00000206b9724000 Exception <a 'java/lang/InterruptedException': sleep interrupted> (0x00000006712adae8) thrown at [C:\jenkins\workspace\8-2-build-windows-x64-cygwin-sans-NAS\jdk8u471\2292\hotspot\src\share\vm\prims\jvm.cpp, line 3359]
Event: 15.790 Thread 0x00000206b9724000 Exception <a 'java/lang/InterruptedException': sleep interrupted> (0x00000006712add40) thrown at [C:\jenkins\workspace\8-2-build-windows-x64-cygwin-sans-NAS\jdk8u471\2292\hotspot\src\share\vm\prims\jvm.cpp, line 3359]
Event: 15.891 Thread 0x00000206b9721000 Exception <a 'java/lang/InterruptedException': sleep interrupted> (0x00000006724f8000) thrown at [C:\jenkins\workspace\8-2-build-windows-x64-cygwin-sans-NAS\jdk8u471\2292\hotspot\src\share\vm\prims\jvm.cpp, line 3359]
Event: 16.027 Thread 0x00000206d857d000 Exception <a 'org/lwjgl/LWJGLException': Failed to set device gamma.> (0x000000066c94b510) thrown at [C:\jenkins\workspace\8-2-build-windows-x64-cygwin-sans-NAS\jdk8u471\2292\hotspot\src\share\vm\prims\jni.cpp, line 737]

Events (10 events):
Event: 16.028 Thread 0x00000206b9725800 Thread exited: 0x00000206b9725800
Event: 16.028 loading class javax/servlet/ServletContext
Event: 16.028 loading class javax/servlet/ServletContext done
Event: 16.029 loading class javax/servlet/ServletContext
Event: 16.029 loading class javax/servlet/ServletContext done
Event: 16.029 Thread 0x00000206b9720000 Thread exited: 0x00000206b9720000
Event: 16.029 loading class java/io/RandomAccessFile$1
Event: 16.029 loading class java/io/RandomAccessFile$1 done
Event: 16.029 Thread 0x00000206b9727000 Thread exited: 0x00000206b9727000
Event: 16.029 Executing VM operation: Exit


Dynamic libraries:
0x00007ff6dc810000 - 0x00007ff6dc85f000 	C:\Program Files\Java\jdk-1.8\bin\java.exe
0x00007ffbaa1b0000 - 0x00007ffbaa3a8000 	C:\Windows\SYSTEM32\ntdll.dll
0x00007ffba8580000 - 0x00007ffba8642000 	C:\Windows\System32\KERNEL32.DLL
0x00007ffba7ea0000 - 0x00007ffba8196000 	C:\Windows\System32\KERNELBASE.dll
0x00007ffba9800000 - 0x00007ffba98b1000 	C:\Windows\System32\ADVAPI32.dll
0x00007ffba9530000 - 0x00007ffba95ce000 	C:\Windows\System32\msvcrt.dll
0x00007ffba9f20000 - 0x00007ffba9fbf000 	C:\Windows\System32\sechost.dll
0x00007ffba8430000 - 0x00007ffba8550000 	C:\Windows\System32\RPCRT4.dll
0x00007ffba7dc0000 - 0x00007ffba7de7000 	C:\Windows\System32\bcrypt.dll
0x00007ffba9fc0000 - 0x00007ffbaa161000 	C:\Windows\System32\USER32.dll
0x00007ffba81a0000 - 0x00007ffba81c2000 	C:\Windows\System32\win32u.dll
0x00007ffba9e20000 - 0x00007ffba9e4b000 	C:\Windows\System32\GDI32.dll
0x00007ffba7a20000 - 0x00007ffba7b39000 	C:\Windows\System32\gdi32full.dll
0x00007ffba7cd0000 - 0x00007ffba7d6d000 	C:\Windows\System32\msvcp_win.dll
0x00007ffba7bd0000 - 0x00007ffba7cd0000 	C:\Windows\System32\ucrtbase.dll
0x00007ffb8a020000 - 0x00007ffb8a2bb000 	C:\Windows\WinSxS\amd64_microsoft.windows.common-controls_6595b64144ccf1df_6.0.19041.6456_none_60b8a6cb71f64256\COMCTL32.dll
0x00007ffba8550000 - 0x00007ffba857f000 	C:\Windows\System32\IMM32.DLL
0x00007ffb8dfd0000 - 0x00007ffb8dfeb000 	C:\Program Files\Java\jdk-1.8\jre\bin\vcruntime140.dll
0x00007ffba1e70000 - 0x00007ffba1e7c000 	C:\Program Files\Java\jdk-1.8\jre\bin\vcruntime140_1.dll
0x00007ffb8aa70000 - 0x00007ffb8aafe000 	C:\Program Files\Java\jdk-1.8\jre\bin\msvcp140.dll
0x00007ffb529d0000 - 0x00007ffb5327a000 	C:\Program Files\Java\jdk-1.8\jre\bin\server\jvm.dll
0x00007ffba8270000 - 0x00007ffba8278000 	C:\Windows\System32\PSAPI.DLL
0x00007ffba1810000 - 0x00007ffba1819000 	C:\Windows\SYSTEM32\WSOCK32.dll
0x00007ffb9d2a0000 - 0x00007ffb9d2c7000 	C:\Windows\SYSTEM32\WINMM.dll
0x00007ffba9460000 - 0x00007ffba94cb000 	C:\Windows\System32\WS2_32.dll
0x00007ffba0510000 - 0x00007ffba051a000 	C:\Windows\SYSTEM32\VERSION.dll
0x00007ffba6080000 - 0x00007ffba6092000 	C:\Windows\SYSTEM32\kernel.appcore.dll
0x00007ffb8dfc0000 - 0x00007ffb8dfd0000 	C:\Program Files\Java\jdk-1.8\jre\bin\verify.dll
0x00007ffb8df90000 - 0x00007ffb8dfbb000 	C:\Program Files\Java\jdk-1.8\jre\bin\java.dll
0x00007ffb8df70000 - 0x00007ffb8df88000 	C:\Program Files\Java\jdk-1.8\jre\bin\zip.dll
0x00007ffba8750000 - 0x00007ffba8ec0000 	C:\Windows\System32\SHELL32.dll
0x00007ffba5450000 - 0x00007ffba5bf5000 	C:\Windows\SYSTEM32\windows.storage.dll
0x00007ffba9a10000 - 0x00007ffba9d64000 	C:\Windows\System32\combase.dll
0x00007ffba7190000 - 0x00007ffba71bb000 	C:\Windows\SYSTEM32\Wldp.dll
0x00007ffba9e50000 - 0x00007ffba9f1d000 	C:\Windows\System32\OLEAUT32.dll
0x00007ffba95d0000 - 0x00007ffba967d000 	C:\Windows\System32\SHCORE.dll
0x00007ffba98c0000 - 0x00007ffba991b000 	C:\Windows\System32\shlwapi.dll
0x00007ffba7770000 - 0x00007ffba7794000 	C:\Windows\SYSTEM32\profapi.dll
0x00007ffb8ddf0000 - 0x00007ffb8ddfd000 	C:\Program Files\Java\jdk-1.8\jre\bin\management.dll
0x00007ffb8dd40000 - 0x00007ffb8dd5c000 	C:\Program Files\Java\jdk-1.8\jre\bin\net.dll
0x00007ffba6ef0000 - 0x00007ffba6f5a000 	C:\Windows\system32\mswsock.dll
0x00007ffb8dbd0000 - 0x00007ffb8dbe3000 	C:\Program Files\Java\jdk-1.8\jre\bin\nio.dll
0x00007ffb7d3d0000 - 0x00007ffb7d3e7000 	C:\Windows\system32\napinsp.dll
0x00007ffb7d5f0000 - 0x00007ffb7d60b000 	C:\Windows\system32\pnrpnsp.dll
0x00007ffba2300000 - 0x00007ffba231d000 	C:\Windows\system32\wshbth.dll
0x00007ffba3790000 - 0x00007ffba37ad000 	C:\Windows\system32\NLAapi.dll
0x00007ffba6bd0000 - 0x00007ffba6c0b000 	C:\Windows\SYSTEM32\IPHLPAPI.DLL
0x00007ffba6c10000 - 0x00007ffba6cda000 	C:\Windows\SYSTEM32\DNSAPI.dll
0x00007ffba86b0000 - 0x00007ffba86b8000 	C:\Windows\System32\NSI.dll
0x00007ffb7d610000 - 0x00007ffb7d622000 	C:\Windows\System32\winrnr.dll
0x00007ffb9f850000 - 0x00007ffb9f85a000 	C:\Windows\System32\rasadhlp.dll
0x00007ffb8e0a0000 - 0x00007ffb8e120000 	C:\Windows\System32\fwpuclnt.dll
0x0000000180000000 - 0x0000000180051000 	C:\Users\chuck\.gradle\caches\minecraft\net\minecraft\minecraft_natives\1.7.10\lwjgl64.dll
0x00007ffb2dac0000 - 0x00007ffb2dbe8000 	C:\Windows\SYSTEM32\OPENGL32.dll
0x00007ffb2eb10000 - 0x00007ffb2eb3c000 	C:\Windows\SYSTEM32\GLU32.dll
0x00007ffba70f0000 - 0x00007ffba7108000 	C:\Windows\SYSTEM32\CRYPTSP.dll
0x00007ffba6810000 - 0x00007ffba6848000 	C:\Windows\system32\rsaenh.dll
0x00007ffba7730000 - 0x00007ffba775e000 	C:\Windows\SYSTEM32\USERENV.dll
0x00007ffba7b40000 - 0x00007ffba7bc2000 	C:\Windows\System32\bcryptprimitives.dll
0x00007ffba70e0000 - 0x00007ffba70ec000 	C:\Windows\SYSTEM32\CRYPTBASE.dll
0x00007ffba0290000 - 0x00007ffba02a7000 	C:\Windows\SYSTEM32\dhcpcsvc6.DLL
0x00007ffba05b0000 - 0x00007ffba05cd000 	C:\Windows\SYSTEM32\dhcpcsvc.DLL
0x00007ffb52330000 - 0x00007ffb524ae000 	C:\Program Files\Java\jdk-1.8\jre\bin\awt.dll
0x00007ffba49d0000 - 0x00007ffba4a64000 	C:\Windows\SYSTEM32\apphelp.dll
0x00007ffb99f20000 - 0x00007ffb99fce000 	C:\Windows\SYSTEM32\mscms.dll
0x00007ffb99f00000 - 0x00007ffb99f11000 	C:\Windows\SYSTEM32\ColorAdapterClient.dll
0x00007ffba4da0000 - 0x00007ffba4e3e000 	C:\Windows\system32\uxtheme.dll
0x000002069ff60000 - 0x00000206a7fd3000 	C:\Program Files (x86)\ASUS\GPUTweakIII\GTIII-OSD\x64\GTIII-OSD64-VK.dll
0x00007ffba9330000 - 0x00007ffba945b000 	C:\Windows\System32\ole32.dll
0x00007ffb2e8a0000 - 0x00007ffb2ea26000 	C:\Windows\SYSTEM32\vulkan-1.dll
0x00007ffba7d70000 - 0x00007ffba7dbe000 	C:\Windows\System32\CFGMGR32.dll
0x00007ffba96e0000 - 0x00007ffba97f5000 	C:\Windows\System32\MSCTF.dll
0x00007ffba9d70000 - 0x00007ffba9e19000 	C:\Windows\System32\clbcatq.dll
0x00007ffb28ad0000 - 0x00007ffb2b424000 	C:\Windows\System32\DriverStore\FileRepository\nv_dispi.inf_amd64_20ae8f14a487d5db\nvoglv64.dll
0x00007ffba8ec0000 - 0x00007ffba9330000 	C:\Windows\System32\SETUPAPI.dll
0x00007ffba1260000 - 0x00007ffba1274000 	C:\Windows\SYSTEM32\WTSAPI32.dll
0x00007ffba7320000 - 0x00007ffba7332000 	C:\Windows\SYSTEM32\msasn1.dll
0x00007ffba04d0000 - 0x00007ffba0501000 	C:\Windows\SYSTEM32\cryptnet.dll
0x00007ffba7840000 - 0x00007ffba799d000 	C:\Windows\System32\CRYPT32.dll
0x00007ffba0320000 - 0x00007ffba0467000 	C:\Windows\SYSTEM32\drvstore.dll
0x00007ffba7510000 - 0x00007ffba7543000 	C:\Windows\SYSTEM32\devobj.dll
0x00007ffba79a0000 - 0x00007ffba7a13000 	C:\Windows\System32\WINTRUST.dll
0x00007ffba6a60000 - 0x00007ffba6a93000 	C:\Windows\SYSTEM32\ntmarta.dll
0x00007ffba8250000 - 0x00007ffba826d000 	C:\Windows\System32\imagehlp.dll
0x00007ffb944a0000 - 0x00007ffb98234000 	C:\Windows\System32\DriverStore\FileRepository\nv_dispi.inf_amd64_20ae8f14a487d5db\nvgpucomp64.dll
0x00007ffb98240000 - 0x00007ffb9827b000 	C:\Windows\SYSTEM32\dxcore.dll
0x00007ffb32210000 - 0x00007ffb32357000 	C:\Windows\system32\nvspcap64.dll
0x00007ffba5160000 - 0x00007ffba518e000 	C:\Windows\SYSTEM32\dwmapi.dll
0x00007ffb9b9e0000 - 0x00007ffb9bad9000 	C:\Windows\SYSTEM32\textinputframework.dll
0x00007ffba4490000 - 0x00007ffba47eb000 	C:\Windows\System32\CoreUIComponents.dll
0x00007ffba47f0000 - 0x00007ffba48e2000 	C:\Windows\System32\CoreMessaging.dll
0x00007ffba4330000 - 0x00007ffba4487000 	C:\Windows\SYSTEM32\wintypes.dll
0x00007ffb8a9e0000 - 0x00007ffb8aa25000 	C:\Windows\SYSTEM32\icm32.dll
0x00007ffba76a0000 - 0x00007ffba76eb000 	C:\Windows\SYSTEM32\powrprof.dll
0x00007ffba7680000 - 0x00007ffba7692000 	C:\Windows\SYSTEM32\UMPDC.dll
0x00007ffba7560000 - 0x00007ffba75c3000 	C:\Windows\SYSTEM32\WINSTA.dll
0x0000000070a40000 - 0x0000000070adc000 	C:\Users\chuck\.gradle\caches\minecraft\net\minecraft\minecraft_natives\1.7.10\avutil-ttv-51.dll
0x0000000065980000 - 0x00000000659d6000 	C:\Users\chuck\.gradle\caches\minecraft\net\minecraft\minecraft_natives\1.7.10\swresample-ttv-0.dll
0x000000006eb80000 - 0x000000006ec50000 	C:\Users\chuck\.gradle\caches\minecraft\net\minecraft\minecraft_natives\1.7.10\libmp3lame-ttv.dll
0x00007ffaec200000 - 0x00007ffaed5a4000 	C:\Users\chuck\.gradle\caches\minecraft\net\minecraft\minecraft_natives\1.7.10\libmfxsw64.dll
0x00007ffb512b0000 - 0x00007ffb513db000 	C:\Users\chuck\.gradle\caches\minecraft\net\minecraft\minecraft_natives\1.7.10\twitchsdk.dll
0x00007ffb8ad40000 - 0x00007ffb8b216000 	C:\Windows\SYSTEM32\WININET.dll
0x00000206ca970000 - 0x00000206d29c1000 	C:\Program Files (x86)\ASUS\GPUTweakIII\GTIII-OSD\x64\GTIII-OSD64-GL.dll
0x0000000055f40000 - 0x0000000055fa3000 	C:\Program Files (x86)\ASUS\GPUTweakIII\GTIII-OSD\x64\glew32.dll
0x00000206fa6b0000 - 0x0000020702837000 	C:\Program Files (x86)\ASUS\GPUTweakIII\GTIII-OSD\x64\GTIII-OSD64.dll
0x00007ffb2eb40000 - 0x00007ffb2eb71000 	C:\Windows\SYSTEM32\d3d10_1.dll
0x00007ffb876a0000 - 0x00007ffb876c5000 	C:\Windows\SYSTEM32\d3d12.dll
0x00007ffba28a0000 - 0x00007ffba2cfd000 	C:\Windows\SYSTEM32\D3DCOMPILER_47.dll
0x00007ffb2fa50000 - 0x00007ffb2fa5d000 	C:\Windows\SYSTEM32\d3d10_1core.dll
0x00007ffba2e60000 - 0x00007ffba30c4000 	C:\Windows\SYSTEM32\d3d11.dll
0x00007ffba60c0000 - 0x00007ffba61b6000 	C:\Windows\SYSTEM32\dxgi.dll
0x00000206ba7e0000 - 0x00000206baa43000 	C:\Windows\SYSTEM32\d3dx9_43.dll
0x00007ffb73500000 - 0x00007ffb736d1000 	C:\Windows\SYSTEM32\d3d9.dll
0x00007ffb8bd50000 - 0x00007ffb8bdfc000 	C:\Windows\SYSTEM32\TextShaping.dll
0x00000206b95a0000 - 0x00000206b9604000 	C:\Users\chuck\.gradle\caches\minecraft\net\minecraft\minecraft_natives\1.7.10\OpenAL64.dll
0x00007ffba0df0000 - 0x00007ffba0e75000 	C:\Windows\System32\MMDevApi.dll
0x00007ffb6c200000 - 0x00007ffb6c29c000 	C:\Windows\SYSTEM32\dsound.dll
0x00007ffb8b400000 - 0x00007ffb8b426000 	C:\Windows\SYSTEM32\winmmbase.dll
0x00007ffba10c0000 - 0x00007ffba1241000 	C:\Windows\SYSTEM32\AUDIOSES.DLL
0x00007ffba4d80000 - 0x00007ffba4d94000 	C:\Windows\SYSTEM32\resourcepolicyclient.dll
0x00007ffba5cc0000 - 0x00007ffba5ec1000 	C:\Windows\SYSTEM32\dbghelp.dll

VM Arguments:
jvm_args: -Dfile.encoding=UTF-8 -Duser.country=US -Duser.language=en -Duser.variant 
java_command: GradleStart
java_class_path (initial): C:\Users\chuck\.gradle\caches\minecraft\net\minecraftforge\forge\1.7.10-10.13.4.1614-1.7.10\start;C:\Users\chuck\.gradle\caches\minecraft\net\minecraftforge\forge\1.7.10-10.13.4.1614-1.7.10\forgeSrc-1.7.10-10.13.4.1614-1.7.10.jar;C:\Users\chuck\.gradle\caches\modules-2\files-2.1\net.minecraft\launchwrapper\1.12\111e7bea9c968cdb3d06ef4632bf7ff0824d0f36\launchwrapper-1.12.jar;C:\Users\chuck\.gradle\caches\modules-2\files-2.1\com.google.code.findbugs\jsr305\1.3.9\40719ea6961c0cb6afaeb6a921eaa1f6afd4cfdf\jsr305-1.3.9.jar;C:\Users\chuck\.gradle\caches\modules-2\files-2.1\org.ow2.asm\asm-debug-all\5.0.3\f9e364ae2a66ce2a543012a4668856e84e5dab74\asm-debug-all-5.0.3.jar;C:\Users\chuck\.gradle\caches\modules-2\files-2.1\com.typesafe.akka\akka-actor_2.11\2.3.3\ed62e9fc709ca0f2ff1a3220daa8b70a2870078e\akka-actor_2.11-2.3.3.jar;C:\Users\chuck\.gradle\caches\modules-2\files-2.1\com.typesafe\config\1.2.1\f771f71fdae3df231bcd54d5ca2d57f0bf93f467\config-1.2.1.jar;C:\Users\chuck\.gradle\caches\modules-2\files-2.1\org.scala-lang\scala-actors-migration_2.11\1.1.0\dfa8bc42b181d5b9f1a5dd147f8ae308b893eb6f\scala-actors-migration_2.11-1.1.0.jar;C:\Users\chuck\.gradle\caches\modules-2\files-2.1\org.scala-lang.plugins\scala-continuations-plugin_2.11.1\1.0.2\f361a3283452c57fa30c1ee69448995de23c60f7\scala-continuations-plugin_2.11.1-1.0.2.jar;C:\Users\chuck\.gradle\caches\modules-2\files-2.1\org.scala-lang\scala-compiler\2.11.1\56ea2e6c025e0821f28d73ca271218b8dd04926a\scala-compiler-2.11.1.jar;C:\Users\chuck\.gradle\caches\modules-2\files-2.1\org.scala-lang.plugins\scala-continuations-library_2.11\1.0.2\e517c53a7e9acd6b1668c5a35eccbaa3bab9aac\scala-continuations-library_2.11-1.0.2.jar;C:\Users\chuck\.gradle\caches\modules-2\files-2.1\org.scala-lang\scala-reflect\2.11.1\6580347e61cc7f8e802941e7fde40fa83b8badeb\scala-reflect-2.11.1.jar;C:\Users\chuck\.gradle\caches\modules-2\files-2.1\org.scala-lang\scala-actors\2.11.0\8ccfb6541de179bb1c4d45cf414acee069b7f78b\scala-a
Launcher Type: SUN_STANDARD

Environment Variables:
PATH=C:\Program Files\Eclipse Adoptium\jdk-8.0.462.8-hotspot\bin;C:\Program Files\Common Files\Oracle\Java\javapath;C:\Program Files (x86)\Common Files\Oracle\Java\java8path;C:\Program Files (x86)\Common Files\Oracle\Java\javapath;C:\Program Files (x86)\Razer Chroma SDK\bin;C:\Program Files\Razer Chroma SDK\bin;C:\Program Files (x86)\Razer\ChromaBroadcast\bin;C:\Program Files\Razer\ChromaBroadcast\bin;C:\Windows\system32;C:\Windows;C:\Windows\System32\Wbem;C:\Windows\System32\WindowsPowerShell\v1.0\;C:\Windows\System32\OpenSSH\;C:\Program Files (x86)\NVIDIA Corporation\PhysX\Common;C:\Windows\system32\config\systemprofile\AppData\Local\Microsoft\WindowsApps;C:\Program Files\dotnet\;C:\Program Files (x86)\Windows Live\Shared;C:\Program Files\Git\cmd;C:\Program Files\WorldPainter;C:\Program Files\NVIDIA Corporation\NVIDIA app\NvDLISR;C:\Users\chuck\AppData\Local\Microsoft\WindowsApps;;C:\Program Files\JetBrains\IntelliJ IDEA 2024.2.0.1\bin;
USERNAME=chuck
OS=Windows_NT
PROCESSOR_IDENTIFIER=Intel64 Family 6 Model 158 Stepping 13, GenuineIntel



---------------  S Y S T E M  ---------------

OS: Windows 10 , 64 bit Build 19041 (10.0.19041.5915)

CPU:total 16 (initial active 16) (8 cores per cpu, 2 threads per core) family 6 model 158 stepping 13, cmov, cx8, fxsr, mmx, sse, sse2, sse3, ssse3, sse4.1, sse4.2, popcnt, avx, avx2, aes, clmul, erms, 3dnowpref, lzcnt, ht, tsc, tscinvbit, bmi1, bmi2, adx

Memory: 4k page, physical 67022948k(48672644k free), swap 71217252k(41858532k free)

vm_info: Java HotSpot(TM) 64-Bit Server VM (25.471-b09) for windows-amd64 JRE (1.8.0_471-b09), built on Sep 26 2025 05:08:27 by "java_re" with MS VC++ 17.6 (VS2022)

time: Wed Nov 19 17:28:08 2025
timezone: Eastern Standard Time
elapsed time: 16.640953 seconds (0d 0h 0m 16s)

