#
# A fatal error has been detected by the Java Runtime Environment:
#
#  EXCEPTION_ACCESS_VIOLATION (0xc0000005) at pc=0x00007ff8356c82e9, pid=5180, tid=0x000000000000593c
#
# JRE version: Java(TM) SE Runtime Environment (8.0_471) (build 1.8.0_471-b09)
# Java VM: Java HotSpot(TM) 64-Bit Server VM (25.471-b09 mixed mode windows-amd64 compressed oops)
# Problematic frame:
# C  [nvoglv64.dll+0x8682e9]
#
# Failed to write core dump. Minidumps are not enabled by default on client versions of Windows
#
# If you would like to submit a bug report, please visit:
#   https://bugreport.java.com/bugreport/crash.jsp
#

---------------  T H R E A D  ---------------

Current thread (0x000002797ff20000):  VMThread [stack: 0x000000eff4c00000,0x000000eff4d00000] [id=22844]

siginfo: ExceptionCode=0xc0000005, reading address 0x0000000000001238

Registers:
RAX=0x0000000000000000, RBX=0x0000027938cb3250, RCX=0x0000000000000004, RDX=0x0000000000000000
RSP=0x000000eff4cff2e8, RBP=0x0000000000000000, RSI=0x0000000000000000, RDI=0x0000027938cb3250
R8 =0x0000000000000000, R9 =0x000002796ea6b3e0, R10=0x000002797d460000, R11=0x000000eff4cff2f0
R12=0x000002796f5a0000, R13=0x000002796f6d3820, R14=0x0000000000000000, R15=0x0000000000000000
RIP=0x00007ff8356c82e9, EFLAGS=0x0000000000010202

Top of Stack: (sp=0x000000eff4cff2e8)
0x000000eff4cff2e8:   000002796f5abbf1 0000000000000000
0x000000eff4cff2f8:   0000000000000000 000002796f6d3820
0x000000eff4cff308:   000002796f5a0000 fffffffffffffffe
0x000000eff4cff318:   00007ff8be9947b1 000002796ea6b4d8
0x000000eff4cff328:   000002796f5a8281 0000000000000000
0x000000eff4cff338:   0000000000000000 0000000000000000
0x000000eff4cff348:   0000027900000000 000002796ea6b4d8
0x000000eff4cff358:   000002796f5a7c71 000002796ea6b3e0
0x000000eff4cff368:   0000000000000000 0000027938e4cb10
0x000000eff4cff378:   00007ff8be995ba1 000002796f6d3840
0x000000eff4cff388:   000002796f5eac0d 0000000000000040
0x000000eff4cff398:   00007ff800000000 0000000000000000
0x000000eff4cff3a8:   0000027938e4cb08 000002796f5a0000
0x000000eff4cff3b8:   000002797d508da8 000002796f633f4c
0x000000eff4cff3c8:   0000000000000001 0000000000000001
0x000000eff4cff3d8:   000002796f5aa083 0000000000000000 

Instructions: (pc=0x00007ff8356c82e9)
0x00007ff8356c82c9:   af af af af af af af c3 cc cc cc cc cc cc cc cc
0x00007ff8356c82d9:   cc cc cc cc cc cc cc 65 48 8b 04 25 30 16 00 00
0x00007ff8356c82e9:   ff a0 38 12 00 00 cc cc cc cc cc cc cc cc cc cc
0x00007ff8356c82f9:   cc cc cc cc cc cc cc cc cc cc cc cc cc cc cc cc 


Register to memory mapping:

RAX=0x0000000000000000 is an unknown value
RBX=0x0000027938cb3250 is an unknown value
RCX=0x0000000000000004 is an unknown value
RDX=0x0000000000000000 is an unknown value
RSP=0x000000eff4cff2e8 is an unknown value
RBP=0x0000000000000000 is an unknown value
RSI=0x0000000000000000 is an unknown value
RDI=0x0000027938cb3250 is an unknown value
R8 =0x0000000000000000 is an unknown value
R9 =0x000002796ea6b3e0 is an unknown value
R10=0x000002797d460000 is an unknown value
R11=0x000000eff4cff2f0 is an unknown value
R12=0x000002796f5a0000 is an unknown value
R13=0x000002796f6d3820 is an unknown value
R14=0x0000000000000000 is an unknown value
R15=0x0000000000000000 is an unknown value


Stack: [0x000000eff4c00000,0x000000eff4d00000],  sp=0x000000eff4cff2e8,  free space=1020k
Native frames: (J=compiled Java code, j=interpreted, Vv=VM code, C=native code)

VM_Operation (0x000000eff3efe3b0): Exit, mode: safepoint, requested by thread 0x000002797d4a8000


---------------  P R O C E S S  ---------------

Java Threads: ( => current thread )
  0x000002793d6c4800 JavaThread "AWT-Shutdown" [_thread_blocked, id=26768, stack(0x000000eff3c00000,0x000000eff3d00000)]
  0x000002793d6c8800 JavaThread "File IO Thread" [_thread_blocked, id=27528, stack(0x000000eff3b00000,0x000000eff3c00000)]
  0x000002793d6c0000 JavaThread "Chunk I/O Executor Thread-1" daemon [_thread_blocked, id=10844, stack(0x000000eff7200000,0x000000eff7300000)]
  0x000002793d6c1000 JavaThread "Netty IO #1" daemon [_thread_in_native, id=8436, stack(0x000000eff7100000,0x000000eff7200000)]
  0x000002793d6bd000 JavaThread "Netty Client IO #0" daemon [_thread_in_native, id=6032, stack(0x000000eff6e00000,0x000000eff6f00000)]
  0x000002793a5ad000 JavaThread "Netty IO #0" daemon [_thread_in_native, id=23404, stack(0x000000eff6b00000,0x000000eff6c00000)]
  0x000002793c485800 JavaThread "LWJGL Timer" daemon [_thread_blocked, id=2452, stack(0x000000eff6a00000,0x000000eff6b00000)]
  0x000002793b599000 JavaThread "Java2D Disposer" daemon [_thread_blocked, id=10340, stack(0x000000eff6100000,0x000000eff6200000)]
  0x000002793d342000 JavaThread "Timer hack thread" daemon [_thread_blocked, id=26436, stack(0x000000eff6000000,0x000000eff6100000)]
  0x000002793b0c5800 JavaThread "Snooper Timer" daemon [_thread_blocked, id=10360, stack(0x000000eff5f00000,0x000000eff6000000)]
  0x0000027937297000 JavaThread "Service Thread" daemon [_thread_blocked, id=20352, stack(0x000000eff5d00000,0x000000eff5e00000)]
  0x00000279371a8000 JavaThread "C1 CompilerThread11" daemon [_thread_blocked, id=17332, stack(0x000000eff5c00000,0x000000eff5d00000)]
  0x00000279371a2000 JavaThread "C1 CompilerThread10" daemon [_thread_blocked, id=24276, stack(0x000000eff5b00000,0x000000eff5c00000)]
  0x00000279371a5000 JavaThread "C1 CompilerThread9" daemon [_thread_blocked, id=13420, stack(0x000000eff5a00000,0x000000eff5b00000)]
  0x00000279371a1000 JavaThread "C1 CompilerThread8" daemon [_thread_blocked, id=3128, stack(0x000000eff5900000,0x000000eff5a00000)]
  0x00000279371e3800 JavaThread "C2 CompilerThread7" daemon [_thread_blocked, id=22816, stack(0x000000eff5800000,0x000000eff5900000)]
  0x00000279371cb000 JavaThread "C2 CompilerThread6" daemon [_thread_blocked, id=9404, stack(0x000000eff5700000,0x000000eff5800000)]
  0x00000279371c1000 JavaThread "C2 CompilerThread5" daemon [_thread_blocked, id=23188, stack(0x000000eff5600000,0x000000eff5700000)]
  0x00000279371bb800 JavaThread "C2 CompilerThread4" daemon [_thread_blocked, id=26216, stack(0x000000eff5500000,0x000000eff5600000)]
  0x00000279371ba800 JavaThread "C2 CompilerThread3" daemon [_thread_blocked, id=24968, stack(0x000000eff5400000,0x000000eff5500000)]
  0x00000279371b6800 JavaThread "C2 CompilerThread2" daemon [_thread_blocked, id=26548, stack(0x000000eff5300000,0x000000eff5400000)]
  0x00000279371b2000 JavaThread "C2 CompilerThread1" daemon [_thread_blocked, id=23444, stack(0x000000eff5200000,0x000000eff5300000)]
  0x00000279371af800 JavaThread "C2 CompilerThread0" daemon [_thread_blocked, id=3096, stack(0x000000eff5100000,0x000000eff5200000)]
  0x00000279371ac800 JavaThread "Attach Listener" daemon [_thread_blocked, id=22912, stack(0x000000eff5000000,0x000000eff5100000)]
  0x000002797ff32000 JavaThread "Finalizer" daemon [_thread_blocked, id=2324, stack(0x000000eff4e00000,0x000000eff4f00000)]
  0x0000027937180800 JavaThread "Reference Handler" daemon [_thread_blocked, id=21884, stack(0x000000eff4d00000,0x000000eff4e00000)]
  0x000002797d4a8000 JavaThread "Client thread" [_thread_blocked, id=26188, stack(0x000000eff3e00000,0x000000eff3f00000)]

Other Threads:
=>0x000002797ff20000 VMThread [stack: 0x000000eff4c00000,0x000000eff4d00000] [id=22844]

VM state:at safepoint (shutting down)

VM Mutex/Monitor currently owned by a thread:  ([mutex/lock_event])
[0x000002797d4a5110] Threads_lock - owner thread: 0x000002797ff20000

heap address: 0x00000003c1400000, size: 16364 MB, Compressed Oops mode: Zero based, Oop shift amount: 3
Narrow klass base: 0x0000000000000000, Narrow klass shift: 3
Compressed class space size: 1073741824 Address: 0x00000007c0000000

Heap:
 PSYoungGen      total 879616K, used 314735K [0x000000066b180000, 0x00000006a7f80000, 0x00000007c0000000)
  eden space 823296K, 31% used [0x000000066b180000,0x000000067ae1a238,0x000000069d580000)
  from space 56320K, 99% used [0x000000069f580000,0x00000006a2c41af0,0x00000006a2c80000)
  to   space 84992K, 0% used [0x00000006a2c80000,0x00000006a2c80000,0x00000006a7f80000)
 ParOldGen       total 411648K, used 140801K [0x00000003c1400000, 0x00000003da600000, 0x000000066b180000)
  object space 411648K, 34% used [0x00000003c1400000,0x00000003c9d80708,0x00000003da600000)
 Metaspace       used 44423K, capacity 44899K, committed 45312K, reserved 1089536K
  class space    used 5099K, capacity 5256K, committed 5376K, reserved 1048576K

Card table byte_map: [0x000002790f000000,0x0000027911000000] byte_map_base: 0x000002790d1f6000

Marking Bits: (ParMarkBitMap*) 0x00007ffffd29a3e0
 Begin Bits: [0x0000027912550000, 0x0000027922500000)
 End Bits:   [0x0000027922500000, 0x00000279324b0000)

Polling page: 0x000002797d670000

CodeCache: size=245760Kb used=35962Kb max_used=35970Kb free=209797Kb
 bounds [0x0000027900000000, 0x00000279023d0000, 0x000002790f000000]
 total_blobs=8807 nmethods=7930 adapters=783
 compilation: enabled

Compilation events (10 events):
Event: 123.852 Thread 0x00000279371af800 nmethod 11233 0x0000027901bf5690 code [0x0000027901bf5860, 0x0000027901bf6248]
Event: 123.855 Thread 0x00000279371b6800 nmethod 11234 0x000002790197f990 code [0x000002790197fb40, 0x0000027901980788]
Event: 123.920 Thread 0x00000279371a8000 11237       3       org.lwjgl.openal.AL10::alSourceStop (5 bytes)
Event: 123.920 Thread 0x00000279371a8000 nmethod 11237 0x000002790160c010 code [0x000002790160c180, 0x000002790160c2d0]
Event: 123.925 Thread 0x00000279371a1000 11239   !   3       paulscode.sound.libraries.ChannelLWJGLOpenAL::close (32 bytes)
Event: 123.926 Thread 0x00000279371a1000 nmethod 11239 0x0000027900670590 code [0x0000027900670740, 0x0000027900670b20]
Event: 123.977 Thread 0x00000279371a5000 11240       3       org.apache.logging.log4j.core.helpers.NameUtil::getSubName (32 bytes)
Event: 123.977 Thread 0x00000279371a8000 11241       1       org.apache.logging.log4j.core.config.LoggerConfig::getLevel (5 bytes)
Event: 123.977 Thread 0x00000279371a8000 nmethod 11241 0x000002790146c0d0 code [0x000002790146c220, 0x000002790146c338]
Event: 123.977 Thread 0x00000279371a5000 nmethod 11240 0x000002790197f0d0 code [0x000002790197f260, 0x000002790197f800]

GC Heap History (10 events):
Event: 25.063 GC heap before
{Heap before GC invocations=20 (full 5):
 PSYoungGen      total 809984K, used 770820K [0x000000066b180000, 0x00000006a2400000, 0x00000007c0000000)
  eden space 749056K, 100% used [0x000000066b180000,0x0000000698d00000,0x0000000698d00000)
  from space 60928K, 35% used [0x000000069e880000,0x000000069fdc13f8,0x00000006a2400000)
  to   space 77312K, 0% used [0x0000000698d00000,0x0000000698d00000,0x000000069d880000)
 ParOldGen       total 411648K, used 140769K [0x00000003c1400000, 0x00000003da600000, 0x000000066b180000)
  object space 411648K, 34% used [0x00000003c1400000,0x00000003c9d78708,0x00000003da600000)
 Metaspace       used 43753K, capacity 44177K, committed 44672K, reserved 1089536K
  class space    used 5066K, capacity 5189K, committed 5248K, reserved 1048576K
Event: 25.070 GC heap after
Heap after GC invocations=20 (full 5):
 PSYoungGen      total 826368K, used 40268K [0x000000066b180000, 0x00000006adc80000, 0x00000007c0000000)
  eden space 749056K, 0% used [0x000000066b180000,0x000000066b180000,0x0000000698d00000)
  from space 77312K, 52% used [0x0000000698d00000,0x000000069b453190,0x000000069d880000)
  to   space 75776K, 0% used [0x00000006a9280000,0x00000006a9280000,0x00000006adc80000)
 ParOldGen       total 411648K, used 140777K [0x00000003c1400000, 0x00000003da600000, 0x000000066b180000)
  object space 411648K, 34% used [0x00000003c1400000,0x00000003c9d7a708,0x00000003da600000)
 Metaspace       used 43753K, capacity 44177K, committed 44672K, reserved 1089536K
  class space    used 5066K, capacity 5189K, committed 5248K, reserved 1048576K
}
Event: 37.874 GC heap before
{Heap before GC invocations=21 (full 5):
 PSYoungGen      total 826368K, used 789324K [0x000000066b180000, 0x00000006adc80000, 0x00000007c0000000)
  eden space 749056K, 100% used [0x000000066b180000,0x0000000698d00000,0x0000000698d00000)
  from space 77312K, 52% used [0x0000000698d00000,0x000000069b453190,0x000000069d880000)
  to   space 75776K, 0% used [0x00000006a9280000,0x00000006a9280000,0x00000006adc80000)
 ParOldGen       total 411648K, used 140777K [0x00000003c1400000, 0x00000003da600000, 0x000000066b180000)
  object space 411648K, 34% used [0x00000003c1400000,0x00000003c9d7a708,0x00000003da600000)
 Metaspace       used 44005K, capacity 44497K, committed 44928K, reserved 1089536K
  class space    used 5072K, capacity 5189K, committed 5248K, reserved 1048576K
Event: 37.883 GC heap after
Heap after GC invocations=21 (full 5):
 PSYoungGen      total 971776K, used 53307K [0x000000066b180000, 0x00000006aca00000, 0x00000007c0000000)
  eden space 914944K, 0% used [0x000000066b180000,0x000000066b180000,0x00000006a2f00000)
  from space 56832K, 93% used [0x00000006a9280000,0x00000006ac68ee20,0x00000006aca00000)
  to   space 79360K, 0% used [0x00000006a2f00000,0x00000006a2f00000,0x00000006a7c80000)
 ParOldGen       total 411648K, used 140785K [0x00000003c1400000, 0x00000003da600000, 0x000000066b180000)
  object space 411648K, 34% used [0x00000003c1400000,0x00000003c9d7c708,0x00000003da600000)
 Metaspace       used 44005K, capacity 44497K, committed 44928K, reserved 1089536K
  class space    used 5072K, capacity 5189K, committed 5248K, reserved 1048576K
}
Event: 63.401 GC heap before
{Heap before GC invocations=22 (full 5):
 PSYoungGen      total 971776K, used 968251K [0x000000066b180000, 0x00000006aca00000, 0x00000007c0000000)
  eden space 914944K, 100% used [0x000000066b180000,0x00000006a2f00000,0x00000006a2f00000)
  from space 56832K, 93% used [0x00000006a9280000,0x00000006ac68ee20,0x00000006aca00000)
  to   space 79360K, 0% used [0x00000006a2f00000,0x00000006a2f00000,0x00000006a7c80000)
 ParOldGen       total 411648K, used 140785K [0x00000003c1400000, 0x00000003da600000, 0x000000066b180000)
  object space 411648K, 34% used [0x00000003c1400000,0x00000003c9d7c708,0x00000003da600000)
 Metaspace       used 44240K, capacity 44727K, committed 45184K, reserved 1089536K
  class space    used 5087K, capacity 5222K, committed 5248K, reserved 1048576K
Event: 63.412 GC heap after
Heap after GC invocations=22 (full 5):
 PSYoungGen      total 937984K, used 54541K [0x000000066b180000, 0x00000006ab100000, 0x00000007c0000000)
  eden space 883200K, 0% used [0x000000066b180000,0x000000066b180000,0x00000006a1000000)
  from space 54784K, 99% used [0x00000006a2f00000,0x00000006a6443658,0x00000006a6480000)
  to   space 78336K, 0% used [0x00000006a6480000,0x00000006a6480000,0x00000006ab100000)
 ParOldGen       total 411648K, used 140793K [0x00000003c1400000, 0x00000003da600000, 0x000000066b180000)
  object space 411648K, 34% used [0x00000003c1400000,0x00000003c9d7e708,0x00000003da600000)
 Metaspace       used 44240K, capacity 44727K, committed 45184K, reserved 1089536K
  class space    used 5087K, capacity 5222K, committed 5248K, reserved 1048576K
}
Event: 94.189 GC heap before
{Heap before GC invocations=23 (full 5):
 PSYoungGen      total 937984K, used 937741K [0x000000066b180000, 0x00000006ab100000, 0x00000007c0000000)
  eden space 883200K, 100% used [0x000000066b180000,0x00000006a1000000,0x00000006a1000000)
  from space 54784K, 99% used [0x00000006a2f00000,0x00000006a6443658,0x00000006a6480000)
  to   space 78336K, 0% used [0x00000006a6480000,0x00000006a6480000,0x00000006ab100000)
 ParOldGen       total 411648K, used 140793K [0x00000003c1400000, 0x00000003da600000, 0x000000066b180000)
  object space 411648K, 34% used [0x00000003c1400000,0x00000003c9d7e708,0x00000003da600000)
 Metaspace       used 44293K, capacity 44733K, committed 45184K, reserved 1089536K
  class space    used 5088K, capacity 5223K, committed 5248K, reserved 1048576K
Event: 94.198 GC heap after
Heap after GC invocations=23 (full 5):
 PSYoungGen      total 908800K, used 56017K [0x000000066b180000, 0x00000006a9b80000, 0x00000007c0000000)
  eden space 852480K, 0% used [0x000000066b180000,0x000000066b180000,0x000000069f200000)
  from space 56320K, 99% used [0x00000006a6480000,0x00000006a9b346d0,0x00000006a9b80000)
  to   space 84992K, 0% used [0x000000069f580000,0x000000069f580000,0x00000006a4880000)
 ParOldGen       total 411648K, used 140793K [0x00000003c1400000, 0x00000003da600000, 0x000000066b180000)
  object space 411648K, 34% used [0x00000003c1400000,0x00000003c9d7e708,0x00000003da600000)
 Metaspace       used 44293K, capacity 44733K, committed 45184K, reserved 1089536K
  class space    used 5088K, capacity 5223K, committed 5248K, reserved 1048576K
}
Event: 116.694 GC heap before
{Heap before GC invocations=24 (full 5):
 PSYoungGen      total 908800K, used 908497K [0x000000066b180000, 0x00000006a9b80000, 0x00000007c0000000)
  eden space 852480K, 100% used [0x000000066b180000,0x000000069f200000,0x000000069f200000)
  from space 56320K, 99% used [0x00000006a6480000,0x00000006a9b346d0,0x00000006a9b80000)
  to   space 84992K, 0% used [0x000000069f580000,0x000000069f580000,0x00000006a4880000)
 ParOldGen       total 411648K, used 140793K [0x00000003c1400000, 0x00000003da600000, 0x000000066b180000)
  object space 411648K, 34% used [0x00000003c1400000,0x00000003c9d7e708,0x00000003da600000)
 Metaspace       used 44370K, capacity 44803K, committed 45184K, reserved 1089536K
  class space    used 5089K, capacity 5224K, committed 5248K, reserved 1048576K
Event: 116.702 GC heap after
Heap after GC invocations=24 (full 5):
 PSYoungGen      total 879616K, used 56070K [0x000000066b180000, 0x00000006a7f80000, 0x00000007c0000000)
  eden space 823296K, 0% used [0x000000066b180000,0x000000066b180000,0x000000069d580000)
  from space 56320K, 99% used [0x000000069f580000,0x00000006a2c41af0,0x00000006a2c80000)
  to   space 84992K, 0% used [0x00000006a2c80000,0x00000006a2c80000,0x00000006a7f80000)
 ParOldGen       total 411648K, used 140801K [0x00000003c1400000, 0x00000003da600000, 0x000000066b180000)
  object space 411648K, 34% used [0x00000003c1400000,0x00000003c9d80708,0x00000003da600000)
 Metaspace       used 44370K, capacity 44803K, committed 45184K, reserved 1089536K
  class space    used 5089K, capacity 5224K, committed 5248K, reserved 1048576K
}

Deoptimization events (10 events):
Event: 123.748 Thread 0x000002793d6bd000 Uncommon trap: reason=null_check action=make_not_entrant pc=0x000002790057c574 method=io.netty.util.DefaultAttributeMap.attr(Lio/netty/util/AttributeKey;)Lio/netty/util/Attribute; @ 46
Event: 123.748 Thread 0x000002793d6c1000 Uncommon trap: reason=null_check action=make_not_entrant pc=0x000002790057c574 method=io.netty.util.DefaultAttributeMap.attr(Lio/netty/util/AttributeKey;)Lio/netty/util/Attribute; @ 46
Event: 123.748 Thread 0x000002793d6bd000 Uncommon trap: reason=unstable_if action=reinterpret pc=0x00000279005cd9d4 method=io.netty.channel.local.LocalChannel.isActive()Z @ 5
Event: 123.748 Thread 0x000002793d6bd000 Uncommon trap: reason=unstable_if action=reinterpret pc=0x00000279004ceb54 method=io.netty.channel.local.LocalChannel.isOpen()Z @ 5
Event: 123.748 Thread 0x000002793d6bd000 Uncommon trap: reason=unstable_if action=reinterpret pc=0x00000279018d6900 method=io.netty.channel.local.LocalChannel.isActive()Z @ 5
Event: 123.844 Thread 0x0000027939958800 Uncommon trap: reason=unstable_if action=reinterpret pc=0x0000027901cf29d4 method=java.util.Formatter$FormatSpecifier.print(ILjava/util/Locale;)V @ 4
Event: 123.844 Thread 0x0000027939958800 Uncommon trap: reason=unstable_if action=reinterpret pc=0x00000279016beaf0 method=java.util.Formatter$FormatSpecifier.print(JLjava/util/Locale;)V @ 21
Event: 123.844 Thread 0x0000027939958800 Uncommon trap: reason=unstable_if action=reinterpret pc=0x0000027900b0b250 method=java.util.Formatter$FormatSpecifier.leadingSign(Ljava/lang/StringBuilder;Z)Ljava/lang/StringBuilder; @ 1
Event: 123.846 Thread 0x0000027939958800 Uncommon trap: reason=class_check action=maybe_recompile pc=0x0000027900659504 method=cpw.mods.fml.common.asm.transformers.deobf.FMLDeobfuscatingRemapper.map(Ljava/lang/String;)Ljava/lang/String; @ 11
Event: 123.975 Thread 0x000002797d4a8000 Uncommon trap: reason=unstable_if action=reinterpret pc=0x000002790075da58 method=cpw.mods.fml.relauncher.FMLSecurityManager.checkPermission(Ljava/security/Permission;)V @ 23

Classes redefined (0 events):
No events

Internal exceptions (10 events):
Event: 123.605 Thread 0x0000027937eff800 Exception <a 'java/lang/InterruptedException': sleep interrupted> (0x0000000679a4c9b8) thrown at [C:\jenkins\workspace\8-2-build-windows-x64-cygwin-sans-NAS\jdk8u471\2292\hotspot\src\share\vm\prims\jvm.cpp, line 3359]
Event: 123.613 Thread 0x0000027937eff800 Exception <a 'java/lang/InterruptedException': sleep interrupted> (0x0000000679a4cc10) thrown at [C:\jenkins\workspace\8-2-build-windows-x64-cygwin-sans-NAS\jdk8u471\2292\hotspot\src\share\vm\prims\jvm.cpp, line 3359]
Event: 123.621 Thread 0x0000027937eff800 Exception <a 'java/lang/InterruptedException': sleep interrupted> (0x0000000679a4ce68) thrown at [C:\jenkins\workspace\8-2-build-windows-x64-cygwin-sans-NAS\jdk8u471\2292\hotspot\src\share\vm\prims\jvm.cpp, line 3359]
Event: 123.631 Thread 0x0000027937eff800 Exception <a 'java/lang/InterruptedException': sleep interrupted> (0x0000000679a4d0c0) thrown at [C:\jenkins\workspace\8-2-build-windows-x64-cygwin-sans-NAS\jdk8u471\2292\hotspot\src\share\vm\prims\jvm.cpp, line 3359]
Event: 123.638 Thread 0x0000027937eff800 Exception <a 'java/lang/InterruptedException': sleep interrupted> (0x0000000679a4d318) thrown at [C:\jenkins\workspace\8-2-build-windows-x64-cygwin-sans-NAS\jdk8u471\2292\hotspot\src\share\vm\prims\jvm.cpp, line 3359]
Event: 123.687 Thread 0x0000027937eff800 Exception <a 'java/lang/InterruptedException': sleep interrupted> (0x0000000679a4d570) thrown at [C:\jenkins\workspace\8-2-build-windows-x64-cygwin-sans-NAS\jdk8u471\2292\hotspot\src\share\vm\prims\jvm.cpp, line 3359]
Event: 123.719 Thread 0x0000027937eff800 Exception <a 'java/lang/InterruptedException': sleep interrupted> (0x0000000679a4d7c8) thrown at [C:\jenkins\workspace\8-2-build-windows-x64-cygwin-sans-NAS\jdk8u471\2292\hotspot\src\share\vm\prims\jvm.cpp, line 3359]
Event: 123.719 Thread 0x0000027937eff800 Exception <a 'java/lang/InterruptedException': sleep interrupted> (0x0000000679a4da20) thrown at [C:\jenkins\workspace\8-2-build-windows-x64-cygwin-sans-NAS\jdk8u471\2292\hotspot\src\share\vm\prims\jvm.cpp, line 3359]
Event: 123.819 Thread 0x000002795e915800 Exception <a 'java/lang/InterruptedException': sleep interrupted> (0x0000000679e95648) thrown at [C:\jenkins\workspace\8-2-build-windows-x64-cygwin-sans-NAS\jdk8u471\2292\hotspot\src\share\vm\prims\jvm.cpp, line 3359]
Event: 123.975 Thread 0x000002797d4a8000 Exception <a 'org/lwjgl/LWJGLException': Failed to set device gamma.> (0x00000006799ffe58) thrown at [C:\jenkins\workspace\8-2-build-windows-x64-cygwin-sans-NAS\jdk8u471\2292\hotspot\src\share\vm\prims\jni.cpp, line 737]

Events (10 events):
Event: 123.977 Executing VM operation: RevokeBias
Event: 123.977 Executing VM operation: RevokeBias done
Event: 123.977 loading class javax/servlet/ServletContext
Event: 123.977 loading class javax/servlet/ServletContext done
Event: 123.977 Thread 0x000002793d6c7000 Thread exited: 0x000002793d6c7000
Event: 123.977 Thread 0x00000279371a5800 Thread exited: 0x00000279371a5800
Event: 123.977 Thread 0x000002793d6c6000 Thread exited: 0x000002793d6c6000
Event: 124.077 Thread 0x00000279371a4000 Thread exited: 0x00000279371a4000
Event: 124.077 Thread 0x00000279371ab000 Thread exited: 0x00000279371ab000
Event: 124.077 Executing VM operation: Exit


Dynamic libraries:
0x00007ff60d2d0000 - 0x00007ff60d31f000 	C:\Program Files\Java\jdk-1.8\bin\java.exe
0x00007ff8be970000 - 0x00007ff8beb68000 	C:\Windows\SYSTEM32\ntdll.dll
0x00007ff8bd320000 - 0x00007ff8bd3e2000 	C:\Windows\System32\KERNEL32.DLL
0x00007ff8bc160000 - 0x00007ff8bc456000 	C:\Windows\System32\KERNELBASE.dll
0x00007ff8be7b0000 - 0x00007ff8be861000 	C:\Windows\System32\ADVAPI32.dll
0x00007ff8bcee0000 - 0x00007ff8bcf7e000 	C:\Windows\System32\msvcrt.dll
0x00007ff8be870000 - 0x00007ff8be90f000 	C:\Windows\System32\sechost.dll
0x00007ff8bd790000 - 0x00007ff8bd8b0000 	C:\Windows\System32\RPCRT4.dll
0x00007ff8bc960000 - 0x00007ff8bc987000 	C:\Windows\System32\bcrypt.dll
0x00007ff8bd8b0000 - 0x00007ff8bda51000 	C:\Windows\System32\USER32.dll
0x00007ff8bc510000 - 0x00007ff8bc532000 	C:\Windows\System32\win32u.dll
0x00007ff8bd5f0000 - 0x00007ff8bd61b000 	C:\Windows\System32\GDI32.dll
0x00007ff8bc5d0000 - 0x00007ff8bc6e9000 	C:\Windows\System32\gdi32full.dll
0x00007ff8bc8c0000 - 0x00007ff8bc95d000 	C:\Windows\System32\msvcp_win.dll
0x00007ff8bc6f0000 - 0x00007ff8bc7f0000 	C:\Windows\System32\ucrtbase.dll
0x00007ff89da80000 - 0x00007ff89dd1b000 	C:\Windows\WinSxS\amd64_microsoft.windows.common-controls_6595b64144ccf1df_6.0.19041.6456_none_60b8a6cb71f64256\COMCTL32.dll
0x00007ff8bd2f0000 - 0x00007ff8bd31f000 	C:\Windows\System32\IMM32.DLL
0x00007ff8b8530000 - 0x00007ff8b854b000 	C:\Program Files\Java\jdk-1.8\jre\bin\vcruntime140.dll
0x00007ff8b8520000 - 0x00007ff8b852c000 	C:\Program Files\Java\jdk-1.8\jre\bin\vcruntime140_1.dll
0x00007ff892f40000 - 0x00007ff892fce000 	C:\Program Files\Java\jdk-1.8\jre\bin\msvcp140.dll
0x00007ffffcac0000 - 0x00007ffffd36a000 	C:\Program Files\Java\jdk-1.8\jre\bin\server\jvm.dll
0x00007ff8be910000 - 0x00007ff8be918000 	C:\Windows\System32\PSAPI.DLL
0x00007ff8b8510000 - 0x00007ff8b8519000 	C:\Windows\SYSTEM32\WSOCK32.dll
0x00007ff8b19a0000 - 0x00007ff8b19c7000 	C:\Windows\SYSTEM32\WINMM.dll
0x00007ff8b4b00000 - 0x00007ff8b4b0a000 	C:\Windows\SYSTEM32\VERSION.dll
0x00007ff8bd6b0000 - 0x00007ff8bd71b000 	C:\Windows\System32\WS2_32.dll
0x00007ff8ba860000 - 0x00007ff8ba872000 	C:\Windows\SYSTEM32\kernel.appcore.dll
0x00007ff8b71b0000 - 0x00007ff8b71c0000 	C:\Program Files\Java\jdk-1.8\jre\bin\verify.dll
0x00007ff8b5b70000 - 0x00007ff8b5b9b000 	C:\Program Files\Java\jdk-1.8\jre\bin\java.dll
0x00007ff8b6e70000 - 0x00007ff8b6e88000 	C:\Program Files\Java\jdk-1.8\jre\bin\zip.dll
0x00007ff8bdf70000 - 0x00007ff8be6e0000 	C:\Windows\System32\SHELL32.dll
0x00007ff8b9c10000 - 0x00007ff8ba3b5000 	C:\Windows\SYSTEM32\windows.storage.dll
0x00007ff8bdc10000 - 0x00007ff8bdf64000 	C:\Windows\System32\combase.dll
0x00007ff8bb950000 - 0x00007ff8bb97b000 	C:\Windows\SYSTEM32\Wldp.dll
0x00007ff8be6e0000 - 0x00007ff8be7ad000 	C:\Windows\System32\OLEAUT32.dll
0x00007ff8bd240000 - 0x00007ff8bd2ed000 	C:\Windows\System32\SHCORE.dll
0x00007ff8bd000000 - 0x00007ff8bd05b000 	C:\Windows\System32\shlwapi.dll
0x00007ff8bbf30000 - 0x00007ff8bbf54000 	C:\Windows\SYSTEM32\profapi.dll
0x00007ff8b0b20000 - 0x00007ff8b0b2d000 	C:\Program Files\Java\jdk-1.8\jre\bin\management.dll
0x00007ff8a1af0000 - 0x00007ff8a1b0c000 	C:\Program Files\Java\jdk-1.8\jre\bin\net.dll
0x00007ff8bb6b0000 - 0x00007ff8bb71a000 	C:\Windows\system32\mswsock.dll
0x00007ff8a1ad0000 - 0x00007ff8a1ae3000 	C:\Program Files\Java\jdk-1.8\jre\bin\nio.dll
0x00007ff890b10000 - 0x00007ff890b27000 	C:\Windows\system32\napinsp.dll
0x00007ff890c50000 - 0x00007ff890c6b000 	C:\Windows\system32\pnrpnsp.dll
0x00007ff8b8830000 - 0x00007ff8b884d000 	C:\Windows\system32\wshbth.dll
0x00007ff8b8480000 - 0x00007ff8b849d000 	C:\Windows\system32\NLAapi.dll
0x00007ff8bb390000 - 0x00007ff8bb3cb000 	C:\Windows\SYSTEM32\IPHLPAPI.DLL
0x00007ff8bb3d0000 - 0x00007ff8bb49a000 	C:\Windows\SYSTEM32\DNSAPI.dll
0x00007ff8be920000 - 0x00007ff8be928000 	C:\Windows\System32\NSI.dll
0x00007ff890fb0000 - 0x00007ff890fc2000 	C:\Windows\System32\winrnr.dll
0x00007ff8b4a00000 - 0x00007ff8b4a0a000 	C:\Windows\System32\rasadhlp.dll
0x00007ff8a0b80000 - 0x00007ff8a0c00000 	C:\Windows\System32\fwpuclnt.dll
0x0000000180000000 - 0x0000000180051000 	C:\Users\chuck\.gradle\caches\minecraft\net\minecraft\minecraft_natives\1.7.10\lwjgl64.dll
0x00007ff837990000 - 0x00007ff837ab8000 	C:\Windows\SYSTEM32\OPENGL32.dll
0x00007ff841610000 - 0x00007ff84163c000 	C:\Windows\SYSTEM32\GLU32.dll
0x00007ff8bb8b0000 - 0x00007ff8bb8c8000 	C:\Windows\SYSTEM32\CRYPTSP.dll
0x00007ff8bafd0000 - 0x00007ff8bb008000 	C:\Windows\system32\rsaenh.dll
0x00007ff8bbef0000 - 0x00007ff8bbf1e000 	C:\Windows\SYSTEM32\USERENV.dll
0x00007ff8bc540000 - 0x00007ff8bc5c2000 	C:\Windows\System32\bcryptprimitives.dll
0x00007ff8bb8a0000 - 0x00007ff8bb8ac000 	C:\Windows\SYSTEM32\CRYPTBASE.dll
0x00007ff8b40d0000 - 0x00007ff8b40e7000 	C:\Windows\SYSTEM32\dhcpcsvc6.DLL
0x00007ff8b4ae0000 - 0x00007ff8b4afd000 	C:\Windows\SYSTEM32\dhcpcsvc.DLL
0x00007ff882800000 - 0x00007ff88297e000 	C:\Program Files\Java\jdk-1.8\jre\bin\awt.dll
0x00007ff8b8760000 - 0x00007ff8b87f4000 	C:\Windows\SYSTEM32\apphelp.dll
0x00007ff8ae780000 - 0x00007ff8ae82e000 	C:\Windows\SYSTEM32\mscms.dll
0x00007ff8ae760000 - 0x00007ff8ae771000 	C:\Windows\SYSTEM32\ColorAdapterClient.dll
0x00007ff8b9540000 - 0x00007ff8b95de000 	C:\Windows\system32\uxtheme.dll
0x000002793f910000 - 0x0000027947983000 	C:\Program Files (x86)\ASUS\GPUTweakIII\GTIII-OSD\x64\GTIII-OSD64-VK.dll
0x00007ff8bd110000 - 0x00007ff8bd23b000 	C:\Windows\System32\ole32.dll
0x00007ff837ac0000 - 0x00007ff837c46000 	C:\Windows\SYSTEM32\vulkan-1.dll
0x00007ff8bc7f0000 - 0x00007ff8bc83e000 	C:\Windows\System32\CFGMGR32.dll
0x00007ff8bd4d0000 - 0x00007ff8bd5e5000 	C:\Windows\System32\MSCTF.dll
0x00007ff8bd060000 - 0x00007ff8bd109000 	C:\Windows\System32\clbcatq.dll
0x00007ff834e60000 - 0x00007ff8377b4000 	C:\Windows\System32\DriverStore\FileRepository\nv_dispi.inf_amd64_20ae8f14a487d5db\nvoglv64.dll
0x00007ff8bc990000 - 0x00007ff8bce00000 	C:\Windows\System32\SETUPAPI.dll
0x00007ff8b5d00000 - 0x00007ff8b5d14000 	C:\Windows\SYSTEM32\WTSAPI32.dll
0x00007ff8bbae0000 - 0x00007ff8bbaf2000 	C:\Windows\SYSTEM32\msasn1.dll
0x00007ff8b4a10000 - 0x00007ff8b4a41000 	C:\Windows\SYSTEM32\cryptnet.dll
0x00007ff8bc000000 - 0x00007ff8bc15d000 	C:\Windows\System32\CRYPT32.dll
0x00007ff8b4130000 - 0x00007ff8b4277000 	C:\Windows\SYSTEM32\drvstore.dll
0x00007ff8bbcb0000 - 0x00007ff8bbce3000 	C:\Windows\SYSTEM32\devobj.dll
0x00007ff8bc840000 - 0x00007ff8bc8b3000 	C:\Windows\System32\WINTRUST.dll
0x00007ff8bb220000 - 0x00007ff8bb253000 	C:\Windows\SYSTEM32\ntmarta.dll
0x00007ff8bcf80000 - 0x00007ff8bcf9d000 	C:\Windows\System32\imagehlp.dll
0x00007ff8a93e0000 - 0x00007ff8ad174000 	C:\Windows\System32\DriverStore\FileRepository\nv_dispi.inf_amd64_20ae8f14a487d5db\nvgpucomp64.dll
0x00007ff8ad180000 - 0x00007ff8ad1bb000 	C:\Windows\SYSTEM32\dxcore.dll
0x00007ff8414c0000 - 0x00007ff841607000 	C:\Windows\system32\nvspcap64.dll
0x00007ff8b9850000 - 0x00007ff8b987e000 	C:\Windows\SYSTEM32\dwmapi.dll
0x00007ff8b0570000 - 0x00007ff8b0669000 	C:\Windows\SYSTEM32\textinputframework.dll
0x00007ff8b7ec0000 - 0x00007ff8b821b000 	C:\Windows\System32\CoreUIComponents.dll
0x00007ff8b8260000 - 0x00007ff8b8352000 	C:\Windows\System32\CoreMessaging.dll
0x00007ff8b8870000 - 0x00007ff8b89c7000 	C:\Windows\SYSTEM32\wintypes.dll
0x00007ff89d460000 - 0x00007ff89d4a5000 	C:\Windows\SYSTEM32\icm32.dll
0x00007ff8bbe60000 - 0x00007ff8bbeab000 	C:\Windows\SYSTEM32\powrprof.dll
0x00007ff8bbe40000 - 0x00007ff8bbe52000 	C:\Windows\SYSTEM32\UMPDC.dll
0x00007ff8bbd20000 - 0x00007ff8bbd83000 	C:\Windows\SYSTEM32\WINSTA.dll
0x0000000070a40000 - 0x0000000070adc000 	C:\Users\chuck\.gradle\caches\minecraft\net\minecraft\minecraft_natives\1.7.10\avutil-ttv-51.dll
0x0000000065980000 - 0x00000000659d6000 	C:\Users\chuck\.gradle\caches\minecraft\net\minecraft\minecraft_natives\1.7.10\swresample-ttv-0.dll
0x000000006eb80000 - 0x000000006ec50000 	C:\Users\chuck\.gradle\caches\minecraft\net\minecraft\minecraft_natives\1.7.10\libmp3lame-ttv.dll
0x00007ffffb710000 - 0x00007ffffcab4000 	C:\Users\chuck\.gradle\caches\minecraft\net\minecraft\minecraft_natives\1.7.10\libmfxsw64.dll
0x00007ff816660000 - 0x00007ff81678b000 	C:\Users\chuck\.gradle\caches\minecraft\net\minecraft\minecraft_natives\1.7.10\twitchsdk.dll
0x00007ff89ddf0000 - 0x00007ff89e2c6000 	C:\Windows\SYSTEM32\WININET.dll
0x0000027955240000 - 0x000002795d3c7000 	C:\Program Files (x86)\ASUS\GPUTweakIII\GTIII-OSD\x64\GTIII-OSD64.dll
0x00007ff89a4c0000 - 0x00007ff89a4e5000 	C:\Windows\SYSTEM32\d3d12.dll
0x00007ff837ec0000 - 0x00007ff837ef1000 	C:\Windows\SYSTEM32\d3d10_1.dll
0x00007ff8b60d0000 - 0x00007ff8b652d000 	C:\Windows\SYSTEM32\D3DCOMPILER_47.dll
0x00007ff837c50000 - 0x00007ff837eb3000 	C:\Windows\SYSTEM32\d3dx9_43.dll
0x00007ff85f320000 - 0x00007ff85f32d000 	C:\Windows\SYSTEM32\d3d10_1core.dll
0x00007ff8b6af0000 - 0x00007ff8b6d54000 	C:\Windows\SYSTEM32\d3d11.dll
0x00007ff8ba880000 - 0x00007ff8ba976000 	C:\Windows\SYSTEM32\dxgi.dll
0x00007ff88baa0000 - 0x00007ff88bc71000 	C:\Windows\SYSTEM32\d3d9.dll
0x000002796f5a0000 - 0x00000279775f1000 	C:\Program Files (x86)\ASUS\GPUTweakIII\GTIII-OSD\x64\GTIII-OSD64-GL.dll
0x000000006d580000 - 0x000000006d5e3000 	C:\Program Files (x86)\ASUS\GPUTweakIII\GTIII-OSD\x64\glew32.dll
0x00007ff8a2d80000 - 0x00007ff8a2e2c000 	C:\Windows\SYSTEM32\TextShaping.dll
0x000002795d3d0000 - 0x000002795d434000 	C:\Users\chuck\.gradle\caches\minecraft\net\minecraft\minecraft_natives\1.7.10\OpenAL64.dll
0x00007ff8b56c0000 - 0x00007ff8b5745000 	C:\Windows\System32\MMDevApi.dll
0x00007ff88a070000 - 0x00007ff88a10c000 	C:\Windows\SYSTEM32\dsound.dll
0x00007ff89d4b0000 - 0x00007ff89d4d6000 	C:\Windows\SYSTEM32\winmmbase.dll
0x00007ff8b5910000 - 0x00007ff8b5a91000 	C:\Windows\SYSTEM32\AUDIOSES.DLL
0x00007ff8b9610000 - 0x00007ff8b9624000 	C:\Windows\SYSTEM32\resourcepolicyclient.dll
0x00007ff890070000 - 0x00007ff8900a4000 	C:\Program Files\Java\jdk-1.8\jre\bin\jpeg.dll
0x00007ff8a1aa0000 - 0x00007ff8a1ac5000 	C:\Program Files\Java\jdk-1.8\jre\bin\sunec.dll
0x00007ff892f30000 - 0x00007ff892f3e000 	C:\Program Files\Java\jdk-1.8\jre\bin\sunmscapi.dll
0x00007ff8bb9c0000 - 0x00007ff8bb9e7000 	C:\Windows\SYSTEM32\ncrypt.dll
0x00007ff8bb980000 - 0x00007ff8bb9bb000 	C:\Windows\SYSTEM32\NTASN1.dll
0x00007ff8ba480000 - 0x00007ff8ba681000 	C:\Windows\SYSTEM32\dbghelp.dll

VM Arguments:
jvm_args: -Dfile.encoding=UTF-8 -Duser.country=US -Duser.language=en -Duser.variant 
java_command: GradleStart
java_class_path (initial): C:\Users\chuck\.gradle\caches\minecraft\net\minecraftforge\forge\1.7.10-10.13.4.1614-1.7.10\start;C:\Users\chuck\.gradle\caches\minecraft\net\minecraftforge\forge\1.7.10-10.13.4.1614-1.7.10\forgeSrc-1.7.10-10.13.4.1614-1.7.10.jar;C:\Users\chuck\.gradle\caches\modules-2\files-2.1\net.minecraft\launchwrapper\1.12\111e7bea9c968cdb3d06ef4632bf7ff0824d0f36\launchwrapper-1.12.jar;C:\Users\chuck\.gradle\caches\modules-2\files-2.1\com.google.code.findbugs\jsr305\1.3.9\40719ea6961c0cb6afaeb6a921eaa1f6afd4cfdf\jsr305-1.3.9.jar;C:\Users\chuck\.gradle\caches\modules-2\files-2.1\org.ow2.asm\asm-debug-all\5.0.3\f9e364ae2a66ce2a543012a4668856e84e5dab74\asm-debug-all-5.0.3.jar;C:\Users\chuck\.gradle\caches\modules-2\files-2.1\com.typesafe.akka\akka-actor_2.11\2.3.3\ed62e9fc709ca0f2ff1a3220daa8b70a2870078e\akka-actor_2.11-2.3.3.jar;C:\Users\chuck\.gradle\caches\modules-2\files-2.1\com.typesafe\config\1.2.1\f771f71fdae3df231bcd54d5ca2d57f0bf93f467\config-1.2.1.jar;C:\Users\chuck\.gradle\caches\modules-2\files-2.1\org.scala-lang\scala-actors-migration_2.11\1.1.0\dfa8bc42b181d5b9f1a5dd147f8ae308b893eb6f\scala-actors-migration_2.11-1.1.0.jar;C:\Users\chuck\.gradle\caches\modules-2\files-2.1\org.scala-lang.plugins\scala-continuations-plugin_2.11.1\1.0.2\f361a3283452c57fa30c1ee69448995de23c60f7\scala-continuations-plugin_2.11.1-1.0.2.jar;C:\Users\chuck\.gradle\caches\modules-2\files-2.1\org.scala-lang\scala-compiler\2.11.1\56ea2e6c025e0821f28d73ca271218b8dd04926a\scala-compiler-2.11.1.jar;C:\Users\chuck\.gradle\caches\modules-2\files-2.1\org.scala-lang.plugins\scala-continuations-library_2.11\1.0.2\e517c53a7e9acd6b1668c5a35eccbaa3bab9aac\scala-continuations-library_2.11-1.0.2.jar;C:\Users\chuck\.gradle\caches\modules-2\files-2.1\org.scala-lang\scala-reflect\2.11.1\6580347e61cc7f8e802941e7fde40fa83b8badeb\scala-reflect-2.11.1.jar;C:\Users\chuck\.gradle\caches\modules-2\files-2.1\org.scala-lang\scala-actors\2.11.0\8ccfb6541de179bb1c4d45cf414acee069b7f78b\scala-a
Launcher Type: SUN_STANDARD

Environment Variables:
PATH=C:\Program Files\Eclipse Adoptium\jdk-8.0.462.8-hotspot\bin;C:\Program Files\Common Files\Oracle\Java\javapath;C:\Program Files (x86)\Common Files\Oracle\Java\java8path;C:\Program Files (x86)\Common Files\Oracle\Java\javapath;C:\Program Files (x86)\Razer Chroma SDK\bin;C:\Program Files\Razer Chroma SDK\bin;C:\Program Files (x86)\Razer\ChromaBroadcast\bin;C:\Program Files\Razer\ChromaBroadcast\bin;C:\Windows\system32;C:\Windows;C:\Windows\System32\Wbem;C:\Windows\System32\WindowsPowerShell\v1.0\;C:\Windows\System32\OpenSSH\;C:\Program Files (x86)\NVIDIA Corporation\PhysX\Common;C:\Windows\system32\config\systemprofile\AppData\Local\Microsoft\WindowsApps;C:\Program Files\dotnet\;C:\Program Files (x86)\Windows Live\Shared;C:\Program Files\Git\cmd;C:\Program Files\WorldPainter;C:\Program Files\NVIDIA Corporation\NVIDIA app\NvDLISR;C:\Users\chuck\AppData\Local\Microsoft\WindowsApps;;C:\Program Files\JetBrains\IntelliJ IDEA 2024.2.0.1\bin;
USERNAME=chuck
OS=Windows_NT
PROCESSOR_IDENTIFIER=Intel64 Family 6 Model 158 Stepping 13, GenuineIntel



---------------  S Y S T E M  ---------------

OS: Windows 10 , 64 bit Build 19041 (10.0.19041.5915)

CPU:total 16 (initial active 16) (8 cores per cpu, 2 threads per core) family 6 model 158 stepping 13, cmov, cx8, fxsr, mmx, sse, sse2, sse3, ssse3, sse4.1, sse4.2, popcnt, avx, avx2, aes, clmul, erms, 3dnowpref, lzcnt, ht, tsc, tscinvbit, bmi1, bmi2, adx

Memory: 4k page, physical 67022948k(44924124k free), swap 71217252k(35581860k free)

vm_info: Java HotSpot(TM) 64-Bit Server VM (25.471-b09) for windows-amd64 JRE (1.8.0_471-b09), built on Sep 26 2025 05:08:27 by "java_re" with MS VC++ 17.6 (VS2022)

time: Thu Nov 20 19:05:43 2025
timezone: Eastern Standard Time
elapsed time: 124.452602 seconds (0d 0h 2m 4s)

